<?xml version="1.0" encoding="UTF-8"?>
<TestRun id="61d2a936-7015-499a-aa6b-11a22ee5397d" name="lelmer@PIN1262035 2011-10-31 14:35:35" runUser="HSR\lelmer" xmlns="http://microsoft.com/schemas/VisualStudio/TeamTest/2010">
  <TestSettings name="Local" id="ecb0bfb1-6f24-4efe-acbf-86949a26cdb9">
    <Description>These are default test settings for a local test run.</Description>
    <Deployment enabled="false" runDeploymentRoot="lelmer_PIN1262035 2011-10-31 14_35_35">
      <DeploymentItem filename="D:\flip_svn.elmermx.ch\code\trunk\ProjectFlip\ProjectFlip.PdfConverter.Interfaces\bin\Debug\ProjectFlip.Converter.Interfaces.dll" />
      <DeploymentItem filename="D:\flip_svn.elmermx.ch\code\trunk\ProjectFlip\ProjectFlip.Services.Interfaces\bin\Debug\ProjectFlip.Services.Interfaces.dll" />
      <DeploymentItem filename="D:\flip_svn.elmermx.ch\code\trunk\ProjectFlip\PDFConverter\bin\Debug\ProjectFlip.Converter.Pdf.exe" />
      <DeploymentItem filename="D:\flip_svn.elmermx.ch\code\trunk\ProjectFlip\ProjectFlip.Services.Test\bin\Debug\ProjectFlip.Services_Accessor.dll" />
    </Deployment>
    <Execution>
      <TestTypeSpecific />
      <AgentRule name="Execution Agents">
      </AgentRule>
    </Execution>
  </TestSettings>
  <Times creation="2011-10-31T14:35:35.4595479+01:00" queuing="2011-10-31T14:35:36.4055479+01:00" start="2011-10-31T14:35:36.5955479+01:00" finish="2011-10-31T14:43:36.3227722+01:00" />
  <ResultSummary outcome="Error">
    <Counters total="1" executed="1" error="0" failed="0" timeout="0" aborted="1" inconclusive="0" passedButRunAborted="0" notRunnable="0" notExecuted="0" disconnected="0" warning="0" passed="0" completed="0" inProgress="0" pending="0" />
    <RunInfos>
      <RunInfo computerName="PIN1262035" outcome="Error" timestamp="2011-10-31T14:43:36.3217719+01:00">
        <Text>Test host process exited unexpectedly.</Text>
      </RunInfo>
    </RunInfos>
  </ResultSummary>
  <TestDefinitions>
    <UnitTest name="ConvertTest" storage="d:\flip_svn.elmermx.ch\code\trunk\projectflip\projectflip.converter.test\bin\debug\projectflip.converter.test.dll" id="8c85b860-6c45-6157-2e8f-677947c1314f">
      <Execution id="12d15e5c-ce6c-4883-9158-6dbd68e1c646" />
      <TestMethod codeBase="D:/flip_svn.elmermx.ch/code/trunk/ProjectFlip/ProjectFlip.Converter.Test/bin/Debug/ProjectFlip.Converter.Test.DLL" adapterTypeName="Microsoft.VisualStudio.TestTools.TestTypes.Unit.UnitTestAdapter, Microsoft.VisualStudio.QualityTools.Tips.UnitTest.Adapter, Version=10.0.0.0, Culture=neutral, PublicKeyToken=b03f5f7f11d50a3a" className="ProjectFlip.Converter.Test.PdfConverterTest, ProjectFlip.Converter.Test, Version=1.0.0.0, Culture=neutral, PublicKeyToken=null" name="ConvertTest" />
    </UnitTest>
  </TestDefinitions>
  <TestLists>
    <TestList name="Results Not in a List" id="8c84fa94-04c1-424b-9868-57a2d4851a1d" />
    <TestList name="All Loaded Results" id="19431567-8539-422a-85d7-44ee4e166bda" />
  </TestLists>
  <TestEntries>
    <TestEntry testId="8c85b860-6c45-6157-2e8f-677947c1314f" executionId="12d15e5c-ce6c-4883-9158-6dbd68e1c646" testListId="8c84fa94-04c1-424b-9868-57a2d4851a1d" />
  </TestEntries>
  <Results>
    <UnitTestResult executionId="12d15e5c-ce6c-4883-9158-6dbd68e1c646" testId="8c85b860-6c45-6157-2e8f-677947c1314f" testName="ConvertTest" computerName="PIN1262035" duration="00:07:59.5312243" startTime="2011-10-31T14:35:36.7915479+01:00" endTime="2011-10-31T14:43:36.3227722+01:00" testType="13cdc9d9-ddb5-4fa4-a97d-d965ccfc6d4b" outcome="Aborted" testListId="8c84fa94-04c1-424b-9868-57a2d4851a1d" relativeResultsDirectory="12d15e5c-ce6c-4883-9158-6dbd68e1c646">
    </UnitTestResult>
  </Results>
</TestRun>