<?xml version="1.0" encoding="UTF-8"?>
<TestRun id="aa4afe26-c5b6-4dd3-abf9-33a25d19a90a" name="lelmer@PIN1262035 2011-10-31 14:34:22" runUser="HSR\lelmer" xmlns="http://microsoft.com/schemas/VisualStudio/TeamTest/2010">
  <TestSettings name="Local" id="ecb0bfb1-6f24-4efe-acbf-86949a26cdb9">
    <Description>These are default test settings for a local test run.</Description>
    <Deployment enabled="false" runDeploymentRoot="lelmer_PIN1262035 2011-10-31 14_34_22">
      <DeploymentItem filename="D:\flip_svn.elmermx.ch\code\trunk\ProjectFlip\ProjectFlip.PdfConverter.Interfaces\bin\Debug\ProjectFlip.Converter.Interfaces.dll" />
      <DeploymentItem filename="D:\flip_svn.elmermx.ch\code\trunk\ProjectFlip\ProjectFlip.Services.Interfaces\bin\Debug\ProjectFlip.Services.Interfaces.dll" />
      <DeploymentItem filename="D:\flip_svn.elmermx.ch\code\trunk\ProjectFlip\PDFConverter\bin\Debug\ProjectFlip.Converter.Pdf.exe" />
      <DeploymentItem filename="D:\flip_svn.elmermx.ch\code\trunk\ProjectFlip\ProjectFlip.Services.Test\bin\Debug\ProjectFlip.Services_Accessor.dll" />
    </Deployment>
    <Execution>
      <TestTypeSpecific />
      <AgentRule name="Execution Agents">
      </AgentRule>
    </Execution>
  </TestSettings>
  <Times creation="2011-10-31T14:34:22.7407479+01:00" queuing="2011-10-31T14:34:22.7757479+01:00" start="2011-10-31T14:34:22.7817479+01:00" finish="2011-10-31T14:34:39.5237479+01:00" />
  <ResultSummary outcome="Failed">
    <Counters total="6" executed="6" passed="5" error="0" failed="1" timeout="0" aborted="0" inconclusive="0" passedButRunAborted="0" notRunnable="0" notExecuted="0" disconnected="0" warning="0" completed="0" inProgress="0" pending="0" />
    <RunInfos>
      <RunInfo computerName="PIN1262035" outcome="Warning" timestamp="2011-10-31T14:34:22.7747479+01:00">
        <Text>Deployment is currently disabled. The deployment item 'ProjectFlip.Converter.Pdf.exe' on test 'ProjectFlip.Converter.Test.PdfConverterTest.TestRequirementsNotOkTestInvalidToPath' was not deployed.</Text>
      </RunInfo>
    </RunInfos>
  </ResultSummary>
  <TestDefinitions>
    <UnitTest name="TestRequirementsNotOkTestInvalidToPath" storage="d:\flip_svn.elmermx.ch\code\trunk\projectflip\projectflip.converter.test\bin\debug\projectflip.converter.test.dll" id="954ed5ba-afba-a3e7-b72f-46f96822c0d6">
      <DeploymentItems>
        <DeploymentItem filename="ProjectFlip.Converter.Pdf.exe" />
      </DeploymentItems>
      <Execution id="b03660e2-b24b-420f-b85d-9f0645b772f1" />
      <TestMethod codeBase="D:/flip_svn.elmermx.ch/code/trunk/ProjectFlip/ProjectFlip.Converter.Test/bin/Debug/ProjectFlip.Converter.Test.DLL" adapterTypeName="Microsoft.VisualStudio.TestTools.TestTypes.Unit.UnitTestAdapter, Microsoft.VisualStudio.QualityTools.Tips.UnitTest.Adapter, Version=10.0.0.0, Culture=neutral, PublicKeyToken=b03f5f7f11d50a3a" className="ProjectFlip.Converter.Test.PdfConverterTest, ProjectFlip.Converter.Test, Version=1.0.0.0, Culture=neutral, PublicKeyToken=null" name="TestRequirementsNotOkTestInvalidToPath" />
    </UnitTest>
    <UnitTest name="TestRequirementsOk" storage="d:\flip_svn.elmermx.ch\code\trunk\projectflip\projectflip.converter.test\bin\debug\projectflip.converter.test.dll" id="bb5e44a5-ced0-bd0b-9376-d7595ad99cae">
      <DeploymentItems>
        <DeploymentItem filename="ProjectFlip.Converter.Pdf.exe" />
      </DeploymentItems>
      <Execution id="22796cee-0455-4383-8987-ad776758ca6a" />
      <TestMethod codeBase="D:/flip_svn.elmermx.ch/code/trunk/ProjectFlip/ProjectFlip.Converter.Test/bin/Debug/ProjectFlip.Converter.Test.DLL" adapterTypeName="Microsoft.VisualStudio.TestTools.TestTypes.Unit.UnitTestAdapter, Microsoft.VisualStudio.QualityTools.Tips.UnitTest.Adapter, Version=10.0.0.0, Culture=neutral, PublicKeyToken=b03f5f7f11d50a3a" className="ProjectFlip.Converter.Test.PdfConverterTest, ProjectFlip.Converter.Test, Version=1.0.0.0, Culture=neutral, PublicKeyToken=null" name="TestRequirementsOk" />
    </UnitTest>
    <UnitTest name="ConvertTest" storage="d:\flip_svn.elmermx.ch\code\trunk\projectflip\projectflip.converter.test\bin\debug\projectflip.converter.test.dll" id="8c85b860-6c45-6157-2e8f-677947c1314f">
      <Execution id="f80345f8-4407-4d61-95dc-ffc004d78296" />
      <TestMethod codeBase="D:/flip_svn.elmermx.ch/code/trunk/ProjectFlip/ProjectFlip.Converter.Test/bin/Debug/ProjectFlip.Converter.Test.DLL" adapterTypeName="Microsoft.VisualStudio.TestTools.TestTypes.Unit.UnitTestAdapter, Microsoft.VisualStudio.QualityTools.Tips.UnitTest.Adapter, Version=10.0.0.0, Culture=neutral, PublicKeyToken=b03f5f7f11d50a3a" className="ProjectFlip.Converter.Test.PdfConverterTest, ProjectFlip.Converter.Test, Version=1.0.0.0, Culture=neutral, PublicKeyToken=null" name="ConvertTest" />
    </UnitTest>
    <UnitTest name="ConvertTestWithBadRequirements" storage="d:\flip_svn.elmermx.ch\code\trunk\projectflip\projectflip.converter.test\bin\debug\projectflip.converter.test.dll" id="12eea167-bdcb-027e-275b-aa502bc934ed">
      <Execution id="6e219f8c-fcb5-4d10-a76a-1ac4876ee932" />
      <TestMethod codeBase="D:/flip_svn.elmermx.ch/code/trunk/ProjectFlip/ProjectFlip.Converter.Test/bin/Debug/ProjectFlip.Converter.Test.DLL" adapterTypeName="Microsoft.VisualStudio.TestTools.TestTypes.Unit.UnitTestAdapter, Microsoft.VisualStudio.QualityTools.Tips.UnitTest.Adapter, Version=10.0.0.0, Culture=neutral, PublicKeyToken=b03f5f7f11d50a3a" className="ProjectFlip.Converter.Test.PdfConverterTest, ProjectFlip.Converter.Test, Version=1.0.0.0, Culture=neutral, PublicKeyToken=null" name="ConvertTestWithBadRequirements" />
    </UnitTest>
    <UnitTest name="TestRequirementsNotOkTestMissingAdobeReader" storage="d:\flip_svn.elmermx.ch\code\trunk\projectflip\projectflip.converter.test\bin\debug\projectflip.converter.test.dll" id="2e6f33b3-86bf-0f99-bf5a-d8b601872b37">
      <DeploymentItems>
        <DeploymentItem filename="ProjectFlip.Converter.Pdf.exe" />
      </DeploymentItems>
      <Execution id="fcdad97d-701c-4ffd-b22e-a18add4d7a15" />
      <TestMethod codeBase="D:/flip_svn.elmermx.ch/code/trunk/ProjectFlip/ProjectFlip.Converter.Test/bin/Debug/ProjectFlip.Converter.Test.DLL" adapterTypeName="Microsoft.VisualStudio.TestTools.TestTypes.Unit.UnitTestAdapter, Microsoft.VisualStudio.QualityTools.Tips.UnitTest.Adapter, Version=10.0.0.0, Culture=neutral, PublicKeyToken=b03f5f7f11d50a3a" className="ProjectFlip.Converter.Test.PdfConverterTest, ProjectFlip.Converter.Test, Version=1.0.0.0, Culture=neutral, PublicKeyToken=null" name="TestRequirementsNotOkTestMissingAdobeReader" />
    </UnitTest>
    <UnitTest name="TestRequirementsNotOkTestInvalidFromPath" storage="d:\flip_svn.elmermx.ch\code\trunk\projectflip\projectflip.converter.test\bin\debug\projectflip.converter.test.dll" id="5484f47c-5cb6-3432-23b4-9fe66b5390c1">
      <DeploymentItems>
        <DeploymentItem filename="ProjectFlip.Converter.Pdf.exe" />
      </DeploymentItems>
      <Execution id="30617e08-b6ee-4662-878d-5ccf6c9dedc6" />
      <TestMethod codeBase="D:/flip_svn.elmermx.ch/code/trunk/ProjectFlip/ProjectFlip.Converter.Test/bin/Debug/ProjectFlip.Converter.Test.DLL" adapterTypeName="Microsoft.VisualStudio.TestTools.TestTypes.Unit.UnitTestAdapter, Microsoft.VisualStudio.QualityTools.Tips.UnitTest.Adapter, Version=10.0.0.0, Culture=neutral, PublicKeyToken=b03f5f7f11d50a3a" className="ProjectFlip.Converter.Test.PdfConverterTest, ProjectFlip.Converter.Test, Version=1.0.0.0, Culture=neutral, PublicKeyToken=null" name="TestRequirementsNotOkTestInvalidFromPath" />
    </UnitTest>
  </TestDefinitions>
  <TestLists>
    <TestList name="Results Not in a List" id="8c84fa94-04c1-424b-9868-57a2d4851a1d" />
    <TestList name="All Loaded Results" id="19431567-8539-422a-85d7-44ee4e166bda" />
  </TestLists>
  <TestEntries>
    <TestEntry testId="12eea167-bdcb-027e-275b-aa502bc934ed" executionId="6e219f8c-fcb5-4d10-a76a-1ac4876ee932" testListId="8c84fa94-04c1-424b-9868-57a2d4851a1d" />
    <TestEntry testId="2e6f33b3-86bf-0f99-bf5a-d8b601872b37" executionId="fcdad97d-701c-4ffd-b22e-a18add4d7a15" testListId="8c84fa94-04c1-424b-9868-57a2d4851a1d" />
    <TestEntry testId="5484f47c-5cb6-3432-23b4-9fe66b5390c1" executionId="30617e08-b6ee-4662-878d-5ccf6c9dedc6" testListId="8c84fa94-04c1-424b-9868-57a2d4851a1d" />
    <TestEntry testId="8c85b860-6c45-6157-2e8f-677947c1314f" executionId="f80345f8-4407-4d61-95dc-ffc004d78296" testListId="8c84fa94-04c1-424b-9868-57a2d4851a1d" />
    <TestEntry testId="954ed5ba-afba-a3e7-b72f-46f96822c0d6" executionId="b03660e2-b24b-420f-b85d-9f0645b772f1" testListId="8c84fa94-04c1-424b-9868-57a2d4851a1d" />
    <TestEntry testId="bb5e44a5-ced0-bd0b-9376-d7595ad99cae" executionId="22796cee-0455-4383-8987-ad776758ca6a" testListId="8c84fa94-04c1-424b-9868-57a2d4851a1d" />
  </TestEntries>
  <Results>
    <UnitTestResult executionId="6e219f8c-fcb5-4d10-a76a-1ac4876ee932" testId="12eea167-bdcb-027e-275b-aa502bc934ed" testName="ConvertTestWithBadRequirements" computerName="PIN1262035" duration="00:00:00.0164239" startTime="2011-10-31T14:34:22.7857479+01:00" endTime="2011-10-31T14:34:22.9797479+01:00" testType="13cdc9d9-ddb5-4fa4-a97d-d965ccfc6d4b" outcome="Passed" testListId="8c84fa94-04c1-424b-9868-57a2d4851a1d" relativeResultsDirectory="6e219f8c-fcb5-4d10-a76a-1ac4876ee932">
      <Output>
        <StdOut>Input PDF not found</StdOut>
      </Output>
    </UnitTestResult>
    <UnitTestResult executionId="fcdad97d-701c-4ffd-b22e-a18add4d7a15" testId="2e6f33b3-86bf-0f99-bf5a-d8b601872b37" testName="TestRequirementsNotOkTestMissingAdobeReader" computerName="PIN1262035" duration="00:00:00.0039493" startTime="2011-10-31T14:34:22.9827479+01:00" endTime="2011-10-31T14:34:22.9907479+01:00" testType="13cdc9d9-ddb5-4fa4-a97d-d965ccfc6d4b" outcome="Passed" testListId="8c84fa94-04c1-424b-9868-57a2d4851a1d" relativeResultsDirectory="fcdad97d-701c-4ffd-b22e-a18add4d7a15">
      <Output>
        <StdOut>PDF Reader (AcroRd32.exe) not found.</StdOut>
      </Output>
    </UnitTestResult>
    <UnitTestResult executionId="30617e08-b6ee-4662-878d-5ccf6c9dedc6" testId="5484f47c-5cb6-3432-23b4-9fe66b5390c1" testName="TestRequirementsNotOkTestInvalidFromPath" computerName="PIN1262035" duration="00:00:00.0006240" startTime="2011-10-31T14:34:22.9937479+01:00" endTime="2011-10-31T14:34:22.9977479+01:00" testType="13cdc9d9-ddb5-4fa4-a97d-d965ccfc6d4b" outcome="Passed" testListId="8c84fa94-04c1-424b-9868-57a2d4851a1d" relativeResultsDirectory="30617e08-b6ee-4662-878d-5ccf6c9dedc6">
      <Output>
        <StdOut>Input PDF not found</StdOut>
      </Output>
    </UnitTestResult>
    <UnitTestResult executionId="f80345f8-4407-4d61-95dc-ffc004d78296" testId="8c85b860-6c45-6157-2e8f-677947c1314f" testName="ConvertTest" computerName="PIN1262035" duration="00:00:16.4866101" startTime="2011-10-31T14:34:23.0007479+01:00" endTime="2011-10-31T14:34:39.4897479+01:00" testType="13cdc9d9-ddb5-4fa4-a97d-d965ccfc6d4b" outcome="Failed" testListId="8c84fa94-04c1-424b-9868-57a2d4851a1d" relativeResultsDirectory="f80345f8-4407-4d61-95dc-ffc004d78296">
      <Output>
        <StdOut>Executing 'C:\Program Files (x86)\Adobe\Reader 10.0\Reader\AcroRd32.exe /N /T ..\..\..\Resources\Test\Pdf\test.pdf "Microsoft XPS Document Writer" /t "..\..\..\Resources\Test\Xps\temp.xps"
XPS generated successful</StdOut>
        <ErrorInfo>
          <Message>Assert.AreEqual failed. Expected:&lt;PK&#x3;&#x4;&#x14;\0&#x8;\0&#x8;\0@vE?\0\0\0\0\0\0\0\0\0\0\0\0&#x13;\0\0\0Metadata/Job_PT.xml�W�r�8&#x10;}ߪ��&#x14;�&#x13;p���]q�&#x1A;&#x7;|�%16��&#x1B;&#x6;&#x5;k-&#x10;&#x5;����m��vfƉ3����&#x5;	�9�Q�&#x1B;n&gt;�bv�$YNy�Tj�rF���4����&#x1F;��O��u�揍~F&#x13;��`A�&#x19;�%y&#x3;{��\����y0'����4�x�&#x1F;�y�c��I��\�дKU�VS���ۋ��c�Ǥ��B�`W9���ey^^��,�&#x18;5ul�;�x}�I.�$ {��m/�`�ώI������*~���&#x5;Y�2�\ݹ��&lt;�A&#x11;�D�&#x19;&#x15;$Sv�-~�rτ��v�|�$�t&#x13;*�&#x12;�n*��ᭈܑe�C2L�4�sQ9y&gt;+�&#x19;J�&#x10;�&#x14;&#x1D;P�F.�#Rn&#x1D;[O�mA&#x10;�K�X0+�&#x18;:6tA��	�&#x10;�a��������&#x19;�� &#x4;�7&#x3;���S[_��&#xC;&#x3;`&#x16;�&#x19;݁z-�в[~���N&#x1;t�k&#x18;A�%���\0�&#x1A;�&#xE;�wW��7��&#x17;�w��o�&#x18;���\�&#x1E;�&#x3;�&#x5;V6�'ݓ�Z�a���)��?���~�4d̚�����6���o�|Еy�	��0�t�$�@���d�0d���k��d~(��2�~�A���!AY&#x11;t&lt;͎Y&#x1;ƴ�.j�S�悻𜁱���
�c�6�&#x1C;�{�d��x�&amp;�i:�&#x3;p�i&#x1B;q�d&#x14;2��J���&#x1A;^�&#x19;y&#xB;0�k�&#x15;a���Q�\0S�l0�]�q���W�&#x10;��0�㢞��A:��&#x2;�R��X�nO�:&#xB;�}Jb&#x1C;kx�gxí}�ꋩ��v�&#xC;�OyK�8���JC�捺�޷��&#x17;��xE�����Y������]U��W
&#x2;V&#x1C;&#x12;a����Dk&#x12;_&#x14;&#x19;9 ���"!���TD&#xF;��B|0�;|����0�&#x19;	�&#x19;OI&amp;�&#x7;�v(#&#x1A;��)s���&#x12;���_R�J�!4��V&lt;���N�U�bT�J�cb��u��&#x10;:M�I	��C�H &#x14;�m��!a��&#x1B;Ɉ��������&#xF;��N�&#x18;&#x3;�A�^&#x1;���6�|
�sH=d&#x14;#חXǔ��Ld&gt;=I&#x7;9��8�8c�8&#x1A;�.&gt;%o&#x6;�k�&#x3;�sV&#x1C;����[&#x7;a�5&gt;%&#x1A;?��&#x11;�&#x13;N~&#x1A;�c������ٱ�9�ytA�@L&#x3;�S��I֧+�N:�W?��]F�%�Wо����&#x1B;&#x1C;���&#xF;PK&#x7;&#x8;���&#x17;�&#x3;\0\0�\0\0PK&#x3;&#x4;&#x14;\0&#x8;\0&#x8;\0@vE?\0\0\0\0\0\0\0\0\0\0\0\0&#x1A;\0\0\0Metadata/MXDC_Empty_PT.xml���
�0&#x14;F_E�n�u&#x11;�g��B�&#x16;�J�&#x1A;�$�&#x1B;&#x1A;���Zl�.�&gt;&gt;8&#x7;N^M�&#x16;ܹEat&#x1;1� ��V辀K�&#xF;S��|�.;Y�]-��.�!���&#x16;087f�"&#x1B;�j�(��A�9�^��x��(Jh��qq��u�Lg&#x1B;Ž�&#x12;��	Ŧ��&#x13;�&#x10;c��&#x11;���p~Q���&#x1A;���jS�
[��C�䏹�E��&#x13;PK&#x7;&#x8;�C��\0\0\0T&#x1;\0\0PK&#x3;&#x4;&#x14;\0&#x8;\0&#x8;\0@vE?\0\0\0\0\0\0\0\0\0\0\0\0!\0\0\0Documents/1/Metadata/Page1_PT.xml�V�r�8&#x10;}ߪ�&#x7;��M��&#x5;*0�&amp;6�]&#x13;�/\ތ�&#x18;-���&#x18;��+a&#xF;��I��\��&#xB;����#&#x1D;�n�~�%q�	��д������i@C�F=�u�&#xF;m�S��?n���;e$�&#xE;	��7&#x4;,ͻ��S6�g]U̓N�����ќ&gt;�f@&#x13;�$iH�\�ҴkUk���!�W�
���&#x4;��m�:�.'ǰeY6��&amp;e���R&#x17;�?�&#x1;���9��\0�P�Q��f?&#x3;�\&#x13;v�F&gt;���l�^l#��#t��!�&#x4;��d�c�&#x1C;���\0�&gt;&#x13;*��|��`&#x19;��7R��)���P���SBCl�~�o(�A�&#x1F;&#x17;�!$��}&amp;\0B�n�&#x5;G��&#x1D;�g0� ��'&#x18;Y�.�&#x4;F&#x8;Ơ/�&#x4;pK��@��/�\X#=��� �f q���B�&#x1E;�f&#x18;\0�\0��&#xE;Զ��\0��3&#x1A;�\0t�6�a&lt;���&#x17;\0!��W&#x18;:���3:�W|�Ti_�&#x18;�{'v�@�&#xE;X&#x16;X����&#x6;�g�kɿ��2C/��|g���3h�&#x17;�j�#�&#xF;�2/&lt;ð�H�@���#0-�?&#xC;�_�z&#xB;���&#xF;E�W&#x16;&#x12;'�&#x1A;&#xC;]�?dи&#x8;F����\0c5u�-�iy6�\p��33v&#x16;�^�/��@�Y&#xE;���t&#x16;&#x7;�.^.V�:	��VC&#x11;�/�a��R���&#x1A;�ș{[0:{�&#x15;����y�\0S����Fn�1yZ&#xF;w�P��&#x10;�&#x14;&#x1C;W�&lt;\̲��8��&#x1;c!&#x1D;-&#x17;z&#x1C;ē&#xC;'b�Ṟ��&#x15;��w��
�~2�/��)oɇ�m&#xC;�4dn�ݪ��ݯ�/���M���&#x16;��s(&#x4;&#x16;&#xE;�o�g\������x6il?�M=h&#x7;��p�h�&#x19;ߟM:F���oި&amp;�\�H���UK֢/&#x17;���R�&#x11;&amp;��*v���u&#x11;�z&#x12;�����%�&#x3;#���&#x12;��S�8�	W����pN�⵨uU�|�o��)��&#x12;�&gt;~�&#x19;�&#x8;�?��}�S��&#x3;&#x1A;S���&#xF;��!qu"&#x1;�	ϧ�M�&#xE;�&#x17;�w7ߩ�&#x1D;#��3h�PS��]_\��&#x3;PK&#x7;&#x8;�էya&#x3;\0\0'&#xC;\0\0PK&#x3;&#x4;&#x14;\0&#x8;\0\0\0@vE?\0\0\0\0\0\0\0\0\0\0\0\0(\0\0\0Documents/1/Metadata/Page1_Thumbnail.JPG����\0&#x10;JFIF\0&#x1;&#x1;&#x1;\0`\0`\0\0��\0C\0	
&#xB;
&#x8;&#xB;&#xB;&#xB;&#xF;&#xE;&#x10;&#x14;!&#x15;&#x14;&#x12;&#x12;&#x14;(&#x1D;&#x1E;&#x18;!0*21/*.-4;K@48G9-.BYBGNPTUT3?]c\RbKSTQ��\0C&#x1;&#xE;&#xF;&#xF;&#x14;&#x11;&#x14;'&#x15;&#x15;'Q6.6QQQQQQQQQQQQQQQQQQQQQQQQQQQQQQQQQQQQQQQQQQQQQQQQQQ��\0&#x11;&#x8;&#x1;\0\0�&#x3;&#x1;"\0&#x2;&#x11;&#x1;&#x3;&#x11;&#x1;��\0&#x1F;\0\0&#x1;&#x5;&#x1;&#x1;&#x1;&#x1;&#x1;&#x1;\0\0\0\0\0\0\0\0&#x1;&#x2;&#x3;&#x4;&#x5;&#x6;&#x7;&#x8;	
&#xB;��\0�&#x10;\0&#x2;&#x1;&#x3;&#x3;&#x2;&#x4;&#x3;&#x5;&#x5;&#x4;&#x4;\0\0&#x1;}&#x1;&#x2;&#x3;\0&#x4;&#x11;&#x5;&#x12;!1A&#x6;&#x13;Qa&#x7;"q&#x14;2���&#x8;#B��&#x15;R��$3br�	
&#x16;&#x17;&#x18;&#x19;&#x1A;%&amp;'()*456789:CDEFGHIJSTUVWXYZcdefghijstuvwxyz���������������������������������������������������������������������������\0&#x1F;&#x1;\0&#x3;&#x1;&#x1;&#x1;&#x1;&#x1;&#x1;&#x1;&#x1;&#x1;\0\0\0\0\0\0&#x1;&#x2;&#x3;&#x4;&#x5;&#x6;&#x7;&#x8;	
&#xB;��\0�&#x11;\0&#x2;&#x1;&#x2;&#x4;&#x4;&#x3;&#x4;&#x7;&#x5;&#x4;&#x4;\0&#x1;&#x2;w\0&#x1;&#x2;&#x3;&#x11;&#x4;&#x5;!1&#x6;&#x12;AQ&#x7;aq&#x13;"2�&#x8;&#x14;B����	#3R�&#x15;br�
&#x16;$4�%�&#x17;&#x18;&#x19;&#x1A;&amp;'()*56789:CDEFGHIJSTUVWXYZcdefghijstuvwxyz��������������������������������������������������������������������������\0&#xC;&#x3;&#x1;\0&#x2;&#x11;&#x3;&#x11;\0?\0��(��
(��
(��
(��
(��
(��
(�{[��oR&#x18;c���&#xE;K�NrGc�U&#x18;�;"�&#x17;'do�\o�%��\0�����o��&#x12;��\0��m�\0|��֞�e�)&#x1D;�&#x15;���wZ���4q*�e�@A�@�}�~��\]�&#x12;���
(�����(\0��(\0��(\0��(\0��(\0��(\0��(\0��(\0�7�&#x1F;�&#x15;���&#xF;�	���WėRY�q�&#x13;2��p&#x14;������{t�3��j?&#x11;�/����v��&#xB;&#x15;w+�T('�1�&#x1C;c�=��h�$���&#x6;y��\0�&#xF;�WE�[��$R�J�C&#x1F;�&#x2;��yV����&#x18;ǽ9�7�2[�m��6�!�&#x4;�����i��^:�#����\0�&#x15;���&#x1F;�	k��o@�Ϫy�%&#x11;�.Sz��7/ȧ�_��w�+����j��(����(��\0(��\0(��\0(�B&#x8;㹺���=�&#x4;)�7������&#xE;��99�z&#x4;T�li5I$�4���E&#x7;�)���0I-��{\0&#x2;�]�f^���_&amp;�1%���i6��&lt;}�&#x7;p&#x6;&#x5;J��&#xC;��&#xF;U9��E&#x17;B��(��&#x5;&#x14;Q@&#x5;&#x14;Q@&#x5;`k�%֥z�C$J�&#x18;B&#x1C;�s�{&#xF;zߢ�2qwEFN.���&#x13;��\0������&#x1F;���\0�ko��»*+Oo2���&#x7;D��o^i����(&#x2;&#x12;Nr&#xF;q�[�QY�NN�I�݅&#x14;QRHQE&#x14;\0QE&#x14;\0QE&#x14;&#x1;F�	��TE H�&#x4;��
�9�&#xE;y&#x18;�����{��&#xB;�&#x2;7m����&#x11;�1���֧��E~��&#x1F;,��b�8s���g�cҡ�d��!L&#x7;�&#x1F;W�l��a����\�$���o]N���X���U��`.�.&#x4;�ĀpI-��Q�&#x15;܆&#x15;�fDUE��&#x15;�r&#xF;�Z{j,��¹Pŀ������������{%��	&#x10;&#x18;�g�&lt;�&#x1C;�9&#xB;�P���v&#x1E;��b�&#x15;���K�1����d&#xE;�nA�&#x7;��M}T�@h\0,��&#x4;�;B���9�G_J�ׂݙ�)=�**���&#x6;@�F�&#x14;ma��?��\0d���f)�+0&#x1B;�\0UC�ı曭&#x14;/g"�&#x15;I���&#x1A;�xw(&#x8;$�$	�&#x1C;u��L&#x1A;��h�n&#xE;�T&#x19;�\0&#xB;&#x5;#���@zP�Au&#x1F;���EG&#x4;�j&#x16;�0�}&#x18;��RV��]&#x19;�m&#x2;�(�&#x1;E&#x14;P&#x1;E&#x14;P&#x1;E&#x14;P&#x1;E&#x14;P&#x1;E&#x14;P&#x4;R4\0��&#x18;���{c�Ͽn����~]�&#xC;|���o8�:�S�&#x13;,���%J�H�!��G%�ą���Y&#x1F;�r�R��$�ϩ���H�m�Y!&#x18;VD���&#x10;9�$~8ɤ�&#x3;fl�v���3��Z����Mof-ԁ�6v��*&#x7;9&#x1F;��K&#x19;o���C&#x10;i0��2G' &#x1C;Х~�j���ĩ�s&#x19;;T|��&#x7;&#x3;�������&#x15;��&lt;�b1�&#x16;&lt;s��ӤO��8&#x1A;P��-�u;����Ӷ$&#xE;dH�El���Oק=��\����^�1v� x1&#x1B;�r���y�~��#�:!�&#x6;�&#x3;�@~��&#x1E;W�&#x14;k&#x14;c$�&#x1F;��&gt;�g�E�ų���&#x12;Orz�6h���J&#xC;�&#x14;���&#x8;�J�Z�@&#x16;&lt;��RpH&#x3;���&#x15;�e�y�Q��&#x5;&#x3;�N0&gt;��U�b��k��Ѩ!J�s��y�o_�&#xF;θ��&#x16;����&#x19;�a�l�L��+&amp;��3�&#x2;&#xB;XPw2&gt;�\0�b��v=&#x17;z&#xF;�_΍�����Ӽd.%&#x10;�[�ݟ�.�&#x1E;��k��d�VDp�� ��Qq���&#x19;I�`~���[c�8�5Bj�E&#x14;P ��(\0��(\0��(&#x2;��$��&#x1E;&#x8;Z@~��[i^s�}�&#x11;N�?�uf�&#x1C;)y]�'�`g$&#xF;���&#x1B;�\���B��~`&#x6;rFq�&#xB;�z�4ح�N�����&#xE;�1�\0R&#x7;pO&#x18;��=�������_��ԑ]�gCj�e&#x18;唱�r=�&#x1F;�&#x1D;)���W�H"��j�$&#x3;�&#x7;a�9&#x3;#8�h��������&#x8;&#x8;&#x8; ���ۚ�KU��x�&gt;S���i&#x1;���=������}��P�_�Gȡ&amp;��d�T����;�&lt;}&#x18;���-�sY«�*�&#x18;n�\00&#x19;�&gt;��&lt;��̪�YK,���&#x6;&#x8;�&gt;�z�R	��&#x11;&#x12;1�&#x1F;�u���&#x1;�'?��1ۦ(w�����&#x1D;-���'T�v���
\0#�����Tz�&#x4;ӥc�m�b�h�D��`H�V�E[ ���?�ګk�O&gt;�&lt;v҈�%v����G�8����幎��pG�\o��׾ym���L&#x15;�72&#x1E;��&#xC;}3�Z&#x12;j�\0d��- i!b�����&#x10;q�$~&#x15;������ƪ�&#x7;v�&#x1E;5&#x1E;��#�C3`T�j\Ҫ��c�\0��&#x17;D��Z�.�&#x1;5��0=�$WS�j��_l�S��'8YFy&#x1D;�x8=�;&#x13;Y�f�n�B��&#x1B;�9a�p1��ί�&#x4;�6X�B��(�p�\���&#x1A;3�7���Zͮ�rc�r�#.�&amp;&#x3;�#���q��T�0k-�H��F-&#x8;&#x1B;#&#xC;&#x15;���IF����w�&#xB;�m�&#x14;�'n�&lt;���5�V���e+ғ[�&#x4;z��qs\0PG�&#x1A;&#x12;��&#x3; 0e&#x19;��v��&#x1C;�^��_�m��,}���&#x7;\0���ӡ�ȷEhb60�$&#x12;���̫�&#x13;܁���Ө��
(��
(��#.�hQ&#xB;m�&#xB;�1�&#x13;�߮&#x7;�NF-�(˃��s��e�8��A��m2b�l�sv'ڃj:�+�,z&#xC;m��&#xE;r*�YAu&#x12;	��Lr��fޤ�R��d&#x2;���G\0�&#x5;o1ܹEPH~��^�Y���������ߺ��%AU��m&#x3;'�#ߧ���i�=�&#x10;��c�I�7ˆ#�T&#x19;'��$1&#x17;�b�7F��f�5�\	%|�� Q��)&#xB;�F1��5,�dwQ&lt;P��V	)�p#P�C&#x5;&lt;&#x13;�&#x3;�y&#x19;�h&#x2;z��&#x17;�o�3(p������&#x1E;��\0��B;|߽��۹v4��L�����&#x1B;p:r\㜚&#x1E;/gOܼh&#x1D;��;[����R`y6�u�Kq"F��U&#x3;�P\0&#x5;}���qY3H��$�0�ݎ�w&#x3;�3���&#x2;ޭ�O&#x16;����Q���\0&#xE;Վ�q$�&amp;��wh�'�9�V_���&#x1;&#x19;�N잞���ڨS���=x#�&#x18;�&#x1C;��t{ƛN�q��&#x3;۽\�e���1cǡ$�\0Z㴹�h�f&#x1C;�&#x6;����Wr&#x19;�OpNx��\򥫱ԱZ$��~&#x13;V:���?�`&#x8;9�ܹ����&#x3;�&#x1B;��W�2�QnH&#x18;��/��}Z�V��*O�W
(��3
(��
(��
(��35&#xB;&#x19;�xc6�y�s&amp;]2�A���( \0H$���a[�@+&#x15;���V2��Wp�c�2˜&#x6;�I',F�pH��.�Zhf:W٤�&#x4;�#�i&#x13;iʰ#&#x1F;zX�S�&#x1C;�`(��ߨ�{�(iȁ��m�	RBO&#x19;\0\0��&#xF;P�O�@&#x11;&#x1D;&gt;���:N��!�&lt;�yn�&#x7;�ʂ&#x8;&#x8;rJE&#x18;�I �r&#x7;&amp;���&#x1B;xlմ�h&#xC;&#x8;TyW&#xE;�1*ʠ1\0��7s��&#x1;&#x4;Ӯf��le&#x1A;CO-�$�I+&#x10;�4y\&amp;2P��
�v�s�&#x15;a䷺H&#x4;�i׳&#x4;�kd \0���u9l&#x2;&#x14;�@$&#x5;c��&#x1;VM;P��+e&#x5;�%LA$���bR4̀&#x3;�	�&#x3;�&#x7;B��G�j&#x11;,ʋl��3M���Ax��3�en0�&#x1;���b��'�&#x2;&#x8;f�h#܊��*&#x13; Ń�&#xF;ݕ$c���&#xE;�\	%��Y�L�M��\0��"�H&#x8;@�\�@&#xE;"l&#x12;&gt;P&#xF;&#x7;&#x6;�&#x1B;���w����pX�&#xE;܉�2&#x17;&#xC;�F	�Q�Hy'%�&#x3;h��jB�R���6|���&#x15;�(�&#x1B;�w;Z-�QI�]v�C�8�N6��I�z&#x13;T&lt;Qm.��[�t�&amp;y�&#x1A;#&#x1B;�&#x1C;nS�I�1�@&#x1E;X���1&lt;&#x1E;T$r�P&#x8;��ɮz[t&#x12;&#x1D;��P�	&lt;���&#x1F;&#x2;x���I��&lt;_��I�\0&#x8;&#xF;�A&#x19;�21�M&#x1E;s�\0}t�#��&#x18;�����&#x14;�!I&#x1E;»$�&#x17;�7�[ ���1�z&#xC;1��ҭ[|?�&#x5;�,�� xe�X&#x1F;��JC8�g�&#x1D;�&#x10;��s�{Զ���|�&#x19;e���d�z�w?�na�V(J�Fd�9��&#xC;pG^1����G5S&#x16;�c,+��ʟ&gt;&#x7;\0�zg&#x1D;����;&#x14;~&#x1A;[���&#x1B;�r��� &#x7;����6��	i&#x1A;Ŗ�$��Imo�f�BH�&#xB;nC��&lt;&#x1F;n+��[j ��)�QE&#x14;\0QE&#x14;\0QE&#x14;&#x1;�$6�m��Sa�B���CzH66�|�\0�&#x19;�&#x19;�T�T�u;-�R5��-n&#x1F;��&#x1E;&amp;v2)Q�C1$&#x13;���&#x8;�;�ieI�%�+����hC&#x1;�~o�&#x3;�&#x1;�&#x18;�5&#x15;���&#xB;
][lI�A�m�`�&#x11;�&#x18;\0@��\0|��\0gZȱO'�X�-�`�ZL��J��HP�\0��7ˎ$ld��ۍ36A#�Ӟd�1*�m�˅*��ڀ3���瞹�&#x11;�%iB(��+&gt;9 g\0�A���u\0s�&#x1D;N&#x13;	��C���b���;#VO,)�&#x1;`�M�\0&#x2;Ɏ�&#x1A;��X�&#x1A;d�.�&#x5;7WL��X�*�~V��\0���&#x1F;u�&#x1B;�&#x1C;h�Ȋ�#nr&#x6;&#xB;&#x1C;&#x1;��p\0�&#x5;&#x6;8̫)E2*�W� &#x1C;d&#x3;�p?!@&#x15;屷��B�[�\$�T��&#xE;Qy&#x1;���b�t�zw3�&#x1C;pB�C&#x1A;�h�Q&#x10;\0&#x14;&#xE;\0&#x3;���8�"�&#x16;8�B�(�P:\0;
q�@	�M�f��\05����H��&#x1A;9
0�&#x15;*pG��-بG���w�ت�]&#x14;��7&#x2;���ĺ��mYC��&#x17;x��==��t�^�\0�&lt;n��#&#x2;@��S�sIQp܏W�]խ�h�8&#x1C;6�'��&#x11;Q��mj(&#xC;��G&#x1A;�и&#x7;��r:�w���{v	&#x7;��*�3a�^�՗���vW&#x1;�ϰ�&#x1D;XnV&#x1D;�&#x1D;�=*֦N-n{&#x17;��&#x19;�=9ng&#x8;�Ā&#x10;&#x10;88�Z���$h�&#x8;&#xE;Q�J��&#x19;�&#x5;�3�¶i�(��\0(��\0(��\0(��\0�+ə��*�@�&#x8;	\0�\0c�FX&#x12;�&#x6;&#x8;8���nf�&gt;{����&#x16;X!&#xE;Tn&#xB;�&#x3;����\0��&#x5;@��I�&#x18;Tߥ�ݟ,1����.]�!��\0u�24n��5���RK�#?�&#x12;�w��&#x14;w'���[��s2�갲\9��U�aɴ�.&#x18;&#x2;
�2q�&#x11;��&#xE;@�~�&#xF;��l����i6���{n:��7��n�&#x1D;Ql�n�i�ȯ�&#x13;&#x14;@\06�&#x3;\0�&#x13;�=�&#x19;QPXK5�p�Io���C,�6&lt;�����1�&#x10;\0�&#x1B;`&#x1C;&#xC;�%���(`�ɹt�'䅋 �͖\n&#x1F;w&#x18;�r@�5,3y�N�T��8Mθ&#xF;�����&#x19;�&#x7;Ҩϩ��[�&#xB;&#x1D;Gk'�c�%,v��9&#x4;m&#x3;��Td��&amp;���E�������&#x5;�yMn�!eV&#x3;
r&#x1C;d�&#x1B;N	\0g��&#x18;�&#x12;I�V@�cqh�T�dmb0��'&#x1D;��?�&#x11;l&#x13;�&#x18;&#x3;=N*���V1���&#x13;&#x1F;�&#x10;m9B&#x1;`2���&#x1C;�# �g��-ة&#x3;&#x4;g#&lt;dg��\0&amp;�0o�� �7�H��|�&#x6;Gϡ&#xB;�~&amp;��N��&#x5;m�ty��R�&#x1D;�&#x15;Rx���&#xE;�;���_&#x10;_L/��	y&#x12;&#x15;l�%�&#x18;�v�	&#xB;�&#x7;�j���s�k�5�Ɗ@X��=IT��\&#x1A;VVԫ�a��Z\nF�&#xB;:�;"Ã�݁�29&#x1C;�+b[�&#x17;M&lt;����&#x18;�C�����p&#x6;1V"��ֆ�c�c�]�&#x1B;&#x10;�\0|�&#x1F;�c&#x19;��{�&amp;��-B��t&#x1A;|X����=?�\0�편��&#x19;��}�VEk�W�H&#x8;&#x3;12lQ��&#x1F;Zg�E��ldH����z&#x1E;y�WK���^�Z�O7�&#x11;F8�A�sӜ�b��g:v�5�Ld&#x1;�&#xE;�z&#x1C;w�~�*ro�+�����~&#x1E;�O�E����@�ʁ�A�`GPz�&lt;��q�&#x6;�y1Ș�c?0�����\0Z�k�Q�v9b�&#x14;QEIAE&#x14;P&#x1;E&#x14;P&#x1;E&#x14;P&#x5;YW˽I�&#x1B;�Y��%%�ڍê&#x16;&#x3;&lt;��3�#=&#x1;�[H�K�Ym�d��t2o��(�����&#x19;b�`�&#x18;�&#x1;&#x10;_�&#x1A;N��&#x11;_i�2��V��%�&#x14;� �S��8�&lt;u�&#x16;Ku#�&amp;�$P�g�R=�&#x12;0e�&#x10;�&#x18;�\0m\0n 	&#x6;1��&#xB;�P)�4&#x16;���7�tT&#x1;&amp;����&#x12;&#x17;�v�m�įp��=�Y��[u��&#x8;r�n;&#x15;C&#x11;���\�'&#x1C;U�&#x12;�΋y�6ͷ
��%��U!H�*�Cc�&#x3;oC��o��q&#x12;Ed�D%.$&#x17;d&#x11;�Pw&#x3;�\0򐼁�0H\0&#x1;����s&#x15;�h��阰f9�����&#x8;'�&#x18;\0G &#x16;Q�\0�96���&#x8; G��zJ����'���7?Z�k)&amp;�{á,W��&#xB;&#x1A;�yc�S���B�y�&#x3;'&#x19;&#x1C;���&lt;&#x2;�����dWR��+�F�L&#x12;�8e�&#xC;���9*r&#x1;�*ȷ�&#x8;�tiC��~&#x11;?vÅ�#�Q�&#x18;ˆ䃈�C�&#x12;�m��+��2�&#x3;�&#x4;d�&#x6;&#x1;�9��ҝ��n�{%�p�&#x7;�f!Ē0N#.�I(U�c�&#x1A;�x�G��&#x19;&#x1;��&#x13;�9u&#x19;���&lt;�\ԥ��-V&#x18;-�B�&#xC;*07d���&#x3;���;ֱ�&#x19;r�&#x15;�m��&#x1B;�ԏơ&#x16;�^�&#x12;$7&#x13;ɓ��1$�&#xE;���tO&#x3;\�Y�����\0��&#x12;�&#x7;�2&#xC;�'��R�`T��&#x1A;}&gt;&#x1B;��5p&lt;٧����&#x2;�N8&lt;���&#x5;t�xJ��)&#x3;D���&#x6;i&#xF;�=�`x�\0��V�umr�{8��UT[%O�{c�p$&#xF;��&#x19;�܁���Z�V7RD好�\0�	7E&#xE;&#x7;&#x3;$&#xE;y�\0�s�K&#x1A;��}*�F�ya�il�&#x4;�y�&#x1;A=�&#x1E;���\5ܢK���&#x1;�����Ҵ|[����&#x8;╌q��&#x1F;t&#x1F;����&#x15;���H�n6��z֒��H�~&#x1D;\�.�4n�طb2N&gt;���D�4�l&#x8;�&#x4;����	+����#�QE&#x15;&#x5;&#x5;&#x14;Q@&#x5;&#x14;Q@&#x5;&#x14;Q@&#x18;��������B��p�;�|��o&#xB;)L��&#x18;)��&#x17;&#x1F;�z�m&#xB;x&#x1E;;}SP����M�+ܱH&#x18;ǵ���&#x19;&#x19;�9$u9.�=2�Yd{�&#x8;�&#x15;��c4�&#x19;Pr@c�;K��מ�&amp;�&#x6;��Tg�]1㼷&#x11;Z6���ǂ�&#x3;��r�&#x3;#�=x\0|�&#x1F;�&amp;{�xd&#x1F;lO.uI�Eu��6�\0d�'&#x1D;w6~�͔��&#x10;&#x5;&#x11;eC��&#x19;�]��al&#x13;��&#x19;&#x7;�lU&#x1B;)�,�w�M*�k]� �u"$`�w&#x12;��!T&#x1;����&#xC;�\z�Y]Zd\J��k7�&lt;�&#x19; ��2&#x17;��8�g$�\0�\0�.����y����,r&#x12;�Y6�&#x4;��&#x14;&#xF;@�&#xC;&#x1;���L�'�ɖFH�,V;��	�Ì�a�&#x16;e &#x1E;�&#x18;�j���w&#x1;�t��G��&#x17;�m���\0&amp;B���U&#x1F;.�U�&#x4;�c���\M1&#x15;%���Ɓ�U��eQ�x&#x3;r�HV��G��&#x12;\0'�4m?JM�v�=&#x19;ݝ�®&#x3;1$&#xC;"&#xC;t�G�U�x��3v%m��d��:⴬c���%�HRԮ��\0&#x4;��#&#x1C;`�&lt;z�&#x1A;ͽ�֕47��;mݻv8`G� ��z�;&amp;�֯C�𦡥���k&#x1C;&#xB;��A�dm�y�&#x10;1�Np1�&lt;��]b��26�%������*Gn�&#xC;x&gt;��m�oH�_� p&gt;I�\0��Ҹ����mf�V�&#xC;cd���0H|���:�Bۯ����7�\0&#xC;�\0��ּP�&#x6;K-&#x14;�5[tTl&#x3;������L�&#x1A;�lu&#x8;�&#x12;B�&#x17;�1�9bw�չ���?�z�Ŏ��snZ&#x1F;!�Ω&#x1C;�X}wf�?�| $&#x4;I&#x1E;=L���&#x1C;Ru��k%���*&#x10;�^߃8&#x1D;OG��C�G$sy�ɀH&lt;��\0�l�g�J���E995�K�x}@&#x1E;dg&#x1C;�9�����}�%������\0���&#x15;&#x4;�jޫ��*-�&#x13;�� �Th�Ԭ�&#x1F;����]�ahv�d&#x17;��M&#x19;��Aڲ&#x3;���1&#x1E;��]&#x1E;�5=�r8h(�&#x2;�(�&#x2;�(�&#x2;�(�&#xC;�"�5Io&#x19;-#]Ȍ�o�F�&#x1B;T�	���`&#x1E;I&#x19;�*sm`&#x1E;&#x8;&#xC;&#x16;��O��Qr��O�;\0Bt�B�U��Q�Hl�m&#x18;R@8'�:&#xE;:�aԊ����mDv����8TCs&#x15;��&#x1B;1R����&#x6;2�p@\0&#x13;Ӏ&#x1;vK�"&#x19;%���NH�m�ّJ\&#x5;*�b~��&#xC;p@&#x7;�8&#x11;[C��m��E�]��
���e��&#x15;�s�!��&#x19;l��&lt;E�^}�-/���.�9-�gR~��m�)�&#xE;A�&#x3;'��8�k&#x1B;&#x16;&#x17;��$�w���&#x11;��8DPyl|�&#x2;Nv�&#xE;@ �k(&amp;T����y�ϜŸ9W*A �D��	�,é$&#x1A;�ﺏ7��Ao�'��&#xC;�
Q��&#x12;����2&#x1;ny&#x14;��N��P[]J��Q��X���Jmvrv�&#xE;&#xE;	&#x3;$�&#x1C;�_&#x16;�.�l䵻�R�[H�k#�)
q�vHu#q8&#x4;�&#x8;&#x4;�&#xB;62[�b�kg�DD� &#x3;	�G �&#x5;J&#x10;08�F"�?�&#x11;?�&#x7;�\0B&#x15;-��t�&#x15;���&#x16;D�$�|ʌ&#xF;�[q�&#x18;��\0�z�Z���'�\0��\0�B���)z?�җ�&#x1F;Tr�h�̒M���/�&#x4;&#x1E;A��&#x14;��Q�&#x5;�c9PO�{~&#x14;o;�ar1�#&#x1C;{RȈ��I��8&#x12;`��\u���z��4C(�VwB$F@��p� �&#x1C;���~�����jd��B`\0\0\0�&#x19;�'ߎh�&#xB;�*)����\0\0�W=G�����.Ic������&lt;z~&#x14;�&#x19;���&#x8;I�\0\��&#x15;�W3��&#x8;I�\0\��&#x15;�W���	�⿈&#x14;QEv��E&#x14;P&#x1;E&#x14;P&#x1;E&#x14;P&#x5;;�{��x�&#x1A;�(��$a_�M��ܹS����r6�%��/�Hդ�����q��&#x18;��˜�A&#x5;�&lt;�� .�&#x14;&#x1;@��	���d(HQ�\0�R\0����&#x1E;A&#x4;`�9l53
�Z܊��&#x1;#��Ń!&#xB;�\0&#x2;U�a����&#xF;ZӢ�*��L��w&#x1E;ՙ��C��� !%� �w&#xC;g&#x18;��X1�eYJ)�T��9\0� &#x1F;C��
u&#x14;\0Us�A&#x13;�\0��!Wꆹ�\0 ��\0�?�&#x10;���\0
^��4����&#x1C;�V׍&#x1E;�V(Hڧ����;gi�{R;^&#x19;ԗ"Xԁ��(\0,G&#x1D;0	��튅&#x1;B7@&#x1B;h�Cn�&#x1C;c8=9&#x1F;�InX��f��8f�&#x1C;� &#x3;���}&#x5;|�ke��z���Y\K&amp;�&#x1B;/ &#x12;�\0e��\0?�})��#�
p&#xC;�l$����&#x15; �V&#x1;����:+c�@��#��Qw�(�\0dR��0�&#x1D;á��dsҗ*��}û"&#x8;Ĩ�7���&#x3;�:���nRO-�&#x1;���gq&#x19;&#x1D;�&#x6;d&#x11;Ɩj]�&#x5;C��&#x11;���&#x1E;�&#x1B;���|�A��\0�&#xE;�P&#x1C;ҴR���&#x7;vކ����!'�r?�WM\φ��!'�r?�U�饷�r���a�B���&#xC;���&#x6;E dd��H�\0�M{&#x18;&#x1B;�&#x1D;&#xF;;&#x13;oi��Ee��1f�&#x19;`���T�����%�0�&#x1C;�28�Z�&#x15;�&lt;H�1�(%&#x1A;vʟC�#?Bk�����\0�9���)�F�.�.Fs�9c��O�^d�&#x14;QL&#x2;�(�&#x2;�(�&#x2;�(�&#x2;�(�&#x2;�k��&#x8;��&#x3;�\0�
�T5��&#x4;O�\0&#x1;�\0Ѕe_�R���/�&gt;��C&#x1F;)����
��&#x3;�px�ӊ�4���&#x1C;���&#xB;&#x16;#'�&#x1F;��&#x1C;�}j��?0$`�8�"�&#x14;��nC��&#xC;@�#��d~5󱗙�=&#x1C;�2�p�&#x6;�!�u#�E&#x3;�&#x1F;�&#x1;��Co&#x1D;�&#x8;9O3v\0=�?J�&#x1E;1��v��|��8�ۿ&gt;�&#x7;�&#x1E;b�����~��|���&#x16;&#x1C;��	LN��;Xg &#xC;�9#�|S��&#x3;\,�"&gt;[&#x2;�#��&#x19;&#x7;&#x1D;&#xF;�\0Z�e�M�e������7}�˪�\0�&gt;��2/(��7�&#xC;}�~&#x7;����D������_y���+�J�&#x8;a&#x19;&#x4;&#x1E;��W��Hd(�&lt;s^����ݥ&#x12;��0F&#x15;B\08ۀ��&#xE;�&gt;&#x1A;�\0������\01Z�6ң�ֱ�lI��}�&#x16;&#x5;�	&#x18;&#x1D;�&#x1;!�{�݊�p&#x1F;�&lt;�W�&#x8;���&#x8;�4�&#x17;����4C,�&#x18;
\0�8F�=&#x1B;��Ob��,Vv�M&#x1A;y^j+C"��?w,0�g�p@�\0
��J�D�A�Y5��J&gt;�-T�&#xC;9X�!S&lt;�#&#x7;&lt;�i�i�&#x14;QQ4���?:1�&#x19;��&gt;v�^G=&#x6;px?xr;�KE&#x14;P&#x1;E&#x14;P&#x4;2\�&#x1B;�e���ؙ��&#x5;7�r���\0�V(����\0_yZ&#x15;��&#x17;�'�\0�&#xF;�&#x15;$S,��&#x1C;c�����IE	K�&#x13;�B��"���\0���\0�E���\0���\0�X������\0�?w�_�r���\0�QjJn�&#x16;=�v1�&#x1B;&lt;0���v�R��\d�&#x1A;�M4r?�3�\0{�\0!K�\0����?���&#x14;��Mu�W&#x1F;�!�Ý&#x1F;[��.�p�&#x14;0�8�9\0��ӥ�nbm��N3����WE?�S�}ng#��?���&#x14;��M&#x1F;�3�\0{�\0!K�\0��]E/�C��\0�&#xF;�����d��ws�c#�:�&#x1E;�+In�nfYU�@�,�2g�&#x1E;0y&#x19;&#x4;&#x1E;s�q�n��K�G�&amp;&#x13;��.i&#x15;b�&#x6;$2�*�TnU�F\0�\0�&#x19;&#x1E;�&#x14;�E���\0���\0�X������'��2)&#x16;Uܡ��&gt;d*"*�Ռs�67�Z����9&lt;����&#x10;y$/L&#x1E;��*�(�^d�&#x14;QL&#xF;��PK&#x7;&#x8;r�FG�$\0\0�$\0\0PK&#x3;&#x4;&#x14;\0&#x8;\0\0\0@vE?\0\0\0\0\0\0\0\0\0\0\0\0"\0\0\0Documents/1/Resources/Images/1.JPG����\0&#x10;JFIF\0&#x1;&#x1;&#x1;\0`\0`\0\0��\0C\0	
&#xB;
&#x8;&#xB;&#xB;&#xB;&#xF;&#xE;&#x10;&#x14;!&#x15;&#x14;&#x12;&#x12;&#x14;(&#x1D;&#x1E;&#x18;!0*21/*.-4;K@48G9-.BYBGNPTUT3?]c\RbKSTQ��\0C&#x1;&#xE;&#xF;&#xF;&#x14;&#x11;&#x14;'&#x15;&#x15;'Q6.6QQQQQQQQQQQQQQQQQQQQQQQQQQQQQQQQQQQQQQQQQQQQQQQQQQ��\0&#x11;&#x8;\0�&#x1;~&#x3;&#x1;"\0&#x2;&#x11;&#x1;&#x3;&#x11;&#x1;��\0&#x1F;\0\0&#x1;&#x5;&#x1;&#x1;&#x1;&#x1;&#x1;&#x1;\0\0\0\0\0\0\0\0&#x1;&#x2;&#x3;&#x4;&#x5;&#x6;&#x7;&#x8;	
&#xB;��\0�&#x10;\0&#x2;&#x1;&#x3;&#x3;&#x2;&#x4;&#x3;&#x5;&#x5;&#x4;&#x4;\0\0&#x1;}&#x1;&#x2;&#x3;\0&#x4;&#x11;&#x5;&#x12;!1A&#x6;&#x13;Qa&#x7;"q&#x14;2���&#x8;#B��&#x15;R��$3br�	
&#x16;&#x17;&#x18;&#x19;&#x1A;%&amp;'()*456789:CDEFGHIJSTUVWXYZcdefghijstuvwxyz���������������������������������������������������������������������������\0&#x1F;&#x1;\0&#x3;&#x1;&#x1;&#x1;&#x1;&#x1;&#x1;&#x1;&#x1;&#x1;\0\0\0\0\0\0&#x1;&#x2;&#x3;&#x4;&#x5;&#x6;&#x7;&#x8;	
&#xB;��\0�&#x11;\0&#x2;&#x1;&#x2;&#x4;&#x4;&#x3;&#x4;&#x7;&#x5;&#x4;&#x4;\0&#x1;&#x2;w\0&#x1;&#x2;&#x3;&#x11;&#x4;&#x5;!1&#x6;&#x12;AQ&#x7;aq&#x13;"2�&#x8;&#x14;B����	#3R�&#x15;br�
&#x16;$4�%�&#x17;&#x18;&#x19;&#x1A;&amp;'()*56789:CDEFGHIJSTUVWXYZcdefghijstuvwxyz��������������������������������������������������������������������������\0&#xC;&#x3;&#x1;\0&#x2;&#x11;&#x3;&#x11;\0?\0�&#x1D;�&#x12;1Q&#x3;K�W,wA�&#x1;���&amp;i�&#x4;�2F&#x1;ԫ&#xC;�0j&#x5;I &#x18;��	�&#x7;��䯸��&#x5;OJ,&#x1;&#x1D;�1ے��U�4��r"H�u��Q&#x1;4G�ʟ�?x� -f��)*?
܎��&#x1A;~h&#x1;��uW�&lt;&#x11;�4���&#xF;0���\0�Nݑ�&#x4;SFT�n��u��O���&#x2;�&#xF;&#x1D;&#xF;���&#x1A;�&#x1;/�&#x1B;l�&#x18;�3�&#x5;��&amp;M��9Zvh��&#x4;����&#xF;�4���BT&#x1E;�?�J'
vʦ3�&#x1F;Ƌ&#x5;�;�L&#x7;# �(&#x6;�&#x12;n�u2�,&#x2;��du�&#x7;�2�3���I���&#x16;�&#x10;&#x18;�I���i�\0�њnh�&#x3;�Fi����v�F �))	&#x14;Xer�Ж90��@�����&#x19;&#x4;&#x10;})�&#x11;U_}��E��#�&#x1D;W�R�&#x17;3K���d�0�~S�9&#x14;�`;u&#x1B;��f��]�n���\0��f�E&#x16;&#x1;�␞��A�IE�v�J7S&#x7;&#x7;&#x1D;�h�&#x11;���f��j�~h�74f�&#xE;�!&#x19;�pi3@4�]�p��&#x3;�ý6��5�0BFX�&#x7;�s@&#x12;ȋ'U��u&#x14;��&#x1F;LH����ޔ6&#xE;&#xF;&#x6;�&#xE;(&#x1;�*�
y�#&#x4;S�LuW�ß^�|���$_�P2l�桎U�|��:�⤠B:��&#x1C;����N������=)3@&#x2;�a�A���	Q�r���҉J��pOC�HdԄ&#x2;0FE7&gt;�f�&#xC;���=�*N&#x14;�U1�އ�f��0y&#x1E;��H&#x18;u�~�&#x3;U������=)D�\$�a=&#xF;�Ƌ�Ōњnh�\0&#xE;��w�v�G�;$})��4\0�h�G�9&#x1D;=�(l�W&#x1;���ap����i�,n�Uս���KF&#x5;4&#x1C;&#xC;Q�`&#x14;RQH&#x8;J�[r���u_�:9���0�@ݎ&#x1B;#&lt;T�&#xE;&#xC;$�&#xC;�yd��&#x14;�Nz�R)�&#xC;��iA�&#x2;
ZJu\0&#x14;��R�&#x3;OJ)�qI�\0i&#x19;&#x1C;Rg�4�SX&#x1E;�&#xC;�G&lt;&#x12;&gt;���&lt;�#�Q�*�&#x3;)�y��KL &#x1E;�Rr&gt;��&#x6;�	sFj-�}Ꮵ(|��,I�@�~4̚h&lt;&#x1F;�&#x1;bbs֓$p?*`4�i���c&#x18;4�Ê	#�H&#x1;�Gl�&#x18;t#�L�"u����&#x8;�n�;R��&#x3;&#x11;eW&#x1F;)9&#x1D;�Z3���#rÞ�85&#x1E;�S�$_Q�P&#x4;��b&#x18;m=*5�\|�����P&#x2;e��&#x1D;�������&gt;��&#x8;���ZĹ�UV&#x1D;��&#x1A;&#x8;��3X2��&#x18;���/�&lt;Vmψ��!&#x19;"&#x1F;��i\M��wX�,B��c��s�i�&#x2;�:��^k����bL�����j����&lt;�Qq↊\Y�Y=en?&#x1;U$�f��-��&amp;�ɮB&#x3;�ֳn&amp;��R�0D&#x1D;8��NL�%�V��F�&gt;�P?�u�Q���}&#x14;
�&lt;냏߰Ϡ&#x15;v�]S��3��Oj-a\�&#x1A;��#~��o��)&#x1E;����w;}d5K~8&#x14;�B)Y��&#x7;-�������v���v���y���5"��&#x16;&#xB;�&#x15;��/!�͉��s�����gt\0f��\0&#xB;�p&gt;f;��`g4+�H����A&#x18;�K���/[���$r�&gt;�܊�,u�n0��)��2�L��(��&#x8;��&#x7;�&#x6;�w�22&#xC;D�&#x7;i��Ԁ�&#x1;���&#x14;�&#x19;R�Y&#x6;A���@�3N&#x4;S&#x15;�.Aȥ&#x1C;P!��(�&#x2;�A�E\0&#x14;�袁��`���&#x1E;h�:0 �\0���4�٣4&#xC;vi�.z~Tf�\0A�&#x2;s�@q�F9��)&#x7;+��&#x1;��;5&#x19;\r8�&#x17;�@#ڀ$�.j0���&#x1C;�4̕�&#x14;���!�&#x1B;4��qY���m��$}�z"���;"��2	b&#x1;&#x1F;�&#xE;1X�Z�V��&#x1B;�&#xE;?�p&#x7;ֹ�K[��%KyqvE?γ�qI���5�5�˂CLʿ�S�T^R~fn��\���&#xC;�f�&#x13;r��\0��)=�IM2Qa\�q'�H!w&#x1E;�&#x2;\&#x4;&#x18;T&#x1F;Ri�\0lp&gt;P&#x7;�Iߠպ�6x9/ׯ&#x14;�e����Lk�_�&#x14;�r���&#x1A;��H#�\0
n�J��'�i&lt;ʤ+��ڜ&#x8;���JQ%1\�&#x1A;��b�y��y�֐&#x16;K�Y�*&#xF;0�&#x1C;��z&#x1;�`�vwV�nF7~��d&#x8;&#x1C;֒Vl�ki��ڲ���'�3Ȯ�&#x19;VT&#xE;�&#x19;O&lt;W&#x12;����-��Aʎ�z&#x11;Be�v\0ғUmn⺋|g&#x1E;�&lt;��vj�#)Wޜ�\0y}i���G4��&#x10;T�_�P2J2E"�a�-\0(4��s�.h&#x1;h�%%\0e-�#嶗�q�4�w�m��|��Ol&#x1E;{�&#x2;A�&#x1A;�
�{��V&#x7;k{I&#x1E;L&#x1D;�̠&#x13;�Ԗ���'�"��7&#xC;�3�&#x18;�wc�&#x14;pÌcޕ�Py��Br��'�@��6A�aܛ=i&#x17;��CsH��V&#x2;Z)��٠`y�I�БI�MԀR�:�M2�Rā�NOJd�&#x11;�&#x1B;I+�E&#x1C;�\n������B;&#xE;��I�&#x5;�_��KAdp:&#x19;&#xF;_¹�.��/#3;rI䚌�&#x7;�4�:
.C�{�C9�3�`j&#x3;'��Li&#x7;��'�&#x12;��{~�&#x1B;;&#x1A;��&#xF;ziqLM!��֛���7�ZM☬�w&#x1F;Z2ǩ5&#x16;��i|�cE�BOƎ=MG�&#x1F;��y��Hz&#x13;`R�*&#x1F;1���%���̤�`m��&#x1E;��y���Sޕ���\&#x4;z
x#�U&#xC;���Ҕ���y���U"�&#x1A;#i�*h�&#x12;&gt;Q�U&#xB;6w&#x19;c�&#x1A;ӷA�Vr�:i�-M&#x8;&#x11;6��&#xF;­���(x����'&#x3;�XW
qY�3IӋ!�&#x1D;z���&#xC;�y�Yڮ)�&amp;&#x1C;�Eh�}�YQkT-�̐H$��~�&#x11;]%���k�&#x4;��/�W'��B��+��R�+���l&#x11;Њ�̎�&#x1E;i��6��Cw+[JB�/�&#x1;��k&#x3;T�[� �r�{�ZU`�==��&#x3;HÝ��:\0�&#x1E;iMWYwL&#x10;&#x1C;&#x1D;����6i�ɥ�!2&#x10;YW�&#x1D;qO&#x7;# �GZ&#x4;d&#x13;*����i�r��&#x5;O�6��1ڴ��&lt;�z&#x11;�jBsPl^�J��N(-2�&#x1;�ۭ\0LI�&#x7;4��B*1*�&#xE;T�0���L&#x7;�q�M��&#x1A;�&#x7;4&#x11;�&#x6;�&#x1E;Dj;b�&#x12;���QeI 6&#x18;u&#x1F;Z3���!�o�&lt;��Y�*���s��Z��U�&#x18;�Y� &#x5;�d��HMأ��&#xF;u!P؅~�篽`�4�v����D]��&#x4;�U��&#x18;&#x14;�"S 6��SL6ޮj�jBEQ&#x17;e���i&#x4;	ܚ�� {�@���(;&#x1A;w�&#x18;&#x1F;tS�&#x2;����E.�&#x1F;�)r)���&#x1;��)&#x8;&#x1D;���4&#xC;(�&#x19;�4&#xC;B(��f��@�&#x8;�&#x7;&#x14;�&#x1C;Q�\0�0����&#x1E;��&#x1;�F�$~t&#x5;��8�V�]��&#x3;��UR�Y.^����K�c��y8&#x18;&#x19;�+��H?&#x1A;�B"�U���&#xB;�ϕ3EVq{��ʭʸ5a%�čX\0c$1��Iy傳��&#x19;&#x2;��&#x1A;��x�I&#x1A;�D�1�&#x1C;8�O�T*�&#x1;#�})�L���pG��T�:,��&#x1F;$�&#x13;�3�R��&#x13;�z�&#x17;S�@�wnJ�&#x7;&lt;&#x10;��&#xF;��+���m�B&gt;V=�+�S&#x17;̃tg�r7�5��&#x4;�T��&#x11;���.�+N,��9\0�&#x8;��ڸ_&#xC;x���-�A��z�due�&#x18;&#x15;=&#x8;�-;�ȦO1@&#x12;�����OG�:`�&#x6;�&#x1E;)�3�8nԀ�4�&#x12;��b:�~i����Ό�&#x6;$�@+�&#x14;�d&#x1D;&#x1F;?�
ԒZQQ�q�2}ךU�3��&gt;�R&#x2;B&#x1;&#x18;#"��\0~BS�x���&#x1E;A��h&#x18;�檟�?&#x1C;s�M���$�I��&gt;�/j&#xF;#&#x7;��R1&#x1D;U�d&#x3;ӵ!&#x1E;�yc'i+�&lt;S3 &#x1C;���\0�y2X[�p�&#x1;rp&#xF;Rk���I$l�&#x1C;��&lt;_�	&amp;[X�&#x16;&gt;_�\�(n.&#x15;&#x7;Cփ);�CK��h&#x1E;\�c�}{�l�In�$&#x18;#��l�'x�C&#xF;.'&#x11;��u�j���#N��ORY��JBE7uQ#��&#x1F;JM���0�&amp;�ؐ�4�&#x5;0�i4���qM-M'�&#x14;&#xE;���SI�d���Q旽\0?w�&#x1B;�34��&#xB;&#xE;f�9�u"��&#x1D;h&#x1;&#x1F;���0���҂�&#x1B;��&#x6;M"��&#x4;��V��&#x1E;dQ�k6!�+wHA�n#�&#x19;��R[�y�&#x7;E&#x18;��D��&#x14;v$սZ&#x11;iu&#x16;���Vl�\0&#xE;y�j�է�����%w&#x1A;H&#x1E;�Qi=��3O&#x1E;�t�6I�y�c�n�9�W#&#x15;kL'�с�"���S�|lcq��^I�Ȁ�&#x1;�&#x1E;85������a���j�&#x1F;�}k&#x19;+�BMhiF�&#x8;*�&lt;g�&#x1E;�J���fd��D��{�QV�Zr�X2�7CY)4u�)#�!�&#xC;�X	�{��|?�V�&#x2;�錐d\0��&#x1;�\08���e��&#x19;\&#x8;nGF&#x1D;ȮV��{&#x19;�S&amp;&#xF;%}&#xF;��z��JG&#x1C;���X�x�!&#x12;��չ&#x4;&#x1A;t��&#x4;L�H��d�8�ךh��ƙ8R�HO���c���,�{f�#.��e��9���Oa�\�&amp;����	$�N&#x8;&#x10;�[?�*�E�&#x6;�|H�\0�8���Z�x��og���h�&#x15;&#x3;��\0�&#x15;��$�&#x14;M�����
(&#x5;v �&#x18;��ڜd&#xB;��g��Y��������4�&#x15;�r&amp;F^��+BK���汧Ԯ���-�_�����W�{�ϝ
�s�[?Җ9a��	���$&#xE;�4�q4��To1e�L��&#x2;*��:&#x15;a�H	��&#x1;�h��;y&#x1F;y&#x8;�sJ&#x1D;OCH&#x18;�&#xE;&#xF;P&#x3;&#x14;�g��/&lt;I�Mx�&#x3;��W8�3������&#x16;W2�+�2�&#x1F;j�0v�X�j&#x8;�&#xB;ۗ���s�rI��O��$�:)���\0?ʫ�� P3�Ow�o$r�2�&#x1D;�37�9#�O̎&#x6;\�I�&#x1A;��.��&#x19;p\0"�#'n�N)����E�wZCFh�!�ҊSҐt�1����aH:�0�*)@�F)��IN=i�\0���(Q�\0&#x14;`Ԙ&#x19;��?:\0g�R�\0�&lt;R�$п�2xZ\0�d��;aiT`�A�A��&#x8;2�Ԇ�&#x10;&#xC;�]&amp;�&#x1E;!wn��&#x1F;��&#xB;e�&#xE;+�&#x4;�i��.۪[&#x4;���*�2\nS��&#x1F;AX&#x1C;V���A&#x11;�\0n��J��&#xC;Z���\0�F&#xF;v�ukL8�m�\0�&#x14;&#x1;�&#x10;U&#x1B;�jE&#x18;�S��a�iH��l��hd�ڛޔW1�&#x8;�'?t�#����&#xB;�7j7uYGcN$&#xE;�����i��&#xE;*KS��4���NT�=U�L��4�Z�N�4O��������]�ym&#x14;��DF6�#�\���yJn,IxOU����3���I�Tt�z����u&lt;�#a�&#x19;ǵ[��e�"�,��&#x3;�1�����㑣%p
�
�O�w&#x1E;&#x17;�����j�-�y$u&#x7;=���+�k�Z�&#x12;nO��\0�f�źT/&#x16;e\�q��+��V���A(#�0��j-"Y#�VF*K&#x13;�h�Z�rL�Ì�)�&#x18;�j&lt;��~^�Z�&#x1A;���s��&#x1F;0�Y�T&#x4;�x��w)�*�&#xB;��&#x19;q���4�+��^=EU��&#x19;Nԛ&#x4;�&#xC;:Ւ�&#xE;
�\0�&amp;��H����t�٪�a�&#x8;��P&#x8;&#x19;G4&#x1;O�NWD��V@���=���&#xC;&#x1;����ׅm�ٱ��c펕�]9$&#x5;�M+�%ԛK@&amp;3�݌n棓%ܷ�c��MK&#x1E;䈠`&#x10;��z�N~bN:z�3�&#x1A;�0��A�qQ&#x1E;&#x1B;�Z����&#x1C;�&#x1;�n&#x1C;�C0�&#x14;\0g�;�w/�&#x1B;�=i\0�s@�L2/\�$&#x14;&#x1;5%G�&#x4;�:�\0:\0y^�E1�N0��N�ݠ	6�0)�p��1�$�&#xC;P&#x3;�'�($~&#x14;�?���Rol�'�@��&#x1;��A �Sr睇�&#x5;�D�vc�n��[d&#x18;&#x7;h��&gt;�&amp;��֭��+)��.�&#x1B;&#x18;U��ϵj�����v&#xF;�q�A��^�1�3������n٬n·&#x14;ݬb�Zh��+�&#xC;��槷��K2&#x1D;��8���a��1PE\0H
:���E\j��1��M�&#x1C;���ϨA��ȣ$a��]��nmo"�c&#x1E;�����v��&#x7;���O&#xB;қ2��J�Τ&#x1E;j�D�yQ�AH;�#&gt;���8&#x1D;�YT�ܹ�Ȧ&#x1F;���ȡ�b�5GZZh�W5�J�sF�������Imr���c%~�fhċ��.z&#x11;�&#x6;��%�b�o�������Ŏ&#x19;C!ʟN�+&lt;d��'��j��c&gt;m��V�?+}=*XgI�����#u&#x1F;�A/R���Gz&#x1E;��&#x2;�&#x7;̙��4��VR�8 �k�9R&#x8;8�B;TWV���M��"�\0&#x1A;�\0&#x10;�aS��R��FG�, �H&lt;�&#x19;��ܧ�c�7E����$eT�3���kr��	nT\YʸBN9�=*&#x5;��\0&#x12;��,
�����=�����G�7"2aR&#x3;0�&#x17;�8rN�\0�ǥ^���2kHV9c��ݞx�\0�Vn���c�&#x1B;&#x17;��v&#x7;����-4Y�&#x19;���p�])�Pk�Ӊ&#x1A;��'1��(�A�]8�&#x11;��&#x2;$݊c&#x15;�x�"�d_Z���&#xB;{&#x17;(~w�G���&#x1C;֯u���&#x1F;vW8_���Ssd&#x1A;�f�����i"ں�&#x10;��V���Ƥ�Ґ�ƨ�TD˰g$Ъ&#x1B;�瞴�&#x1B;��6\0�;&#x16;P�{g��&#x4;�Qv&#xF;zVP&#x17;8'�8}ڔ:&#xB;f�Av�&gt;c�&lt;�Qr��&#xC;i�Ov&#x19;&#x18;�ؾ��&#x18;'#�&#x14;&#x11;�&#x1;a�@�)ʠ&#xE;��&#x14;�(&#xB;&#xC;�=)~P	�A&#x1F;(�Kޓ`�&gt;�&#x5;�\0{R��J&#x5;&#x18;4&#x15;b&#x16;';�
&#xF;&#x1D;i&#x14;g�&#x1F;��|���$��S�&#x2;�W&#x12;����)�R��+����&#x5;&#x18;�G&#x14;�֕�bX�"��^EQ�r´��&#x15;�ާU4t^&#x1F;�&#x6;YODBj�;�f�5�b�g�g��_�&#x15;��&#x2;����Vظ��&#x18;�&#x14;w�E40�(��UXD�z�c�w ��&#x5;^�&#x15;Va��=�o�\0U�d�b����&gt;�BxJK�&#x7;��y�iU&#x1B;��ʒ�\0&#x10;eN&#xF;c��ɓ:i�Z&#x1D;)☽&#x5;;�dl��C����&#x7;�P	��bq�:y��\0�&#xE;�4�]&#x8;W�{&#x1F;z��x�[�\0&#x1E;&lt;��O�M&#xE;�L&#x4;&#xF;6��&#x7;��P�\0�4��&#x1B;˕&#xC;S���&#x3;O&#x10;4x���&#x7;���?OJBb�a&#x1C;�b�r2pG�4ɰy�@�.A+�@?��&#x3;&#x4;gp��z�3I&#xF;�p&lt;������&#x14;"I&#x1A;&#x6;��Z#�X�&gt;��X�Ӟ��݌�]F&#x1;+�&#x19;��&#x10;��D���B���&#x1C;��&lt;�&#x1F;&#xF;ʫ&#x1;b@����i���#�&#x10;dv��&#x8;�BH�&#x10;k&amp;�Y���&#x18;&#x16;ʂ1�ӊ���nRUTgc�&#xE;y��5D��6���4��P����m=���p�����	��s�&#x5;5&#x1D;&#x8;��5�&#x10;E��"\0\0��;kl9�0ErP&#xB;�3�畑���&#x6;�z����&gt;l�,��l�
�&#x19;\茂��~�|�&#x1;�P~��H�_�&#x13;]g��9�d��d��s���&#x1D;H\��v�ZZF�&#x19;�F&#x7;�;�&#x14;&#x5;�\0Py�4�`&#x18;�ڣ�%��9��(4
�&#x13;M����!N&#x14;��
&#x1;&#x6;*ż&#x1E;`.�&#x2;�flf����2)s"F��&#x1A;L�{y"�O/ȁ&#x6;3�&amp;��+�:y��/�g�@�h��&#x12;�&#x17;��y5=��-��ʤ点'���&#x1D;�,�%�&#x2;����'�?�&#x4;IP�rJ����_���XNw&#x11;��&#xC;�f���8�ڲm�
6&#x19;&#x1B;\}��A�I��&#x18;��ioB:G(d.�&#x5;U
��u&#xC;���3&#x1D;�3����j���e�5�g�&#x8;$�&#x1B;i&#x7;�e&#x12;�:I#&#xB;G�jA ��s3�&#x1B;&#xC;�&#x8;�8�&#x15;&#x1E;�^Y�l�:��J�&#x15;*I�}4�ܰw�&#x1E;�Z�֤&#x16;�#5�e&#x1E;�&#x2;�-W�&#x15;�h���(��YKVu�EsgT&#x1E;F�&#x4;&#x3;�rk$qZ����#&#x1D;&#x10;t�ʙ�a��n(�&#x1D;i&#x1;�&lt;�&#x17;a��\���&#x1F;�m�\0�՜�[�	-��7&#x1F;�	���rZ&#x17;�t�^&#x1E;&#x7;�tO�N��֡�9Q��Z#���,�qR&#x3;P)�&#x2;i&#x17;bI&#x3;2����&#x13;P&#xB;�N.P&#xC;��/ �E:M�N�&#x1;�L�V�&#x1F;-�lc�X�M&#x8;&#x3;�)��Y&#x2;g�T?�H�� &#x11;\Ǳ�g�O�44%I{w�ǜuV�)&lt;�a�� F&gt;�)�&#x16;&#x17;3[�̱�&#x13;�&#xF;ǽ5cI2�Ҙ����\0���˖&#x12;&#xC;_&lt;}ѹ���&#x15;���%&#x18;pGF�i&#x5;�5{8&#x1;Qr��g�-��9��.�-R�o",��'���&lt;}k&#x1B;Y���'*��O�sPD&#x1E;�&#xC;s��&#xB;�&#x4;g&#x1C;�]QZ&#x1E;\���x�H���K&#x8;Y#�&#x15;&#xC;Cv&#x3;�Y�e��Cf&#x2;����+ӡ�]&#x16;��&#x1F;&#x7;���&#x1C;@�!��i��&#x14;N���ۓ9�)?�6ݬ&amp;�̭$&#x8;K&amp;r&#x3;�&#x5;�x�&#x5;[1�̏�m��Ol&#x1;ҳ�n&#x2;�$�&#x1C;��=�Wb�&#x12;\0&#xE;�&#x1E;��F+D�gk��dD�B��u&#x5;��f��%��(78S�U&#x1F;�f�sH�IA��Q�ұw&#x1F;Fi��4X.&lt;�v��4&#x5;ţ4�i	�b[&#x1D;G&#x14;�ўh&#x10;�N&#x4;S3Fh&#x1A;d���U���&#x18;�!��j�iA敇r�_��Sl`&#x11;�&#x16;��y m�6	�ޫ�4Xw.�}q2�y&gt;_@1��9&#x1A;6&#xE;�U�B*&#x1D;Ի�X��[R�e�f {\0*�l����Y��&#x16;&#x1D;˱�7QǱe8��Q��M&amp;�\�z�U�NS�I��&#x1A;��8���j�}�p&#x14;W!h��铄����;ѝ�捋z��u�V&#x1D;h-�����dަ�VB�M&amp;i	�P��Z��o�\0]���j\�&#x17;g�?��\0#W&#x1D;��kҡ�?(�\0}?���&#xB;��?�O�InL�,&#xE;���L&#x14;�H��yS�&#x1;�d�j!:�ۄ1�&#x19;S�ԯ�aٌ�&#x7;�F.S�Ά&amp;�a�?�4&#x1;�m&#x1B;��ٞq���̡v\Ǵ&#x1F;�&#x3;*i~�&#x1;�o/�O�NT�&#x14;yΙ&#x13;ŕ?Ɯ��u�&#x4;&#x11;:&#xC;۸*��G�L���� �?���4�&#x8;�-�&#xB;��+�S��F'����d&#x1F;�&#x5;}f�k�W�&#xC;���&#x1C;��s&#x16;hc�qB��*;`��&#x5;w��F�&lt;��c*�\&#x1;���l|�ɺ�]�/��\�&#x19;�A��k�7cʚ���&#xE;��I}4Ï�P&gt;���t���ߎ&amp;.�dr1��/&#x14;�&#x1F;�#��&#x1B;����:���Vu�P���wZ�r� ,��˸dQ�&#x1A;w0��"Hb�z�&#x1C;&#x1E;z��Fn
I
d&#xE;X��Yv�^h��u&#x1E;&#x11;@�n�c&#x19;;Gl&#x1E;��T����9�&amp;v&#x1E;�U|�ڄ���������T2&#x1;��"�M�F�Py��i|�����&#x17;%-K��d9��&#x5;&#x1;r\�MG���\0�F)v�G&#x1C;&#x1A;����T�u u&#x4;dg&#x1D;(&#x6;�k�҅&#xC;yPOAHeMÜ&#x15;9&#x1E;��f�� �@\�c�Ƿ\�&#x1C;��9�Ӓ�&#x15;La�3��&lt;���&#x14;ɸ'&#x1B;�u�.+&#x6;Ln&#x1D;zSsK$��\0�	9�*&lt;�&#x4;���E�7`P2`�&#x1E;�f��&#x7;�&#x2;a�3��.O�7{�:�)�.Y�J&#x1A;��Oq�p�ދ&#x7;5�[W�&#x15;�k)
k����&#x1F;Zݵ�*+��l��&#x13;RV5b� S�Uh�K��h�$�HNi���&#xC;\�k��C�\0]W�&#x1A;���rؚ,u&#x12;!&#x1F;�Tw2��-��w��j��8`��'����r��N�C
&#x14;*��L&#x13;�y������t쯡�&#x1B;�������)��&#x1A;&#xF;v`�U,Gaޢ&#x13;� ��&#x1B;	�	&#x6;)��W!K&#x11;�Tb��Q�O���q@&#xE;�
�o+'�=V�:D�h���r?&#x11;G�W�$d�괞t�ın&#x1F;�C�)�U�'�弛&#x1B;����/�4g&#x12;E�&#xF;�Fp*`[y�cm������1���F�H�dZ��y&#x5;�Cn#{f�{���\��2E(������+[Ÿ��#���`(b1�&#x1C;���VZ�͓��&#xE;��;�&#x19;�&#x1E;+�ly&#x12;���=�oom���T�&#x16;&#x1D;&gt;��n�)����6�#U|�9`�7]���ȸ��d��&#x1;�c�$�t��ٴˋ�2���&#x6;��&#x1E;����&#x1F;s��\0J��BC]��&#x14;&amp;�&#x18;&#x4;u�\0v��r&amp;v�ڱ7��Ò�:&#x1C;�&#x15;��$\0���U"a���`�0=3�j�&#x1;��jΥ&#x19;��h��V*j��zS&#x2;H!�d&#x11;�\0�2kv_&#xE;�6��&amp;Y�B@�&#x1B;,G�s��X&#x10;3�늜�H0\0a��ғR�4�%��Ms�&#x17;��w&#x1A;��i&#x10;ib&#x3;���2�NB沄�&#x1B;{�s�DӴ�3�'��;;�Մ�8�x�Q@�-�3@&#x3;Ґ�&#x6;�&#x1C;&#x2;���R����~U&#x14;&#x1;;&#x2;�	 ��3v&#xF;ZfN1�Ҝ9�&#x1;����\0=(��&#x14;&#x14;&#x1;��&#x13;��p&#x7;AKր&#x1D;
#&#x5;&#xF;�-��Eo�ipؼҰ7 ��q�H�&#x15;��+�&#x1D;&#xE;jw���+0���r�{0��=�&#x11;	�,�;&#x1C;�5�oc�Gdew_&lt;��&#x13;���6����&#x12;*F���U8��^M'&#x16;��=v$��" �S��\0T���H�n�0�{V�Y&#x10;Y�`1�mY̼ج;n&#xF;�[6��eQhua�lC"��_Φ&#xC;&#xF;B*�8��&lt;)"����Rpi��-�&#x19;&#x4;�0�g�)���&#x1F;�����\0Z�3�Q�&#x1A;cl�&#x19;��&#x10;A&gt;�ќ�D֑��mܻ���j+��D=X:X�L&#x1D;�YA�#��.&#x11;�&#x11;�P1�F�qMo�2~�=���&#x19;�-�O�Y&#x18;� T�&#x2;���u�Ԁ�Բ�ą��H'&#x1E;�9�&#x12;�&#x17;d���&#xF;8�\0��u�DVF�&#x14;�֬"&#x1B;��&#x1D;&#x1D;&#xE;_�&#x18;/&lt;}sH�J�C[&#x18;���O v��"�&lt;�c&#xE;?���,&#xE;���#*"��yR7c�S%&#x11; 92T��&#x1C;g=&#x6;1)&#x19;孮&#xF;$&#x13;��&#x14;�L��&#x14;�/��*���*&#x2;�Kc�q�&#xF;�V�3F�c��&#x1C;&#x11;��sC]�6Ӥ/&#x1A;�&#x7;\0��&#x3;&#x19;�S�&#x10;�=��bG&#x8;WnW��M&#x14;WgC��EΡh1�\0-)5nm.&#x1;�gL�ME&#x14;uD�.1��d�\0�o�]&#x15;����q%�FF�x�(����oV\jw@�c����P&#x3;#4Q@&#x8;@�(&#x7;�CE&#x14;&#xC;^أ�&#x14;U\0f��*J
~&gt;Z(�&#x8;&#xF;SIE&#x15;D��N&#x1D;(��	&#x7;J3E&#x14;&#x14;&#x3;�/�(�\0�����&#x14;PH�sK��(��&#x10;t&#x7;�J@r&#x1;�h�������Kbx����&#x1D;475a?tՖ���+�&#x1D;�a��&#x14;Q@�o&amp;h .�d&#x10;9���@H��&#x12;(��Be�	�H���/ѩ�&#x18;&#xE;]�֊*�&#x1E;��&#x7;4�h��f��&#x1E;g�&#x11;��V����AA�̹�h��D�7�$1�I_�F�' |�U�*O��#�&#x14;���&#x19;&#x4;�4QCؒf�|�r2]Y��VI����&#x2;��NӁE&#x14;&#x15;&#x1D;���PK&#x7;&#x8;�V��Z&amp;\0\0Z&amp;\0\0PK&#x3;&#x4;&#x14;\0&#x8;\0\0\0@vE?\0\0\0\0\0\0\0\0\0\0\0\0"\0\0\0Documents/1/Resources/Images/2.JPG����\0&#x10;JFIF\0&#x1;&#x1;&#x1;\0`\0`\0\0��\0C\0	
&#xB;
&#x8;&#xB;&#xB;&#xB;&#xF;&#xE;&#x10;&#x14;!&#x15;&#x14;&#x12;&#x12;&#x14;(&#x1D;&#x1E;&#x18;!0*21/*.-4;K@48G9-.BYBGNPTUT3?]c\RbKSTQ��\0C&#x1;&#xE;&#xF;&#xF;&#x14;&#x11;&#x14;'&#x15;&#x15;'Q6.6QQQQQQQQQQQQQQQQQQQQQQQQQQQQQQQQQQQQQQQQQQQQQQQQQQ��\0&#x11;&#x8;\0�&#x1;~&#x3;&#x1;"\0&#x2;&#x11;&#x1;&#x3;&#x11;&#x1;��\0&#x1F;\0\0&#x1;&#x5;&#x1;&#x1;&#x1;&#x1;&#x1;&#x1;\0\0\0\0\0\0\0\0&#x1;&#x2;&#x3;&#x4;&#x5;&#x6;&#x7;&#x8;	
&#xB;��\0�&#x10;\0&#x2;&#x1;&#x3;&#x3;&#x2;&#x4;&#x3;&#x5;&#x5;&#x4;&#x4;\0\0&#x1;}&#x1;&#x2;&#x3;\0&#x4;&#x11;&#x5;&#x12;!1A&#x6;&#x13;Qa&#x7;"q&#x14;2���&#x8;#B��&#x15;R��$3br�	
&#x16;&#x17;&#x18;&#x19;&#x1A;%&amp;'()*456789:CDEFGHIJSTUVWXYZcdefghijstuvwxyz���������������������������������������������������������������������������\0&#x1F;&#x1;\0&#x3;&#x1;&#x1;&#x1;&#x1;&#x1;&#x1;&#x1;&#x1;&#x1;\0\0\0\0\0\0&#x1;&#x2;&#x3;&#x4;&#x5;&#x6;&#x7;&#x8;	
&#xB;��\0�&#x11;\0&#x2;&#x1;&#x2;&#x4;&#x4;&#x3;&#x4;&#x7;&#x5;&#x4;&#x4;\0&#x1;&#x2;w\0&#x1;&#x2;&#x3;&#x11;&#x4;&#x5;!1&#x6;&#x12;AQ&#x7;aq&#x13;"2�&#x8;&#x14;B����	#3R�&#x15;br�
&#x16;$4�%�&#x17;&#x18;&#x19;&#x1A;&amp;'()*56789:CDEFGHIJSTUVWXYZcdefghijstuvwxyz��������������������������������������������������������������������������\0&#xC;&#x3;&#x1;\0&#x2;&#x11;&#x3;&#x11;\0?\0Ÿ��搣�!��;I��և�"�;5�&#x5;2�͖��N&#x7;�j��&#xE;��/s&#x5;�&#x12;\0B������:��b&#x16;K�F��&#xC;�&#x11;���Y_B��S&#x1E;y��T�&#xC;��p~Zn�q�Y�J�L����5r����V��5П~r&#x1;&#x7;n*��l�����J^Vc�@⚵�gc#�u&#xE;&#x14;&#xF;�qV?����[&#x2;�R����T	��WbInnd��I�۽�$&#xC;T{��7&#x6;���vF�v�&lt;aB2�\0�A�ƣ��*&#x12; ݒ��Wɣq�"��2��.�je&#x14;����R��.*:)&#x5;Ť���&#x2;�4�R&#x2;@�
7f��&#x7;ZAq�zS�w�Q��/S@\]�o���1ր&#x1D;���;9�ǥ0t��%�&#x4;&#x11;��q�z&#x1C;�!�&#x1C;T�&#x7;�P��O�x�.H����&#x5;�&#x1F;�g��4GE�Z�NQٛ���&#xB;��&#x3;w&#x19;ON+���U��&#x1E;��7N&amp;�&#x15;Qnk,��&#x15; u=&#x8;��iC`�MK���,[�+�,��\0e&#x3;8�4�&#x6;  ��8��Y&#xE;�!d݌��J'�w��/d���^�-.�j���{`���\&#x2;0A�Gz೒q��J�˳&#x1D;�*��-&#x12;�m�&#x18;�߼����2j��G��[��C�ϕ����X.�7'�&#x1C;��\�YQ�]Z��&#x4;�^r޼U&#x1;"�֔0=�X&#x1E;���Ӯ&#x1D;&#x10;J��H`��A�I&lt;B#3[3F&#x6;\0��\0&#xE;��ȍ�A���~J��Y3���&#x16;&#x16;ۛ&gt;e�Q�i�`�A�y&#x3;&#x19;�*��&#x5;.$&#x6;ّC&#x10;6��I=�X�&gt;�&#x11;îzQ%��#;@����H����1�A&#x1E;�2˂ᰠ&#x1C;��5{A���J��� �&#x18;`	&#x1F;J��&#x15;�O�:�L���&#x15;s��q�p�!�X&#x3;�]M�puЎW��U��� ���'n99��X�ۄJ��+#&#x3;�]E�Iitb�s&#x1A;����&#x18;�kTVF%�&#x19;��3Ҝ_qI.�e;"�&#x7;�4v�1&#xE;��&amp;N(�1
&#x5;&gt;���AL&#x7;�K4��&#x7;`&#x5;&#x1;Ԋ�Z\09�1�&#x5;%)�I@(�	"�'&gt;��pX�4�qJO�&#x7;�Z@!�IE&#x14;�)�INF�O&#x1D;F(&#x10;���&#xE;&#x5;&#x19;�&#x10;��摛4���&#x17;4RR��1�\&#x1C;�c�?�PԳ�?d&#x1F;΢��kaE=&#xF;�L�!��!&#x17;b'��&#x18;���&#x18;M]��W�C%��GBiA4���!��FG&#xE;&#x10;���&#x17;�J�&#x12;&#x14;����&#x1A;;���\0C&#x4;$�&#x1A;&#x1F;�\0\0`&#xE;��&#x17;P&#x13;�5sRg'��&#x1;(&gt;��H9&#x7;&#x7;�L&#x14;���;��R&#x7;aޢQ�&#x7;��0(�s�▃M�a;�ԋt���&#x6;4����E��u.���)��qT7&#xF;J\�pE*�C5�v�&#xB;v�\0	�s�j����a�V�\�H8��5��&#x14;��Hc%&#x19;_vX�f-��&#x17;l�x�ߥh��;���W{ż�$&#x1B;X��y��)t�2�f^$�֧�K���
�9�&#x1C;T�΀'��&gt;�M%-B�&#x19;c@�&#x1F;��ӯ&#x14;�����&#x13;&#x1D;��ֈw�&#x6;8�`��&#x1F;�&lt;�2dƸ�\0e��G0r�&#x13;�}���kr&#x5;aW~F�W�%-�6|���r&#x1A;��6�E&#x16;o��`1�*�+��&#x19;���i=�B#&#x3;�O��L*��N~�B&#x1B;N�6�\0z���4��&#x1C;&#xC;QHbQE(�L&#x1;��)\&#x10;@4p9&#x1D;sHı�\0%&#x14;�P&#x1;F8�&#x14;���&#x1;)����'�".�\0phbO�d&#xE;�\0�(��&#x2;�u%&#x14;&#x1;2�Er�&#x1D;�鷊�&#x11;���@&#xB;NO�)�� &#x11;��.CW��@����&#x3;�?�[K�&#x18;�a�jD��iGZ��Q���&#xB;��i&#x8;�Q�dA&amp;:�4�s&#x19;�1N�� ��z`a`�^���C&#x2;&#x11;&#x12;g�QQ&#x6;��Oʦ&#x13;�م�d�R�^|_�&#x15;"��ʐFqHc�&#x12;�f�1&#x11;��'5\Ȫ�x&#x3;����?�&#xF;Φ�.�\0�&gt;Իj5�GF&#x14;�h���&#x7;��M�3Յ&#x1B;���&#x5;�c|&#x1F;��8���&#x14;��+"��m�a�w�t�#�5\��S��w��\0�z˒��G&#x11;�X�&#x10;A\0&#x1A;m����0#�&gt;n�5��@H,�&#x1F;�&#x15;=��J��8=���&#x12;&#x17;35J��&#xC;�:&#x13;Q�&#x10;rYG�"�Zh�&lt;e�[c-��9ǰ��M*���&#x6;&#x18;�&#x7;��&#xC;��r �(�&#x15;[+"���&#x1C;V&amp;�&#x2;����I88?�����I���ZČGE'md���T��o&#x1C;l��)�)	��,}��K&lt;F&#x19;Z6�*:؁�R���&#xC;)M%&#x14;\0QE&#x14;\0QE&#x4;�&#x16;�(�\0&#x3;�(\06&#x6;{�J�&#x4;㠠&#x7;��v�\�C�K&#x1F;&#x1B;ǪTu@����\0J)h�&#x4;���\0J�X�0&#x16;��-\0[�i&#x7;B��]�W#�&#xF;�Ta&#x15;v5�j&#x18;�|����C&#x1F;A�Si�R&#x10;�}@?�/�&#x15;y&#x8;&#x17;�SOL&#xE;��&gt;m�\0��g��&#x1;enbb&#x2;�d��$�Q�&#x5;ci���JF&#x2;�N��i1�M� �_ʘ&#x6;&#x19;�|��8�I�3E��p eT��7.&gt;��U&#x16;��(�Puu��&#x2;o��E��&#x8;Ls&#x1A;�U&#x7;�"���G�&#x19;#����`'&#x11;��$��|���~U&#x17;�c����1z���&#x4;O:#}��C�*?�F�&#x1;�=wWA&#x1E;�e&#x1D;�I�3L9ާ&#x14;�M2��7�jg$���ګ&#xC;˵���&#x6;�)YO&#x1B;�&#xB;[&#x16;�&#x1C;�d�q#6&#x6;@&#x7;�δ��&#x11;P*�&#x2;�1U��&#x15;�H�9&#x14;Y&#xF;A�on�+&#x17;f%p6�&#x2;�&#x12;�&#x1B;�)6��=k&gt;K��&#x4;��&#xE;�{S&#x5;�.pK��#&lt;Rb�4�&#x1C;~�b�q��U&amp;�}�&lt;/L`S��&#x1F;.!��Ȩ�d�.�3�&#x1C;P��Ԃ��&#x2;��ԃ�&#x1A;�&#x1F;�t�m�4$28l�Ebj&#x16;�&#x14;ۡϖx&#x3;ҭ&#xB;b�&#x14;���ILaE&#x14;P&#x1;E&#x14;P&#x1;JpqIE!&#x5;&#x14;QH&#x3;�Ҥ)�&#x7;' ��R�!p&#xF;&#x7;��b��dRz&#x1E;(u��{&#xE;�JN)�fT#��&#x1E;��&#x2;:)�C�m��A�P&#x1;E&#x14;P&#x1;E&#x14;��&#x6;��&#x1C;�&#x2;�ѭ&#x2;%��W&#x16;T&#xB;��ʪ��O&#x1C;P�&#x16;D�ך�[�8�&#x13;�T��g&#x1E;������I&#x1;�u&lt;&#x10;R F?��GP�ɻ����U)G$&#xE;���&#xB;&#x16;��0]����P�SɒҕP2H&#x15;&#x1C;Q��`06���H�:�&#x14;&#x15;a!�Ul��&#x3;&#x12;y�u_1�&gt;�ƙ�����[��!۴�RK$R8!J�;w4\0���b&#x1A;n?�h� P[.q��0'��h�&#x8;����&#x2;��&lt;�&#x1F;�&#x13;�1L7&#x11;�&#x10;s��&#x15; ZR{R��\0&amp;�5�&#x3;
�����*����f#vI��̦�77\0}�=�&#x2;��!|21&gt;��q�&#x14;&#x1C;�&#x1F;�i�&#x11;�q��&#x1F;�3�nx'?J�I&#x2;pV1�TF�0yt&#x3;��\0�R&#x11;�bp���n&#x7;�9�)F�n&#xF;��&#x1F;�1�hT(F�&#x19;�&#xE;�&#x1;7�;t��-@2��,&#xF;�&amp;�&gt;���c�&#x14;��r&#x17;&#x6;6 {�&#x5;ݒ䒠�MF�oB&#x1B;h&#x4;c�R%�E&#x15;��'��'&#x14;�p�?w&#x14;�O$l�&#x2;1.!0L��&#x3;�"���JټF��o�][�I�\0�&#x1;as���\0��)&#x15;?&#x11;�����,&amp;&#x18;� ��iM���r�sLe?�~t~Ul��;���A���&#x8;&#x1B;�P&#x5;J*���&#x7;�����.wF�&#x1D;x�DTQE &#x16;�)�&#x1C;�R
C&#x1B;E+)S�&#x18;��&#x3;��&#x14;Q@&#x5;&#x14;R�
P9���(&#x15;�Ƥ��&#x8;��&#x2;̋�&lt;T�1�!&#x7;&gt;��&#x3;$����J�p:�Z&#x6;�LA�'����Un��[l&#x3;k�r}��	�E&#x15;Vn\0ɠ�&#x1C;&#x1A;�)�i�  ����$�ƨbҧ2 �\0hR`��&#xE;&gt;���C�U�ph[&#x3;'��&#x17;N���4��-��r�'h8��Q�&#xE;NY��O&lt;��&#x5;ä[&#x18;n#�aR�&#x11;WTd7l��&#xE;���^�U�\0,N�[�$��}�($g8�@&#x14;��g&#x7;&#x1F;Jx�C�c=�Y;&#x14;��ˊM�JW&#x7;&#x18;�&#x11;&#x18;�'qbXz&#x1F;ʄ�s�ݺ���&#x1D;�ÓMC�pv8a����q�f�v�6A&lt;
�yK!]�&#xF;�&#x11;D7�q�4�\�g�x&#x1D;�R��)��g�N��-da���[�\0�[&#x11;���&#xC;�sE�rŗ�?��,)��[&#x17;9$q��SM=J�=kD����
�&#x1E;�
���&#x3;L@�&#x8;�NRܲ�S.�&#xF;9ۏZ�j�c)�K&#x1F;#&#x1F;&gt;?�9���&#x19;��fc��I��b���He&#x3;���H�l��N\0�Ԇ�6&lt;�)�ۏ�Mk��&#x19;&#x10;�����P&#x3;XD&#x19;w�@&#x1C;��O&gt;,���9����&#x17;9�&#x10;��V�T9�O��P&#x5;ƕ�a&#x3;���f��F@�5	&#x1B;���N*&#x13;rǰ�rh&#xB;&#x1A;nWh&#x4;��NXS7�&#x4;	&#x1;&#x4;�5�n$�&#x4;&#xF;��4�7W4&#x5;�)&amp;�&#xE;rG�)�q"�"D&#x15;�׹��9�ڝ�b�\�u��SQ4�z����&#x15;&#x14;��&#x7;�%&#x14;S&#x1;�̿u��&#x1A;&#xB;��6?�6��&#x10;䜓E&#x14;�\0�RӖ7n�O�@������r�~��-����
\0���KϽZ&#x10;'L�S�5&#x1F;u&#x7;�J�r�68���&#x1C;�tBh�&#xE;�r*���\0{
B&#x7;����9�+�E��FL�`}&#xF;�R�1&lt;��fb{&#xE;�!1����TRͶh�
�2sބ�i�R�V3�ܚ�4�ch&#x1C;q�)&#x1A;V*]J���՚1����Qލ@�@��2�?&amp;��j�c&#x5;�p\0&#x19;�Wt�r���Yݘ"U1&#x7;+�z&#x11;C&#x2;3"�
&amp;~�&#x15;&#x14;&#x12;H�f\0ݖ&#x6;��\��\D�\0�&#x1;Q5�j�՗fܱ&#x3;��Ґ�@&#xB;��1&#x1B;���҂&#x7;��X�q�����7 ,V�K�}��V���5)I�
�&#xF;9s�E���H&#x1E;R�� Ҵx�&#x12;I�H��g���&#x12;�c���8�e��&#xC;��&#x10;LCty@&#x1D;jy�f`%���&#x8;d&#x19;�Tr&#x5;&gt;+W&#x13;�`&#x10;c�Z&#xC;&#x2;&gt;��It�D��&#x10;[c��&#x3;Vl�jF&amp;�#�~C�����&#xE;S.&#xB;&#x8;���:�&#x3;$&#x6;&#x19;_�j�i�b��3J�y�(4�� )��*�&#x1C;&#x1D;��J�&#xC;nLr&#x5;S�&#x1E;Ni]��3�:���K�\�o@&#x1F;5˷�qT&#x19;C&#x1C;�F=&#x5;kb&#xB;oy&#x16;&#xF;2����Z�&#xF;H���&amp;��&#x1E;��u&#x3;��\0$�nX,J�}�S��&#x1B;q��uSq����c'(\0&#x1F;0�&#x16;&#x1E;L�~g�*���&#x15;,�S�W�1�qI����Q�&#x8;&#x8;X&#x2;�sHG51��&#x1F;�ba�&#xF;4�AEN��&#x1B;c`OS�M&#x11;�H
x�&#x8;�jQ&#x13;��O&#x14;&#x4;��s@&#x11;Q��S���?�L����&#x1;�E��,{Q��� &#x1F;4��&#x2;�:&amp;�֕��:r���T��	&#x3;�&#xF;2&#x11;�`P"��H{&#x1;���S��@&gt;���&#x17;%����Dc��&#x4;+o
�fo#�t���RU{�j&#x19;$"6&#x18;9�#�\0H���_���ǒ��a��[Te���&#xF;! �g&#x19;#&#x14;\0�J�[�����(\09&#x19;�U_(���9�Na(�@�`�&#x7;�\0&#x6;a��&#x19;&#x15;&#xC;2���&#x3;&#x1C;��&#x14;��v��T&#x13;�&#x1F;�X%y�-�ƣ\0�Ph�&#x15;�ˆˑ�r=)�&#x19;ݸ�Gs�*�i�&#x6;Q��c�;�V6a�n�$c�)&#x1;P��&#x14;\0rr&#x8;�jE@���q�T�&#x10;H�T1�I&#x18;&#x1F;�iYi�&#xC;
�&#x1A;��&#x10;�Qq��&#x3;0H��&#x1F;1lpx�#*�&#x2;s�&#xE;&#x14;�1[��76���&#x15;��2�C:�&#x8;���{yB&amp;�� &#x1C;2�4���r�ZD�����$&#x11;��\0&#x1F;ƶl�#pb�ԑ�� m���{�^h"Ěl����&#x5;E&#xE;�!��{u&#x7;�U�&lt;��*�ΗÖ61#��M79
8�&#x16;'LV&amp;=&#x19;ٗ�܁���j����&#x3;�&#x3;v*��y-´7/�}�\0�&#x5;O3&#xB;&#x17;��c@���E�l�&#x1F;�Cs��у&#x1;u&lt;�͏�Ywp�*�&#x4;,?��8�[�26&#x5;�����[����r&#xC;�r��g&#xC;&#x6;Jlm$G&amp;�:&#x1E;���R-̖�4�	M�&#x7;d\&#xF;�T˩9U&#xE;�H:�&#x1C;R&#x2;�ۤ�&#x2;�H����w5�6&#x6;&#x5;2&#x7;q����&#x1B;&gt;�DP���?Q��+n�}�,)�s�Ji�,f©$EњF&#x3;�Ni�z��L��G��&#x1C;柩=�D�&#x11;�&lt;.�:�D5��K�.����XW8�X3��R4r��&#x2;7&#xC;�5~{3�&#x8;&#x7;�\0�Q�k�/`&#x19;&#x19;���F�R�.3N&#x16;�T&#xC;�Ǐj�om .&amp;p��9&#x19;���&#x3;��&#xC;&#xE;��&#x3;&amp;��\0��9&#x3;�NqQC&#x3;m��&#x1D;&gt;J��&#xB;һ�1G�&#x12;tO��&#x5;r�&#x5;&#x5;�^�*Y#��1��܁�y�p�\��*3&lt;���'&#x14;\0C&#xC;�O�&#x4;}�&#x14;�L���&#xF;�4��n���&#x1B;7RM\0+Ƥ\0f'&#x7;&lt;&#xC;P&#x19;&#x14;u'�Q&#x8;&#x3;�hu�А&#x7;&#x14;\0�dPvG�Z]�&#x11;*;��&#x2;����R�&#x10;&amp;�N(&#x10;���l~&#x14;l�RM)v&#xC;&#x2;�$�\0�5&#x1B;���z�P&#x3;�@��6��&#x10;0h�1&#x15;&#x1C;�����6�&#x14;��1K&#x1C;Le\0��8��&#x6;JdM�&#x1C;�)�0#�0z&#x1C;ԗ:mխ�r�L�1�X���o-�q&#x18;a���&#x11;O&#x1C;������&#x1;N�ٔ��=�Ҥ��`������iZ&#x12;U��F�B�&#x6;���+�#|��^��=��&#x1C;&#x10;H�&#x1E;�SRk�&#x18;&#x3; &#x1E;��&#x1E;�m�%F�r�F&#x8;'&#x6;�&#x10;��5&#x6;P�&#x1;�&#x3;&#x4;թ�&#x1B;�#E�C���'uU�^&#x2;�!#v&#x6;�&#x19;�S��I�e&#x1;�y�&#x19;&#x1F;�@(d��_0�&#x3;�&#x1A;X��hC��&#x19;&#x1D;H���݊�0+�&#x1;oJ衆F�kI5d�wa�L��&#xE;O&#x2;��+��1��!0�Fp1�ֵ��
\�(�{�&#x4;]T�&#x16;o銚�F60�Xn��;&#x1B;&#x4;��%�&#x1E;L&#x8;��-��S�;w-/�l�&#x4;����&#x14;*��I&#x19;�zp�&#x4;D4��+�fS�v�Ս6��}�z�&#x1E;O��Z�0���X��#�`�ܻ"��������&#x8;�F+5&#x2;�&#x12;�v�&#x1B;&amp;pd'&#x3;#���B6�FY��$1p��ª�\�$B&#xB;�&#x1C;�G�M&#x1B;��q��&#x11;܆H$�&lt;���O�W��5�#?��q�\0-&#x8;��ħ&#x5;Zٶ}�C��&lt;TGX�y&#x1B;s&#x18;���&#x17;a���k	���1��&#x8;�jX4�&#x12;&#x19;.Ċ�&#x13;�&#x8;�ך��d^piQ�&#x1D;NO5w�N"�D�1���q�zL4&#x18;�Y�	�8e���}Am��&#x10;�$s�Z���kY��p&#x18;��&#x19;�P�B�n$&#x12;8爁��@�M��If�_�q�p;{S&#x5;�09�L�&#x1B;�&#x11;�޴o&lt;ɄqZ�������D��i�5ը�m��_�DV�&#x8;�&#x15;�U,1���ʵb�N��Xc!�&#x6; ���{��&#x11;*����x��S�X&#x6;�P�&#x8;�ſ� *G�4�&#x17;����&#x6;�g��&#x13;�C���&#x15;��x�&#x19;�᱈Ŵ&#x6;Y�ӽf&#x1B;��G��9�cː��w&#x7;�f��;&#x8;�A�&#x2;����MDND̷S,����~���'�&#x6;��,q��&#x19;&#x3;s�P�o!\�#�c+�&#x1F;�C�&#x1D;�&amp;�^pq��K�&#x17;k&#x1C;��&#x14;~9�U^�Y8,&#x1;I8&#x1E;sp?Ȧ�&#x10;��7o��a�p?
ld��&#xC;�T����,G�i�0&#x7;J�P&#x15;T��&#x1B;;&#x5;��&#x3;���&#x6;�gTNO$qL,X|ğ�WNRZ`Z�Ǔ��\0t5 �(�:�m�$�\0tR��&#x10;{�&#x11;?�&#x1B;x&#x1F;(�TR�-���pM+&#x12;�/����ޠq	a�m�E\0g,S2�)�{qS��K���\0b���G��s���=�\&#x3;
�&#x1;#�����}5��&#x1;�0��?!M�ml��&#x19;l�4������s�@&#x16;,n|��F&#x8;�	�&#x1C;�U�5Sk8{/)c�Uvd�O�R�b-��{T&#x12;�&#x1;`&#x6;H���&#xE;������[�S�|&#x1C;m�k&#x1D;�¶z�f&#x7;�_ң[�
�&#xB;)&#x1C;�O&lt;�z�&#x11;Grʈ&#x2;�&#x18;&#x14;�&#x10;Z�&#x1D;�,��T?1i\0�/�ZY&#x15;�o&#x1D;�ի��F��ފ�';��z&#x2;�&#x4;�E&#x7;&#x3;��j7&lt;��@���?)&#x17;&#x1D;��@Ͽ�m���"��iG��&#x19;'
+��������\Q_2��&#x2;{��l�$[�/&#xF;Z��H&#xC;�/&#x19;RpO�j��YLs&#x4;o&#xF;8�H&#x8;4^�&#x14;S���r;f�'�4��c��&#x5;&#x1E;hL�ؤ2\,���&#xB;�z՘���&#x10;g�Y�&#x5;��T&#x15;��#t'&#x1C;���`��fhԶ&#xF;$Rz	&#x1B;:zΊ���&#x8;&#x3;�&#x16;��֖�h&#x18;��T�\�&#x1;����R�� P�0&#x18;&lt;&#x3;�Z�#K�\&#x10;�&#x6;&#x11;&#x16;&#x10;��&#x19;�j��qn�.u��
Ñ\�Ӳ1eb	�5�����I'=~�Z��:+��&#x1B;8�؝es����&#x15;�����&#x2;�!?x&#x1A;l,[r�&#x15;&#x4;�1S&#x14;L��z�U%b^�PC�J���*�0���h�"v&#x1C;a�0zU&amp;\0�lr	�f�Zr���G�&#xC;EȬ��&#x15;f�L&#x12;InF&#x11;Q�@�ʻ *z`&#x2;��Xdx�&#x8;�=&#x1;�Z��l�'`&#x3;`b�\0ϵ�jȑɷcdn^�ֶ���\0d��&#x1D;��@�k�&#x17;3M2	$/�|����\0&#x16;��\i�&lt;oh�n�&#x7;�?�wm&#x7;�\0�V��g�ʒ������Cg�&#x1E;�i~�&#x12;y��x�q�J�ϕS呇�Т&#x1C;ř�&#x1B;K�)5�&#xF;3�P��QT�8p�&#x1;&#x8;&#x8;!z���ҟ1;�g���lJ��8��UВe���Ö__���%&#xC;�W�&#x15;v��&#x8;�X���l&#xE;�֩j&#x1F;,�G&#x4;���&#x13;�&#xE;�n�X���\0&#x12;��#ڛ&#x10;��&#x2;�۞�ɏ�Ns�u�1y��\0:hG��PK&#x7;&#x8;�&gt;&#x19;&#xE;&#x1E;\0\0&#xE;&#x1E;\0\0PK&#x3;&#x4;&#x14;\0&#x8;\0\0\0@vE?\0\0\0\0\0\0\0\0\0\0\0\0"\0\0\0Documents/1/Resources/Images/3.JPG����\0&#x10;JFIF\0&#x1;&#x1;&#x1;\0`\0`\0\0��\0C\0	
&#xB;
&#x8;&#xB;&#xB;&#xB;&#xF;&#xE;&#x10;&#x14;!&#x15;&#x14;&#x12;&#x12;&#x14;(&#x1D;&#x1E;&#x18;!0*21/*.-4;K@48G9-.BYBGNPTUT3?]c\RbKSTQ��\0C&#x1;&#xE;&#xF;&#xF;&#x14;&#x11;&#x14;'&#x15;&#x15;'Q6.6QQQQQQQQQQQQQQQQQQQQQQQQQQQQQQQQQQQQQQQQQQQQQQQQQQ��\0&#x11;&#x8;&#x1;}&#x1;&#x3;&#x1;"\0&#x2;&#x11;&#x1;&#x3;&#x11;&#x1;��\0&#x1F;\0\0&#x1;&#x5;&#x1;&#x1;&#x1;&#x1;&#x1;&#x1;\0\0\0\0\0\0\0\0&#x1;&#x2;&#x3;&#x4;&#x5;&#x6;&#x7;&#x8;	
&#xB;��\0�&#x10;\0&#x2;&#x1;&#x3;&#x3;&#x2;&#x4;&#x3;&#x5;&#x5;&#x4;&#x4;\0\0&#x1;}&#x1;&#x2;&#x3;\0&#x4;&#x11;&#x5;&#x12;!1A&#x6;&#x13;Qa&#x7;"q&#x14;2���&#x8;#B��&#x15;R��$3br�	
&#x16;&#x17;&#x18;&#x19;&#x1A;%&amp;'()*456789:CDEFGHIJSTUVWXYZcdefghijstuvwxyz���������������������������������������������������������������������������\0&#x1F;&#x1;\0&#x3;&#x1;&#x1;&#x1;&#x1;&#x1;&#x1;&#x1;&#x1;&#x1;\0\0\0\0\0\0&#x1;&#x2;&#x3;&#x4;&#x5;&#x6;&#x7;&#x8;	
&#xB;��\0�&#x11;\0&#x2;&#x1;&#x2;&#x4;&#x4;&#x3;&#x4;&#x7;&#x5;&#x4;&#x4;\0&#x1;&#x2;w\0&#x1;&#x2;&#x3;&#x11;&#x4;&#x5;!1&#x6;&#x12;AQ&#x7;aq&#x13;"2�&#x8;&#x14;B����	#3R�&#x15;br�
&#x16;$4�%�&#x17;&#x18;&#x19;&#x1A;&amp;'()*56789:CDEFGHIJSTUVWXYZcdefghijstuvwxyz��������������������������������������������������������������������������\0&#xC;&#x3;&#x1;\0&#x2;&#x11;&#x3;&#x11;\0?\0��(��&#x5;&#x14;Q@&#x1;�t��\0(��\0(��\0(��Ҁ
)3G4\0QE&#x14;�-&#x14;�S&#x10;�&#x1A;L�&#x13;@
)i�Ҋ\0Z(4v�&#x5;y��G�x�����&lt;�1�M&amp;x&#x14;��g��&#x3;��Ӑ�&gt;�&#x11;&lt;T�z}(&#x18;�2��c�;�&#x1F;m���
�F&#x2;2MRk�T'&#x3;�kQ&#x12;�B�u�A�4�Q��\0���\0:��9C��V&#x14;�I��RAsю�d?��/Γ�N��~����J�&#x2;�|���_ږ&#x1F;��&#x17;�G����y&#x17;��^n&#x2;�S�_AG*&#xB;�����w�����:Κ?��/μ�h��`��r�\�&#x1F;�3�#��]�׭�uÄ&#x3;�2D�:qO�&#xB;��&#xF;����?*i�6�?��&#x1F;����@"��9P\�1�]0��&#x19;��R�k�ws�b�\�H#�5硶��&#x15;��&#x7;3j�1�:MX������T`��&#xC;&#x1;�~�#&#x13;���JF&#x18;��H&#xE;N=(&#x1;�$
ZNOJ9�@zP:
0h�\0.h&amp;�R�&#x2;d�&#xE;~�����\0&lt;�&#x1C;&#x1A;(�&#x5;��R&#x1A;\0Z)��4&#xC;V�Fy�1�&amp;�&#x14;�i4�i:�&#x10;�y���֞)�wj&#x5;'jZ&#x4;Q��������&#xE;dc�ޓ&gt;��AC��&#x14;f�O&#x14;f�C�➭�DO�J��&#xE;�|[9�wq�kGP}�R&#x1F;��v[�#�T�(�K�+%�ի�76j�rkE�,3J	�&#x1C;Ԉ�&#x8;A�z���\0)&#x2;�0��(&#x1;��I&#x1E;(Kyd\0�lA8��Ҟ�ʮT����m��ę�&#x14;���Rgo^�t���׊`C%E�R9��Fi\0;a+��"���~B���쮻��&#x11;f���c��K�h���O�&#x1C;�
A#&#xE;�7&#x19;g\0У&#x3;�E�S\0��(\0��\0&#x7;�'�\0)�~cO�&#xF;�h&#x18;�IFi	�&#x5;�4ʁ�o&#x1B;��g�B����f�V���e�`�����غp�v:��J&#x1B;&#x6;A2HC��&#x17;;~��]F��sop��&#xF;#�&#xE;&#x1D;{P�Ef�JT&#x15;&#x1E;`�&#x6;�ū�W��г&#x11;��\0=c&#x1F;��G9���;FjB��%�o�&#x1D;7V.&#x7;Er$&#x1F;�"�ou+S��d�/���O�O����F�iA��5{&#x19;��&lt;F�\0ܔm?�]�&#x13;&#x19;�&#xF;Ӛ��ؗ&#x16;�'&#x6;�*&#x5;,GL�R�{��M&#x12;9���;#&#x1D;sI��hn&#x11;���&#x19;,�3&#x11;�'4����1�?��c���PX�&lt;R���&#x7;?�&#x14;��2Bx�)�P枧�\0����i&#x12;&#x1F;��~�ǵ�n����M�1�\0jE&#x1F;θ�!�Z��&#xC;�Yv�G��ֺ̫t��&amp;vX��K&#x1E;�J��6�Yy�mt���%V5�wHة&#x12;�N��C&#x1F;�(�3�?�Q��.�}�L.}&#x6;*y�إ&#x14;�7&#x6;�h�&#xB;��&#x1B;�&#x6;ZҴ���@a�㫞��q+��B�3��v�"�=I���n�1�&#xF;�R�eh�G[�p1&#x14;1�&#x13;�&#x18;�&#x15;�&#xE;��i�GZ�X���Vd�c/�P�f����`�p�&#x1C;t&#xB;��.V;����4��bT#�����[Y�&amp;әK���
㡦��Ic&#x1B;&#x18;��AL&#x11;�5�e���F�Lё�\0&lt;�x�&#xF;�]	�3�e}�ʜz�n���U��|�7�f�r2T�\0J�e����&#x1F;��&#x4;&#x11;�j��CV3�[&#x1F;�w�&#x5;�f�&#x19;���ן߷\W�xZ/+K�GdQ�f�l	&#x1A;�&#x1E;\0����^`��Tm&#x3;��M�ZN��jw�ө�(��P&#x2;�J)\0-&#x14;�(&#x18;�}�JO5&#x1E;~c@&#xE;f�1�&#x14;�|���U��7&#x2;Rs\/�[:ʏH���e�_�&#x19;���[��N�ݯCS-��?�e&#x3;K���(5��J�T�X��&#x7;&#x15;�i��&#x16;�&#xB;9��'�YY�=(&#x13;J[�\&gt;$��P���&#x7;��&#x6;&#x1F;�X�.��i��&#x3;�&#xB;&#x1C;��\0�5�&#x3;F�&#x1A;fN���w�}f���+�&#x1E;����Y�]�Q��&#x14;�m�\0MP��&#x15;�ZkW��	;2vO�~��&#x7;���mͩ&#x4;�1�&#x7;�4�h�T|������=��$��5$�&#x4;O���Ƈr�b��iO�)1���H���K宦��&#x1E;0����|����oCP���&#x1B;���\0
�\&lt;a�# &#x1C;&#x1E;�&#x16;������jČ�&gt;����&#x6;o�}~���"je�U�l�V&#x1;�,���L�z��+��)'�dk��+��vdK8@坏5�]&lt;v��Z\0���&#x7;�U�ț]������&#x19;��$g�7:��.d��=&#x17;8�+2Iw��æMF͓�_Zj=B���l7�J����Q&#x1F;JL⨛�&#xE;s��F�Ri��4&#x1;&lt;r&#x5; �&#x1F;lu���yFaǮN*�$&#x1A;xpN1�\0�&#x17;l��X#u&#x1D;&#x19;�N*[K��&#x16;9#���c����YQK&#x11;&#x1E;N1��Ƨ��(ڬ�8��Ұ�vz&#x16;���\&#x16;F;�?'�ִ|Kf׺y��@x�\&#x15;�"��-&#xE;�&#x14;���&#x14;�&#x6;q�&#x3;޺�&#xB;�3]&#xB;��т��&#x10;np��3R�G	(�gD빀��z撞]�&#x18;���y���%��m���&#xC;��&#xF;Lu�H�]���l�ɵ�i�E:��&#x8;�4�\0E�KH��h\0��C@&#x1;��4�9�P!i	�9�qI��@&#x1;~�f�}���f�늮�Ny�cCYA��1�Ra&#x7;!&#x6;}�	��E&#xE;�ء�m8�=�&#x19;o�f�rv��{+���� m��߅)�o�����\�3N&#x6;�;G�Fi��4\0�h�74f�&#xE;�&#x19;��.\0~gE&#x1D;�+�O
E&#x15;�M=˳*�ڀ&#x1;\}�����c9�G�^���.�f���E\�9E��&#x1D;�*�A�4��&gt;����N��)&lt;�i�r�3��&#xE;�4��T��&gt;��~i\�hh��
��UKC��e�U"&#x19;�����m�VT,&#x7;a�\^�!y	$���I.���&#x18;U&#x2;��\0���Q(&#x4;�x���P�C&#x18;�
z�͞3�[1�D&#x1C;&#x15;��T�Ėګ�G&#x1D;*��&#x1A;�م�{�&#x1C;WE&amp;��&#x19;ld���� &#xB;&#xC;&#x13;ڈ�1N��H�ӊF��&#xC;�g&#x14;n&#x2;�9�(��L&#xB;&#x11;I�8��x���Y��&#xE;*��('�W&#x3;��饄Z�&amp;���9�nhw�eeo�6c@:&#xC;&#x1C;��W&#xF;&#x4;�\&#x16;�&#xE;կotмm&#x11;
&#x2;��5-&#x14;��Ee&amp;�&#x15;���&#x1F;j�v\��S���L�j&#x1;�\߇o��x��&#x10;q�+�o�j:�&#x19;�&#x3;9�9dp89�R��E���d��
P��\Q�J&#x2;
h9�-1&#xF;&#x1F;�&#x3;&#x1C;M0�V5&#x1B;� &#x18;��DƔ��cRR\0y�&#x13;Q��\0u�����5�&#xE;�1�&#x1F;ʻ{�{W&#x7;��u9�����ʙ�&#x3;L�(5��;4��f�4\0�isQ�&lt;P1��4���&#x1;����5�E�p*�d��d$�&lt;W&#xF;�&#x4;��&#x18;��U����L�c&#x1C;h���&#x1;@���%md�·&#x18;�&#x1B;�\0ɦ�E-��\�Q��P��9&#x3;&#x14;&#x18;�o&#x5;��&#x11;��bX�ѵGR�&#x1A;�r&#x5;FϭY�&#x1;�Vt&#xC;v&#x1F;L����3{�w��&#x1;�.\0?*�?J��&#x15;&#x1B;H��S��ιMVS.�t缭]��
&amp;�j��"&#x7;�洩��&#x10;ʫ��Pl��O6��&#x15;\���gZ&#x1C;�&#x5;����&#x6;����&#x2;������-܆'����Ț��gңۊҚ�2&#xE;&#x1;�򪎝+�;��&#x15;v�Fڑ�&#x7;�FӁ���#&#x14;c�JS��S&#x18;b��&#x19;�Y�VS��&#xF;'=�U�J�π;s@&#x1D;��y ���\0x&#x4;W~Ĉ�&#x1E;N95��&#x10;O.�4`F~`k��EVT�&#xE;3���X�ӷUuo�&#x1D;�zT�9�"�&#x14;PkB&#x2;�&#x5;!4&#xC;D����1�w���&amp;&#x3;ٱPH�:�Eq6&#x6;*��9�I&#x16;&#x1E;u&#x7;����$�,���&#x14;M�&#x12;z�3T&gt;`&#x1F;ZE�e&#x4;F��z�@��|�W&#x13;�6�Fc��һf����`���k.��W�&#x17;��Z8bv�&#x19;��L�˥%&#x17;��S�&#x1D;�ج��Wkm��x�t�����&#x3;�&#x15;&lt;�h�&#x1; U��h�&#x15;&lt;���D�sFkkX:Qp�b���\0A&gt;���Y&#x18;f"�{&#xE;��KL�5b�sA&lt;SX&#x15;m�&#x19;Xu&#x4;b�4�/}�N�
YJ�&#x19;&#x19;&#x18;�&#x18;�&#x6;�2N1�S&#xB;&#x12;99�&#x14;&#x3;@&#x1D;?�Wv�#�;b?���U��ye�����W5�&#x5;��ܘ�&#x14;/�Z&gt;(�h. *F�8�j�:#����cW��]:W�A&#x11;�e$��Tv��&#x7;r��?֒�In�V�ff��&#x1D;&#x2;��j�Ԫ�t�@�l�79�&#x12;z�z�)2���T��Y�c��\��`&#x13;�ޥ�&#x16; &#x1;�͛��&#x1F;�U�5%���&#x1A;�&#x4;&#x18;�W&#x16;(!�2}Z����l�h��F�fxm%ev'vӎ����6��&#x1C;�R�!ϵjMz��&#x17;&#x18;&#x3;�c�5&#xB;F&#xC;q��#�&#x12;�͡p�)ZK�r~���Mm�&#x4;&#x1;�W=$	k';���kF��&#x14;ʸt�{�R��F��e�w�y`�&#x11;�{zQ&#x13;�&#xE;��s�J̣#P���&#x1;�Eȧz�&#xE;&#x17;��&amp;�̌/qY&#x7;G�?U#�'�m	�2�.s�&#x17;f'&#x7;�O&#x15;b;n~nH&#x19;����3y�?
t�Q��q���&#x1D;j�RcJ�?,`F2&#x7;5T�Y���gm4PFŭ&#x12;H��&#x15;�&#x15;SP�m�asd�m�&#x19;
��S�N�:6���L:�Sڦ$&#x19;�*��&#x8;מ��ۙ&#x1D;\0&#x18;�{V��1q���Z)&#x1B;R��p�s�J��l��;�&#x1F;7b&#xE;&#x8;������&lt;����&#x5;t�\0&#x18;�&#x13;0��r���u���M&#x2;&#x5;&#x11;��݆&#x5;i�&#x14;b�Ci3M&amp;��(&#x10;��SKSC�Ѓ�4�jw\0f��.&#x14;�i�L��l&#x1A;͖Y&#x1B;*�rz{T�&#xF;��j��&#xE;I\0{ԉc}&gt;&#x1;_-}qW��a^eb��H��&#x6;]�(��⥶����&#x1F;L
�#��&lt;m�&#x7;�&#x15;#�F&gt;b&#x7;��`��&#x6;��s#&#xC;�sW&#x16;�&#x15;�Wq&#x1F;ުW^!�m�'�RI&#x17;�Frk�ּs,p���&#x15;��$&#x4;���&#xB;S�;Qy�&#x2;��u�&#xB;5$ʲ0&lt;,|��.u��ȥ�K���&#x14;���1�&#x15;��%�%�[��ǣ&#x1E;�VB:}O�S��h&#x15;&#x6;:�r*���Zk�a���VU��H�&#x19;�%��v=�-a\�mi$�+���&#x1E;����&#x17;�}i�y�&amp;��d�&#x1C;�;b�#��&#x12;܀}�q��wwԣ@�&#x19;��m���ҐX�*��#+�~S�&#x15;&#xC;6w&#x13;H&#x12;���el&#x11;��t�xZ����ܸ&#x1F;0RrMD�M!)-�j[+�W{FLg��"���w&#x16;^&#x1F;��&#xF;t�j&#xC;&#x5;C�Ky��ʹ���#���j&#xE;�־���;�4�&gt;�y�%�\0��+?�z��&#x17;&#x11;I&#x1C;�l&#x2;�����&#x12;&amp;����?+�&#x1A;��I��15ոy&#x1;�&#xC;2*��&#x15;U&#x19;E�nbY��I�Z�&amp;.0�H�&#x1;�Z0۵��&#xE;�#�s��C��ڑ��{b�-��&#x1C;�&#x12;7��M�&#x1C;ʙ���s�\0�
!?x���{K[1�F��5&#x1C;���&#x18;��&#x1A;蕬y�tr�/=ڞ�5�=�&#x7;�j��1��gr�&#x13;�N���.�p�p&#x1B;��H�XD9�}k:��ݦ�ʀI�r9���U�R)�l$z|:Dq��H-�&#x14;���&#x4;8&#xF;֬���f�3Z	�D���Sv�����&lt;6�R4���&#xC;ӄ��*�v\0���-��&#x10;�bE^&#x8;㚯0	&amp;7��GJ�&#x12;�|�&#x5;�S\�Xʩ&#x8;&#x1C;��з&#x1A;+��#�h��!&#x1C;�u&#x15;�ej&#x1F;KH����=��6j�&#x18;��O&#x19;嚶#a�m&#x18;&#x1D;�6�-�a_ْ�on&#x8;5cI�̨�_V&#x1C;��ձ�&#x7;�^{���#N&#x8;�p\0��ֱ�sKC^&#x1B;m�In���_Jj�?Jp*O&#x7;�ap&#x14;�Q@&#x14;/.ⳈI.y`��2Y�@&#x5;T�	&amp;&amp;k��&#x13;��&#x1B;�~&#x1D;O�T��j:���(��V(�R&#x8;����&#xF;Ƭ�g�y�V��&#x1E;0c��d&#x1F;PO_΁�s����k�&#xE;,��&#x2;R%&gt;C���-���jv+4�u����C�&#x1F;N��X[$&#x10;��p&#x13;$��&#x6;Cw�9�JڂA K��&#xB;trr�~��I�Rn/�+�z]ͼ$_]}��:.1���4�#&#x18;U&#xB;X��(ӭ��&#x4;�Iz�&#x1C;&#x1;��-/�&#xB;��dH#�&#x1C;��;�4�m�vz&#xC;��&#x18;̎&#x14;&#xE;��U	��8��c)&#x1F;�&#x19;&#x15;��O��Ziv�&#x1C;#t&#xE;CH	�;~&#x15;&gt;�d�Z�C&amp;��X��=7&#x11;��x�S&#x4;�i&#xB;�8�&#x3;.�}�&#x1A;���m�Vtu#���\�K�}B�P1�ħ�,��&#x1A;�&#x14;�&#x13;mk�(i�lp�UA&lt;�l&#xC;i�^�S���\e���}&#x5;h_��.`&#xB;&#x11;o&amp;%&#x4;7��J$�K�ةI�&#x11;&#x1C;��L�aҙs6�wk&#x5;�m�J��^X灏_֘&#x14;5\0g���%�a��,�bǌ�zɄ�V�&#x12;s�&#x15;sP��I�$�%~�Qv�&gt;��Y&#x11;�}�X�@8^(Z&#x8;��«)�X���@� `��&#x11;��&lt;&#x11;w&#x10;/��7�̃,~��=?�ZE�F�2\�&#x1C;�8R~���&#x1E;���Y[�(&#x18;�"�Zc�W��R�&#xE;O�-��!^����Ԉ�H�E�T`W'�j~^f�$��A��J�SkDi&#x8;�3Nӭt�Ym��`7;&#x1E;[�&#x7;�Z&#x1A;���n~j�uMx��a&#x7;h�O�U�����+�o�y&#x2;�䕹��q�)�P�&#x17;�B��q&#x6;q�'�S�w����k&#x12;��9c�W1h�hv.q�s���^1
&#x1A;�;�&#x1C;&#x17;DLb��|�}���о��&#x1A;�.�,�&#x4;K&#x13;/�R�H�ո.��k/U*\̍�c&#x19;V���Pأ���+0�5�wtC`&#x1A;G���+�T�3�zV&#x1D;֫h�y��
�&#x16;�*�;�&#xF;/�4�t���XRkJ�Di��R��	&#x8;&#x7;&#x19;?Z�f֬�x�&#x12;ϓ�R���&#xE;j{��!���ŉ�B�&#x15;X��8#��&#x15;q�R]N�&#x14;J�&#x19;I&#x6;�s{$O�b&#x18;v&#x14;��]7�}�*�մ���K
�G�&lt;��,�乺���a��~pG~q\�K%���&#x6;��Y��&#x6;�Q�΢�k	7���8jPB�&#x7;sHÎ)�d�8�dir�\0��4�T&#x1C;���&#x1A;�&#x1E;¤�{�!�&#xC;�
1U�I&#x11;�0&#x5;h[��Uk�{�dR)&#x10;Œ�'&amp;�!|&#x1C;w�&#x10;�����ޓ`͛w&#xE;6�խf�.�ߩ�&#xB;w�q4�G&#x11;��O�i	X�q�R����Q�����&amp;��+�*&#x8;�&#xF;~�b�[2a��&#xE;9&#xE;G����,7#R��n�S�J�2=F1R��&#x15;�&#xF;k7�����&#x1F;�z���vy����-�D�&#xC;R+��05in�\0���&#x18;[jVO�&#x10;ݩ�)+&#xC;�&#x15;�c�+i��$&#x1C;��#&#x1E;G�R��jF���`���&#xE;W�?)����&#x14;u2	����&#x18;{&#x13;��R&#x4;&amp;�"��s%m��r�������d`�p��rXz&#x1F;o�s�՟��?j���&#x7;+���y5�M�&#x18;�ڣ��"�&#xE;��&#x7;�����Y�i.#�Ǖ�=A��屺�F2�з�\m�W_�j����LXK�ʻ&#x1;&#x1B;p&#x8;'�w�K�&#x15;^�K�K,aH�Ѽ`n���\0U	�hV�vfn�{9X�&lt;�&#x2;�����u?^j��#&lt;&#xB;:\0�0�&#x1C;����SW��mV�˞!&#x8;%&#x11;I�	�i&#x6;����TU&#x1F;�2*��)�ĻpgHn�/m{	�&#x10;켑�v�G��y&#x1C;"ܠd���G��s�ǵ_��aEi!�g|�&lt;��&#x1F;AV&#x12;�&#x5;L���:���Ur��e&#x1;g4A��a����Uw&#x1C;c�\0&#x1D;�un������dq-� m0������k3Y����&#x11;�����!ו�_2 �x�l(��~CM2&#xB;o&#x7;�G��\�&#x17;�F&#x1;?J؆&#x1B;+h|�xb
���0?�`��0�,.\0g�W��c	�\��;T�v$��e���1���Z�hzUέig&#xE;��V&#xE;8F`[�&#x15;��;vv�O�(��H2&#x1;\	�Fr�c&#x16;��&#x1E;hY�b\`���Es�ӯ��=j7���e�.w&#x1E;&#x6;=�}~�,*�&#x1F;9�cY_%�J�73�q�֬XF5	���n�&#xE;�A�YM{�6�\��P����LC&#x13;J�\0�@��GғM_:V&#x6;v&#x18; &#x1E;&#x17;�P��&#x1C;D�&#xC;K&#x1A;&#xE;�U+�Ny	؇�x&#x15;&#xF;�Z&#x16;�c��	�oN;Ӣ�I˲�&#x15;�Dڍܢ+s�7]���۵�v�z�ܹ�[���
�c݃�O���G&#x10;���&#x14;�f��fֵ��&#xC;H˻���&#x7;���M�=��&#x1A;i��&#x1D;YW���\0J�-�ഌEm
��#��'��&#x14;Tz&#x19;�&gt;�&#x13;&#xF;�&#x1F;�^Lfo�*��{�&#x14;��[pĬ;��&#x4;(����M�y��,;�-��"��g
&lt;3�\0L��&#x18;���Ԍ@X���m�u�ڥ�F\0���ovW=�9�&#xF;�&#x1F;&lt;�?��O&#x15;u�[\0�$���w�
�V�6��&#x12;��l�܏�}Oj���&#x12;�jlɻɃ�)�f�0H����c&#x19;]-&#x14;�2���&#x7;�R[h�K&#x1A;�񁻝���_&#xF;ŋ6n�j�@��c8P*��L�~�c�d��:�`b��C�v�A�5���Q�`&#x5;F��N+�PCqڲ�c�&#x1A;��21Q1&#x19;'4��&#x18;�Mu�ֲ4&#xC;��=d�Vv�\0Tr&#x7;&#x3;�Uk���K��Y��UC+H剪bL��^�	�.R�F�M��efU&#x19;&amp;���&#x1F;J�Y؜���m���h
��,����&#x3;��G4���Ӡ�&#x18;5�B�39kU�VF��ya&#x11;xQҶ�&#x19;�Ɋ1Vۑ���lC�+rϒ�FT��ڽ)$�����c{ ]���rP��&#x1F;�E�lXI&#x1C;I2��A+�\0֦j�t������-��l�N0�u���=Qى�q&#xC;E����AY&#x8;%��&#x1F;uG&#x15;�j~5v-&#x15;����d��V���&#x1B;�GM���2ʲ�$��Ҹ&#x1A;h�$��Ax!��/�d�:͵����n\0&lt;v�:�w	s3)_��R_&#x19;?Lu�{�4�[U�T�̝�*��~U&#x1A;��&#x14;�,\^��4�!�ah�z������-,�&#x19;P�j�&#x8;�������R̚l�+�?(�&#x1;�R&#x6;GZΆR�9D���&#x1B;&#x1B;&#xE;)�����&#x15;-uk�"�o.�#&#x6;�4�b�I&#x15;N!�0�e\[�s��\992�9��KY���o�K&#x1F;g��ϸ�kU#&#x19;E��P��g_�I8�?�&#x16;\0~�&#x1D;���j�&#x11;�V&#x1D;&lt;�\05�&#x16;��͸ٽ�?�&#x16; V�����&#x1F;(|�\0�a���#B�RG`D*��&#xF;Z�%�y&#x7;o�!x䘙bU��&#x2;����W6�ڶ� �0�\0P&#x3;�.c&#x8;��չ�NMc\�x�!W&#x7;�1&#x18;��7d�l�Z5���k~&#x4;/h�\&lt;�q��Z\0�f�X&#x1B;l�?LS&#x7;N9&#x15;ֈL�mh��wW�&#x15;��i���٤&#x6;B�J/*�u�&#x3;Hʂ&#x17;�U�!�&#x1F;^���zz4(E�'-��&#x7;۹��&#x1A;&amp;��&#x1;m��H�7&#x12;\�6�����&#x15;�i&#x1E;&#x1;��ė�o&#x1F;&#x1F;s�c����ܿ�c��&#x1A;��1���'��:}Mu:o��eQ.�xC&#x1E;LQrGՍw&#x16;���P����(�\0�&#x1A;�*BƦ��&#x1B;or���i�T{,�,��9f���X��b�&#x10;��&#x4;��z�&#x14;��
&#x7;l�&#xB;&#x5;&#x4;�\0&#xF;Z9@@�0OZ\��&#x15;��]&gt;�\G2�H�&#x5;# ��{W&#x17;�x�Q�'d�&#x18;��g&#x1F;��`;&#x1D;c��&#x1A;Z���_�f��}�j��_&#x15;�:�yjE�G��y?�`L�P�y$Q�&#x6;)&lt;����KJ�,&#x7;�1&#x1D;������R&gt;��:�`v�]"&#x11;&#x1A;�&#x3;�*��Ҷ˨`��H�(b3��8��&#x14;�~�&#xE;�&#x1E;�Ҹ-̮�"���ץ��,�&#x7;���ޕ�w�i��m)���n�`�ӊ�&#x1B;��|�&#xE;�&#x1;Gj&#x7;�&amp;��'t@K2�\0Wc&#x6;�j��ǦF��&#x1F;xdu�j%������&#x18;d&#x3;�jU2�^ǒɨD͵X��JM�&#x1C;Wc�x
;�����B\��ː&gt;��U��h7�_.�h�Y#&#x19;&#x3;��Z8��&amp;2m�e�5M&#x1B;�8���R�&#x1D;*&#x1A;6�$݃�Li2i��&#x3;������&#x18;s;&#x13;:���&#xE;�&#x5;XF&#x1B;x���&#x6;�5,-���&#x4;��pI�;�F&#x7;e���Ӧ��nT�B;�
�#`�\�&#x1E;�Z���m�K&#xC;��V�c6ta#�,�"&#x10;�`���j:|����do�}�O���n{f��&#x1A;I�Ȳ&amp;r=�&#x15;'&#x7;b�tr&#x16;�&#xC;����:[!�;��&#x1D;+��4�M&#x16;&#x17;�&#x6;��B&#x19;��I?AV�.��&#x2;�����&#x13;q &#xE;�5��kS�C���K�&#x1F;\0 &#x18;�=:���Y7v&#x16;R�'�&#x3;��&#x1B;Ha�q�WE|-���&#xC;��X��Umf����*�'&#x18;&#x1D;&#x7;�\0Z��D�j�)q��@�Ogq2��m&#x1B;�8��e����!=��w7�y&#x1A;,d��7B0r	�c��&#xB;�~�T�&#xB;�V#� ���I_AR�E3y��=�\��&#x1F;&#x4;��E��8?QYn˻+�O?JPƩ�0RkCJ��&#x1B;��$]��&amp;�eI�&#x1F;��Y���A&#x1F;���&#xF;��~#�X��XNQ����VR�7&#x6;)�գ=~��KT=&#x19;R�T�܀�͏��ڶm�HgB&#x16;y#~��\0U7���|�2���v��&#x7;�ʨ�i�v�\0�$S��;���RO@ph�c&#x12;y�s&#x1A;)�,�
��H�&#x5;��痱n��
��~&#x1A;]Nծnfx�_`@�3Wme��i��X��@9�C�?�N�3�{-F�T&#x17;��&#x1;�)&#x19;#�&#x2;:WY��&#xF;-��-&#x1A;�&#xC;j	�L�=������g-g&#xF;��ĝ\0��\0�V�Q�P3���ni苷.�ۆ8�v���&#x1;O&#x8;OZ	&#x19;O&#x8;M8\0)$�#\��&#xE;Nh�
\0&#x1D;�i&#x1D;�&#x6;X�&#xE;k��&lt;ggc&#x11;6�nX0RT�z�5�SԱ�M���E��#���X&#xE;�X񞙧�&#x8;��d&#x7;h&#x11;��&gt;��\0]�F�����b�����&#x18;������&#x1E;1���y�(��)�+��z�\0Ŀx'�8\0��+�)*7&#x1E;�Tq��J�Fr&#x7;'&#x3;�&amp;�%ɗ*&#x10;��ڕ�&#x3;ݙ�%FV2&#x19;��"�&#x1F;�U�EX�m��&#x1C;��&#x2;��J&#x18;"լ2�N�F&#x1;�C�rqS[���BG�&#x1B;i��qU�&#x18;R&#x1B;�'&#x1B;qҵ4H&#x18;�1E !��A��v=&#x6;;O���d�\0!�cW&gt;��&#x12;$�&#x1F;���1��&#x15;�A:�A̠��`���u�&lt;��[w�L&#xB;"&#x8;&#x4;��\�rrH�$��&#x1;��b�L��C3L&#x19;W�:u�}�r�Zduǘ?�c�!شש�Y&gt;u'&#x4;&#x1;�B��+ǆe�}&#x8;��9�&#xC;&#x14;F&#xF;�*�&#x1E;��&#x13;B�˃�ӹ��&#x4;���$nF�����ڝ��۵���Wh#�ϭYP&#x18;��X��޽&#x1B;�Iq&#x1A;�[�@�7]�m9&#x18;�SB{&#x1E;iw��4`ܐ;&#x1A;��Z���.�H$f�X�H��S8�NO#�T��C�N��W&#xB;�z�&#x1C;d�c&gt;X�ޔ5k&#x18;��)���p9�O{�n���|��ޢf&#x14;��&amp;��n&#x1;&lt;U�&#xB;�b0��r�s[֒c&#x1C;rk.5P�ӱ��0^2	���Y&#x10;���%G͌V�&#x17;�����&#x12;�U�j�W8^O�K�ĝ��c���'��&#x10;&#x6;&#x13;V%Qud&lt;��&#xC;�'\0�qgkm&#x8;7R�#;�3`&#x3;��k'R�f�&#x1D;�&#x1B;�&#x3;&#x1;c��\0}�p��:͛�&lt;L��j&#x1;���⳯��M /�e&#xF;"�*gq�\0�z
�5_&#x15;꺈h��"&#x13;�ȸ���5������Q&#xB;����9u&#x15;U�&#x10;ð�y�&#x1B;�=&#x5;r&#x17;�ݥ�=�8����8l�&#x1D;����jZ�͝�Ȁ��aG�k��&lt;9�D��\��T&#x1;&#x10;o�G�'��OD-�3�8&#x1F;z���&#x15;��w&#xC;
�&#x12;HB�9\0U&#xC;�LC�OV�sO&#x6;�&#x16;�&#x1E;�s���]�n��U��,p��곁��q޲��Y�Ns�KW&#x1A;v��5�&#x18;ϓ=�	��PN�=��u&#x16;:v�v�:l�&#x1D;z�&#xF;¼��&#x1;qy&#xC;O���I&#x1D;j{v�O�/&#xC;��&#x1B;&#x1E;�&#x4;��N(�y3��\0&#x1;U@&#x3;�&#x1D;*@���#����R�%&#x1C;�S�&#x1F;lw���;8m��J�)&#x1B;��i&#x14;�&#x11;t`Ts�Eo&#x19;y�"�I'&#x15;��4�ʑt���&#x12;F&#x1;�&#x1F;P��ՠ����uR7G�#杄v�ߏ��Y���\H?�?(?ָ]O�:�����1\�b�d&#x16;9�qI�դM��2c ݁��&#x4;d~5�_Cgqඑl�M�)�`&#x6;�&#x19;&#x15;�h�~�[&#x1D;X�].�&#x12;M&#x2;+8�Rʪ]&#x3;t$��5��]�&#x17;��2B���Q&lt;/p��&#x8;&#x7;S�Vа�&#x1F;/�WQ��A�}�U�1���&#x1D;??�)�$&#x1C;�*�#K&#x8;���&#x3;�Y�&#x8;�P`&#x13;�*��"�܃��t&#x15;��M	��&#x1E;�&#x1;9�&#x15;ǭV&#x19;��44&#x17;.D��&#x18;q�s�&#x15;&#x1C;��/&#x12;ɪ1��H-��r(��&#x18;&#x10;=�������&gt;�&#x18;_�$�&#x6;�Kk&#x11;s�ye�\0z&#x1B;r�9�j?Qe��_3�&#x13;�GF�+Ú��3�gi!s���C�]��Y�&#x16;&#x1E;t7
�yY&#x7;U���`�4Z&#x1C;(6�&#x15;ps�&#xF;4�&#x1A;9�3&#x8;��%y&#x4;��4��-�l��L���&#xE;U�j&#x1D;����[�C&#xE;&#xF;�i&#xF;aQP&#x19;";�79^W��B&#x6;�ǵ`�xV�&#x7;�ʯ�,��&#xC;&#x1F;��*)�l��eiNr&#x2;�&#x11;o��(��
��&#xB;�5KT�+]2�X��*y���&#x15;�&#x1F;.�&#x1;�.qX:��nm&#x4;+:8-�&#x11;�&#x18;����Kz&#x1C;��&#x6;!�b�k&#x6;�]�&#x3;��&#x15;n���(���+1�&#xF;'&#x1F;N��2H3O\0��ˏ�1�H79˓��Qgn�A&#x1D;�]�E&#x1D;FzUx@\0&#x13;Ӱ�&#xB;)&#x14;&gt;&#x8;��!��L�\0�"��&#x4;}&#x5;?ig;[��S$9��G�jCbE&#x13;&#xC;z{��+��&#x15;,q/*]�:sJT�&#x7; ��N7Rկ�G�wpΣ�&#xE;&#x15;~���&#x15;��&#x1E;&#xF;��+%��&#x1C;D�&#x17;&#x19;c�&#x1F;�]���m&#x1B;JUs&#x8;�Q�\0-&amp;��}�J�Ge�&#x7;H𾩪&#x5;u�Ʉ�����&#x7;z�t&#x5;鶊�ݱ�s��&#x6;�&#x1F;�t�+��$���&#x1C;�&#x2;��ZHI��#&#x1;��G57l,^�D�"ED&#x3;\0c�
�H&#x3;��a�q��q�v�%m���}j&#x19;e�&#xB;vye
6�s@�,�,K&#xE;�:&amp;6�&#x8;�ڲ�J��]�{�4�d��3�Y��*�"�Rf�&#x1A;`=x�&#x11;�03UA5"&#x1E;h&#x3;kO�Gyl����������\�&#x1D;$a��[Q��&gt;��έ����.�롬�Q��)&#x4;�&#x15;|��&gt;2�c��|d���$��&#xE;�CV&lt;0A������x����&#x7;\0�O�M&#x1;�i���gu�Ewz&#x14;�u��8F���޸=&#x1D;2enخ��T�A�&#x19;&#x2;��Ry -L�&#x1A;8)&#x19;dv&#xC;���&#x1C;&#x10;3үXY���"�a��銯�Z5��&#x16;�2ep��Һ&#x10;X3S�Pb)&#x17;r�O&#x7;�Uߡ6+�&#xF;� &#x3;�Jњ������;\� /&#x18;\0q�ϱ#1&amp;	�&#x5;�n���-&#x8;L���n+)_�H��M��&lt;�QU&amp;�f&#x5;@
���V�SU&#x18;带�po�&#x1C;�q�F&#x14;Յ��m���Ҵ�Y�;R##�t&#x15;W$̷�yy�S�ǥtZ'���pm�`��`&#xF;���I�*�_���0��+b�y&#x2;&#xB;K&#x12;"���)��v�AHw9}[EM*$X挙&#x1;&#xF;#��&gt;�+�����-�&#x5;^\0A��o�&#x11;�)s�A&#x1F;$��T�4�i���)� ������M��w&#x1E;���k2��Z!�&lt;I&#x13;t"���	&#x8;U&#xC;:�v��1������j��j��&#x1E;�&#xE;���ʜq��&#x15;&#x14;��&#x19;V�&#x1B;��&#x10;ɮ,_�ʾo��x�&lt;&#x1;Z�w�w&#x1F;0F8�j&#x1C;�P��ih�+~���=�l~��&#x1A;�́"@=&#x11;F3S�*��&#x3;&#x2;�#)&#x4;�&#x1;횞f�����})DO=Ē�ȥ���8�J�Y�t"+a&#x8;Q�[�ʽ&#x7;v�X&#x1E;={ן_�A-ԥ"Ufbx����&amp;V2&amp;����?��U��Չ"ٕ"�1�k��&#x17;��&#x4;���o&#x16;��v��\�a֮+c&#x1B;&#x6;=�RV&#x6;�&lt;�:�SڰY:sU�&#x1C;s�&#x11;�&#x18;`㚢E�*��U��-���gް�&#x1D;�5b&#x6;b8��N�lmZ�&#xB;5�!&#x1D;J�kJ����-�ݠ=J��&#x15;�&#xF;.a�Q��j�ͤ�7\0��&#x8;��,�O��&#xF;}=�1�m&#x1A;�i&#xF;%�5ybH� �ܞO�\��&amp;��"�b�#[&#x15;fc�*��_��YB��L��9&#x19;��ηٓ� &#x10;��)�&#xB;;-R��&#x17;	&#x19;�&gt;��&amp;����#Ӡ'&lt;&#x17;��W&#x15;{y=����1y&#x1C;�j�$��&#x1B;���i���_5�x��2�\0Q����s;;&#x11;��JE��h&#x4;�Q&#x11;��q�ֵ���X��2&#x11;�\p}�=&#x10;�1��"[,��C&#x1C;\0x?�G�&#x15;�����K�&#x6;�p;�d�&#x14;&#x19;�*z0�i\,C�iiqK�`
jd��1NRE04&#x3;\0��&#x5;)��|�&#x16;cԓ�R�X�r9&#x7;�+&#xE;�i��x�YePJ9*	�8�o�"�i,�U݆nY���\0�,G���/&#x11;�u&#x1B;eg&#x8;&#x2;&#x13;�֦�1��$L���\0��VR}�߱&#x1E;Tv�3�c��n�|�&#x10;�q ���{&#xB;M�X�&gt;d�(&#x1E;�aP�&#x1A;���5��=�c�hq����Ei&#x15;Ν&#x1D;Ġ����w&#x1E;�&#x1E;�l�6q[Fr�1�s�խJeM&#x2;�����/}�c�'���S���&#x3;&#x6;PFp*��ķ2&#x19;&amp;���rzVL��V�9&#x3;&#x7;��4��P�~�q�d��l��2&lt;�vڠ�{
�i�3�&#x4;�����O�WMc�|�*ya����}=�f&#xB;+{0&#x15;G�GA�?�M.�1�41�D&#x11;��U��5�n����ۢ��&#xE;)Ό�&#x4;�(&#x1D;&#x11;zS�3�1�;&#xE;\0��A�\&#x13;Ԛx8�i[&#x1;rz
��?��z�	�W&#x5;N&#x18;w&#x7;�c�^&#x1D;������wo�&#xF;�W�&#x8;~_��icr&#x1C;����d&#x7;&#x5;�xn��&#x17;�Ѯ&#x6;��&#x15;�-1���k�d/,,��bsр&#x7;&#x1F;��W�&#x15;���˗����&gt;⥠R��3͚�L|��5%���e,�&#x6;A&lt;WO}���c�&#x10;.S&#x1F;��&#x1F;�d&#x1C;�&#x15;#k&#xE;�ҡ�&#x3;�&gt;��&#x1D;��އ'Ѫ�R�Y&amp;Q��f��&#x11;ȩ�o�9&#x3;&#x15;&#x1A;�^愷��m#&#xB;�l)&#x4;2W3&#x13;&#x6;����Mj�W ��&#x1C;�?�`[���&#x19;b�&#xF;ƻ(&amp;�r&#x1E;��{&#x12;�&#x7;�5&#xC;П,`}jэ��&#x13;�O�=��^L2U&#xE;@�&gt;��{�h@0\F�&#x7;SS�&#x1C;qҫ�ј���'&#x2;�&#x7;�$�x�^;�M��r�M&#x2;&#x1E;MK&#xB;� ���}�Ч�P#U&#x14;J�&#x7;�c4�&#xC;g&lt;�H�xNA�Ҵ�&#x1B;�&#x7;�`9��&#x13;�,]n��G���WNq&#x19;&#x1B;�&#x4;�'9�r����v��f�F�Oz��&#x1E;#�"x�&#x1B;J�6~S�U�]&#x17;F��{T�Y$��xϘ?&#x1E;��t��w���~&#x1D;�Ԗ9v�m��+&#x1E;�º&#x1B;m'N�&#x4;�*;�������ӵW�/��I&gt;�an��&#x14;&#x6;v����z�mֳ6�ba��l\0�&#x6;&#x1;&#x19;�(��[�S�����h&#x3;#�W;q,��HŲ&#x1B;�j���Ew&#x13;^�oնrj��n&#x1F;p�S8
98�h�&#x12;�+�qN�[5ãHW �P&#xF;�g��-�?)��"�����aX�&#x14;���&#x13;��хm�9�t��/FBbFRѷGǶ&#xF;Jk$��V&#x18;"��e$�H&#x7;��i�]&#x14;_.U��\0u�}&#x17;&#x1D;Шb&#x10;6�c&amp;~\t&#x14;���0Y\0&#x5;�a�&#xF;&#x6;�0��06��O�&#x15;&#x1;Z&#x13;�	��Ҩ9&#x3;�#&#xC;R.&#x8;$��&#x7;�X&#x1E;��)�H�&#x1B;\0���&#x1F;&#x15;܈�4&#x18;�&#x8;���kgL�b�m��|��&#x1F;&#x11;�,�̍�&#x4;Q�¥&#x1;^=F�6�J���Z�7u}~^Y�&#x16;�&#x1;&#x1C;h�\0�_z��W�&#x14;Q�.6��q^�b�ki&#x1D;�/&#x8;�$w&gt;�3�)&#x17;GQT5ո��[&#x18;&#x1;Q+~��EQڮ.� z�v�[J�iFy�v&#x1F;__¢(g9��QE(�#�&#x1D;yi_�譭H�#��Ʉ���Ϡ����H����_JrE&#x1C;;���c�}MX��&#x3;�F�}I&#x1C;��&amp;��^{���}�Xi�&#x2;+��擁&#x12;�}}+YY$&#x1C;s�E���#��ڂ00��&#x18;?/���&#x15;�� �&#x1;�p�����I\
�&#x18;␊@WdW�Q�&#x1E;�"����Oj�i�&lt;�&#x6;W&#x1;����U��}};Ҝ&#x1E;&#xF;&gt;��]�#&#x1F;CL&#xB;
��*&#xB;�6���&gt; R��&#x1C;&#x11;NRz/?ʤ^8�G+�֎FK)�V&#x3;&amp;&#x13;��z�$��o!�x�6&#x1D;�b�&#x1F;#�&#x3;&gt;���&#x6;�a&#x12;5��;��&#x10;pU&gt;�֡�M#����&#x10;&#x13;�f�i�i%q�m\0&#x1F;��Tz���&lt;&#x1;�AK`H����&#x7;ֺ�$gbYd�u����YҜ&gt;�O&#x15;�ɲ/��&#xC;&#xF;�g�e���jĘ�p&#x14;&#xC;`T�*�94&#x12;&#x10;u��E�x�=�3��✣��5&#x1;f&lt;T�&#xF;�4
Ņa���(*wt��P&#x1;&#x1D;&#x18;�b,&#x1;۵+&amp;&#x14;2��&#x2;���9�ԟ9^&#x18;�4Ў�×�F�qq,XX��'�&#xE;�&#x12;?�r�]���bF2��A&lt;}&gt;��XirChֳ]Bʄ�Ly9�=*{��C$zm�E&#xF;\0�d�ǹ=�r����;��5Π�f`&#x1B;ˈ䜊e���d&#x12;[\0&#x16;9Ϙdb7\0;qZ:��&#x19;l,�I�F�s�ob}+���kq�{��F~�=���oе&#xB;���&lt;s�&#x16;=���&#x1D;I&#x1E;��&#x19;Riw�C1���LB�j��&#x6;y5\n���&#x1E;�VFj�;�I#�-,��&#x8;&#x1E;Q�����Q&#x13;�&#x1D;~�=�����fY�'֜�8dpi%ef9I�ݗpA#&#x1C;��&#x1E; �6=���Lȼ&#xC;����&#x5;�v��O�j\�X�&#x11;�e8.��&#x15;�H�\0&#x1;O'&#x1F;6?�U[�xݴ�䎵hĒ��&#x4;&#x13;��'�W��m�Sz��?Ľ?&#x1F;J�\0
r��Ӟ�,r�l�&#x4;�Мp~���S.��&#x13;&#x1;ӟ��M7�=&#xE;���%&#x7;\0 �kV
5G&#xE;2&#x17;\0�h��
�8b�&#x2;�0\0��.t�9�]���+m&#x1;�p:&#xF;έ'k�ȫ�gwy&#x1D;r����&#x1B;�\0�]|11#=i4m&#x19;�&#x14;�W
����]-��V�\0te�Mck��*Yi��Ν:)�@\0&#x1D;1��.!����E�5&#x19;,Ʃ�z��&#x1C;���&#x1E;&#x1B;�J��&#xC;�&#x1B;��+�Լc:j2�ڬ*��T��;�Sw4�)&#x16;1��d��I&lt;&#x6;�WFin&#x1E;8�� rM&#x2;{&#x1C;�i��������!�M��;y=s^�&#x2;&#x18;�&#x18;�@&lt;�8���;kx��a#P�&#x1C;g&#x2;����QH�&#x15;��k&#x16;&#x1A;a�wp&#x15;��c�$P2�!&#x1D;*&lt;q�A�ꋪ��w&#x1C;e&#x11;�\0&#x13;�&#x7;&#x15;|�nԬ&#x5;S���&#x1E;�T̄u���Hd.�`S6��E��Mn&#x7;&#x3;4�3*�=&#x7;jkH&#x11;L��&#x11;FI&gt;��&#x15;��&#x16;qy�R*&#x1;�=ϰ�&#x17;Z׮u&#x16;1�c��&#x8;:��Ӹ�������F��&#xC;��e&lt;&#x12;=���&#x4;&#x13;�i��PMr &#x1F;/��T$F�&#x17;�&#x13;�5=�&#x6;&#x12;����&#x15;I��71�&lt;�Y�؋&#xE;����J��e믖&#xF;��k=�bm�kGQ#*��U&#xB;�&#x2;�7��ԄWb[&#x4;�&#x1;�S�&lt;S&#x13;�e��%��&#x7;'ڢ&#x7;&#x3;8�ԑ��K'�p;qң���&#x19;QU��&#x12;%&#x1C;T�&#x3;/Z�9QK�a��z&#x5;��^m�p�4i&#x10;ǘz�&#x12;k�մ�C&#x14;�z���]�,���X{�I����&#x19;�O��6󗑰Y������K!�Wgv��rk�&#x1B;�Oo�]��$PL�\c=����,�bI�M8&amp;jO,�q&#x11;b��q�T�	�Jb���+��q�z��S�&#x13;q媶�p0D��z�1(r)3H����P��&#x14;`C&#xE;qI岶&#x8;��]r��t`�G�=��3���j���8�&#x4;�&#x1D;j�:��&#x10;�c�&#x1D;*8&#x1D;cb�%����߅&gt;Yd����&#x3;�?
oR&#xB;�ȳ/&#x7;4�hY�@@�n�V�9&#x1E;eH�.�&#x3;&#x15;�h�&#xF;��ܽ��&#x6;H&#x1E;�
�&#x15;���,�&#x1A;�&#x10;���n&#x1B;���\�Qi��M񸿔̩��&#x12;�&#xC;vϯ��oizM��o��Ű&#x1E;Y��?�4���g�A���&#x17;��z�}&#x5;7&amp;�)$�h�&#x1A;&#x5;E
�1�0&#x5;s���4�1��ss�b�&#x14;���5�&#x18;�ꛭ���۷&#x4;&#x3;�&#x11;�k&#x2;+a���4���E�KR�u��6�V+�+�W�*���0�6epr&#x18;6&#x8;�q��e�&#x8;�i[�D&#x19;5��	;��Wpǂ-Ӡ&gt;�{Ӹ��?�5}_P&#xB;&#x1D;�Mn&#x1;��&#xC;c�޻&#x1;�Ҙ���DUU^&#x2;��&#x1F;�8�&#x6;I\0&#xE;��e&#xE;�9=�=k&#xB;�&#x12;�&#x1D;u3bn9&#x1C;&#x19;G�Ϧka�b&#x1;Q�&lt;��&#x4;R&#x3;&#x3;�:���h%1�&#x14;�~�g�q����\0�n���=��&#x8;�;&#x1F;J�5�&#xE;.�&gt;�&#x1B;k'G&#x1C;&#x1C;V���A�X}�&#x6;-�,�ǒi�kr��t�3C�&#xB;�&#xB;)%���}���IFh\0b&#x17;���&#x7;�t�&#x3;9c�W�sI��6�t&#x1E;eÜ�
��1�&#x2;���&#x17;R�&#x13;�9B��v��_r����&#x1A;5&#x1B;9���sY:���&#x8;R&#x10;�\&#x1E;ݗ���}�rOC'��+	�21-�&#x13;׹�ܻ&#x1;�%���5č+����&#xF;J�G&#x1C;�+�&#x15;���B"�c޹}J�&#xB;��&#x18;Q�ӎ�؆�� ڇ'�V{�ǩ�(&#x5;ߎ��Hau&#x19;�~������j��
��&#x10;VX�|&#x11;T��{S�˸&#x7;ִ%�פ��x�7n&gt;ƿZ�$�����qe&#xE;�T&#x1C;�	�A)☆���GjD &#x1A;}J$#$T�y&#x2;�NMN�xq�R%�_0&#x1B;���?AU�pi�!��&#x7;�=�p���t��OzhE&#x15;����&#x16;z��c�&#x1;1K�9�e�i��&#x11;��&#x15;��s�T�&#x15;vU�\0z��B��?�YxՇ&#x6;����&#x14;�fDP����׵������0�L������L���ʚK��&#x1;.�&#x8;��oΘ�Y�ѩ&#x5;��T����&#x19;.2&#x14;&#xC;��i���\a��3��[��̖�&#x10;V&gt;]��&#x1A;w�)^�&gt;RUm�?��iP�%f�+�1�]&#x17;�KX%�d:&#x12;T�&gt;���b�k�V8b2Hǀ��9�va�&#x18;��;I��WY��^�Wea,꨿�P&#x1;&#x19;�n��m�&#xB;Ua&gt;�&#x1;&#x1D;�&#x7;��졆(#&#x11;�&#x1A;F�0&#x15;F&#x5;;�f^���/L��[&#xF;0&#xC;o~Mk�:��&#x5;&#xC;&#xE;ӎ���g9��z�E�!mm�4&#x1C;��*���^qsqw��5���ٺ�^�"�&#xC;�&#x8;&#x19;[��d0�W&#x1F;��)��ސ�6'-nN&#x7;��4��q�4�}&#x5;jh�� 1&#xF;"�}�u�&#x1E;��M&#x3;��&#x19;K�X�$&#x1C;�p~U���`�&#x11;B��Q�
0&#x7;�F��&#x1B;&#x19;�6�a�FE�d��zY&#xE;X�\0�Ҵ�h�__񅵖�m?�&amp;����UO�4jQ��jv�U����*��&lt;��&#x15;�O�j�*���ͦ�&#xF;8���T��˽J�]겴�NB1���WY&#xB;[��&#x16;vHc^��&#x1;P�m��eI�&#xB;&#x13;h��8p2&#x1C;&#x1F;��ʰ���&#xF;R&#x1A;l2��g&#xB;&#xF;�Ϸ��w���A!����g��v�&#x3;��G�,��vA&#x18;iOߙ�]��{}*���&#x1A;&#x10;&#x16;0�&lt;~[�&#x5;�9�}*Jm1�QK;&#x5;Q�$�
\0~y��_[��6�&#x5;���\0	��\牼h��ZinY�4���W&#x15;m���)o0�'�ǩ�&#x19;���\\&#x19;��2JG��&gt;����qYVZ�r�2&#x1D;�u&#x6;�`�"�RH=+.�&#x5;PO�J�+H��mQ�&#xE;�h���M������B�p�ֳ6�+e��Е�E���&amp;���/e��Ľ&#x14;t&#x1F;�z��ZF4)����l�0��4o�Z��&#x4;R���Vɐ���9�&lt;r*&#x15;�_&gt;��s�gz&#x18;�X&#xE;G �*U�2���T�&lt;&#x10;y���4&#x6;�\0&#x1F;���F�iŏCL�&#xB;
T&#xF;z�:��W�&#x2;�G�©&#x12;�Rp&#x5;Wn�bQ�j&#x6;��@&gt;���&#x15;&#x18;�֟Ҁcg���\0W���9$Y&#x14;c�r˼&#x6;e&#x1F;PqN&#x16;�8����|�&#x1F;z����j��1Vڧ"���&#x1;�&#x14;�r*��&lt;M�&#x1F;�*&gt;&#xF;&lt;��d���G�&#x1D;V�O=�&#x4;&gt;ݽ�l��&#x1E;����7�`&#x1F;+�&#x18;&#x16;&#x1;z��ħ��&#x15;R͖&#x1D;YH+����̦XX��q�Ob==�5��dJ.:�"���Q��Y-�J�&#x1C;�=�K&#x15;��w&#x16;��H�t�&#x17;V��Gf�&gt;3�?&amp;=sҽ&#x1B;H��&#x16;*$�&#x2;{�|�&#xC; &gt;�c)+�rZG��&#xB;��&lt;�E�&#x1D;�9��
�4�.�M�%�@69������&#x7;&#x1C;P&#x7;5V� �&#x14;�F8&#x4;�U&#x8;A֝Po�P6)U���\��[].��"��d���`�&#xF;��i&#x1;��Y�.�o��-ոe&#x1B;���U5�L&#x4;�څ�:u��w&#x5;�Q�v���PN�ϒS;�ӑ��R&#x4;y���K�rO���m���徿�Q�TV�9��ݏZ���&#x1F;&#x13;��&#x1A;&lt;�f�&#x1C;���7�Ұ`�Z��:jZ2�)�1&#x1C;(��+�&#x11;&#x12;M�7:�&#x1A;z�AyO݉:�V�&lt;?{�J�Z�0[�c�S��\0&#x2;��u���b�L�\����&#x1C;��&#x6;z�V�~�$��$2&#x8;b��a�&#x16;8�aQF\0�S�b���׵�]&#x16;ܼͺb&gt;H��e&#x17;����-�{�Dq�L�&amp;�mOU��+4V�������5�.�Ov_P���&#xC;� �kJ�H6�l&#x17;����&#x15;&#x12;��Ma&#xB;��y�-q&#x1D;�I&#x15;�S&#x10;3�&#x2;	�T�+i���k�4,:��&#x3;���&#xF;&#xB;�)&#x1;�&#x11;�5J��.�·lW=�p&#x1B;��~ѽ&#x19;j�Zؿm�iJ&#x3;G&#x11; �\0x�Iq�[��&gt;������V5�������%��cЏj�}j�Ѳ7;�&#x18;�}j[w�|�{#���)��.�
Nv��qڥ�Y-�xd]��&#x4;&#x1A;�z&#x1C;�ƺ�&#x14;��&amp;&#x4;�h&#x7;&#x7;4�Qִ3&#x1E;&#xE;M&#x3;�
h&#x19;�&gt;�&#xC;�v&#x1F;&#x1E;��������J�&#x11;��u��Z�&#x2;�=��&#x1;y���b;S؂��M0�B�&#x5;�~���}hf-�R��*~��|�V�9A�&#x10;;�64��⦁&#x1B;�_�h��,�%j&#x6;^j�E��j&#x13;&#x16;	&#x6;��J�94����������&#x1;&#x13;@A;p&#xF;qQ&#x10;A&#x5;���V��A�)�y��&#xB;�&#x19;r&#x1;�9;�p�m&#x19;U��hL�&#x7;`)V1)�8?\S�X�N{`־���[��&#x4;V�&#xC;��&#x5;3�I&#x15;t�&#x12;���i��&#xE;�6�\0�O�u�7��,w&#x17;ţ&lt;&#x1F;-&#xE;&#xE;=&#x1B;�+sF����,đ�&#x16;9�}kTU$s�Wz&#x11;�o&#x15;�b(#H�s�&#x6;&#x5;L&#x5; �KU�&#x1B;�IMvT�*&amp;v��~Q֋��H��zS��&#x12;�B�cJ��n&#x17;��&#x1E;�\0�m�My.��jM���,�I!uh� �^��0�4ՅT�&#x1C;�ӽ�����n�&#x1C;SG��仃�'��+n�\0�����+O*F��F㌟AI�&amp;��&lt;&#x1A;�c�[�9�+�0�� �8�����b���qF9�94�a4�	�!?�Gqq�&#xF;=ċ&#x1C;h2Y�
�&#x14;��[�m4��A�r0�?��P3k��1�O�k`Vk������&amp;��i����'����,�5	&#x4;��5�o%�Q)\0�c&amp;�d&#xB;S����� be��&lt;&#x1A;І����Q�&#x1F;�ʛ&#x12;��&#x3;sJ���*ْ9\0$�Lu&amp;�&#x1B;�;R�I�#99&#x7;��*�&#xC;���S�ѽE$�c&#x13;&#x1F;	�W��S"�����c&#x1F;&amp;Ǆ��&#x1D;}OcQ�&#x18;c��v'���&#xF;&amp;7)�&#x1;�H��G&#x14;֢h��:�\0���\0̸?�a����&#x6;ޱ��b66t;��v��Q�S�ch��ЁWv�&#x19;Ny��&#x18;&#x1E;�&#x12;1�!&#xC;&lt;����m���K�2i�N)�B��ޢ�A?J����5&#xF;���}��&#xE;�� $0"�4S$ֵ�͇x&#x1C;5Y�܉����c�c&#x10;&#x1C;|��v�&#xC;��Z�dؾW\��.�&#x15;y��~x�Ters��Z�nS1`�Ȥ&#x11;c�V�0�J�g��.YN&#x17; p)�&#x12;89랞�!�[�9�7����&#x15;�&#xF;M&#x19;NK2y�&#x5;_�5&#xB;�"C�8h�Xۡ�\0
��8��&#x15;&#x13;�Q��&#x15;wc�G�iz���&#x7;�&#xB;a�&#xC;��?ϭ_�^G&#x15;���	m�h�wS]ց�mA&#x16;&#x1B;�Xn�&#x1C;�+�?¶M�Q�s��'&#x3;$┞M5����&#xE;��&#x14;������ʛ���'��Z�&amp;��j���^+�]\&gt;�upda)���pz�^��I.n4&#x18;&amp;���v��c���;h=$G���&#x1C;Tʡx&#x1C;S��&#x14;�&#x14;R3&#x5;RǠ&#x19;�;�B]F�e��&#x3;&gt;&#x2;&#x17;&lt;��9\�ӡ�H�{}(GM&gt;4��~�&#xE;0��}�;Ⱥ��G@�6�p�a��ó&#xF;n~��V"��x�y"kR&#x1B;sĤ}�� �&#x4;���ӟJ
ةe��d��_���ǩ�TR&#x13;A O�*���[i6�Y�X�$c�&#x1A;��7����m�Y'�#�&#xE;R?����N�\I쥓S�y�T��G�g��ڍG�jjڅ��%�&#x8;s&#x1D;�}�������R��9�&gt;����\0&#x11;��Ks=�&#x1C;�3�&#x7;_���G&#x1;8\0sP��a)'�+�Y�S$&#x12;���&#xC;2&#x1D;��5�g�I9&#x1;W���Ib���t�&#x7;�jeR\��V&#x17;�x�"2O�OC�*�2��!\�?v���Y��*��c�^ѵ��\0��2�C��+;6����F]&#xC;C��]�:���S�&#xC;I��&lt;}*	�ϛy&#x1F;0��Ry��c��}j&#x19;C'�z�9s۵X$�&#x19;8"�|&#x10;8\0� �B1�h�h����G�a&#x11;���]�����[P@�S�68A�}(�&lt;&#x1C;`��&#xF;*&#x6;w' �EuS����V�8�ҚzV�·w&#x10;&#x5;B�&#x8;�&#x1D;k&gt;KY�'t.�Q��I3&gt;V�+����0{�b1J�&#x1A;�&#xE;���.�3�h�Jēu�&#x1A;Fo^�&#x1C;nA�j{&#x1D;Ƙ���"�u\}�f1W4�&#x1E;K��a&#x8;&gt;bH�L��� ځ{\0&#x5;Z�
A�����6���&#x3;�l��Y1�:�&#x7;C۵+&#x1C;-3�֘����P�@㚰ýD�)&#x1;F��X&#x5;�\0~�&#x1F;�_3�&#x18;##�Ұ&#x19;pO��cS�vɵ_�&#x1D;��5�8��JH�w&#x4;�EA c�ԪV@&#xF;\0�\0t#ڡ�fT�&#x6;G�&#x8;�Q�ԂFT&#x5;�MQ�v-��v5+&#x2;I$��&#xE;�qZ�&#x1D;��&lt;lc�g��+�g&#x3;��ƻ��&lt;a�ãr
�&#xF;�^&#x12;��]&#x7;�&lt;Sw����}hO1��~�V�Rw;�
�WWF�kP\�y &#x1A;ۆ4�$�4&#x8;�0�:&#x1;U��F�T�K�G�&#x1B;~j}[��aj������r�Kn�c&gt;�{
���xn��&#x18;���^U���t��n���ui&#xC;�3�&#x11;'x�/�9�����&#x1B;)#j)����xq&#x11;|&#x1F;�n�=���Jm`7&#x2;r��&#xE;2Ǐå&gt;&#x8;c�%�%
�0�;S�&#xB;�:&#x11;HM&#x4;�+7Y�l�{c%ˍ��Ƨ�j&#x4;]��+X&#x1E;y�X�nfn�W�x��Rj&#x8;l����N&#x1E;S�?�
�ֵ�C\���&#x15;9HS������&#x5;�HM��&#x2;y?�Y�&#x10;���5,qn9��֬�m��?
�"H�w&#x1B;q�K2I�&#x12;�/J�����D'p�\0���B�;&#x2;a�*Ϸ&#xC;��e#XAȧq&lt;&#x1A;tb%&#x1B;��A�k����r��?ʧ�s�y&#x1F;����o/�bR&lt;*z��&#x8;s3��M&#xF;��&#xE;&#xC;q&#x1E;��5A$h�]N
��M$&#x11;�Sk�0IX�rrwgse4sۤ��Ys��S3(&#x1;@&#x3;��\�����&#x4;|����WN��U�2&#x19;q�A�IÕ�0��&#x6;�)ϭBe��UC;p���S��r&#xE;}j��!��]��_�&#x14;E]�'djE��&#x18;&#x16;+P��;�d�H}G�x��jW�&#xF;�k)GUé�_���Zm��[}�@�&#x8;#1�ݎq׶i�D�9�E&#x1A; ��d' u���T�ǫ#K�,	'b=*)&#x19;&#x1B;&#x14;��!U�
c�'���;+�v��#{H��x�&#x15;N].&#x12;s�&#x1F;J�&#xF;��&#x4;w�*��%�=�7�&#x17;�X��5^M*E?+)����qLx��UY&#xE;�Y͵��z~�-���&#x1E;����SPJ�&#x18;
�&#x13;�Hʥ.T�R�N&#xB;���'�&#x1D;+M&#x2;��O�2&lt;&#x1D;��3D&#x7;+]V8�&#x1C;�&#x1B;�[�&#x1;&#x6;{U&#x1;��U�!S&#x15;H�9� q�7'&amp;��C��B&#x1E;&#x8;&gt;�&#x1B;)�&#x14;�88�s@&#x1C;�H�x��j�2ȹ&#x1C;&#x1F;AQ&#x1B;o��\0JT�*����W&#x14;�gld�f)d��z֌3,ь&#x11;�&lt;��U(�.�����J&#x1D;��#ڲh�F�,\[&#xE;�@&amp;��1ȭ�&#x14;�&#x12;��I8�QKj��n�&#x7;&#x19;�$�'Nڣ&#x15;��cӽ@�sҵ�׶�\0ҫ�j3��J�25&#x1B;��׺M���fN~e���Q^���\0&#x12;�kP*�&#x16;+�|б�Ϸ��(k\7��)�G$3,�JQ��X&#xE;A�j�&amp;�o�(�O.X���\0&#xB;&#xC;�Ӹ&#x1C;\0\0�&#x1D;&#x5;s�&#x11;�.u[&#x16;�PS$\o&#x3;&#x1B;����CHb�
Cɨ�
��U&#x1;W�\�������!�����0���E�&#x11;��&#x1D;=M��I�OR9X����	帽��u+K+uf?�ڤ��&#x5;���EL-�'&#x7;�:T9	ܨ�s������Im�&gt;?
�of&#x1D;F_�'��"lV��wo�I'�q]&#x1E;���P�`w9&#x1F;v��tQ�&#x1B;�2q���&amp;�,�Nm�m�{/z�R��6�&#xB;�����,�&gt;��s��	&#x2;�w\0v�SZWJc��&#x11;�J�̷R�$��\0c�E8���锕5dCx�&#x5;�HN�Y��\0
�$L�n�9�����;�\0׮����I6��X�Bj��'�Z��z&gt;��\0M?����Y&#x4;&#x1;��6�s���VO���g&#x1F;�?����&#x2;ՇI&#x7;���\0ףN�+�5�[�$K�Ǯ1E���5�|���e�eV�|���"���^&#xF;��\0׬�&#x5;{���k&#x1B;�Z�&#x16;��!\0�2�򓎙�_ƭ=���\`G&#xE;w&#x10;&#xE;K�z�Cο��&#x1E;?�@�����i868M'��HA&#x19;&#x1C;Uf�՟mq1�Y���]]ό��V&#xE;&#xE;'R��!94��d&#x13;�&#x14;Ռ��~��&#x19;���J�����R`&#x1E;)�&#x19;�~oҜ���_�&amp;2&amp;U'�C4e��֮&#x18;���)&lt;��n��MJ�qMXɎb8#&#x4;u&#x15;me��o-\0;�`�*(�,�,?&#x1;]��̮y�)��`�&#x1A;�z��&#x1E;A���S,&#x1B;�&#x1B;�\0J�Ţ]�x�0�*#&#x1;&#x1F;�:w�\0�N�I'.0&#x7;�&#x2;&#x17; 1�c�o�pN�ҘU��oҀ���PK&#x7;&#x8;]��� S\0\0 S\0\0PK&#x3;&#x4;&#x14;\0&#x8;\0&#x8;\0@vE?\0\0\0\0\0\0\0\0\0\0\0\0$\0\0\0Documents/1/Pages/_rels/1.fpage.rels���J�0&#x10;&#x6;��;��7�vUD���&#x5;YA(��%��6���&amp;SY�̓��+&#x18;�`Ջ+��L&amp;��;���y�:�}�&gt;(k
��%h�m��
6P;�f���٢½��&#x13;z�B&#x12;&#x1F;�P����\0&#x4;٣&#x16;�[�&amp;޴�kA��;pB�D����&#x15;�i&#x6;�����wH&#x5;����FC&#x1;2�G&#x12;� &#x1;e�ɶe�c&#x3;K6M��h�&#x1F;&#x1D;~qh%��%.���&#xB;o��&#x10;&#x5;�+C��&#xE;���\0&#x15;&#x6;;x�&#x1;6:&#x12;�ߕ�� ;Y��0(��̏�?v�&#x13;G�����1�[�{�v��FI&#x1A;{/~�&#x17;&gt;��8y&#x5;PK&#x7;&#x8;&#x1E;���&#x7;&#x1;\0\0$&#x3;\0\0PK&#x3;&#x4;&#x14;\0&#x8;\0&#x8;\0@vE?\0\0\0\0\0\0\0\0\0\0\0\0&#x19;\0\0\0Documents/1/Pages/1.fpage�]��H�%���+�^$ &#x19;�t:����^b0��&#x1D;`�+H�&amp;�v��40ݽ�Y���W�̎�9�`����Y5�@W&#x1A;����}&#x1E;;���������������������Ͽ�a&#x18;�ːx�������C��x�o?����?���?���?�׿��o�����?����?��/������������������&#x10;��&#x4;�����&#x1F;��_~�ÿ���?���������y�&#x7;��������w�ݿ��?��v����O���������������o?�駿���O���o��O��&#x1F;����y&#xB;���B{i��MoM3�T���&#x1F;~����/��鯷&#x1F;��������w?���ǿ�?o��~��&#x1F;~������w����O�����d�Y?����?����������۷x��&#x12;��+�!���q�q�GӇ�t�����������&#xF;��?�ӏ]�������ߑ�p{�S���&#x1B;Jbq&#x12;�&#x1C;/	&#x1F;������|�s7]NӖKL"���&gt;7m�����|i�⨿�t{&#xF;9�|{�o�gn�&#xC;�5������������?������?������}n?'ZW���޾�&#x7;�T��\���?��&#x1F;��v��?����0&#x2;�v�&lt;=��K�#���*h&#x1;���&#x15;�}[J�s&#x19;�&#x1B;�!I�I���H
�ӽ�ش�E���%�&#xE;�3���&#x7;�%��q����+&amp;��n���&#x12;�S$ML_BGr�\0a��!�s�&#x17;t��&#x16;-]A�����&#xE;ޚ�"v�&#x1A;f1MO�?Kb��N���(&#x1F;n�9D�S�&#x1C;���J���&#xC;����W�O(����&#x1C;���x[S'nhڤm�L�uzÓt[_�
�m��ަ�D��6.��&#x15;3�Ƿ�Nʢ��&#xB;���&#x1C;w-/�\�Q�2&#x1D;���h��.�&#x1A;�&#x5;&#x12;m"&#x11;?�����8=.�� �5��&#x7;��v��&#x1D;tS&#x17;���oXQ�j�4&#x15;���6oZ��r(&#x7;m�=ʂO�Q�?��Rz˗r[a��n�%�8)��ӂ{����^��	&#x12;&#x3;-�i�&#x6;�I#k&#x2;bs{��V����c��N�sp��i��۪����8&#x1D;�n�fR2��I�E�%�&#x11;m�۩o���C�%��&#xE;��V��`n+,&#x14;]l���&#x14;�����D&#x1C;n�G���MG����´Un{���;=&#x16;���Nd�d{�����OʁN����MᎴ���nZ�,fZ&#x10;���}�t�&#xF;�{&amp;�І�������?��w�M��C���ln��&#x1D;7&#xC;�ʡn������.&#x1A;P&#x14;D3�P���m�����j�I??-
1�����p{d"Ӳ�8&#x19;��*�3�&amp;V�r
�w��i�&#x6;^p�n`��.%��%�&#x2;_��gz&#x13;��Do7�"�a�&#x5;��&#x1B;r&#x13;hu˵�iE�L�8�]&#xC;r&#x17;��(|&#x13;�j��)�	��d���&#x4;?�+	t1�y���_���c��&#x18;�&gt;F�2F��!����BNrN����&amp;Oo�6��z��{�d�W�&gt;�+z��&#x7;���N�stv����&#x18;.E� �&#x1B;��n;��5´ &#xF;�oY���K&gt;&#x1;V��z�|y��i&#x1F;dVF����нMڂ&lt;�Դ�H �q&#x12;n��?�&#x15;&#x1E;����UNL&#x7;�֙T&#x11;]���pA���]tS���&lt;�D�&#x2;ۄwq��wW~��A�or&#x2;�������&#x10;�r@�&#x7;b*r�����'uʿ���&#x1E;כI��'�c'���&lt;ف�{&amp;)�c�:�DJ&#x1B;/?���n��n&#x13;&#x17;��&#x18;�|����E��&#x8;*�)�&#x11;?}�����9�&#x12;NMϣ�7� B�RѪ�����b�K��&#x13;ŨM�&#x1A;ۉ�&#x11;]l�w�L��T	���+}ڴq�V&#x17;�6�7o����N7����93�0i&#x1F;_��&#x14;&#x11;&#x7;y�1��.�\0�&#x2;9=�&lt;�Z�N�&#xB;�&lt;&#x4;�$Ȟ���`�XV��,�J��"Ç
�SD|&#x19;�XV�m�&#x15;�.��5�|&#x6;�&#x1C;&amp;�Y�&#x2;�ﮓr�5}&#x12;r&#x17;a;�[��F����_\�(���E�RYh�+�;6���II�=��۬
��;`�&#x15;������� ��a���89&#x1A;N|&#x18;&#x1E;&#xC;�&#x13;�v~ܵ2��L}d�y�e�'&#x11;�d(d�Y�@���E��3���G�&lt;1�e�&#x17;�My�(�,
�&#x14;W�X�&#x16;�&#x13;"���jf=�&#x17;&#x1;9��&amp;�M.1�%���_��I�u&#x15;$pN���$	�;&#x12;孧���S��=p��������
߉�s��z��&#x16;�{&#x1D;Dѫ��Oc&#x12;u&#x3;L&#x7;��&#x7;&#xE;�شə�\0�B)�&#x1;�$t$���%4�W0^2&gt;&gt;�[�&#x13;��6Z�
bV��&#xF;��m+&#x17;	�￙n�PO�]�b�&#x1B;�C�S/gr&#x1F;\d�F�5�`��|0vH��D�&#x11;�s�y'�XG�&#x7;K+��"�|N�Nd&#xF;2!qx���&#x8;i		I���&#x14;HX82dGH�pd&#x12;&#x11;�&#xC;���^nK�a�b&#x17;�$]�r{p�+7�un|&#x10;�?�&#x1A;��&#x7;�[��&gt;:y5&#x1C;�l��BY�S��&#x15;F{��&#x10;)O����U�i�s䁬A&#x3;O]�3{Γ&#x1B;�dYiV@dVt�|���&#xF;�&#x13;��&#xE;&#x16;b&#x14;���&#x1B;�����4����I�[����&lt;K+�Ƚ�ݘ��8ׁ�ژuo��&#x1E;%�$�=p&#xE;:P�ֶA&#x12;�3F�Ux~|��u�&#x17;l&#x1A;h}�8�wI�L��ʲd��)�be%8��&#x17;t��A&#x17;٥S��O��*&gt;�fI�hz&#x1C;߂�Z7!,GoM�aNل8{�ˌ�v�&#x11;��C3"6&#x4;&#x6;ĬG&#x17;�Z����'��.�&#x13;
�B�#��Ȓ���&#x12;���&#x1E;�:&gt;ɇ{}&#xE;�&#x5;����&#x15;���az��M�&#x8;�&#x14;��#"�is�i$��&#x16;��X�����&#x19;
ZNK&#x12;�&#x2;6&#xF;&#x5;Y0�A�i�Ce-]�Ӎ&#x4;&lt;E\0�$s�&#x13;+�.���&#x17;�,�K�ALE�����&#x7;�g���r|�^����o&#x12;�\�Hy$筒�s���&#x7;+�t���M��(�q�yg����d&#x1A;͇&#x15;�9�`Yq$�&#x13;�T���o�&#x15;�4&#x11;&#xB;PH�,�"&#x7;x¢�G��w$�%'3�y����q@u����Vt�d ry��XQiJ���k���+��&#x10;!��W��(�&#x13;�'���&amp;/�T`��3�PYSX��*�&#x1A;�k��P:87�((�(9&#x19;�&#x1F;�EC�}�L7�F1�c�?&amp;���Ǜ-&lt;{�R`�PNMj&amp;t&#x1D;&#x4;�c&#x2;od6埛�-x&#x6;�sP�\��d&#xF;#����!;Q.��pt������&#x6;��{ۀ,��Rvl�83�U=u\�yC�-cO��#a&#x15;&#x1F;&#x18;��B�n�D&#x1E;_=�&#x13;���5&#x12;G2�q9N}&#x4;,�&#x7;&#x15;%&#xE;��6�Ƙ�&#x5;�d&#x6;�@�!'PDѶl6Zy���ڈ&#x4;&#x1F;����佽��s(�&#x1C;&#x4;�e&#xC;�
L$��&#x1C;��8}&#xF;߼�p�\� �H��&#x1F;�����&#x14;�8�&#x8;�"&#x2;&#x12;&#x2;9Ձ2�&#x13; &#x7;]њ-o8�gK�j�&#x1D;�����i&#xB;^�^6���&#x1C;�^ƞ���o�Tk�!&#xE;���'鈕��}B�&#x5;r��c�*�r�G����t�&#x1F;���O���Tŕc=�?�&#xF;�3t�&#x11;&#x2;z�t�&gt;;�#�&#x13;��;&#x3;��z&#x6;B&#x19;ɑ��q���ky*����p�G�'�a&gt;������?��&#x12;���!���&amp;Ŗ����(U՞�A&#x1A;��Q�&#x14;&#x11;6&#x1D;%&gt;��s{dl&gt;��!I�_�k&#x8;�&amp;	}�"��,���7+�\�lѴJ�^�NX�Uu8&#xE;��.p�G7ݵ�&#x4;�&#x1B;&#x12;�.�EW_I���]��&#x14;�����&#x1C;��?�vt'�b�&#x6;'|e�ϖ"&#x1C;�2i�6&#xC;�N�&#x7;��&amp;&amp;p2\0���J&#x12;&#x16;��~��E6�&#x12;&#x13;I�&#x13;&#x1F;�}�j�&#x6;:��q&#x2;v��"��rȕx;�s��;�n�j[��B�@�&#xF;8TR�I�&#xF;�&#x3;�IΫ%I��6��&#xB;�&#x1E;����m9q&amp;&gt;~�+	��&#x19;D&amp;�R�*�?&#xF;��ɟ�-��F~p&#x11;H��*Ns���&#x14;��.&#x7;��!�3	N$��T&#x1F;&#x2;�Tn��&#x14;����o&#x1E;��2ў��&#xB;&#x8;yJW&#x1C;�{M�Nb�&#x11;��˹�ii�%D�K�Bj-��m�o&#x12;�v��j��i9���Hrl*�)|N�e��Μ/��rzN�=&#x10;���o��q�l{�C�蹐S5�
������[z�c&gt;�\���u���QUvZjlӡ��Y5��?DeX
c&#x6;��&#x15;��T곂&#x14;�(�&#xF;b�#�H�ȩX�3�&#xC;.��!�@�
)r�h�.(K��a�Bm&#x1C;֘���=��M&#x4;���&#x1B;��2YQ���%{��i�,��&#x2;&#x15;��4W&#x3;&#xB;�&#x1B;�&#x17;d&#x15;$Z�N�ot˶�*f�8��&gt;����a�����A=��&#xB;&#x16;���s&#x1D;]
o�0&#xE;��J4	�'�I�&#x8;ײeON*�s[*)4��m��n&#x6;��Z��3
��P&#x3;&#x8;�;��E&#x1A;#��Q&#x1E;ϻɴT�H.��S��&#x16;�����0�;,��OY�!?�؇�u��w��&#x1E;}��_W�e;@&#x13;�N�\�S�f%R[&#xF;&#x1F;�kϨ&lt;UR?mA��&#x1;���줰�_y�=&#x17;�ā���&#x1D;Q�G�n&#x10;/��T��C~�*�i&#x15;7\0&#x10;G+aN��&#xB;h�wT¨$��&#x17;�J�$*
%$$�Y7�\zw&#x1;�&#x16;]FmT����ٍGZz2١�z&#x4;��&#x16;����y&#x16;t�.��^�RBJ3�&#x1;���$z=�:4ہv%&#x15;�~F�&#x7;���M{�p&#xE;v�p6�&#x12;�V�:N��&#x5;�X��&amp;�v�� �&#x8;���Y"^$�W&#x16;��t��&#x1;�֝����"��ŧ�B]&#x6;�񶬋�x��&#xC;�ZU�&#x16;&#xF;Y�����o����@�JQ&#xE;&#x3;\0�&#x12;�6��jid�]��a�&#x12;A��s&#x3;?�K&#x18;�&#x5;v(����K&#x12;��&#x5;&#x19;�	���$�&#x3;g�&#xB;2�i��,Ť��(�x�uӋw���Q�RIȉo���&#x15;�r&lt;J��gAQB�.�+[��,\0q\0���G&#xC;�&#x11;����G&#xC;�aRP;�1�@���6�&#x1F;_����&#x14;{Vsps��(��\0y6��+����-|~�v&gt;�
�#&#x11;&#x14;��&#x1B;&#x18;�&#x7;sz&#x3;���}��!�p&#x1E;4�ˈ\0�N��S�\SC�'C&#xC;��&#x7;��ݖe�e)��&#x14;�XF�-+�&#x17;N���d)d&#xB;N{�&#x7;����-�&#x19;\D&#x1F;���|���Z���q�&#x1;&#xE;�C��&#xE;@�&#x14;V�/��j��c�C6�_��!ˈ0�ћ!	e��&#x10;&#x1F;���MU���r���(&#x8;�KQ��&#x13;��&amp;~�&#x14;�&#x18;�_�=P ��'l��}J�F���E���i&#x11;&#x3;B!����&#x6;�	�N~
&#x10;_���l��VJ&#x8;e&lt;�o&#x4;ls&#x7;�V�&#xE;�&#x6;�@mԁz*� Es~�&#x12;_&#x16;����E&#x13;�5l�}�8Gk�
�&#x19;&#x1;&#x13;�U�&#x1D;�cp&#x1F;)z;���I*��Zm�4�b�&#x1E;�_&#x10;2S�b��^s&#x7;�&#x17;&#x11;�&#x13;&#x13;B䘼[ ��b�&#xF;&#xE;���9_&#x1D;f��j%��|�3L���E&#x18;s�	�'a�4
uGl&#x2;h�^���������ہ*�&#xB;�xQ�R(��$�Q*ӊ�A-.��j�}�ƜXL�&#x15;��/��'�&#xB;�&#x11;�.�O���s�!�&#x1A;3,_�,&#xB;� ��D^Ԟ�ހ&#x16;H�% ���ҝ��"�6��&amp;�p*&#xF;���e��oUU��1&#x1B;kHee�\0�M�&#x19;&#x1D;�,��� +�&#x1;�&#x15;q�ߴ\0&#x15;7&#xE;&#x7;�nG���51tn�'&#x16;ğ~�&#x3;&#x3;6j��!HŤ�5�Q����&#x6;Y}�8�����&gt;|���&#x11;�"
|/�&#x18;j�&#x5;X�z6�v&#x12;ʁ~0�&#x3;�+���J�,G��	}=~&#x5; �&#x15;�\0��&#x15;��;fs��Ǆ&#xB;-s��c ⚃&gt;JQ&#x1F;e�&gt;(��&#x1A;�rT?�ő�)��iz�mq�JB��&#x15;/&#x10;=]&#x1D;Z�&#x5;�_d#�&#x11;g�&#x1C;��'��&lt;�6��&#xC;������&#x8;�H���@,�"�Ĉ"$�Ü�@&#x1;�&#xB;&#xC;�x�A��at5&#x13;�!5�p)`�&#xC;��qԲ���r4�f4&#x5;x���&#x1D;-dm��q��8&#x19; tq-@�$�/0@�E&#x3;��� ����ԱE���\0���.~��&#x1F;��s��&gt;qn����&#x15;�X'��D)P&#x6;�(&#x5;��{���R4W�5��4��;�Ͼ뢻���ljC�N&#x13;�&#x1A;��� s�J&#x7;QR������;4�FYH&#x1D;�&#x15;9��~� �.�c���&#x1D;Q,�&#x7;&#x1D;&#x3;¹��&#x1;&#x2;M&#x17; W6\�g�,3[T��G{��-�3��=&#x13;fL�u&#x14;��'�;(*s�w��,}{�&#x4;�&#x1C;7��+�&#x1D;���Y�!�Q�&#x1;&#x1D;&#x1F;q��&#x1C;T��z�ۑ*m�HO�C��`�5������&#x1E;&#x8;��&#xF;�&#x15;t�H2�r�8�m?�&#x1C;&#x17;
)]!�0�c)�-T&#xE;�m�ެ����U&#x7;:�&#xB;�/�&#x3;��&#x1A;�&#x11;��&#x1B;Y5Л�&#x1;-T;*|��ư��&#x1F;������&#xC;&#x17;	y?1&#x1;&#x13;���2&#x3;&#x2;�&#x16;&#x18;�&#x1E;-&#x1F;R�%=V�&#x4;4ݙH���K7)���:�o��M&#x1B;E�-$vX�Ĥ!&#xB;�����3&#x1B;c�EdcO&#x4;;���&#x17;vV�&#x3;iGV����b,5I׮&#x5;��V&#xF;�C��E;���&#xB;%4�p�@U䣊^⏁䔰�z�%��A�!�
z���&#x3;�H�;���A��&#x4;�B�2z_�^�x@���Vى&#x13;��|&gt;$*��;�t�1J�&#x11;�&#x5;&#xF;q&#xF;ӇA}�n���ӑs@��*��&#x19;�J�&#x19;�&gt;&#x12;^�&#x8;����YF�E�]�	�j�&#x10;�g&#x17;����&#x10;z�cYi&#x1B;ҟ���S�&#x17;�;)�^��^�m�&#x5;�2&#x7;�8*�'�&#x3;��E�K&#x12;YT&#xE;&#x13;=	�&#x11;&#xE;&#x12;��d�[�/H�&#x5;+"=q�c&#x16;k&#x15;-,gT�&#x4;��&#x18;+�&#x1F;�3��E4�&#xE;�fi8�&#x1F;K�^��T����a&#xC;F�d��&#x2;nP&#x4;�A����&#x1E;Rr�"��&#x7;C�u=�&#x17;�����(���~&#x1A;��&#x6;\�*�Z&#x2;�&#x1F;*���&#x10;��:�&#x6;&#x1B;jx�Åʽq�&#x14;N�@&#xB;�&#x18;&#x7;d��&#x3;&#x18;�5� �K�\.�@9���&#x16;O&#x10;Ve&#x10;L&#x2;oj&#x16;��,&#x4;�*6�Ŷ&#x8;&#x1D;��s���&#x2;�g�&#x1E;��&gt;�7�Og�&#x16;�F��V�&#x7;���C��1��OҴ&#xC;Z!�&#x5;cDq+1 �����dD3��Lz䪇RG�&#x7;49�Ew�&#x1E;u�I9�9&#x19;$'G�.#?0E-�LQm�G��r�W#�T�&#x1C;&#x8;����C�&#x8;
X# �v&#x1B;�В&#x3;η�_ȁ^5&#x1F;��D.WQ�&#x13;d&#xE;��&#x3;P�_����WcK���=���ϔ�VŐ&#x1B;&#x17;&#x15;�D`EV*c1��?��u)��e�:mf~��䩋ᝎ
����NN&#x15;6�$2�-��U&#x16;,�y5��Y��6���\05�ʔ�9�ة&#x8;őbu�W&#x2;{�&#x11;!&#x1B;��/�n��&#x18;�a ��\h�W�E&#x7;�&#x17;�|H�&#x3;9p|&#x1E;1���&#xE;,&#x1C;�&#x1D;&#x1C;�K,��x&#x1C;&#x18;���&#x3;���D&#x6;�&lt;&#x1B;&#x19;(Wg���S#{#��&#x1A;&#x1E;���&#x1E;[nl[G���+:�"�7*����(f��Ѡ&#x1E;��&#xE;Br&#xE;�q&#x1C;�ȋy�{&#x16;̮�̎�"��fn�&amp;%&amp;��$:��&amp;&#xE;&#x6;�Á$�&#x6;�D�&#x18;'"��j�&#x1E;w�Ϣ��p m�H�������&#x7;���p"��u��&#x10;��&#x8;�X3Hu&#xB;�Y�s`�f����&#xC;� O&#x2;�Z1}��d4[�&#x8;(��ڴ�K�_�y^��rq����x/��&#x15;6*Z�&#x1A;�$A�e&gt;P�F&gt;�I~�_�dO��!�&#x1A;&#x1C;&lt;f1�D���d�V&#xE;&#x2;�k�&#x12;�Gb6�-�&#x2;S?&#x8;��&#x18;��Bv��&#x5;}a�E_8%&amp;'����jq��y��Ud�u�&#x1D;�9E&#x11;	�htB��&#x10;
R�&#x11;^�z&#x1A;&#x2;m&#x10;k&amp;Z�&#x3;b�&#x5;In�31�K���&#x4;�&#x4;gb�&#x3;�F��&#x1A;��5�s6��_8&#x1B;��&#x1B;-�Ag#��CR&#x1F;L�{#+ƛ����\0�-�&#x18;���c&#x16;T�&#xC;�&gt;���&#x1A;�6;�U*�e6������ч�f����\�@&#x1C;e�-4�/͖��,�j��&#x8;ƫ��x�f��&#x19;˵n�d���\0�Y-���M&#xF;�#�p�x&#x15;���hA_%X�F8�&#x14;�բ�D�G*�&#x1D;6�d&#x10;�&#x5;�o�`^�i�`8��
mE�9ٺ��&gt;:?H1�|P}�h]/ML���CM �&#x3;��&amp;&#x7;Te&#x13;���&#x12;f2&#x7;{�FT�j�&#x17;�&#x7;Ie�6�C\q�x�G"�$�[9"�T���X�O�_&#x17;���z�Q�&#x8;y&#x1;�t�jh�&#x5;&#x1D;@�F{q|�'�X�&#x7;n�UL&#x11;rSCDS���,q6�&#x6;#&#x1C;^�&#x1C;��¾9�,&gt;�&#x1C;����g&#xC;O�\@4�^�_�v&#x1D;&#x1D;�P�!rk&#x16;���E,-�r���
=]�|c&#xF;O&#x5;�&#x11;��DR&#x12;�%�&#x11;�&lt; ���\0�&#xB;r 3Z�4	��7��U�Af�9�8p�X��	��&#x1C;�&#x15;�G_E�&lt;,'�`fْCɀف��cb�&#x12;�;aK&#xE;B��h�d�b&#xF;S���
�r�h�ٲ�&#x8;&#x12;���HSX�Q���V*��UZ���Hv0&#x10;��րq���BK+��*2�&#xB;�2&#x5;מ#&#x7;\xAj!�&#x12;	��k�B�n�O�q�%
"�{y$Y��&#xB;���n�&#x5;�R&#xC;��&#x14;�6}���&#x18;g�L�BG�����D��:2&#xF;fi��
��^�&#x1A;��6��0вh�&#x1E;��s���k,��]�4����fS���lA=�/��&#x16;�}c����t���#����}?��`&#x19;}��&lt;�ǹ��2/)���к����]I!��&#x1B;%��ΤG�&#x13;�	zl�(���^U&#x8;E�
�5.wѕ&#x15;�e�G^�&#x15;P�;WWH�I�;9�X��D]!��J�u&#x5;LQ�[W&#x10;�n��&#x10;]]!�e&#x5;��&#x8;vU	��ݲB.��mm��&#x13;�q�g��:!5j*��A&lt;z*2s&#xB;&#x15;ז�Xז�|����S�Z[n��-��pm��wj�m��2&#x15;�y]��j�Z?n�V�]&#x8;�j�]&lt;][��~qyxX]�b{В&lt;Dm�Bu���&#x1B;^E��s�ex�uq�jˀ%�4&#x3;]G�,���j=c&#x6;�e:P_�&#x12;	�&#x18;�&#x12;&#xB;��&#x1A;�S�&#x2;�5�ט&#x15;ٰa��yO	��&#x1A;j���&#x12;S��"�z&#x1C;�g��Ma��f�2�pPԶL��&amp;��"���7�]d������Nǒ&#x1F;)���L�&#x19;&#x19;�*���;!&#x8;SBx��sxc�:a,1&#x18;�&#x15;,&#x15;빉�&amp;�&#xE;i&#x19;���֢9�J"�Lɻ&#x13;�RJ&gt;�&#x6;&#x1B;D�&#x1D;{BH{�&#xF;J&#x17;Q&#x1F;B����I$!��	��,�]�\���\0&#xC;���\0b�&#x13;ϣ�;e&#x8;k�Hg?���N��y&#x15;up*�x���C�\��8�t�&#xB;&#x16;��Μ齽8q�F&#xE;0󵻬�x��&#x11;&#x1C;~s�'H-&#x8;6���� �ƌ�C�&lt;t=�&#x3;�:9Y�&#x4;��&#x1B;t5w�$Q.J&#x1F;����&#x1;�Fѹ&gt;()݈�`�&#x1D;�]��s)�]��D&#x10;&#x17;$�\0%&#x1A;쩅&#x1D;&#x1D;�&#x17;M)&#x5;�'��N{1�F���e���+*al&#xE;%h&#x16;�c�+f�2��&#x17;Z&#x7;��&#x3;&#x19;���&#x7;N���&#x12;J�&#xE;&#x18;4��&#x1B;'��\]���&lt;*��.Am���Q&#x1E;��a���°Ҩ0&#x5;@O�.H&#x7;P&#x15;����&#x16;I&#x12;�U1K&#x18;�&#x18;&#x7;pu2$��:Ǆ#��&#x8;��"�aΛT�\d`�&lt;h&#x15;��4&#x14;&#x15;cR�$�EE7&#x1E;�n�~�ƝH�ލ�a@&#x7;&#x8;o&#x2;��r]��&amp;2#:�-s{�&#x1F;A&#x13;��[�T&#x8;7�M;\&#x3;"�PI�W$��,Qk���&#x7;�5qz��&#x7;�7&#x4;v!D�`fl���`��&lt;���&#xE;I�-��H�yFАy�&#x14;�l&#x1B;c��Q)HG55�Rչ%&lt;/:&#x2;J0�(~��4l)�P�]A&#x7;�&#x18;&#x3;��,�!�Gzɭm0�d�&#x6;G��p��U#�0]&#x2;����&#x13;&lt;��kgtV�V�&#xB;0�DJ*�Cu���&#x13;�i�}
J&#x1B;ƿ�4��Nڸ�T#�i#�&#x1;����z}î�F�Π&#x10;"��&lt;/*�����&gt;j;ך�&#xB;��h�,� ��!#/\0&#xC;L&#x12;��H&#x1B;&#x1E;z&#x6;i�fT)xR7קl�o7%�w�~$j-�g����/��&#x1D;��(u\0J7��&#x14;�QrCY�7�OC�C_q&#x11;�*��N��8CD����H&amp;$א'MZ&#x1;^L�3&#x11;䗒&#x1B;����E�1�\�F.N�D�&#x14;�{��� *�S�&#x5;�ޛ��]R�&#x15;��S�g'ݗmԩ�2UC�|g&#x1F;�����&amp;�MG��/�'�u&#x12;�����r��$t�p�CP��F(�vz&#x8;�I&#x17;a��"��\0Ʒ�׵�k��|�E�&#x17;*�т��d��h��A&#x3;d2&#x1A;�&#x15;�&#x15;ъj2x��F��3�j�Am���ނ&#x6;�p�&#x1A;K��i��
혭v�Z&#x5;&#x7;�n�hr�\T&#x11;!'gsA]�T��Jv�u�3so.�F�r�-Q�)�c�sL&#x6;&#x10;��d����XD��U�_�T�I?�d3qI3J�=`&gt;�$�%3&amp;;�d��;�N��&#x13;�&#x10;��&#x14;i&lt;E���U&#xE;x&#x1E;&#x8;�"�@tA"w&#xF;gd�u-�C��&#x3;&amp; b�Z��&#xC;�4$C�h&#x1F;�b&#x19;��&#x1D;��&lt;6�^Q+ܓ#+-��'��i1�N&#x7;��!&#xE;�?��uC)�noo�"LL�X&#x12;�'W%,��Pf&#x8;E�&#x18;OD�Q�&#x8;&#x15;��9&#x6;�&amp;;�&#x12;&#x4;&#x10;&gt;�d�&#x13;��)"J�?񽍐�&#x19;hSg&#x1;�&#x8;��K6�&#x18;&#x7;&#x8;&#x19;�&#x1;E�&#x3;�&#xC;Q&#x1D;� �ò@�; ��Pt��\B��^�h��iW;��&#x2;_�R�&#x18;BX'�1�&#xC;&#x14;|Q&#xE;�ѠI�i��	Ōm4�\0|'�&#x2;{x�&#x12;�!&#x12;&#xC;��&#x12;�f��6��&#x11;���љ�nR�&#xB;&#x2;�!�f�Ք/B�*+v`&#x1A;�,�ЁÈ�� �@�&#x18;m5��|�����J�85�+�������8�W(�}�D&#x3;�����&#x12;J�&#x3;&#x13;x��I&#x18;��Ek��րT&#x1A;\�2)�7U&gt;�ig�&#x1A;&#x19;
T����`2Hl�⛕�&#x2;��&#x6;��U@H �m�&#xC;��:H&#xE;�+�&#xE;@z�اI�S��,��rRM#�&#x3;�f�&#x1F;��؛���O�&#x19; �*�&#xC;�Z�''��hi&#x1F;�+�&#x15;�}B���fz&lt;�*K;R)�Y����~-�c�&#x16;e͗�&#x3;��O���� ��i����&gt;�X�G������I���O�)Y~�G���&gt;�!V&#x7;�&gt;-��8��Y�&#x12;�z�������S&#x11;���&#x14;�D&#x7;��A�c�@�&#x7;l���&#x7;&#x7;C�� &#x16;&#xB;&#x8;ʓ�A�E���B&#x3;�1?&#xC;R�&#x17;&#x1A;���\0qA�]\��&#x15;&#x17;��aA('�&#x2;�;]�&#x5;9�2.���z&#xB;��5�Q��ҬDf�r&#x1A;s���/��?��"q,!s�B��1���C�r&#x1E;�Rzy=&#xE;�o�&#x1E;��&#x10;�����=A
�&#x13;�u���eçÿ��UD&#x1E;����T���������*����p.&#x10;�8&#x1F;��p���*&#x1F;X�|C\���]�&#x1E;���&#xC;�l�gx2	&#x13;�_�&#x3;&#x17;Bퟎ���؟��NZ&#x1D;&#xC;�&#x1;T�&#x17;[��s/�&#x1B;.�`�Q��W�~b���gk?�䣇l\0�N�%&#xE;L�N=I&#x11;�s�e�&#x18;��&#x7;�.&amp;�
9A�^&#x17;#��.�^&#x1F;.h7&#x3;S9Ar�l$jH��(H`)�G�t���&#xF;o�"�&#xB;Umn&gt;xªvD{p��{��A&#x1D;&#x1A;�n�&#x16;������N�q�A�\0~��s(�%&#x18;@�;���N�}r��&#x5;&#x1D;D����&#xE;�&#xC;�`��&#x18;���g�B3�7&#x1F;,7#u�&#xF;;����H�\ɀ}q&#x14;g�&gt;7�F�Na�pd�%�dX�R��Ҽ&#x2;�&#x3;:����\bg�d&#x2;�&#x1A;�6&#xB;y=�Ҕ&lt;&#x15;!�&#x15;��&#x19;&#x17;����b�&#x6;���ޞ�@%@m&#x5;�&#x2;�&#x3;ys��&#x10;dW��H���K��&#x14;�&#x1E;�کS�g�f����Q!&#x19;�s�\[r&#x3;ߕ{mQ}lZG��(g#�Q��z�Y�;�&#x3;ݳj�@9�k{"�&#x16;��]�{ټ3}�&#x16;T-A�Z(�9��F�!&#xB;�&#x14;��4��&#x5;��gG�&#xB;��&#x6;��\���FHfgm�3y���e��Z�5��&#x17;g�&#x1C;�zA�m�&#x13;���z��ݨ�.&#x6;���eq��M�&#x16;&#xC;U�c&#x8;��IB�S�&#x15;d?آՒ3��&#x1D;�4�F�n�A&#x2;&#x1A;���H�&#x3;�|��p&#x7;&#x10;.&#xF;.m���1�m3�,od���Z&lt;4'V�&#xC;򨥩^�*zPUx&#x3;��&#x1C;�)&#x1C;m4ҩ�&#x1E;+�N&#x1;U'H������a�~1d[&#xB;��&#x11;�,&#x17;��Q�&gt;�.?k!��j�R�]���N�R�hK��J袭�޹�UMЭ&#x3;�1&#xC;&#x1D;�e�g}��x��:�M&#x1D;��I�&#x1A;d&#x1D;�UN�X�-�$@��&#xB;�&#x18;&#x10;�J��&#x12;�&#x18;����Db�t&#xC;�����&amp;�J�q��W�� ���8&#xF;Rh�|.�_1�#���ݧ8���@\0�&#x18;S&#x11;&#x10;�6�]�|.�^%&#x6;&#x3;l��&amp;G&#x13;��_jm����{i1.���P4�mlG�&#x8;hd&#x1F;&#x11;�碑;�Z&#x15;�WgY��Wvg���&#x1D;4׃ܯd&#x1;&#x2;�ɑ��&#x11;`��(����]��r�&#x1E;&#x1D;"�&#xB;�����X��&#x17;ů6��'�[&#xB;I}���%���۴Z�&#x1B;R�&#x3;&#x7;R=b&#x1;�)���&#x1A;&#x18;MRbe��$̪n�v)iVVF�:x��&#x1E;��&#x1C;�%"9�^֘�&#x12;�}��&#x1;7_$�J�u��i&#xF;�=�C&#x15;)&#x16;�\0�Y&amp;&amp;��)5�z�U&lt;��&#x1B;�.�8�Y{��^&#x19;��+�^��^E��&#xB;��R&gt;4|�&#x16;�&gt;&#x15;�&#x16;���&#x1B;�&#x1E;t�Fbw�&#xE;/&lt;&#x5;/�]&#x11;�ᅧ�]��)x����&#x18;&#x1B;v��\�o�W��ѭm�o�$K&gt;7�=���^��9K~�zs_mm����-��.�����F�&#x7;MҸ9�nx[�ऍb�3��r�yn��|���O�&#x14;��ÖR&#x1B;9���&#x16;e���G&#x1A;&#x1;x�r�@�&#x1A;�e&#x19;&#x1E;��+��&#x1;���bt��i/�\�k̚��l^���&#x1E;��rB6�&#x5;M���W&#xF;֡9H��S&#x1B;���,�&#x7;	h��-&#x12;.�&#xE;q��E
&#x12;ʂ'�&#x16;�w�ٿ&#x12;&#x11;&#x1B;��h諈�&#x12;�R�&#x19;5{�_T�&#x2;&#xB;�&amp;JG&#x12;&#x1F;b�NF?~��F��&#x17;&#x19;��u���#O[1||�ՐX &#x6;y���q&#x18;&#x15;A��FG&#x18;wȶ����I���|1)Q�f�ӌ�&lt;��?�����J�T	0kob)(A��&#x14;^&#xC;����iZ&#x1A;Y&#x15;E\0E�JZX[&#xE;���a8�V&#x12;�&#x19;��U3&#x1B;�&#x1D;�B;���&#x6;��&#x17;���&#x16;~c&#x3;&amp;��`w��&#x14;����N3W$q�mp�u$%+!��T��&gt;;�&#xE;&#x12;ʜ&#x3;���&#x1E;Hʏd{&#x5;L�}]w�{}s&amp;��x��pg{&#x12;V�~�{V�&#xF;}&lt;N�\I��_&#x11;��σЈ&lt;���r�h�m�}��.���x�"���u&#x11;s#]�bw����&lt;���&#xF;&#x18;�5�&#xB;xav�_�&lt;&#x1D;�&#x1E;�,c����
s1��&#x19;�E��&#x7;�D��	�&#x6;�8�B�&#x14;&#x3;�8&lt;BpϹ�I�&#x7;)m�a�t\01u�A��&#x1B;&#x6;&#x7;�&#x19;&#xC;&#xB;&#x13;�����	zw��.ت&#x15;&#x1B;������&#x1D;!�����ǍV&gt;�.Zl?�B�\��1()�r�9 &#x16;�I����H-��x�R-�{&#x15;&#x13;SIY�b$'�˧#�&#x1;�,���6�\0�H\&#x19;�?��?�C}4��&#xC;&#x4;m�&#x7;k&#xC;Z-)&#xC;͡��\K��W��&gt;d��d�o&#x13;�����;�N&#x4;&#x1D;�E&#x8;\0ֆw��E[ƭ�d�ݐ�l�&amp;k@��ʕ&#x1D;6���&#x1E;��&#x11;�9~�x��ڍ��+�F&#x2;)_��z&#x1B;�?&#x1;���&#x15;��X&gt;&#x7;y�&amp;k�(�&#xB;@�b�k5��.
��Q\&#x14;&#x17;��$&#x1D;��#K��.`(&#x17;U&#x1D;�&#x2;�&#xE;D���,���\&gt;Hsn��\�ȮB.�&#x1B;b8�P,L�E��dO&#x1B;�\\��"&#x10;ף5�۬_o&#xC;"&#x16;�&#x6;�� ���n�#����g쿯�\05�\0�0��MOR��&#xE;)��:�Tu{�y��:����[wb.f?�p�2lc&#x1D;6�&#x14;��qA��&#x7;}���&#x1;���	�?�����($�&#x17;�fV&#xC;Rlm�^ъ��k� +iA&#x10;G���&#x19;u
��"�&gt;k��_�G(X��x�xK"&#x2;
�&#x1C;$e4tR,Ґ^�&amp;�&#x16;��u�6pW7�"�4n�&#xB;�d��%.
&gt;*&#x10;e�QȴA��ɮݦ&#x1A;�=F�&#x13;R�
m+}B#����	��{�Z���&#x8;qe&#x1B;��I�:�Һ�¨�&#x19;��&#x2;��A~�$�&#x3;3�N&#x1E;Y71�?&#x3;,�&gt;�&#x1;&#x11;g����&#x1;��c`I|�,�&#x13;�/�%�l~&#x19;dII'�%&#x8;���nһ��&#x18;�D��\0�$J3$�LB9�2��M&#x1E;5&#xE;\���j/�T�G&#x1D;Ei�
]�}{��Hs(�'�7�d&#xC;&#xC;�ث&amp;&#xF;^|$���׾��#qџ�R���&#x5;S.��&#x11;�;��.O���x=R�Ҝ��&#x13;j���&#x10;&#x1D;DWmB]-&#x3;X*x&amp;�&#x14;|�b�`Gj�&#x6;&#x2;�F��&#x13;^vC(:�b���;\`�3�&#x1D;&lt;qMւƬ�ua�&#x1E;7��i&#x19;�$�~�-{Hi���ar/m%]`J�FT�f&#x1E;��V�M���&#x1A;��Z&#x2;15\0���*�Fj&lt;"Y�B�e�Xȼ��b&#xC;V�p&#x18;&#x1B;�&#x1D;���5��ږ�)�@~gŁ%��&#x15;���&#x1;lc��� ��
Kp&#x15;n�&#x7;��&#x3;���e�&lt;����b��&#x1;��:�q�{��:Ƭ&#x7;��C�&#x7;��W�߾	`���n&#x1;�&#x2;���&#x1C;S�?����?�r��B��s
}��.&#x5;&#x15;�R��֡�֓�&#xB;�u�[�2�ٰ*�j�j� �H{KI4&#x16;+�r�uV���h(V&#x14;E��ъ�&#x3;Va�P&#x15;&#xB;�+b��g���hU����*�����Ϛ������4�n8S&#x17;�Q?�k�A��\��c~p���&amp;��o&#x1F;S�U&#x3;&amp;����&#x1C;��h�&#x18;I%ke�&#xE;�&#x3;n&#x14;�&#xF;�;��dh�ҳ�&#x8;"fQ�g �d&#x6;Y�&#x3;��n�0�&#x1A;D��!�Z��b����&#x1A;dhU+�Y�WM&#x1D;k�d5�P&#xF;zu�W�&#x13;ͳ�m=���
;��X6&#x12;&#xB;e�&#x19;r-���8��&#x16;��~&gt;hϐ́&#x1;&#x15;��&#x17;{&#x2;c��	&lt;�	&#x14;�&gt;�M�l�
��rz�Dy���Q�D��:f��\0����D&#x13;�=jt��.!�&#x4;�ܳh��&#x1A;ׄ�2J\0́K�&#x18;�Ġ�&#x13;RDY1㏘TƁ�|7��:�Wً�&#x16;E&#x18;�2&#x15;@�qVze�ze�&#x7;
�h�e��z&gt;&#x1B;�o���\�7�4�1x�z&#x1C;Rc?��+u�&#xE;��&#xE;1��8bb����%Z��b0��&#xF;&#x7;�+q�&#x3;\0 ���&#x1F;�i���x���m!&#x1A;=���Uw�&#x16;\&#x3;#5\0@��Y(�JKi&#x1E;�a�&#x12;�&#xF;GW[&#x1E;+&#x13;FG�&#x12;�"�B&#x19;m͌n&#x7;&#x15;o٭����.�YӁJ4�&#xF;&#x6;5�	�hg�Q�e&#x1B;#0n''Ws�ɹ"&amp;L($M�&amp;�H��&#x4;�^tv��I�z���"�t��a��&#x2;����L%���L�@��Y�@��ǣa�yK�1�i �&lt;Z0��KI��`�\0��vX5��$ԟ��j�&#x10;�_�=�nU{a{&#x1A;3�Ɂ^�&gt;�{�d-&#x1B;�\S��Ơ-&#x1B;��W{�0?&#x10;�g{{�|_ګz��P��&#x5;?Dh�3(�6/&#x11;I���=J^&#x11;�-x�|�&#xF;��+�f&#x1E;&#x18;?�	�&#x14; 
6&#x6;�W0��&#xC;H+�}�V�Z&#x3;çdh�!�&#x8;?,�&#x1C;��w�&lt;&#x1C;��&#x4;�H�&#x1;&#x16;^��*;Qq��k&#x4;��\0�&#x1B;w&#x1F;&#xF;oE wIۋ�'&#xC;��&#xC;&#x16;w�&#x1B;?&#x18;��)!�0&#x14;��6�X�_t��y�'K��g8�/�.��&#x12;��&#x7;J�-��ʁԊ�Ws ���&#x1F;���xtFɣ�^��8�&gt;��8��}�9�=&#x1C;�q`w�&#x14;��&gt;&#x2;�&#xE;��&#x11;&#x4;�&#x3;=l2!B�\0&#x10;�񚧉�&lt;&#x5;�&#x6;��&#x17;�?��w{�&#xF;;��ڮ�&amp;�~�d�uP��&#xF;�w(�&#x12;gh�0׏&#xC;��s k�����&#x3;g�H�p&#x1E;�ֻ����]E��h�]���*�.��]^&#x1;���&#x12;�&#x1F;nA�p�aG�1ԣ����N��Y�n����S��G�p�7��$T��u&gt;כ�z��N�&#x10;_M���;s����\o��Q��&#xF;�|�L�&#x5;er&#x5;�s����=�x�t�&#x1E;�	V�^��&lt;1p�&#x19;"��&#x1B;�WL\%�|����!;�&#x4;���&#xC;&amp;�9&#x17;c	�BS@��&#xE;�)C �CI�O]�g&#x5;5��
&#x3;Q� *&#x1;&#x14;`&#x17;����A�&#x1;�:�R��k &#x17;��D�S��꠸{���^'���JG�F &#xF;&#x19;2�xF�&#xE;p��O;dK�k�J�;�h��ǲ��f��ˌ�&#xC;s��#��&#x15;�o&#x11;MI&#xF;8%��(���-���h�}��ӭ(�Yn{�&#x16;��\0QgM/���_����&#x15;�r��@+&gt;����;��R���^곅�v&#x18;�59��&#xE;�&#x5;��􁯤�&#x1E;pP&#x1C;���B&#x1C;&#x14;;��6H(N&#x12;�%&lt;ǻ&#x14;&#x14;&#x1B;�{3&#xE;�h��)&#x6;
&#x1E;�s�&#x18;��b&amp;׽�U¦Ӭ�{�&amp;�&#x1C;�D�4��Iu*j:�&#x12;B��&#x14;��$px-&lt;7F�/��&#x18;&#x1;?��롍�&#x1E;V&#x6;	,���I&#x2;hw۹&#x1C;�Nh���mJ5�Gٸ�`&#x7;�8�f���&#x1D;d�L�&#x7;�&#x7;&#xF;.`���A����&#x3;��&#x7;y�&#x18;x���&#x1E;&#x3;&#xF;�wj�'�b۝�M�p�h��ֳ3D�&#x6;"�&#x19;��.H�L&#x11;�IR��1����\0���&#x1C;�!J�&#x14;q5��&#x10;E�&#x14;��m�3C&#x14;���� �im&#x5;�ek��¶w3�ӣ�^1�@,��ׯ�E���f��Ru�Y&#x3;�&#x11;��њW̨&#x15;�y,�Ĩ&#xF;XQkRs��Q&#xB;&#x19;��*߽���0�s^T�afH=�l�	&#x4;*���n&#xF;G��4��&#x1F;&#x7;4x&#x18;�|&#x13;P��&#x1;H��{� ����?^E&#x1A;����&#x5;3��8��|Q�Ay!�����o&#xF;c&#x10;&#x13;�&#x1A;&#x1C;�&#x18;̐F^&#x17;�P^�&#xE;X���&#x1D;��sοdw�&#x3;���s+)&#x11;o5��&#x1E;�"q���R���������So�&#x12;G�9��J����u(ٻ�&#x15;���P`sQ&#x1E;J6P���&#x16;Y:͐q��F�����&#x15;/�2,Ė=b\��mC�̰۟�G,&#x17;���x���z&#x7;��g/P����g&#x8;��&#x19;B:�v&#x17;�&#x4;:���OL2�)�XVz7����U�zE;gb�ĥkm��JE&#x1F;y�-�0&#x4;&#x1D;��p&#x3;�ѣ&#x14;�pfTt��D[�&#x1A;i�!k���&#x8;�L�e���%ye��@��&#xE;&#x1D;���d㡛���l�i�&#x1E;&#xF;-&#x17;�_Qo&#x1C;}&#x17;S�h42��m$�8s���q�U":�qp�&#x7;&#x10;�2���
�Z��P�N�V�#��ur�1n��%�&#x1E;p�u֓z�[��y*q&#xE;��Gk�~�\0�&#x1;&#x1D;Ӛ&#x16;�ڋcZS+��j-#&#x18;��ť���7&#x19;��)�3&#x16;�d�&#x15;őe��ԘF�n&#x1E;��H��ιn2u�Ϲ&#x1E;&#x1C;�hQ«�*G�4&#xE;=�F���|l&#x7;@B&#x1B;��&#xE;�_N&#x7;@��3�w\0L��N4\0|��I���ρK���S�&#x1C;��������&#x1A;3�c"��&#x14;z����'Q�η�&#x1E;D��r-�ɸ�IT�&#x19;�z&#x12;Չ��4}��g3��}��`�{ǁ��5&#xF;Vt;4W&#x1D;�5&#xF;�t"B&#x1E;5&#x19;�T��N���T$\0XK,		�.��&amp;	�&#x14;'�MT��q��ڨ&#x17;ݢ&#x10;�ʔ�bs�!��M	���\v8�5O&#x19;HZ&#x15;m�@�bX}�&#x8;&#xC;d�W��\��H?��B&#x1;�@&#x1E;Oӡ�n鰥��t(&#xE;�t(&#x1F;�K:���H@�'&#x19;�Y&#x1F;&#x4;(Kw�&#xE;����&#x1B;n_�B��2	+&#x1F;#C�g&#x15;m��K�/�&#x2;��b&#xF;�O&#x8;�J�����Uw����8�&#x1B;r7q�5�Ҿ&#x1D;Ŗ_i�б&#x2;&#x7;�Ag�(�JO&#x14;8�8��&#x2;�&#xE;m32�&gt;�'&#x1C;�/&#x1B;H�%�ۊ�����"�&#x1E;�&#x6;S&#xF;&#x8;��L�w�9&#x11;t�#��Mti~xJ:&gt;�H��Z���H�~&gt;&#x2;&#x14;�Ge��Wr���Z	�6Ж�r��d�&#x18;}d&#x1A;�&#x12;e�zT���^�B���A:�h&#xE;�&#x1B;����|��M@���ۓ߲�r�Ĝ��Ƨ�&#x10;&#x15;�0�A�(�2���C)-m�{YJ+��)���4�/�Қ�g&#x6;^0�p�ZSZ�&#x2;�&#x1D;)-&#x1D;��lJk揽 ���Y��,Hu6+I&lt;�+�&#x15;��z&#x2;&gt;��Dur��g05���`~�o�l��M��:���3y&#x19;-�C����*ʴ��&#x8;X4���&#x15;?MK�}�h��|���R9�&#x3;D&#x1F;�R���cu=�&#x1A;�0pؗ&lt;\:%��Sҏӥ&#x1E;�&#x16;&lt;p�uɺ�PWd1�_&#x15;�����_:�F8�&#x1C;�Kwɚ����e���&#x14;�����&#x1B;9_&#x18;�&#x12;G4y'����=&#x1D;��l0م�&#x1A;�B/���lQ�8&#x1E;��JU���N-�D�9�C&#xF;O�:G��&#x2;�U$m�F#9@�&lt;)J�b|ȝ��yy&#xE;r/|��&#x3;�Rt���l7&#x19;w��&#x18;�}��G���q�a?��N�&#x3;�������"��Ǩ䱣&#x4;�Y���E�tҝR&#x11;�ɃZ&#x11;��׊\�&#x8;&#x3;�?�T4�&#x1B;}�RQ���؁���R��&#xF;�)&#x15;�&#x6;r�T&#x14;�&#x1F;?_+��y&#x17;$$�ܘg
E�&#x1A;a&#x12;�¨&#xC;=S':�&#x7;��Jį�T&#x1B;L*�`ꁖ�n-�Tby{$g�&#x1A;�S&#x15;&#x7;���+&#xE;qO�A�&amp;Q&#x5;�as���ü��+-8��&#x18;�����&#x5;�G���l��!���Yq8Oz&#x1E;#-�'*&#xE;�J��F��J�N��̄�W&#x14;&#x1C;4{��&#x5;�&#x7;#�&#xE;&#x14;&#x1C;�1w�񕺑lʩZ���:�	T��=��IT⵻�&#xE;�}�&#x10;XGR����&#xE;&#xC;�$�&#xC;~��ͦ%&gt;�똦�&#x1E;&#x1;v,&#x14;�f$&#x1A;'���%'��+	�gl��S�,��Su�i8�&#x3;�C�����w���&#x1C;=�7�w�Z�����w\0�&#x1C;@pޞ&#x1F;��ܣN�&#x16;h�S�d�?�ZU�+H��U|/�4�=�ֲ�&#x18;�&#x12;��-.n�|T�%�LJ�W�fOV�-K�!�5�J&#xE;�ݯ.:�r�&gt;��V�q�?��B&#x6;�}��."��Ɨ|$�+�&#x10;$F�&#x10;%%��w&#x14;����NG�&#xF;��x?E{&#x1D;�˿�`���&#x3;j��?�!�u�#ED�P8O3^'�
�|��:=�5&#x1C;���&#x15;��ݳ�޷�&#x1F;K����9Z\}k�&gt;��?Ċ���문k��,)�cK�$��O���&#x10;���z��%��z�c�레_��&#x2;���;(�ȱ��
\���Ն-���Y&#x7;��n�V�Gkc21&#x14;�Jo�6C[��s�a��TW�A&lt;�J&#x4;&#x7;N1&#xB;v&#x2;&#x7;Ѱ&#x3;]��Lh&#xF;Y�&#x6;�_U�;����lRQ���z�M f��Q��&#x7;�&#x11;&#x8;^�(��&#x14;-���N�n��c�
�&#xF;��OQ&#x1C;�q�VV��&#xC;&#x17;r���ߕ&#x18;sm9��W�&#xE;�=��cA�&#x14;&lt;VmĳLI2�J16��*�&#x2;����&#x1D;�Bwa&#x17;��&#x14;F��n�=߯���qh�PWRL��&#x1A;��1ł�&#xC;U�p��{&#x12;��
6S~%5&#x1A;&#x5;&#x18;�W��wz�p��,�Lw���Gw�̂Y�u9��&#x1A;��&#x10;�=�*&#x14;�&#x14;5��`S�p�S&#xE;�v�Ȃje1&#x16;|�]&#xE;V&#x2;�&#x15;�&gt;@!�^�*��&#x18;"�䃖��@���4&#x1C;F��N-�&#x17;�&#x13;�Ӓ��&amp;�&#x1A;���n��hw=#�Ń�&#x10;�&#x11;{&#x3;&#xF;�7q�HFX�\0$ۼ�5'x' �&#x1C;��&#x1;���&#x2;H�&#x8;&#x1D;���s���|&#x1;HV&#x17;p&#xE;H�&#xE;�&#x5;�$
&#xF;��m܉F��%�&#xE;-S%���-&#x1C;,H@"�b&#x4;�R7��Q&#xE;u�Q��gӏ��l��&#x1B;�Ǆ�$��&#x1E;ˎ�d@p�&#x2;&#x12;o&#x14;|b�x�Ѧ&#x12;��&#xE;�h�PQ���cy0&#x18;J&#x8;&#x1C;����yk�à���-&#x16;��\{���
Q,.)G�&#x18;�{\�#M�����o��n͗&#x1C;X`�&#x17;�Crh�c�c{z^#�K�n�_���Zv;�Cv���n��Y���_&lt;P=t&#xB;&#x1A;&#xB;D�wI�v�����&#x18;�;���y3�;,�O'��)&#x1C;��K�Ѱ�XOL�r;��z�B�&#x1B;&#x10;��\0�z�bЀ�YY�$֣gisZ�i}�a��c�)���֎k_r�&#x16;�4�Z�+&#x2;ٷh���T��Mp��j8kG�&#x10;�̊��2�&#x15;&#x3;Y}�&#xC;��~
k�&lt;�VV5&#x19;}"+_�����YN� ���p��&#x1D;�s#
&gt;��s��=~^���&gt;?o�S��N&#x1D;&#x8;�s؃״�x�&gt;�&#x1C;�c#�?&#x19;͝4|'�c��)�Y&#xF;��8�q�]P��&#x16;��?٣��:HHv�sGߖ��&#x1C;�`��&#x15;��c�����1`h�!&#xE;j�m&#x13;+&#x4;�qH&#x17;��b�O&#x1;&#x11;�~�|�&#x13;���&#x12;�� yH��%��Y��ݞ��E��&#x12;
�zvV�L�0GfgEv�&amp;���$�;�&#x17;�X��N�f�����o|&#x16;e&#x1B;��2&#x3;�.ܑ�I&#x1E;g�&#xE;�,}jһ!&#x4;?� -�)&#x1E;�,I�F��&#x12;ȿL�j#�n1�^&#xC;&#x2;lt-]&#x1B;ôfc�&#x1E;� ��&#x4;&gt;��w&#x1D;ܥS�g��&#x1E;���`.���ɯ��GV�ˋ�����pu�&#x15;_��&#xE;�+��uKy��&#x1E;*��|�h��&#x1D;OW/g{ldO��\�
]�}��̒o�z��.�I����&#x1D;P8B�h�&#xC;QW5Fq&#x2;&#x15;��#e&#xB;&lt;,yQ��$0��&#x17;y�Y�\��po�h�Dx&#x15;=B�3�ޡ��9��&#x1F;7eP&#x2;Ka�}�Ţ��p\r��G��wSR��a�6&#x1F;��+�G��qm&gt;U���&amp;&#x1F;��:���U�y�&#xF;&amp;��i��,%&#x19;SQw�t��&#x3;�{�Ci)��&#x1E;�82&#x17;�����Zt��xh�=�����&amp;�Պ��&#x19;c���ιT/&#x4;�}7��s?'����3�pO�g�E�m���!&#x1F;&#x2;4��P��n��AN52k-NC�?;�Z]�&#xB;rvu|��`޻#�q����L&#x13;&#x1D;ϟ}3�&#x16;#O��k�&#xE;&amp;&#x5;b7�L���&#x1D;@&#x1B;���w���&#x15;	�݄ͻ&amp;Rv�&#x13;&gt;[��&#x7;Ud�&#x1;�$���SsztF��~�+��qqU�������f�^y͕�d�u�&#xF;�[o���ď�&lt;��&#x1;��iq�|n7-N]�]��p&#x13;N.MF�&#x1D;�簯�ø���&#xC;�[��&#x12;&lt;+7&#x1B;C��Sțf�l.DU�&#xC;Z���A�&#xC;l[&#x11;gH�x�)��դ���$�&#xF;��ɒh"�y&#x1B;����o7&#x14;2��؞��ڶI�@]���&#x1E;Mu�y=Z�@��#�z&#x14;���zTG:��+/M�r&gt;�G�swZ/f�&#xC;� �w�&amp;�a�&#xC;����N�"�gO&#x15;a�RO��wB�-Rn���&#x16;#&#x15;��M��e&#x1;&#x7;��d�z�"#��&#xF;&#x11;m�{-P&#x1E;��=��܌�h�G&#x14;DqRi��%QYY�҂�|��PO&#x1D;���K�&#xC;��#��`��N��`�K�&#x10;4B&#x4;�&#x1C;&#xB;&#x14;D&#x1C;&#x18;�m�&#x1C;5�+\0��n��yq�5�X��t��Xщ�&#xB;G���Q�w��Q�&#x1F;�bA�&#xF;☺G��8˔��+6�&#x8;M�H�_?��K"a�v��L�&#x1C;���r:��[w���&#x16;TM��q&#x1D;��\0{y��{A��:�q&#x17;&#x1D;F���&#x18;2��5҈[@��&#xE;&#xE;4&#xF;&#x14;�E�,���
ۮ�E��w�&amp;w�)�n�����?}�b؆uZ&#x1;"A&#x1C;&#x1;[�&#x1C;�&#x1C;�x��&#x14;rl�\@��UK]&#x16;��2�&#x1A;&gt;B`��&#x1E;�u�&#x1C;&#x17;�&#x1A;J�dk�Q���	��&#x1C;��&#x6;َN��e&#x8;�����E�$}��,9����"�7n?nA&#x14;eN&#x1D;�d�ո�&#x1;��O�&lt;m[$�|��&#x10;�n��5�'�QT�+�z&#x5;�A���{�F�Q������{&#x1E;5��&#xC;C"^�'�&#x1E;��&#x4;�)d֛̏q�p�@���U&#x5;|Po���v���W�d�t����w�&#x1F;��if�^�e���z6ۉ&amp;ڹۊ&lt;�H}�٬ƾ���o6+�:�Y�z��U�Y�Me�hV۰�&#x1A;�&#x1A;��f݁\0&#xB;�co�c�Y�j&amp;�D[+��&#x1F;�[e@�Z���#A3D�&#x11;�&amp;?��,��B��)�Kk&#x1E;�&#x1D;4�&amp;|�.����&#x6;)0#"�=fC0�&#x6;�P&#x14;�@&#xF;�&#x8;���F�ft&#x1A;Y&#xB;&gt;&#x14;UP��$�~��7_�ľ�D�.���}E�ȏ��=$(cV�&#x3;�9�1&#xE;H�R*$h�g&gt;G��&#xB;��R퀂&#x1A;%�W��.{�v&#x10;�l���pR�iG�-�R$�ZU��\�g��&#x16;N���(&#x1C;�q7�&#x4;��&#x1D;&#x1E;&#xC;\0�@M���&#x10;&#xE;8J&#x14;rJsǇ��e%�k.#�&#x17;��&#xF;&amp;&#x5;ͅh���&#x1B;]�&#x1A;(!��&#x11;�&#x19;�&lt;�J���O�:ßՂ�&gt;��tr���k&#x1F;}:JƝ�'���l���&#x18;y&#xB;ɿ�t�
+)题N0p�U�8�U;�&#x13;z-���&#x13;�&#x1C;&#x6;�y'&#x6;���6,��d&#x16;&#x14;$����UX3�&#x6;���JHGAt&#x17;&#x15;�س��v&#x1D;"&#xE;p&#x2;R�&#x17;Ůd�P�&#x7;�c��&#x1E;򙙁��.齋.���&#x1A;N�YV��&#x1A;N�=�4�q��}X[Κr_ȯ�N���&#xB;{&#x1;&#x1D;�fO�&#x3;z�&#x3;=���&#x18;���v�&#x18;&#x4;O�J���˔�n�l�\\&#x8;��q&#x15;�(~{�_��3�v�&#x1F;���&lt;=�O����~���1ܯ�HW���+wP:&#x15;&#xE;���Y�I���g��&#x14;&#xF;�1�z���&#x17;�S&#x13;�-�&lt;PYg�P&#xB;J��&#x4;M)*�&#x5;-DE-��;&#x1;��&#x1E;C&#x16;�&#x15;)���"�_�Bb�,&#x14;�&#x1B;�������$������
5�_CSRO#hR81�3,3&#x1B;�����Ϲ�R&#xE;�&#x6;�|6Ekm�V*�H�䬭)Z����&#x11;�k�&lt;9Ek&#x10;{^΢�pg���ͺևͽIY��1Z�&amp;g�9x�|�&#x8;&amp;&#x1C;��1ZH�����"N�Oi9IK&#x13;�F&#x8;&#x18;U�g��;�&#x1B;)d"kn��&#x17;��;aFa�L&#x19;�0������"&#x7;Meq�1�Ö2��Y�!R�{�R.��+~&gt;�n���77ƈ����1�g&#x1A;=�c�V(�_�I�dz&#x4;�e&#x17;����8-&#x17;Ì���H�RL&lt;��]ZSb�w|����6��sZ�b�a��It&#x11;��&lt;3Ĩ&#x1D;&#x6;�7c���gɳ��s���u�&#x3;��_����=�-�'����L&#x7;�K&lt;�ռ̐5/�a&#x11;��PVc-c&lt;�˸T�3y�&gt;&gt;�˸�L��Ѥ̚ѕ��ʭ9��&#x19;[�O�1p&#x15;�S'&#x7;EI�&amp;�&#x6;�i3�1��V&#x2;9�~F�����m�K�w��]��~�]�Ϩ��^�'~�&#xB;�&#x19;M&lt;
����&#x7;~��o�O�{�E�&#x1F;ˣ.��&#x1C;�(&#x19;��&#x1C;x��&#x14;�˧&#x1E;M���+]�&#x10;n�H�0����G��Hٳ�^�&#x17;&#x3;�xʅ# &#x12;O��A$&#x15;��c&#x10;�&#x16;��9&#x10;	
z�@$��&#x18;r&#x10;D"	��&#x10;���s&#x7;�vj���f�Ŗ&#x16;c&#x6;˚���}�io)�)W��jK&#xB;e��#t����'@.�&#x1F;&#x7;&#x7;��"�&#xC;pdoiA��^�v���A�h��f{q�E�ӹ�n�����D�o��&#x1;]5!X?Z)�0�I�&#x16;Ғ|�&#x13;��&#x1;�&#x1A;}��`/�����VKIo�&#x19;d!�z�8�&#x15;y��{���Kzѻ]���&lt;�XUV�
j�)��F&#xB;&#x1D;G&#x17;Rb�Z&#x11;E"�$&#x19;�Q�T�]i@�ש�)��ˢ&#xC;��Y&#x1C;�&#x19;��s;���Y�&#x5;3
�&#x12;�A�G`��%Ų%���I�plU�Ȇi窞&#x17;&#x12;F��b&#x16;ZH&amp;g&#xB;`.ڂ�.�F0��@ó6d���/Ҕ&amp;�&#x16;���@4����51&#x3;�o=3,'���-��biA��&#x18;��[��&#x3;�V\0�&#x10;˶&amp;��&amp;��&#x1;�_�^\0x&#x1;V&#x1D;�䙘.z&#xE;XS�s�&#x4;����J]�ζ�侀_�rDui͹�6P&amp;/�i��I&#x16;"$Ic��&#x12;��}�����&#x14;Q�NZ�e�F$S;�`��Y�N]&#x16;'|.��4�N�&#x15;�f��/�ޡ�&gt;��&#x1D;��f����R݋�I&#x1B;�Ks5R�EN�w&#x8;���&#x1C;-�6�+/7��&#x10;]&#x15;�A�ei���f�D�¤*?���&#xC;��:��c]��&#x1E;�#�'�&#x15;�H�{&#x19;��2�A�9H��Ŕ�Y&#x1B;�&#xB;&#x1E;��@�H��&#x11;���M�&#x6;&#xC;D,8�G�&#x1F;&#xC;��j;�,�ii�&#x15;�I��\08&#x2;Ǩ������bY���O�&#x8;D�q0��&#x16;&#x1C;f&#x16;�X���&#x1E;���%���j��"&#x11;h&#x12;H����4 ���+k�.R&#x15;&#x8;2��,r�.�&#x5;���"�&#x10;aS�%�du˗&#xF;�L�YSB��ն��hV�&#x1D;g���sI̛� .D�HU��C�&#xB;�����r��t)+;��&#x3;��{
���&#xE;����/��b��8f����iV�&#x3;&#x10;�S�e3b&#x16;&#x1E;���j&#x3;��Hr�) &amp;�w&#x5;�Rm�N&#x17;�b��9�f�^&#x15;&#x13;��*&#xF;��RQ��P&#x17;X]a2'�	fTf+I�Y^&#x1C;a���$&#x18;�&#x19;&#x12;�VXA&#x2;?I���;a�:�&#x2;�?&#x2;�/j&#xB;p�[�Ϸ�&#x10;y���U&#xC;�PW��f0j�tI�P��C�R㶚&#x7;��&#x14;�F!B*�&#x12;0yo EH&#x18;���A�)�Vf�o�J��zأ��Qi&#x1B;���&#x16;
&#x6;��)��ϧ�Y�!�&#xC;&#x19;�==Zꢠ��&#x15;���P�^���|�Y���&#x1E;�\0���)s�H�0 &#x16;�&#x1C;&#x7;�H���E�s��ηq_��K������s�&#x14;�gte�gh��_I}[�N?��&#xB;�d��m��6���&#x12;~e��xY�(�cmϽ*�������&#x10;�m,�&#x4;IFcOO�;�x���я�N�]&#x1F;;&#x1F;��N�&#x17;�,�����&#x1D;$���U.�Y~�|&#xE;{�7����"k�b�7U���&amp;�a:i&#x14;Z�&#x1E;=G$��&amp;&#x6;{O&#x1B;���w�¿!1�ɷ&#x14;_N̰���}�1�&#x18;6&#x15;&#x1F;og0�$TGI���&#x1F;R�ˎ&#x10;&#x1B;��(Ŋ!I�B6��S��ɷ�&amp;���Մ��^�._ס`��&#x5;j�-i&#x1;��&#x7;\xT]�&#x15;&#x10;-j&amp;�E{*��Z'��&#x2;��g7�UP��l%�t�H_&#x4;�\0����V8fm��;_���;�Kǋ�1~�&#x3;��1�2}�hl&#xE;��n_K�&#x3;��Af&#x4;�*�ĸ��M�K7�&#x1D;��]�NydݽS��挛RSbA��0&#x4;�&#x13;�
ܖ��,�ᓪ	'�{;{FI���^�N�&#x1;V&amp;a��^z&#xB;�/Bf{�&amp;`��d-��&#x2;���3d-'J&#x5;��u���3�DΫ�&#x11;{&#x3;�E�\0Y���^ֽR�o&#x7;�Do&#x7;�&#x16;.&#x10;�t&#x3;'�&#x12;&#x14;57P$�ݞT����!�_'�5�&#x5;���*��;�q��t�I��|�,fR]�GEj��Љ�&#x12;�2ԣh?�6&#x1D;�~�,C6M��k��&#x16;�FYb��x�&#x1B;&lt;�A&#x10;ofl�W&#x3;�]��B�7����@��S�
�\�9���E�ˬ�ټ�����A�6����4v��6B~&#x8;�܃0":1�qT�V�%�e�}L
�2���m��&#x7;&#x1;:�gHB���ɘ��ʛ&#x1;Il&#x10;�&#x1B;h�&#x4;K�"�(eZtd�q�҉�G&#x1F;f)p�ߎ�l��&#x1D;�&#x10;�Ҹ6-��ȕ1$��&#x8;^F�O+�E�2�&#x19;�&#x11;Q�#���%WB�.c0�dz2^&#xC;�?�se-V�&#xC;&#xE;&#xB;��\��&amp;Jl&#x1D;.�fj�&#x12;�1&#x2;��&#x17;�m&#x1C;hR`&#xB;&#x14;�6��M����=HU~��i&#x5;��w+�y&#x4;Sr�&#x15;�&#x1D;K�qn�y��#�D��=&lt;�-&#x1D;��K�$-�[��S޴�=]\�{2�8P-��i&#x1;&#xF;&#x1E;�����k�^F�f�i�,�&gt;�np7��jG�G|Ilo庭�)��(n�U�h��8�&#x1F;�=�$t&lt;� �p��?14UZ�&#x16;P����dy��&#x6;�Ef&#x3;�h&#xE;q�	G'�VV$\0��`�f��&amp;I�&gt;�8�����&#x1F;@��4�5)�Dm^��e4���&#x12;�&amp;B1�AN31}.J�@�ՠ�U渻*�&#x13;&#x4;]&#x14;��&#xF;��&#x12;u���h`F=Կ���Y�4�&#x1F;�XG�x��-�7r���%�4dH�u�Z&#x18;fs&gt;&#x4;&#x1F;b�?2���nrR�u`5r��&#x1B;o&#x1B;�&#x1C;;C�"I҃7�D�(&#x15;�}�(yo��&#x18;Q�U�byR���1pz�ԥ��32���(�)��Q��I�&gt;�qjq�y�&amp;��BT���&amp;��R Q��Yz��&#x6;�����8&#x1;D�C�&#x3; ���ҋ�u&#xB;R�ǿ��p��&#x18;��[���&amp;��"S�k��&#x1A;�&#x19;�*�z&#x1B;̌1�����۸&amp;�&#x13;�\B�ݧ�D&#x12;_&#x16;@��i�΀�b�?�&#x18;��l1F�&#x16;e�]�&#x1D;&#x18;(t�w�x&#x18;t�s&#x3;F/-e&#x1B;&#x4;�E~�&#xE;��\`&#x3;�6*$	H&#x10;��lr���b&#x12;��颥\0&#x10;l|&#x15;&#x12;&#x12;�9&#x1B;���&lt;`���Ff&#x8;u&#x17;&#x5;�{�&#x19;�Uh�C���+�VwD��R�?�fd&lt;�m�'J�L&#xB;�8��S�']&#x14;I���&#x19;&#xC;�	�ws
&#x7;&#x7;#�&#x1C;�P֠{��ZLH�������7�&#x4;���&#x12;�w�b˩��
&#x5;t��&#x11;+&#x4;b��3�	BW7�$�Rs�j&#xF;�:�&#x4;�Bu&amp;ܡmM�9,�['��X�Ɍ�N4?����ls:Q�|n-4�7�&#x1E;��u&#x8;��U����p&#x1C;��	:LL$͚4��(�Y%&#x12;�p��&#xC;hP�R�&#x1D;5F��z�lt&#x11;z�,oh���o&#x12;&#x18;*&#x10;�ZLdxL&#x14;6�n&#x13;kW�&#x1F;h��փ�&#x13;��v/_r�Z��jS�\0��bj1���&#x1C;����AR&lt;�$Z�&#x19;�3ˢ�F/i{&#x5;&#x16;ʈ����&#x1C;=�&#x16;o�`0��mQ�yG�(��1��A�O\0q����h&#x1E;���&#x3;�JW͚&#x13;�"��N&#x2;��t�&#x1C;3Y/W��ޚ����l&#x5;�H��4Sf5?]r�&lt;�&#x1D;,��	S�՛
���T�&#x1;b�ɪ�c�J�&#x10;-8�
9*�)�&#x1D;�&#x15;�)���&#x19;�����h�h�,Dc�^�&#x1C;&#xB;d&#x1E;��.��4Y�DJ��8h���	&#x16;����&#x1;h���&#x11;�,�*��&#x1E;��I1m����&#xB;�c����i~&#x3;r+��N0&#xF;I�&#x3;&#x1A;�&#x1E;4h�K&#x2;��d2O&#x17;Ula��&#x11;T'�i�ꠋ5;K�I釱4Ƭ�&#x10;&#x12;߰&#x1D;�nE����߇}�;\0&#xF;#����&#x10;O,�VՑ�]Wp&#x1D;�=����^aE:/A&#x1B;�qTf"�&#x14;��T�!IҲUV��&#x1B;��~�5?c&#x1D;t���W�3W&#x7;�@w&#x6;���+ns,��%R�n��e&lt;�Eͭ�?��&#x16;���&#xB;��:ȯ���&#x13;���E �&#x1;���g㚠jv�{u��&#x4;������0�F�r����]�&#x3;\0Q��&#xE;�&#x6;�.�� ����o�.�b���v�D��J,�\0������Zm�_��F�lb1�5&#x2;�a�&#x1B;LW6�&#xC;6e��7jN&#x18;&#x17;a����z�[�ܿY�:%�_+��&#x1A;s&#x3;��&#x12;q�ʛon���.�&#x1C;&#x1C;d&#x1D;׳�K&#x5;��ӫ8�p/��u1ݠ�s\0��剟���0/��;t&#x1A;��-ǌ,o� &#x1B;�&#x1D;&#x5;&#x3;��3��7K��u&#x1F;��z&#x2;���pM!��&#x18;�T�&#x18;ۇ2,�㈪4�Q&#xC;�&#x10;�&#x19;��x�:�I�&#x1;v\0�B�1}��z���&lt;u��
��-R�|��B�&#x4;ˣ,�ņ|V�Y�i���a�\�&#x7;�ӇY���-�\ax���=y�*E�=�3L&#x8;9�6L��&#x15;M&#x4;�O&#x15;�&amp;n��R$쓓�a����&#x4;�:&#x5;�Y����&amp;&#x7;��5:�PT&#xF;t&#x2;Xi���zG&#x1;$�&#x1;�4&#x16;�f|&amp;&#x2;����Z�Z����^rz&#x14;!4�V�L�&#x19;&#xC;ח�c��R&#x1F;I����,&#x1A;�W0w���A��IU�ë�r9�#�U�
��r ;&#x17;��r�`�&#x2;І�x%�W�&#x1C;	&#x14;~��}Y&#x18;	:;Pq�#ϲ&#x2;��c5&#x1F;&#x7;t&amp;�&#x4;y����&amp;���!�6D9�&#x4;��s��*&amp;�lt�h4�..�9'c�ind&#x1A;����&#x1F;@t����	��b���^kI�uc��SP�o�\0��e)���z�&amp;�Zoт&#x1E;�&amp;}&#x1D;�l�]&#x13;Ν��&lt;}����XPt�&#x1A;�_�8Z&#x13;��:N&#x17;m�T�&#x1F;�C����r&#x10;��u����.�APMʕK��OK@&#x1;��ed~tq��Jz&#x8;�0k8h&#xC;�&#x16;&#xE;G�q���&#xE;A�Hd��qsɡ���Hc8u&#xF;RwP��Eaq���&#x1B;� *@ĸ�޼��&#x19;Ǆ&#x6;�EU�"�B-H�B��6	P#e��=q�r�o&#x13;B�&#x4;K&lt;��}&#x18;��o&#x10;M�
C&lt;�&#xB;CF&#xB;&gt;��&#x12;5&#xC;Q�2���&#x15;����5��C���X$'�E@Ag��&#x1F;&#x1D;��#��G�Kg�&#xF;�̈́8{Bק��St|Z����&amp;&#x1C;m�Z�?����C&#x1F;Ly�&#x2;n��1�V&#x7;������\0�.��&#x3;n��J�SjN�qJ���w����3�t��h��&#x1E;�x��&#x1D;
�{�a}�U�&#x16;��&#x1E;�&#x1F;���]ۊ��&#x18;Zr�xJ�H\B���xI�"��\ـ�q&#x19;������H|,&#x17;15�lA�$�
t���+����&#x18;!&#x18;��֔\�[S�m�b�����&#x6;&#x6;�HJO2�.����2����y�ZJg�!�V��1�lu�'
�wG&#x17;��&#xE;�!�������w5�&#x1A;���t*��&#x1A;�]u&#xE;E��Ttu��\���J:ڼ���C�6��������&#x12;�z8��h��q�:D��t�A*ɀ��lR�'���&#x8;P32V���XE5&#x19;:���F�!�\��rv\0`&#x17;&#x10;}�,��D&#x1;�,��^�ІQ|&#x18;��� ��^΅�æ&#x19;�� �&#x1B;�̭&#x8;H9g}+����&#x3;�?�N��ى�&#x17;R&#x1A;ЀU&#x18;�X�&#x11;���K�#�ͥn_�N����߬��T�&#x17;&#x1D;�&#x2;wY��-D�x@����&lt;S&amp;p`�������X�ޔ��&#x17;�G1��&#x17;&lt;��Bˆ&#x1E;�j&#xE;bF�Z&#x3;��ȗ���q�]6�&#x1C;O&#x1F;�.D1\0�u�&#x17;���)_:�գ�2P�rq�{&#x7;@W��l.�b���{�4c��+|LX�����&#xB;���T�?6��++��._���&#x1E;���";*�N����&#x1E;��K���&#x1C;��|U�~�&#x1A;&gt;~���&#x1A;{�&amp;ϱ&#xB;U&#x15;�u���yS&#xB;`Op&lt;1��j_&#x1;&#x2;��+��ţ�k�_&#x15;f���&#x5;�G��&lt;�d��&gt;&#xE;o&#x19;&#x4;�r�=&#x1E;��T���K&#x11;Vp���/�&#x6;4OV��:�0�y�&#x13;�dÚ|;���Wm/+�&#x11;z"�Z6���	��Z�&#x15;k&#x18;ݮw�r#�&#x2;s눎&#x1D;�˖�]$&lt;&#x1D;t�&amp;�5&#x18;�gY� E�P��&gt;&#xB;��*۹�t��$0���]��2��JUc��CHk1B�i'�N���*&#x18;(0(��(�.mv���.ǰ�׏&#x7;���ġ&lt;�cg����¯z�&#x1D;��&#x1E;��Ԕ�z)��Q&#x3;��2�I�&#x1;]B��x!`׺8^�@4h%k�Ƌ�Z��&#x1D;&#x3;��x&#x4;�G�&#x16;%Դ���&#x1B;O�H�v�i�y���Y�����;&#x1;%��I	�K���&#x2;�&#x11;kj&#x10;&#x18;��7&#x1;AI�p&#x1;�
w���?�e\0&#x1A;�U��b�֢
-�K�m��.��&#x1;N&#xF;S��KB&#x1F;��h��i����Y��7٬&#x1D;��j�\=&#x15;���ο@�p&#x17;�&#x5;X8��L|�&gt;�#ԎB��&#xB;	�M�M�0����	ON�l@���_|PK�&lt;��8=&#x1C;j&#x1C;&#x7;"��	㹼�i�J&#x7;�هX�2R&#x1B;��ތ{	�e���%,��=a�M$,�&#x1E;��p�b�j�qi5�S&#xF;QE�&#x1A;�q��I���&#x1A;&#x3;�F*��&#x6;�6�=�!d&#x14;0&#x19;�=q�f����(j3|;Rke��bDf0�o:hN��&#x18;&#xC;�]�&#x11;�&#x17;�a��&#x18;�]�A3·,�H�-�8��=k1�M�e&#x17;�cr��خd�NA���?}S��&#x8;��.c�^����;m�]ɬp�/�d.:�m��\�t�ć�#6���y��4��	��Rһ�3����&#x1;&#x7;Pm,�R&#x6;&#x18;�t�,��*��&#x12;�j&#xF;�H 0&#xE;�\��	&#xE;�g��Ffu&#x19;�.�vN&gt;���FM�bg?]V}s1�X���S.���d�'&#x1E;��j����&#x14;_���E_M&#x15;�ꎖ]&#x1C;C��*�w���ێ&#x8;�׋��c&#x5;!��gEe��*�ٯ�!W&amp;n�ٞ��0&#x1E;LI���W�PC&amp;�&#xF;C���"&#x1B;5g�dߌ&#x1A;��	e��D�6�:bpM&#xB;�NT`&#x13;$1Wt&gt;R&#x7;^:�L&#x14;�޹��&#x2;��&#x1;&#x13;�\0�&#xB;Y�&#x19;B�yH��4�i('8&#xE;8&#x3;&#x1F;0E�w&#x7;d��� ��K3��-���a��&#x14;;2F�F�=\u#���2�&#x4;q�&#x1;�=��͗�߻e�������^�9�M �2z���gZ���&#x14;&#x14;&#x2;[���=ZO(��'h&#x1E;�qƱ�'&#x18;�ά�PO&gt;�z��bBͮ�		~&#x1D;�QF�&#x3;&#x1A;��N1&#x1;G��&#x10;�ń�k	�\�*&amp; *�U&#x12;�����2�&#x1;�7Ӱ+�[.�m��8'eZ:�N��d�&amp;ֽW�ѾO,�b�������ﳫ�U�v�&gt;&#x14;�|���F&#x1E;&#x1C;}��yטB4��q������\0��Vw��\���(&#xE;UmrRӣL�W;2rX�&#x6;�p�v	�CT&#xE;&lt;�-�&#x14;&#x4;͏a�bue&#x2;]\0�4&#xC;��&#x5;�&amp;;r&#x14;1:�j&amp;&#x1B;o�}���Z:&#x1F;�J�&#x4;�m'��&#x11;��q� �&#x11;&gt;�x&#xE;�m_�yRy�yp5&#x1F;�y�Bm��&lt;��&gt;�T�$*��&#xB;��{����R"n�jz��}�LE[zl�sـ�rP���최L\�on������o��f�7�ڵ���I���{���&amp;Q��}�&#x5;&lt;���\8Ϗ�p&#x5;�I윸\�:q6�����&#x1A;}��%&#x1A;9��&#x13;�ݍ�k@sB�y"�5&lt;vX`��h�/*�����G\('�;�zt�����&#x13;KY�&#xE;%U�&#x13;e�f&#x1B;��j&#x4;���(��`&#xC;��S+컷�G�ĉ1-�&#x1F;�&#x11;�M�nt�T�uu!�i3�&#x1F;����!^�%���&#x19;�,*���\06�um��L�9�?�9&#x13;�ٹ��ix�&#x14;Y&#x1C;C0�&#x12;f&#x19;�:믇ˈ���l0K&#x1D;e��[��&#x1E;�Y*��KɌ&#x6;�0�[C-��fwC;�C
py�M0B��l�&#x7;�J�&#x1A;{&#x19;X&#x2;;�&#x16;!?���gS��3�@$B&#x1F;�g�&#x10;��&#xC;��&#x2;���&gt;Jζ�&#x3;p���d�&#x8;��lv�nr�7�7��lG��~EZ�����?:/}������/���3��b�&#x1B;`&#x1E;NN6&gt;���K&#x6;���5�a.7?�&#x1E;�	�����F7|U�a�=l⧊{��&#x4;G���h��L�&#x3;�&#x4;yD��T��&#x1E;��&#x5;�"GA&#xC;{����)��6o7 &#x4;�fQD�=&#x8;�b����+{ؼ��&#x1E;y��&#x13;��A&#x7;9CI&#xF;;b���{1/f�J�d�1Vh9&#x18;W{��#�h,'ܑ�K&#x2;�Uй�&#x1B;&#x1E;&#x7;�-&gt;E�N�&lt;&#x19;G&#x1;�&#xB;��
1&#x7;fE+�l��1�m�&#xE;��A�A��t�\ݽ���L&#x11;j���'G�a??��!���3�{�m���&#x5;7{�	�r&gt;��Y��m9T�8�U�Hfh�W�&lt;�6@7&#x1E;+C.N�6�\1�{v.����Yy��25�&gt;��N������/��Y�&lt;�(�wLb����o&amp;�cOCu�x6�i����&#x18;�\��{��&#x17;V���Iw�(&#x19;�v,K&#x7;�Fi���Qk.�y7jե��nTH߬&#x1F;5,2v�&#x1C;��&#x1;Gjh�,��i�&#x11;�@�6�T�֮�Wd{&#x12;&#x10;u��v��v&#x10;&#x13;u���� Q��i�AQ{�i�pw�aXѢ�`�ه�&#x4;�𮺕��ZO�&#x12;&#x8;���Z	�B���&#xB;&#x6;���&#x1F;��	&gt;*�Q2�}�J�h�idN�N�&#x1;r�5��Xܵ&gt;�1Z�kt�J��\���
Y��f\�c��A&#x6;ľ��5���uȻ�\�Z,�\���6�Vڗ�9���J[�R�,��ƥRX&#x1D;�+&#x15;&#x1C;�:�ci�o]ټ�o闣l��!t?�̶�%�ˤ�?G�ӷ2i�R��!|Ozo��K:$�w.�ıL���7&#x1A;�4&#x1A;�Υ�(�&#xB;�	\�9n&gt;�ܺ�&#xE;J&#x2;�&#x5;�	&#x1A;���33�&#x13;0*&#x1;&#x13;��l{&#xB;������6&#x2;�?h&#x1D;^��\�L:&#x11;�&#x2;�&#x6;aM8$&#x16;����&#x18;Y+&#x2;�"��Y�{��e��("�ofQ�m�bW��ɖx|�&#x8;U�ٿ�W^�ha�^݆&#x10;&#x1B;r�&#x18;7z&#x13;Q�r�H�;���&#x17;E�e-�R����!&#x1A;�y�Y�hb\0�X�	y�2�k��lvu&gt;&#x1B;È+&amp;&#xB;gW��}�Eǚ&#xB;d/���zg��)��:�'���&amp;&#x6;�f&#x3;o�l&#x1C;�M�[�|3W=2��&#x18;O��B��g�W�6&#x15;\�(:�k&#x1C;�
�+������i�&#x17;w�
=ʏ|��a9X�&gt;L&#x1A;����e�zl�b�����`��؍*���&#x6;�h�z��E,&amp;&#x1;y�c=m@�rTɻ�7c[�&#x14;�&#x17;�U��ԏ��{v�*��Y�&#x12;��D�L�J�ڞ�3�S&#x16;��
�,��!&lt;���CR�=�&#x7;-gL76�}]&lt;�]���&amp;�&#x16;/A�ѫ�&#xC;��+١��m�sx;��������\sn�.��v�&#x12;X���&#x1A;�n��p&#x7;��
՞�2�u��ٹ޾+��
�^��P�md��y��ݻ&#x18;	���5.�&#xF;&#x1A;&#x17;&#xF;�S[��V���&lt;���&#x4;�c�w�&#x1C;&#x1C;e�ŕߨ�/ر�՛qO��&#x19;Ȍ�e�rȌ+�81�g_���
&lt;V��&#x16;!3m&#x17;�U8���׹��'��~&#xC;Ňֹ�e&#x1F;͡��JݰA;��n���L��&#xC;��R&gt;پ�ٚ�b1k�5����d&#x19;��M�g%Viχ��&#x11;�&amp;&#x19;�Y%=u��^!ܻ&#x7;X%���)&gt;�&#xC;2����2�P)�b6�����&#x15;&#x15;f&#xC;�Pk~8�v&#x1B;GN_Ce��Gs0�n�ysY��*�=k&#x2;���&#xE;&#x4;&lt;U�j��ܾ��A�%a�K�3��(&#x10;-�yūOh�&#x10;e2�Z��"�^G�&gt;$�]�&#x1C;&#x17;�Vc�4;�۫��(��ܜ)�&amp;��&#x10;2�}!�&#x1E;}C!�"�ס��E�&#xB;��d&#x4;�'v��{�&#xE;���3��@&#x1B;&#x1B;mѭ�"˶�����l��p���|�&#xE;8#7���.����6�o�ރ�pT��h�A8l𛪾S&#x10;���wmw�&#x6;�Y}�.ֽ��c��o��&#x13;j�uٙj`CB�Mz&#x10;Gݑ�&gt;��Ӗ���[���&#x8;1�֫�d�Z&#x15;,C'�A;�&#x1B;��DD���}�Z֬�%1k\0�-�H�&#xE;�Ū��6d1�&#x1A;hB���1�6�V;�[hEMp�&lt;���ɧ�ڣ~��ǫ䚏�y\����ܘ�&#xB;WQ��&#x3;�,	0pt�&#x14;�&#x15;k&#x16;�c&#x17;�bw���&#xC;�&#x18;�C'&#x11;����V�B�N����&#x4;�ꃸ0,�&#x1A;' ���:ѿ��p	�dEv1��m�Њ��Y�[&amp;�&#x1E;&#xC;��r7��&#x4;�i�&#x1B;$�5�Y�C�M�ؓ�&#x15;a��&#xB;��7��&#x10;��̥&#xE;S�q\0	�6c��*$�&gt;&#x17;���&#x5;�&#x1F;�r�k�wzےR�m]t-{)&#xB;�[&#x18;�&#x1B;�g!&#x1;kY&#x11;/��49R�v����D&#x5;����{�t-x��D�M����r�@	a������B��2�%q�]@����8NŒ�&#x10;&#xF;�&gt;�&#x13;�x&#x3;&#x19;�&#x6;@[z���l��#
�7��t܉�'���3vz���&#x1D;��N&lt;2&#x4;%ޙ���}\0�v�%s�N!&amp;��~�p�&lt;�&#x12;쩄&#x1F;_&#x10;{:(�� �&#x7;���*&#x1;�4�&#x14;~:z��&#x3;~:�&#x7;�&#x1A;� �tD&#x10;8�&#x1E;:�;�n&#x4;�L�&amp;f�/���B&#x13;j&#x5;���Z�����ִ&#x11;4��9r��&#x6;���4Pl�3�g�-&amp;N��&#x17;]c\6�U�euC��~��5ƣ�d�k�_�-?&#x12;x�%+�c�&#x15;_�?&#x4;1�/9H��C�&#x1B;����&#xF;ч&#x12;��=-����'��xt���&#x1C;�Y�3"�P���(TW�5+�&#x19;��6_�����*+\hs�f&#xF;gU[R�"rj�&#xB;�7%'`�"
;Ζ�:z&lt;R3����Z���ħR�&#x13;&#x13;C~"&lt;P������&#x13;�"}�qa�&#xC;���&#x1F;_����ꊶ&#x1F;�d�O�ѳ�e�,��&#x11;����&#x16;��&#x19;�u&#x11;�ر���C���/�d&#xF;&#x7;_&#x1E;&#xE;��&#x14;��pL��±]��P�&gt;�����{�ȝ&#x19;&#x1C;��qb&#x4;G+&#x1A;9�{�l0Tj�l04׃(t����X�8o��g��ᾧ�`��ئ�:e��f왿&#x11;�"9�&#xF;&#x8;\0ϛ����X��&#x7;��鰋�&#xE;��m�&#x12;٦�f�Ɏ��\gݡ&amp;��V���Mv�^�&amp;;&#x1B;&#x17;�t��&#x14;&#x1C;	w��.;W������ζ�89��oy�bG&#x1B;׷؍Q��j�A}��nb&#x1A;�&#x18;�N���&#xF;�&#x12;s��9]�`�r���3!��.	�&#x1;&#x17;�&#x10;P�\��=%�%6ܝ{���t��`��&#x1A;�UT;h��k������D���jڤ&#x15;7f&#x5;)N����&#x6;�OD�&#x12;��E�&#x1E;��u�&#x6;ƶs&amp;�)&#x1C;�֛�&#x3;�&#x17;�`&gt;�����L��&#xB;?a��R&#x17;�s�&amp;-&#x18;iB�81c�JǄ}�Q���2a6_��B;UԤ(�RV�T��&#x1E;I�&#x4;U!�\0�[�&lt;}m&#x18;�&#x2;Q��n�.�CP����&#xF;�/���=&#x1C;$���oV@�&#x19;���aG�KP|����Y��A&#x1A;��'���l�&#x13;Gwy�&#x8;&#x8;0��B&#xE;��".��!&#xB;&#x7;�#�&#x6;�w!�&#x4;
9��
�TD�&#x2;/���S�&amp;&#x8;ޅ��&#x1F;6&lt;&#x1;�:�S��&#x14;�&#xB;H�M��b�&#x8;�X\4O\0�ě�*���÷�&#x1E;�x&#xE;�&#xB;'�J�O�6&#x1F;;&#x18;&#x19;�!;��?���b�b�&#xB;M&lt;OH*gӸ&#xE;�^D/&#x4;�&#x12;�.�D���,0�����&gt;�&#x11;�#�zZQ#&#x2;&gt;���d�����&amp;#�8�"Lwrj�o6��|�i��i��&#x15;�&#x5;Ѥ&#x11;EhɃѿUm���=���jb�5��&#x11;Ci�C&#x4;aH(U���x�l+
,]��&#x17;\�&gt;zw3�#&#x1;g�Ak�(�,��&#xC;&#x1A;'o��H['���I��&#x12;&#x1;�H�gEBֵ�H��6&#xB;B�,a��I?&#x1A;�s~@&gt;&lt;�;cupp�G�"�z�X�;&#x1A;{[�7��8��&#x6;�=Eh5�JL�Խ{|�A�&#x1B;�&#x3;���g�n�fҊS
j��9�H�Sn:&amp;&#x15;�&#x1C;�US�&#x11;�D�١�%�S9���=��0�u&#x11;)�c��{��L�_W���a�7�ߘ���.#����$]�;�?F�]C߶'���6�9�+mO����P�&#x5;&#x16;����&#x4;��_�7��0&#xF;|4�'�Q��'&#x10;D&#x1E;C����4@��#Qϗ+�~���&#x6;�&#x18;��,�lj&#x1A;&amp;��1�N.��� &#xF;�lM���&#x6;1&#x12;�,�eI��&#x7;�38hෘ�S�^�&#x8;�O2
����&#x3;L�Y&amp;���d���8���ی&#x12;�&#x16;�\�g`jI�q�&#x8;�U\H�&#x19;*��&#xB;�}b��.z3w���Q!{�"4���&#x15;?��]�ʓF�1X;�&#x7;&amp;�xޤ&lt;��[X'�ܴ�Xz�&#xE;�AV�hu��4֘B2�TA����;U9;���@��ޤз�w���}n��?������\0`3r&#x3;u�+�&#x1;%7@)(`����罄&#x6;hm&#x12;&gt;&#x3;NO�Q��R���g�h{LK��x��+C��:�&#x5;&#x14;9&#x16;@*�Y&#x18;�&#xF;�Z&#x18;���&#x3;&#x17;Ɛ5��Y/���ų���&amp;?o0]&lt;�2
,�)���`6o����^�F�[��&#x3;9C&#x4;l,!\Ӳ���T&#x1E;6�Ȥ&#x18;P�Ru��6��&#x6;8E�&#x6;�Ǘ\�S�o{�M���&#x16;i��&#x13;I�&#x17;ۜ���2\0��[\0o�u�V���sIN��nywp&#x5;�գqK��&#xE;�e��&#x1C;f�R3g!\�l�q#�&#x6;���GɒeO���Z&#xB;O�&#x3;&#x1C;��u��&#x8;b�?^�I�]�\�ͱQB���&#x5;Q&#x1F;�Z��`t�&#xC;\0�ve&#x1E;�i�\Lv~x�{�k��N� Mɻ��f=&lt;&#x17;&#x10;K{��1�&#x13;&#x18;�ۂ���&#x18;&#x1F;o�+,s~&#x6;�&#x1A;J��vQ��-牮z&#x8;�&#x7;���d4$kϲ�!7&#x1F;[�	`�&#x16;�\0�?)B/&#x3;��&amp;��ƿB
Lo��ng&#x10;���*�&#x19;��M��`M{:
k&gt;�0��&gt;�(Ͳ��/��)&#xB;L�?k�U����7�C�J�)wioqz���
�a^S�N�����Ù-�G�ܝj"?�&#x5;���P��&#x16;&gt;���&#x16;&#x1D;&#x2;�As[���ԮL�&#x11;�ԫ������?H�&#xC;&#x4;��&#x1D;�-\��͂[�&#x15;�L(�"�&#x13;ô&#x15;�y��&#x17;&#x18;���&#x4;&#x1F;&#x10;���y#��J�2�&#x1C;�gc �����	�l�i&#xE;���f�`B�:��&#x1F;ǜ�y0�t\&amp;��I����qD���&#x15;���\0Y&#x10;\0b�����&#x6;iG�&#x1C;�y�&#xE;~��Q����)�&#xB;�S�y\0~�&#xB;�w$e��&#x18;�.&#x17;��\0�;&#x2;�s�I&#x3;��N�\0~��+�FBׄ��T�;&#x19;\0���=B�&#x5;���Q��&#x13;�������6�qϽ�bo���]~���U�&#x1D;o���&#x15;���R�o�	��&#x1C;P�ş�T!b�&#x12;�zh&#x16;�x� P0�.uu&#x2;��Q�� y&#x16;�q4c�&#x12;��U&#x11;U~�ㄢr&#x7;��\0���A&#x5;�-�&#x1F;�&#x8;�&#xB;D��	�!��P%&#x1D;`�����&gt;9�|�+P~&#x1B;�5�&#x13;l5&#x7;�	������b&lt;c��?�K{�&#x1C;&#x1D;9#&#x18;Ε@�!�]��缏��a�]:�c��� ��/Tw�$ʓ�&#x7;K��&#x19;K�&#x18;�y�R��c֝��&#x2;�&#x3;q�F�Е&#x1F;\˃��Wpӻ%�&#x1D;&#x8;&#x1B;^&#x16;2����&#x6;�z�P&#x14;=���&#x12;�t&#x12;&#x17;&#xC;&#xE;&#x12;�iZ�O4�&#x10;�� &#x1F;�e&lt;j�OUQ�UHL�̆�,F�!���&#x10;�E&#x7;�&#x13;d��&#x1B;#K[\0�����{Ж���|W&#xC;'C� ؉K�xB�*��&#x8;&#x6;@��&#x10;{b��pjz1&#xE;ۦ&#x8;5�q9�ԥ&#x17;ӻ&#xB;�/y&amp;&#x2;"ңh�B�&#x1D;��b&#x10;�K�����|�g�EE��-u�Xx���0�KVKm���&#x6;&#x17;��@0�pm&#x1A;������Z��5v[�����	�����т�&#x1D;�t���N�&#x1C;�&#x16;"JR���[Bp�+�R�M�D�&#xE;ݩ+�&gt;[�JI�Q49:u�̩�m��&#x1D;^&#x6;�m�g$^)A��n	&gt;n6vtԥ\sM͉�*�ɜ&#xB;U�P��&#x13;lr�wȌ&#x7;�&lt;=�ˈ&#x4;�&#xE;\0�]�Z�̏+&#x8;q&#x10;[5�{��t�6&#x3;�|P_�YEC��¥&#x7;�\0�,�����&gt;�UȓC)&#x3;�ё&#x1A;�&#x19;׀&#x12;�&#x6;�*�&#x11;�Ʋ^&#x1B;&#xE;��K�.�¸�T]�vצ$�N�QkU&#x6;�,p	�՞�T��&#x17;�&#x1A;1vP&#x1C;4J&#x1A;�,�D����&#x4;�&amp;��Z&#x13;���.�d�9#&#x13;�5��&#x8;�9��dI~�}R.:qv�R����&#x10;�@&#x4;�&#x15;&#x1A;�\0��&#x8;�&#xF;�&#x1A;��P1�&#xE;���Y��B]Y�5c��:"X�&#x14;W3r&#x1D;&#x18;\0&#x1C;n0%�q&#x1;qH����p��ym�i���k�ڽ�&#xB;}f�S6��&#x4;6C&lt;��{`ۧG�x-&#x17;q� &#xE;*CG)�\0��&#x11;V|k��kI%e^3&#x1A;����?�5qȎy��g��#�yf�g&#x15;���&lt;`�1׹�6���%�`�$ـ1Нd�on�E�ӡ��R�T�0�\&#x19;&#x10;&#x6;��H�0	����k�lh�I��&#x1F;O��	�х
Xk�v]�ͪ�O��&#xE;�&#x5;U[&#x17;_Z�u�&#x3;ܩ�v�&#x15;[a&#xC;_��&#x1E;5&#x16;����{Թ��l&amp;������Z�2��@�ð�
1��\0�)"iP&#x7;�[v4�$��h�����oX�0&#x1B;&#x15;�&#x18;M��lqm�ߢ������Wa�= �6�D�&#x1;Q�&#xE;�JY�&#x1F;i�������tl�сt&#x1;*�?��\�?L ^��&#x6;���S0!�&#x11;+&#x11;�a�W&#x13;6��(K�r���2�&#x1A;z�XsF&#x12;�B�F� H:&#x1F;&#x1A;�&#x1A;�K�lw!t�U@_n���=���F=&#x10;�f�J��[&#x12;��btif���P�.[�K���b4��kL&lt;&#x14;qS�&#x6;�s^^D�Fs&#x10;d�&#x16;,Κ�e�&#x19;7�3eI&#x1A;�)��8/�$�&#x6;oF��2�&lt;�&#x7;�[@��P�ut6P�28&#x15;&#x2;���&#x17;��T�4��"���(����ݣ8����l��\0ӯ4u&#xB;&#x4;YZ�E�-���}&#xF;P&#x1B;:a�^룛����&#x1E;���'ە�&#xB;}p�ͅ��&#x12;�]��&lt;�]���-�CQ4ɍ��&#xB;]*���(�Ztw&#x1C;�&#x7;��6�ϲ�K���&#x3;-���:/�F�s��&#x8;��&gt;�&#xF;s��v��&gt;�c.UL�&#x15;�hT&lt;�&#x3;]&#x1;��&#xE;t+&#x1C;�"���a��@�h;�6B��kA&#x1F;d1�&#x7;�I���녨��w�S7&#x1E;]��N&#x17;�jr&#x4;c*F&#xE;&#xB;]���6]&lt;�mNn/�&lt;&#x14;�Ze����lm�d��KX�T�+���f��&#x15;z���X9���b&#x6;T�vW�:ӡ��啺Q�d���&#x15;L;��"�鸥��,+-pH9�&#xC;'���&#x11;ŭP�����T
}ià�&#x6;;���XB�&#x11;5Dcf�DT&#x10;Q&#x1D;��8�&#x6;�X!������&#xE;\01�YV�&#x6;�&#x13;�&#xC;*ȏ-&#x1;�@��R�A�1}�&#x10;&#x1E;&#xF;�����P��&#x7;��/����~
"0�׊^�ц�&lt;i�`�C��Q�B�ғ3tmj��'�.��W�&#x16;���&#x1F;N\0��hS�4���_#y�!�w
&#x1E;��f�&#xF;���E3&#x13;!��o���&#x10;&#xE;&#x2;�*T�̟�x;�?�&#x17;�щ(�&gt;N�S:&#x11;�t:�I�)s��&#x16;�ghU��]�M&#x18;�x^�� n�&#x19;h�1U�&#x17;M4ҹ�ț~mM4��T�D#.	\&#x1B;h�&#x1E;��&#xF;7�&#x1B;h�b&#xE;oO&#x1A;�6L���K*�S]����O�'|��.��{&#xC;����b5	�V��7��&gt;�U�9�{W\���aڎ�&lt;@v鄉��&#x19;&#x8;�M$B��9Dω6��~Ns}��k�n�g�d����+��Ԗ�&#x6;R ��&#x14;*#H&#x1E;(&#x1B;\0&#x1D;��k�'���%~�.5a��&amp;3�&#x4;�0�&#x15;,�)`�pj���&#x5;'&#x4;&#x16;k&#xC;&#x8;_&#x1E;�&#x5;��IC~do�A�@���(�[�*/�&#x1B;�}?���k����C{��c�6δg����[&#x16;9���
&#x1E;����[�.X��&#x14;kZ)&#x1E;n`M1����P&#x13;�&#x8;ށ��v�'BM�b�'��kb��5�m���OB�VMz7�&#xE;'&#x12;|�&#x14;Z�&#x15;��JʇƖ(�D}۹�Iy&#x5;&#xE;��"\0��&#x11;�)R�R7�Ӓ�#�%&#xE;&#x1B;�&amp;l�&#x7;9,��Ӏ�龬#ʺ���^�E�&#x10;�]�&#x3;`V��˳
��h���c�I�RN��&lt;�Ы9��ȇ&#x15;*�F�&amp;�g����l�*t�7���`&#x19;�8���*\�&#x1E;(��#8�&#x18;X8&#xB;�I&#x17; S?8�7�&gt;eF�����~��	&#x14;�3&lt;����&#x1F;͖5���;�G&#x12;&#x17;���x��&#x1E;�"cS����زOM����&#x4;�_��?���$�Ui&#x15;f��ݱ?c8?��$D��?9${Ȭ��	�[��&#xB;M&#x1B;�	=&#x1B;�ʄ���GCφ�p&#x14;�����*h{6�kf�L�{6�))�Z6b[ǆJc5vl�&#x12;����P��uˆ����e���g�géyز!;��{6H&#x1B;�s7;&#x7;�4�\0���_J&#x2;x&#x16;&#x3; F��,&#x3;��&#x1B;yٓ&#x19;\0��&#x1B;�ׇ$�qєt�ޠ6�Aѳ��1YET~�a�&#x19;��c&#x18;�N��֤�3&#x12;d&#x7;���p3��V?\��=�����Ǐ�~,�&#x18;&#xB;*u���[ޠ%�t�1��-&#x17;&#x14;ʅ�N�p��n�_�����H&#x15;�=ԁ�È����t��,&#x1B;��&#xC;.P�
~w&amp;�����&#x18;K�3�@*&#xF;���i��G{&#x6;�im&#x6;	&#x15;S�&#x1B;yu�%�&#x1F;���0e��;_�Q[h�$67���4&#x6;�j
�&#x2;��?���ڨk��4��&#x1A;��D��kH��{�&#x16;��ⶪ-&gt;jL&#xF;&#x1B;�Q
��-Q�����&#x1C;�K*-h��&#x1E;��}&#x10;&#x10;�F&#x1F;���X���&#x7;]f��jC��)d^&gt;����$�\0�&#x5;�M�Cv&#x16;3�y5&#x13;��&#x17;M�I6&#xC;̣&#x11;������@��'&#x18;�?,��}ȠW/� hyiŐB@���FY&#x17;b�p�&gt;����0]&#x14;�~&#xF;(7�&#xC;&#x17;��&#x1;��&#x8;t��&#x19;X�|�&#x1F;�&lt;"��G�X����&#x12;���&#x11;9�Չ�l�&#x19;��v���&#x3;��6�y�/&#x17;;3"K�&amp;i/.&#x3;&#x10;Rc�^��Zi�&#x15;�Ҁk&#xC;�z��Z�G�Q��f��Jo@��&#x3;uP 8�B68j��*�&#xE;��3s�&gt;�Z�Z\2�Q���X\0E�azm�ڥcfl̇�؅��y���(m��Y0f&#xC;#�k��D�&#x14;��&#x1D;J�1�ߥd
C�Y�L���EA�X-p�1�����IU�ڡp�0-����4�z&lt;xo���x�26C�N���o�a�|�6�,�A`�}mF��U�&#x17;��s�&#x5;�]���|��y�&#x16;���kL'&#xB;hmM�5�yJ��ٴ��y�b͖&#x7;R{�	m�&#x15;T^��)1�H�J���=Z�&#x1D;`Һ�t���QѶx��&#x15;kFYgxz��&#x1D;PK4�X���Y����a&#xF;J՚�&#x4;�&#x13;�S�S#�&#x1;4k������&#x11;NSYMP���t0��[��X���m�}jD�8w�&#x1A;���j&#x7;�eF�x�"5Q�#&#xC;#�)��&#x16;1�&#xC;�&#x16;�0�&#x8;JL��&#x18;��;�$b�1��&#x11;;�&#x13;%1��D�S����|a&#x1D;[�;�zқj}hW&#x1F;?�&#x7;�p�Ƈ�^�V��lI3�����Ԇ�FY~�d�h���&#xB;�K�·�\�G &#x5;&amp;�&#x3;&#x1A;%v��-��Q��&#x17;u7�`��=s�$GlϨb�Lަ�l��7�{�q:&#x7;c"��� �G@^R\G�q���t��7~�ɫ&#x1C;��N3�ՂNoMg_{&#x7;&#x1C;�&#x2;.�[�8E}�5��}il�X����[/+�9�Pѻ����&#x14;mǕ&#x16;���	+�����b�����RtJ��&lt;���~5!TG&gt;52B�1�z&#x1A;S��o&gt;��&lt;���o�uZ�����x�&#x18;&#x4;`&#x1A;�����A\0�U��A\0�&#x1B;
��F�{�������|�&#xF;�&#x1A;�D�&gt;�R0�&#x1E;��U&#xE;��r�&amp;	�ِ�(U&#xE;�w�2TI�]A&#xF;&#x1D;	&#x2;1\0��B&#x3;U0&lt;� MS�&#x18;��&#x1A;]T[�&#x1D;}V&#xB;&#x18;�&#x4;tIe�hJ&#x1;�c�&#x11;߂cx�FL"&#x1B;�Q;�&#xF;�R�#G�(��&amp;78	�R�ϭ#}΄�8t
Ґ��I:6�&#xF;�@d{$"��&#x6;i�L��I�&#xC;��̿}���&#x6;&#x1F;�3��&#xC;&lt;1�+�\T�������:�Vx\0��#֪ōn�Ea�&#x7;���?��@��խ�ʁ�'&#x1A;��Ǔ�hv&#x7;���v&#x6;9�vb��a����&#x1A;�h�b�5&#x19;���hF���f4s&#x1F;^C=��ǵ;��-�F���-&#x1F;��m&#x12;���$�̧�&#xB;tQ�&#x18;�&#x3;&#x1D;+Sۧ &#x1B;u���Fm&#x3;&#x1D;Q&#x11;�&#x19;k�7��&#x1D;�yr�P��z�&#x4;�݋d
G�d&#x8;j�s�X$�M�&#x19;~�:����2�@�&#x3;�bض@��&#x8;��F�;&#x3;!&#xC;�n�&#x8;�&#x1F;��׫�aʙ&#x19;���&#x4;�:D��l�g8�w{&#xC;�(��o۪DC�Ђ0&#x7;�L$-�t&#xE;Ҋ���&#x14;����&#x8;d�����Jfd���&#x4;�o��&#x1F;Q�K�)�C&#x1;��԰4a1&#x1B;�|r&#x6;��h&amp;��ﯨ\��7�Å_�)�x�)�&#x19;/��M��.��M�=���3��ם�8�U�Z��V�v�tf�M^�;S�35:S�Ӓ�ה�D��}��,&#x1;S�����'�s�KN�z&gt;Q�&#x4;��w��\0V�&#x5;�&#x1;�O��0���&amp;Jx�G&#x18;&#xC;A&#x16;��+ӡR��d��ĳ@��i��[)�&#x17;�|'��Z�D��������F�lLdʂP�gGb��eә&#x6;�b�5���eT��̋&#x3;ۆ&#x13;ꍩ&#x3;&#xF;ˉ��)&#x1A;�LLiMz��A&#xE;&lt;�&#x1;��&#x10;ke��	��!���ϩe�O�p�~&#x2;��B��R&#x10;�3�/&#xB;"���ֹ&#x5;�k&#xE;"֞�`�oOy��&#x14;�v����[ߡ&#x10;&#x8;Tu6d&#xB;�&#x1A;;�&#x17;&#x2;l�v��U�y&#x4;��(�n��&#x16;,V��&#x1B;B&#x2;ߟS&#x14;���.�����/�|G/X��`&#x11;%�����%�%�#=�-:�i�ǣ��&#x19;�AFs-&#x1A;D���h^�&lt;E�����PO��Z�u&#x15;ȁ�&#x1F;3��f&#x7;�䨤@&gt;鞳��ڵ���w9��u��n_�s�ϕ�&#x5;�&#xE;j�fe~i��K&#x4;��L&gt;�3��E&#x10;&#x17;��p&#x19;K0��&#x19;�&#x1F;V.e�P�o�&#x10;����`&#x1D;�&gt;��.h�&#x3;�P�2��}p��*F��c&#x19;vB�rtvo1CW&#x1A;�,��v��L�&#x7;)�Ʊ)&#x12;e6kY�0Q�u�Ͷ���&lt;Э$�k������^9��6�s6�2��n��&#xE;K���#���&#x1;w&#x19;R�&#xC;�}@�ir
�tQ��.���r���5q�4�_�&#x5;l�ټoޜ�w�w�\��l���t�!�&#x1F;߹�w.����;7����\g&lt;Y���K�o�;�Rp&#x3;��\&#xB;�Jr���&lt;�)�h7&#x1E;&#xC;,�[�&#x10;��|i�+,GQ;��r&#x14;����!�QE&#x16;�h�&#x17;&#x7;�1&#x19;-�&#x5;M&#x12;��~�9�V"=�(TBʻ�g��#�:S1���z$��e�ӑb� TgSU&amp;ŸU�&lt;#0�/�@�����}���fG����}������m�d��/&#x1B;�&#x11;K�mC8���XZ&#x1E;&#x1;&lt;e�'&#xC;x��k&#x7;S�iu&#xC;jG���ёy&#x15;����&#x7;�&lt;�p�U&lt;�������W�=H��Y&#xF;��b��(&#x1E;i5ꁜ�6��O&#x6;��&#x1B;����6���_�&amp;D&#x1C;��-'ym�z�`^&#x1E;�`�~�^{�&#x1E;��t0�a�q�驛5&#x16;[M{�w�&#x8;&#x17;2��#3N��+to�tl�{�&#x18;Vg�=L�ڸ�H�N�/�䡊�G�&#x16;�&#x4;w.��e&lt;�&#x1B;�K���&#x18;&#x10;�i&#x2;�Hf���up.W$���a|�&#x5;�&#x5;-F�&#xB;EP&#xB;]���b&#x13;	�W�"��cj���&#x10;�4�)RL��&#x1E;d&#x1B;RH��4-��ꓵ�g&gt;~����(Z�Ṁ��&#x7;0&#x16;��4�'���s���@bg=��8�$�p�4(�8c�˖\&#x8;_����f�;"F���q-��v}����&#x1A;&#x14;�C�&#xE;&#xF;G�&#x2;&#xC;�E&#x1D;����?/��ӫ�X��줦��H��F�N�\�q�+C��i��S��`&#x19;$��&#x18;ׂE���6��WE�an.ۡan&amp;��0WP��&#xF;s���&#xF;�ܞ'=&#x7;צ|S+�=P&#xC;05�(B&#x1F;���&#x1E;�&#x16;�3���d��e��BUl}d���A'�@���b��*�cJ&#x10;�,����&#x2;&#x19;�B]emJ��i��&#x8;��~5���&#x1B;��8&#xF;Q��&#x15;&#xC;�?&#x16;���+&#x1E;��m�%�lL&#x17;�5�&#x19;�ֹdn&#x1C;����
&#x13;�&#x5;T@��avbJ��
 .Z5@��=�&#x1E;]&lt;�8Ƌ�Rs���G3��&#x19;����ƾ�䜯E&gt;XK�t/�F&amp;�&#x1E;ܨ�el$vǦ�'3T�lr�N�AĻ&lt;\06�(�����@��ܮ��yв��l��&#x19;i3�[TμT#F�}&#x8;&#x1D;���=��5){j���4&lt;+t_5�[w����~�r��$DΊ�u�l�9{D$��yb672ӕr�dM畳�?&#x7;���(FJ:�S�5ьΨ&#x4;U&#x16;�&lt;&#x18;�=&#x1E;,����ӛ[��u&#xC;�%&#x8;+3&#x1B;��O�W+�����&#x16;�&#x12;��&#x13;��W���c�(�r U��&#x15;h������&amp;3xx&#xE;F�.��3���FV&#x15;��L�Nu���&#x17;������,�r���=��[8&#x18;B��N�+��&#xE;!v*�����+&#x5;�!�;A�چ&#x10;�� ��|�5tН:���O�7]�ش�7Sh&#x7;o��nb&#x15;�IF�n����M�^���e��oV�M���c���&amp;��&#x17;Ƶ�ح$$|���ڃ�asVԳ\m�_����5S;&#x18;���v/K�Q���x&#xE;�&#xB;&#x19;�6&#x18;1&#x7;4�".,���^��%&#xF;�W�,�����tL���@q��&#xC;�"\��I,\�0�J~p�
|�&#x7;�?ao&#x12;�d&#x1A;V(fP&#x19;	�;��+�&#x16;e&#x5;�N�:Я"Q�$��a�J�6�H��=,&#x14;np�iD�4󳜌�ƕ�&amp;��ƕ`�Vh�&#x6;��q�oŌ�J[WL3
6�J�it��~�&#xB;��_&#x1;��\0Ѳ&#xE;�+�&#x1F;��^���ǎv�k0�O򺗚l�y�f�뺋^�kWJ���g���f�/^){�T�&#xB;���c�|��uW��ݞ�ҍ\]'G&#x1D;wQ�Fz&#xB;�`�����:QFeu��(�d,D&#x1;��P��Ͼ�P&#x14;2]ss/w��|m�~�|l��.~�^l�&gt;h0ԓ?����&#x10;K;����p���K&#x15;������}��U�P-&#x1;&#x19;=1��G8�
s
�{
���Ʋ���g�)}�N��AK&#x12;ą9��j&#x2;&#x1F;��9��]&#xF;����.=�K��j�s�԰�oU�&#x1A;nh�&#x1E;�^n0&#xE;�eP� ����8�&#xE;�D��y)9�֊Ù9�&#x7;%&#x7;��D`��r��&#xC;�;k�&lt;��k�|&#x3;�#o&#xF;9	�&#x1F;�Wj�6U)T9*o�&#xC;��*�jm�]k9,�0O4Y&#xE;�x���&#x3;&#x1B;&#x1F;�&#x19;�������_&#x1;��Da� �V�p��~7��De;��8n&#x19;���%&amp;&#x17;-g�b&#xB;�B�&#xE;; �Ǒ��1�&#x1;:-��&#x14;�dF�hr����&#x1A;��A�;��&#x7;v@Mِ&#x17;�E�c�Sa��Re{R�&#x1D;�1�̳ �2"e.��&#x14;�����޸�i�P��5�&#xB;�m&#x1C;��&#x1E;����~�&#x17;�/eC��&#x6;�i{5�o6{{x&#x7;�p�{3y�u�1��&#xB;�&#x1B;߁&#x1A;w��m�$u&#x12;ήA\�0�֘$&#x17;նc��є��&lt;w�X��OIB��0[)R�C�Bί��d;%��}l�����,V� ͤ�X����&#x1A;ֆn��&amp;�v�&#x11;&#x1B;V��O�O���UZ�YV,��O�b��pP�&#xC;����\��Yi�&#x1B;��X	^ۈX]%d���&#x19;UbP�V#�z&#x14;�r�Z&#x4;�N"WgCW'���ോY����赻&#x11;��&#x2;�/�Z��.D��&#x1A;�Ά��&#x16;T��&#xC;��~-�d���jA&#x5;VfT�3ZP&#x1D;/5BCg|�Gֶ��&#x5;%e��&#x1F;"sIM�S���BP&#x1;?&#x10;E�#�xr���6.�G\0`�Я��~M����و* ��`h6�/�bZJ�����l���D�F2y�W�"&lt;%�*F�_LҚ�!&amp;�����&#x1E;PLֹu�=�c��&#x1C;�&gt;\0p�0���`8
��&#x1A;&#x18;2{ߘ����:t&#x5;yO�&#x1E;I�H�so�&#x1;s��Z[X��&#x7;%�d&#x15;&#xF;9&#x12;&#x15;z�0��ʤo�&#x10;�&#x13;%'/�q֎��so҅�/�K(��9L7;�@xH��@w��L���c��&#x16;{����h�q#��b�h��X	�&#x8;g&#xF;��G]� !r�y"+ҳ~=��j?�s!�v�Ek
�S�M
m���R?e?�f��&#x1A;�&#x4;Z���&#x14;z&#xE;&#x7;94�K�z&#xB;&#x1E;�&#x11;���l,m��8v��hyt��&#x1A;��M(�&#x18;+�I&#x1;&#x18;&#x13;0'g�Zx���fI��,&#x3;�(�B�t&#x1A;|�P&#x18;�}�C�G9	Z,����&#x1C;��B��&#x1B;&#xE;&#x11;4`��f��j��P��a����N8߼�J'~����&#x13;�e�D�N�X�&#x13;���|b���&#x1D;d&#x14;C�6�&#x17;d&#x14;����&#x13;
&#x17;�	œ�������o��r��	Ś\0R�J&#x19;�����8ُ&lt;8j&#x2;��&#x10;�m5�&#x17;=���Eb��lwү��E��6��\7�{��h�ϻ��&#x14;��T��4ԏh������Q?�֎���^7q�X)�ih��$]1�6��Zc}W&#x15;͊s"&#x13;O��v��S�&#x1F;m�
���W&#x18;jS&#x1F;��ʊ�&#xB;3�GS��5|q��.��a�&lt;s��1��	�����i��4���u��8&#xF;��\0�䨦��&#x1C;��y��f}Kj`;����EY�&#x12;Pk��,�&#x18;&#x17;E���Q�&#x13;�$��6'G����&lt;?8jz����y��٣"ae�������U5H�&#x1;,�Fg\0A3X�_q��+��h��&#x1A;V&#x10;۠&#x2;/&#xE;����&#xB;�� &#x5;�'C&#x5;� ��a&#x5;к��
�}W&#x15;&#x1;���K�LW��kd[�q�|�&#x14;��:&#x17;��&#x5;������e�B����^&#x1F;�Uz��]W��1hx�m&#xC;���f�\0�TA Jb�wW&#x6;�p#�&#x1B;U��4#�p)�(j��Ѱ7&#x8;�&#x1F;&#x13;&#x16;YӞ1W�%��&#x5;jЕ&#x12;&#xE;_#�Yy��X\0�tK��龍�X�l��^h�M^h&gt;��*/��c^N�a_7�eU���x�&#x1D;&#x5;/�&#x13;��觮�Fs/�r�.�a&#x1D;=����&gt;T��&lt;a&#xB;��&#x1E;X*�&gt;�h&#x4;K�&#x7;�3�cR�Z&#xE;i&#xF;�&#xF;O&amp;E��xbH��ܨ���&#xF;}ҽ�v�2�i���՞&#x1E;$&gt;[iO��-.?F����Q�-olm�0]���NjOG�I.kOk@Ҡ==8�����Ї&#x1E;2�yY⍹�C��Mv*�PGG=�c��&#x18;�IO�&gt;���-���+��V��/[I��;��d�r-�Rg/��h��&#xE;�&#x1A;y�Nbwꌰ�����9&#x7;23������.\0��1��W62~�GR�z��&#x1B;/�G%a�&lt;�`=B&#xE;Z&gt;�8ʹ6aj&#x1B;�9�����f�?F��Q�f�rN2���6���m��P = ,&#x12;q��&gt;c�&#xF;�&#x18;&#x16;�!r�9h��q&#xB;C��&#x1A;@��xe�⢆�sXE�����%�#�v"��J�:�4��&#x1D;�.��&#x7;�qt&#x18;��)�&#x4;������`y��Z��G&#x11;�&#x11;"��rm�C`-���\.�L&#x1;�8&#x2;&#xB;.8�`�н�/0&#x1C;��&#x1D;��d&#x19;&#xB;S�ͰłfR�މ�Ӛ�o��u%��h�@��y9&#x12;�&#x16;@J��H&#x1A;&#xF;���i5�b!����6&#x11; մ&#x4;H�ny&#x1C;�|[0�Qfo�tdI�]&#x13;&#xB;�K��C�c�&#x1C;��&#x19;��ok1���y�4&#x4;�ՠ�5&#x18;&#x7;&#x7;��4�Uc�&#xC;_.�1ʽ���4̬�c&#x17;�z��.~���&#x15;է���7����z�pi瞁��ɶI�E��'�'&#x13;cꆀ�]�d��:C6@�&#x3;+�&#x2;M&#x18;T�'7�ě&#x2;��\0ܲi5��2��p�&#x17;�&#x19;\G��4����J "w�:cQG�	������&#xC;Yt��&#x15;C&#x16;E���A,;x�f���N�~I&#x4;�#&#x2;�S�&#x16;���۶#�sZ��&#xB;�G����[�Ǎϯ�~�R�J԰&#x10;�4!&gt;�\Z�+��&#x2;�����&#x1;=��ʎ�S��3�&#x2;�a�ԾT&gt;4�C&#x8;j�&amp;��CȤRL��9{�3&#x1F;�"3�),k6�&#xF;&#x1;\0EA���-z���R#emu^|6*X�\0��������tD8�+Θ�&#x18;з�x6g��C�J%&#x18;D~�}��C�TM&#x16;�a�&#x1A;$&#x11;�&lt;_�Ԍ˧���\���ٻ#��{����e��0&#x10;��h��&#x1B;+]���f�����&#x3;���㭵Cݞu&#x4;7_�D�NV�k��@%(�&#x4;�d)OSn&#x6;�n]��4Φ���Z�Յo]�N�S�l`|������&#x1F;Nv��m&#x13;Z���3�&#x1;٬,!\0e�d�=&#x6;�}�;|X�ᗑ&#x1F;|!�la�&#x13;&#x2;�[Ȳ&#x19;h�&#x1E;��&#x1D;~�`�&#x17;=wJ�-�L/�]���l3�����&#x6;�&#x18;44H�k�6��&#xE;i�&#x11;���f� ~�0�E&#x1A;���BBV�'9uIKO&#x1D;&gt;ג�K ��z_�Cڴ;j���A�A��5�n���4��*�b�&#x14;���4�&#xB;ͮvY�G-/-��K�&#x1F;I&#x12;4;����F��&#xF;}X��O����)��&#x1F;��&#xF;A�ki��Q�&#x8;�!d��&#x16;i��T�o$|U��&#xB;&#x4;z�@k�&amp;�4�i�2P�+Xl��`ڑ�&#x11;َv�W&#x13;�hxd3��-�y�v�'��d�""��&#x2;S6�\��ʆט�*�[H)0�ZPEYAݨ�8�g$�.&#x2;�b�6&#x1D;߄��Z	8&#x1C;���T�Ҟ�ń5:{2Gj/g"��&#x7;�&#x3;�n��j�ĝi�+�{"΂GP"ˏ��]#�Q�ˠw�t��&amp;4�&lt;�&#x2;�^{n1&#x1B;I9ݣ�t�� c&#x12;Y%���7�������~�ӿ&#x3;'�8'd&#x6;��&amp;��&#x17;�&#x1F;�!r��	&#xB;&#x1D;0�&#x18;@�+�u�/*��˄Rz��3?dF,?&#xC;��\0���ק&#x13;��KM2t~T�&#x1D;�f&#x7;c`'7
�&#x12;����\ǵ�	�&#x1;&#x11;��&#x1A;�x�qK��f�&#x4;�]��t����:���$=�)N���&#x18;kmWxU�k�Uu&#x15;N��Z9U}8�T�8)�jsw�7�&#x4;��� 4�VJ����&#x19;U�)���&gt;�ew��&amp;&#x5;~���&#x1F;&#x1;��&#x19;{\&#x11;g��@MV G���
���{&#x14;��;�;&#x5;yW&#x7;�D^�}�&#xF;�&#x17;�n�&#xC;&#x1C;���&#x13;E&#x1;$MZ&#x1F;Q&#x6;&#x1A;x&#x7;L&#xB;f$uF�7�͐�&#x1;v�:&#x11;�%&#x13;�\0�&#x10;����&amp;&#x1F;&#x12;kJ�&#xC;�T�&amp;&#x4;��	&lt;�&#x12;�&#x14;툎W힢&#x2;�&lt;|����P�ۯo��S�&#x1C;�Vy�6����'h	7�7�D��&#x5;�&#xE;�ت��D&#x1D;�&amp;&#x15;����	&#x1D;�O��8���,N�*S&#x18;���&#xC;�
&#xC;4Z^�̪�j�An� �Y&#x1B;�{^y�&#x13;i&#x12;��\ٷ/\�ly�~4�b�&#x3;ޔ&#x18;8�ÎQLC�&#x10;�&#xC;&#x5;��֞k�����7l̨ikǹ�&#x7;,_#lY�5j�8�}���C&#x1B;���&#x2;�&#x12;�C&#x11;o���i�AO�=&#xF;�&#x5;h:	sg6��&#x5;/�&gt;7ʎ}0���`�;&#x6;�&#x11;��tY&#x3;&amp;�@�&#x7;z�'�a�&#x13;���2I��x�JV;�&#x12;�m^��KQb_'�8�߷~�V��&#x1D;J�"&#x7;(�AJ���AJ�r�&#x12;[�&#xC;��&#x7;R�a�&#x6;&#x7;&#xE;F�&#xF;]�&#x10;?o�&#x5;��==W'��`"�\0u�`&lt;e9]�{�m%��&#x1B;�x���|�&#x3;^1^B&#x1E;��g?��������?�Dw����&#x1B;뇸P�[Ӗ���w��]���&#x1C;����)��]�p�&gt;&#xC;Å�ܽ���`�U�0� fօ�6��D��Ɯ�`�&#x16;�u&#x7;��fAp��^��&amp;&#xC;�&#x13;5Q+&#x16;��|3ž�l�o��U��M���3�'2&lt;j|�/2,-4Q���G&#x14;�y�&#xB;
�Ʈ&#x19;&#x1F;E/�Jb&#x18;}���&#x1B;T&#xF;�&amp;`�&#x1A;߾둕&#x15;��q&#x7;V�Պ�	Yaۚ��	�5m�����XC8�l���m:��lF�&#x1F;_�#�O4Jn�&gt;�ޗU�n&#x12;C8&#xB;srW�K_�&#x1B;o����}�Am[�"M���e��&#x19;�F�9[�:`�(�&#xE;;(��_Q�ZSET��P�a
�{��ƴ/���{&#x15;��HM��X�@&#x18;�&#x12;�*&#x10;�DZ�&#x13;�s";�&#x19;&#x1D;�OR�۝&#x1;����ILXU�3r{#�#&#x16;��;q8��5D瑸&gt;���"%��74��͵&#x7;�&#x1B;&#x1F;_o^�3�-nd��zL�K��&#x15;���vy��S�]�&#x1C;�YS��GU׈�Vщ� �ʑد ��E����8�1��"qT'W�'��	����&#x1B;��j��&#x11;&#x18;�c{��a�i�PC��;�&#x15;�&#x1E;&#xE;�&#xC;��k&#x1D;�&#x11;���C�F��:�+��n��,�U�d��&amp;&#x16;�c&#x1A;�:9���H�&#x14;�@��z?�u�ϣ������	&#x14;zߔ&#x16;5Q�;b�^I�V:��b�r��&#xC;�}�&#x12;�xL&#x17;���7�&#xB;d,�&#x1D;z�t�&#xC;\.�	����IF&#x1F;d&#x1B;&#xC;�1B��5&#xF;&#x8;'���M�&#x1C;�L4$�!q0�[&#x4;z:���!��L~}�gQ7��&#xF;��˼�N�Kx��������`��D&#x3;D]:���7}Ù�*�&#x4;&#x1;���a�����6&#x1;&#x8;xWn���U&#x1F;�&#x13;��[J��b�p2df��g��&#x7;�o��Q�5=Xz��~�҄n�r�x�&#x1A;,��-h&#x1;b]&#x1F;�^ܟl&#xE;&gt;9&#x19;k&#x14;�^�jYdVx�N�Z&#x7;���� &#x1;ɹh�(&#x14;5��N]�S|\��͈T�	��]���&#x1C;�~d��}��&#x16;�&amp;z`&#x1D;�&gt;�{-{�Z�&#x1A;&#x4;d+{-qع�X"|lE�c,E��i&#x5;�T&#x1D;}K�z&#x8;j��&#x10;�N��R����/&#x1E;7�fߜ�iH&#x1C;�P�i&lt;��=��a�$BM�&lt;���mo�4V��{4�f*F^���j�Q&lt;�.Fv6�H����/�3�Hg*�.+?�'�B�^&#x1D;�l&#x19;r���ڒI�&#x1B;�e�&#x15;�&#x19;�X�|)\}&#x6;�"��{�CQ��}2��m(�w�(�&#x1F;�=��(CY�?z2z"&gt;&#x6;��?,!�G&#x19;F���dt���{09�Io��,C�f�q�&#xC;�$��0&#x2;&#x1D;�2&#x13;}p����.�ݶ�N�7{kn��\�[�;����cp&#x10;{����&#x12;&#x1B;�������Gk��B�}d��.��v�n�����m�&#x19;����&#x1;�b����5N�t��A2���]{-w��Vo��Hc�4��&#x8; Ҿ)���K��;*�@&#x11;&#xF;`OF�&#x5;LE��&#xE;&#x12;�d���&#x4;�&#x6;L����Q�A�&#x1;���X&#x18;�h���y}�&#x19;8���1��w��&gt;�eɉ&#x1F;&#x16;���~���%��W$�&#x16;����LE��Hd��&#x1C;I���"ǳ%_�:Z����&#x1D;��?�;�$(~��[�d&#x12;��F�t�C�戶��5"ٲNIJ&#x14;��ˆ#m��޴��ٚ&#x12;�&#x13;���(��yZ�	I	�&#x14;$O��:��RHB��&#x14;��e�`&amp;o�&#x13;�ˊx}Ui3��¹�]�ʬʋ���%�&#x6;{�L�x&#x8;�рfj�@&#x2;&#x4;�&#x1C;M�|4�:i&#x7;פm+��LZ�&#x1E;cۨj#&#x15;���ß�1q7���psyiyӪ�D�&#x1D;8� ?&#x1E;L��e/&#xB;=��v��,@$!�C�&gt;$��{ݤ&#xC;����L)@&#x15;�G���s&#x15;��/�~�^���:,w&#x1B;&#x3;�&#x1B;NQ�8h){�F��h��~���'`�~&#x1D;��dB&#x17;\0�/�&#x5;�&#xE;)S&#x15;2����� ���P&#x1D;�k~F �ICWJ��_��&#x15;#L3�t&#x1A;!HPs6Q�󺞈L�i��+���&#x3;*e�da�rB��&#x15;��:��XΥ΅A &#x7;���̭�,C�Qmyp�&#x4;t�?&#x10;D�.��/�ҋ�:&#x18;�s&#x1D;$�1���#I`X��p}��&#x1D;��Lu�e�:�&#x13;C&#x1D;:"&#x1E;|��&#xB;�TP&#x1F;�&#xC;�_8o*H&#x15;�c��Y������&#x3;\0&#x16;��io_(q�L�Z��L���L���L����mB���&gt;�濬&#xE;W«pW�|&#x16;M�&#x10;��Ŝ�V�'����\0L&#x14;�����v^N@�&#x8;ҹ&#x1C;u��k��P��$&#x1C;Ȥ�_*�\0�W��m0C?&#x1A;$&#x1C;,�#&#x3;����`KI
�1$�A�Z�&#x1;��Uq&#x8;JA�&#x19;s�0&#x7;�������M-��������as��a����+&#x1B;cX&#xC;���o&#xE;��&#x5;Hn�G�`&#x16;��&lt;9�&#x13;�x]\0;B�U�&#x1E;��&#x4;�����s�.�1&#x17;#m�&#x13;&#x2;~X���i�*P�&#x1;&#x13;iS����x��45��&#x15;����A�f!�&#x6;&#x1C;d&#x3;&#x4;9�C�&#x4;��[�d3&#xC;��KP)�5V!ޥ�%���"+�ѨD{&#x19;&#xC;_r&#x11;2��&#x12;���3h	Q&#x1D;E&#x14;��&#x8;�P��q7�^T&#x17;�&#x5;��V�Ib�6۝^&#x3;���&#x16;�-��C&#xF;B�ԈO�v��.�3���Ы,RQ�&#x1D;t�Wk"Lp+�&#x11;h�&#x7;&#x12;qi������᢮�%��N'�.FaO�Y���Lf��X�S0�I�;lU����лM&#x4;&#x3;x#�T�êx&#x1E;*O&#x6;����g�������hg&lt;r ���.&#x3;�t�r�h7���h�8l��JG$Q�v�&#x15;֔:�$�d�i*v�&#x8;c&#x6;�Õ�)܎&amp;&#x6;�o�&#xB;a�Z&#x12;��nqO�*h���&#x1B;Q�&#x14;�&#xB;|&#x12;��t���.&#x1B;��lj�����mH_&#x16;8~�tzʝ����(��a&#xB;��su�&#x1C;�9\��;$n��&#xF;(�&gt;&#x4;p�&#x4;F&#x4;��&#x1C;`zc�A�gޫ�}l�کޝA�&#x1F;&#x10;��&#x4;e㾅&#x7;�')&#xB;��kxDs7��W&#xE;:Q��(f�̇�j�X��Բc���&#x4;���]�cj⧺㻴�&#x6;?�
&#x1D;m���ᇡ����_&#x1E;?o&#x15;&#x12;&#x7;W\@�Y�yq�&#x18;�^6#��02�@ՠ���{�=h���&#x8;���C�)�*�Y�Y�P� l��pv &#x1B;*DD6�f�&#x11;V1�&#x17;&#x8;҆�@UE���f����&#x6;�et&#x1A;_;}�=L��A&#x1E;?4��|�K/,�L�Ha��2v��	e)&#xF;G&#x1E;Ɖ�'��K��xU��Q&#x4;�&#x6;��mh�q�n�����4���&#x13;��I�mz�&#x1A;r&#x7;�d27`��2i�(`�&#x1D;�0T�&#x8;��&#x1E;�vۢEVƆ�P=D���[�@&#x6;��&#x4;�\&#x4;nm�Xڣ��J&gt;�5� �..U���&#xB;�3�&lt;�%�N厴&#x19;�ӑ�$'��Pl�e����3���5&#x12;����&#x10;&gt;;Eey�\FΪG-�&amp;�v����@���v�glSg��&#x1B;m&#x14;��p~'���q�)·1&#x1C;d�����&#x19;�����n\0�q)�&#x4;&#x5;Y&#x1C;&#x7;��d�&#x1A;�&#xE;A&#x2; &#x18;��N,��:r�i��&#x6;�&#x1B;&#x11;���M!�t+șshL5YT*�T�q&#xE;���&#x8;(V�&#x12;����=�� ��^&#x7;:�sHq�?�(za�"Y��#&#x17;&#x1C;�B�3��CX&#xF;��+�\0�3�lVq�N.&#x16;��*�0�R���n[��\0jF&#x1;fk&#x3;�&amp;S��Rr6�b�i&#x6;r&#xB;-��m
��t=��ҊL�@|�L&#x19;F��&#xF;D&#x1A;x
&#x7;Yi7Ӏ��&#x14;&#xF;&#x5;,;�3;Sz0��SL�&#xB;ƾ�&#x18;�fu�T/&#x1E;&#x1D;��,���&#x1B;&gt;p�U&#x1E;���
�&#x12;���&#x6;��÷�rВ����\08s6�&#x4;���o�[&#x1E;���c\���5f�qnɦy�����=�t��2L&#xF;&lt;�h*'KE�4&#x1E;o��*&#x1F;��ݼ�f��չ��F��&#x18;Lo��F�-��&#x1C;���&#x2;L�&#xC;P�&#x2;�l���&#x7;�k{&gt;��G�:&gt;�,��V�&#x7;�;����x&#x14;`y&#x16;�B�nDg�&#x17;�&#xF;A%0]&#x14;�~&#xF;0&#xC;��;��P�^d\0�b3{�\0��gV��&#x12;"&#x14;��j�Gu�nL��!&#xC;m��&#x1B;&#x1F;_mVI:��'�&#x19;�T�͜����3OOT�&#xC;Dse��+JM��Y�M&#x19;=&#x3;��ՙ|K�I�N&#x15;����1�&#x17;*&#x14;+�&#x16;k�$g�������4���Z�̶���h%]&#x19;���&#x5;|�4�*R������
�撖��T(��gm&#x14;��!1�6VD�(�X���hrJ�$)�X.�=c���:A&#x8;at�|&#x11;���hy&#x1A;Հ&#x5;�&#x10;̧�|�Xo��`�&#x2;&#x17;&amp;f�q�|N�Y��LZ�4ΐ�M9�LY�hr���(1w~m&#x2;���E`�+H�&#x1A;j�XS͔�r�&amp;�&amp;Ù����&#x5;��&#xF;ITp����&#xE;�����,�q�&#x14;i�;�E_���^�&#xE;R���_}��l�S�;&#x18;�n#�=	�!�P&#x5;&#x7;T��d���%�&#xE;&#x13;y�m� (P�Ғ�&#x13;&#x7;�&#x12;&gt;�;�f��&#x1;�\07&#xC;��@[Ǡ�/�&#x1E;x�%}ޫ&#x10;�wޘ�$]�0�`&#x6;�&#x4;y��i���&#x16;�b�Ӥ��0M:�9-/&#x1C;&amp;m&amp;&#x19;�ϒ��.wX�&#xE;&#x15;�&#x6;&#xC;"-�從�����y�[�r	9
&#x7;&amp;�s��}�����&#x4;Ԋ"$�X�I�&#x7;� �&amp;�X�t���&#x5;	�A�&#x14;P&#x14;� �%E�HI&lt;�5�I陌&#xC;z&amp;3�&#x15;�hAk���&#x2;$���#��3�^8�xIߴ�K�/�iz)9םt��g�&#x1;�ý�6��@0&#xB;J����/.�2�a-�Ǝ&#x8;����!���\�S2(�&#xC;_+����NeP&#x2;㰪�qF&#x6;%��ϲ[��(�&#xE;���3�Ac�&gt;�/$P&#x2;~ Z(&#x7;&#x18;F?&#xC;K׸�$���N�c&#x1;�X��X�����
 �8�)"*&#x11;&#x1E;�L�E�㖜&#x4;X5�3$&#x1;���&#x19;�&#x1;��'#s6&#x5;XbX���w��T2�P.~&#xB;v&#x1C;Ȝ�x��G���u�&#x13;�&#x10;&#xC;f&#x4;�$&#x2;E���(�q�Lf.�.�&#x19;2?&#x1D;�gG����9�h拾�p�Wf����e���`�Y^�û&#x2;Kb&#x7;s�F��i:�W|}�X(�&#x1E;&#x13;��8/nIZ:u\��&#x1F;r���J��&#x17;&#xB;aZ�ދ��Ĭ^I�6�&#x1C;��-^\0�&#x1F;2����F�V_@Z&#x14;�3�&#x2;�1k@2�n/R�&#x12;��Eҧ^iVB&#xE;��A�!E&#x11;�nc�pϵ���d&#x15;�4�HQ��N��N^?��F'���&#x1C;X���]�&#x1A;w:�����DR&#x15;Սi��H�H�)&#x19;�t"�ڏ�٢238I�҉d��m+�3��[�H��&#x1;Ԋ�Zzj&#x1D;JeA�r�V4��OQ}&#x13;�*F�;�*��N1��+��&#x3;�|(���&#x2;/�)��&#x4;&#x10;&#x13;&#x13;��,����E��5��&#x1;!˱�&#xC;&#x1A;�&#x19;�Z���f4�L�B�1��&lt;}�d��!Ԙ�ea/Q޹I�w��*{8���O��{�|�i����l�er;:F�ir;��_��&#x19;tU�_+����� ��������K���&#x3;��qYB!,'s�U2W�ݺ%߹&#x18;9���ެ�N�ʰMe�x�t&#x1D;�@6�gy^˨���3�u&#x17;M���\0&#x15;˥&gt;��h�,kp�"t�6x*�Mw��;J����o���m�&#x1C;�]'�m&#x11;��������=ǿ��&#xE;sLE�&#x1;&#x1;D&#x5;|���&#x1;a�T6Q�HQB��!J&#xB;Y��?J�g�E�����6k��L_�{"�o!!,��.�U&#x1B;�J&#xF;&#x3;�2:c��2ED�&#x6;�f&amp;��@��f�&#x10;��&#x14;&#x14;�&#x1;&#x1B;���ff����E�#z��ٴlD��+#���&#x4;�?n��淣&#xB;=mT{MMʍŭ&#xE;^�&gt;&#x8;$&#xC;vSV7�|&#x18;�&#x1A;Z2�N��&#xF;3�&#x1E;�d7�Ȕ�&#x18;(����Va*;�Ɯ��F�S�Q�UaF��9�Og�&#x1E;�G�"���P�&#x12;�`&#x7;�N��#�&#x1C;ʢ&#x17;J�&#x6;͗�&#x1C;�3zW�HN(�"���&#xC;���Q&#x1A;�x�DQ.l�ЉO�NDLz&#x12;��59�P3�t��&#x8;/
A�&#x1B;��&#x1F;4�P���4sz&#x1E;�&#x17;�&#x3;r�P�&#x8;�@X&#x8;&#x1E;&#x13;%C.ao�a&#x2;&#x1F;�'�u�Cd9�����&#x4;^H�V_4&#x11;=&amp;�&#x14;��&#x16;�t�%&#xC;�&#x1F;��](��I/�z�����&#x4;�Ϧ:d2t;&#x3;qe3&#x11;�f�P�����&#x16;+��֥A�&#x6;�R&#x1C;��!sQw����pE��h�.��-��&#x1;&amp;�蓺��ЯU&#x1B;&#x16;��=(v޹\0�Я�n&#xF;6/�}X�j�@��"_�&#xE;�&gt;��3���H�F���J$����m��&#xB;J$�/��8{KV�ą���o��Z���i���M�j旬�&#x10;�Z&#x1F;�_��&#x7;}Buᷮ��Kv/�&#xF;T�i�;������M앀�M�՝&#x1;\W�û��U&#x16;r���&#x17;b��~����������&lt;m�rv�����u}����arv��&#xE;�&#x17;w��H��-&amp;g&#x10;�����Ǥ&#x1C;#���&#x1;,��1���g&#x18;�^Y�б� ���ZdlV��N&#x11;`��&#xF;&#x1D;&#x10;`&#x1D;�}��a�+$*���B���EUlR&#x17;&#x1C;�5&#x1F;[�� ?��F	&#x12;�U�V�k��lL�:L�|����{U�1�&#x5;��T2~Ȗ_ 
v&#x16;�v������&amp;&#x17;&#x3;�X�v��=&#x18;?a�⎷ �O)�&#x18;��"�Eϼ͆�&#x15;��6&#x12;y&#xE;U&#x12;&#x16;&#x1;J��&amp;����&#x17;\AX��F?j�0&#x8;��&lt;&#x1D;�O&#x16;�b�(D��a�IY=�6���[M��&#x14;��Mi���u_�y��p�y��ɛ�)�&lt;0$^J��7�ؼwe
�N�.޲z���:ڕ��.а��Mgc�&#xF;YP�6���5Z�$�}�kw\�$&#x18;�@��&#x1E;&#x1D;JBv�.���3�E&#x2;�g�&lt;��4w�HWr�|�%x��ɐD��&#x10;)q�&#x2;W�&#x3;���W�]�]v��7�&#x1D;�/�cΕ�N&#x4;)�J�������Oa&#xE;v&#x12;5��Y�Y��kd�pJ7Y�&#x7;N�&#xF;�X�{��9iЗ͢VDK&lt;&#x12;f4���	���y|;��+��r\��_6��&#xB;��)r�&#x1C;�&#x1B;4r�I��9�XA(}t*��6#P�l~O&#x1F;r�)���&gt;�+|�&#x3;�JZ�y@O�z������t�c^�&#x1A;���-�W�UKz�|NZ�e)=&#x13;�ީ���
IY�&#x1C;(}Q47f}�W{��B�}؄�|�&#xB;Y�p&#x7;Ǿ�-�Ƿ���&#x13;�ǝ�TK��2Ʉ&#x8;��&#xB;���&#xB;8�&#x1B;��ѩ�&#xC;�4�Nl����{&#x1B;&#x8;?�=�����o&#x3;�v��&#x14;�&#x14;�ps�𧇆N����r�69��{��+��dș)&#x10;&#x13;Ǣ��w(�`�&#x19;���\0&#x7;�R}&#x1;4m�N��Jr\0�}&#x1A;�ճ,:�� �]��ug�l�irH�I�&#x6;����5�~`&#xF;�eG=�&#xF;��q&#x11;�&#x11;W�m%�|5��ןH��j����&#x13;5����:-�눻&#x5;Iy�I&#x1F;3�U���c�w����&#x1;���rjJ�gtR���&#x1F;h}@�L#N�&#x13;sq��1�3��{����\0V����!��&#x13;��&#xB;���[:q�顸���&#xE;�M'��8in/H���i Ь���V�&#x7;�g&#xF;���\�ԕ��E���u��&#x12;⎂��&#x1C;t4&#x5;�0A�
.�&#x4;Q��K���a&#xE;~Y&#x5;�&#x1E;{;O�&lt;X5�Q] ��
�ݦ&#x13;~t&amp;�ƴ
��&#xC;o�+f�ǎ&#x19;�ri�6�g�i�*&#x7;|��!�&#x1D;�s��Y�)p[&#x1E;g)�&#x1D;�&lt;��&#xE;��S&#x1A;�&#x1B;&#x11;r&amp;½&#x12;�6�=�m&#x1D;�N*ƹ�ԛԕ�`�&#x16;�6e��&#x1C;��k���1��_K�r$�"&#x8;��&#x14;M�&#x16;L���ֶ]�I����}�z&gt;3�x6+�?�I�K$�D�I�%�&#x8;㩅��&lt;��&#x17;SwH��;�8�H��^��&#x12;��&#x14;�o&#xE;*|H�M���E�&#x14;�p�&#x16;�&#x1;U'�n��{)��&#x2;6f��P4&lt;oLHB&amp;��(���m�~Z{�W��&#x2;_ob�6b�ҾI9D�9�Pͻ��=FI=&gt;��d��J�h&#x7;G�&#xF;j.L$Ht��Ӫ�V�����|&#x7;�&#x17;-CBP���F�&#xE;� �ƉJ�	�c���I	
��z��l�HA�dT;	
�IF3�&#xF;����~d��UOn�[�pc]&#x17;gH��%:�)�&#xF;&amp;q�Q&#x17;"&#xE;bgu&#x7;_*y'c�5H~&amp;�ǯ�&#x1E;`0u�ϡ�]�GF&#x1A;���Y&#xB;�ݚ6=S/�5�m��&#x1A;&#x13;��&lt;&#x1E;�c	&#x14;��`�z���&#x18;&#x5;��&#xE;Nb&#xF;����mj&#x16;�ns�a�����&#x18;��(��&#x1D;�(k[�/kw����E&#xE;&#x14;�K����G�+�I�@)
C&#x4;�n6�T����Z�#&#x10;&#x1B;�g&#x1D;)&#x2;%Ͽ�3_Gi��&#x19;A�&#x8;A��4S�|� m�ңn���o�&#x1C;N��:���b�}�5HB�����HR�R�&#x11;J&#xF;+��&#x7;&#x11;t�x;|�PzC��z�`��os�gÉE&amp;)�C��&#xC;��:I[&#x19;��6C�|}�.���A)�V�&#x1B;Bi�q&#x6;?���ܹP�h*��NB@�&#xE;՘G&gt;�L��X�Ѱ��c�0/R3� ��J��N?��7�Z��jg�&#x18;�ڋ�	a)x�V��&#x16;-�]D��"���&lt;��S\0&#x3;��&#x18;/&#x19;:�E����e&#x2;&lt;&#x1F;&#x6;���br9?V�O��L,�&#x12;���"?ʶi�|&#x2;�`p(w'W�q^����׉��Bč������(�@+e���&#x1C;�h&#x1E;Ѵ�hJ�� -1kR��-��v&#x5;ƃ&amp;�@�eO��$L�|&#x16;'�g�	~#Jp�&#x5;��l��'R&#x18;zj�h&#xC;&#x15;�f�\��իheE��&#x7;E��-e�F�ٽ�&#x1A;P�o*���t�o l�.�C&#x4;�ge!N��L&#x1A;R4�I��^'j�kQ�=3&#x15;ɋ&#x1B;�&#x1C;����tc��*�g�&#xB;�&#x6;�h�@!Hٱr �kȺ��W[&#x19;��m��sU�^���h^^أ#h�s&#x7;� �'�&#xF;н�ؘB���&#x10;�C����%��S�r[&#x18;F&#x19;oʤ�pZ&#x1B;�y1��0�\'o���"��\���-u�AU3�&#x1A;&amp;p%�&#x5;�&#x11;`����&#x1E;�&#x1D;&#x2;a��R�r��MN�&#x17;N
&#x19;x��=��&#xE;&#xC;;�Ϙ��|ڊ4^&#x1D;�S&#x1C;.�/f���&#x17;�C8.m�b{5G�\0�#�gh�&#xF;&#xC;@�1R4��ư&#x5;��L&#x18;����8��لKṊ6��&#x14;���&#x1C;&lt;&#x17;h&#x8;���S]�}�h&#x1D;_bs&#x10;���f��&#x1;!姉��L�&#xC;�0&amp;=��u��&#x8;~�?/6�&#x16;�&#x1E;t�U���t�_*Țtu��@���$A3&#x13;�x���&#x18;�O�	���L�#E���ߨg�ee��&#xC;���M��h��&#x2;��nɸ����T�%!��'-&#x6;AΟ�/&#xE;��U�P�l���%ݑDa�&#x1D;�v�f�&#xB;f�V&#x3;�K�2�0�M��H%ht�wѧtX=�&#x13;u9����.�ӑqd^�%Ι*&#x1F;�����p�&#x14;�
\�m%)&lt;��&#x2;�� ���,&#x1;&#x15;��-&amp;(-���&#xF;1%�L�P6�I��S&#x1A;�͊�|&#xE;��=��&#x18;6��ߘ@�A_�i�&#xF;�&#x12;&#x4;ަȈ�7&#x1E;`/&#x7;��P�++�&amp;�0&#x3;$W��!&#x1;&#x18;&#xE;��\0�������0C�&#xE;�5(�A	D\\((�&#xC;f��&#xC;�ܤ0�&#x8;@�@օ��Y
�J(V�&#x2;+�&#x6;�2ᬼ�\&#x7;O�ۃ*|�c&#x1D;��jf�(&#x1F;@%NB&#x18;e��#�
���(�󣦁�/&#x14;�A&#x1D;E�7���9\
Cwʩ?K)A�J�(%��i�u�&#x4;~ۖ�7:	��]2a#W-L�&#x18;&#x19;�ʼ��J�Z:�M[&#x1;��6(c������0�U�&#x7;�-;�ЅSJ&#x7;gY�C�N���-�r��`�?$��U[���&#x1B;����&#x1;�
lL���!cC&#x1F;&#x13;I�-��X��QN�؜�[�$�kz��8�Lл4U&#xB;���p2��5g��y&#x1F;�&#x6;�����&#x7;�*�m���:g�]�;&amp;Gz���&#x10;3 &#x4;H@��&#x4; ��A�&#x1C;	H����.n!&#x1;��!&#x1;^&#x12;Ą&#x4;��&#x12;��a�%��h@2R�L�&lt;&#x2;駰&#x6;&#x3;��&#x2;,&#x14;@��I @�p&#x6;&#x4;t&#x1E;H@�&#x1;&#x5;$�!I���9&#x1A;&#x1E;�	&#x6;&#xC;�{&#x12;ϰ&#x7;ޱ�&#x2;4�߁&#x2;�\��&#xE;&#x4;Ĥ�=&#xF;�u&#x11;��=&#x17;�~�&#xC;&#x8;��@�&#x1B;&#x16;�f����&#x17;�↫&lt;�@��&#x15;ӥ;&#x1F;��d��&#x7;����&#x7;�c!p&#x5;��5h�*l&#x10;��1�W&#x1C;D_��&#x1F;&lt;�lv��p�a&#xE;�.ef�R���F��ң�&#x1F;�����&#x16;ϕ�w9p�?&#x1D;&gt;�e�e&#xB;��ν�)}��1��&amp;�O�P&#x1D;���ݍ�;�&#x5;	�$Z��0�f&#xC;[�cآ�Bgf��&#x15;���T&#xC;o�\0gc���N}~���c[�&#x18;��&#x1A;�[y� �E&#x1;��3��&#x1;Ż&#x13;\�Ԓ&#x6;'�������&#x1;&#x5;��&#xB;9�;&#x14;��u$�y��u�\0��&#x4;�Mhޝo-$-2N����6�����)T���y��ղ{2m�����զ�&#x1;�!���&#x7;�Z&#x19;W:�D+�18&#x3;R�{� 򚦟�;f(��ƘM	&#x1B;h�&#xE;&lt;p���&#xB;J�1	�̊�|�:&#x14;Ph&#x10;�d}_E�&#x11;&#xE;�j:*&#x17;�)}�~��6Aё����&#x1C;���ml�U��~H&#x19;��&#x4;�&gt;&#x1;����&#x4;l&#x11;�Y���&#x14;�&#xC;ס�W"�؃�u�}&#x1B;�&#x12;&#x13;��&amp;j�Ưnõ��%�v^��&#x1B;�=�KWf{�����O�7����\?�&#x1E;�����d�9�h&#xF;�&#x4;��&#x1E;��ڌ&#x19;w�{�Awf�GT��&#x13;�
8�U�&#x1C;�����&#x8;QLY�'{$��0�#�[��h�|4W�~ϓ0�����O���@��F)e�&#x19;��&#x16;|~&#x1A;V�)��l�J����^�f&#xE;S�&amp;!��T���"�!)�A��L.CU��2�V&#x1F;�c�J�&#x6;�&#x2;IL�&#x16;m &#x15;�+I&#xC;&#x15;}�kˆj&#x1E;N~&#x1C;�&#x3;*a".�K����;]&#x6;4�%S.�4�h�ߌ�C���&gt;ы\_�g�;�i_��I���&#xE;dc�^��&gt;��mħ�����h&lt;&#x1E;5mKG&#x12;DGu�&#x10;`�&#x3;n��{JKۼ"���k���&#x1D;���:^�+���K�&#x1A;��&#xB;�����7c%9�&#xB;H��Z�&#x15;'��Z��]�&#x8;y��&#x2;�S���+��&#xC;�&gt;V�~&#x13;{tjGy��G�93=��DJ��&#x3;
��'�%����w5p��Z5pNM��&#x1A;$Z׆�7����y;3�jB&#x12;t{�U?S���5�^
#u�&#x1B;=��z耓}h���$&#x7;���`)9X�U���&#x1C;�mǒ&#x6;�����&#x19;EJf�&#x19;&#x6;��H��X�&#x11;��&#x1F;�k&#x18;Gځ�!6uD�����q�?X�&#x19;&lt;&#xC;5Qp&#xE;KTTu�Ԡ�`&#x1;B���	az�	&#x1F;��!]�����C5�F_&#x10;/G��N�@)��-�&#x6;nG����T݀nPG�S&#x12;��&#xE;=&#x8;&#x1D;&#xC;&#xC;��s&#x1E;ea&#x16;�&#x6;Q�ֈ::Q-k�6&#x10;&#x1;�G������I&#x19;m�����&#x5;D;&#x12;i&#x1B;(�9�8����d&#x5;[2m&#x3;���dފ�(�p&#x17;W�&#x6;�T&amp;e��\I&#x1B;LN��L�@7{��.���L&#x7;�|]O�ֱi&#x12;�&#x6;�_U;w]�o�&#x18;�d��Q�%�\0�o��&#x6;lY�p�AT�����;���&#xE;��ȹ�&#x1C;_&#x11;�&#xC;B#�h�/&#x8;��&#xC;����Ӛo_=k�2n@AP�j�y�@M�������NoQ������&#x18;��&#xC;}�Z&#x19;&gt;7��⪮R�]&#x1F;(^�^
�*n.2?�2&#x5;b]&#xB;�ݺ&#x16;&#x6;&#x8;kr�&#x15;�J�[��w��Z��֗�Y&#xC;&#x1B;0�z�&#x10;�}�(���B%�)1J%��[{�*+u0.���2&#x18;�}w&#x1E;&#x17;��`GM�mDD��;&#x12;&#x1D;��T&#x7;k*&#x2;��X&#x4;��&#x19;��"�;U&#x3;r_U&#x2;rC�;~�&#x6;�ё��&#xC;~&#x15;&#x14;Xi�׀&#x18;��m�w�����g[�&#xF;p�uK��iT&#x1;&#xF;�s�A�/�&#x1F;&#x1E;��A~=8x��|&#x12;&#x1D;t�D&#x10;���x�z�H�t�.2O&#x13;7����L&#x15;n�&#x7;���)F1;�VI0�j��0l���O�i:D�&#xC;8�Z\��5;Ix"r8�X��*0��K�&#x1E;���0�_Ū=H��F%1̀�&#xC;��&#x14;�g&#x4;F�w����&#x16;&gt;&#x19;�d&#x7;��Z�r`v�������9�W3u&#xB;&#x16;��h��{pr͒Փ
&#xE;&#x5;s�&#x1F;/�qZ���&#xC;�WЬ�8�I�B`Qc��`]&#x14;�,&#x1D;�#�&amp;:X4&#x1;p�����&#x18;8�&#x1F;�&#x6;��&#xB;�`=��t%�"�&#x15;&#xF;L�&#xF;s��&#x2;24��zO�P&#x17;&#x1B;�zb��&#x18;���A-!�emU�D�hrED��hLE`W���&#x5;XS��5���H��&#x1;k�(�f�@d-��B&#x19;�d��K�ͺjL�m�2�VWN��)&#xC;�l7��&#x1E;&#x15;�+ѠU��y`h
��k���E�Ņ&#x11;Zf|f^&#x3;�f��|މ&#xB;*P�&#x5;�;�0�&#x1;?^�&#x1B;&#xC;���D�$&#x14;	\JX&#x1E;�-�z��&#x11;z�ҁ��#���^杦��=�&#x2;&#xC;?����&amp;R�&#x1C;� �&#x1C;$L��9��&#x1D;}4L��&#xC;$�NGpr���&#x1C;������h9Έ�&#x1D;ɗ��ݕ���B�����I0_O����~&#x1D;&#xB;f�|�G����u�����r��11Q�&#x4;���h�&#x12;�g5�ț_.&amp;Q&#x19;��)&#x11;j&#x13;gF�Iʣ�os&#x14;&#x1A;��I�X[�Є�'���`F��:�,&#x1F;f��&#x18;��,l�B��j&#x14;Z'�G;Nf�&#xE;d&#x13;&#x1D;�Fd@�}Fnw"��NB�ӧ�&#x1A;&#x1C;� Y���,�U��&#x1D;���6
͖����p'�Y�&#x1D;i��&#x3;&#xF;�z&#x18;��Yh��:[�Q\0@/c'��n�&#x4;^&#xE;P��әz��_�j0P&#x1;�|�p u��p��m�&#x2;nc&#x13;h&#x19;&#xE;&#x4;dH&#xB;�w����&amp;P�&#xE;4&#x6;�&#xB;�&amp;�كx&#x14;+1|e@�X_R����&#x1A;q�����@JQ�������t�&#x1D;��V��3��P��&lt;�N���V&#x11;��𻾁&#x1A;ե%m��r�]1&#x7;�Y�&#xE;��&#x1D;~78�1&#xE;��&#x15;&#x3;����w���&#x6;�����C���r��p�s�F�u�\�Ɠwv9W���&#x17;��f/b]�M�w���&lt;�ͼ7��7Y��䶰ij/�P�޳#�_7��&#x12;���io2&#xF;��F[Ftȭ�o�Nz�Y�V�&#x13;;`ˠ���.G�̽!o7���4:&#x14;E&#x5;�5&#x5;�0��i��&#x12;��&#x2;UZ59���^K��m,h/���~T
��&#x15;z�_��&#x5;�M:m4h�¾�&#x7;�Ɏ�D���nń&#x16;H��T�~p�w[6�&#xB;e��ࢫ^��&#xF;���̱��^&#x1D;���?���&#x6;&#xF;&#x6;��t����&#x11;���{3�&#x1D;&#x6;"�g{1��s�_.Xk��:�͒�����ğ;�m�%�?���X��=�͐1_?񭧉l����&#x1C;�Ɩ��vZ�&lt;�b&#x1D;�W&#x1B;�'�&gt;��+&#x17;w�+*&amp;�˯\��WZ�]�V��2��4��%W�%���S_K��p#��낉c&#x12;P��9���(x&#x1A;&#x8;Ȑ&amp;2&#xF;k�;!�&#x13;a&#x6;�a�L�!21&#x1B;��!Ĭ�q&#xC;�!\0$�ו䁲-�%&#x10;vM&#x11;�4�Iǋ��&#x1C;R�Z�D�&#x7;0&#x14;*&#x13;&#xF;&#x14;t�&#x1D;�q��&#x14;.�d��dpƉ�h�W�&#x15;�_�t��&#xC;.��N{&#x5;CL�&#xC;���y�0��&#x17;�\*�`xWn�LщDJ�'���&lt;��&#xF;&#x1E;'�&#x1;��m\0�m&#xF;@�7032&#x11;�&#x19;sԓM���l�߮����k���?�&#x1;B�&#x16;S�~pWT�&#x1F;�Uܰ&#x16;VZ�)�++ه�H:M�Y�����sv�����("Wt���&#xC;c���j&amp;�

�&amp;&#x5;�����&#x12;&#x1C;**-뱹̷�%ս��-+n�㝎����/�W&#xF;�(��	k�6���&#x14;��鄋M���.�����O���(*V�y}&#x1A;�v- 8SS�:U�DLIѫy��8�Ò"��pW�YR4R"RR$&#x15;؃��n�Ւb�'�G�{2�➞HKI1�0�&#xE;hސ�l��fw8&#x3;�&#x3;&#x18;7� aӜl�g\0�jȖ�HMM�&lt;`�	�gj"9`nA�C�|&#x5;t�(��\04&#x7;T��� �!"���y�E�&#x7;.�&#x4;p
8�T&#x1D;}i�������ѭ̽R&#x19;}F�����R����z&#x1E;Aѹ��j�"�&#x2;JG�Z	]o�Et2�����q��`��4c&#x11;���⦙E�A�(��Z(�qPf�&#x16;[��C&#xC;ڤ)Ũ&#x18;q��/����rsXW�l&gt;t&gt;&#x19;�N�&#x16;ץ���0�8����'U�[6��濪�캑r�H��!�G��߂t;&#x1A;t~�̋x��z�b[%&#xE;�&#x4;Q_�����G�2^�c��dy
��&#x12;&#x5;�ݲ�&#x15;&#x8;&#x1;C&#x2;��&#xE;�&#x19;��&#x19;��&#x10;ջX;&#x1A;��5|xώ��*��b�&#x1E;�&#x1E;�_��Z/r�|�� 
���&#x16;�D&#x5;Y�
t�1�&#x1E;	�m�rXaL��1&#x14;M?�lS&#x10;�&#x1F;&#x19;�T��&#x1A;F.��@&#x15;D�_h.�m&#x16;&#x15;&#x15;a�uĴ%��$�&gt;�3��&#x17;b�"�&gt;&#x1B;3������a/f�V����&#x7;�uM��/�&#xB;���&#x16;4�Qx�9�&#x16;�'���&#x19;��^�W��%=5�wC�&#x6;^^M�9��G�y��2&#x1E;���h��M&#x1A;5Xu~�&#x1;&#xB;&amp;��I�x&amp;�
���F&#xF;&#x2;Os[��&#xF;���.C&#x15;���0q���&#x4;�#yWa�&#x8;�N��&#x1B;�w&#x19;�&#x1D;�呁mXɳ��k����w&#x1B;; \�Ǔ]&#x1E;��)v1�m+�)Q��﵅\�^��T&#x14;m���r&#x19;i՞�.~պ#[|�O��F���&#x5;{|��(��7�ѝ:�-&#x15;,C�5�҇=x�dg2%�A��Q��&#x12;X[9o&#x4;�`&#x1B;&#xF;3�A�ky��&amp;��-@�Hm���^'�&#x8;oJ9&#x19;I�Iba�y����=�&#x7;�z���(���7&lt;`�&#xC;$d޵�H8;��&#x1F;һoz�ئ$�W
&#x7;6O&#x12;~��M�1&#x4;�St�Xͫ��&#x1A;�U���=�3�a�&#x12;�z��B��J&#x14;���ה�X�1,�~�oj!��j&#x13;'��~\m⛻�\XH8w|���m�I��Ub�p�&gt;}&#x14;3x1gmE�y���Dǐc���&amp;�ɤ�F�d���2b��[&#x4;&#x6;Z&#x17;���a&#x11;&#x18;&#x5;+Y��K&#x1A;t�["�&#x19;zB��I�r��&#x3;������)m+!f��a�&#x1C;��:�U:fc�1# ���:�&#x17;in&#x8;&#x6;�H��M������ط���Q�Z״p𴚖�^\*k9�'Y&#xC;�]�H.T��X8�{�aL��N`X&#x1F;&#x1;&#x10;�7�¸s��9�&amp;
3x1�� �&amp;y�&#x12;�R&#x1C;LPU4�㍥�?hZ&#x14;R�A���&#x14;�^/�9Ӝ��&#x6;H
Q���&#x19;c��&#x14;�a&#x2;*����i}(ޞ3k��I�nY7�&#x1A;��&#x1A;��ֽ��&#x13;����rؘ�Z����!�ƍ�����kofjb���1�;ɧ���&#x19;�&#x1A;�Ry������&gt;.u�&#x12;&#x12;q�p�&amp;��LW�&lt;�BH��9&#x2;VjL�&#x4;�ӛ��&#xF;����&#x14;�õ&gt;м���?�ą�6�RR�&#x19;c��&#x8;&#x11;�Q��&#xC;)��n�"e}&#xE;�f���=��&#x10;T���r��E`Yہi��&#x3;;�\&#x4;J �Qqvk�ۤ(
)1g�ny$��ح,�L��a⃃ԭ�y&#xF;P&#xB;vԍ�)t�c&amp;t�=�A��݁&#xF;�&#x1D;���&#x1C;*���Ʌ�r�6R��`���:��1�=�&amp;���e'Ԧ�l'$�mɮ���&gt;&#xC;�&#x1F;�e�^��/^�&#xB;�/U6��=m3��'�-&#x1D;����꼙9)�Nn�$|����e�sFk�����\����&#x1A;&#x1F;�.:�X� �&#x14;�~�&#x10;ٞ�5���L��&#x5;?�B=3UA���f��L�&#x8;�m2=%h&#x16;%�5zf�s�f=��a�ݔ
on:�&gt;�v���ѱj������]�v�1H�*z0ط��߻֗�UE��MӢz�[���V5&#x3;��7�&#x16;vg�S��uϪ_���&gt;��-�&#x1E;~��&#x1D;�&#x6;&#x18;xղ���&#x7;M�i�תk&#x15;����[�VT�״�"&#x19;�@9��גG��k���9Ѭ�-&#x1A;�k���ĉ�1P�81
��&#x1C;�D�&#x10;�1l&#x15;&#x1D;bu&#x8;�� 7�&#xE;�&#x7;AmV&#x1E;f��&#x7;�����xGLx��$�
H}�&#x7;ץ�沎oo&#x10;-��&#x6;P&gt;�rE�&#x3;&#x14;O,����r$��݉��}�W���S���5L��&#x1F;&#x17;�7�qv:��$پE��E��/eZ�e&#x7;�&lt;f�]&#x7;�0�﫽�.|��!5�^�ν�&#xE;=�&#x7;R�l]�&#x1B;�_&#x1D;]��/-��χ��Ʊ�s�X̻�+Ǳ8D���7&#x7;6y&#x1E;�\0�&#x1C;L��҈&#x1E;&lt;E���y,��	�&#x1A;O����e��&#x1B;�ӠUU)��j0��&#x1;`&#xE;*�WJ]�&#x1A;Ʌ�X�p&#x13;―�b&#x7;c�Ā&#x7;	]J9�&#x18;���A�9&#x14;�Ko�S�b����P�~$=|�ԡ^�t�!='�6�n&#x17;v&#x10;�F���yV&#x1F;ڥ4���,���M��&#x12;/���&#x8;P��VJ��.؃g�KzOhPx�&#x1B;:��vb��}������و��`&#x4;Kck&#xC;f�J�*&#xB;��&#x15;�Q�Z��&#x11;�K'�b�0�/(#��&#x1A;��Jҧ���ym	Z�˯[�e&#x12;��&#x4;]�%���֠����exV���J�&#x8;\^X�1���q\&lt;P!J`��R���B���+��jO&#xE;�d�(���&#x3;4&#x5;7&#x18;&#x12;^�b�g��q���&#x1;z��#f80j�6&#xC;1&#x1F;��6�lʈ�ळ~�u&#x1F;A�q�Z0Z&#x17;&#xB;��b9AN��&#x1B;��&#xB;K:F[j��3H,������L�f7J:�e&#x4;�_���^B`={qw��M	�&#x17;L^�����&#x19;�B5����7���
&#x2;u��u�4#&#x17;��a�+��=�zX��l��Y/,&#x13;ڼ�Y�/����&#x11;�n`w�4�����&#x6;�	�\��g�&#x1A;�+��ܦm^�*��SP�j2Z�zὔ&#x5;�l+�&#x1F;y�v&#x11;6�G�=�	&#xE;&#xB;:\��qQ�&#x1C;&#x1A;'�n�t��/������1OQ�8���Z�&#xF;GS�N�}&#x1A;�z����%�,u��0�[��'����_&#x16;ņ�&#x11;�.�&#x2;�G\/��齃���j⺂��jb&#x1F;��p���/U��,'&gt;K��t=���&#x13;[�.&#x1B;�n�(^��e}g��Nz"��N����&#x17;�����@h���a�Ա&#x8;&#x10;�ˤ&#xE;�б��wY&#x3;�{N&#x7;��4e;�&#x15;�̥9ċ�i�Ǜ�~`��o�i[]����&#x1F;���.��5~��&#x1F;���&gt;�Q�s�ǿn⧔�V&#x17;?혦�&#x1F;&#x1D;oAC��&gt;[&#x2;o�&#x16;���J&#x1A;3���&#x3;��&#x15;6G��&#x16;6-�����}�M7�w&#xB;��$8p�r3	�§64��Щ��������x�C�ҩKf�ҩ�o@�&gt;`S�R}��:�Z��3��B&amp;&gt;ͦNQ��P���yk�&#x1B;V;�z&#xC;͜jaN�S-_�4QW��&#x13;8�.��&gt;yR�&#x17;�K?
\��&#x1;���K�?�wo�ݮk/L�v�/��5̂��v,3&#xC;�&#x15;���a0��ݍ���jw{�`&#x1A;Jw.�'�)�X� �WB���G���b&lt;�,�&#x10;:D&#x1D;\0`&#x6;��1A���)&#x3;�&#x2;ڊ�+��J�kq&gt;��IqC(mNA�5�ߒ�\61D~���*�C�Z��jg"�,�_�֦��|��k�Z�.^��$�&#x1D;��RvS�&#xC;��5W&#x2;�ƴZ�F�S�bC���7�30��r��&#x1A;ê�P�1�&#x4;�C�]�l&#xB;E&#x19;��^�c���(&amp;uq���&#x13;�~_�$�0&#x1D;��\j�\0&#x5;bo
�b��7!T�&#xF;1�/&#x1B;&#x16;)&#x1B;Ƥa����fRd�����!���&gt;���ϋǜ�.�8S�qY��윳���Ѕ&#x1B;k�&#x17;�&#x15;�򓠇�&amp;�N�&#x7;�f=��F
��f�&#x19;F낅&#x13;���&#x11;���\0�7&#xC;XPlR�ֈ������&#x11;&#x6;&#x1A;b�V��f&#x12;���*aj&lt;fN�*�C�aޝ�&#x8;�&#x15;0&#x8;����&#x11;ek��&amp;�mP&#x1C;�D�P&#x1C;A!VkM�o`*3�è��	��t�x��&#x3;
��I7`&#xE;L�s]�&#x1A;R&#x18;&amp;&#x12;�γ��eQ�DM#�q!�ȼD]$r�L&#x4;�&#x13;��&#x1F;SB�̏$&#xF;Bc@!C&#x2;d�&#x1A;e�;��v
��S�
��ʼ_���L��!J'�*��fDRY4W2Q�2&#x1A;lad�մ�5�U�&#x6;��jp�XI�@"�'�G�;ngVú&#x1D;�&#xE;~&#x14;�fV2({&#x12;���#m��&lt;�v&amp;%q&#xF;(�*�&#x1;3�&#x5;��c&#x3;&#x15;W���F4�D�*��&#xE;x���%&#x12;�0&#x10;&#x1C;��&#x10;&amp;�1�]ѽ	���r��&#x6;s��
�05 V��ZI�&#x1A;RK&#xF;w�n�件JNy��&#x11;$&amp;��M&#x18;\0(��&#x5;J�\��k�'9��Du���@&#x7;�g6c�[i��E-�)�\�&#x1;H&#xF;�^&gt;���y��F��
n�I&#xF;^���ZA�&#xF;)&#x1A;�X�g&#x15;&#x18;�VgԺ��&#x8;~�zh&lt;�N�&#x1E;Vm���&#x1;&#x7;=B�Bu�&#x4;j0W�Ɉ����~a$&#x4;)����rS&#x16;��oU�{�mV�&#x1;ز��&#xE;�^�&#x1D;�&#x11;�.|П��$��4�A�9k�&#xE;K&#x13;�����#߃\0�K����%q,���a�� �emې��;3��dիZ���ɋ�&#x6;&#x15;��6���M��P1�v����֤�M�i|/v�S�X�6��Ժ7`&#x5;&#x1B;&#x10;��&#x11;� Хꊜ�jɪP&#x1E;��&#x8;LfC&#xC;&#x8;*q(7��A̲ێފ���D&#x12;��H����"�8zuj�.g�˙�&#x10;qA0&#x1;��5�\��S=��h���VGе��h�%��,��^YY�މϻ,�/&#x17;&#x14;&#xF;��^��&#xF;8L�=F�_��6M����|��_V��w�&#x1D;4tP�S�3{��qR��`#��^���&amp;�OB�O�����3&lt;u{�&#x15;I�|\�"�~��W��&#x15;Y�&#x1;J��&#x4;��d�&#xB;&#x14;��9�?0g�h����/O��'�n����&#x8;�z��0^[���ލ�^6Io��&#x17;`&#x6;�v�Q�KU9|�vuoo�^��7Ѿ��&#x1E;*}W�{1jA��Q�s^�=)&#x16;&#x1C;����&#x1C;���^��3&#x1B;&amp;_sm��ѓl�e���&#xE;˪2U�&#x1C;�+}�$��a&amp;�(`a&#x13;ļ1Y���52^tecyhEl��Xpr&#xB;�ܨ�&#x19;��x⨈��[�+b�ձ��X�`2Q�*G����%&#xE;@�&amp;v�"�q�cJb����J�;Y&#x15;��&#x1F;�SPEF(����X!�x�6�I&#x6;���䡊���s��0��&#x13;Z&#x1D;�և�&#x1B;��#3�����_&#x18;���yp~����-&#xE;c&#x1A;n��m[��D&#x12;9�%�I"�&#x12;�$�ꖸ�&#x19;�-�d�&#x18;s�&#x1D;ة�'4\PDF-��V��N�J&#x11;�~oO&lt;h.7A^�&#x17;wA�}�緩�e\0�&#xB;�%��_D&#xF;&#xE;r�x9!AuD�ږ��Q&#x16;�&#x11;&#xE;3M&#x4;��N���&#x1C;�VU�&#x4;�	km&#xB;��aۂ�7}��`5�ۘBǹ�&#x19;��V���L�&#xE;��fy^��`&#xC;���Imk&#xB;&amp;�U��&#xB;�&#x15;,1&amp;��=/t���981�Z��&#x1F;/�R&#x1E;WNl�ŧذi�峪��Ez&gt;��{B�s&#x10;��&#x19;��ZK0짵&#x4;&#x17;������B��x���z�4&#x1E;�I&#x1F;
\0�Kۂ�Z)�+c�����6\kuƩ�f�=�R���b�&#x15;&#x1;z&#x13;�9
n�a=�&#xC;o��q�p
�i&#xB;p+��N���薊ޕ����m&#x1F;~Vx{Vt����cR&#x7;�&#x18;ߎ�&#x1E;\&#x16;��V&#x1D;&#x3;���萶�{εw&#xC;n�ɩQK$�&#x19;�U�+A�/Λ�˞�6=ا&lt;�M��'&#x1F;Q����Gt7F��	&#x1B;��5&lt;�M��nff̵��&#x1E;"��E�&#x13;"N��	q�QA��h�n��o�&gt;MP�W�&#x12;�&#xC;��Me�&#x11;&#x1F;���Lei��?9Z&amp;�&#x4;�&#x19;(P�&#x1A;&#x1;�Ou&#x13;�Ϧ�*��hr&#x1F;����tEx���?��x��,x��Gs&#x8;��3O!2.a&#x7;��&#x4;e&#x10;&#x5;K,��W`xo&#x1A; �&#x10;��/�.&#x19;\R*�MR8���p&#x2;�&#x10;�&#x7;&#xF;?&#x1;�Д��RIc#�խ\�l�}[�.&#xF;n��)&#x13;&#x10;�&#x18;��]�\0&#x2;f���X���6�!�f���"�#��Gm&#x19;�zRlz &#x2;N�&#x1B;'W,Y=�)4Q�e=.�M&#x17;�|�҈Q&#x6;���*�G��H�L���&#x19;�&#x11;&#x1C;����^\��&#x1B;�u�&#x1F;�\0&#x12; &#x1F;&#x6;@z�J�~�h���&lt;-�-�f�]&#x3;9�&#x7;y}�D����	'-�H�r&#x13;�&#xB;�J�ۿH�(&#x8;?|�3���q�0s@�i��eCW'&#x18;&#x1;&#x14;�o�r&#x1D;8%�	a��tF�B�{1x��&#xC;
�Cc&#x1A;�:��&#x10;��\g��T��X&#x15;h���W�م|aϼ&#x1B;����I���)o-&#x13;߼}��{+&#x4;�x�[
��ƽ�_��l&#x18;�梘ދI�&#x7;�&#x1C;&#x4;\|�xڛ&#xB;I5c���$&#x7;}-`��F���G�&#x17;���r�"����C!�)ƶ�����Ҝ͐�I$�tk��?2�f&amp;}����A&#x16;&#x1;����%9��IvW����.	&#x2;&lt;s&#x1;&#x7;�&#x17;�#&#xB;�\0֍Hw�&#xC;���&#x10;q�p�x���?�O�p{�VK�me��R�e]�&#x17;Qv��l$���);!�&#x6;:�K&#x16;w��Ӈ��&#x11;��Vއ�Pۦw�+�J4����&#x2;+�a)��׫R��`7�(��u��r���ҏ&#x3;F/�J���q�4�sЏ&#x13;&#x14;o�4��,���P��k�qD���B-�h)�k���\0&#x1E;��(���N&#x14;�O�&#x1A;�|��x�&#x6;9�	�&gt;lb�Y�_&gt;�p���+�&#x5;5��e9�L.,�=��O14݅��&#x1C;��PM�AD&#xB;�&#xB;&#xE;��n�1�î��)3�P�&#x1E;&#x1B;c�5`z��Nz�����&#x8;9��|��˝ـ&#x2;u�	0&#x1;'�!W��Uf!I�%P��&#x4;����e&gt;O��.&#x18;�J�ͫ60&#x14;�p&#xF;''	�=Ԣ��U&#x1C;s�&#x11;&#x15;�&#x2;���L&#x15;6D5~Zx�&#x2;�&#x19;94S��� o&#x5;:&#x3;�Qx��"&#x18;7&lt;�V�Z,,#ypcz�A��&#xB;�f&#x17;��+X���&#x10;ӭ��
�&#x6;�����\�}?�&#x1A;j��x�!����5��6մp&#xB;�T�^!b�W��%Dj�	�i��j����H9^j0����{�&#x1E;����k&#x1B;v�e�&#x1B;v���T^�thC#�`i[��'&#x17;
b�&#x19;�N��&#x13;?9�$�q&#x15;ІW��܆����&#x5;$+�g�Q�Fˊ�&#x1A;&#x3;ݬP�B+�&#xF;%��X��&#x10;�&#x7;l8I�ۥR|0�u�&#xE;���&#x13;o��k&#xE;r2R�&#xC;� *�6&#x5;+���&#xB;s�ՉO�&#x1D;ޖ�Љ������X&#x19;&#x1E;\E����D&#x1A;~r�Vl��R%&#x1E;�Ն����&#x17;�����5	�F��k�T�1|~���@�V���&#x15;�B&#x15;&#x10;K�&#x15;�G]N#�;����&#x4;	�&#x8;;I&#xE;*���

*Hу� F*)cK��%�u����(a9�&#xB;u�&#x1E;R@��P��L|�O�L��&#x1D;;� &amp;[&amp;é�L|~��)�5I_-�z��Q�/(��S0�.&#x7;��Kf�&#x2;P&gt;^B̷H&#xF;f&#xF;_�\G�&#xE;�&lt;{
��E�R&#x14;�|:S	B4D��h�S�&#x2;k��:EːX�BO&#x10;;_�Š&#x15;�������!&#x16;2�&lt;.YZ��js�o&#xE;�&#x6;&#xE;��?\���c*����X�d�U�w���2��Ց&#x2;c�7�w��m^�'àEK`Q�9&#x1D;�|�r
�&#x12;��BN^(�̜���ٍ�����9z��X&#x5;�L&#x18;�O@���N&#xF;&amp;�H�]3���&#x4;4��&#x1B;Γ&#x6;&#x19;3|&#x16;"-^�r�&#x7;]�z&#x1A;3�7�T����7KM�X)*���&#xB;r8��.�e���s���v��wAl���\��~��X&#x1B;��N/V�K��Jላ=	=������A_%���Rg%�E�)N��r
&amp;��6W
�L��&amp;��p�vG�H��g@�f�ȃ�#G�X����&#x1C;	��f���&#x7;�T&#x1F;:ҷ���`&#x1A;Zv��NC[&#x1A;��&#x13;1���WgY�&lt;��j6]�+�[y�W���^eU�mA&#x1A;'�&#xF;i�@&#x1A;Kt�&#x11;h\C�O�&#x19;�W���&#x15;�(��p�&gt;&#x12;&#x17;�*���j�@&#x1F;i����ap�!{^6�#DA��m�	&#x1B;��&#x13;p&#x2;mÂ�&#x18;�|�T�&#x3;&lt;�&#xF;&#x1B;x��u&lt;���&#x12;��g��:��	fM&#x17;x�o�&#x13;�O�{SOĿ��:ԅ߸��U���&lt;&#x1E;���_=�w��t��T��_ ���qz&#x14;h�&#x7;cX�ǒ1��&#x12;^���ae&#xC;&#x13;���&#x19;Ã+̑�4&#x19;c&#x18;�|&#x11;oۛ�U'#&#x8;;$&#x1B;����&#x19;�khdU�0����VHB��C&#x1B;�L�s�6\���-���&#x8;&#x4;�r�&#x1E;8&#x17;߮&lt;^����cc&#x12;�lª��&gt;&#x18;�Y�w����Q�6��qm&#xC;�o�##&#x2;��I��J&#x13;�ޥQ������j\���&#xE;X{������{&#x1D;��M&#x10;E�&#x10;��(D�z&#x1B;��q���&#xF;&#x4;�|(^ʱ	��˒���&#x3;�&#x8;�b&#x18;&#x15;�05F:(��)X4b&#xB;�&#x18;��E73�a&#x6;bQ$��b��3��&#xB;&#x3;կ�X ^f�	�&#x6;c�l^&#x4;cI���0����&#x19;�۲F��\0�2�&#x15;��&#x13;7v&#xB;O�zxZ��ǰ����_�}�eklb�$[�o�&lt;�&#x6;^�W�P���rZ��B�F&#x1;{�@&#x19;\�Y�gӍA��(&#x18;Y�&#x13;���!��ؚd�$&#x16;��lŨ��&#x17;��Į��:k�c��2wG[�"�Z�=h���\0+��!G\0"��R�~H�ێZ����s��Q����y�hb�&#x18;�B&#x1F;�W���Qes�R&amp;Jg�
f�&#x4;����a�!�l��(�;�|&#x2;&#x1;��2U�Z�X��;&#x5;��G���&#xB;^���$&#x14;�G�h�x@:&#xF;�&#x17;��\\^{7Fn�&#xE;&#x1C;;&#x1C;&#xC;�&#x18;�&#x1E;jv�c?6���f臏�n�y�25��D�������}yy3ݨ9�mY�s�v&#x5;�J�&#x1D;o�qw/�6	���ŝo،W�q��b�&#x7;7���&gt;|�&#x1F;&#x17;�͚���z�&#x11;V&#x1;�HCC�xat��}صmĥ&#x19;U�W�b��،ex�݌y&#xF;.vc'۱�f���Ɏ���&#x1D;9ۛ�6��p3&#x1E;H&#x17;fO���xpW7�yH�����I,u�7X�R&#x1B;M�Z�o&#x17;�h��Qԅ�lV��ۍi'y�dU&#x13;�}~:&amp;&#x1A;���6'�"=}&#x4;B��T/���MV�t������5y�L�x���C��;��D�&#x4;n΍��N7�t����w����[��&#x1B;T�=~z�(5���Ԡ&lt;��&#x10;E�T�Q��t��&#x17;�|�&gt;��~nA�&#x15;@��c�"��l��ly�&#x11;J�&#x4;&#x18;�����fL���	���&#x14;�\f�fև�~�@/�c2�&#x17;�'��ڙ	&#x1C;l��r/\0�&amp;&#x1D;T�Z�0z�s��͔P&#x17;�&#x12;��&#x4;&#x1D;\+'����t9&#x1F;&#xB;Մ�w�@�]Q�^?�S&#xF;�P��wQ�&#x8;�?L&amp;�0&#x1C;���&lt;��&#x19;V=�$��&#x17;���ѐ��&#xB;/&lt;�&gt;�U�3���,\t&#x10;��&#xE;�&gt;�� ػ&#x15;�&#x1E;8&#x1C;�	+�=�e�o&#xE;&#xC;#���=&#xC;��;&#xE;���LN/&#x1C;EF�d�}&#x17;��&#x17;�&#xF;�ɚ&#x16;�д�g&#xF;&#x1E;���A&#x17;��i�����*�����6����ê�x�@�	�{���W�ZU&#x1F;򚧖�&#x4;��+@����^-Wm&#x14; &#x18;�\0��թ&#x4;�(D���&#x10;�aplR�I+�"��]�&#x1B;&#x11;�r��0���&#x19;4f�a��&#x12;���?���&#x1E;�&#x3;�&#x6;D"L&#x4;S%��a�o&#x12;x�N'�n���w��&amp;\&#x14;�X��JgS���Mȹ�H$�`~~�d~؃w{��{n)F&#x10;&#x19;I�17)�X�&#x18;�&#x17;&#xE;&#xB;&#x1A;~&amp;[ӝ�G?�q���&#x18;����\|�H�2�Ԑ�&#x1B;&#x17;/&#xF;0;߻x0&#x7;c�YZ7���v&#x1E;	/��uk��ݤ5�|�&amp;��w;#��ˑ��&#x10;����m�3� r;�l&#xF;�v�#�"���ȍ�������!9&#x12;��P!wHt\&#x1;锾߃��ѣp���
�&#x2;�*&#x18;�DIvN9�3b�=C&#x19;}�V@6j&#xE;&#xB;s6o��sLT8i&#x1F;���I&#x3;�ń%�`�d�MAi&#x3;oN�6�G�+h��Ƶ�&#x1A;���=�L&#x14;A�7�&#xB;3�8\0F���$���v���V&#x6;�V��T�^��G=����0�&#x16;a�`��o:�)�����&#x1E;���&#x12;&#x1F;Θ�&#x14;��/&#x8;eߗ&amp;�@{I�އ�/&#xF;�j�܆�&#xF;Ti�!�08�x�&#x1E;8&#x1D;ک:/��p�r�@�#�*iC\J�a?���&gt;W �&#x17;E�C�=-�&#x6;�酾�	���&#x7;ϔ&#x13;٥P�]&#x13;�^m�&#xF;�m׊�dz+5�&#x1C;A-
+��T&#x14;��&#x19;��E�*��7n��^&lt;p����&#x19;&#x1D;��HM�?&#x1D;�T9���m�s�&#x12;8و}��_놯���"Z��s�r¤���&amp;f&#x15;�Z��i&#x6;VW�&#x1D;��,�h�&#x18;�Ҵ�,mS��&lt;����B���f�����2���*�&#x1B;��AcUǮ�l����N���\Z���&lt;�s&#x1C;�1R��&#x12;�A�6�|��%p��Vؠ�c#&#x1A;�F/C�H8��#���&#x14;�+i}H�&#x16;�wJn�^%L'��V1\0#�a�&#x10;�8Vg&#x1B;�?^�p̈́cb&#x4;�=��~"���&amp;�M��Mr2�3�6�N��&#x5;����v|zNU�&#x2;3e&#x15;׳����Ʒ+�\�����R0 &#xF;�lϻ�!H���Q��.����&#x1C;ݍvwS&#xE;���G5�jj���t�$��"EM7�V�SZ�&#x1F;��`G�R�&#x19;5�sJh~&#x18;(���&#x11;�&#x1A;���&#x10;-W2�
�Hl��a&#x3;5yd#D��$�I��O&#x13;%{rj��L�NM&#x11;-&#x7;�~؃SSD�f_����b�6&#x18;��f�&gt;��V���&gt;���H�����xk�L�%�vO�h��i&#x15;�&#x17;��&#x2;��U9��p&#x8;=��/C�~&#x19;)&#x3;8�br8|�&#x7;��j�d13ި&#x13;���ps)���&#x17;&#x18;�&#x13;&#x1;�?x�7�&#x1A;��3j�ʺZ����SK֍;��&#x1F;]b�_r�]�r��􃓝~���&#x17;�11ٷ���B�&#x18;��&amp;��F��ގ�e��&#x1D;_�����c�&#x1C;�&#x15;��#&#x8;������reD�&#x6;���=��s�&#x3;�%���&#x14;:y&#x18;`��f&#x12;	&#x2;_H(&#x2;p&#x1D;�&#x7;^)�s4�H�����3�&#x13;�=��VF��L0L�+b�Ճ&#x7;S��9!rJc�"�V.�&#x1F;ͱ�&#x8;8&#x1E;�&#x16;p�zC�Dl�˨C��j�\�
�py&#x1;�'4p\Gz�δ��p��R�&#x10;&#x15;ݭJ���I�s*�^�e�Z&#xE;-&#x16;q���Wz6&#x4;&#x13;��&#x1D;�G�&#x12;�KW\0���H��Pd-AbHT��V&lt;E�&lt;�-G��]p��i`6&#xC;{�AO��@��6��h#���QJf��S�q�\0&#x4;7��4&lt;&#x1B;q&#x2;n�����&#x14;�����&amp;&lt;�HYi��&#x15;�&#x1;l��&#x11;�P�&#x13;J�o��ԃ/tb��&#xC;��\��J&amp;&#x5;&#x1;N�0�W#-��=F�&#xB;̓6�tQ�Z��*ͱ&#x1D;���&#x1C;�\0�&lt;&#x15;��+m�
i��Ӊ��&#x3;j�����.&#x14;Tؔ��i��Ka�)�7P�Ctc�&#xE;g�&#xE;�&#x7;9@:��H��z�~&#x16;��F�a\0鐣=t#&#x3;:&#x8;�p�,�&#x4;�&#xC;&#x12;�	�a@&#xE;�qx��&#x2;�\0��^�p8�V&#x5;��0&#x1D;�l*���n0�"�1�E��&#x11;���3&#x11;�5x���Xx��ف&#x7;��y-0�&#x13;&#x1E;����!]͂!9�	/�C~��/o{��&#x8;y��&#x18;��P^w�b8�&#x19;��1q��;&#x15;���&#x14;&#x1D;�ķ�:Le`5�TAwt&gt;Y�)�,��u��,&#x14;�c Z=^c&#x4;�A��TJ���Hj̼�tY�v&#xC;�&#x14;v�J�GW���Yn&#x1D;S�
�tD��&#x1;x,�K&#x1D;��&#x11;㽹�&#x14;�&#x3;$�#�jfz9c� �&#x19;���z���^�^o2��:;j�D�&#x15;���\�K�&amp;՝ev�	�/Ra�,�.L���:��&#x17;*���&#xB;�Tם9��&gt;�&#x4;C'&#x1D;�kQCUXbiJ^���&#x13;��[xNy&#x18;a�N&#x1E;[�&#x16;&#x14;���D��쳛�����+�N&amp;�i�:&#x19;���&#x16;�:	�	Vs!\01�Z���,-�%g�i��&#x2;��Q%;�&#x1A;�Ż�i_R��*&gt;o��KT&#xE;e�]&gt;�&#xF;�H:G�=&#x12;HҜ�T&#xC;�%����ٚR��j4��@y���&#x1A;�`&amp;Vҧp�E&gt;&#x4;&amp;?$�&#xB;���M�N��
uj݊��=���@|�&#x1;E�I&#x12;��ȑ&#x19;��j^�&#x12;Hz4�z�l&#x5;����#+"���q��7�&gt;���M��r���f\&lt;J̉�)ee���-|'7�D�&#xF;����M�wB�&#x1B;��A�3؃}�'�F@� 	&#x5;F��h~&#x2;g��P�&#x1C;�G&#x7;&#x1E;1j�@&amp;�)�^�F{�Y�H~M��0�������&#x6;��m���v��E&#x17;H��&#x2;�&#x8;�&lt;��&#x14;�6{�q�&#xC;%�ף)��,V)&#x8;b鎌XNa���&#x1A;�&#xE;͂t�8����&#x18;e&#x1E;��~"�&#x10;%e@��J
#-h��բ&#x15;Vn&#x1E;&#x12;�FD?&#xC;�&#x8;&#x13;�x���`/#�&#x14;Y��|�&#x4;&#x1D;(L�&gt;�U�N:�҉UcQ������_&#x4;��&#x2;6��'�&#x17;#�o�&#x10;�����D�:!N��[;_�,�.�d����9Ӂf���~���X���4uW�tO��G&#xB;�h.B��ifEFK &#x17;�����:�!��&#xE;yw�i��&#x1C;&#x4;v&#xF;�&#xF;��v��R!�8ž��&#x16;���zgg?'���&#x1F;�O&#x7;�A	&#x17;j^QgO�O��&#x6;I&#x10;Ӏ�/�P&#x15;�&#x7;&amp; Qj9ʾX&#xC;M&#x1A;5�}�g`@	"&#x2;�mN��gs&#xF;{�?a�������&#x19;�&#x16;��V�&#x19;۝��H�%�&amp;��ze&#x17;&#x16;e&#x19;4��P@�l���&#x3;�X��(!�D��P�F�F�&#x1;Y�V3�qPS˫��Qp�ei���B�B:�Qσ�|&#x1D;j�f&amp;���,�sI���c��c[b�&amp;�Nt&#x8;����P۬��ìHw��(d�\0$@p�:�A���nT�&#x1D;&#x4;��b&lt;(�a����� mIl�h3��ų|��'`~�2�����}&#x1A;�B&#x1;Aư�&#x8;	���!�aEތ��&#x10;-�!n�-T�&#xC;G&#x1;]&#x13;&#x10;J9&#x11;I!���&#x10;4&amp;�\0�)R�&#xF;h0��W��90�uBl�&#xC;&#x11;�A+�2RT}z�ᾭ��۶&#x1A;���&#x8;�"�]�n&#xB;�ۉX�Z�&#x19;w��&#x3;P'�t����&#x8;��gD�&gt;&gt;'&#x2;$�u-���&#xC;��5h��䷇J8#e�&#xF;�8&#x1E;)�V�~�H�pm�&#x4;�&#x3;�'�ְ:�w|(�7C?3S�#�)���&#x10;�&#x16;|w��&#x8;;��u���n&#x1A;���^'&#x13;&#x7;��)���\&#x1F;���\
&#x10;�'r��`"\\τ*
__�κ��U賊�W��:)���WE��&#x5;
_�8+?t,�&#x1E;�&#x3;uVH|�uО�B�5nX�4�b�F1�&#x10;&lt;EH^ZT��1�m�G;Z�&#x1E;�C���cI�H�a�ҒO�&#x1D;�ǔ�E-�-&#x1;����|����NxKvW��e$ f�@�cSL~v�&#x16;��`�x�񅈼}�R��Dx�B�chU�7�ɑ��,���y&amp;���P�}���B/H��&#x18;J~�AS&#xC;%�K������
�'f4+�ds����B]���S}U'�u�1o�
�,��2�/^�_F��lV��ߌG2��A%�'�&amp;�&lt;d�&#x1B;�uo�+��&#x1F;&#x10;�"=��(H�Z&#x1;�Y&#x1F;&#x16;�b�,�e&#x1D;�fE�����&#x1;	�A~λ�V&#x8;G��嵆5J�͡O�����&#x1D;3�&#x8;�,��u镥&#x19;{��M&#x2;�g�H�ms}�&#x1E;��w�ͪ���&#xF;n��w2�M$&#x17;k�&#x18;�M��Cf�|Q�����jy/�&#x6;&#x8;�f�&#x6;�&#x10;p��hc�1;��0z�0T48���&#x6;@I&#x1D;\�g&#xC;�VNX)�&#x1;b�~���#��0"�m��LW7��&#x6;��"(Ak&amp;\*��+Q�v��:&#x7;�G&#x11;����&#x5;&#x7;�q:�cP��Mئa܆��qBsO&#x5;&#x7;�u���&#x17;-]���Oxϼ]���3x��&gt;��3}�&#x1D;��z������A��U�`�}&#x1;X�\0t�&#x3;&#x1;�e&gt;��S3�U��&#x5;"a\c�0w��z��})�ϕ���U&#x18;���#���U&#xC;)g��&#x8;&#x10;M���&#x8;�;���,̺��w��(q.ё��7�_--$&#xF;��40"�I'��&#x13;�&#x1C;},�'�jI��ۜ��&#x16;�8�������C�w��R��3��I&#x6;M���&amp;��M��mRNW%��0A
�����&lt;}j&#x17;�f�p�&#x1;&#x19;�`����f�gHd����&#x1B;�	�u����rʹ&#x1A;�ͣ������,�&#x15;�{�R���0S�e�n�Va:�d���	�J &#x15;f&#x5;�&#x1D;����ޯGv&#x1C;�&#xE;��&#x14;&#x17;�|3[�(�&#x2;v&#x1E;��&#xF;��Z�&#xC;������&#x1E;`vz�=c��DƉ&#x8;J&#x14;E1�Uu��\0�&#x15;������`ĉ&#x13;'T2�6&#x1C;(��p���@��&#xF;�&#x1A;d{�d U&#x14;�c&#xC;� &#xF;z2P&#xE;�K��&#x2;|U%~�&#x5;,�˸�E&#x1A;���&#x1C;�m�4&#xC;o��H&#xE;&#x17;�&#x1A;&#x1F;��E2��"�&#x1B;&#x1D;U�Ff&amp;J6�U�?���&#x11;r&#x5;�%&amp;�����3&lt;&gt;��������ն&#x12;����ep|�&#x6;�鈭&#x4;��&gt;���)m�'�ʷ:;uU��"��&#x7;=�M�x�'V��FX6&#xF;&#x6;���bSp��&#x7;�2.�4�n:a���ɷ���OS�]�"�gy%���p�ּ*&#xE;����y�t�#�Lw��.��o�&#x1C;�=/搅�&#x18;��Qs(+8&lt;���Կ��&#x4;���R&#x5;�ٰ��:0�s�LZ&#xE;}3��&#x16;Y�ã��X��}x �YX6m�X$�A�����&gt;5]�&#x12;�{�X�&#x4;�[M&#x16;a��&#x15;�E��jtP�0[�g&#x11;&gt;�&#xE;�6�q�d�ie&#x1D;�e�Q&#x17;n�7�����&#x7;`��r�t�{.T&#x18;��@TL[��)d5&#x18;Y	"�!�&#x11;zb&#x18;���$���k	���y���2��=&#x14;&#x4;XA�&#x1;+�ƫ"&#xC;4�+(�*~=`T&#xC;0&#x15;�b���"^����W�&#x1A;YB�� Sj��f�\0��b&amp;�HY&#xE;�[D^���HU�&#x5;ae�&#x1B;&#x1E;M[	�&#x4;UI�&#x8;�f��&#x10;�'(��6�&#xC;J���t"ɜ�K��&amp;���&#x1E;�\���&#x1D;7�q��B&#x19;&#x6;&#x4;]��&#x4;�&#x7;w��~��:�?���(�8[i:;�|&#x17;�B߅F��&gt;&#x19;�rV��q8����&#x17;#R؅&#x12;���\0��&#x1C;f&#x1E;�R̒��V���*�������*Q��3g�O17jZ&amp;&#x1B;��7�*zof��&gt;��&#x19;�Yv�N�P$���$����U��&#x3;��L@��`&#x16;�{��5��u�&gt;�ݛh��ɷ\0\&gt;�ߛ����{����h�&#x6;�&#x1D;o��j�+w&#x17;��VQi�B���&#xB;ЏQ�&#x18;/&#x1E;��Yh��n����ٵ=n��$a��S&#x1F;�ԩD��&#x1A;�NGh�B3�]EQ&#x1C;�J��&#x12;&#xE;\!���UA&#x13;w&#x17;&#x1F;a#7O����&#xF;J�g�$0|B�~��q&#x13;E8�QG�H�JXti&#x1C;-�����+g&#xE;"*fI���1��U�N��o�kg6��&#x1D;�Ow�&#x4;����P��`ШCS7zx�ر�&#x12;Ŧe',#�ɯ�vF����&#x1D;���׵�6�L��V=ݳc,ZuB='i��B�!��g&#x4;&#x17;t�c�7�}���&#x6;���e��&#x8;B�v&#x1A;��E�m&#x7;&#x1E;�&#x1D;ds��]&#x7;my���D&#x1E;�Bg��4�b2z�}����&#x6;)��&#x15;Еk,_|�-g�(��v*&#x1B;E&#xF;v�GZE&#xF;7&#x1D;sfבN�Gw��S&#x10;�~`�9?�&#x14;;�����Gv����U[&#x1B;���f���&#x19;�k�n0&#x11;�&#x10;ă&#x1D;+6&#x18;��0��?�&#x1A;�X�H���&#x1D;���&#xE;&#x13;��&#x1E;ww���Y&#x1D;�&#x1B;v`��MK*۾6[����m��4&#x1A;Q�+4&amp;:[!2�}��&#x4;I5�&#x1;,�&#x10;y�	g&#x1F;&#x16;�&#x10;�ً5&amp;����&amp;��1!���&#x8;�akns���8F]˹��&lt;�&#x5;��(2��=&#x16;F=wt����g�Ϊ��&#x14;^V&#x18;��Ño&#x1F;0:�j�͑&#x7;��T9&#x18;��E�&#x11;�%�&#x5;{W��*/��&#x11;VJ���v8g�⮽�&#x13;7�5�9&#x1A;��]�7W&#xC;�}p8�� 5M��~#ӹf��a���)f�ҧnO�Z2c+�}"���ﯛ{P��&#x1E;�=��v���9�.&#x1C;�g�v��6�Nx�2Y&#x1;�6&#x6;��P4(��&#x18;o[+&#x1A;&#x10;]ϯ&#x15;�Y�&#x1E;wㆄ5���&#xC;�
&#x14;o6��2��O��xj&#x5;~�&#x8;��^]�R	�9P�00�Z�g~�'5&#x19;n�&#x18;fr�&#x1A;�6� ��~�;ƕ҉g1m�c��251���&#x19;)�!����x���4���W&#x8;
\0&#xC;��ʦ`0�ѱ))`�zL�&#x1A;��&#xB;?t��������&#x10;6&#x1A;�&#x1F;�"q�&#x13;�3s��$j|W�6�&#x18;�5G�e�&#xE;&#x1B;z$&#x1F;`O&#x1F;
%\E��&#x6;�{&#x1;�A�&gt;��{PZ&#x8;Jw�%N&#x6;�v�&#x16;&#x1F;y.��6&#x16;ɉ&#x10;��&#x12;�m9Y&#x1C;�Ł&gt;��&#x17;y�&amp;���&#x12;�N�荛�T���^��h&amp;��6�ٲ��&#x14;G�&lt;�&#x12;�W!�S��(�V����&#x15;�.��*4��L�E��L���J\}��x&#x1B;]Qc��i���ׄ£�Px4i(�����B�X&#x17;���Px_��CCaϑ��@�#&#xE;�O&#xC;�gs*��lX�ч��m_'��y{W~�9�pC0�X&#x15;�͑�
�=W�Q?N&#xB;�\s��*s�sU�Sr�L�S��Z��\&#x15;~O�ٴ��&#x19;�O��.��&#xC;&#x1C;)��\]}����m��w��Ю?�j'��c��ډ��Z!� &gt;���b�1&#x1C;V�A|�By��9mO�&#x4;r�&#xB;/�{}H^��֖S\�`tZ&#xB;rvL^&#x7;���jE\0�9�u\�G�j(���֬��|fk��-&#x1E;&#xB;�޳Ab��yg��_�A6��Il�MLU�&lt;�ly&#x6;!���W��~�yO�ç�4��M���]4\��0�q�&#x19;�&#x16;bEj^ElGK�L��Km�!�)��W��sy&#x1A;�E1d�&#x1A;n;���p�)�&#x2;��rܯ$�n��v&#x12;��-c�������^_vI̵"��xlb�rM3o�b_:��]{d�ەQ9&#x16;f&#x12;�J��IhT*vv&amp;�ȰZYA)O"q(�O'�&#x12;B&#x1C;��D{v*��[�/�7��c&#x1;&#x8;��L%��l~*!�&#x11;�F��T����q&#x13;&#x19;{ߑ�Ľ��܌��&#x12;z�8����&#x13;XI\0��0ei	�կ��{�g���P�&#x3;�mv狐�29ԝ�ֶ�0�t�����˳~�9@��.f&#x2;X�&#x19;d��P��&#xB;A��S˘P�h��P�6�&#x7;e
=u&#x12;�ɟ�ԔqK������&#x14;&#x10;RO�B�D&#x8;tS#��&#xF;���c�&#x1E;Y&#x1F;�F�Qb�tL&#x12;�&#x10;�j���6&#x13;�&#x18;�F��Ϳ�O���h��&#x15;}]�Ŏ��S�*�Q�-��Qc�R,&#x18;��'ߔ��q&#x8;�%,Ė���$�q&#xE;=
��	�e����;�b�K�X�0�.&#x19;�:p�����2Q&#x12;1�;f&#x18;�%���H��jK��&#x1;&#x17;�VA�j�*�N�{���h��&#xE;M�3�*l&#x6;m(6�;��N�.M�X-#ʀ}|Wh��.̪A�.����Qx�F5�z�6�[�����c�)�$���{ԴmŔ)9�y��䨜&#x1E;ʞ6��dNΨ�&#x17;аf&lt;7�q&#x4;S&#x16;OYu�m&#x6;�(�6S&#x6;�&#x4;o`��&#x1E;��I���Vl[�ʧ���M*Q�՞�&#x4;�p�����.��e�۔&#x13;�H�8�i�-�S��1���Tu�K��v'��7�-2�}]���&#x12;�x��*���1��$�&#x15;LĆLC���E2e-���&#x4;�����V&#xC;c�%o;�t_�X&#x1B;�xil&#x5;Sږ�F&gt;�vi&#x1C;I�&lt;�4&amp;	�R͔diDE��uR&#x1E;]&#x1A;&gt;܆ꥱM&#xF;�&#x1C;����7�j{���O����ik�i���&#x8;�;��&#x18;&#x10;=��&#x17;z1��&#x13;&#x8;�j�U��&#xF;xx�&#x6;�ǐ&#x1E;�C&#x1;���Nu�&#x1A;�/������N�&#x1B;J���U�=K�`�+x{8�&#x15;�&#x10;�c5J(��Σ����fJ�&#x2;	��&#xF;O��Х�vAB�&#x15;H&#x18;�H&#xF;���g@�ɴ����\�Z�0Y�݆����&#x12;68\&#x1E;C&amp;&#x13;&#xE;�x���7U�D&#x11;bF���yyQ�.S�z�Ϥ��M���u&#x3;�?�!��&#x3;�]��ɜ���&#x1D;�&#x1C;g\mR&#x8;t�C�vn�z&#x1B;�Ǆ&#x14;'�&#x5;����L���]�h�&#xF;�i-�6�@�YX�&#xC;Gz5�.�V&#x1A;Q�&#x4;{&#x13;G�Q&#x4;}�2��%v�Q{M&#x17;ڶ�����'����Q&#x17;BǸFZVu��&#x10;�K&#x4;�u\0�O�ρ͵���7Y�&#x4;�g&#x14;m�8ͩ-�j�Al�&#xF;l@U{Z}/�&#x15;nA#'9)N&#x4;x&#x10;&#x19;N�Ô&#x8;�@(��;0"��&#x1D;׾���(&#x11;2A�������&#x1F;d��&#x8;�����t�&#x1E;�&#x12;?Q�%#t�ީ[ݠ�R3ތ�F,
�v|��XoްϨ������F)Y�&lt;�$��I2�;&#x5;@�ȟ��ʝ�C�F6v.R�
��T�ZX&#x1F;&#x1C;�������k]�,��&#x1D;&#x5;c���&#x6;+�&#x1D;�-�b��vD��j+�u'��&#x16;�v����j;�C�H&#x10;��Nt-�ܠg�L�ڊ�h�����.&#x1C;&#x1E;7&#x1;Lzُ"wC&#xB;v&#x1E;�]h�棈�2W��?��#&#x7;#��$���&#x1;�:��p`�4+~c�&#x13;�S&#x1B;f�S"��Jt�&#x1F;=�&#xE;xFG��rfE����6�D|2&#x12;�&#x1A;n&#x1E;�,I�]&#x15;&#x1C;�]emVߣ9�:YW'f{�Volԟ���gp&#xF;�Ϯ�=��8�cr��=�f�&#x14;ܣ��:�{�$&#x5;�?�E4�+Ѐ��=&#x1F;�&#x18;�{+���ƪN�N�£�j��&amp;u&gt;�g��}&#x3;��m�&#x12;£YKp�gh&#x1E;�3 Ɯ��$�&#x6;�E�B�w�4�)���pͥA�I&#x19;�,a+si�Y��jv�4��j�hp#&#x14;���r���i8X-.��jFM&#xE;�P�&#x1C;�d���ݔ�9�*}�I�k�V&#x5;&#x1;�{k2��T�*KNz&#x7;$f&#x10;���N�ְQ�&#x4;�R��2�0�Ͱ_��U�Q�7��&#x19;&#x7;G�hh�ZVb/�7��&#x16;	���l=xH�N��fs&gt;5&#x1;���Kl���C�&#x17;fD!�&#x10;��0�o��ߓ{&#x11;&#x14;&#x14;o!)I�%��e[&#x18;�ђ	mGr/S&#x1F;��C�R߁&#x6;�d�j����7��&amp;��E��&#x16;�x&#x15;�զg&amp;&#x17;���&lt;�*�&#x1F;b&#x19;���|��Ӄo_&#x16;��{b2?�&amp;m�!R�&#x1B;;�d,���ؤ8��L�&#x10;�̝�%���&#x1C;�9�&#x14;�S�4�&#x16;ì�%��m��x.G�%��6�9z�@�e)&#xB;�&#x1D;M����y�5��W�p�=W�.�pü[&gt;��&lt;&#x18;6�eS�i*0�FI%���邩&#xC;^��Bϸ��&#xC;����W�&#x4;��ur��&#x4;%Mi�o60���&amp;̺�&#x8;&#x8;"�&#x18;&#x1A;�&#x13;��Z~e�V²=mWJ��XC&#xE;�&#xB;�.w��G&#x13;K�|_�@[w�չpH�~d�OIc��mHZ��{5$�)�`�R��ẫ�r�X	�&#xC;ј�b��Ze�|������V�[�&#x3;��Q}&#x2;U�����&#x5;�y&#xC;{^H����Э�=���&#xE;�6&#x13;&#x12;�&#x4;~^�}&#x12;���#\0&#x4;���-�v&gt;�*���&#x7;D~�xOE{�a�&#x5;&#x1A;b�7�6E�oV�iS%L5��J�nhX�&#x8;��!'�J�M�N���\��&#x1D;4����r_q�����l��ɍ�V&#x18;���F&#xB;�(;�1u���&#x1B;9�����g7*�ٍ��}j~���f9:��~�\0�PAI'7~�&#x4;G�&#xC;=���H&#x1D;wI��"4�]�k��r&#x1C;�&#xB;&lt;��r�k&amp;���M/=�&gt;�YNؤ�(=�7�A�s:$��Ф:���b�+_&#x5;�}�	�&#x15;��~�&#x1C;����&#x14;�7��p&#xC;(y����&#x1D;�&#x1F;&#x1E;M���zO�=5����+q���&#xE;��?7u��MmŪ����Xh�y��l������pY9X�gU�&#x1D;�:�&#xE;�*
Cn	7\�&#x8;k��Y8�&#x15;��&#x8;����XnI�&#x8;�&gt;��B��VI�)�\L&#x3;�Ш1	���ƞ�	'�^�KU��&#x10;&#x8;,XE&#x13;�ZV�^���&#x17;E�g;��&#x1;&#x12;�|�&#x3;t��Ul�i�̝&#x12;jn�&lt;�Gf�h���e�7�ϊ��&#x4;&#x15;n&#x11;c&#x15;[:&#xB;&#x12;��ǎ��&#x7;w��9R_�.�&#x8;L�n\&#x14;�&#x18;(�fs&#x6;�/��)K1\&#xB;�a�0E٠&gt;R=[&#x1D;D�"��w���)T�{&#x14;�m�+����]"�&#x2;ttB&#x1A;0F�f�{ô��80&#x5;ɘԺ㫨�&#x1;=��/&#x10;�"#ۈ͌��*�K��&#x4;�q:=��[����F��&#x4;ݟV&#x11;b&#x5;�߿�p�nS��g*���a�&#x14;n�&#x18;X�c�s6V�዇8B���!�&#x17;4�'&#x7;�\023��&#x14;i��!/��MH/��Z�.C@�&amp;�Jl,�
/&#x12;T��(b�����&#x1E;���&#x1A;�&#x8;�B����2«:\0N`��X-D���&#x5;�?=&#x14;ꦻ�M&#x12;&#x17;&#x8;��z&#x1F;�P?Xƃ��;�q3��3�&#x1C;��ȗN5�&#x1D;O`�)�BN?ӿ����/��V�θH��s�*�&#xE;`�4&lt;�JOăUD�X&#x17;?����̴��r4,�/�P�&#xE;�J&#xF;�&#x1F;˱9B`�;�}A��t�����+&#x11;dĩ���^�D!ى@�n����2J&#x1E;�&#x1C;�jA�?~������O~Ş��&#x18;�&lt;���&#x14;z�FT0)f@8��&#x1F;�@li9�R��&gt;%�󕩿&#x2;:),1��U�faD/&#x5;J/&#x7;�By�&#x4;&#xE;��Sց@��&amp;_�A��D�C��isde�1&#x6;R��&#x1B;�
���#%eL0&#x7;�&#x1F;���t'�����&#x8;qyͦ�
&#xF;�%&#x1C;7k��&#x1E;W*~�&#x1;\b�9��&#x10;&#x11;�(���,x�8��ݚ2��Χ|�c�}�~�ޒ�)h2�Wz&#x16;\0�sG�$��z�rK��a�&#x1A;�QK�`�[��L[�z&#x19;�q�k�ꍴdY+�3�&#x2;i&#x15;�r[&#x16;���&lt;��:�z��q�M"���M�\�N��g��&#xB;�YM{!�CD�,���U&#x1B;�W&#x5;nY�O|4��͉�+�B$$葙\���kR�P}&#x15;�I#:���8ϢI��c»�_A���~#2C ������a�&#x11;&#x13;�{� y�Q�ڛG#�0�����q�&#x1E;1&#x1B;��d&#x2;�ʛ�F���&#x13;+��,�kq�ML��`�u��8�,7��}��2Ԭ�氟���Բd&#x2;��jY:���e\E�Z*K&#x5;�70O5h�=#1UŽ�e����{&#x19;�Z�g�&#xB;�&#x1E;�v&#x1B;��������&#x16;����P&#x13;���(�~E!c���Of&#x1;��?�&#x5;2�Ku��&#x1D;GR���f�d�&#xF;θf�&#xF;�w��cL�E��&amp;�z���N23V�&gt;����I����~XrfL&#x1C;�֚��&#x11;A�~&amp;"&#x2;Q�y,"آo�:��[mP�f&#x1D;&amp;�
�&#xE;t2,�\G�&#xC;ķ~&#xC;�;ؿU'&#xB;&lt;�&#x4;1j?W4�wӠ&#x1B;�c�ՠ���H��m5����&#xC;+\0�&#x12;�&#xF;7�Ά��){2��r&#xF;:Qf�3'E&#xE;E����;��&#x1C;�&#x8;C&#x19;�)8,�٥�&#x8;���my�+7��6��5�ft�a+fɭZ�&#x12;��O\u�^�zz&#x5;j�U�&#x16;��R	�z)A�&#x6;&#x1E;a=6A��~�&#x12;�O�[t&#x1;*�c����2��Z���a[�ߝL`H6�}Z��ۺ&#x12;��&#x2;��J G)�(&#xE;945��.��&#x2;ð��&#x19;��;�B����?]|к�r_&#x4;6P�u=�X��&#x1E;�&#x1B;&#x1F;�.0&#xE;�g��+�uY�&#x11;^��-&#xC;�Vy��&#x10;�m��7�^&gt;XUs׾�&#x1E;��]&#x14;�?&#x7;�&gt;�����5f�牦Om�[���5Y��Mq8맶�B
�RђA?h}�&#xC;�9�o�����o�������&#x7;Z.�Μ�&#x16;gY_C&#x17;50&#x1A;h_H&#x19;E�k�W�q�&#x8;Ч'�gR���z۪;�z&#x14;�ꌗEě�U&#x1B;��l�?	bu�].���V=&#x1B;�˦B����)���&#x18;�K�͕l5&#x3;�#Z�U$�t&#x11;֊�Ō�W��( ٻ����~j�-m�&#x19;�GEƷP����~wc�\���и��w��19%t���&gt;&#x18;��&#x13;:
�)��xg\0�R�hRW.&#xE;��4�S�G�@Zm�W&lt;�66��s�@��2_�%&gt;P�X����fB&#x16;��y^
̧��F�G�!?��a�8�|-�&#x3;�����|&#x6;.�}��&#xF;��KJ&gt;�&#x18;����G��T|&#x1A;&amp;����ij&#x10;&#x4;\!���$۠Wr&#x10;��ex��&gt;�F��&lt;uP&#x2;�*F&#xF;�.m��c�o�
����G'���e*�
�&#x7;�&#x1;xRز&#x12;&#x10;�&#x2;��4&#x7;�����7=c��ߧZ�;[&#x1B;���@��۷�D���4�Zg&gt;�&#x12;+�&#x4;�b�\@C�&lt;�I���&#x8;iJ���Z&#x14;�c�@�B�:@g&#x12;Y
5�5���sR�&#x2;&#x2;�.zΞ�#I
�2&#x1B;I�8/&amp;���I��&#x4;L��&#x15;%)lT��&#x1C;+R(&#x19;�vE
���&#x2;r-I&#x11;F#}EMa�R| L�ٜ2&#x5;4(R��)�&#x12;�&#xF;Ya
���	Sl0�*�mb5l2m%�6���{���&#x14;��}w�#��Oa''|���N�Z׽	�ǃ6�X&#x11;��I:�J�Y�&#x7;\0&#x3;P�p2�C�&#x19;wg�6�&#x16;&#x4;��1?�2`�ae�?P&#x18;Xz���Z&#x7;|&lt;�e&#x15;����V�l��r[۱�'ܖ&#x1D;ϸ����F�L�&#x1D;�0&#xE;�e~��*D�&#xC;�xm`10�&#x10;�^i1�&#x1A;���Oz�&#x14;�3���T�Z�ӱo�&#x1E;_�	e&#xE;��&#x10;Rh(Dn��&lt;�&#xC;�lz��b�'!|9Z5۸���E/�U�&#x11;�\0L�e�&#x6;�b��Ze$#�R�9?�1r&#xE;O,2�މ���'�;|s���&#xE;�\0��[�)k�/}�!3��U�y��&#x11;���ވR^��&#x13;Jˊ�^0Ě&#x1;��OZD�9�&#x15;Ȫ&#x17;��%_�&#x2;�_5��9�%�ߊ9���-ܺ�5D�&#x7;������8���w��_C�R�[5&#x13;�=h�~=x|�&#x1C;�&#x6;&#x3;��Y6&#x7;�}�HcX����\����z{&#x10;&gt;^���%HAk^�\k��t�%�����&#x1F;�q*�&#xB;��1s�u\0)5��&#x1D;�&#x6;qȷ��N��&#x3;B�.�&#x14;'A&#x17;&#xE;q�W�'&#x13;7&#x2;�)�gqR&#xB;
�h����S�!b=�\"�q&#x13;&lt;��&#x1D;\0�Oc�&#x12;���&#xB;#&#x1;{F�&#x15; ����-&amp;y�&#xE;�&#x3;&#x1F;5l%�[i��n�V}���~-=&#x1F;�دբA��ǔi�{"dWvkm����E�&#x15;�T�V�@vV�o��~4��5�1�!�dt�;�u������6&#x17;�r��V&#x5;�&#x17;G�J&#xE;�&#x15;M�����&#x16;qm�&#x18;���RuZt�z��G.�H����֦�s����o�H4�&#xC;E{4���}��6�2��B&#x1B;��l��vAtI&#x7;��hK�&#x1;1�&#x12;DRD�!V�R&#x7;V�o�&#x6;&#x8;���&#x6;�ͤ�ap&#xC;.�F㌔&#x1C;&#x8;髢&#xF;"f"���p&#xE;�&#xC;W�A0'�^�k&amp;�x:9�e���UȄF�u����R�&#x8;!��&lt;C;V&#x15;��&lt;�l{1&#xF;丶xЗ&#x13;h&#x10;�&#x1A;�	��&#x12;�&#xC;�ԭ�z�l%�ޕ�`���l4Q��l&#x1A;$�L$H&#xC;m�&#x17;J�&#xC;X&#x14;O� q0�����^IE2�z#Cb&#x4;a)���7&lt;�&#xB;�b7M&#x18;��քw /1F���\V�&#x19;�G&#x6;]��w�Q-���p��W|�Km�#&#x10;��z&#x1F;�� lZdn���e�NrM&#x1B;^*V��f&#x13;�&#x16;`&#x1A;&#xE;(o�{BvM�&#x11;�t=��(Z�\=s�&amp;�&#x11;L���&#x1B;���&#x11;�#���}�&#x18;���&#x6;�:\�ˀBԌ2�tp&#x1E;��&#x4;ш\0(�&#x8;�d������y���=��M���g�淞���?��e�J������κ���3&#x4;�j��"�&#x11;���&lt;���{&#x1E;&#x18;�L�_r&#xF;�� ��&#x7;~t��o�&#x5;_4��ء���;��wL$:�4�@�v��Fx&#x8;i&#x8;&#xF;̺�j�M�3&#x2;��gE�#Ƥ�&#x4;Z|����x�'�P\ ��&#x15;�Q&#x3;G�P`&#x12;x�T�C������
��^������D&#x10;ܥ&#x1A;�&lt;&#x1B;��Տ������ɩ~*p&#xC;��*�&#x12;�_a�`Z�&#x16;y&#x17;�N+=��&#x4;��G�%��H&#x18;��&#x11;.B?&amp;&#x6;��Z	�wn��wy��'&#x13;	�$����F&#x12;r���v�_{�"5t&#x6;�:C��&#x14;&#xF; K�L��x�&#x17;۽�gP!�;BA�@E&#x17;�%���.[ؒ&#x16;�I&#x19;�s�:M��ǵ�G���RЙ�q[]+���V����K��v����,]\�§��d������wq��tq%s�&#xB;]\&#x17;�pe&amp;
�t&#xB;��l�̘�KZ��&#xF;_���k�̖5&#x1;���;�b�lc Rټ�E��3(�&lt;=���&#x2;&#x1D;��&#x10;�N��ܘ^?v٠�(&#x13;� �k&#xC;rb_�����&#x1A;&#x1;�,̉(�w�(��b���G8�Q&#x11;N�%���&amp;�&#x1;~��rlU��Ϫ&#x11;&#x1;j��t�&#x18;��N�ާ矖�&#x1;$���nebT�k�]�he�ĕ&#x5;�l���¾),��1���`|X/�b�&#x15;�b��{&#x15;:���K�!���b�ԙ�&amp;��jn��������\�&#xB;�u�}���&#x11;��s3q�&#x1E;�&#x18;��v�C}5�\0�ɥ�ء�Z���A_ME�D_�&#x11;�S&#x18;�	�����Q�Gc��	~&#x16;��)��$&#x1F;UV&#x11;	s/kWrn���oEq�u�e&#x4;�&#x18;cֳ0�&#x17;�U��&#xE;;�]�:;����'��՛��&#xC;�&#x1;FtE�t'Z� �9&#x1;&#x3;T32��Ra�Wu�&#x16;&#x1F;f��*�]&#x17;�$�&lt;�l�zT}��t�kQ;\0��p�,��&#x1C;�N����v�&gt;�2���&amp;Z&gt;&#x17;���&#xF;����^&#x16;&#x17;0Q��&#x11;��V&#x1;��Nb&#x5;�3
U�&#x14;j�ueϝ��q&#x5;T��81�vc/Ћ&#x1C;��_��&#x1F;��A41ꇕv���Q�vn�&#x19;?�J$�&#x7;��Y���=9)����*��*�I&#x1;tU��O�&#x1A;��1	&#x5;��܍FO��`8�R&#x5;���+\kZpO\0&#x18;y�&#x11;{U��3V�L�ئ|;~&#xB;U&#x19;�D\0͙&#x6;S(ؔ�Hu��&#x6;N&lt;��\�@��#��0J��(�5&#x6;.�&#x13;^�܅,&#x11;	+����[�2&#x2;w�[z��m�#{�Q&#x6;�1�QƐ�D%�&#x4;��;���!�	�@�&#x1D;f*hR�&#x12;&#x8;&#x11;��Ǽ�A%�%t&#x14;�E!��I��H�&amp;K��@�&#x16;d�I�ʔ��&#x7;��&#x1A;�Ԡ�H�T�h&#x12;H�+#�&#xF;&#x1;gJ�$Δ�Hc��b���)r@&#x3;4��8P��Vt�&#x17;'&#xF;�6V�Z}W[~����&#x15;�V��6!�t�������E����F���(���Ƒ��^V#*&lt;P6\0�b�!��p���K�|.�x��2"TiV&#x1D;���K��N&#x13;�(�̴Yji\0�L�
?K�l�VG�}�8�c�tn&#x1A;��Fb��P��&#x14;&#x14;�|�
b�6A1&#x12;��{������	3���y�&#x3;�&#xB;\
M�W}�&#x6;�J&#x1A;�\0'Fa0j�&#x17;7ҍFl�L���&#xC;��g�[^�9{b�&#xF;&#x5;�/ls�J/a��&#x8;�uo�&#x1C;�&#x8;&#x1C;QyC	&#x6;��L�J����L��&#x6;&#x7;�Q��X��0�&#x10;�0RZ&#x13;���'�W�+D`,��m�
���&lt;y;A�%�+7&#x5;��Tkۖ|�&gt;az�U��&#x1D;��5N\0&#x14;�T�̱2�ԅb�|V	p�&#x19;�1]&#xF;&lt;�!!k{J�(z{�)]I&#x1B;�_%mh�lX�I&#x1B;&amp;�H&#x1B;b8�H&#x1A;��6D�h؆@мNv���aD䂴!RM�E\��&#x11;�ڵ�an������*�A��{�e&#x15;�jv���Z|9�U�Ż�[�=&#x19;҆��&#x1D;���0&#x1A;���F����]y����O�(&#x6;����ܡJ;P�Oj������&#x3; .v�Dr4=�ѐ&#x16;&#x3;&#x1A;�&#x16;Ma?\0l�����f�{m}z�O�ns��W�V5��&lt;k\��J�jp�3�J&#x11;�����ԓ7��ڭ�i�P��ă)~H&lt;��O&lt;�U�D����"&#x6;���Ud��¾�˯h���T&#x17;�&#x16;�Hb&#x1C;hX%�9���*�������M�*3)P�����ɱ,׫�&#x18;2 �&#x1D;=�і��	6&#x1D;mE��3.����@�&#x15;�P�[���&#x16;�Dw=�N�Cʉ&#x12;�S88�Xy�xb�&lt;&#xB;�0ȑh����&#x7;�&#x7;&#x11;ZSh�-��:a�R��&#x3;=��'5��&#x7;afRM&#x6;&#x1B;�&#x5;&#x15;Ȫ0�H�P㬼&#x15;)�{ں�c��9\0h-P�-���Za0ѩϙQG��ӧϽ��둪�&#x15;��:�)u�Z����k�N�����德����\��*�m&#x1B;&#x1D;%�xn��%%?I�Q�C�o��*�%&#x15;���(�*�⧊|kS�7Z���Q�&#x16;Q�S��(�M&#x14;����t7��|���&#x12;&#x1F;�&#x1C;m5&gt;c�mj/��2����R�0�y��&#xE;�&#x1A;��&#x16;�&#x13;�++�m&#xE;}O��ĳ�"�ۦ(�K�&#x2;5��fk�Z�($�l~���34ۘ�&#x8;�	�xTb��
ԇ�m&#x14;\0���&#x19;��I&gt;�P죙�8��U&#xF;ãk���&#x1F;���~&lt;����W�x��&#xF;&gt;���.k����.&amp;�I�&#x1C;eH@�o&#x18;&#x12;�іv�������&#x13;��&#x6;�\0��⹅���ѓ&#xB;S�&amp;�˺Ĥ�H"@��:�O�[�A�&#xB;&#x7;�R"���مƆ8�h����M�tV�m&#x1;�R��*P�_&#x6;��H!� G&#xE;. �I^\0&#x3;�_���2H����,&#x6;S�A��&#xC;2&#x1D;N0��W����&#x4;̛֕��t&#x2;U&#xB;T變�4&#x13;�y�O�&amp;�r6&#x1E;竜&#x16;\0��`&#x2;0�&#xF;&#x6;&#x13;�&#x2;��d&#x2;�Xz2��&#x14;��J=�\0�W���&#x14;f�5&#x2;Z�V�&amp;�&#x7;.�u�"|4��G۸HJ&#xE;\0S&#x19;&#x4;ށ#�&#x15;8���o�~K&#x5;9&#xB;G���[�#�&#x4;�Գ&#x1C;4 )b�	 �D��n&#x12;8�d��i&#x17;���1&#x1E;9)@�Ϲ�L��Զ!����f����n�%�k.�^r&#xF;���%�դ]�^x�i�^Fs��2Yĝ��Tf�-�l��&#x1B;I�O�4�����N�!��xª��_ng_�{[�m;&#x3;��&#x4;&#x19;ă�it"&#x16;ȉ�&#x4;A��6����i�{-�){$��!��yi�p&#x2;&#x14;%Bt�te)Ԉ��&#x12;��,&#x1F;i�R�T+�rm�1�(_�H�&#x17;�����Z��Y��V�����u-&#x1C;6=
�����JF&#x12;&#xF;�3
�Lt�JJ�v�&#x1F;J+؆�~�&#x8;L�@&#x2;��&#x1A;&#x12;\0&#xE;��&#x4;t�1��&#x16;S:yL�K}G&#x4;�&#x11;��/&#x17;�&#x5;&#x11;���:&#xB;�yO�-�ۛX�4�?F��A��"Yi(|��&#x1B;�&#xB;�|�\0h����Xo&#x15;�W�Z��Q:�l͈�|T[&#x5;2
?&#x17;n�&#x17;���Iv�-�&#x1D;'i/&#x1E;����v�(nỼ��&#x1F;��v��Џ�vrI�60�ܨ��$nH��,:�i	2�O�����L&#x4;��x�&#x2;�\�5�e&#x17;��\���j����,5��`�Y���A�9�ա�:&#x12;\0a�;*=*?�J~&#x4;�&#x1F;�&#x3;�Zw����&#xF;Q�����N�(ʵ������&#x2;��g&#x1F;&#x13;m7&#x19;��Ljձ�9\0�w�&#x14;�X����xf&#x12;&#x1E;���ʘU�՝&#x17;���ҏ&#x11;NZ�&#x15;�&lt;Y=G&lt;&#x1E;jG�ϋ���mwM!&#x10;&#x1E;�Q�M�&#x1C;�g�&#xB; o �&#x1A;���榤p&#x14;[�&lt;�xe�&#x1B;��&#x11;���)Lw�&#xF;Vf���ߓ�ieEw�T�E�$���Lj"�A��r&amp;&#x12;2&#xF;�&#x1B;��F:�F&#x10;�q6�k&#x4;��R2�J�U�&#x12;Q��o&#x10;��fG�W��a&#x14;@��&#x4;&#x7;^�&#x5;	��W9��&#x17;AA�0��#�AA����N&#x1B;`P��y�sm|&#xE;&#x18;��.v&#x2;&#x8;*�H&#x6;�7kD&#x3;�&#x14;���p`o�p��v�I.&#x5;�T&#xF;&#x7;��R&gt;�ߑJ&#x1D;8��&#x12;��`VB�&amp;r&#x6;�=�Dً�7�����h&#x18;�&#x1B;�&#x16;;*d&#x13;f�&gt;P@A9Ò&#x1;X�&amp;&lt;]�4w`�l���&#x14;J&#x1D;$E&#x10;��u�@�$@�HS&#x8;X�U���&#x7;d&#x6;,&#x6;��I���pZ��p7�B��Z&#x18;y&#x11;-&#x7;��@�`Ս�&#x14;M�ɲ9\JI�Xq.��s��k&#xB;��z3��6�)`���{v&#x6;��*&#x3;�&#x16;�,&#xC;k�󇲎Q�&#x1C;�B�&#x13;DR�@*u�R&#x1A;���`�&#x1E;G�"�;9�;�&gt;�8�ބ&#x1A;��y3�ީ5g�j��o�6�@��s�+&#x13;&#xF;5����R���/�&#x11;)�pp&#x1A;3�&#x1C;a��&#xC;��Κ�Z&#x8;4du:��ْM&#x16;4\��Ҫ`%k�	����7�D&#x17;A�.n�U�&#x4;2&gt;���1�Ĥ6&#x13;ͼ�(��,&#xB;�)�Y�d����X2=�&#x1A;���Y2='\0�%�$��%�8&amp;O�Q歞$��)��k82GR6AP�m�/&#x14;&#xE;���&#x16;&#xE;������&#x17;�^Y�&#x1B;2��&#x1B;)&#x1B;v6_7T}�i��lٰ*�&#x1D;&#x3;��v�θ���~&#xC;d�&#x1B;�&#x15;�v‘�J�&lt;&#x13;&#x8;x���M&#x2;�m�p\0,�v,&#x19;j���������&#x1;��0�HG�l�À�t&#x1C;�k[&#x1D;&#x6;���Ru�w��d�F�)����U\0\0&#xE;2�dT�0�6r�pe��*+&#x1E;�&#xF;��6zAY&#x8;&#x8;�C�&#x15;1&#x1C;�&#x2;&#x1;Jp���!W&#xB;7EÎS}�����(�$��,���b&#x14;�2M�u�p7�Ǻ?��&#x5;������ǝ},&#x1F;?�&#x1C;&amp;�zZ9��������]��|��ᔿ����ᔽ����D���03)H��hk%~�H�҉���m#ʪ�Y�Z�s�M�l����&#x3;g��9@`^�&lt;Oa��E�J�&#x1F;,VNF6�o�X�ӑ˫�,�4�M�ҷ�*��&#x13;m��%&#x19;k���,���h��8���{�Y���&#xB;OЎ��p&#x1D;��v\&#x1E;�����d�U�[��j*�KAO�-��C&#x10;*�C�	�C��E]Vڡ?(�Мv(gōz�E�P+�o:�A�ݟP&#xC;��?ub&amp;��P�c&#x19;�&lt;/���&#xC;�H�Y�~�0���Ť��z&#x17;�a�Żpp[�w��x�j�V^:�֔ql�&#x18;k:��9�&#x15;O&gt;�&#x1F;�����&#x17;�NZ0u���&#x16;LUS&#x16;Y����)s7�Ě&#x11;L��rH��(�
x��3O�
�T��R�TԾo&#x17;J�n����H=�7
��e�{�y^׌~&gt;&#x14;���N&#x1C;$&#x1D;j��c��8�^\�~���Z��&#xE;� �2fa��&#x7;RG&#x1B;�&#x10;zf�)��@�&#xC;c&#x8;&#x3;��v�jW~s($(�{��P}�SԞ��L�ǰ&#x11;�o��T�(cKط&#x19;1�i���&#x1;WL�	m
g�O�
4��f���_^�I�{&lt;&#x1C;��LRz���:&#x5;T5�&#xE;�p$�q�H�ޏ�&#x3;wT��O���&#x1A;x�
&#x19;}Y��S�&#x17;��f��cᯱ&#x1E;&#x5;��#y�2&lt;���C	�9mʧ&#x10;&lt;&#x1D;���	�f�����T?iJs*$�=�U
)&#x17;�&#x2;u��"�[����/CzMrc�PA*&#xE;�&#x13;S�_�_��M&#x1E;�u�a^&#x2;��&#x4;&#x19;�a���VXRՓ&#x12;I��"Oi�X&gt;㺘E��L)�Y�Y�j�&#x2;)�&#x18;�Ld4��&#x14;�~��y8q"���f��&#x5;.�]� #�J	3���&#x10;5P\0]p���B��0&#x1A;�\0&#x1E;���91&#x13;�&#x8;�#��o��?���&#x15;�z&#x18;.m&#x16;��&#x14;�H��-?C�&#x14;��;��"�&amp;;&#x1E;W&#x5;&#x14;�|Hp.ј�A	�[�FW��&#x5;�6��^�C\0&#x1A;.�&#x18;o	&#x1B;�Ks19pz&#x8;�VB���5�&#x8;F����Ĭb��O`g-&#x1A;&#x13;c3;k��~`��&#x12;�ρ��IX����0v�|�\��=&#x13;H3lu��
~	G�|�Z&#x1C;E�Z&#x1C;ͻvr&#x11;����s�ȏ�Sq&#x17;�.X:B�D��*�el+a�% &#x1D;G2 ��"����3��|$&#x18;���z�N�:�D�&lt;�i�,@�T^92��Y9R\��6v&#x3;S�&#x2;�^Z&#x1;Ne&#x3;A��-&#x11;*���&#x1E;������9+!c�{�.&#x1C;2:�&#x5;n/�`T�xiȘN�M#Fկ1;�&#x18;c&#x19;����	�&#xE;&#x1A;�)�ǌC&#x17;��1f�A��p"�mz~�����l���_��6�&#x16;��)�Cq�&#x7;ê0߂S�-�\C��H�qbv�&#x10;Z���&#x1A;xe&#x18;��&#x6;��e�1��e�=`½lp6�l�z�&#x6;MR4��&#xE;頳�|�C.8&#x18;d��T*&#x18;&#x18;�&#x7;� %p7b�w&#x1C;�o�$T&amp;�&#x14;���D�T�`�&#x8;NF'�|�t&#x1E;h&lt;�T��v�Uij�(\��v�W}qK+ȇ��K	�)&#xF;�mQ�"����T7�#3L���9��pa*&#x15;h2�&gt;&#x15;�}&#xC;|�ړ��0����&#x6;������j�&#x16;�Q��Kg&#x11;&#x1B;��&#x16;��k/MF���&#x1F;�e�q\v�]���&#x1C;��N&#x1C;�&#x17;�
�"�UƵv��źY��b�YT�&#x1E;
¥&#x1D;\0�&gt;�&gt;@&#x10;N��&#x14;�S&#x10;�&#x18;&lt;N6�����&amp;9I"p��&#x1A;x��#p�u&#x4;�c&#xF;ǁ���7/�$��m����p�Oo�Bi��}����\0�&#xF;o�S��rTF9'g&#x1F;wT�6P����,G5��&#x15;�&#x1D;��G����pTf�&#x1B;Y���66��^��&#x1B;�����b� j�3o&#xE;���r ���&#xC;k�R���&#xB;����x+�n�ޡ&#x1;@�_q�&#x1D;z&#x4;�&#xE;F��b�2Y�2tZ&#x13;\0Ӆ&lt;�/jM�%M+��=3El�%T��d/�D�h&#x3;�&#x17;&#x5;&#x1E;�b�{�7���uzI&#x16;0&#x1;�&#x15;�f��O���?l�9�6JZ��&#xE;�&#x1A;&#x2;�02i��3/{�� �&#x7;H�!�&#x7;F�5_&#x19;n!#�&#xE;�t`QiP�&#x2;�Z�e�H�&#x3;%&#x18;�q�,U�*|]q�nU&#x17;���i�6�e3N��M[�ɅuGx��EǤ��P�	7��*�&#x12;��mQ&#xB;��g��g�&#x1A;�&lt;?��&#x1A;J���&#x19;;�?���gOy�ӛc�}��&#x15;���遽W)c�5��&#x1E;l�v�������(Y)�&#x17;&#x1F;Mnm3y
چ@�&#xE;��&#xC;�Ӣ� ���&#x16;_&#x12;.;���=C'����&#x17;��[P�&#x11;1?���E�&#x3;)&gt;��G}�&#x10;C�f\0&#x6;�؋G��������y"=o&#xC;&#x1F;d =��&#x1A;�ĥ}&#x8;�&#x16;έܜ&#x19;�a̒uC&#xC;��3m�&#x1B;��h�c&#x1D;X��b����U]�w�&gt;&lt;o�#�
x��&#x7;��{?&#x8;o�鉟&#x1F;��І&#x1F;����&#x14;ȟ�x�y�La&#x1;&#xC;&#x19;m�&lt;����s*�ķ�&#x12;N�֨�x��K�M~3�|��x&gt;�&#x6;Ƒ�&#x15;#��F&#x12;&#x17;�Kz��$�m�Ea��h2d��\��&#x1A;qa��X	�oh��S��&#x4;�6��&#xB;&#x13;$T�X��z�Dq&#x10;N2�{&#x13;�f4b+��o�Υ�h��zۄ��&#x11;����w����!�'t�gN&#x13;�&#x1F;!�&#x8;&#x1B;bd.&#x1F;(&#x10;YfD��Y:��h��C�I&#x10;����W�&#x1;�&#x11;���(&#x11;��&#x5;��d�Wy&#x10;�&#x14;V�ξ�5	��&#x15;a����{�U_QQ�渷H�̚���"ǭ7��&#x16;ؘ&#xE;z�&#x6;��P�)aM4o����1�s\�ѵ�5 ���l�\0�}&#xC;[c&#x11;&#x11;�ߵ��&#x5;�7���i�v�&#x1D;�����	4�']&#x1E;�&#x1F;X�K27&#x5;&lt;�x3�"&#x17;Jz�iq%�IJ�&#x15;��׵&#x17;�x�'L�Z6bf&#x16;#29��i��PX&#x4;���'�+��v��\���٤�7�����~	۩\@u&#x14;���n�S��6&#x7;̙��ݿ�O���BC�̈́̀2�z��*[j��U�&amp;���R�\0ݡ*�x��p�Dv�[-�4&#x1A;Fb:�W&#x2;�&#x14;F|rbZ&gt;���Y����&amp;�R�[Hk&#x17;�NJ��I�&#xC;*�}�&#x2;m�-N����V�{]�0bN�*F�"&gt;Q�6&#x8;�U�&#x13;�Xi)ct�ZFb&#x8;�T
&#x19;�:���B�1Q筽��&#x17;��@���&#x8;�X�Z&#x1A;ۻ�tv���������_�=����&#x1F;�����&#x1F;�����&#x1F;�Ï��O��_��&#x1F;�^����}&#x19;�9l�&#x1D;I_�&gt;&gt;��lhK�k���y��&#x1F;�%��we���E.'�t�w���wYN*��}�r��o��?��������_�����&#x12;��&#x12;.�&#x1F;~�����?���?��/�����k��O�5o����������������_��&#x1F;~\����&#x2;�eD����z��_��3��������&#x1A;�ï�������/�����Ï�e�jlTF�c�&#x1D;?�o�S������pwr��!&#x1D;��ۓ�&#x17;ƃ������t@�&#x10;_��p�7;&#x17;�&#x1F;�g\���p��yy0�W�o����Y��/Ӽ89��&#x1E;nY�}��a&lt;&#x18;�&#x10;_�&#x17;�A&#xC;�M�+�?&#x1E;LP,���^O�L��n&#x7;�5}�x&#x18;&#xF;���x���S&#x17;�.���l��`&#xC;+3��^����c応���&#xE;�&#x1;��^��u�&#xC;6�$��E�8��;�&#xB;�Ar����%�C&#x1C;���+�_���_�S�C&#x1C;���+�_c�;���&#x5;�C&#x1C;&#x4;p�_&#x19;&#x5;����^.1&#x1D;D3��_�����&#xF;�?�_��b���v�x&#x15;&#x1D;-O7�������x^&#x2;_	,A�&#x3;�n,�MH5�&amp;%��/&#x12;#�悐�����m�P�K&#xB;]�,O=FN�{&#x17;&gt;,�N&#x15;5�$�D�VN�E���lۣ&#x7;�-&gt;&#x11;u&#x14;B��DT?�k�,��&#x1F;�hX&#x11;�X���j&#xE;��O&#x1F;�j@Q{ƨ-�&lt;�nC�&#x1F;FԔ,l'	�z�&#x1D;��&#x1F;�]�\?v�,����&#x10;g(FP�[�����͋���-���ݓ�l��Wҵ$����&#x8;����h&#x1A;�!��&#x11;)�(J�#����N��D�:��&#x15;pv�*��&#x16;�;��&amp;�'��&#xB;ʟ$t��k��1&gt;��4^�4xԦ��p&#x13;��&#x1B;j*=�+sҵ�Q���&#xE;T&#xE;s1c�&#x16;"&#xB;�ZV��M���ł�́�eAގi�y�b��&amp;������%�=���Jh�@KZ	�h��&#x17;B�w��&#x14;B��,vW���j[賽H�e�&#x1;j��
ۤm,���&lt;�c��:g4�܇I4&#x19;�9qօ�x�&#x12;M޶K4�z��D��gx	�p�nl�UoT�g&#x13;�~����u1u)R~���ٶ&#xB;{uu��]C[1#�����{�hۈ_����T&#xC;�llw�&#xE;�N���t�q=�FX9&#x11;&#x18;l����F��uM�&#x1D;�̸���d�I��鳽�4uv:Mu�&gt;�P���ә?���&#x17;3&#x11;�F�&#x19;������f����K��XL�&#x5;s�7�ݡF���v�l�[���w[6�F� �M扄5��}4a� 0&#x14;�"�j&#xC;(�l5����j&#xC;�X��Xٷ��j��&#x1D;����5g�j��|���&#x19;�M2U6u{j&#x15;Ym�\�H�&#x12;�&gt;� 
��&#x11;G|R�ّm\&#x15;&#x11;[��&#x8;� �"�{nWܙ&#xB;&#x19;���&#x4;SKfA��uਡ|&#x10;&#x18;�̷]q\0T��Up��G��qΩٖ��U�6�&#x10;�H1�&#x4;�&amp;ו&#x4;P�������t&#x15;kH�&#xC;~)N��&#xB;+~&#x1E;N��&#x1F;U^\A&#x2;���)k��\��&lt;�R��]c�ֻ"}i�}|6*O?��Y&#x1E;��7���v&#xF;��&#x3;�ث��Q��&#x1B;�&#x1C;�&#x17;�c[�VM&amp;;�Fv;��y�a2]&#x4;+_&#xF;qOg&#xE;GJ�l83�`Z�k@s���*K&#x1;K�%&#x2;��H�8��F&#x4;����4�'��B��&#x5;��#�c&amp;���&#x7;���~�#,G&#xC;T�/a0�n�S��&#x1C;�rԆ�p&#x17;9��:&#x5;��md�&#x17;imE&#xE;��r�PjoY�cQ&#x19;�v��а	h&#x18;p@�&#xC;S����KZ�%RLZ�'!&#x1;u2��A�&#x1B;�&#x4;���rO��&#x15;=�&#x13;&#x7;&#x1F;&#x1F;I�I;���[T8n��"b8�vzV&#x5;Q���vz�&#x7;�)�S��z�8&#x17;gMX&#x13;N�v͜��6�&#x14;=�u��|&#x8;�"&#x1F;�:&#xE;��0=vu�B��ÃW��&#xF;Baꑠ�Q�m&#x13;�^C&#xB;H�	�|���h�n2Z&#x17;�5&amp;���ohyd��h�~�i��I&#x18;rE7��&#x10;�E�t�m�i�$g=�&#x1C;���&#xB;d^��Ln�`r�xJjy&#x16;퐡�&#x1B;��Eӽ�\0��&#x1B;\ah\0����&#x2;H�f���Q䎊92���"P�&#x11;&#x5;&amp;mu��ҡz}��L�5ML&#x16;�G�6�Kƕ[ˋ,�-��wc"��&#x5;��1l&gt;Ӕ��k�&#x17;��ZR�����Ȑ��Ki�^"�B�9(��(&#xC;(5�&#x18;��&#xB;h&#x15;��p	LDJ�\}�V�7����f&#x14;�J�U�M�V���b[�&#x1B;�&#x4;TvxVe� M&#x19;����p+��C&#x12;&gt;G|�'�'��ȈF���#���S|F&#x7;ǦC7&#x18;;s���1q�L0�68�&#x5;`��&#xC;u"��OG���$�=��˙�&#x6;�&#x11;�i6��9�&#x11;���R��9+{'�O�q��p�o�&#x2;٢ҏu�&#xC;Q&#x1D;&#x11;����a`eF��.a3�~#:\
l;���6?F\&#x18;X^&amp;jmǇW0��K�TN��&#x1E;nxx��q&gt;�&#xE;$&#x16;&#x16;O&#xF;�[��P;=�NC����IM,�r�1�崯AV�|����&#x17;����4�&amp;�&#x17;���3g�����R�/B��&gt;�ڛ���h/�⨶&#x6;F�G&#x15;&#x17;�&#xF;7�&#x19;����&amp;`���a&#x4;���&#x11;t~&#x4;�a����)1&#x18;��:&#x13;a�z�Vf�=s��0�a�1��KM�&#x1E;�&#x18;��p�i�_2V8?U8��_8���&#x1E;��&#x1D;�\0��&#x19;��L&#x6;S���n&amp;����&#x12;��&#x3;��v&#xB;��I�Y�.KB3^^v�&#x7;1�l"Ծ&lt;&#x12;m�C��lg������&#xE;c�[AzN9��ԫČpNe��&#x18;�JK� �\�%b�_wW��-B��&#x13;۩�{&#x1;H��}�#	n���:v&#x6;&#x15;�FX�&lt;�wd&#x18;���&#x1C;V�&#xB;�P&#xC;&#x19;&#x19;�Y��s���$�`���Ƚ&#x1F;�&#x16;�����;~=&#x8;&#x1E;Z&#x4;[�':ƀ�&#x3;&amp;��%06'p�&#xC;d�|Z��@Bs�fvr�&#x7;��D~��M���n��=VrI���"}�8.�5�!ц�)��ή��$��mL�E&#x13;��&#x1B;]WQ(�F\&#x1E;&#xC;5��d#�qr�e�d�0�r���&#xF;�8�r��aN&#xF;7I�\�/��\*5�d���v�W}P^L�,XK�9��9�.���)&#x1C;�f�hxVUe&#x1C;����@A���&#x7;�-5&#x5;ދZڪ̬���*8�#�&#x18;!���ơ&#x4;�Hs��MÌ&#x1C;׭�&#x1F;X&amp;&#x8;��̠��1&#x18;�&#xC;�v�&#xB;u�1iX鰷�&#x19;�QJ��T�&#x19;̠��&#xE;�'�Pz&#x3;����ɍ�&#x1A;�x�N�&#x6;˰*p�L&#x13;E��!�&#x13;h&#x6;$+���gB3X��&#xC;�&#x6;f�6FF�X�A�?�����C��|%�#&#xF;q�4&#x1D;�Q�W�k�Q�[�&#xC;�$奩���s{&#xE;5�s�&#x6;á� "@K�@&#x13;��j 	hB��	�&#x4;&#x14;����g܄�/=A�R&#x1B;1�&#x5;���}����M�u�h\0��0&#x14;�		�2��%�&#x1B;��&#x3;�xpQ���|.��u]�&#xC;�b&#xB;���R�Yպ����&#x3;�:Y��z�C`y&#x13;َR�:I�'�@�}F�n�*�A��-�*R/&#x16;r�Q��m��Y}�w�&#x1C;�[��Ej�٤�&#x1A;^���&#x19;&amp;�&#x16;&#x17;��=�z�-�f�ُR�au&#x1;�u��9�&#xB;�̂�U$&#x1C;�(�&#x12;�m�m&#x7;s��&#x4;�&#x11;l&#x8;:��&#x1;��&#x18;�|2&#x18;��*�1�M\&#xE;�N�Z��b��&#x6;g�r9�$y�	�#�[�&#x2;�&#x2;��&#x1D;�1{e&gt;;�=��М��YW�:��L�g&#x1B;���k'�"���&#x5;�iw+|��0�[�I+��|�Q�WfI�߲�4��X�g�&amp;�/J��rB�&#x1F;��5��^&#x15;&#x19;&#x14;�xb&#x1B;,l�H=�ȿt/&#x1C;���sy�p�;XJ��īM�%1&#x17;ÖV}�n&#x17;�Z�_�^��+�m&#x3;P]\0�B�7��t&#x18;V�&#x8;0*�&#x1A;��&#x6;��Da���PTf��&#x1;;�&#x4;{&#x11;�C��&amp;&#x1A;3^Gc�"��� ��1�S�R&#x5;d�����UG�Q@6�1&#x10;�&#x1;�f��ʼ�.�(?O��&#x1A;�|��^v�p�Xb�Ew�&#x17;_1~l\0/&#x3;��X���&#x1C;�&amp;e��&#x1;d�&gt;&amp;�vB�6L&#x18;Y�(-� z�X����(�&#x2;ԯ��&#x7;=w�!�:�t�m�P�x�&#x1B;�?��0�&#x1B;��?��y�&#x19;.1U+�םp&gt;kJ#��h�[ϛP}&#x11;�Q�p�z+)���S�p^�3�}�+\0�&#x17;)��&#xC;I=
&#xF;���~&#xE;����[�Syl��|���W��K��M�/I�&#x1E;Q�Ii�N&#x8;Pw&#x7;��||��Q �&#x7;�Ok��&amp;J;���z�g/&#xE;Ya?�8�^�v����&#x1D;�QqG&#x16;�Y��Ơ�\0&#x1;:ӃxD&#x1C;4����&#x10;�.&#x1E;�6&#x5;(z���&#xF;!1J?m�&#x18;&#x11;w�&#x15;�C�&lt;ɂ��p��&#xC;&amp;�����S�(�ҁ3&gt;�nۚLVSSN7�\55e����Dd`z�۠�d&#x10;�����&#x1;p�9���F�-]&amp;IkIajJ�d"&#x1D;#&#x8;vT�I"&lt;�j&#x10;��l��N���+��ɤ�ˁ�����(P���&#x12;\0]���s�'�e��z�E&#x17;3�6��&#x19;�{ol�l�Y{�w�qoۛyw���2�&#x1E;�G�&#x1D;̻�T��Z&#x17;�ݵ&#x17;D�r��8�#$r���K�&#x18;��&#x7;�.wI&#x5;��!���Y�&#x3;|��U���Ҕ(JT��&amp;dF�R��^�`4�&#x19;&#x17;
�Gn&#x10;�&#x1B;����9��&#x1D;����%9b[�	JH#/UR&#x11;Y�i8	AÅ&#x3;g����lq&#x8;t����c&lt;&#x4;8\0���	tj�{+�&#x1A;V���!��DdA�:&#x7;.7k%wGb&lt;R�Dȫ�&#x15;կ�"A&#x15;&#x8;
t4���ST�rC&#x15;[0l&lt;�:�8Έv;�&#x1B;&#x1B;���[!&#x1;�&#xE;DV�Q��B&#x17;��:����u���&#x1;,�å&#x2;��Zs%��-Qk�&#xF;s�.�=�&#xE;:����ĞTG~8��&#x1A;ʷ&#x11;{n�A&#xF;ǞAA��+�&#x1B;^�V�-��2&#xE;�W�Uqg�����K&#x6;&#x13;/�&#xB;�z��*�]��&#x11;Zi&#x7;J��h�&#xC;��&#xC;����&#x15;�*n�&#x12;s���U0�%\0m�9��e���&#x1C;:|,�D$"��1��+��&#x10;n&#xC;,r�Lf&#x4;!�8���&#x13;&#x1B;�S�H�&#x15;�,]&#xB;���0�0v�վ&#x10;ݛ8,&#x12;&#x1C;&#x14;:�&#x2;��p�.�fn5�q
�&amp;?=&#x17;ʦx�/'�.*sg�"}���`�M�d�&#x8;�&#x10;&lt;�X�W�fa&#x4;#k¦�l��h��pɕv��&#xF;&#x15;D&#x11;g&#x1B;6&gt;9[��h,�&#x1D;��J�\0���c&#x17;Fn��
�=���(�&#x1D;	ʪ&#x5;�i����K���(1�uU^�ߞ�Wu�ET-%��^e���2�K�,�cL�&#xB;���&#x1A;��ᨇt�&#x1F;����&#xF;��ߴ��&#x3;��8&#x18;�S&#x1F;2g���&#x1F;M&#x8;���!&#x1;&lt;h@u�&#x12;��bN@L1p�?*`5'��F�(]1&amp;�&#x7;2�����T"������q�r\ȩ�&#x1F;���������j�?��&#x17;SftN���`9���N�BQ���x�^Y�w&#x1B;ſ��KJ&#x1D;T���&#x1F;�v��_b��狹V�S���U�~FXi��M��&#x18;�}��6�pqg{��v3&#x6;D��xH&#x1A;&#x1E;��=���N&#x2;y�'&lt;��-�w&#xB;]S1�V&#x5;]stY���z	��&#x7;q��d��2�{&#x11;6k�ػ�V�1R����&#x7;s\cKh_Y&#xF;߾W,�&#xF;S�T�e�b+��ͼ$4�p��&#xB;R�&#x19;i\0�j&#x18;��l�4���V7�R�(&#x1D;3n�9��=N$!���0�FZ�b���Z�q*&lt;��1X�S��x&#x19;&#x6;�6Y{�	�Rj����̏�JmI�1�l�T&#x1C;T�Dd�w%�K0��&amp;�~/��3h�0�P�˕&#x1A;��h�$���c��Y��'�%��&#x13;�%q&#x7;&#xF;�$�l�Z.�5�:��!��&#x1C;Ťe(�&#x12;7��ej�z�pei/�Z~|��&#x13;K{����&#xE;5@XQ�&#xB;ս�'���&#x15;��&#x11;&lt;&gt;8���Q��NfGA�����9��8+�&#xF;��&gt;ؗM����&#x1E;�{n*��&#x13;l&#x1A;&#x2;�-�@G�̈��S�(&#x12;s�$&#x1D;�d�Z0��&#x1D;.�*J&#x3;�T���A*#��&gt;��&#x16;�&#x16;�MG�'�M�ͤL�Ԧ�W��.ԅ!k�&#x14;�GN.&#x1C;)tE���P�&#x17;Q&#x1D;�:��&#xF;�غ\R��&#x13;ݫUG�,�U��`M��&#xC;��N�z4�&#x1A;�ɚ�b6��Y�p&#x13;P�&#x1E;q��i���,�&#x14;��?&#x18;�%e.w��՝�&#x19;�Q&#x1C;r:�yy�%&#xB;=��7�&#x1E;���H�(�]��|&#x1B;��L&lt;����j{��&#x1E;��Km�[^��~�筏=o�[�Y����Ez&#x1A;{��,�婄�Z��&#x8;0�z��$T0*���c��&#x8;ݻ&#x1D;�?��&#x17;,V&#xE;&#x10;�?�`��߱�&#x1F;�&#x5;�wސ��{J&#x1;=Y��s,G&#x18;�&#x1B;$��&amp;&#x14;�h�d����&#x5;�f&#x7;&#x19;��Zc�O_	7o&#x16;�/�%c)q8G
{�ꉈnfX�1n�{I&#x4;WQ��&#x10;�F+�&#x6;���9��p&#x1E;^�"G24C�
�v&#x19;?ӪϏ�|&lt;�#}���-�g\oq��j&gt;�D!&#x1E;&#x10;ҝ&#x15;��D&#x3;�6�|�SJ)4&lt;�R�0�u�g�@W��"&#x10;���r&#x13;�:�Fb��t�lw&amp;�.���d��dF���j&#x18;&#x16;�j,��Ms��J��Vȸ4&amp;&#x15;��g^��9�yUQ&#x1D;[����U�`&#x10;&#x6;�ɲ������Q^i&amp;]u�q	�c��#�:�&#x14;eimG����&#x10;%İp�0�&#x1;&#xE;6&amp;r����b���&#x2;�q�V�I.�
꾷&#xC;�&#x2;&#x19;v&#x7;�����X&#x1B;�&#x1D;�)l0_y�U��&#x1F;XX93��e�|�&#x16;Ks&#x13;#�K&#x15;��(�&#x1E;n[4��;NV&#x1E;�װA�7�@&lt;�&#x13;A�,Z&#xF;�(�6�����y���&#xC;��ORι��&lt;���&#xB;#��%��+A��&#x15;���p�hHg:X��"�&#x1A;&#x1F;[~���W&lt;�,_�4�B��M&#x3;�F����N��"h&#x14;&#x19;�1awQ&#x4;�Ƅ���16��&#x2;��Q&lt;���&#x2;+���t�,�U-]Y:�U.u��S�&#xE;'&#x15;&#x3;�%��t�������9�6����8��K���Y��L&#x1C;&#x1F;&#x4;�|Z9�p��ø&#xC;q�&#x16;+�s&#x17;*���K+��?�+�;u������R0z��1��&#x10;IY&#x1;ۏs�k���&#x16;G�v�C�U�\��#�&#xB;�)j�ʦ�]v!&#x16;E�-��-(�&#x3;.z&#x1E;��b&#x17;v���idf�ߕ�?Ɣ��&#x1E;/���4&#x10;�p���-?U����V&#xC;&#x1F;v��F��Kހ��,��p����Pأ �&#x1E;&#x1A;)�v�w��VB��˙Av &gt;&#x7;�Tu&#x1C;ؓ&#x11;�i&#x12;Iu�&#x19;��26&#x15;gbX�x���}2\�ye�e�7q�&#x14;���Hg &#x7;�&#x11;�L�{�&gt;N�~&#x1C;	��#�&#x11;ـ&#x1A;0�?P|�&#x1B;�&gt;�sf��W��_r��-a|��&#x5;w��u�ON|��œ�p9���UM�8d-b��P�G���C;&#xC;g|���&#x15;&#xE;��H�&#x11;��2�ٙ��ev����&#x18;�(��G�%y~���&#x2;G�kf�w&amp;��Bft(!���&#x1D;�&gt;�0d$�`��"�t�����^��C�Fh�\0-1&#xC;&#xF;��&#x8;�x�n�&#x10;�Y&gt;Vd��8ӡb&#x16;�}�+��ᬪ��ա��S&#x3;C&#x1F;\&#x1C;�(-����OX&#x1C;ǣC�8by��8�&amp;�&gt;�:�&#x10;7����Xz0u�&#x7;�����&#x8;䋃��*&#x10;��ÍG&#x1A;~/AT� ���%%&#x8;&#x1B;���&#x1;�7\9�%Z&#xE;�b�&#xE;�s�6�&#x1B;&#x1F;���M�Lj�&#x1B;�'!(����PZѳ&#x1B;Rs��6�th�b�&#x8;d�&#xF;���Z���2��c&#x13;����C�L�3�ci&#x1D;e��Bf=�B۱&#xF;���U��&#x1F;��&#x1D;���y H;&#x10;�&#xB;�:s�d�U�lj�}n`�&#x1C;a4&#x7;�&#x19;�&amp;��@��H&#x11;���&#x4;X3
N��&#x11;[3&#x2;�&#x19;��1&#x5;�&#x15;�4���g�k�4�&#x6;،�&#x17;�@lf���5Ć��Z�B��&#x8;���&#x10;@&#xB;����"0�&#x12;�!	�O��r���&#x5;�vupZ���ԇ̹&#x19;N&#x1B;�c��i9��ˁ&#x10;�&#xB;^�k�&#x11;�&lt;�8&#x1;&#x1B;&#x14;�}ی3�	�&#x1F;5���&#xE;5��,��X3�x@�4�9�
&lt; �i�h�e��W�F!4^Nm�h��&gt;��&#x13;�1?�؁�h�|��^R�&#x10;��'&#x1E;���tcۃtc��t��l~�`}�!ح�?���2��&#x1B;���g&#x1A;&#x1E;&#x15;�`�W�푡�c&#x17;|�#&#x4;���[w.�=&#x1B;�����ze&#x7;&#x16;&#x7;[�Ϩ⼿��gĠ��&#x15;��߿R�dw�T�&#x1D;u�&#x1F;�&#x1C;���s"���_Ү���&#x1B;�c�T�c�X�2��,֣��&#x1D;�Z��g�H�!�&#x1;/�&#xB;&#x1E;x���Z&#x1A;/�&#x1;tm;]!��!!rŧE�ϓ���zK4y�3p�&#x17;�r'���L�tT�&#x1C;Q	-+jT:=`VV&#x11;�d^�+�{&#x3;N )���&#x19; pV&#x1;&#x4;�_���e&#xE;&#x1A;�Vձ&#x12;�9�Ų_e���&#xF;&#x1B;�D&#xC;f���y6&#x13;�`��"wi5?�MK��&#x7;��/�Vh�M���C�ur��1�h�]�������w]�q�&#x1B;(�@�h��C�����T&#x11;n)�\�$�"��W��e���%|/-�R���4Zң�&#x11;�nj�=)&amp;���խ�GR����v撔t�3�ZJ:M����1��o��Tգ�&#x1D;�S�+����F�H��&#x14;��tQ����&#x6;�U�+��&#xB;@&#x2;�D�
�
�i*Xbr&lt;ٷ3�hV��ɭ�5&#xE;\��h����|Y&#x1F;r�OQo1��z�A�p�d�&#x16;��&#x12;�*��ģo�ޢ'|wh&#x3;yM�^��o��2�6�}yV���&#x8;�}R���&#x1C;zX�s�a��&#x3;bq�o�{pᩋ�8�!��+��ۅl��&#xE;{��7T&#xF;TI��N��f&#x1C;�&#x1C;��LSA;&#xF;�u�nZq&#x1F;ڔE���%Y�+�&gt;3W�Ǚ	��Dw��&#x10;�rpS 9�%}Ic&#xB;���63&#x1A;�JA�&#x3;�6^����Z�zV'oÑU.r�&#xF;�;����z6��6+=&#x1B;m�ֶY�������M���u��(��u�6�&gt;&#x1D;[e/����&#x1A;+�0�X�&#x8;�ַ&lt;&#xF;q0�/�۷H�[a&#x1B;΋��6�C4�a�&#x1;�T8���&#x1C;0���`NU&#x17;=*&#x17;��V&lt;h�5ؖ�p��O!&#xE;&#x7;�&#x12;��qŖ&#x16;�c�UGe�&#x1C;S����&#x1E;�e�&#x1F;��3�\0�9��&#xC;3&#x14;J�)H�L;��+�k��&#x11;��ؒ��ȵ&#x19;nQ&#x11;�&#x4;�@k*��Ӭf&#xE;�֞��(��0�&#x14;�o����V�U=3�r�2EC&#x12;&#x19;�&#x17;&amp;/DW_�^&#x1A;vB=�-������|&#xE;�ܨd��r&#x12;3q&#xC;&#x15;1�&#xC;!&#xB;R��%��&#x1C;G�q&lt;�+&#x13;��&#xC;�&#x12;&#x1F;X&#xE;nP�Q&amp;� ��69�#}&#x19;&lt;dY�M}����@&#x14;�P#&#xF;s�y]�&#x1A;����K��r]3;B�&#xF;j��C�c6l\0��ǜ�w&#x1A;	f���9�=&#x5;�7T�O���\�u��\�X&#x5;~i��"���,L���Uwkv�b�P�o&#x8;������vjڣ��y4�.�싴�nlX�Y��l&#x19;R&#x1;&#x10;&amp;�uB��W����G#�]�|F&#x4;�=���&#x10;ܚ"%&#x7;�,�&#x1D;&#x16;�a��ͬ�[�"e��2�&#x11;��#�T&#x1F;q��QP��S9��S�~&lt;�	�kvVC�/��l�=��3�����]�[�֧[����+X&#x13;�ή��&#x5;�B�
.B&#x5;��Z���o]&#x16;ߴ!&#x18;o���	?��w&#xC;�&#x1C;��&#xE;j���&#x1C;*ŵ8r&amp;n,��q&#xC;�ĕ�I��R��Q�&#x19;�8�Q��3���T�n����=&#x8;������Ѓ��(&#x1F;&#x5;�.�C&#x1B;�|*�LQ����ك6�����
��+.���&lt;TNq&#x11;&#x15;�fec~F8&amp;i6u&#x10;��8�AL��&amp;"&lt;&#x6;h1�hk:-�	\0�Y�FqgW���[�9&#x1A;V!fmM&#xB;ZPb:+���,�&#x8;U�MS���Ы5�o&gt;��ù4�)vO�&#x1F;���&#x6;�&#x1E;�����Чm&#x7;��y�:(&#x14;ty��'�&#x14;8��T&#xC;���&#x13;ϝ�d&#xE;�%&#x1F;�&#x6;&lt;&#x19;&#x6;ݡI&lt;&#xC;�b�y&#x14;&#x6;��l?&#x7;&#x6;��E0�FC�1&#x18;��-���ٚTt6|�K�5��y�l͎&#x18;�*}L�H*5�G~�mP��X�Ղ��,U41&#x17;f:	&gt;�{�锝�P�ҡNP�d�uz��as���:��b�'���R�d�U4Sl�&#x1E;�4Fx�9)���g��&#xB;&amp;&#x14;�����vz��vo�y�\���&#xB;O�#��؏�Z�E&amp;?*w�&#x19;�&#x10;&#x2;ԏ��k&#x1C;b��. fZA&#x11;N�9��mC/�+gۉ)�&#x1B;���&amp;�JQ�(�&#x15;똰�y;1'弿��|�&#x13;�=��y&#xF;n�&#x1B;���f��*2�	�=��	���gc�&#xB;/b�Qo�&#x19;]~2L~ GjM|��ֱM��&#x10;Û$2�����$&#xE;���S̺�f�:v��l̲�&#x14;�&#x1E;���Z�UA&#x14;&amp;Lw�\0�}�ܝ�&#x11;?�R�-��vI�$&#x19;ґ&#x12;&#x10;&#x12;o̳��B�~s���S��� �&amp;,&#x1;���A�v�&#x8;��|~Zes��Nl����Z&#xF;Gk=&#x8;��fT�6jl���i=D�TA�M*&#x3;�&#x1;���&#x16;w&#x15;&#x1E;,�!�D\0QXv�&#x1B;��&#x3;�\���ޟ�&#x3;��i`���b悳b�,&#x6;��t\^Z�E���7&#x7;[������/�ip�|b�Db䓈kebF&#x5;�q$�&#x8;&#x1D;�ᐋk�xU�,�v��&lt;[&#xE;�ic���"�-&#xC;�C5�&#x15;�&#x18;m&#x8;�[&#x10;�o(�E]��%�٫���\0=���g���gJ�&amp;C�3����^�0�\0&#x10;�\0֡rs�&#x1;��&amp;�&#x17;�6&#x16;�����b&#x15;A&#x6;�V4֏ChK&#x18;�fdǀP��&#x3;�����1!�&#x15;���cNFN��&#x8;x�&#x8;ղp`�&#xF;����C�Ѫ���1�&#x14;d�AD�S�Iǡ��c7����M�&#x19;�.0�g3�;z�&#x1C;���U7�&gt;l{�L��k�P��*w�tKF�[&#x11;1�&#x15;E��)�]�i�:Ly���&#x3;J=5�=`@&#x7;��&#x1D;�h�3Su&#x4;���&#x11;�qh&#x1B;!�&#xE;��ǌS,P�t^HIz6��\&#x1;L�I�S9��E&#x3;8ԓ��`�X�R6u�y�P.&#x19;�&#x11;���&#xC;��&#x1C;+&#x13;Ms&#x18;�!�YGȲ&#xC;��&#x7;s8�'aՋ&#x1B;&#x6;s�ھ&#x1E;�!-��`��\07�Pk�ft�.���*�&#x10;�/�&#x19;��o���Q��&#x1D;&#x11;ܳ�3t6�a�m�S�&#x12;�7⬲�`U�V&#x2;16�%7��{I����^�R�Ju�Q���2�Cq&#x1F;Y��J�~P&#x1B;��o&#x3;�&#x1E;�?Oލto�|�f�G�G) (&#x1F;�q��$���A�u&#x2;������&#x1E;Q&#x1F;��/o��n`ʝ&#x6;q|�7m���_@��] 7�E&#xB;C�L;��ѳ_�\0��\тR`ۓf�8Ϗ�j�˄&#xB;�(�R�d�x�·&lt;�m}D�&amp;�J1abLlZ��[�6�T�mk��&#x1;�g&#x6;h��&#x6;�0�Z�'v�&#x1D;S���~�/�sDo7��Ȏa��&#x6;&#x5;��T́�&#x16;�&#x15;�I:�G&#xC;�Dl	h�&#x8;A��&#x17;�M5�&#x19;�7g�&#xF;v�&#x1E;z&#x1B;
e�o��p&#x10;��~&#xE;&#xC;�'&#x5;�vi��}O�R��{�YY�1۸�3*&#x6;��&#x4;=*&#x19;&#x4;��w"&#x19;�Ճ4&#x14;�i4��&#x10;�eOG�'�8#��T�״Th��:�c��*&#x8;h��3$il�d�&#xC;�\�q�&#xB;9!&#x19;)&#x15;rzn\0��!��3Z��dӝB�-e�&amp;���T���0�s&#xB;9�Q8S��E�h&#x1D;�T�&#x11;р�u��&#x1;j�#�-��[&#x11;��Q�mf4\0;�����&#x11;��%F�p2�ӊ�&#x1F;�6Mj)��&#x14;N�8�(�f:�&#x13;
���]��l�a&#x1A;��d?W!����gMpOx&#x1B;�5D=�R�&#x11;=�����;9��&gt;}G=N/��XWE�)dT���dJ&#x3;�?��~�&#x3;i2��`�ţ��h�V&#x14;pvO��S?-�kD�C�����Lt&#xE;7E����q&lt;~�X&#x17;&#x17;���X&#x17;�R&#x1D;�/Y�{E�@�d#�&#x6;�&#xE;Ѥ���$�&#x7;�&lt;�-�&#x14;��&#x15;�d� H&amp;��z�t&#x8;��/&#xB;|$1&#x2;�&#x1F;&#x11;&#x1C;]&#x4;�l&#x15;v�&#xF;*��Q�V�L};ұ	埍&#x1D;��r�*L��7N*���5WX&#x12;�쀘&#x3;&#x7;�aW�c�&#xC;�C�l�D��&#x6;`�zv~��F=;��P�e�S�2Iq���́r�l�V��&#x10;��v�&#x1D;��j6b�jտ�=M6&#x1B;�&gt;G&#x12;�|{V�D\0��&#xC;ɸ9�ۛ&#x12;�ʹ�3Z:��T1jl&#x4;��&#x11;���E���jWyHKg��򐖎&#xE;y���۩r&#x7;}AL�b�&#x1E;%�%&#x15;�����&#x1C;k�ә&#x2;�y:Kx�Uj�Ț܁�λ&#x17;�r�$��&#x17;$�Q�yjQ�y��.,�Y&#x1F;3�v��ܮ�㘨V�FuQ�J�YP/ݫɝ&#x1D;��59=�%[��b&gt;K�&amp;�tLg�&#xB;q���
�YJʥ55��&#xB;�aϭ3�|]��𮓠��3&#x1C;�&lt;G#vm�&#x1;��L�amf�����&#x14;�ry���.-P��X[�ce�&#x1A;&amp;�^�Oڵ�i4����.�&#x2;&gt;�	���&#x11;g�&lt;���Xc�Q5&#x6;!�ᑍ������yn�-k`\0&#x1E;U�V
x#|��&#x1A;)�hZbӽ�&#x1E;&amp;m�{|��\0Ơ
u\�L��i���&#x2;FB�&#x3;&#x1E;�;%&#xC;շ	o-�7�cΥ!-H�ɦ�qնy�⛴�*&amp;�l��&#x12;A}��l��v�tbNj�ܴG���]3�&#x14;�	6���l��Ԟ��'�&lt;��=��V�=�{�࣊&#x5;c&#x1F;�s&#x1B;k&#x5;�+��MO�,�&#x1C;���[v�\�&lt;�ҕ&#xB;��)@�&#x8;�vj�&#x10;���&#x18;&#x1C;&#x12;�FD9���q&#x8;O�m�ܓ&#x15;��Kr&#x14;[&#x12;V&amp;�Q��M���O��	鶰Wc	��+[���d칂�	&#x1E;ꈞ��O�G�W?�|�&amp;���&#xC;��1��R�*���&#x1E;��'�O.�����&#xC;8��CE�z&#x7;zY|����g�&#x7;��O�&#x7;gq�E5�1~L[P]&#x1D;�0/~+&#x2;|&#x12;nG\"&#x1;�'�۫�?
o�M{.?&#xE;c&#x18;�Ә�C�V�8dS�����&#x1D;�%���S�P�Vly�I&#x1C;�$&#x13;�'�&#x7;�6&#x1E;�eRSu/�W����)�+&#x13;]~&#x13;&#x16;�Kr�����v&lt;��&#x16;&#x18;��H{R*��d)��&amp;�AE	E�m &#x10;���[&gt;���+�+&#x1C;�&#xB;�3�Ӹz`E�"���&#x3;Th�&#x17;&#x10;�S0&#x5;�V|H&gt;���&#x5;��H����黣;�R1S7�=���x�#&#x1F;�^&#x1B;����O��\0rI&#x14;Jѯ��E.i�۲^j�֫&#x5;&#x6;DN&#x8;��.�&#x17;���� ��x�zkB�d�S��E�dŗ�&#x1E;?ʢ�&#x11;��U�&#x14;���i�;*&#xC;j������8�B&#x15;0�an5��e&#x13;"�
&#x19;t�8��|/*0��&amp;��_�2]�&#x1B;XR0T&#x10;&#x16;�&#x1C;ݭ.ri,�)'*�&amp;8����w4�H�xHG&#x19;\�7�[{���`�i�ܜ��.g&#x6;����5p��f��(��v�6���&#x14;�&#x15;W@A6�&amp;�^��(��D&#x10;w��&#x4;4��w&#x17;��&#x15;O�m�vI���&#x2;�g�&#x4;�Ѳo�&#x1F;�b&#xF;oդ�py�P&#x10;{Ҥ�Y�{��NY?��:�J��z�i�&#x1;���&#x1B;���q'��&#x7;��uˍn�\0[�f&#xE;����&#x7;�Ζ�xݟv��M���lʘ¸�(�����wH
&#x18;�E/;^�9�@R&#x8;�&#x1A;�&#x10;��E���S'�{j��~��&#xC;O�v��I�s���=�&#x1E;�Ղ�cN.o�/*\0��IRZv(&#x14;�&#x18;�رȣ*�4�h:fX8U�Q2+�̿�Ϭ�&#x14;m��YZ+��k��|�g�y%�lk�2�9��AQ@�P�&#x1B;��4�'�:�Y����y~o2I�	�$iK&lt;&#x1C;��!�i��;�;z)N�H{`j�3�&#x10;,{%&#x5;�o&#x1;��%&#x1;r&#x5;�S��&amp;A�D&#xF;&#xC;��t$��'R�X�@}��&#x10;&#xC;�;�@�������\0��F��	M�E&#x7;�uX.`�ɶ�_T�b���o�#&#x1B;\0�`E���&#x1C;��F�$)�|����b���&gt;&#x1F;&#x3;"�]X*�_&gt;����;-F��!��+C�v8"��`�l�d(z�Z�
�9\0چm�K���.�U���B�&#x17;P좝����l&#x1B;�&#x14;�&#x1E;�&#x11;&#xC;)~=�#���;�q&#x1C;J4���l/q��$��h��JUV&#x8;8��%B�&#xC;	��&#xC;	�&#x1;�&#x5;ɍ+&#x2;�Y9��&lt;F"�?��lQT�&#x5;&#x17;#Q��g�zm�}6��.�&#x12;Ó�{盽��V�}0���+��7�=^���{&#x7;���t�������!��ɟ�,Z��.~�&#x1;��u���`�k�Kkɥ��&lt;�J�w��3)F�&#x1D;�2�����gIj�&#x1D;@�J��g�xE&#xE;� �Bp&#xC;��X�7��TeJ�L*s�&#x6;����Y�/Q������Xl&#x3;�A͌�
kr����ϴ�F�&#x1D;`֥���&#x1E; [�\0��&#xB;j��S���A&#x7;�ޮ�@�JLn6T-�]��&#xB;�&#x1A;ݟ�ik[B�&#x7;�j	��&#xB;lyU�:�&#xE;H�&lt;�}�t�&#x8;&#x7;��ص0��%�&#x7;sac3�&lt;6i�h/P/��&gt;=��r+��˚5��jHz�G&#x7;m�Ebj�K��r,M�!�eWc��&#x1B;�&#x19;&#x1A;T&#x13;���B0v*�n&#x1C;�uH��qW&#x13;�Kn?�!p�&#x19;�GY��6&#x5;fO��Ѷ"�LF^��=�&lt;��q&#xB;ȟ&#x8;&#x10;��&lt;&#x10;K�&#x19;�&gt;���	��Apޟ�����`&#x1E;��&#xC;��TЌ&#xB;�&#x8; ܪ&#x1A;�Jl&#x8;7e&amp;c�(��K-�D�=�g�O�;ԚW���x j��&#x12;��,`&#x19;&#x1E;�adf&#x7;\0���Z&#x5;����&#x16;��1�r &#x15;5bN�YP!Ts����&#x1C;p�A��9���C�U�����&#x1C;�3�����VL�"�B�S�&#x16;�����0�8g\&amp;&#x1B;��y&#x6;�V�Y&#x6;�}F�s��6?ˀ�N"�0�,�&#x13;&#x1A;h0 4�&#x19;TX&#x7;��&#x6;����H��&#x7;&#x1A;�{80�ք�5ӞO��8$N���&#x19;8&gt;0S�fT��&#x1B;&#x1F;M^�q[�&#x1E;�R�֬-����&#x17;Iҹ�{�D��i�ݶ&#x4;x;&#x18;7.&#xE;a�s"��+G��7��&gt;�4�&#x16;���*d�{�]ϵ���&#x1B;jJ��{+�'4�&#x1D;%&gt;��J|[U�� M&#x19;�����&#x1B;�&#x12;��Ŷ�=�R��2|^��֦&#x7;&lt;̨���b�&#x13;u��te��ƴDM��ح�1��@&#x1A;D&#x14;fr����-#=���&#xC;���K.#t&#x17;�sx�ڊ�Sy�nX�&#xF;&#x4;[�(�=�)БZR�OA�3&#x1B;F�w��7&#xE;��ZK�;
��&#x1C;��i���&#x12;�h���h$*�Qe�*��e��&#x6;B�&#x1B;������2i���A���7Uflo&#x1C;�l*�ܜ&#x1;&#x13;�en��?�h�U�s�f&lt;��u�&#x18;�&#x15;�-}$��̽$�1rMuy�&#x13;g���ߋ&gt;�����~�E&#x1F;�&#x2;W&#x14;}�\06�V|zW&#xE;CQ�i&#x1A;{����|�F�+�)"Vx�d:����&#x4;&gt;2&#x7;�Ϥx��p�X�ޝ��9��y��0-&#xF;F��)�IX�!1�b&#x3;�tbk&#x5;i#��N W8��'��&#x16;&#xE;�&#x13;;6��c����-&#x1B;�Ҏ�����ci��f&#x7;�m��Y&amp;&#x1D;&#x1B;�c�&#x1E;Px&#x1C;&#x1C;E&#x1C;�x&gt;�|��ۈKk&#x1F;-�=�V�Z}{���|孹����ƽWuM��4�geYd�`�)�M���K���&gt;穮Ί;+��J�5�HK��&#x6;*|m=\��xH?!&#x16;��jMֹ5Δ\����g&#x17;&#x17;CT%�m-&#x2;&#x1;�I��mA��ҵ�&#x13;����%�UN&#x1D;�+&#x1C;��l&#x7;O��s&lt;��뱧�d�Õ�Jj;W+�&#x13;���N%��ByG~}Nx�W@��B|g�&#x13;-�&amp;��&#x10;l�&#x19;��&#x1A;0B��&#x6;��&#x8;��T�@&#x1;&#x5;&#xF;`&#x6;&#x19;��Z� �&#xB;��C&gt;�.��!�| p�3@d&#x1C;$Y-GM&#x7;3�C�G�7��3C��G��u����/��X��X@q\j�P&amp;�79&#x15;�h�&#x3;��=�"�TRzǡp�J�:
&gt;���N&#x7;-��&#x11;���'����fd�&#x1;��Q�&#x7;5&#x15;&#x16;�N�M��1T1&#x18;&#xC;�M�5&#x16;�&#x12;&#x10;n��������&#x13;�pǍ'�W��Xu&#x16;�&#x8;&#xB;�f}sa&#x17;\��B���;�&lt;�&#x8;ݯ�&#x17;*��&#x11;�x�+�D&#x13;=�X&#x12;.GӦX茪�?h�/kŎ�n&#xE;��3z�I�[�&#x15;R���=Ǳ&#x1E;�&#x1F;T�&#x1;�jq�^
�M*_꠪��D�y&gt;2�c��Q[MQV���6.��'&amp;S�\&#x8;����Q#���T�BC�&#x1D;Ө��,�2UjM&#x1C;Wo9��L����UY��UH���;�=&#xC;X&#xC;��d,&#x15;��`&#x7;Xq�{s�r�&#x6;S;����&#x1F;���m&#xE;�&#x8;��&#x7;��s�&#x1E;Y
�c��a��yt�#�7�?�Q&#x10;~��*�{h�cM����ܷ@&#x18;�sq�XF�k�.��?9��I�.k��ɇ�����r�͹�E���p�&#x3;�K&#x16;�,q�`�M&#x11;�?+�&#x5;�wR��	7�&#x10;�ѭ&#x11;a�en���¸�fܨ�,�k�&#x1B;�m���o/��cn�a�r&#x10;�&#xB;X|�G��4͸����8�&#xE;�V�����ǃ�?v�G�d��ߥN��릶;&#xE;&#xF;��@��l�[*�f�w7o��&amp;��[�G@2i�cxԏ�EM��&#x8;&#x7;�"mH(�&#xB;���8ו �&#xE;��&#x18;L�3*$&lt;[y�G�&#x12;�d&#x2;�ҖOb.YG�&#x13;?i�����Y�e��mm����@F*�~&amp;�&#x1A;��XC��H��&#xC;��&#x18;�6޿5��gv&#xB;���&#x7;B;����C;g�a�&#xC;����7�5����1ĝ���&#x14;֓&#x11;9*�����&#x1C;�=Fg&#x6;=Ɏ8���PAO�a����.&#x3;X��&#x16;�"�&#x1A;�Ɯy&#x17;�&#x1F;&#x5;�Neh�34�@�͢�-U?��,Q��ة�&#x16;�rȾ�N�ئ��&#x1D;0ȃ��:
�&#xB;�=�TH&#x16;��I��������'�Qr�AP���&#xB;ˬ���s�&#x17;(�&#x16;&#x6;U�0n$H��`&#x1C;&#x8;&#x1E;S�}�A&#xC;9��, Ͷ��!^ˏ&#xF;ˡ8b�r9��$����&#x1C;�*�k�KR&#x19;���d��&#x4;*c?��ô�&amp;{d��&#x17;�G#6&#x1A;�=�f�&lt;ִ��a&#x1C;�YEJ�{v�47&#x1B;O��I&amp;�^f&lt;�6-����G�eȌ)1&#x1E;&#x1D;PĶ&#x16;��/�{�&#xE;ݽa8]&#x1B;e�&#x8;0�?e\���6e�y��hb�o#��Y�&#x10;�JVe��U�T!�_%ǅ&#x8;�J����*y�&#x12;��U��K&#x10;{�Ƀ%����*Dk&gt;�)�&#x10;�t��j&#x10;�d��^�JI�&#xB;&#x1D;�g����r�.�*�&#x2;]�K/Gs�A�E��	�eTB&#x15;t��/'�&#x19;e��&#x2;&#x17;�%|�%ݻ&#x18;ņ���;�}&#x2;�~��λ����:s�&#x15;u� 3�#��4�*i&#xB;.N&#x1B;&#x7;T�զ�䷶��&#x17;b�?�H&#xF;���`�^�^l�IM�*��d���&#x5;�^?I@7�V*���&#x6;&#x15;NT�~&#x2;�}r&#x7;y\0��n&amp;��A�6����ś�&#x1B;�����&#x1A;W�&amp;DO�`Z%i&#x11;�&#x6;��V^%T�q@�*�Ԩ&gt;.h���Fo��F�3��������&#x18;'�#ֲ*(��&lt;a�~4&#x10;n�&#x1A;ّL�pY3~Fv`��6��y��2����&#x1C;����&#xE;���&gt;(ʺN?�w�]&#x18;&#xE;�G~.�x�沘&#x19;D&#xB;jU!v~U���W&#x16;���&#x3;�&#x18;&#x1D;f7��&#x18;��3�&#x15;}��}b�`���}� #lƞ&#x13;Rm9��&amp;&#x6;��I��*c�+��Ybز��&#x10;'2&#x11;~�?&amp;�v�&lt;Ʌ�^��q�!pW�$&lt;H]�DE�&#x1B;"��xEmx&#x1A;�-�mś��YjE�*�&#x1D;��UX&gt;;�[�&#x7;�}�����$�V�c�&lt;W�S��&#x2;�y�Q|g�p7�SN�����:�BA�X4ܭ&#x6;���Xl@�!&#x1D;bΕ��n�7��:Ck+���WQ�u�t�)s:�_&#x17;L��y��Y��뢆]"�cE�/�-���+&#x1;R��n2�L���=�X�����*��L0�L�&#xC;8����&#x13;���Ɗ�O\�CX�̟�=&#x10;�v�`D�&#x1D;&#x1F;�k����z�(�&#x11;�"�߫J&#x18;�&#x16;��^�R��
-ڈ��ݍw�q��V��@�}�� 14�B��X��E0|X(�m3Eʔ �&#x12;&#x1B;_'b�Qj-s��NV�
}�o�8`��Fg,��N�Z&#x14;ӾĐ�R�]��&#xF;;��&#x17;&#xB;=5\�{�C�Ґ��vҐ�Yt$v����1�|�i�d�hH�"4;�-��qI��Hz2M�&#x1B;o�$e]�v���!)�R�~0�c��GW���a&#x1E;���g��]@�k���&#x6;�y�ߺ&#x6;i�|�R�o�H٥U�Q-�\&#x15;r�&#x4;ɪ�7t^vV�m&#x15;��ߧeH���ᔨ�X�i�a�:�����Y&gt;7�\�^��2A�&#xB;�&#x1E;&#x1F;����3y�V1��A'KG�&#x16;0QNsw6�&#x6;�/&#x1C;d���w��&amp;1����#���ωN&lt;ʕ��&gt;�;��T&#x19;��&#x1C;���\0)&#x5;&#xC;�w��x����&#x1A;�0&#x7;�&#x15;�49x�&#x7;ዧ��T�=�a��&#x8;8vm&#x5;\0;�&#x11;A|��&#x1F;���}��]�Wg�&#x10;;L�C6'"s9O��'4���-�/ˋ&#x14;��xۿ�P����G�|~�mU(o�A�6��d�&#x7;cm}� jΗ�� �&#x1D;�&amp;�&#x16;&#x18;�&#x19;	�%� �&#x19;�(�j��&#x13;o;;H�A�NȬюe&gt;س��&#x8;��_�&#x6;h�𡋻?&#x19;�&#x1C;!i�S��Y��&#x12;���|���q�Cr��z���Ʀ_7D2�@1��$
!7qèh0!&#xE;&#x5;��^�~����q(���$�&#x1C;y&#x14;����CXEQ�&#x10;�u�X���^&#x10;|:jk��&gt;3�Py&#x10;��}h��8�G&#x19;��n�4T��&#x15;jF�&#xE;��p�-&#xB;��&amp;&#x14;&gt;�ﵯ�US(�U&amp;��w���_&#x4;"���tmn�z���&gt;��E�&#x7;�"wVl��&#x1C;�U�?����?;����S�gp_&#x1B;b�����'�&#x2;:��t��E�&#x12;&#x17;��b&#x7;�{&#x1C;d&#x15;�MJ����,�C�o0v�s�&#x1F;���v�r���4��ڂ$ĸ��O�[���]��&#x1C;+&#x8;�}���:~&#x10;|lN�&#x1F;�z���5�#ܙ-�n5����]��Ϟ��&#x8;&#x4;�N�:�N�Hl�7&#xC; 8Zv+�̍��d��U��,��o{S����&lt;&amp;!���c��5�&#xF;�x��&lt;&#x8;�a������މ&amp;�n�;&#x19;���,+3;�����z&#x18;��&gt;��-+�y.ܚ��Z�厹C2g
�&#x5;Q@�&#x19;&#x1E;K��9&#x13;&#x1A;&#x1D;i��&#x15;�&#x1B;�H�X\C^�"�"z�ԒL�UH[&amp;&#x11;=a �Q�D��j�Ó�N���d�,�$�5���2���4�\0&#x8;&#xE;]뜠���&lt;��R{&#x10;Q���4��e����6�-�&gt;��G��g&#x1C;_��^��/���ͽi��C&#x7;���s��w�&#x1B;�5��Vn�Ɩi�=G&#x10;M�&#x4;pd��`�"��4t&#x1E;0&#x1A;��z&#x1B;YǞ&#x4;��-&#x6;&amp;��&#x14;����ԛ�DψE&#xC;m�#��4��'�v�t&#x6;�&#x3;�I���jbt)��&#x1B;&#x3;˗�&#x18;uV�yڻj&#x1E;@�wϻ,�{[.8b����є%�(�A?u
֮&#x1D;���D����&#x14;�&#x5;�E6|�Wq\0s�o�U&#x1F;C,)���&#x12;q?�&#x1;�&#x11;[����&#x17;�r�c�N�#�^Xǻ��7&#x13;�*u5�u����&gt;U����&#x12;�ƣш]�w;��n��+&#x11;�n�щm��&#x2;G�Mz�F����&#x13;�v*�e��W��D2P"_�}�#�o�u�P&#xC;S�,�&#x1D;W&#x12;�f��`a���&#x17;�0��&#x13;
�˗��k\CD&#x1B;�&#x1;&#x11;�&#x7;&#x13;8V�F�P���m�~�զ&#x8;��xջ
&#x1E;&#x1A;w3�5��&#x15;���t�?��6:0&#x19;&#x1B;yh�����6M�8&#x2;��1-�"7��Eg�!Sc��a��3�Qms&#x18;������4/���爿��Y�"�0&#x1E;&#xC;]�&#xF;�t&#x10;�����S�&#x1F;&#xF;&amp;����x@��W&amp;=ذ���&#x17;�X&gt;�&#x7;�zze��v�B&#x18;��&#x1E;��1�`1���/]&#x17;�&#x18;��&#xC;E�a&lt;���+�������֝\/:�A&#x1F;މ^&#x18;&#xE;���&#x1C;/&#x11;&#x1D;� ��_���Ά�:�*&#x1D;� ��_������(�&#x17;�&#xE;q&#x10;�&#x17;�2�����\b:�fx-�J�%��7&#x14;Kď�C&#x1C;D?�W���s���&#xF;��h����_��E&#x16;�����~�-�a&#x8;ʴ�D�����É�t��!8��Z:Z&gt;��O���.t���1&#x1D;-��0�&#x5;��ۻ��S&lt;��r������������������%��%l��������?�����S�&#x13;��_
������&#x1F;����������&#x1F;~���qq&#x7;�&#x1F;��������O?��/���&amp;��?�̯�o��_~�Ï��&#x1F;~��O�&#xB;��_~�׿���&#x1F;~L.�WcC�i�&#x10;�0~
��'����Q�~B�&#x1B;X:&#xC;�@p&#x3;Q���&#xC;1&#x5;�'+����&#x12;� 10�aq���&#xE;���~!�MF�&#x8;g]&#x14;�ꢡ~�N�Ef^|E��P��	&#x14;J��!�&#x1D;�{�&#x5;������w�Ǣ](��h&#xB;-r�d#���&#xC;}�DY�#������&#x10;jf&#x1D;�p��.�3g�F$S��!�����dm�S;&#x6;tC&#x1C;/��K|YP��+��h�1&#x1A;�&#xC;5��sT�k1uߝ���*���&#x18;�E%��"q�&#x12;Vs��&#x5;�M�&#x4;΃�������g��d�V�=�QS'��,��p�&#x18;�,��&#x19;5p�U:�&#xC;X.�Ϗ��&#x8;S��o�і���t��P�j�@�hx��&#x11;&#x2;4!��ǼN�g��Ӌܱ�\&lt;�&gt;��8zU�w�&#x1;�G�0S{bq&#x10;4&gt;���c�"�&#x14;&#x16;�&#x11;Mƍ�yT_4'R��^�|4���B�&#x1F;˻�W9V�yL�ٽ�Q�&#x1A;&#x16;X��j�-!^u�d&#x8;�{�U�a���y{b�
�|��&#x14;��F���CE���O�vV0�&#x17;��XC����h��&#x12;o�4)&#x1D;JPr����ڙ&#x12;\0SQ��m�V$=�j&#x1E;�mլ&#x1F;�l/�ў�[��&#x1F;���gv�&#x1F;U&gt;�n�S������HA1���O�&#xC;��&#x10;������&gt;��
0�&#x1E;��
2X�&#x13;�u&#x13;{&#x16;f�R%��&#x5;��H/(͍&#x18;�8�&gt;�6�gP�c��P�&#x13;:��n �&#x13;&#x1A;idU���&#xF;V����&#x18;x�(�&#x11;&#xB;�+j���&gt;A~U� ���&#x1;�K&#x7;��W�#�J&#x13;�6&#x5;^S�&lt;��f�&#x14;�Y�D��&#x12;d�v��&#x1E;o�c2��}&#x13;�8yģ&#x13;�&amp;&#x8;�t�:Uڴ���Nv#�\&gt;&#x1A;��Yjc3��D��IQq�@�!��&#x12;�`Y0�\�&#x1E;w����h��`2b&#x8;�5�U�rǯO�&#x6;n�&#x11;*&#x1D;���R�\ Ķn�*&lt;S\�T&#x6;8kU@&#xC;�#�-Zw�q�&#x1C;r%�]KS"$��&#x12;cmM��`��j4œ��0s��j@य��U�
@��j&#x1B;Qhw�&#x14;W&#xC;K�e[X&#x11;]0:�&#xC;a�0�-\0\�&#x1;�&#x7;��ڣll�0&#x4;�K�&#x10;�,�&#x4;7&#x13;e�&#x14;�S��C/&#x15;�[�&#x1A;4n��&#x11;���2����ܓp�¯	&#x8;�V\0�/&#x4;��tM�&#x16;K	�u�t�?�(�P�-�X=W�b1bvT����&#x5;�嫨�sL|&#x1;]���K��Dߖ&#xB;&#x1;L&#x1F;�|���?�&amp;���H����8�����&#x7;�L��&amp;�]�f�Ò�r&#x16;[�꜄&#x1E;�|ZrZ&#x19;O|�S]wN�&#x4;2�eSd�&#x12;�$�F&#xE;��U[&#x8;	�$�wĆ�y�_&#x16;&#x11;��1+�&lt;��&#x1D;��G�&#x1C;�i��Z���&#xF;;�
M&lt;uP뛯O�&gt;c@���i�&#x16;�ǚ�&#x16;�&#x1B;�ͽNl&gt;�^��������V&#xC;f�yi9{��&#x1A;]��&#x2;֓Y[=�M:����o����&#x16;gŞ��J&#xF;&#x18;&#x7;[�&#x11;pr��Wp݂]�d�&#x10;�{���L��ri�bB�&#x17;�A�މ��l&#x18;�N^�@&#x10;Uؠp
s��&#x16;%a�&#xE;'���n&#x1C;��&#xF;��
&#x16;7&#x5;e���Y&#x1;Y=N�@D��&gt;�����1��*ƻ��&#x1F;&#x16;����&#x12;�]�(��(�{�B��e�r�Ʋ4�;d�K���?d�&#x3;��&#xE;Yr�EȒ)7&#xE;��+�dג#�n�#��&#x14;yJr��~�8��pΏ�Q9?�Ay�,ͮ�&#x13;��!	�XP�Ůuc�&#x4;Fo3#��(f&gt;����&amp;9r�7��&#x14;�&#x1;&#x1E;e�X,&#x16;#&#x1C;�t�WZ�
��&#x17;&#xE;����4&#xB;	$��n�-i�Ƴ&#x19;�R��?�&#x3;$&#x12;	K&#x1D;���;��˙���v&#x15;ӛ�l���&#x1E;b��m ԋEG)�� &gt;C-g&#x15;��&lt;&#xF;���&lt;��vZ�&#x13;k&#x1D;��L�އ�d9���&#x1F;Pn&gt;g�\0d"��ZO&#x3;;=&#x19;B�r��K�&#x19;��I�&#x8;溕c]Z�&#x1E;�8sH�&#xF;&#x1C;&#xF;gJ���;��&#x13;�f\0���a�6�&amp;�'&#x2;&#x19;$�&lt;ov�bێ,�&#x1;�,&#x15;��"&#x2;hE&#x8;#&#xF;��.&#x18;��mVH&#x1E;��bWg�H&#x17;�&#xB;�&#x1C;	�w&#x18;t�����&#x2;m�S=Y𲄝[�1*��hu����Ҭh�*&#xB;�d�Y0a˳2&#x1A;��t?@�My��˪�5"���,&#x1D;�u��Ƃ�M/(�O`f�t�Z��A���
��T&#x1F;=mN�uӥ�Hg'����&#x15;�&#x1D;�fV�~Ek��rE�Z|i��&#x1F;E��&#x17;�l&#x1C;E��z��&#xF;&#x6;���a��ci::�M�hɕ1����ԼO2ET&#x1B;d	=-w��N&#x4;�&#x1F;�I�&#x7;�����p�$�/t�BPnG��#�&#x19;���&#x17;�Q���&#x10;�jh'7&gt;�ݻ���%��Z�dt������T&amp;T��!w��D,�p-&#x2;Dgwa`&#xC;icR&#x8;hM*�3��b�$t2��a����	�	���)���
�w*O�a1X���&#x14;ʢ(�[��1gg�L����'/�&#xC;p��Z�,P��ݪ���u@���
�*g��^!��7�%Y�6�2+��?�2�&#xF;��8u�n&#x7;�-O��X&#x10;*Fb?b�ͺ���D���6�D�u&#x1B;�M:*g��&#x1B;�n&#xF;�-�&#x1C;J&#x8;JuX��9+�&#x1C;�J�An�&#x2;o��&#x19;�0��B���-�G�p�%���2xjE&#x16;�W�J�N&#x11;�5�D�#��	0�;FTGM��j�#`8�FR�&#x11;vTR3����J &#x16;�1�ßt$3
�;/b��&#x8;pm\04&#x1A;�&#x4;�"k�2�˜�&#x1E;�A�e6�L�L��&#x15;�&#x18;�0���u�&#x7;H^!��&#x3;d9�H�&#x12;���&lt;h��KN&#x5;�gEA�I L����h�c&#x7;B�9���t��S�4p���Jc5�&#x1A;�&#x1F;�~]�F]�t����Z|�\0k&#x8;X|Rl-&gt;8����[�fZ��d�P`����^���-Ba�������}&#x1A;�,&#x10;M&#xB;�T��F4�Cը�kU&#x16;3�*�9hD�J�\:�&#xF;h:�&#x1C;�'i&#xF;���0���QG�N��g/��[Jz��ļ��l��nw���b�1~wI���'�Z���J��կݕ���?�X��+�
�=I&#x1A;H}"�&#x14;{�cXUY:��٧W����$��_&#x19;�&#x19;\0X��$-&amp;�&#x8;��Ν�*&#x17;&#x14;A!�&amp;P&#x17;y&#x6;�&#x2;���R��~&#x7;L�|�"Á|�������&#x1E;�3ROd�0�&#x1E;/�a�}�9&#x19;�9R�sZt�i�])���i&#x1D;XeǬ&#x19;U�&#xC;��i����~�+%V�w��A����%�sT�]w��j�a&#x16;��֗&#x16;��k���f�G�ۡ'k�`�l�DM��&lt;@ť�\�/x��V%Ar�+Gz&#xC;j�H&#xB;O&#x8;����WB&#x11;�|���!Y��{�-(�w�Շ�&#x10;�L�5�&#x15;SR3z�6;��\�@�,QF�[�+�R�[�nBК�Q�&#xE;Up1'n��=K��e��Ʊ��p�U
���&#xE;&#x1B;Q�;}�(׉O&#x4;&#x1E;Umĭ�'Y�����$&#x1D;���Rǿ&#xF;&lt;��8���&#x12;&gt;�U��&#x18;8|�&#x10;8�ʓk&#x1E;���H���&#x1F;���\0Y�2�?&#x18;�&#xC;Ҋ�K0&#x12;���4Ȼ&#x14;�U�$��т0�H`��Nv0��i�q�&#x6;��&#x5;)aJ5AaKV(U�LV &gt;ۮ&#x1E;u]�|�&#xE;�ׅr&#x17;��&#x1E;%���"�iUI���!�i3&#x19;\0P�L����w�r}�FQ�[�&amp;|�X���EE�&#x1D;&#x3;͒�%�&gt;��&#x17;�&#x5;ZilN�u���&#x16;[�T]��d�գ�Wt&#x1B;6&#x1E;�u@�NW{�p�&amp;�fj;�����&#x19;�~�W_y��:��ϧ|�)=q�#��לz�9+I�/��gI�^��q�	�8\\0ڼx�k���,?��x�D�&#x12;�&#x6;&#x6;]08����&#x8;�C��`&#x13;����o���&#x3;j�؛�&#x1F;�R�T
k�8�aA�&#x1E;���|�5ѩ�[g�a�9J"8i&#x1C;���-&#x8;��ŉ&#xB;���׈&lt;&#x8;ׁ姫9Z&gt;nr@&#x14;�;��uil��!�K:"ڔ�
��Az3Ɔ�a1i�&#x2;S?�2L,"�&#x1B;	�Lk&lt;W�VK�{�"tXl&#x6;eg&#x1A;K&#x15;�|�&#x14;�BBE�o��o��1��&#x6;���hB..Z�p_(&#x1B;2�6NI���&#x3;�I&#xC;`;���3-��f*o)ϼ'�ol`���g���&#x8;�?���C�U�&#xC;^nT&#x6;{֟&#x1B;��aT4A��DM��b����g�xe&#x16;����mUQ�&#x4;&#x18;(k�&gt;��vc�2&#x10;&#x1F;/&#x14;�,�&#x1D;����l�7�l�B�Tl�:WV�؎;��5��&amp;]&#x15;j&#x5;&#x1B;H�&#x8;u�t��Ƃ&#x1D;�����Ws_3�t&#x1A;�NR�_�*�}/^x�4&#x1B;l&#x2;&#x8;+�P߳4L+���bxE�&#x3;ED��&#x13;+�3R&#xE;3�:7�g�zz��%QtF�&#x1C;&#x10;��A}5	�,�O&#x1D;&#x1A;ٙ�z�m��f�:���,&#x13;d�l#ߋ��i~&#x3;®&#x12;kٔ׺#N�H@���Egp�H���w�+��&#x16;���&#x14;��9�&#x8;�r��1��~&#x14;͒SqWX_ے��&#x1F;��MsCx՜��!�m�V�I��b}�x60&#x3;�xA=&amp;|9y����5|�&#x1A;첄&#xC;\N��v &#x2;d�&#x10;�&gt;�&#x10;��y&#x11;&#x14;&#x6;&#x15;&#x18;x��4|Ylb�&#x17;&#x8;�'&#x11;h&#x18;�R@&#x14;/Q�xӢ�&#x16;�&#x1;˷Ӻ�~�c��&#xB;O�&#x1C;���&#x1A;��ʸX&#x6;{ӯ&#x11;��3JC��#&#x17;sֆ��j�0&#x5;r�H�W�kdϴ����&#x15;l�V	n[O�$:@&#x3;b2Ƭ��$�&lt;)8&#x1D;1�ɟR�b��K2V&#x10;��,	�"���&#x6;��-2$�TB�C�By��\��|ܝm&gt;��V|̒�n�P���J[�#�qI�&#x13;���h��&#x12;�X�Qw�&#x7;����&#x1A;8g�ɻb����M&#x1E;�y���&#x18;H+{��f!&#x8;j&#x16;�c}�8ʼ��*K7�&#x14;���%��ӫ7~4&#x1B;�Ol��V�&#xF;�S�Xjïm�F�y���N�Y�;��-)�Ҁ�e��*����&#x1E;&#x15;;�#�&#x1E;���&amp;���	&#xF;��[�� 1����S�!&#x5;M�2���&#x19;k��3�Sr�9��o&#xE;�"��.6�r%�g�v�E�q�a�πK&#x3;S&#xB;Ս&gt;&#x3;�B	J&#x15;}F{K8���fz���]s�h矹ܘ�'KM�O�˥&amp;�`&gt;O��g��&amp;m���y`���y«j&#x15;9��*�q��R&#x15;&#x13;5�;/��~T8"�x@��@��޴����f: �&#x1D;	�ϙﺁf,��&#x18;ς&#x5;�1�C�p�e�V��+���e�b�l���f��&#x4;�&#x1;����k/�gԿ�)����&#x13;�ݹ�od턵��\0��&#xB;)N&amp;0���R�N��,P���ԍ:зM~����&#x8;ܞcutުN&#x1D;�M�m�vhw���b��(�8�P�&#xB;i�q��(撬�jb�N&#x10;:�&#x1C;9�:�&#x2;���d�Vg&#xE;y%G�sd�Xm&gt;hα�[���&#x1C;X&#x13;?�9�B"_۝ÒH�&#x16;}G&#x1A;t0&#x1C;��:�����g��'c�'��C-:���;t�&#x5;��N������&amp;�&#x1F;���,bG���&#x18;���B��B&lt;�P&#x15;+&#x15;,�&#xF;�z\0D�� ��&#xB;U�;��&#x4;��&#x1;Q?&#x3;Dͅ�w5�o&#x1E;&#x1;t���T&#x19;���Y&#xB;���&#x1D;ۼ'���91&#x17;�"&#x10;��)ci]�Q�+�&lt;ԃ�R&#x18;*;�~7}5�NL���v ��eB`�&#xC;�˜t&#x17;y�v��N'��9��O�"�oU �V ��&#xE;2���Bi\W~����eĈ4�l+!Jt&#x14;�%��y&#xF;�ü.&#x16;�����&#x4;&#x4;'�"&#xE;u��'�1uæ�&#xE;m�s���P�Ơ�Qc�(����۱�Q�"�F�б`����&#x18;��&#xB;�%v^��&#x11;���BQ�vs_��^N��&#xF;��S|��&#xB;�&#x18;;&lt;��e�&#x5;�g&#x1B;��&#x6;?����;��&#x1B;��,�t�[�+5��=KZ��ko�&#x1E;㻲����}m+�,�2с�
Z"���&#x14;��;�!+7!������J&#xB;�З&gt;�]��
�&#x1F;`w&#xB;[&#x12;��&#x16;�U�𪍠\U�V24�
&#x15;�SI��&#x1D;:&#x13;���&#x16;�KZ��Ǿ��I:�M*�]�1��8I�zy|tVt��������M��E�;z�4o��B&#x17;"k��]A���
�m�	�Y�&#x7;�݁Ь
Y�7b���3)&#x1;&#x17;T,&#xF;������J�X&#x12;�*�S��&#x11;[Jq&#x16;��
&#x2;m��#d�{�c&#x19;���_ʛ1&#xC;�ə��l"���&#xE;����l�|�þ&#x7;&#xF;�e�&#xC;�&#x1A;i�P$L��U,�ŭ�.Ǫ�&#x8;�Ŗib��z��&#x16;�o�&#x1F;����\0��&#x13;W��%������*.���&#x18;Heєl��W��M�b��w�w��XBh���;&#x11;&#x5;:`��GU&#x13;&#x10;�»��e��|x\�S��i&amp;m\0�y�z��m"��&#xB;������&#x19;��h�@�����յ�^��Mr�~U�����&#xE;a&#x11;F�1λl����;���lv�G�&#xF;#�(��]m�&gt;ʯF}|�Q��$S&#x13;'Z{&#x6;3&#x16;&#xB;&#x10;7rzCQ��e�
�+��vU&#xF;��~�c���ʳ����z��P��~Q�Y���^C&#x1F;�:��Ig�{5I*��ܗ&#x1A;Y�&#x8;x�/��&#x10;E/�&#xB;&#xC;Q�&#x2;�z��0��N?�?��Wϥ��SI�d�^&#xB;��|Z�ϟUC�_��Ye�&amp;�&#x1D;gw&#x5;�U&#xE;%��4Dö&amp;�%�2&lt;��\�։P�&#x15;�mM&#xE;S�&#x11;R�v���
h�&#x1F;e0�zg�&lt;=�ʐU&#x11;~&#x1D;&#x1D;�XmN&amp;^H�+A�e;)�ә��5�͍~�ФقI4��t7�ÓZ�`��k�y���ֻ	=b�8&#x14;�&#x17;��K��%�1	&#x7;)��&#x15;ړ�����Z��6 �&#x14;ˣӲ%�Z&#x12;&#x10;�&#x14;��%�����v��&#xF;��|b&#x8;f��hd&#x19;�X��\�{�%��-UAS2�Y� ���&#xC;�X&#x1E;&#xF;���d�W����e�&#xF;t�������&#x10;�,�g&#x1D;&#x6;+������m�Ȗ��ю��'Jއ�~�&#x14;&#x14;2�Ag��Ջ�&#x1D;&#x1F;&#x3;����@n�N54�&#x8;&#x18;&#x1D;�Ϸﳖ&#x19;:&#x17;!�T�Q&#xC;J���[b&#x11;�&#x2;��ө.ۘd-&#x13;&#x12;q#Ae�D�f&#x1C;X�xg���&#x19;�#R[J=��ub#��-`
w[��xTΈ.�b#��kT&#x17;����z�'&#x1A;-X��?X��5&#x14;&lt;�cz&#x2;F���3� i͏&#xB;��&#xB;���&#x1A;�}��&#x1;��&#x1A;�&#x1;��x.�����_8ܶC�5�$͍ᆬ��O^[?����+g=��8{e��+��nf[��&#x6;�|O	&#x3;N"�V̭L�2��2�w&#x3;�\��&#x16;;ĭ&#x5;R��S����z&#x7;z&#x1B;���ޢZ��&gt;��DD&#x5;
&#x1D;���	q���W춿�7iȵ���£,��xd𱇠SR��I���&#x6;�^��~�k4��&#x1A;��4�
k
��n��.}nP����7�Dg4���&#x8;&#x5;�؞Cm�&#x19;鿪ʧ�i[�6�.�E� &#xE;�B�_C#%\��u[O���]R��&#xF;o����~�R�(ꁫK�+�bT&#x6;s��䦢��&amp;Rcut;%&#x1D;�S��9Q&#x12;}
:4'&#x1A;�&#x5;��y�&#x1D;�\�#�@cj&#x1F;���f�&#xB;&#x16;f�A�S�p#��&#x1A;�[;�&#xC;G�[C��Њ���C��ղ�I5P/�f�.&#x1B;���`��xr�No�a�*�sҧ�D�ja0M3&#x1A;;��:�Ŝ��5&#x17;&#x11;/A�&#x1B;�M���n:輂w&#x16;��V9�60)E�&amp;�x�D�^&#x1B;܀��&#x7;&#x15;3ס�=T0X3p�&#x1A;&#x16;¥�۹s��MT��m/Ŧ��34.�k�&#xF;�K%��:&#x1A;C�ύ�\%���P�Ck(��&#x18;K����X����c���&#x17;�Ro �l y��GӜ&gt;|4A�,�.���&#x11;��$i�@Z��s�k�o��&#xB;O(x�rM�y�&lt;%�:a�H9�2�&#x14;�z���FwVI�O�+�����r�6N\0=����^�w&#x1D;&#x1E;&#x16;H����&#x18;I�&#x19;O��T&#x19;&amp;�\��Џ�~'��0��&#xF;��~/"��_O���Śa����&gt;A&#xF;��F`&#x12;�&#x10;��&gt;)-or&#xF;��&#x13;&#x1F;��OOH3���&gt;�4&#x13;�o�?&#x7;ϛ&#x1;	����t&#xF;P&#x11;Bgݖ73�����f�x�e*�:�&#xC;�{���{V�ϟT�̜�T�L�HH X�&#x1D;mfQ&#xE;r�4&#x18;���\���[�LP �5��&#x2;&#x14;Ȟ��7&gt;�6���*�+���R���&#x1E;��"J�&#x1E;��#H�o�&#xB;�X&#xC;�2��c3حL�&#x6;�m��Ds&lt;�����h�.#�&#x17;dU�ܤ̺�&#xC;(&#x17;��ΥlR�$j6�&#x1A;��&#x16;]��&#x3;MYx�\0&#xC;��/���}=;ϱږN�z�$���;�&#x6;:��t�ju�E��&#x11;S�&#x4;*�A��	I�L�Vg�e�&#x10;���P�&#xB;:մ�&#xC;-y�"�d&#x1F;ښ�ZV\��&#x1D;l��A���p�y$M�Zҋ�\�㺊�������&#x4;ꕯ��ۣ:�-&#x1C;C�=�~&#x13;&#x8;�X��S&#x1F;3��?D��&#x18;&#x11;(�����
�O�
ć
��oFT&#x18;.3H�+�v+�z&#x15;9��s�|���z�1&gt;Ǝ���8���%��U2
��WV�*/'��T&#x2;&#xB;�j̩&#x18;�&#x11;"�&#xF;A����
v{��&#x3;�"� ��r��"�؂&#x19;�d�]��`�]Z&#x4;���8�t�&#x3;��'��&#x17;�&gt;&#x8;c����&#xC;�g&#x3;�K�b;#��Pž��&#x2;��%���P�4e�5�5K�|�߇&#x18;F&#x1A;�&#x17;�a�|E��w"�&#x19;��	İ^��ߓ&#x18;Vw�{�&#x13;s}�u�&#x19;bX8���&#x1B;&#x12;�&amp;�g|&#x2;1L%&#x7;b&#x18;��&#x16;C����a��i!�]&#x1D;���&#x18;�o�&#x12;1�6k׉&#x15;!/��&lt;��k&#x12;L��&#x16;�t����B�������,�u�&#x16;�?���!#��:�fK&#x1;�H�_G
ی�&#xF;'��&#x1E;K��ä�?x�&#x1E;	�*hm�F1&#x1B;���9Zb��*&#x1F;^���xg:,�:����F/^���(����~�RwJ�\���ZW4&#x1C;�����X;#�{&#x6;s� ~��}����&#x18;�&gt;��R&#x1F;֫k�&#x2;*��i�z�	ٖy���s`�K�5�k&#x1B;+9���.Gi?��b��$�&#x1E;,@����&#x1F;�(Uׇ&#x12;����:�VV�&#x16;1�Vx���Bq�[&#x2;&#xB;.M�c�T�[��j&#x1A;&#xB;��|\cAM�,C��J�
x��j8�;1�&#xE;�$r�.��fV?���xQS���#&#x1;)oL��&#x16;	h��R�&#x16;a���'3D� &#x1D;�-�]-84&#x6;�p}���[��%&#xC;���&#x1;���{&#xC; #\01�'6�G�&#x1F;���5?���^����AX�N������&#xB;���&#x1E;&#x1;D5;&#x7;]N"&#x8;�&#x10;�Q��X�U\0\0&#x7;&amp;O�b&#x16;hg*�&#x15;�f΂�8&#x10;l�)�D&#xC;��ds�@{�#A!H&#xF;��+��s�&#x11;�x�拸��Y�jO��$���{L�&#x12;���zV��&#x15;��L�&#x8;~q�O׻&#x12;QR���1�I�	K���&#x18; �&#xC;k}���&#x6;�/�z�m�?^E\˗��~�&#x1F;G����R`!΅&#x5;��R��ܠ[vo�A�x�!c�&#x18;��?&#x15;�����g5C��f&#x4;-�&#x1;W&#x6;�v�p��A&#x1D;b�	/r&#x10;�pk���v�A*N�K�&gt;_���ߗq��؏��e&#x19;#�k
��q4�#a	�AD�׿&amp;�=��0���&#x18;��P��n������4��za�{��
�&#x17;3C&#x3;��fD4Ȑ�Q�1&#x2;�n&#xE;f�m�~^�3�ܼ:&#x1;�W�;��I&#x10;o��Ņ�a
���{�ނ�Z�8T��~�q��j3��u�i����Æ)��&#x4;�?ˈĩ\0��!o=�7�p�N;��&gt;
��5{�N&#x1D;��A���́�ٞ���re&#xE;*FW�ԛ�h&#x1A;��ǩ��MÆ&#x2;����&#x7;k��y0���J�[�&#xC;�sv�jD�Ƨ��{*��q�&#x1;����s��\0��&#x15;��G�}��d�&#x6;&#xB;�s���ޘ���?�_&#x1B;�2&#x8;��&#x15;-�������礏L1�W5V�u&#xB;&#x18;�&#x2;��wv�&#xB;����&#x1A;��m�&#x14;&#x1C;���3S?�$&#xB;��塠��LO�jtֵz��:��{���1��&#x19;����e�j�3Y�ہ&#x14;�+&lt;\0TD�&#xF;��c&#x1C;a&#x6;��|&#x8;;��k�A,��&lt;tP�Y��Իb����&#x16;��m���E	&#xC;�!"&#x1D;v&#x4;�&#xF;�w)3��U6�&#xC;��9&#x1F;�&#x14;^i�Jl�VƩmש��I&lt;4EB&#x17;s��&#xE;�&#x19;�9Y�~�&amp;�ٮ��MK��ϻi��z7M��޴	;&#x18;rǳtg�&#x6;0����ble�۔��lD���Z&#x14;��E?���N���#;{�[l�k���~N���=}���+6�iXo���~@;�7&#x1;��&gt;�&#x5;&#xF;���1iK{x;�W
��&#x3;̔i,ܾ&#xB;��V�����!�Z&#xF;��7&#xE;&#x16;Б��"���"��j&#x14;��P�&#x5;#f�&#x2;���Q�$	����R��&#x7;��&#x4;��/�~_�L�4�7��د8�S��k��t$W�榴^M~�&#xB;���æ��֬��D��D�t�,Y&#x15;�\x�&#x1E;��a�f�+�8HcD-�.&amp;�?��bȖ&#x11;�3��в�5F�;p��X&#x18;a&#x18;�e;uC�j&#x1A;�&#x1F;�H&#x11;�&#x19;H� �`�P��&#x16;��Q�q6x�&amp;��5`�W��6^x�_J˪B���5+�i���f�o&#xC;m{\0�OQ\0X�k+R4g�S�`�2̍H��&#x18;�U��׺|7����5Làa;��8U�:cɪ�Q�0~�&#x1B;�$n�N-��ގ�/?9&#x18;9��&#x15;oͲ&#x6;왽��0)&#x19;���&#x1A;�T�"��M�&#x19;���KW&#x4;�f�J�&#x18;�����s�&#x13;�&#x13;&#x13;Vέ���	�&#x12;�N�R�7�@ �&#x4;��)|�?�&#xE;�т�A�".�{t��m���o�&amp;����_����M�?���L�)�ͦ��&#x7;8&#x14;c)6�2&#x5;�&#x11;Qۤ,_�a�&lt;&#xF;)IS�C�hP��;�pg&#xB;&#xC;�I�yQ��=Pw;2u�'��c�T&#x1;&amp;ܐt&#x1A;Ƭ?��J��Dq��C���۹Ҝl�e�=�1&#x17;��=��Q�b֩����Y��wL�2�&#x7;�&#xC;jmFL��v��2��ð��S���32l'bg&#x1D;��y&#x1E;���I&#x19;�NJ1)��&#x3;�&#x18;�q��x�gX�&#x13;�p#����J��̄&gt;~"�&#x1A;�&#xE;t&#x4;�Y���R��#&#xF;&#x12;�&#x18;&#x1E;u&gt;���.I�P0
(ȗX*"�C�;jh����M��~�&#x8;���ȡ�IH���B������*�u���'���c[{r-���&#x4;�.&#x18;�;��8=&#x11;,&#x6;
&#x1D;ݲ� &#x16;�L�[&#x13;&#x18;]w
v��mM�mO�����ΏT�h�	��$G&#x8;
�&#x1B;�Zo䮞�o��|���b�à�r*m��$�l�)&#x2;�3��&#x14;덑!ȞRPC0�&#xC;��&#x3;�Wīk�&#xB;֏lu&#x1A;��A�&#x1D;h^A{���l)w���&#xE;��,�Ғ&#x1C;@��hl��&#x1F;�&#xC;P�&#x18;�RC�r�&#x1F;�)�-��V	�^��'���&#x1E;��tAϲ�k�&#x15;Ϫ�����&#x3;��(�AV~&#xE;G��{�����ږ�����Yy/���]�W��&#x5;&#x6;���J	r�i&#x8;����9$劻Ikܥ�&#xF;�̗f8�M�hZ~I��-w:S��T=&#x1;�}r�}���b��h���&#x1E;�&#x2;&#x1B;&#x1D;�YjoR���wZY�T��l��4����7y�m�'&#x17;n��&#x8;r���&gt;�eZ&#xF;Xj�^=&#x1C;-���R�d�4&#x18;���;&#x13;\0�턴���d�S��F��&#x10;���w��n��m,z&#x14;��pZ\0=H��&gt;��|�&#xC;{9?���j&#x1;�.��j4�&#x14;{�QWc2�&amp;[�|����(U�[_C�M�{�,-�c	�(&#x1;�.�&#x11;F�
ל&#x13;��&#x3;x(
]���&#x1F;��&gt;G�!�&gt;&#x7;w��&gt;�uY��yF&#x1A;X&#x5;&#x18;��&#x1C;�pv��a&lt;;�o�J8{h�+&amp;�9�*�88������B�~M۳��c{�&#x18;)��]P�i&#x1B;���&#xC;��4+�$&#x13;(`�c׳N�&lt;kБ�ijy�;&#x3;�Ԥ�8?C�ȲK_��5��r�IGl1&#x1F;k	&#x1A;��i�Ig)s~	"��&#x19;ga��e]�y&#x1D;�b�R�o~�TF�vbQx�&#x10;���O&#x1B;��8b��U��q޳��&gt;^RC���S�Md��R,���Uֺ�����z,�M#�b���&#x12;&#x3;�Z�l&#x1;��o����j��m��Q�&gt;�:&#x1B;&#x1F;�AH\m���7U��&#x1C;�Ɉ&#x5;U&#x12;�b&#x12;N�{4ť�5&amp;&#x1B;t��m����&#x1A;S�+�&#x1C;�&#x1C;�Vל&#x17;�[��n[vM�H�0/j�,K���� �_cB��Ͽ����b�)#򦀑,5AB�&#x11;�Tj|�&#xC;�����&#xB;Q��d�*�7���&#x4;���]��&#xF;Q�b&#x15;R,5{Tl�&#x8;%S�y��P|&#x1A;�=!&#x3;!�v����&lt;&#xE;JM&#x1;eq$&amp;#�@�e��;�w7�zvT_&#x7;*&#x1E;Z\0ޡ�bT��#Ş�����C�\0q�&#x11;)%y[���&gt;ka%&#x1E;���v^����ྦ8ob�&#xE;�p&#x12;�&#x1A;&gt;�p#��y�F�&#x19;&#x12;b.�ZT&#x1B;֔ȴ&#x1;��&#x12;qH&#x1B;&#x13;K���Y:&#x8;߻�K[���*������_&#x14;!{�����&#x11;&#x19;�t�&lt;�&#x14;���$qsgݖ�4��&#x7;Y}&#x15;j�0�L�(:&#x1B;}���o�v��w�&#x1E;�&#xB;ڎ#ﭾ�&#xF;qw�G�@�4�G�&amp;H�&#x8;�&#xB;UM���S��,^��ᚄ�&#x19;ʟa��Ŭ&#x1E;�D�CM&#x13;&amp;���}B�&lt;�p&#x6;)���R���$&#x16;�N��8Y&#xB;5&#x18;�$�:eK�&#x1D;4&amp;^*�Z��I����k��&#xC;.L�Q�&lt;�h�9�y]۵-&#x15;�)&#x1B;�qk�"z֝)&#x15;���\�Ȧ8��&#xE;?[S����e]J�6�C�-yZs�af�������sU��=)�:�����p��&#x1F;vY��ů�v�P��&#x11;�]J���.���ܼܳmi���xPڅ��ziסA8J5ΥA��w(���ʻ�~��.Bs?��� �dC��k�W&#x1F;��&#x1E;w6������������?����&#x1;PK&#x7;&#x8;�&#x19;�Қ&#x1;\0&#x12;Y&#xB;\0PK&#x3;&#x4;&#x14;\0&#x8;\0&#x8;\0@vE?\0\0\0\0\0\0\0\0\0\0\0\0&#x12;\0\0\0Resources/_D1.dict�]K��8r&gt;[��C�&#x12;&#x8;� ����ް&#xF;�u8����X�Nxf�1�����."�|&#x16;\0�UՒ.R���E⑏/�L��ۏ�~����?����������򏧿���Ͽ~�������?|�������w�����_&gt;���~;��&#xF;�ۯ&#x1F;�1�&#x7;���&#x1F;������&#x17;����o=�����ӻw���~��}������G�ÿ��7�5����&#x1F;���&#x1F;?~��?&gt;��_&#x1F;��������y2�����dΕ��&#x1B;zѻ�Su�O�?(�s&#x8;(��:~ԅ^n�s�&#x7;O�|�/���\���&#x1C;���&gt;&#xE;�X����\G�P��&gt;��.7{����{.��&#xB;����/�A7&#x1;&#x11;��&#x17;�[&#xF;O&#x11;_�:[�&#x1;��&#x7;���/����
_Ɯ;&#xF;�+�c��~����s&#x13;�������8]�����&#x17;Q�&#x1F;�"��~&#xC;��������d&#x3;I�w��C)&#x4;x��E}���8d2��|�aq!T)&#xB;���頻�1|�b�����ܿ�ө9w�/&#x2;&#xC;?\t�7U&#x17;籪�a;U�l�&#x7;��p�#I�]\h&#x15;�.\�~����F~������B.&#x17;����7�W�&#x1F;&#x18;��^�����ݣ�J_&#x1D;��&#x11;�s&#x15;/u�&#x7;�u�Od.��&#xC;�ُI�T/&#x17;�&#x6;&#xB;�&amp;.Q�]�&#x10;N�;[�&#x17;�&#x15;��&#x10;&#x10;_&#x1;��4�mE&#x12;?{�\0��q_�&#xB;&#x3;���޵�a�&#x14;�y&gt;�&#x18;ĥ&#x1D;&#x17;~/�g�98+��������F�[$n�~�«ĭܞ�&#x3;	�&#x10;D+�)&#xE;��	��e�{�&#x14;&#x18;�F���|1��^'�+�4�&#x17;���&#x13;�r��4��!&gt;0�i�o&#x5;|�˾��/���|�Gpx&#x11;��"��L/�ĳ�H�`g�����^ ��?\0Z2&gt;�e&#xC;D���ؠ�B�&#x6;z&#x18;Ǥ&#x5;M|���A-lL��1�v&#x1C;���|Thx1�&#xC;&#x12;_x|M�&#x15;&#x1C;������˗]F�&#x1F;C���6�MԿ�'����d���\�)Ag�����X�&#x1D;���H��&#x17;0&#x1;���	�d&#x6;&#x1C;��&lt;řn��A�r�R�&amp;~�iU�Du&#x12;Dϐf��)R��;Q3�e�V�h.FQ�OP!�I5�tm�&#x1B;����%*&#x18;&#x1F;&#x1F;P�&#x1E;�5��o\ }&#x13;@��+�3�\0j���l\���M&#x10;��2�s-)�^|�m��/�[�g&amp;�����׆?oЎG��pG��k`&#x16;k���ra����]g������P��ub�nG=	&#x17;���E��OHv�&#xC;�e��&#x1C;�$�&#x19;�{��&#xF;E���&#x1F;�'Y��&amp;}w&#x19;�]&amp;:1$��ūz�\0&#xB;�̿��[K��s!S!3᜚
&#x1A;��8��iXy]����!�¨�@&#x13;F�&#xF;��&#x18;�L&#x1A;-:Hq��w#w	&#x14;,�֑&#x1C;M�+^�&#x11;\0)&#xE;A#���� � �&#xE;X��G��ʣȪ&#x3;�&#x1A;�a&#x1D;ZB�^�G�6�&#x1C;�&#x1C;L6�&#x6;�=��z���&gt;�L&#x1E;�&#xC;�Iy��f�'�����MHro�H&#xE;#&#x11;=x�	���iH�օ\1Gq&#x5;�m�~.N:GQ�/�ڗ��Ί&#x15;��&#x12;ʘ r�En�3u\��5z1ѹ\0�s���&#x19;�e\��(�M��F� ?7�WQ0&#x2;7��&#x14;���&#x1F;���ڑ�51&#x7;�5�ᰠR�&#x11;�~*ă���&#x12;{7��&#x12;&#x1B;&#x1D;*��8r&#x12;�&#x1C;�h��Sx\0��z���&#x17;2V&#x1F;x��&#x11;W��A�OQ)?��&#x10;-J|&#x17;����Hz&#x5;ك&#x1B;\0b��ilhM�F~Eo;�&amp;F��&gt;6&#x15;-F�ƑiG�b�@�u��&#x1C;�
6&#x10;&#x7;�VG�{�e�j�T{]	�w�&#x1B;�r���W/�=��6��o�^�&#x7;\0&#x1C;�j�-jE�&#x1F;q&lt;@t�?�)�&#x17;̯w���е��֋�&#x11;���B������&#x1D;&#xB;O2&gt;��H&#xB;�C���ݯ&#x14;PBqNA��TSTX&#x1C;&lt;�s��&#x5;i�u�!	p¹�!���~����o�@�,+&#xB;���ʊ�-le�&#x16;���dd`���:Y|zQVvּ&#xE;|өy���R�-	&#x1F;Z���ԧ�ubk�&#x1A;�&#x4;&#x3;��}m���81�v���r\0(�\0%\0"&#x19;&#x16;���_�\0`'/�ᢳn~&#x1;J@�6&#x16;��,��؝����&#xE;6I|��W^d6���h�\0&#x13;#wCD熮Gm��w�]��&#x1C;�&#x13;��q&#x15;�&#x1D;�&#x1F;�&#x13;9�&#x1D;&#xF;/�F˃M��ȃ�,�&#x1A;"�c��&#x1D;����&#x1;	ݎ��D%&#x3;����l��&#x11;��ٛL^�2{K�c��%x����?}�f/	�R�&#x15;$�2«�&#x12;]ͅVV�Vn&#x18;d�DVn&gt;����*e��Q���_��~&#x11;Y���8� ��&amp;S�1&#x5;����#L�&#xE;�&#x5;&#x18;�8&lt;�:��6�Q�G�&#x1D;ӛh&#x3;A�&#xF;&#x4;G6&amp;�Y1X�l):��
���(&#x8;��lWʰ�D&#x16;�&lt;�&#xB;�Vw��&#xC;�ؠa3p�WX���"�&#x1E;&#x17;�3�	&#xE;���&#x5;q���&#x7;��t|]�&#x1;Ʊg{�c��&#x4;ґ4xK&#x1A;C�H�a&#x7;�ar&gt;��&amp;Ý1QԿ09-�rf:/�&#x18;vrx&lt;�t&#xE;}�Ze��rƱ��7z&#x5;��&#x3;���A��&#x5;�b�M&lt;&#x11;	&#x10;�T&#x1E;����FF^��NC�̚�ɸ�H�;%w&#x1C;:E&#xF;����&#x1E;�W�$=�`&#x16;��\0�F�&#x17;[�Ҝ�[��&#x1C;&#x10;��X�&lt;iabdyصe+&#x18;��&#xE;�_���L��V��lp����_[Ym�՝%�\�];�޵&#xB;�];v�Ic"s%�	&#x5;%��ZCr�\k�۴��O��֑�&#x1C;�&#x4;o�̪é�x��㬮�t8/&amp;�9�$�8_Ľ&#x1A;/(�G�)R�����F�{SP%7��`om"����d�M�&#x15;��pz�&#x19;I�F&#x1B;A��:VM),޳��&#x14;�&#xB;��/�fc&#x4;EY�Ⱦ�&#x7;P�^�*:s�&#xC;&#x7;Em��\08s�s��NN1L&#x1C;{&#x11;���%%�&#x14;_~�9�No2�NF�	�"-�u\0�Y��(n%���)�u&#x4;���*�K��8,�V�Q:{�A�pp�=Z&#x10;�D&#x6;,&#x12;_\0&#x5;&#xC;*&#x8;��9�+Vҽ�|�&#xB;�'y�gQdç@U�Kh\0j��&#x15;�;&#x3;��&#xF;�&#x14;^芈�Ʊ&#x7;��yQq��(r���LT*�+�g�&#xC;�&lt;�:��	�J��g�r&#x1C;*S��ň֕r&#x1;���zz��7NH�&#x13;á'&#x1;��&#x12;i
&#x8;T��&#x2;�&#x1A;EX�&#x1;7? ��$��&#x1A;�&amp;�&#x5;��Z�E�l��&#x18;�&#x13;�&#xE;��=c٩��n/&#x1E;&#x18;������IA���Na&#x1E;\��3&#x16;)�pB^$�p&#xE;���&#x2;���i��|X�t��&#x1D;?|M�&#x8;v�&#x1C;E{'��V&#x4;0�fS&#xC;&#x15;Ԁ��ŵiOB��,�����&#x15;&#xC;y7�K��&#x6;׆�&#x1A;�a�bbl+��غ&#x14;[�߳��r�(�8���m$&#x3;&#x10;ș�&#x13;�حZBq�&#x19;�&#x1F;wc��	&#x1;L&#x4;��g	���Y&#x14;~TQ�����`��=����{&#x5;&#x19;�	&#x10;��Wl��y&#x1A;l[�&#xC;U&#x1A;�g:�=N'e�gd�9�VTL*cJ&#xE;&#x1;�@!&#x1D;��@�a�&#x1D;&#x17;&#x8;(;&#x14;�&#x1B;��@��&#x2;$�v'�f�&#x8;�(D�-�%*e&#x2;;\0r#&#x15;�&#x6;�t��%��&gt;�RaܶW*&#x15;*eG&#x1C;�A�p6�T�,���6pT!y&gt;
�xsF�YಒL&#x7;a�&#x1D;i��&#x15;�����n��&#x19;��w7�-�QG9)�1	!�3�i���!̐����p�F�����|�vv�vl���C��H��.Ǩ�q��0*4�%0&#x15;�&#x1A;&#x13;V�&#x12;�g&#x15;�&#x1A;.��&gt; be&#x1D;/+;t&amp;n�Y�e�U�&#x18;�U�jH�&#x1C;&#x1A;&#x13;&#x1B;�3&amp;[1+&#x1B;Ē8Ǧ��;�0z�nLj;&#x12;����T&#x1A;��&#xF;&#x12;c�,&#x15;�&gt;&#x11;��󧅣;�]�s3��Ѯֳ(�s��QY.z}�rc��&#x16;�&#x1A;Z�4��sR�K4&#xB;�h��aK�0�Ċ��2&amp;dLe/HO�4Q7\C�:�������'��$�+��9��q�������u|\0#�B���J���X���s�1Ƃݸ7&#x1B;(&#x14;wDݡ����s̛&#x13;}^�U}nƺ�iUnWu9e�}X��]��W�0s�UKXvE �&#x14;�&#xE;�kP�0.]P�+&#x8;� �%d&#x19;\0m���\0m,�#��l�LD��\���du"�k��651@��M�!@��Y͋��&#x1C;����rI�����&#x6;~S�&#x1;�&#x13;��&#x14;��A�&lt;�����"��&#xC;@Wk�@�����.&#x5;s�~&#x19;�Z�����`�X�b�
+D&#x1D;&#x2;�"�UY�-D�f��,�&#x5;&#xE;���m��&#x8;uy�ԆX&#x17;�5PX��N:
AV�I&#x12;ԕ��M���&#x17;6w`�'�ͤl�&#x1C;R���dmY\�'u�� ���NQ&#x1E;��3D�ջ��L\0%�j�&#x2;�#'��&#x18;�&#x7;�ӷ�ҳ�&#xF;�^�75d.�!k7Y2&#x1F;�,&#x19;�i�&lt;Mٴv��&#xB;3�Y���&#xC;C�hK�!�ϊM�d�T�@b�=먇Q�=ks�ˬ)L&#x6;��Wϖ&#x10;t&#x19;Q�J&#x10;&#x15;~&#xE;�i��LϐL9�̀���&lt;�&#x10;sc�+&#x18;�R�)&#x19;ȥ$�憗��W�N1{J+{��o����Eg�T�T�&#x19;&#x14;*WF�*�H��i�GJ��/�#u�&#x4;�&#x14;�o��]M���~S��p��1tp&#xE;�w�&#x16;ލ
��c��B&#x1B;��&#xC;-�oe���q�&#x1;�0���תѵjp���u�Ckyl�&#x1E;\�F��nx�&#x1;�i�蕚�2��&lt;TF�d�ǲ)�a,��GKJ�a�%�FT��&#xC;&#xE;�&#x7;���y�l&#x3;L&#x1D;4r7p X폺�&#x15;&#x4;��\0I&#x10;&#x15;�1#r�&#x2;o�T�&#x16;�f�\J^�C�������N�ǰ�w3u+�ꧣ$HL7���g&#x17;Tu���&#x17;^H��j(�&#x4;�w�b_k\��c(m_&#x7;���s--�(��˥&#x15;+�z��"���`q[g&#x4;&#x5;MjT/A&lt;��r&gt;&#x13;C���TIt&#x15;��r�&#x4;�����&#xC;�&#x5;c��D��F�ބ
I��	R��&#x13;&#x17;&#x15;�&#xB;�bd&#x18;�Zt^&#x4;�H&#xC;��a��BT�{�i&#x10;K�;G@�1w�d��A�j��Ы����&#x5;���&#x8;[�^�@��v�&#x1E;&amp;��&#x3;&#x4;x��&#x13;�K�a�!R&#x1E;E
���@^͕�s&#xC;��nc&#x8;��&#x1;�&#x5;
��&#x14;&#x12;�D&#x10;�&#x6;
ҕ�Z���t�)P�[&lt;�r���j���{�[M:U&#x3;&#x1;&#xE;���0�f�&#x5;��L&#x3;~f��=��f�$&#x10;ظ���&#x1C;&#x5;t�¹]&#x2;�u�9aX�&amp;�@&#xC;љ�of屈�!���&#x6;���&#x8;u�Nd'&#x10;ԉ�A&#x7;ۘ�OE^bŜ���&gt;wT�a8)0m�&#x3;{�\03"v�U��E&#x16;g�E�&#xC;�9��S�&#x12;��A�VG�6�T��Y�F�5^�&#xE;�&gt;�E��7ʰ���X�Ď_��&#x6;��o&#x1D;4촊+�D��TO��Oʘ4���:�6��ѱ�I�:&#xC;�M&#x17;�&gt;\0����:!	�&#x11;Ap b��&#x1;�Yy�m*Jaj�&#x3;M:�.R��&#x8;B&#x8;��&#xC;H�&#x6;R���V\�&#x1;�Y���&#x13;i���a���d��'sv�&lt;�*�@s�̐&#x18;L߮s�^���s+?�G/X�ͳVX�uK\0��&#x10;A�7	\0498˦d�$��̵V�&#x1C;N���;f���RD��wpp И"�&#x15;�|��a	�&#xF;T&#x3;��Cİ�hEd��&#x14;�&#x18;��hu��&#x14;�}��Xԅ�	����X鎶a8�t�ى�&#x2;r%�&#x11;[m$],sFRm�s0t�^�s[��BAer#�k��u�� ��&#x11;&#x1;�g"7&#x13;&#x4;��X�Od�&#x1F;�&#xE;���+���?�&#x13;�Bw��i�0g$kǂ*o��i�VMz��&#x1E;_��&#x1F;�&#xE;hëF�Ƈ�L�����&amp;�Q~&#x7;�-9ܙ��gѱd�8�Y�&#x8;J����Q}&#xE;Dh�*&#x17;/��D%qޏ�E%2��U�&#x19;P����/&#x19;re`�	b�ۧ���b�ha�w%�L�J�VI&gt;&#x4;ꭴH�T�&#x15;_q��� &#x12;�&#x5;O��w�D|tꛒ��զ���&#x11;\0o(\0�v���f
Ƹ\0x����z�&#x18;��pA&#x1;pbјsy&#x5;�&gt;�=&#x2;�&#x1F;��П�ʝ%U�]�/S&amp;�r��r��&#xB;��&#x1D;�]�1ছ�+����&amp;3@���&#xE;���5�c�׭x�Bc�Z�&#x6;E&#x15;��~i�?c�Ͽ�&lt;H��&#x5;�%��?њ�&#x13;�{ퟤM.�&#x11;���e?�XT�tu*lGC&#x2;&#x1C;&#x1E;K�=0�U\\08bq&#x1;#m���iQ�/&#x1C;GKN��&#xB;��D\0r&#x1C;�ե�s8�M9�wt3�3	�nf:s�&#x1;�2�V"�t�B_&amp;I���e�|��j_&amp;�&#x14;�&#x1E;�&#x19;��&#x1E;����&#x6;M�&#x1C;wz��!��C&#x1;���C&#xE;b�&gt;N�&#x10;�ŗw�&#x1C;l&#x4;&#x1D;����&lt;.����V�c3��@ظM���*{E&#x7;�M+�&#x19;,֧"��&#x1B;Я*Q\.���Y��&#x17;&#x5;�+�=��&#x13;�&#x1A;��&#x15;vd��i&#x18;3&#x1E;d�a�&#x18;��,��M&amp;&#x14;���&#xF;�M��a�R���&#x13;�1&gt;f�D̃��{��I_�5U�&lt;���(���SG&#x17;��A]G&#x1F;k�!�&#x8;�mw{&#x10;Q�;էw+�&#x19;��&#x1A;&gt;��&#x18;�1u���Z';�w�P'{Ņns8[�}��:�=�&amp;&#x1F;�[I&#x1B;=�&gt;j����9��&#x16;���T�\����|��;!t�Yw��ju�l��:�i����m��j��!�9�6�q�i[�P�w��|9}&#x7;R�0�U����j��Z-�lmyI&amp;'y�����,�lӁ�/�1��&amp;��&#x1A;���!&#xE;���6�5&#xF;X.�&#x15;���6j&#xF;K��4�ˀ�2d��&#x3;��:���aFr�&#x1E;?�\l&#x10;�&lt;��&#x1B;&lt;&#x10;&#xF;����drI�$�"�&#x5;(,"�eL�!�&#xB;ȭ&#x15;��%�&#xB;�$�:(�\&#x17;u���d�W}1�u&#x19;���xHnW&#x5;��&#x1B;;໌\0�IЀ*�Ä&#x4;�&#x17;r� &#x15;��Ģ�N\0&#xC;%��[�	�&#x3;{�r;�.&#x13;,�&#x19;/;W��	fyW�e���2�;Un/�uN$&#x1F;_����	阓�&#x17;&#x10;�&#x16;�&#x5;�&#x7;�&#x16;&#x10;�+�v�&#x1A;��ZQՐ.&#x19;���ӛ(&#x19;R&#x17;�Ӗ��ܣ�e��|�g�&#x1D;\K/i	9&#x7;�/�Q'�_ùR�&#x1E;1��룇����B���F�|�Hu��f&#x12;���&#x3;qH��N�T�&#x17;��{Lv��RC�&#x13;��a������6-�j���&#x8;���=�&#xB;��N���[���"9�螈���^&#x1C;Z�&#x1B;��iY����!󏺨&#x1;�/,�:���?3���0�18�!&#x6;�;NLC&#xF;&#x6;b܅ bi9M��&#xC;�&#x5;B�&#x4;=&#x3;&#x1C;&#x6;r\�$J#&#x14;�Pk#�&#x1D;���I�L�xk�&gt;3��֬}Wv�ش��v�g&#x1B;9&#x1C;��AM&#x1;�2j�N'�&gt;�Y&#x17;��4z&#x10;��;�L�9��A}Î!{�2�s��&gt;[�w�^�X�&#x1E;@���ѧnzV�*�̼G&#x5;���&#x6;&#x14;�E���iN&#x15;j�%����L-:U\*"&#xE;�S&#x15;�NN�v��
�쫒�Y�n�p�:c���`Ҷ&#x1E;�z�&#x19;�Z۽6k��v6���O뜣�S��fp�&#x11;�&#x7;���#�o`&#x5;�H:��&#x1C;���}�q��&#x1B;&#x14;��JHgw���nWд&#x3;��a*�*s&#x7;\�sdbnE]weH&#x17;b:V����!�|����#&#x15;39=�٫�,�Q,���21�z��e���T�T$FT(�ޱ؏5�h��&#x3;qH���$&#x16;#� ���&#x1F;WD;�Zb�}4��br&#x2;&#x16;�A�a&#x8;�&#xB;&#x1B;V� &#x13;	&#x13;�x#6�\0�e&#x1F;�#;y�&#x17;
��N^F�S�&#xB;Jw؃7~&#x11;�&#x13;��ی�i�&#x17;���de�&#xF;��Z��&#x5;&#x1B;��3��&#x5;���_X�`e�iM95�Y�&#x14;�v&#x1B;���qS�&lt;�ҾE�[�)'!���S�ނ&#x1B;�&#x1;9%���P�_��VK��]&#x5;��m&#x1A;&#x10;1��K-�#&#x1B;&#xE;'bV&amp;	��_��&#x6;�N�Nu@&#xF;ў.&#x13;@L'��K&#x8;T�\0&#x1D;�Y&#x18;��8Q@&#xB;@�&amp;�׺�R&#x1C;&#x4;L�R�&#x1;i�&#x1D;m��H{����U&#x10;�
&gt;�����&#xC;&#x18;��^�):r�h}[�c��$�i�D�&#x13;�I�&#xB;&#x1;&#x1D;�&#x7;)C�8A��Q+��&#x6;&#x7;��;�Ú�T[5&#xE;�3����%	����$6���V�&#x16;"_g���&lt;�&#x19;��7&gt;Z(���|�v�&gt;&#x4;��V��&#x4;��*���&#x2;��,�!�&gt;�����8���ZA�c�N�:^h|�Z&#x10;&#x6;u_V�&#x18;�9�&#x7;sYm��nCJ��(&#x5;ۻ���!,�&#x1;��tLk���о&#x14;DڍQ&#xC;�\ =�����Q&#x1C;�(�ݫ���4C%&#x1A;��f�ܱ0vA�&#x16;�5t&gt;�f�q��&#x19;�[�&#x1A;�`�&#x1F;fu7�˲�p�r3T&#xB;&#x1;&#x1A;y�&#x13;א'��tm��P㍠&#x1D;��~�82�&#x1A;3�e&#x19;El�j�8Ʒ�R|�8^&#xE;�tlwڑ{�W#�ڠ���]_1� &#x1D;9&#x19;Cw)��D�&#x1C;:�D{Hr�l&#x10;&#x7;)d�JQ�(�I&#x1C;������&#xB;L��Oj��I&#x1E;�,(�UG����&#x12;���*9w�U
[&lt;�*�NE����;&#x1;�����&#x1;!K�8�t?�&#x4;�����w\�m�𫴾&#x2;�8����&#x1;PG�&#x6;�&#x18;�{&#x11; B&#x3;ui���&#x12;�#��+&#x10;f\0��`vՍ�悈�����³�U�&#x15;8�&#x1B;$&#x16;�9&#x17;�J��&#x1B;�ڴ%&#x1B;�4���&#x4;���^L��7&#x1D;�����-'¿�βO�meI�YO٪*&lt;&#x12;��������һ�&#x14;r�&#x1F;��h
�P�&#xB;&#xE;'&#x15;&#x16;�x�=�.g���,�M|�&#x5;���h_���A��u�&#xF;&#x1F;�tډ�_�����&#x1F;|�/�_��c�
dՁ�&#x1C;\���C����}��&#x7;��&lt;�{�&#x10;&#x1E;�`��$�̢+&#x1F;�;H���RkYLU&gt;�&#x14;�-tG��&gt;��c+�KV&#xF;/��گ���啴T��&#x10;&#xB;鰚�����/&lt;�a&#x7;Q9�߽��&#xE;j/��a&#x7;�nSb��&#x10;���:� �OGe&#x1F;���^��4�t7B&#x1C;�\0x&#xB;|8[��;�A��cG2˩,AeW��&#x13;���)wճ�l��������g����'&#x1C;Q�2����S��'&#x14;&#x1F;���Ȋ�&#x18;��s��L&#x16;S&#x2;�d�f4`�O�f4t�`�&#x1D;z��h&#x6;	�LK4׍�&#x7;6F|�f��^~7��NB�ns������cL3�ѵ4C}Dg�͍?���&#x15;���ݣ1�5�{a9ps��l:;鼥
z-��f�ͩ&#x5;����S�[�Y&gt;Vy&#x16;#ѥ�LA&#x11;�I��&lt;�Q�n�wʍ&#x1A;QODJ%�p嘐P4��r�&amp;���N&#x3;&gt;Jp�i��2`��Y1����h�.;+l��L&#x10;y��Ym�Qj\=w�R�����D�9W��$&#x11;�o�]��7��4i�&gt;Y�8O˓�O�Z��I��&amp;-Ȝ&#x5;��@36���9a�}xfh^�G���R���&#x1;�+��5yэ&#x1C;�z�N�&#xF;���Z�&#xE;�B&#x4;�&#x11;�%Z�&#x16;&#x10;&#x16;&lt;�[�:[�&#x19;eZ�;f36�&#x1D;�"�u�1�ՎEZS���*�R��.�zZ$&#x1F;���@$�&#x5;&#x1D;ф"r�%���&#x1E;�k�5Z�ǣ;&#x5;�c�ƴ�R��
�ޭ�M&#x12;��y%G{����7��osDhB[��R&#x1A;�m�����&#x1A;���`�T�&lt;�q�)X�9~S��2�K֙�^�(���_)�c�&#x17;+��sV�8���T*���q'�,����S�qK&#x17;Z�$ЖW_3���u����Ds1n	a��}&#xC;�v&amp;��&#x19;�&#x1E;Օ��\0&#x13;�&#x5;�C�Y�	�YJ��&#x1C;`b8i����������9�!�LN��$_&gt;N҈rѨ�{����s���&#x14;{Nm]6M�&#x1F;U&#x5;�&#x19;�&#x1E;�+&#x13;&#x8;:�&#xC;2�wٞ0�+,��/QSsO��&#x12;5^�{gj�L���a������7�A�YQ��&#x1A;4��T&#x3;�&#x1D;m9*j�T��������[�X&#x8;����
bV��*��"��&#x16;6���&#x14;�rr��K~��P&#x1E;$�&#x1C;ome��6�ڍڲ��V�,yo��K\�V�&#x1C;��i&#x18;ڐ�!&#x3;�&#x3;�B|&#x15;&#x16;D�=&#x11;&#x1C;r��ìH�Pr*�)�#�����--&lt;�+�&#x1E;&#x18;^&#x10;��)Jcԙ���|���7fY�򆭛�,��QQ��x8�9��a�&amp;k_'\0&#x1C;�f5�(�'�&#x1D;Q���pZ�v�����nWN9�Ъy!�z����UM�&#x1;A'B:���#W&#x14;�WG���~��VT2G#Óh��&#x12;v�Iؐ�I&#x4;�&lt;	�&#x18;ƞ&#x4;��X&#x14;O"�-�S�QZ�$&#x1C;�\0���A&lt;	&#x1B;ēP��T�&#xC;|��$ǚ��G����(�㠱[��{&#x1F;4V�LFJ�!�ڟ�&amp;6hαE�}x[4ߞ��1&#x1A;&#x6;��&#x1A;�i�朕��V9o�*�b&#x12;;iy���&#xB;|N&#x1;N&#x11;e��&#x15;��*&#x1F;��j&#x7;��cvu��� %��a��ϘF�Um���ӱ�i&#x16;��m�&#x18;�?(��`��j��sZ�.+�7�Uiz\�&#x1E;���m�&#x16;��U��ӈ&#x19;+�~ЌD�_`���3�R�f���ߏvt�W?�\0?��?�&#x1B;&#x8;����T&#x1A;��#e(��ݺO~��^D�JI0&#x1C;�E��&#x17;�,���r��b:h1�Y��M��%�c�POL5]�w=��YFW&#xB;���&#x18;�&#x14;&#x14;��&#x19;`x��֡&#x1F;����\ߺ�&#x8;�3Q�:��&gt;-�&#x1F;
��X9{�&#x1C;7Lc.������=�lB~p&#x14;���r�&#xC;��?�!�fu5�1���[��&gt;����&#x17;Ӯ�i~1&#x1D;���[G&#x1D;�u�k.,��ݖR4+/z`*��ʉQir�&#x1;�Nj]�t\0&#xE;&#x18;&amp;M�Y�&#x1;Q]&#xC;�"��ijWM߾�i/b���C���к�&#xE;&#x18;��&#x1D;2-?�k\�+��Ӡ�&lt;�:���6&#x1D;b^�&#x1A;cE,h&#x1A;#���z�%w�&#x1;΋�S�&#x18;��r��h���1��ۉ�aV㘀�&#x1A;��&#x16;&#x17;$M�.�j���0XG�&#x7;&#xE;&#x8;�&#x10;i��?;&#x11;i�ė�I�&amp;&#x2;��&#xC;W���Epx&#x1B;�&#x1F;ou�	�ag&#x3;�&#x11;�&#xC;�&#x18;��Q��u7�&#xC;�za�li5S�-UȂ�B�,��A��W&#x4;&#x5;��p�&#x12;&#x17;�G��?&amp;�BZ�G�K=�ꬅ�V�mp&#xE;)�&gt;�n���}&#xB;�Bzq�-;�N	�&#x1B;_����q�o~�w��&#x1;^;Q7�&#xC;8� i�:)�+��&#xE;&#x1D;�z?G&gt;�C��A��T&#xF;���hY&#x13;&gt;W�)�ܻ�&#x5;&#x8;�B��'�s&#x1;��^&#xE;�J��N3/�|,��&#xC;C��Z���� �^&#x7;�^ՙ�&#x1F;3�s	�TI&#x17;&#x1E;��y��cW~��&gt;G�&#xF;:&#x2;ո��[r���a`���;�?9�:����U�
�&#x6;x&#x11;U�*�H&#x16;Wa/n&#x3;&#xB;��ѩ�������� _N&#x5;Z���&#x8;���u�v����U��R�Z�di��o�r�A��PjN����&#x7;�&#xE;7ٝ���S&#x6;y&#x1;�&#x12;Y&#xE;�Z*�N.�2�g]�5^��ݨĠ���&#x18;���&#x12;+*�&#x1F;곫J�T�Y7��ƥ�	&#x8;J�{�0����NP�&#x19;p,�,a�K��"��&#x2;*E\:�u�2z���R��&#x1A;��S�ec�倒Y{��&#x1B;��$��Z	A8�Cy&#x8;�}I:l&#x6;��&#x13;11kI&#x18;&#x3;p1l�0�&#xF;�M&#x12;�&#x8;˒�/C���&#x2;V�;�D&#x8;`�&#x16;�OT�(&#x13;G�\0�'&#x12;&#x19;�&#x1A;&gt;���5�L�w\�&gt;܈&#x12;&#x16;�U��FҡB�.��AIq&#x14;�&#x6;���/&#x8;�09ب��&#x1C;/!�A�&#x19;���&#x5;�A�?&#x1F;�&#x6;9��l|^j��&#x7;&#x18;�n;�&#x3;;�J�v&#x10;&#x1;HK&#x7;v��f2gwh�T&#x2;ۅ,�̾��&#x1;&#x13;���&#x19;@&#x1F;&#x13;��p���Q+tk#&#x19;�}�������&#x6;��$�.&#xC;}��4jI&#x1F;t6M�Ø&#x1B;W�Z&#x11;!���&amp;!�Py&#x16;�&#xF;�┃d&#x1C;
�LWϏj��2Ӥ� &#x13;��r&#x13;9�9z��ݺ�d��/U{v�w�&#xE;�$&#x3;����WTQ�Ʀ=��ԭs&#x3;u���PQ�d&#x1B;?\ߞ.���Q//�u��t&#x1F;&#x1F;��ˠ��`��3�v�ۍ�aya(�E���\0�~&#x7;&#x1A;u_p��k��&#x1;�M�Q��5%�Shz&#xE;���tl�c&#x3;/&#x1D;&#x1B;p���xZh�8w}��$&#x19;���M2&#xE;s��"&#x1B;�&amp;�8��܂�4v&#x18;
���i9l��2Z��&#x10;f��y&#x7;{�].v�+c�lMz�j&#x12;&#x1A;��P�����ӯ�h�&#x2;��&#x13;�!�'=&#x3;�,�~���6�*�&#x2;"�0MVe���G����E�����;:���(�ib&#x17;�&#x1E;��Y&#x1D;�lM2in�Ci&#xF;��&amp;��h-�c��LzP;�4r)�ZH&#x4;�\0&#x12;����ZH����g���&gt;-�Z�S�&#xC;��� A�'ބ��B&#x7;�ڎ;H��&#x6;&#x12;���K&#x12;a�&#x1;a�	a�i¼#�&lt;]�Y&#xC;�@�LWQTH�q�E�	^��"�;�&#x3;�#�&#x8;&amp;֜�\0/5&#xE;T�w"&#x6;&#x8;�&#x1F;�&#xC;Ly���Og�E&gt;�&#xB;H�zx���&#xC;�&#x4;-;yU��x�`��&#x4;4*�تl&gt;�}�L�&#x3;M*�&#xF;UF* 1&#x5;��9SږM6�&#xF;�7|��=Ck&#x4;X)Y�D]L@�w����_?����&#x1F;����������~�ǟ��?PK&#x7;&#x8;����'(\0\0V~&#x1;\0PK&#x3;&#x4;&#x14;\0&#x8;\0&#x8;\0@vE?\0\0\0\0\0\0\0\0\0\0\0\0)\0\0\0Documents/1/_rels/FixedDocument.fdoc.relse�;n&#x2;1&#x10;��H��5}v&#x16;$"&#x14;a(�"&#x5;R���C#��&#x5;~Ȟ 8[�&#x1C;)W��x�����~~g��;�&#x13;�l��0�jP�Mh��5|K�6����e��#I�Ƀ�Y�#�5&#xC;"�&#x3;1��&#x1D;�*D�e҅�HJ�z�d&#xE;�3���&#x1D;�-&#x3;&#x1E;���Գh�&#xB;�$���j�_�(��WS&#x15;4��Vö�l.��&#x2;8kRȡ��&#x4;�瘯�	&#x16;uL֋Xs`&#x1;������&#x7;PK&#x7;&#x8;&#x4;&#x10;E&#xF;�\0\0\0&#x1;\0\0PK&#x3;&#x4;&#x14;\0&#x8;\0&#x8;\0@vE?\0\0\0\0\0\0\0\0\0\0\0\0&#x1E;\0\0\0Documents/1/FixedDocument.fdocU�A
�0&#x14;D��w(o~*("�](�&#x5;OP��6`�K*��&#xB;��&#x15;L&#x16;.\�0̛���U��G�I&#x1C;&#x7;&#x3;��PP�ܺ�&#x1B;�c�9@}Z���[����=�X$(��!��(v ߈��N,�Ee��2
n�ޡ�C^�5=�9���y�,&#x19;�ߢ`���Tuc2����۔|&#x1;PK&#x7;&#x8;&#xC;�*=�\0\0\0�\0\0\0PK&#x3;&#x4;&#x14;\0&#x8;\0&#x8;\0@vE?\0\0\0\0\0\0\0\0\0\0\0\0&amp;\0\0\0_rels/FixedDocumentSequence.fdseq.relse�Kj&#x3;1&#xC;�����h�Ѵ�RJ��&#x1B;&#x8;�0��z4&#x1E;3�&#x7;�&#x1A;��e�#�
uv},%��&gt;��z[o�~V'��Š�iAq0�w�j��a�&#x2;���a}䙤f��RQu)&#x14;�HzE,fdO���C�&#xC;1{�Zf���D��m�1�d�_��([&#x16;�g���p&#x17;?�&#xF;]S���z�z]wI���ɱ�A&#x1A;&#x13;=�S�&#xB;WX�)� ���&#x2;xW�Oj�&#x1B;PK&#x7;&#x8;&#x12;�&#xC;ʽ\0\0\0&#x6;&#x1;\0\0PK&#x3;&#x4;&#x14;\0&#x8;\0&#x8;\0@vE?\0\0\0\0\0\0\0\0\0\0\0\0&#x1B;\0\0\0FixedDocumentSequence.fdseqm�M
�0&#x10;���w(�7�
�Hc7�&#x1;�	$�؀���H���#y&#x5;[�&#xB;��{��������݊&#x7;�h�+(�����������j&#x7;�a��Nv���:;�{&#x1E;[T���
���=b�&#x1D;�K&#x14;����M&#x12;�&#x1D;&#xE;}ĵ�&#x1B;�[�L��L����p&#xE;�&#x14;�&#x1C;E,�gP��5���'c�&#x1;PK&#x7;&#x8;\0"'Ƙ\0\0\0�\0\0\0PK&#x3;&#x4;&#x14;\0&#x8;\0&#x8;\0@vE?\0\0\0\0\0\0\0\0\0\0\0\0&#xB;\0\0\0_rels/.rels���J�0&#x10;���Pr��
��ֽ�� ,k�&#x12;�I&#x1B;l�lf*��&lt;�H��Y��+{�d��}����-��&#x1B;�gLd�oD]V�@����k����L,/&#xE;&#xF;&#x16;k&#x1C;$�&#x19;�m�"/yjD�&#x1C;�&#x1;H��$�!��/&amp;$'9&#x1F;S&#x7;Q�'�!&#x1C;W�)��&#x19;b7�he�&#x1B;&#x1;WvB}&#x19;����=n�l��ф&#x1B;Q��F��e�&#x12;񏁳*&#x5;
�K&#x15;&#x1C;L���&#x13;�l��L&#x18;&#x13;R&#xE;��
د0�	j�C�Z��U�I����{��&#xE;����ۧ���F�� �&#x11;_���|�&#x1;PK&#x7;&#x8;� ���\0\0\0�&#x1;\0\0PK&#x3;&#x4;&#x14;\0&#x8;\0&#x8;\0@vE?\0\0\0\0\0\0\0\0\0\0\0\0&#x13;\0\0\0[Content_Types].xml���J�0&#x14;����P��6Յ�L����ʅ/&#x10;��6N�cr;t�ͅ��+x�&#x11;&#x6;&#x6;�E�%�s�wH����j=ھ�BLƻ�]V5+�I��k&#x1B;6�.o����l��&#xB;�
&#x12;�԰&#xE;1�r�d&#x7;V��&#x7;p4�&gt;Z�t�-&#xF;BnD&#xB;������&#xE;�a�9��&#x7;�b�x&#x1C;i�GG�&#x13;+���Lk�&#x8;�7R ��֩#N�è�9iRgB� &#x1;�'&#x18;Z%x_��C�&#x18;R��&#x8;Jy9Xr�{�ׁ&#x5;���`�f��rt4&#xE;����Fn`&gt;U&#x7;j���6&#x1B;���t&#x14;klފ�\0�I�2&#x12;W&amp;B�C���$&#x11;qwhŧť�7PK&#x7;&#x8;G�FK&#x11;&#x1;\0\0�&#x2;\0\0PK&#x1;&#x2;-\0&#x14;\0&#x8;\0&#x8;\0@vE?���&#x17;�&#x3;\0\0�\0\0&#x13;\0\0\0\0\0\0\0\0\0\0\0\0\0\0\0\0\0Metadata/Job_PT.xmlPK&#x1;&#x2;-\0&#x14;\0&#x8;\0&#x8;\0@vE?�C��\0\0\0T&#x1;\0\0&#x1A;\0\0\0\0\0\0\0\0\0\0\0\0\0&#x7;&#x4;\0\0Metadata/MXDC_Empty_PT.xmlPK&#x1;&#x2;-\0&#x14;\0&#x8;\0&#x8;\0@vE?�էya&#x3;\0\0'&#xC;\0\0!\0\0\0\0\0\0\0\0\0\0\0\0\0�&#x4;\0\0Documents/1/Metadata/Page1_PT.xmlPK&#x1;&#x2;-\0&#x14;\0&#x8;\0\0\0@vE?r�FG�$\0\0�$\0\0(\0\0\0\0\0\0\0\0\0\0\0\0\0�&#x8;\0\0Documents/1/Metadata/Page1_Thumbnail.JPGPK&#x1;&#x2;-\0&#x14;\0&#x8;\0\0\0@vE?�V��Z&amp;\0\0Z&amp;\0\0"\0\0\0\0\0\0\0\0\0\0\0\0\0�-\0\0Documents/1/Resources/Images/1.JPGPK&#x1;&#x2;-\0&#x14;\0&#x8;\0\0\0@vE?�&gt;&#x19;&#xE;&#x1E;\0\0&#xE;&#x1E;\0\0"\0\0\0\0\0\0\0\0\0\0\0\0\0MT\0\0Documents/1/Resources/Images/2.JPGPK&#x1;&#x2;-\0&#x14;\0&#x8;\0\0\0@vE?]��� S\0\0 S\0\0"\0\0\0\0\0\0\0\0\0\0\0\0\0�r\0\0Documents/1/Resources/Images/3.JPGPK&#x1;&#x2;-\0&#x14;\0&#x8;\0&#x8;\0@vE?&#x1E;���&#x7;&#x1;\0\0$&#x3;\0\0$\0\0\0\0\0\0\0\0\0\0\0\0\0&#x1B;�\0\0Documents/1/Pages/_rels/1.fpage.relsPK&#x1;&#x2;-\0&#x14;\0&#x8;\0&#x8;\0@vE?�&#x19;�Қ&#x1;\0&#x12;Y&#xB;\0&#x19;\0\0\0\0\0\0\0\0\0\0\0\0\0t�\0\0Documents/1/Pages/1.fpagePK&#x1;&#x2;-\0&#x14;\0&#x8;\0&#x8;\0@vE?����'(\0\0V~&#x1;\0&#x12;\0\0\0\0\0\0\0\0\0\0\0\0\0�b&#x2;\0Resources/_D1.dictPK&#x1;&#x2;-\0&#x14;\0&#x8;\0&#x8;\0@vE?&#x4;&#x10;E&#xF;�\0\0\0&#x1;\0\0)\0\0\0\0\0\0\0\0\0\0\0\0\0�&#x2;\0Documents/1/_rels/FixedDocument.fdoc.relsPK&#x1;&#x2;-\0&#x14;\0&#x8;\0&#x8;\0@vE?&#xC;�*=�\0\0\0�\0\0\0&#x1E;\0\0\0\0\0\0\0\0\0\0\0\0\0&#x10;�&#x2;\0Documents/1/FixedDocument.fdocPK&#x1;&#x2;-\0&#x14;\0&#x8;\0&#x8;\0@vE?&#x12;�&#xC;ʽ\0\0\0&#x6;&#x1;\0\0&amp;\0\0\0\0\0\0\0\0\0\0\0\0\0�&#x2;\0_rels/FixedDocumentSequence.fdseq.relsPK&#x1;&#x2;-\0&#x14;\0&#x8;\0&#x8;\0@vE?\0"'Ƙ\0\0\0�\0\0\0&#x1B;\0\0\0\0\0\0\0\0\0\0\0\0\0&#x2;�&#x2;\0FixedDocumentSequence.fdseqPK&#x1;&#x2;-\0&#x14;\0&#x8;\0&#x8;\0@vE?� ���\0\0\0�&#x1;\0\0&#xB;\0\0\0\0\0\0\0\0\0\0\0\0\0�&#x2;\0_rels/.relsPK&#x1;&#x2;-\0&#x14;\0&#x8;\0&#x8;\0@vE?G�FK&#x11;&#x1;\0\0�&#x2;\0\0&#x13;\0\0\0\0\0\0\0\0\0\0\0\0\0&#xF;�&#x2;\0[Content_Types].xmlPK&#x5;&#x6;\0\0\0\0&#x10;\0&#x10;\0�&#x4;\0\0a�&#x2;\0\0\0&gt;. Actual:&lt;PK&#x3;&#x4;&#x14;\0&#x8;\0&#x8;\0Mt_?\0\0\0\0\0\0\0\0\0\0\0\0&#x13;\0\0\0Metadata/Job_PT.xml�W�r�8&#x10;}ߪ��&#x14;�&#x13;p���]q�&#x1A;&#x7;|�%16��&#x1B;&#x6;&#x5;k-&#x10;&#x5;����m��vfƉ3����&#x5;	�9�Q�&#x1B;n&gt;�bv�$YNy�Tj�rF���4����&#x1F;��O��u�揍~F&#x13;��`A�&#x19;�%y&#x3;{��\����y0'����4�x�&#x1F;�y�c��I��\�дKU�VS���ۋ��c�Ǥ��B�`W9���ey^^��,�&#x18;5ul�;�x}�I.�$ {��m/�`�ώI������*~���&#x5;Y�2�\ݹ��&lt;�A&#x11;�D�&#x19;&#x15;$Sv�-~�rτ��v�|�$�t&#x13;*�&#x12;�n*��ᭈܑe�C2L�4�sQ9y&gt;+�&#x19;J�&#x10;�&#x14;&#x1D;P�F.�#Rn&#x1D;[O�mA&#x10;�K�X0+�&#x18;:6tA��	�&#x10;�a��������&#x19;�� &#x4;�7&#x3;���S[_��&#xC;&#x3;`&#x16;�&#x19;݁z-�в[~���N&#x1;t�k&#x18;A�%���\0�&#x1A;�&#xE;�wW��7��&#x17;�w��o�&#x18;���\�&#x1E;�&#x3;�&#x5;V6�'ݓ�Z�a���)��?���~�4d̚�����6���o�|Еy�	��0�t�$�@���d�0d���k��d~(��2�~�A���!AY&#x11;t&lt;͎Y&#x1;ƴ�.j�S�悻𜁱���
�c�6�&#x1C;�{�d��x�&amp;�i:�&#x3;p�i&#x1B;q�d&#x14;2��J���&#x1A;^�&#x19;y&#xB;0�k�&#x15;a���Q�\0S�l0�]�q���W�&#x10;��0�㢞��A:��&#x2;�R��X�nO�:&#xB;�}Jb&#x1C;kx�gxí}�ꋩ��v�&#xC;�OyK�8���JC�捺�޷��&#x17;��xE�����Y������]U��W
&#x2;V&#x1C;&#x12;a����Dk&#x12;_&#x14;&#x19;9 ���"!���TD&#xF;��B|0�;|����0�&#x19;	�&#x19;OI&amp;�&#x7;�v(#&#x1A;��)s���&#x12;���_R�J�!4��V&lt;���N�U�bT�J�cb��u��&#x10;:M�I	��C�H &#x14;�m��!a��&#x1B;Ɉ��������&#xF;��N�&#x18;&#x3;�A�^&#x1;���6�|
�sH=d&#x14;#חXǔ��Ld&gt;=I&#x7;9��8�8c�8&#x1A;�.&gt;%o&#x6;�k�&#x3;�sV&#x1C;����[&#x7;a�5&gt;%&#x1A;?��&#x11;�&#x13;N~&#x1A;�c������ٱ�9�ytA�@L&#x3;�S��I֧+�N:�W?��]F�%�Wо����&#x1B;&#x1C;���&#xF;PK&#x7;&#x8;���&#x17;�&#x3;\0\0�\0\0PK&#x3;&#x4;&#x14;\0&#x8;\0&#x8;\0Mt_?\0\0\0\0\0\0\0\0\0\0\0\0&#x1A;\0\0\0Metadata/MXDC_Empty_PT.xml���
�0&#x14;F_E�n�u&#x11;�g��B�&#x16;�J�&#x1A;�$�&#x1B;&#x1A;���Zl�.�&gt;&gt;8&#x7;N^M�&#x16;ܹEat&#x1;1� ��V辀K�&#xF;S��|�.;Y�]-��.�!���&#x16;087f�"&#x1B;�j�(��A�9�^��x��(Jh��qq��u�Lg&#x1B;Ž�&#x12;��	Ŧ��&#x13;�&#x10;c��&#x11;���p~Q���&#x1A;���jS�
[��C�䏹�E��&#x13;PK&#x7;&#x8;�C��\0\0\0T&#x1;\0\0PK&#x3;&#x4;&#x14;\0&#x8;\0&#x8;\0Mt_?\0\0\0\0\0\0\0\0\0\0\0\0!\0\0\0Documents/1/Metadata/Page1_PT.xml�V�r�8&#x10;}ߪ�&#x7;��M��&#x5;*0�&amp;6�]&#x13;�/\ތ�&#x18;-���&#x18;��+a&#xF;��I��\��&#xB;����#&#x1D;�n�~�%q�	��д������i@C�F=�u�&#xF;m�S��?n���;e$�&#xE;	��7&#x4;,ͻ��S6�g]U̓N�����ќ&gt;�f@&#x13;�$iH�\�ҴkUk���!�W�
���&#x4;��m�:�.'ǰeY6��&amp;e���R&#x17;�?�&#x1;���9��\0�P�Q��f?&#x3;�\&#x13;v�F&gt;���l�^l#��#t��!�&#x4;��d�c�&#x1C;���\0�&gt;&#x13;*��|��`&#x19;��7R��)���P���SBCl�~�o(�A�&#x1F;&#x17;�!$��}&amp;\0B�n�&#x5;G��&#x1D;�g0� ��'&#x18;Y�.�&#x4;F&#x8;Ơ/�&#x4;pK��@��/�\X#=��� �f q���B�&#x1E;�f&#x18;\0�\0��&#xE;Զ��\0��3&#x1A;�\0t�6�a&lt;���&#x17;\0!��W&#x18;:���3:�W|�Ti_�&#x18;�{'v�@�&#xE;X&#x16;X����&#x6;�g�kɿ��2C/��|g���3h�&#x17;�j�#�&#xF;�2/&lt;ð�H�@���#0-�?&#xC;�_�z&#xB;���&#xF;E�W&#x16;&#x12;'�&#x1A;&#xC;]�?dи&#x8;F����\0c5u�-�iy6�\p��33v&#x16;�^�/��@�Y&#xE;���t&#x16;&#x7;�.^.V�:	��VC&#x11;�/�a��R���&#x1A;�ș{[0:{�&#x15;����y�\0S����Fn�1yZ&#xF;w�P��&#x10;�&#x14;&#x1C;W�&lt;\̲��8��&#x1;c!&#x1D;-&#x17;z&#x1C;ē&#xC;'b�Ṟ��&#x15;��w��
�~2�/��)oɇ�m&#xC;�4dn�ݪ��ݯ�/���M���&#x16;��s(&#x4;&#x16;&#xE;�o�g\������x6il?�M=h&#x7;��p�h�&#x19;ߟM:F���oި&amp;�\�H���UK֢/&#x17;���R�&#x11;&amp;��*v���u&#x11;�z&#x12;�����%�&#x3;#���&#x12;��S�8�	W����pN�⵨uU�|�o��)��&#x12;�&gt;~�&#x19;�&#x8;�?��}�S��&#x3;&#x1A;S���&#xF;��!qu"&#x1;�	ϧ�M�&#xE;�&#x17;�w7ߩ�&#x1D;#��3h�PS��]_\��&#x3;PK&#x7;&#x8;�էya&#x3;\0\0'&#xC;\0\0PK&#x3;&#x4;&#x14;\0&#x8;\0\0\0Mt_?\0\0\0\0\0\0\0\0\0\0\0\0(\0\0\0Documents/1/Metadata/Page1_Thumbnail.JPG����\0&#x10;JFIF\0&#x1;&#x1;&#x1;\0`\0`\0\0��\0C\0	
&#xB;
&#x8;&#xB;&#xB;&#xB;&#xF;&#xE;&#x10;&#x14;!&#x15;&#x14;&#x12;&#x12;&#x14;(&#x1D;&#x1E;&#x18;!0*21/*.-4;K@48G9-.BYBGNPTUT3?]c\RbKSTQ��\0C&#x1;&#xE;&#xF;&#xF;&#x14;&#x11;&#x14;'&#x15;&#x15;'Q6.6QQQQQQQQQQQQQQQQQQQQQQQQQQQQQQQQQQQQQQQQQQQQQQQQQQ��\0&#x11;&#x8;&#x1;\0\0�&#x3;&#x1;"\0&#x2;&#x11;&#x1;&#x3;&#x11;&#x1;��\0&#x1F;\0\0&#x1;&#x5;&#x1;&#x1;&#x1;&#x1;&#x1;&#x1;\0\0\0\0\0\0\0\0&#x1;&#x2;&#x3;&#x4;&#x5;&#x6;&#x7;&#x8;	
&#xB;��\0�&#x10;\0&#x2;&#x1;&#x3;&#x3;&#x2;&#x4;&#x3;&#x5;&#x5;&#x4;&#x4;\0\0&#x1;}&#x1;&#x2;&#x3;\0&#x4;&#x11;&#x5;&#x12;!1A&#x6;&#x13;Qa&#x7;"q&#x14;2���&#x8;#B��&#x15;R��$3br�	
&#x16;&#x17;&#x18;&#x19;&#x1A;%&amp;'()*456789:CDEFGHIJSTUVWXYZcdefghijstuvwxyz���������������������������������������������������������������������������\0&#x1F;&#x1;\0&#x3;&#x1;&#x1;&#x1;&#x1;&#x1;&#x1;&#x1;&#x1;&#x1;\0\0\0\0\0\0&#x1;&#x2;&#x3;&#x4;&#x5;&#x6;&#x7;&#x8;	
&#xB;��\0�&#x11;\0&#x2;&#x1;&#x2;&#x4;&#x4;&#x3;&#x4;&#x7;&#x5;&#x4;&#x4;\0&#x1;&#x2;w\0&#x1;&#x2;&#x3;&#x11;&#x4;&#x5;!1&#x6;&#x12;AQ&#x7;aq&#x13;"2�&#x8;&#x14;B����	#3R�&#x15;br�
&#x16;$4�%�&#x17;&#x18;&#x19;&#x1A;&amp;'()*56789:CDEFGHIJSTUVWXYZcdefghijstuvwxyz��������������������������������������������������������������������������\0&#xC;&#x3;&#x1;\0&#x2;&#x11;&#x3;&#x11;\0?\0��(��
(��
(��
(��
(��
(��
(�{[��oR&#x18;c���&#xE;K�NrGc�U&#x18;��"�&#x17;'do�\o�%��\0�����o��&#x12;��\0��m�\0|��ֿW�����QX&#x1A;&#xE;�u�^�3G&#x12;��\&#x14;&#x4;&#x1C;�&#xE;�޷�)E�ٙ�..�(���B�(�&#x2;�(�&#x2;�(�&#x2;�(�&#x2;�(�&#x2;�(�&#x2;�(�&#x2;�(�&#x2;��&#x18;�V/��?�&amp;�ʹ_&#x12;]Ig��,L�'��R&#x1B;&#x3;;�_Q��8�z&#x1D;�|z&#x1A;���~;7hIP�Wr��B�y�&#x1C;��?Js�H��rJ�l`g�K�����t_��	2E*��&#x14;1�@)&#x1B;G�n�\0{=��{ӛS{�%�v�=�mR&#x1F;�K9&#x18;8�\0��&gt;�����u^D�&#xF;�\0������\0�K]�sz&#x4;�}S�	(��r��&#x5;Q�~E=��\0^��I\U��r�w�QE&#x15;��QE&#x14;\0QE&#x14;\0QE&#x14;\0QT�&#x11;�su��{�&#x8;S.�+&#xB;���&#x1D;	�rs��T�li59$�4���E&#x7;�)���0I-��{\0&#x4;�.�/QP[/�k&#x18;���?鴛A|�&gt;�&#x3;�&#x3;&#x2;�GI&#x6;QՇ�9��E;���(����(�&#x2;�(�&#x2;�5�&#x12;�R�I��%U�!&#xE;H9�=��o�U&#x19;8;��'&#x17;tq����\0�ko���D��\0絷����]�&#x15;��&amp;i��`h:%֛z�M$L�&#x19;@&#x10;�s�{�jߢ��Rswfr���
(�����(\0��(\0��(&#x2;��&#x13;M,��@�&#x10;	3�&#x15;bs�&#x1C;�1�Q�Y��a&#x16;&#x17;�&#x4;n۟���#�c'&#x7;ۭM5Ȋ�&#x15;�;	TػN&#x1C;��w&#x19;�&#x18;�~��کL&#x7;�&#x1F;W�l�=�O�&#x7;�s\S�wm�}���=�^D�&#x16;��v�&#x1;f)p$v$&#x3;�IoOZ�(��0��2"�+��&#x4;�����+OmA�&#x18;�W*&#x18;�&#x12;t��Q�vv���f�{{�&#x12; 1&#x4;��y&#x1C;9��!
&#x1F;���ݴ�&#xF;�Z�/QY�\0n��&#x2;���&gt;Y&#x3;�&#x1B;�g���S_U1�&#x1A;\0&#xB;+:��;B���9�G_J��)�ٟ���Ң��^:�d
Tn�F�&#x19;;C���G�&#x1C;�tb��*_b�&#x1;�&#x3;
�q��&lt;�u��ȽERk�"��v(&#x8;'�p���\������&#x1D;m��ʃ2\0&#x1;`�{�\0&#x11;�&#xF;J&#x1D;zk��
��CB��&#x19;&lt;�-�a�z�1&#x1F;Ҥ�SM]&#x10;մ
(����(�&#x2;�(�&#x2;�(�&#x2;�(�&#x2;�(�&#x8;�h&#x1;�d1�&#x11;���ɟ~�E7}����&#x18;�q���q�u��&#x4;&amp;Y7$~Y*F9$���&#x18;�To&#x2;ą���Y&#x1F;�r�R��$�ϩ�e}�4Vؕ�&#x11;�dO�*&#x1;&#x3;��G��n��6c;FK��&#x19;��?�WT��&#x16;�@�&#x1B;;X�&#x15;�9&#x1F;��M&#x19;o���C&#x10;i0��2G' &#x1C;Х~��5a6�&#x18;�q&#x1;���8�88&#x1F;^5�m^h�&gt;Q�&#x11;�`��|�Ο"�o&#x11;�҅&#x1E;^�&#x1B;�&lt;������&#x12;&#x17;.�Ċ�i_N{�4�S�/�aݭ�m�@��6\0�Ӄ����i�&#x1C;G�tC��&#x7;^��i�&lt;�.(�(�I(?��#�#?ZK��g?O�ZE'�!鰓Eo,f2Pg&lt;���OPGZU��&#x2;\0��T*��@&#x1D;&#x6;*�2��*�3�
&#x7;$�b��7��wk\�V�A
Ts�&#xF;S�;z�\0x~u�^x�O�fP�3&#xC;�gL�d�\01Y7&gt;;�0&#x10;Z�;��&#x6;(�&#x10;�=&#x1B;z&#xF;�&#x1F;�&#x1B;�����	�x�\�!��Vݟ�.�&#x1E;��k��d�VDp�� ��S&#x1A;���&#xC;��0?CKU���&#x1C;zU�&#x1;�&#x5;&#x14;Q@��(�&#x2;�(�&#x2;�(�
j ��dx!i&#x1;��)m�y�9��E;3���V������d��&#xC;��}P�&#x3;u+�8��c���&#xC;��&#x6;1���b�&#x11;:�ڲ&#x17;\0;��\0&#x5; w&#x4;���ڹm+������������+�L�mT&#xC;�&#x1C;��s܏b&#x7;��Jj�.��&#x12;&#x8;��ڻI\0��s�@��9��';":xh�yy2�&#x2;&#x2;&#x8;8���椒�g�h�&gt;S2��i���=0&#x7;�^�{���˷��h���q�(I�1Y+&#x15;!7��b����}&#x18;�����sY«�!r0��`3�N}��]�Ķ�U��Ye����&#x1C;t�ӏZjA4S&#x2;"V3�ߺ��&#x3;�N��c�LP����]�Z���y�&#x15;w�;����&#x8;�8%���TZ�l��c�m�b�h�&#x1B;K&#x11;�b�[1�l�&#xF;'���\0?j���&lt;�4��J"����q��G�2?&#x1A;ޞ���C)�c!e&lt;��U�x�^{ז��d6�0V���z��я�}kJ]c�w��$,R21�&#x2;&#xE;&gt;��¸L6rO\0_�\0]h�"�kA�H&#xF;�������M9&#x15;��?ϭK&#x1D;��Ҫ��s�&#x1C;�&#x15;-�T��zM��{��ˌ&#xF;~I&#x1C;:�4�Vy �m�&#x1C;��9��3�����@�MgiZe���%@�c�&#x4;`�1���֎���&#x1B;�H���&#x8;�&#xE;&#x19;�b�.���&#xF;;�'tu�&#x16;�k�\��ܲ&#x8;˴r`:�8+��&#x1E;ߥOs&#x6;�ڄ��bЁ�0�X&#x1C;&#xC;�۾k&#x1B;«&#x1B;��.&#x17;�[vEl��ܧ��&#x1F;�޺��&gt;us7z3i��b=G0���(#�V��0��&#xC;&#x19;Fs����q�+��;��\0J��I����*0p&#xF;����x�}r-�V`��&#x1C;D�VV�&#x1;��v�{�2p=�i�Q@&#x5;&#x14;Q@&#x5;&#x14;Q@&#x11;�0(���&#x5;�&#x18;�&#xF;#�\&#xF;Ɯ�[vQ�&#x7;&#x3;8�ߊ�6q����&#x16;�d���^��O�&#x6;�uPWvX�&#x18;ۏ�&#x1C;�U����$&#x13;E2���tͽIޥ�&#x6;�&#x5;]��\0�&#x1;&#x18;	/1ܹEPH~��^�Y���������ߺ��%AU��m&#x3;'�#ߧ���i�=�&#x10;��c�I�7ˆ#�T&#x19;'��$1&#x17;�b�7F��f�5�\	%|�� Q��)&#xB;�F1��5,�dwQ&lt;P��V	)�p#P�C&#x5;&lt;&#x13;�&#x3;�y&#x19;�h&#x2;z��&#xF;�/�/7�
�|�������ڴc����n�M��cI���O�.N1�&#x3;�%�9���{Ȟ&#x1B;�x�H��&#x1D;����r?*\0�]~�͖�D�5A*&#x1;�\0&#x2;���v8���F�$�0��;��&#xE;��Ў�&#x2;O&#xF;�q�^4
�&#xC;&#x1C;\0\0�X��z���)4X&#x13;v&#x19;�J������g
wd���9��j�9_k&#x13;ׂ?LS�\�&#x1D;Ƌz�i�&#x6;?pm�s��f��&lt;�,x�,O�5��w&#x6;&#x15;|3&#xE;�&#x1A;Ե��]�w\���=zW&lt;�j�Ա��4z/�U���&gt;&#xF;�X&#x2;&#xE;rw)?Һ��|&#x3;v�j��[*-�&#x3;&#x18;�%�\0&#x1A;�jj�9�T���
(���(��\0(��\0(��\0��,g���������u̙tʉ&#x6;&#x6;6|��&#x1; ��S�}�nu\0�VKkeXʛ�]á�H�.p&#x1B;9$��&#x1B;y�"�&lt;��i���_f�d&#x12;,���M�*��}�b&#x1;Nxs݀���~�Q�t��"&#x7;o5�H%I	&lt;d\0&#x2;��=C!?�E\0Dt��'��:^��&#x14;�庐&#x1F;/*&#x8; !�)&#x14;cq$�1�&#x1C;�w�lm�Vҭ�0!Q�\;�ī*��&#x2;�p��C�&#x4;&#x13;N��S�5��i&lt;��E$�C���p��B�(*yڹ�&#x4;U���� &#x12;ͧ^�&#x12;9���&#x3;K�!��&#x8;RA\0�&#x15;�[�&#x5;Y4�B&#x13;���&#x16;ؕ1&#x4;�^�&#x19;�H�2\0&#xF; '&#xC;&#xE;x&#x1D;&#xB;3Q&#x1E;��D�*-�C,�7��3�&#x5;�m�\0��&#x19;��&#x6;[&#x1B;���\�d&#x8;!�ɠ�r*Z��L�&#x16;&#xE;p?vT��w&#x2;0:�p$��&#x19;gm3�6���,�� !&#x3;�rA\08��H�@&lt;&#x1C;&#x1A;\0n��C��&#x16;��c&#x1C;;r'��\3&#x15;&#x18;'&#x5;G�!䜖&#x1C;���&#xB;�K�b�@��s�ξ�&#x1A;єI黝�&#x16;�(�̮�^!�&#x1C;n'&#x1B;~W$��=	�&#x1E;)��X��&#x1A;q&#x13;=£DcuÍ�r	 c&#x1E;�&#x1;�_�)�x&#x4;P��aT&#x11;��l��e�&#x16;O�d(y&#x4;�&#x1C;WL|&#x5;�C�����/���&#x10;&#xF;&#x11;dgL�&#x1D;D��?��JD�rda�&#xC;&#xF;��)&lt;�Mv)�&#xF;&#x10;�B�A2&gt;r�&#x18;�=&#x6;&#x18;�c�V��&#x1E;����b&#x10;xe�X&#x1F;��O�&#x6;q��&#x14;X��f랢������v�t�78L��Z��E�2����T(̞r�8&#x1C;�&#x8;��?&#x1A;��\0&#x8;�b��,�¸�,���&#xE;&#x1;bzg&#x1D;����&#x16;3�&#x19;�^[���]+�&#x16;�&#x5;~�ܕ����KI�l��'��Kko�4j&#x12;E`[r&#x1E;�9��p+��C
(��&#x5;&#x14;Q@&#x5;&#x14;Q@&#x5;&#x14;Q@&#x19;�Ci���6&#x1E;D+��D7��cng�\0
��&#x11;��Nx&#x15;N����S�ۥ#Z�����_1�gc"�&#x18;&#x4;3&#x12;A9&#x1B;�`�Ӹ��T��X�(�o8�&#x16;�0&#x1E;����8�&#x1C;&#x1;�3Q[Z��@��նĘ�&#x1F;f�&#x16;&#xC;�&#x18;&#x1;�&#x4;&#xC;\0�0&#x7;�z�&#x6;u��&#x14;�e�"��	E�ʪT��T�&#xC;0	)#|��F�NM]��3d&#x12;;m9�KS&#x12;��،�R�:��&#x3;8��&#xE;y�&#x11;&#x1C;bV�"�&#x19;B��&#x6;p	�&#x19;?��P&#x7;&gt;a��0�,t;{6(��c�5d��&#x16;&#xC;d�0\0,��e��M2�`Sut�K&#x5;�����m�`�\&#x1;�X&#x11;��ƌ숪�6� `��&#x19;&gt;�\0&#xF;�Pc�ʲ�S"�U|r&#x1;�@&gt;�&#x3;�&#x14;&#x1;^[&#x1B;{��-彵�K�J� �&#x17;�&#x1B;9݆,GLg�s&lt;q�&#xC;)&#x14;1�F�&#x15;&#x11;\0&#x1;@�\0�)b�8bH�E�4P��0&#x14;&#xE;�&#xE;zP&#x2;f�u5�(5�x��H��&#x1A;9
0�&#x15;*pG�ԛ��P�&lt;�N��&#x5;�Uf�d��[�}+ά�O�ڮ&#x16;P� E&#xE;&gt;�&#x1E;��溉/?ӝ&#x19;�!�$&#xC;&#xE;�*i�U�*{���*����-V'&#x3;��I�&gt;�Trx�Z�&#xF;6[H�x�x\&#x3;��#�Ũ&#x1B;�ˋf	o�9ʷ��b&#xF;�=�'L�o,�C4�l$&#x7;V&#x1B;��� �&#x1C;֩�&#x7;	u=����ڞ��&#x13;�Wb@&#x8;&#x8;&#x1C;&#x1C;V�cx[�&#x1A;&lt;&#x2;&#xC;&#x14;pү��b�&#xC;�𭚖&#x8;(��&#x6;&#x14;QE\0&#x14;QE\0&#x14;QE\0T����g�q @&#x4;&#x4;�J�1�#,	n�&#x4;&#x1C;`�w�3X�=��xr&#xB;,&#x10;�*7&#x5;�&#x1;�~�c�xF�&#x2;�i�׌*o��nϖ&#x18;�JWk�.ܐ��\0?���&#x1A;7S}��i��%�ˉw;�g
;��Tr+��es2�갲\9��U�aɴ�.&#x18;&#x2;
�2q�&#x11;��&#xE;@�~�&#xF;��l����i6���{n:��7��n�&#x1D;Ql�n�i�ȯ�&#x13;&#x14;@\06�&#x3;\0�&#x13;�=�&#x19;QPXK5�p�Io���C,�6&lt;�����1�&#x10;\0�&#x1B;`&#x1C;&#xC;�%���(`�ɹt�'䅋 �͖\n&#x1F;w&#x18;�r@�5,3y�N�T��8Mθ&#xF;�����&#x19;�&#x7;Ҩϩ��[�&#xB;&#x1D;Gk'�c�%,v��9&#x4;m&#x3;��Td��&amp;���E�������&#x5;�yMn�!eV&#x3;
r&#x1C;d�&#x1B;N	\0g��&#x18;�&#x12;I�V@�cqh�T�dmb0��'&#x1D;�ӿ�&#x11;l&#x13;�&#x18;&#x3;=N*���V1���&#x13;&#x1F;�&#x10;m9B&#x1;`2���&#x1C;�# �f�$[�R&#x6;&#x8;�Fx��O�h&#x3;&#x6;�[�&#x12;&#x8;��#v\�h&#xC;��؅�?&#x13;\��|ځ[k&#x1D;&#x1A;k�Wk���U'��o&#x3;�&#xE;�=k&#x13;�W�B)�З�FU�H�4bI��\0$/l&#x1E;=�Ο&#x15;ϊ-���k&#x1A;)&#x1;b&#x13;�&#x19;�J�|w&#x4;z�Ӳ���OA��Lw9F�&#xB;:�;"Ã�݁�29&#x1C;�+j[�[��W�Ǔ�&#x10;�fz`u�8&#x3;&#x18;�a��Z&#x1C;b�s���&#x1B;&#x10;�@&#x1F;6A�W&#x18;�&#xF;#ް�O&#x19;�&#x17;m�[�4���9�\0�`&#x1E;ݱ�&#x15;�#7�^k'��Qʭq"�&#x12;@@&#x19;��b��&gt;�&#x19;Ѵ���ȑ+)m��&lt;���izu坴p�7�&#x11;F8&lt;��=9Ϧ+����ڌ�Q�d�`&#x1D;�8�8��&#x14;�)7��×�=/����H��_�&#x14;ۼ�&#x1B;�&#x1C;&#x6;&#x4;u&#x7;���mW&#x19;�9���D��&#x11;���G&#x1F;���g]&#x15;#�+#����v&#x14;QEfh&#x14;QE\0&#x14;QE\0&#x14;QE\0U�|�ԝa���&lt;�R_ݨ�:�`3�9&#x3;8R3�&#x18;���d�����Hn7C&amp;��R�&#x19;�&#x19;l��+�&#xF;A��&#x11;&#x5;����q&#x15;���,�%iX�[&#x1;N�&#xE;�8�3�&#x3;�^j&#x1;d�R&lt;rhrE�~�#�&#x1;#&#x6;YA&#xF;���&#x6;�&#x6;�\0�c&#x1B;8\0�u&#x2;�cAm*�#|WE@&#x12;n�O�&#x1;!~�nFޜJ�&#xC;S�5���Y&#xC;`�,F�T1&#x1B;�&#x1C;u��q�_�-�跚sl�p��r[
eR&#x14;��&#x14;6:\06�8�f�\7&#x11;$VM4BR�AvA&#x19;e&#x7;p=@&#xF;)&#xB;�&#x1E;Z�&#x4;�\0&#x1D;oj�Y�1^ƈ�&#x18;y.��&#x6;c��yl���y&#x1;�&#x4;r&#x1;e&#x1F;�S�k{&#xF;��&#x4;y�7��&#xF;�
&#x1D;�x��&#x3;s��沒kw�:&#x12;��0���&gt;e;�zt*g��2q��&#x18;&#xC;&#x13;�.|�&#xE;��Eu--ҹ�md�-��X`����� &#x1A;���}&#x10;��gF�;���&#x13;�l8\�&gt;U&#x1B;q��nH8��_g&#x1A;&#x1D;�][��Wk4E�&#x7;&#xC;&#x8;�b&#x6;&#x1;\0��w��q[���m&#x1C;7&#x1;���q$�&#x13;�˿RJ&#x15;o��&#x6;�^5�����@| &#xC;�.�?Q��&#x1B;�_��2����&#xC;&#x16;�A!d�&#x5;&#x18;&#x1B;�z��{\09=j-&#x6;��.���aZF�����G�P�9o�	&#x12;���2p&gt;f$�Aӓ]v��[�[6��&#x2;i�!m&#x4;�&#x7;�2&#xC;�'��Bw%��������&#x7;&#x11;��&lt;٧�#�h&#xB;�8���Ϩ&#x15;���+&#xB;8�&#x13;K3�&#x19;�?0�&#x1D;���\0�Q�=յʭ��}BUT[%L[�&#x1D;ہ }�&#x18;�&#x1C;��&#xC;5h\��Y]I&#x13;���l&#x6;�I�(p8&#x19; s��&#x1;���&#x18;4@�1&#x1F;K��m^Xo�[8�&amp;�r\0POn�ϧҸ;�D��s�&#x6;���簭/&#x17;�ɩ�&#x2;8�c&#x1C;`���&#x7;���{�&#x5;a&lt;�bD�q��;�Z��S9E�s��os$��ѻ�bو�&#x1C;}��^�^c��&#x11;�&#x19;�&#x18;�\0D?�&#x12;W�S��&#xE;��&#x14;QEbj&#x14;QE\0&#x14;QE\0&#x14;QE\0bj�v3�+&#x1B;i&#xB;5�%�&#x13;}�,�270`��&#x18;\&#x19;���-�x��MB6��&#x15;7&#xC;�r� c&#x1E;��\0dg&#x18;������9e���"�V�)�ӬeA�&#x1;�\�.�&#xF;^zd��&#x1B;K�Q��tǎ��EhۃKs&#x1E;&#xB;H&#xE;G)ʜ&#xC;����&#x1;�xL����}�&lt;��'�&#x15;�;��&#x18;&#x1;�X�u����6SO�@&#x14;E�&#xE;�lf%w����N3�d&#x1E;ݱTl���I��4�	�v��	Ԉ����J�܅P&#x6;:*�&#xC;3�q�-eui��q*J���h�&#xC;d�fX�^[`㑜�@&#x3;&#x4;&#x2;�6�7��[�3$��K�]dۼ&#x13;�DP=&#x2;�0&#x6;*&#xB;�3H�&#x1F;&amp;Y&#x19;#��X��0&amp;w&#xE;3���Y��zdc&#x19;�&#x16;&#x17;q�&#x6;��?�&#x1F;c&#x4;^e�6�&#x1B;��
��!T|��W�&#x12;&#x19;�rv��q4�T�S��&#x1A;&#x7;eV���FA��A!ZB9&#x1E;��H\0�LѴ�)6����gvv&#x3;
�&#xC;Đ0�1��&#x1E;�W��&#x1B;xf�em�vd��:⴬c���%�HRԮ��\0&#x4;��#&#x1C;`�&lt;z�&#x1A;ͽ�֕4&#x17;��;mݝ��&#x1F;t��&#x1D;�dҋlqM�#�𦡥���k&#x14;&#xB;��A�d`�y�&#x10;1�Np1�&lt;��]"��2&#x2;�%������*Gn�&#xC;x&gt;�����&lt;5"�����|��\0�u�q%�͢��z�&#x8;&#x18;�Ɂa�`��o�9�u�����_�j�T{�O���g�&#xF;rd��	�U��EA@;���#&#x1E;��5�i��2	 I��&#x10;���&gt;a=[�O9��\0_��lt&#x1F;��bЈ&#x18;��̥��vj��o��@�B����N~��K�S��K�_�T)T����p&#x1A;��rn^�9c�LL�&#x2;CrO�&#x3;���z}�ړΌ�/'$s^��^��&#x1;$d&#xE;&#x6;�9����x}�,��t&gt;\��]\1�Եjޫ��S&#xF;)GD���\0ȩ��u�Y&#x6;?���\0ǖ�������{�{&amp;C!���d&#x7;&#x19;&#x1F;�b=+v��h������)R\��(��E&#x5;&#x14;Q@&#x5;&#x14;Q@&#x5;&#x14;Q@&#x19;�E�j��2ZF��&#x19;��l�66�&#x12;&#x13;�&#x1B;_`�&lt;�3�T���&lt;&#x10;&#x18;-�F�����QJ��v\0��Ѕ��&#xF;"�"��v�0��pO$t&#x1C;u&gt;é&#x15;�i��ڈ���E�p���+9&#x16;6b��&#x17;&#x19;@&#xC;eX�\0'�\0&#x2;엚D2Kw5$�&#xB;�"��
U����&#x18;�&#xF;Pp"��C�4�Y��N�K�&#x15;!B��\0;&#x1C;+d�&amp;C��2��Bx�J��*Z_I'�]&#x4;r[�Τ���HS�&#x1C;��&#x6;O&#x1D;jq&lt;�6,/oVI�`�7٘#+Hp�����@&#x4;��$&#x1C;�@&#x1B;,�PL�g=�����9�pr�T�A&#x1C;�e&#x1C;&#x13;�Y�RH5&#x7;�u&#x1E;om���2O�&#x19;&#xE;&#x14;��V%q���d&#x2;��)�����������/���&#x19;�&#x2;�����P&#x1C;&#x1C;&#x12;&#x6;IP9&#x1C;�-D]Z��kw&#x1C;������GVR&#x14;�\0���F�p	$&#x10;	\0&#x16;ld�tŜ��h��&#x1A;@&#x6;&#x13;��A�
� `q� �E��&amp;�&#xF;��*[Y���+wm4,�$I&#x10;��&#x18;&#x1F;���1&#x7;&#x4;&#x1;������&#x4;��\0&#x1;�\0Ѕc��&#xC;�&#x1F;�iG���G/��|�$�&#xB;Hr�PA�&#x1E;�QL&#xE;U&#x19;@\63�&#x4;�&#x7;�&#x1B;���\�&#x8;�&#x1E;��DY�$�ɜ	0@Ǯ:��ݽn{�K�&#x1D;&#x15;2��D��&#x1F;v�&#x10;d&#x1C;�����ב��&#x17;�L��HL\0\0\0&#x1C;�&lt;��\�e�.�h��&#x1E;�P\0&lt;��o����H\��&#xB;�u�G�x��*t&#x19;���&#x8;I�\0\��&#x15;��5��&#x8;I�\0\��&#x15;���e������&#x14;(���&#xE;@��(\0��(\0��(&#x2;�Ž��P�w�k&#x14;R�0����n\���zg�&#x1B;`��S��j�@�em���d�pCme�x ��&#x1E;Hې&#x17;N�\0�l����&#x14;wV�$(�\0pJ�\0pWr�ۏ �0s&#x1C;�&#x1A;��R-nEe�\0���b���݀&#x1;*�0�P@�&#x7;�i�@&#x15;DW�Dg��j��U!����&#x10;�ǐH;�3�`f�&#x18;�2��&#x14;ȪU_&#x1C;�q�&#xF;����:�\0*���\0 ��\0�?�&#x10;��C\�\0�L�\0�&#x1F;�&#x8;V8�����F��&#x1F;Ts�[^2lEb���y&#xC;̼c�v�Ԏ׆e%Ȗ5 m`
�2G&#x1D;0	��튅&#x1;B7@&#x1B;h�Cn�&#x1C;c8=9&#x1F;�I&#x1;b�e�˴�&#xC;s��&#xF;8��Ҿe5�W_?�&#x7;���\0_��Y�J�Dl��K&#xC;&#x1;����\0��$&#xE;�B�&#x3;1&#x1B;I&lt;u��&#x15; �V&#x1;����:+c�@��#��Qw�(�\0eR��0�&#x1D;á�����ʻ_p����\0&#xE;B&#x11;�Q�o�O\0󎦧{&#x1B;���h�}�&lt;n&#x19;�FGzA�&#x2;F�j]�&#x5;C&#x12;�&#x11;���ңv&gt;Z/��:�&#x1;�t&#x1D;~��9��&#x14;��\0��wm��~&amp;���\0�!'�r?�WK\׆�\0�!'�r?�U��巸r���a�B���&#xC;���&#xC;�@��e\0��&#x1;\0��r��&#x5;n���v���TV^�&#x1E;�,�C$&#x12;&#x15;W
�&#x13;��zd��&#x1B;���G&#x19;�V��G�&#x1D;��6e&#x4;�N�S�p�g�Mw^}���\0\0�{�\0_yj�dQ�K�K&#x11;���X����~��&#x14;QL&#x2;�(�&#x2;�(�&#x2;�(�&#x2;�(�&#x2;�k��	��&#x3;�\0�
�T5��&#x4;��\0&#x1;�\0Ѕc��&#xC;�&#x1F;�iG���G.&#x18;�L[�%�P۸�&#x1C;&#x1E;9���$;�6�&lt;�ň��&#x7;��G?_Z����	&#x18;=&#xE;*X�E$&lt;[���&#x3;&#x10;2&#x8;����k�-w=Ƈ��!e���C�&#x18;�G&#x1E;�&#x7;�?
&#x3;	&#x8;��9�A�y���&#x1;�	�TH�/t[��[����&#x1E;����&lt;c�Y&#x18;=[�����O�������9c&#x18;&#x12;����p�9\0g�q�&#x1D;�ӎ�&#x3;\,�"&gt;[&#x2;�#��&#x19;&#x7;&#x1D;&#xF;�\0Z�e�M�e������7u�����ޙ�E�&#x15;�F�p���o��\0�^�h��\0��&#x1A;�o��4�:�u)U�&#xC;# ��r*��t)&#xC;�&#x1E;G�k�&lt;�|r;��T�F&#x8;¨@&#x7;&#x1B;p&#x14;�&#x1;�K��&#x10;���&#x1F;�+Z��TxZ�;m�2�ϳ���a#&#x3;�@$&gt;s��p۱^�]�&#xF;�&lt;�g�H���&#x8;�4�&#x17;����4C,�&#x18;
\0�8F�=&#x1B;��Ob��,Vv�M&#x1A;y^j+C"��?w,0�g�p@�\0
��J�D�A�Y5��J&gt;�-T�&#xC;9X�!S&lt;�#&#x7;&lt;�iנr&#x5;&#x14;TM&amp;.��ΌnFo(���W��A�&#x1E;&#xF;�&#x1C;��&#x12;�E&#x14;\0QE&#x14;&#x1;&#x13;��&#x1B;�e���ؘ��
o��������\0§�����?��� �\_ݛ��?�S�e���&#x1F;�F_�*J)�+��\0��&#x1D;�&#x10;}�/���\0~&#x1F;�(�\_ݛ��?�T�R�����&#x8;^=�����qvo���\0�P�*n��&#x16;=�v1�&#x1B;&lt;0���v�R��\d��q�(��C��ʟ���
O�&amp;���\0��\0���\0�k���?�i�\0_��W�frk�N�&#x14;0�8�9\0�\0�i���16�u'&#x19;�Q�~�]U&#x14;�\0�iX&gt;�3��ʟ���
O�&amp;���\0��\0���\0�k����m?��&#x1C;&gt;�3&#xF;D������A�����&#x2;�V���e�I�&#x11;唆L���&#xF;# ��q�2m�]���&#x18;rA�\0_y�R���4��^&#x3;&#x12;&#x19;b�d*7*�#\0{�v��|
��������\0§�������	&#x17;�o��&#x19;&#x14;�*�P�g&#x1F;2&#x15;?�V���}F���V�ٜ&#x7;'�V\&#x1C;&#x2;&#xF;$��לeZ�&#x15;J�I
(��&#x1F;��PK&#x7;&#x8;��2&#x1D;&#xE;%\0\0&#xE;%\0\0PK&#x3;&#x4;&#x14;\0&#x8;\0\0\0Mt_?\0\0\0\0\0\0\0\0\0\0\0\0"\0\0\0Documents/1/Resources/Images/1.JPG����\0&#x10;JFIF\0&#x1;&#x1;&#x1;\0`\0`\0\0��\0C\0	
&#xB;
&#x8;&#xB;&#xB;&#xB;&#xF;&#xE;&#x10;&#x14;!&#x15;&#x14;&#x12;&#x12;&#x14;(&#x1D;&#x1E;&#x18;!0*21/*.-4;K@48G9-.BYBGNPTUT3?]c\RbKSTQ��\0C&#x1;&#xE;&#xF;&#xF;&#x14;&#x11;&#x14;'&#x15;&#x15;'Q6.6QQQQQQQQQQQQQQQQQQQQQQQQQQQQQQQQQQQQQQQQQQQQQQQQQQ��\0&#x11;&#x8;\0�&#x1;~&#x3;&#x1;"\0&#x2;&#x11;&#x1;&#x3;&#x11;&#x1;��\0&#x1F;\0\0&#x1;&#x5;&#x1;&#x1;&#x1;&#x1;&#x1;&#x1;\0\0\0\0\0\0\0\0&#x1;&#x2;&#x3;&#x4;&#x5;&#x6;&#x7;&#x8;	
&#xB;��\0�&#x10;\0&#x2;&#x1;&#x3;&#x3;&#x2;&#x4;&#x3;&#x5;&#x5;&#x4;&#x4;\0\0&#x1;}&#x1;&#x2;&#x3;\0&#x4;&#x11;&#x5;&#x12;!1A&#x6;&#x13;Qa&#x7;"q&#x14;2���&#x8;#B��&#x15;R��$3br�	
&#x16;&#x17;&#x18;&#x19;&#x1A;%&amp;'()*456789:CDEFGHIJSTUVWXYZcdefghijstuvwxyz���������������������������������������������������������������������������\0&#x1F;&#x1;\0&#x3;&#x1;&#x1;&#x1;&#x1;&#x1;&#x1;&#x1;&#x1;&#x1;\0\0\0\0\0\0&#x1;&#x2;&#x3;&#x4;&#x5;&#x6;&#x7;&#x8;	
&#xB;��\0�&#x11;\0&#x2;&#x1;&#x2;&#x4;&#x4;&#x3;&#x4;&#x7;&#x5;&#x4;&#x4;\0&#x1;&#x2;w\0&#x1;&#x2;&#x3;&#x11;&#x4;&#x5;!1&#x6;&#x12;AQ&#x7;aq&#x13;"2�&#x8;&#x14;B����	#3R�&#x15;br�
&#x16;$4�%�&#x17;&#x18;&#x19;&#x1A;&amp;'()*56789:CDEFGHIJSTUVWXYZcdefghijstuvwxyz��������������������������������������������������������������������������\0&#xC;&#x3;&#x1;\0&#x2;&#x11;&#x3;&#x11;\0?\0�Ԥ�T@�模���0=8�f��h��&#x1B;&#xE;�Xd&#x11;�P&#x4;�&#x1;��t&#x1F;�z��i���#֔&#x15;�E�#�F;rU�ʷ&#x6;���Q:$��P÷����#�eO?Ɛ&#x16;�Q��IQ��pF;4&#x1;&amp;�k��	�A���`&#x17;�*~��S��pA&#x15;&#x19;=i�&#x14;m���X	��7T&#xB; &lt;t&gt;���&#x7;px��΍�I�g&#x19;� �)�ɳч+K�^&#xF;Z,"Ep~a��;uTh��ж��u&#x6;�'
vʥ&#xF;���`,�5F&#x1B;#�&#x8;�&#x1A;,&#x4;��wTy�4X&#x7;&#x12;7du�&#xF;ۡ�PF~�X	7Q���&#x3;pI���i�\0�њni)\0�њfh��?u#&#x10;A&#x14;��E&#x16;(���%�L$�&gt;�
�FA&#x4;&#x1F;Jo&#x4;Ug�m!u��#�&#x1D;Wޕ�.f��&#x4;3$�&#x1D;&#xF;�}z�}U�~�7S)3E�~�7S2)h�&#xE;�Fi�Q`&#x1F;�)��&#x1B;��=(��?p�F�pqږ�&#x1;&#x16;h�sI�By�$�4����&#x18;��H� ��f�h&#x1;w&#x11;�&#xF;Ɯ&#xF;�?&#x3;֛L�&#x16;0�	&#x19;b�&#x1E;A�\0I"+�^}GQL̑�H��&#xC;?&#x1E;���8&lt;&#x1A;vq@Ƥ��)�Ќ&#x11;N�1�_�&#xE;}{�a�#&#x1C;~�Q@&#x13;f��1ʲ&#xF;�$���I@�u&#xF;�s��r��&#x16;_Q�S�&amp;h&#x1;U�&#xC;�8t����_��\0:Q)&#x7;&#x12;pOC��&#x19;-!\0�&#x11;�I�z3@&#xC;���=�*L&#x14;�E�{z&#x1F;Ɲ�A�&#x18;&lt;�\0xa�9�R�U���꘯��J&amp;��$&#x1B;	�{&#x1A;.&#x5;����&#x19;�&#x5;�Q��\0�l�jvH�S3�.h&#x1;�\�Y#���҆ȥp&#x1F;�Rj# _���MYcv*&#x1C;&#x1F;`h&#x1D;��0=)��b�u1	E%&#x14;&#x1;	S&#xB;n_��&#x3;��S��;8�&#x1B;&#x8;&#x1B;��dg������Q���z{�\0����S�el�ڔ&#x1A;\0)qE/j\0)q@�PP��h�&#x11;�&amp;(&#x1;�r8�ϮsO�5��\0V#�	&#x1F;SFX&#x1E;T&#x11;�(�&#x15;Fb�S���KQ�&#xF;P(�to��&#x19;&amp;h�G���)C�\0?4���i�4����&#x4;��78�~T�i��1��c&#x6;��qA$r(\0x��$a�B84��'_�/��v��)&lt;�&#x1;&#x16;Eq����4�UnXsه&#x6;��S�$_^�%�#&#x10;�&#x7;�1dW&#x1F;)��&#xF;Zu0&#x13;,�t�&#x1F;�4��7��&#x10;EW����fYUXw�4�&#x15;�٤�a��&#x8;bʠ2�&#x13;�f�����&#x11;�!�ɥq9#�y&#x15;&#x17;,B�RqT�u�&gt; U�W�&#xB;�q&#x17;&#x17;�LI�Vs���V3�r'��=ǉ�)qg&#x6;��Y[&#x3;�&#x15;RO&#x15;�]��?&#x2;k��� 8���ˉ�e��M�&#x7;JZ���l�)�8&#x8;�d�%B�!�&#x19;G�N�}&#x14;W+�ܜ�0'�&#x15;~�&#x1D;S��3��OjOA\�]WV��{/�[&#x14;=�˟��v�\0������t�&#x12;Ⓒ�Y9o����94�]�p�:2�j���R#{�H.tV~#��&#xB;6&amp;_~��oY떗 &#x6;o)����&#x5;��&#x1E;~ѝ����=80a�F;`���K��`�$r�?�"��&#x1D;j)�)��3E4�l�)&#x14;�3�&#x7;�&#x6;�w�(a&#x1E;Y%A�z��t�C\0á�)i�J&#x1D;�2&#xF;�_ZE&#xF;�8&#x11;L&#xC;&#x18;d&#x1C;�Q�1&#x12;P)�Ӆ&#x3;&#x16;�OJZ\0);�E\0R���:&#x1F;��F��&#x8;5Fc�&#x6;�4��4\0��&#x8;\���sE\0'�;�R&#x7;&#x18;�c�Rx�&#x1C;�!�ϥ8&#x1A;�&#x18;�q@/Ԁ~�&#x1;.isQ�&#x6;�4&#xC;q��d����&amp;y�&#x2;��.i�&#x18;�&#x1A;��o`��}�z"�������&#x4; ��#���+"�^��1�y�?�p&#x7;ֹ�G[��%wyqg�)�uCvE&amp;f��ָ�.�&#x18;���}&#x14;�U&#x17;���n��\ɷ�W�|��$��:�w��檴��/4����H �A�&#x15;^;��&#xB;&#x18;�rOZx��&#xF;�&#x1;�Ի�&#x1A;�Q��&#x7;%�=x��&#x14;\&#xC;�
��~�x��ܟ��)�-	䷊,\0?:n�J��3rNi�m;&#x5;� �x w��ZQ-;&#x12;\�?x&#x3;�Q�O�&#x1E;i�4&#x6;��%1�$zUo0�&#x3;�q�&#x5;fj��s�ձ&#x1B;&#x11;ֲ�&#x1;\0f�&#x12;���a���Ur^&#x13;�g�]&#x1C;2��&#x1D;&#x18;2�◿�\ӯ���h9Q�OB(4��u��MV����-�q�3ȩ�f���2�}����֞��29�&#x6;��&#xE;���P"LQ�)&#x11;�&#xE;)h(p9��c�)���&#x5;���@&#x19;KrOݶ���������O��i�H	&#x1D;�er���+&#x3;�����;U�@'�-���O�E�I�n&#x19;&#x4;g�1R��,(�&#x18;�+\0���9S�?J&#x3;��4�&#x17;&amp;�5~� jDo�R�&#x12;QM&#x6;��
&#x3;�ZLz&#x12;(�7u &#x1C;X���&#xC;�&#x14;� c��қ4��&#x1B;I+�U&#x1C;�\f��=㘡%b&#x1D;�SR�C�{&#x17;u&#x13;�-&#x5;��2&#x1F;�\̗l�&#x17;��ݹ$�E�&#x1C;���@*y��VHn&#xF;�!�~٨&#xC;����A��Eؽ�WRg�C�\0먙��&#xC;��)�"�=D���M�j3"���
d�&#x12;�֏��&amp;��G����\0dҰ쉱�F&#x5;C��&lt;���&#x1A;��'\0R�=*����(&#x13;��h�)8����O]��&#x1F;�S�=�(y�p)Y�N&#x8;�&#x8;�&#x14;�G�����\0|�T&#x16;�.w�\��Z&#xB;��6�\0t~U4@&#x16;&#x1F;(��:ɤu˶kZ�&gt;aYKC�����i[�&#x15;&#x1F; &#x1F;�[�9�P�L���&#x6;8�
�N)FM&#x5;JQ�B�g#�&#x18;&#x1D;���_�V����Faa��[)�s�xw&#x1D;P��2C x�&#x7;��WEc~�K�&#x4;��/�W*s&#x1C;�O�&lt;�?J�9^'&#xE;��:&#x11;T��v; i��6���u+[JB�&amp;:�&#x1B;�V�5W4N��9ܼ&#x1E;�֕X0��zw�&#x6;��;���t&#xC;�&#x1E;iZ����&#x8;&#xE;&#xE;�YOZ�4�2i|�L�&#x16;U�&#x7;\S���9��ց&#x19;$ʧ�a�&#x1A;_9A�&#x2;�ޛA&lt;c�ic&#x12;M�&#x18;��'5&#x6;��T�&gt;�&#x14;��S�&#xE;=�ԁ9'��7p�E0J���O�
v~�@;�ӏjlm�]�ґ�&#x6;�&#x1E;Dk�@L&#x1A;�}E�'&#x1;�è�8��"���Y�*���s�z�5��L�&#x18;��@&#x19;�d��I��&#x14;|C�5ӕV�+�W=}�&#x1E;|�~���&#x7;z��M &#x4;�U��&#xC;&#xE;�	w&#x14;��Dn�ƣ6Ǽ�j�l�N;�2�[��\�t�&#x4;�I�_�&#x3;��-0�dB&#x4;&#x1D;�8�&#x18;&#x1F;tS�&#x4;�O0ͩ�
]�v&#x14;�&#x18;��‸`z
&#xF;=)��u"��L��&#x10;�i0qN�!�&#x13;v&#x18;~T�qLq򏨣m&#x3;&amp;&#xC;=j9��1�L�A��Q�n#�&#x12;&#x1F;&#x19;8�Wl�O4\0�?&#x1A;�&#x1D;^�]�f���GEgs,q;�'&#x3;\0&#x1E;i��&#x19;8�&#x1A;�)X�&#x11;{�&amp;��)8���i��o�*�ʸ5e%���\\0c$&#x1F;�[���R.&#x1;��+9Skc��&amp;3�F��%�x&#x7;&#xF;�&#x1F;z�Q�&#x4;���b�d]�8+��&#x15;*̋/��'&#x4;���M��R�e�0�X�
��Ĭ�s��K�V燼S��{��!&#x19;V=�V�W̃tg�q���Xް��R|Ȉ�Eh��F�&#x19;��r&#x1;&#x4;&#x11;O&#x7;�p�&#x17;�9&#x1F;��e&#x6;69��՗p`A�E]�&#x13;���d�&#x14;&#x1;(&#x18;�ޔ�}��&#x7;�4��a��pݨ&#x2;L҃Q+��=�&gt;�&#x18;��?�&#x19;�LI��T���&#x1;d&#x1D;&#x1F;?�
�Ė�u��8�&#x19;&gt;�U�3��&gt;�R&#x2;B&#x1;&#x18;#"��\0~RW�x���?�-&#x3;&#x18;|�&#x7;�&#xF;�&#x1C;��[��c&#x12;&#x2;���&gt;�/j&#xF;#&#x7;��IB2�g &#x1E;��&#x8;���~RW�x��@9&#x1;��&#x14;&#x1;R�t����&#x1;A8&#x7;�5�&#x1A;�ܗ3�,��s��t&gt;1�ē-�d�����)&#x4;msr�;���ެ��t��Ir&#x15;��&gt;��2�&#x19;m��(�&#xE;s�[�Co&#x13;�#ʉ�h&gt;��֨���24��$C2��I�i"�u2G&#x1F;�&gt;�n�&#x16;����@�HZ�ρL&amp;�ƐX~�3M-M'�Q�
��њm4�\0�u&#x1B;�Q�Kހ����o&#x14;��I�,=�"�9���K뎴&#x14;&#x12;&#x1C;)&#x3;�&#x15;&#x19;9c��),&#x1B;��&#x6;M5h&#x1D;���+[K�t��k.!�WA��&lt;��}њ&#x8;z�{�yʃ��Ul�}�
&#xF;BM[��&#x16;wQnl�Uf�����W�����o%w&#x1A;w&#xB;ju�w&#x16;�0�q&#x1E;q�p��x�g��۽&#xE;k���\�I�ь&#xE;�&#x1F;�&#x1;k&#x1D;&lt;*Cn;��_I��&#x1;&amp;&#x3;t&lt;pk5&#x13;g�&#x17;*��~�j3�e5sjsi�ԍ�&#x11;�~x�T=��O[ғP�2Zq*|�;��U�֜�V&#xC;����JM&#x1D;Ҧ��&lt;ex��!V&#x1F;�{&#x1E;�&#xF;x�����c$9\01&lt;�z�_�t�mR"�&#x8;nGF&#x1D;��\��ń�TɂrT�oQ���S��:n&#xC;��g�xD�8unA&#x6;�,�A&#x13;I4��&#x6;Ic�;י�^ ��'
�e��?����)�YH��&#x18;��ii&#x1;m��p={U�
W,�����	$��#Ɍ�JU�K&#x1C;:���\0Lq�k����'����B&#x15;�&#x13;&#x5;Tt��&#x5;o&amp;�1@&amp;���lrC�&#x1F;ʀM�&#x4;�ǯ&gt;�� \n�&lt;t��l��q��&#x6;�"�N�+/`F+S"� ��g�n���-���b2r:����3�B�&#x1C;�[?Җ9b��&#x19;�#
N;��İ��F�&#x4;�ɑ���E]��B&#x18;{�A&gt;���iXc������4���4��&#x4;&#x3;�&#x3;A@N3�pW�&amp;�f�d��(��6��&#xF;S]��&#x8;,�eRT$e�&gt;����&#x11;c���R&amp;At�7&#x12;M!�9$��O��,�1�;&gt;����W&#x6;YU\0�5f�&#x8;�@9H�Xc�"v:&#x1D;&#x2;H��s+�K�I5��̳jN��\0&#x1;&#x15;�&#x1B;&#x1D;�=8�g\0&#x11;L��i&#x8;�4�P&#x3;&#x1B;�&#x6;�G&#x14;�Ґ&#x8;O&#x14;ަ�Êh�@���hQޗ&#x14;&#xE;�&#xF;&#x14;�{u��!:R�M&#x1D;iT`�P�`Ը&#x19;�M89&#xB;�ց&#xC;�0&#x3;&#x1C;���h�=1�П�&#x3;7&#xB;@�L�9�l-\0sN�&#x1F;�&#x1F;L�"���)&#x14;�г\0�&#x15;�h�m���&#x12;&#x14;~&amp;��H�a�t��m:&#x1;лn��Y�ћ�ۣ$����&#x1;\�lk�h!?��5&#x8;�j��\0!Kv��J��G&#x1A;���\0lS&#x13;��&#x8;*��5"��&#xF;���Q�֝�H?
L!�4�9����R��=a�2sʞ�u&#x14;ۘ`��Cv�wU�v5#&#x10;:�:�(N�@�T��&#x1B;�i&#x13;�ҷ�Z&#x1E;����\0�I���&#x1A;l������;{�\0�vy]�&#x14;��DF6����ռ&gt;aSs`K�z�u��+U+�5h�ꎒ��&#x1A;bڽ��
��$t���z���^m�&#x1A;�&#x1C;y����^g&#x14;�&#x1B;2�&#x15;&lt;27O������ھ��x��E����A�z�&#x18;ˣ6.���7'�݀`3U#̈^,ʹ �&#x19;&#x4;W!��I�D&#xC;T'���=sL�e�==]&#x18;�,NA��O@rO��&#x7;&#x19;�eO��&amp;�yy&#x3;����&#x18;��W&#x1B;��o�f�E��K�\p���&#x15;�d��(ˍ�~��&#x12;�����Uhoa��I�O@íY,���h�d�(=&#xF;�Oݚ�v&#x1E;����&#x2;&#x6;Q� )����Wx��&#x17;�5�&#x17;&#x19;&#x7;&#x3;�&#x3;&#x2;�&#x13;ޕ�[V��!��:W&#x11;x�!A䚖�+�5vM��&#x13;&#x19;�|���&gt;�&#x14;�gr�,�q&gt;楋|p��&#x5;BAa�P�&#x1B;�q�փ&#x1B;܍N&#x18;~U ����׭I�&#x1F;0��0b�:R&#x13;I��&#x19;��PM�&#x3;�/94���K�.z�*±�&#x14;��0��9�&#x12;-&#x1;�=&amp;*?4P&amp;Q�&#x1F;΀�&#x1E;TRm&#x6;�ӧ&#x18;S��'_��&#x16;c��&#x8;&#x14;�&lt;r�$�����,�:���%q��L�&#x1F;s�{g%2~�&#x15;��&#x3;,KR���f_���P7��@�X����ֵ�p&gt;Q�V}�,&#xE;��Z��Ұ�#��Ӳ�54�&#x15;��s�Z��&#x11;~�&#x13;&#x18;�W&#x1C;v��&#x1C;;�&#x18;�9�7��_;v�ewcyB.Vh��4�%�+�&#xC;��+=���Y���&#xE;8�C�&#x6;&#x1B;{c&#x15;&#x4;0&#x4;�1��\�"��K#��&#x19;7tq�n�q����:(�&#x18;c�W��+�K�d�ǵ[&lt;&#x1A;裴�0&#x4;&#x3;���)�$�ԫl�A�SL�&#x19;�j�w.F}(f��&#x1D;�YT�ܠ�E0�\0��ESz&#x19;�j�a֝M&#x14;���؎h�U��&gt;�XK-�V���Ɍ��\0{�j�щ&#x13;af\�+�&#x6;��f�&#x18;�&#x1E;d}&#x4;�:�?�&#x17;&#x1D;�&#x1C;2&#x6;C�&gt;��Vh�+�OPz&#x1A;��&#x18;ϛg"�nLd����J�&#x1B;��+�H&gt;�7Q�4\��P��h��Z Y��'c\���HQ���&#x8;&lt;&#x1A;��T�&#xE;1Ў�ݕ��St6H�Ɯn&#x15;�g�㫇��1&lt;aa�py&#x12;33�ܧ�`qI��Iq`�&#x19;U(��w~kz��	�P\Y�0���q�P-�&#x16;���49&#x5;H~�֜���&#x6;r��k��&#x19;1)&#x1;�v�&#xB;�&lt;9'��Ү�g{&#x6;�5�&#xB;&#x1C;�)_�&lt;���3LYf��\0V���۰?�R�d8�[���/Mýt�&#x1D;A�KLb5��S�㜅&#x19;�=��&#x12;&#x2;:�U�D��Lf^��R)�A�Y��෰�����&#x14;��&#x1A;���u���_H���&#xB;�&#x15;�4{� ՙ�&#x7;֢�&#x19;����dՈDL��&#xF;�&#x1F;ʤ����樎H�2l&#x19;�4���瞵#��қ&#x6;br]w)��&#x10;�/�=M+"�&#x7;&#x4;��&#xF;�S�E�`�K�&#x13;�n��"��qEv�0�{��ǥ4��\0v��\0&#x2;r;qHG4��FT&#xE;��z�� R�&lt;
&#x1;!�G��
&#x1;'�&#x11;����9'=i&#x7;(�&#x3;�R�&#x1D;��qK�h*�w�;�\0&#x1E;)&#x10;&#x13;������Rx�H����;�� Q�8
_�N�JW7QBc&#x2;�&#xE;i�qґzҹV�K&#x10;�&#x15;�l�"�@�aZ���
�l즬����c̔�D&amp;�&#x13;�FoSZv)�}&#x16;yO&#x5;�QY�1֥�&#x14;um��\db�QR��&#x19;FQ�����V�%�����P#&#x15;&#x1C;UI�&#x17;P{���.�3'&#x14;��B�z`�V|�&#x14;��&#xF;C��Ҫ7���&amp;� ʙ&#x7;&#x1C;&#x1C;�)3:���-�p����޳:&#x10;�P:�.��&#x15;&lt;��M-����&#x1F;A*��&#x8;v��R�B�����_hx�ۤ&#x1;O&#x1E;b���@�4����8Pyۜ��4��[˕&#x1A;+��&#x13;��\0&#x1;4�n��K7
&#xF;;&#xF;*~����p�9��0�&#x2;pG�4&#x13;`��`� �v�&#xF;�;U��3�`��9���@6\&#xF;2&lt;}�9�E&#x8;�F��eV��+&#x1E;&#x7;��+&#x1A;z{��3��K��J�F}��R&lt;�&gt;�tr���&#x1C;��&lt;�-&#x2;UX&#xB;&#x12;&#x6;G�5wM�I&#x1F;�&#xC;���]I#˹&#x16;�&amp;�Y|��&#x18;&#x16;ʂ1�V&#xF;�&lt;ֱvI&#x15;Q�c�&#xE;y�ֵTӼ4����X¨^H�s\�����k�g��e&#x4;�&#x13;��G).Z�6q��˥E\0y�����&#x3;�t5����i%�AYY��#���k5�C��r͞6�\0��bݎ��3\�nw�#&#x7;�A��@���5�x��t�d]Jd���&gt;�2}i+��9ɦm&#x14;��&#x7;JCv�M�ҝފ&#x2;�\0(&lt;ґM�&#x18;�����X�&#x1D;jJ&#x2;i&#x8;M7&#x1C;�z�L��4�i&#x7;JP)�A��mo�)��&#x2;�fl&#x13;P
�&#x1B;S*&#x17;2G&#x1A;�\0��K&#x1E;����4�_���c9bi�n�t��D��Ş&#xF;� �x��&#x12;�&#x17;��2O�jń�-e"tBs�&#x4;�)&#x7;@��&#x12;A
AnWv7�&amp;��&#x8;��&#x11;%M��(&#xE;բ�ҖI$�|ۈ�Z�3S�F��&#x17;jɴ&#x1C;�&#x18;�V�&#x11;���[˷�e���&gt;s��߈�8�&#xE;�F�*�����	cy�Y��V����Y��&#xC;��-�&lt;HA$�m�AK�A�Xď&#x1B;���Ux���R�&#x16;����E&#x1B;��&#x8;�8�&#x15;&#x16;�^i�l�N�q���?J�%�6�Qn�]�1m��*KZ��F@5�a&#x1E;�&#x2;�mW�&#x15;�hp��&#x8;1޲z�&#x1D;�&#xC;nmjc�Ҡ�unMe&#xE;+O^|ܤc����D��&#x14;׻qR&#x3;Fy�4h~x�wG&#x17;&#x16;����k5R�&#x2;KS�\0M���i�9-�9�����\0]&#x13;���|�j&#x1B;��&#x1F;��?�4ɚв�����P��&#x2;i&#x17;bI&#x3;2����&#x13;P&#xB;����&#x3;&lt;y�2&#xF;�S��T�`&#x18;t�1nq�ܧ�����&#x7;`�~��P��&#x1D;P�\0�,R&#x1;&#x15;�{&#x1B;�yR}A�h
�����&#x1D;U�
&lt;�e�P#&#x1F;o��4&#x5;����s4^�����MX�L�m)���&#x1F;�=h�倃&#xF;�&#x1F;tc�=�![k�NJ0����&#xB;&#x1A;"K8&#x1;Qp��g�-��9�]�Z[%��BY��[�����X��g�19XԂ3��^�&#x15;{��W ���&#x19;�&lt;WbZ&#x1E;,��ΣĚ=��~d;dH�\�&#x1;ɬ�.�g��
�m�9��N��tz��&gt;&#xE;y��8�&#xC;�뚥���h&#x11;:&gt;w#nL瀤�&#x14;6�&#x13;H���C�=�&#x1;�&#x2;�&lt;n&#x2;��љ&#x1F;#k�I�:Vv�r&#x16;&#x1;!�&#x12;36q&#x14;�0\0:�z��&#x18;�c$�\nU��#�B��u&#x5;��Fk&#x15;�-W�yW�AT�&#x11;G&#x1F;J�-P�gM5ʉ(&amp;��F�Sck����Rd�`�!4�⛺�u&#x16;&#xB;��dS	�'ҝ�lwZ8��&lt;�&#x17;$&#x18;�dTy�4Xi�����VƢ�b&#x18;F:|���P�Ұ]2��S�2m�dc�&#x15;&#x14;&#x17;2[�h�i=x�U�K��5�zmB�t*�|��c5&#x4;r�l&#x1D;&#x18;�&#xE;�T&#x1B;�wQb�F�j���L�&#x3;�\05T�I$䚇4�ұI�_�T��=�1�l��y�]�f�&amp;�朇&#xC;)4T]��jrEv&#x1E;&#x1A;T&#x13;oc����7�WS�N&#x16;&#x13;�5�ҹ�%�&#xB;"�/�{#&#x3;U�ZBۘ�Z3Y��TU��&#x13;I�i4����Z�孿���&amp;��V�&lt;��\0�u�F�;��b�At~Q��3V*���&#x1F;��&#x13;?��:S֘)⁄�ʟ/&#x1;�d�j&#x11;p�r�3&#x11;&gt;�*&#x1A;�M�&#xE;�g�=�!r�v�&#xC;L{0ʟƘ��&gt;���M��&#x19;ʚC2��u&#x16;��&#xC;���8&#x1F;=��Y&lt;��*
&lt;�L��9S�i��GZ\0A&#xB;�3l��&#x6;9_#�!��A&#x18;��i�
&#x11;�[J&#x17;��W�2�&#xC;O	?� �&#xF;�ڀ*�v�\�&#x1A;$2.�&#x1C;s�&#x15;�ء�p�
�1Q�0q�&#x2;�&#x2;kH�H�\�eV+�3���&lt;�ɻ�PƲ�&#x1B;���&#x1C;d&#x1E;�f����Iji��W٤��aꪂM�v4ž�&#x1A;O�&#x10;��8X�&#x1;���Q��/&#x16;I&#x1F;�&#xB;��&#x1B;��U&#x1C;u&#x19;9��+&gt;�&#x18;m�5)6�&#x14;�\0&#x16;@~��&#x19;&#x14;&#x3;F&#x5;��I&#x4;0�RW��Z�(��$��B��Gc��E/q&#x18;&#x7;&#x1C;�Y�������2v�l&#x1E;��7�1���^�7&#xC;1�8�)?ӧ;��}y��ǥ4kr] �=�w�C@��KR���i��s&#x12;�4n�.&lt;�)B���&#x6;�$��c8��2&gt;�	�M��&#x7;J&#x15;Y�U'��ȹ&#x1C;�����7�&#x8;=	&#x7;&#x14;&#x7;3$��v1�=E4�6�s�u��ª�a�=q�i�U2n	���ց�VVLn&#x1D;zSsK,��&#x1;�I�1Q怹&amp;isQf�v&#x5;&#x3;�(n&#x8;�7T&#x1B;�&#x2;A�,&#x1C;����Py�y��&#x7;9c}(~�W�4�'�&#x16;&#x5;RƵ��+z�R&#x14;�\���0�o�I�&#x15;�V6=*&#x13;SV6b�&#x10;)Ū�F��`t�I����A��l\�k��A�\0]��5X�U�o�C��T#�\0&#x1E;���56D�v�&#x1D;��F��&#x19;�&#x6;��8	���X�$�\4��&#x19;��n�0[���E��1���\0:�/��m�쾽���jx&#x14;�j&#xB;&#x1F;#0\��#��P��$&#x1E;\�a?� �H�U7&#x5;,GaQ&#xB;�y��&gt;R�AL}&#x7;}��6���h��N'���#�&#x14;}��0H��u_ʓΙ8�&#x1D;��џ�@�X��[ɱ��?�R���q$&gt;`��g&#x7;�&#x14;�����_�����n�8&#x1B;e&#x1E;��@�5mR��բ�X�ٱ&#x1E;��$��&#x19;�����$q�&#x1F;����Z�0o��1Cl|�&#x14;1\0c&#x7;&lt;u�T�u+�&#x17;��&#x2;��H&#x1E;@�' �]���6|U&#x1B;����7&#x10;Q�&#xE;�Jn�y&#x14;�L���&#x4;h���,&#xF;�k�&#x16;��{�����ʬ�&#x1D;�'��&#x16;?eҮnD���H���&#x1E;��]@��&#x13;�=B1�v�
\0h�&#xC;@�#������3�&#xE;&#x16;&#x16;�\0�k��ĞN��+3H�\0&#x7;�"��'xsr���@@ɫ:�f&#x1B;���
�Z��&#x5;&#xF;�&#x13;4�&#x18;`&#xB;&#x1C;d���&#x1A;&#x10;�C8�fi	&#x2;(�,G�s��X&#x10;:&#x1A;��H8]�&#x7;�zT�.�N���&#x2;k�&#xB;?��8�]�&#x6;�o�&#x8;&lt;����e��d��&gt;�&#x1B;��&amp;�fiT&#x3;�'��;;�Ն�E1&#xB;�3@�#�@&#xB;���x��GE\0HA\0&#x1C;�)3M��;R�`;&gt;�n�
0=(&#x18;&#x3;K�)0)z�1Т���\0�	����LҠ�y�u7 ��q�H�&#x15;��&#x7;�jw��x�3���g(��&#x1C;ZL��&#x8;��e����!��4��L�"}���&#x13;����&#x19;��q#"�k��5BF&#x17;�y4�[�	��I}
��&#xC;���\0&#xF;j��js���Ss��+"	�&#x6;&#x15;�e2�7b�m�oƶm[�eUhwann�"��_Χ&#xC;&#xF;B*�&#x4;&#x12;8&#x15;`��H�C�ש`&#x1A;pj�i# �F$&#x1D;&#x18;&#x1F;��6O��pҢ&#x3;�z'��S&#x7;�@~���7&#x7;�3�A&#x4;�U#)�l�0�۰]ػ&#x1F;s�G~~h�b�����l*ʧ����(�&#xB;&#x1B;�&#x3;&#x18;$n�&#x15;K̉�vȞ��Kui&#x8;-�OLՠEW�T�0�6�I\0sɩA���ka傂H'&#x1E;�9�&#x12;�&#x17;d���&#xF;8���&#xB;(����)ɭHD7!\:H�/�����4�&#x12;���CZ���3�H�v��"�q&#x1F;��ċ���RX&#x1D;e��F&#x8;�J��H݁�S%�?��*yx�3��&#x6;��U.g���8$&#x16;�&#x18;"�&#xC;�q&#xC;�/��0�*���2&#x2;�K�q�&#xF;�U�3F�b��&#x1C;&#x11;�JI��أm:]��,2@�k��0�vVXcp�v�s���(���[��':���&#x2;Zn�sgr;&#x19;�?�QE.��dCȟ�����t�sKmᤖ&#x19;&#x19;&#x1B;�e��d�ή1��&#x2;Ŏ�r�sT@Ȣ�c&#xC;R&#xE;�J(��{QE&#x14;�)h��AN�&#x14;Q@&#x11;&#x1E;�QE2B�(��&#x7;&#xE;�QE2�R�\0&#x15;&#x14;P&#x2;&#x1E;�QE&#x4;��ih��&#x1;�?� �f�((�.��m����Φ�n&#x17;sV&#x2;~SWX�����F{&#xF;�(&#x14;QA$7ӽ��x��&#x8;&#x1C;��w�&#xB;&#x1;�($v���'�	�H���~�R(`9v?Z(�9��$"���*Q,&lt;�&#x18;##p�#o&#x11;&#x11;&#x2;���s�&#x1C;�ETL�Q�y!��%�&#x1B;\0���&#x1;Vt�&gt;�\0�tS�d&#x13;���E&#x4;&#x13;2/��FK�1&#x1D;���6񳳀T���p(��\7?��PK&#x7;&#x8;��"6J'\0\0J'\0\0PK&#x3;&#x4;&#x14;\0&#x8;\0\0\0Mt_?\0\0\0\0\0\0\0\0\0\0\0\0"\0\0\0Documents/1/Resources/Images/2.JPG����\0&#x10;JFIF\0&#x1;&#x1;&#x1;\0`\0`\0\0��\0C\0	
&#xB;
&#x8;&#xB;&#xB;&#xB;&#xF;&#xE;&#x10;&#x14;!&#x15;&#x14;&#x12;&#x12;&#x14;(&#x1D;&#x1E;&#x18;!0*21/*.-4;K@48G9-.BYBGNPTUT3?]c\RbKSTQ��\0C&#x1;&#xE;&#xF;&#xF;&#x14;&#x11;&#x14;'&#x15;&#x15;'Q6.6QQQQQQQQQQQQQQQQQQQQQQQQQQQQQQQQQQQQQQQQQQQQQQQQQQ��\0&#x11;&#x8;\0�&#x1;~&#x3;&#x1;"\0&#x2;&#x11;&#x1;&#x3;&#x11;&#x1;��\0&#x1F;\0\0&#x1;&#x5;&#x1;&#x1;&#x1;&#x1;&#x1;&#x1;\0\0\0\0\0\0\0\0&#x1;&#x2;&#x3;&#x4;&#x5;&#x6;&#x7;&#x8;	
&#xB;��\0�&#x10;\0&#x2;&#x1;&#x3;&#x3;&#x2;&#x4;&#x3;&#x5;&#x5;&#x4;&#x4;\0\0&#x1;}&#x1;&#x2;&#x3;\0&#x4;&#x11;&#x5;&#x12;!1A&#x6;&#x13;Qa&#x7;"q&#x14;2���&#x8;#B��&#x15;R��$3br�	
&#x16;&#x17;&#x18;&#x19;&#x1A;%&amp;'()*456789:CDEFGHIJSTUVWXYZcdefghijstuvwxyz���������������������������������������������������������������������������\0&#x1F;&#x1;\0&#x3;&#x1;&#x1;&#x1;&#x1;&#x1;&#x1;&#x1;&#x1;&#x1;\0\0\0\0\0\0&#x1;&#x2;&#x3;&#x4;&#x5;&#x6;&#x7;&#x8;	
&#xB;��\0�&#x11;\0&#x2;&#x1;&#x2;&#x4;&#x4;&#x3;&#x4;&#x7;&#x5;&#x4;&#x4;\0&#x1;&#x2;w\0&#x1;&#x2;&#x3;&#x11;&#x4;&#x5;!1&#x6;&#x12;AQ&#x7;aq&#x13;"2�&#x8;&#x14;B����	#3R�&#x15;br�
&#x16;$4�%�&#x17;&#x18;&#x19;&#x1A;&amp;'()*56789:CDEFGHIJSTUVWXYZcdefghijstuvwxyz��������������������������������������������������������������������������\0&#xC;&#x3;&#x1;\0&#x2;&#x11;&#x3;&#x11;\0?\0Ź�.昣�!��;I��և�b�;%�&#x5;2�͖&#x1C;�&#x13;���&#x1A;�:R�=�&#x17;&#x4;J&#x14;�&#xC;O=�j��rY��Y/#F��&#xC;�&#x11;�3�E�ژ��5έh���8?/zMR�̱��
~�&#x7;&#x1D;�\�����l~�t'�[ &#x10;v�U=~�m,�L%/+9�A�&#x1D;Ec&#x18;N�&#x1C;(&#x1F;2�&#x3;X�[Qj
y*ۂ���TI撨V%����y&amp;�n�9$&#xC;
�"�&#x14;P&#x2;�g�i� P���3��U4�&#x4;�&#x1F;�怹&#xF;4��"�e&#x6;iwSh�&#x17;&#x1F;���S(�.-&#x14;QL&#x2;��E &#x1C;&#x1B;�]���:�+�&#x7;�Ri��K@\]�n�⎔&#xC;viws�&#x14;�(&#x2;IT(�ף����&#x7;��s��G�'��t&#x5;�,���^��h5@u�&#x10;��d֥F��𳠶�&#x1;&#xB;��3y&#x11;��Ȯf&#x6;&lt;sZYͿ^Փ�&#x13;O��[�m,�&#x1E;�*@�z&#x11;X��S��x$T:+���ˬM[�&#x19;���&#xC;�g&#x1E;��n1nC1��W�3��X�;�^=��&#x1C;�50��w����K�2��&#x7;��k��;q2&#x1E;�'�j�e$\0�&#x10;FA&#x1D;��s�ONk���&#xC;v0+�p=iʕ���&amp;2~��qK�T��&lt;u"�[�ۡ&#x4;�vf��^̲]�nO�9&#x1F;Z�&#x6;��`��t�	ܼ�x�&#x2;U#�(p{д&#x13;w4�֝r�eĊC&#x6;&#x1D;	 ���!&#x11;����&#x3;\0yM�&#x7;z�dG�~�5&#x19;�G�.���b�V��&amp;K����l�~A�y&#x3;&#x19;�*��%.$j衈&#x1B;Nj&#x14;��,m�ߌp랞�Iw;H���K&#x1C;��G�2I�S��E�f�ul.&#xE;y8�x~[&#x1B;m&amp;��� ��&#x6;&#x18;&#x2;
�ԑ�M�:�ZBN
���4�0iP�.&#x1;&#x3;�u\�z�G#�w�Es��&#x12;4ޤ�\0n9��XW��K&#x1C;�w,�&#xE;&#x5;u�q%�Ɇ��h����&#x4;W/����tۙ&#x18;�9�Jq{�M-,fRъ)������&#x2;�|�\0���R�����
&#x3;�&#x1D;&#x14;P&#x7;4�^(��AAE&#x14;P&#x3;�&#x19;4c�M78��\0��&#x1;E&#x14;S&#x1;)E%*�g�	&#x16;�IE &#x1D;ނi���&#x17;4RR��\0I1�c&#x1F;�Z�Ԓ�\0&#x7;�
�&#x14;&#x14;�&#x1;OS�2��E&#x4;��&amp;�&#x6;&amp;&#x1E;��^���&#x1C;R!�&#x2;GBiC&#x1A;@){�&#x10;�$d�8B�&#x17;&#x4;/Z�9K&#x5;,&#x7;�L9�&#x6;��'�$�\0i���bC�T�\0(Q�8\0zTB�&#x2;֭I��s�&#x3;ש:��r�&#xE;A���b�&#x5;M�݉C�O��"����&#x5;&#x5;�&#x1E;������C�Z&#x2;�E���w�V�&#x1E;j�cJ&#x1B;�\��T��^&#x17;C�T��qֳ�&#xF;J7RpE��[���١��l6&#x1;=Ny�j����,&#x12;���&#x3;��&#x13;[z��B�!��e}�c�Ҳ����P���}&#x6;+k�6�v��w�&#x16;�&amp;$&#x1B;X��p*�m$Ϊ&#x19;���֬Z%�r&#x13; W��&#x1D;x�Vt&#x1;&lt;���ri)!4�d�&#xF;G�J����#xy|�\0��}kP;�&#x3;&#x1C;}0N}��Ԟj�2c\����t&#x16;g;&gt;�&#x18;�f&#x11;mn@�k��tҼ�);�g��\0�W&#x1B;��Ckvȳ��K&#x1;��)�3;4�!&#x8;&#x7;&#x12;~��&#x7;f�)����S&#x1;�;�&#x1E;�g�*J
(�u�\0z�&#x18;`�GN{�ē�\0(��\0(�&#x14;��&#x4;��&#x7;4*�l&#xE;�1'�i��QE0&#x13;�\�E\0H&#x4;e2\��LqQ���\0)W�%(84��&#x7;Z�&#x1F;�&#x3;޳#�&#x3;П®��&#xC;eXcڑ�-�Kޫ}�?�)E�~��,�w&#x1C;[Ɏ�M0]D�
w�!*Aq�&#x1C;�&#x8;��&#x15;�ۡXSwP��&#xF;i�&#x1E;~�0�����SԜ--B.a�&lt;�R#���&#x2;3��&#x12; %��Jb#'vNqUL����&#x1F;�8\�?�/�E�tH&#x6;X�R��Q��9&#xE;)|�ٗ�"L&#x1A;Jo�&#xF;V&#x14;o&#x1F;�&#x14;�&#x5;�c|7�O�K&#x1C;r�x
FO&#x15;�{b��ݼ��仇��o&#x19;�����\0�z�٣����2�&#x13;�&#x8; &#x3;M��&#xC;���&#x1C;��u9�y-�؂�)�\0�S��̨�&#x14;����r$MٲT*�2��MD�A�e_b¨��fx˘�F[��s�a[��M����&#xC;r���&#x17;'5J�ßB��U��!&#x1D;�a�`�"�Ύ�I��&#x3;�5�]i�D&#x7;Ζ�&#x14;b:&#x2;v�G�-%�C&#x15;�Q�&#x3;�ª4�u�.w9SEK&lt;F&#x19;Z6�&#x1D;j ��(((4Q@&#x5;&#x14;Q@&#x5;&#x14;Rg&#x14;\0�QEH�u��3�&#xF;&#x4;�
&#x6;&gt;.7&#x1F;AQ�����=V�T&#x8;(��\0(��\0(��\0)���&#x14;�Q@&#x16;b�E8&#x5;*�&#x14;�W�&#xF;�T!&#x1C;��&#x1A;�j&#x19;&#xC;��ooʕ\��T�r�B$&#x7;�A�)E�E�P/��&#x1E;�&#x3;�Ew&#x7;�n@'*21�&#x14;&#x5;�)w&#xB;0U�&gt;�(��B��&#x2;�t�X�%#&#x1;G�z��&#x5;&amp;2M� �_ʘ&#x17;k1C�q��Bi���!&#x12;�&#x4;ʬ{�(ܸ���\0|�[Ǩ�3 ���ѨX��#��������I�U���\0=W��&#x11;&#x16;&#x3;�_΋0�:�&#x16;&#x6;aL�)�L_��?*��qg�_��;��&#x1A;5&#x2;&#x17;��&#x1B;�`?� ?�Fn�s�6&#x7;����tQ�z�;r�&#x12;&#x19;�&#x1C;�S��&gt;�I��y��rNC�;kNB���=&gt;[�&#x1A;8ee&lt;n�-lZ�j&#x5;�uČ�F@&#x7;�ε&#x1A;�&#x11;P*�&#x2;�1U��&#x15;�H�9&#x1E;��R&#x7;!�on�&#x6;.�J�&#x1B;O&#x1;j	v�&#x14;�I��Y�\� &amp;~E�&#x17;�1n&#x19;3�_'�&#x19;�d&#x13;LQ���&#x7;&#x1B;H&#x6;��r��xB1�&#xE;���h��p�NNED�\�/&#x1E;��&#x1B;x�&#x3;&#xF;R&#xB; &#x12;&#x5;\0�R&#xF;Pj����tƄ�I&#x3;����+&#xF;P�H�-&#xE;|��=���N�==�PQE&#x14;\0QE&#x14;\0�&#x1C;&#x1C;QE"B�(�&#x3;�O+��;�ir@�&lt;zR(&#x10;�pON�:�b;v�⟿*&#x15;�\0��&#x3;(�H�N&#x15;�&#x2;&#x1;�6�&#x5;&#x14;Q@��(�\0%9G4&#x1;R"�&#x11;,$&#x3;�]YS&#x18;����(�&#x7;&#x15;,E�*�棖�$8�&#x13;T�8(�z��y&#x1D;hQ&#x1A;E�\0�&lt;0+&#x10;#&#x1F;�j#1�w&#x1;�ڪ�;UY&#xE;ſ�	��EE&#x1E;n�|&#x3;$�Q�&#x19;i�F&#x6;޹8��L&amp;T&#x5;XHpU&#xE;hv&#x6;$�H�cri�#&#x16;?9#=�gO*��~]�&#x14;��;&#x2;&#x17;h&#x3;�s@h0�z�i1IRD��X�
`Mo&#x1E;Ѽ���V&#x6;&#x5;E���1�&#x1C;\01M��I�9&#x1D;�R�ZR{R�=\0&#x4;�F��¦=�v뒠&#x12;z�,����ςL��P&#x1B;��&gt;�\0&#x1E;�R}�3&amp;&#x19;&#x1C;�BM8�&#x4;c�x�\0&#x13;Vf@o�tx��t϶�x-���"[t&#x18;+&#x10;��#}&#x10;o��{&#x10;(&#x1;&#x1A;�R&#xE;&#x3;���:�Gwr&#x7;�s�Ҥ&#x1A;��#��=x�Q&gt;�&#x12;�&#x11;�H��c4�fM��8�&#x16;�\R���y@}I5M���-�SF��pcf&#x3;ހ�w˘�Y\0�9�j'��&#x19;�&#x2;1��G&#x11;Efb&#x18;�]�ⅹP��&#x19;]�$y}(&#x12;1g��3/$&#xE;�&#x1D;j*ڽG�M�duo�'\0
�&#x16;&#x17;&#x1D;&#xE;��\0&#x2;�h�[�Q��V~�(�YFN3�Sa08��sLwEZ*ɲ�u+�\0}Pln8�&#x6;�&#x14;&#x5;�V���.&#x14;�&#x13;~TƂT���c�E&#x2;#��)\0�QJ&#x11;�E&amp;�Ģ���&#x4;b��&#xE;��QE1�&#x14;R�&#x2;R�E8
	��&#x19;�S"�T+*�&#x15;4$�H@3�{�&#x1B;$&#x18;��J�J�v��V��O(&lt;�z}���U�B��l�א�#�zRLH���\0��K&#x1C;�5۰&#x10;y�E�VPR�2(�\0hRs���T��&#x8;\w�&#x1D;&#x1;�5 ��ENGSE��os&#x1C;�Q�&gt;��&#x17;����g9&lt;�j�&#x17;.��a���aR�e}M��:�\0&#x1D;}ɪ���s&#x1F;���I4�R����9�0�O&#x7;&#x19;�����&#x18;�sS&#x1D;��A���HF&#xE;1�h&#xB;���'vIa��R���I�:Ԩ��a�66ݸ;&#x1C;0�h�\O���fn	�R&#x1;&#x12;�T��҈�&#x5;��8�Ne%C?S���&#x2;��6H�-�I�� ���R~�[1&#x18;�&#x1F;&#x1E;W��d&#xF;SE�RÙ!��'��TEَ�R&#x1C;��}jT�_�P&#x7;�i���&#x7;�
�&#x18;늮��Ƞ4�&#xF;J&#x10;�B�b��:�V&#x13;L���ǭY��t���X�&#x18;&amp;B?�9�&#x8;��o5Y���Ri�U���&#xC;�#�e,q����Ӏ&gt;�+\��-&#x1C;��&#x17;&#x1F;Κu&#x8;�&#x1F;,\0&#x1;ݜJB�k�!�̜�&#x1C;�Ni�h�p
���ڴ�ue$�&#x1C;C�5U�F'�8�\0u\0��2�L�0�L&#x1F;Q�QlldF�w�b�I#�?S��Q&#x19;��&#x1F;�4&#x7;+4� (R@�'.*?0( J�&#x13;���&#x3;3�&#x7;�S&#xB;�uc@r�&#x12;M�&#x1C;�lSMĪ��&#x10;U&#xF;��PW)i�&#x19;���&#x3;Q3���7�Q�Hj6&#x3;֊(�0RW�#�iK����4�P&#x2;&#x1C;�sKE&#x14;\0QE*�7E'�&#x4;��&#x16;�&#x1E;�&#x7;�҈\0�"�&#x14;&#x1;&#x5;-X&#x11;!�,���&#x7;�H.@�&#x19;&#x1B;7g�D&amp;�è9&#x15;d+c�&#x5;&#x1E;��ylOL�W&amp;崽��,�0�zf�ʢyK����&#x15;!1'C��Q�6%� �&#x6;p{А��\0#j�r{�RF�Ǖ&#xB;�p)&#x1A;W ��Q�j0�io�=�Ѩ�&#x1D;AeB�7&amp;���]��͞\0&#x19;�t烕`&#xE;j��鷈)�9RN{�&#x18;Ȍ��)&#x1E;O��G&#xC;�1�\0&#x19;��V���DJ�F&#x18;&#xF;�Q=�Aã�͹b&#x7;�� �_2o�1&#x1B;��֌��$��=*�&#x1A;u��&#xB;&#x15;���&#x3;�N&#x5;k[�[S���R Nr���E��
[��p&#x6;��4&lt;XÒI�H�溗����,W0�����%��$3��&#x8;'!�&lt;�&#xE;�JW&#x3;���F]ʆE�&#x19;Q�&#x18;��h�&gt;�Q&#x18;�z0&#x18;}k����&#xB;&#x1F;�[�c������a�m����8��+���}:/7s\&amp;�2T0,�Bj�i�RfF��f&lt;�&#x1A;t�d&#xC;�m���pw&#x3;�9V&#x18;ܘ�
��,�Ҹ&#x18;O,��u�+�\�o�&#x1F;=ۿ��&#x5;g2�bqH#&#x1E;���\{ذy����?�B�Q�����'��;@����&#xF;4&#x6;��v�&#x1A;"&#x1F;e&#x14;�=��y�����9�&#x15;!|m\0&#xE;E&#x3;��dc�=C&amp;C&#x10;I"��6&#x1A;6�&#x4;稠&#x12;# n��&#xC;g\0�4&#x4; g&#x1D;i�����q�`O_zM�$\0x�&#x6;QR&#x8;��
x�&#xB;��@&#xC;�&#x6;�&#x10;�9
&#x1A;�a#�&#x10;&#x5;&#x17;&#xB;�h�^\`|�&#x16;��#�n�Ҹ\�NTv��MZ&#xC;G܌&#xF;&#xC;�r�&#x14;&#x13;r����&#x3;�N�6&#x7;�"�t�U�brx��!��ΐ\�C&#x8;���AN&#xB;&#x18;�b���!(��5&#xC;�&#x11;&#x1B;&#xC;&#x1C;��ڀ�"�?t*�aN�ǒ��⡆F&#x11;mNY{{R&lt;�s�q��b�\0�v�[�2j@cP&#xF;&#x19;�&#x15;W�%�O᚜�U&#x4;�N��{�03&#x2;�\0*�b��R��&#x8;&#xC;s�r�����OL~ue�9�-�ƣ\0�9&#x7;ց&#x15;�ˆ��&#x1D;G�0Fwn-��犻&#x12;y���y��&#x7;\0c�4���&#x1B;&#x6;�rF8"���U�\0\0rr1R*o�lMˎ�:��eT*&#x18;�$�&#xC;�V������&#x10;+$H��e!��ҋ��1�p�C�&#x1F;36:��P�U&#x1C;1&#x4;�&#x1C;)&#x1C;b�&#x1B;[&#xB;�mi���&#x19;r��R&#x1;&#x1E;�Ь��L&#x12;=&#x19;d@8u^Z.&#x16;9&#x1B;&#x1D;&#x1A;�R����2&#xE;p&#x1;�kj���&#x6;,��&#x1C;nr&#x6;̜
ٺ��,I�ʟ���&#x5;G&#xE;�#F�=���*Ҟh�&#x1D;��|3ac&#x12;=���`�(�4�&#x1F;�j���̿�&#x19;&#x1F;����Vt�v�&#x1;끻&#x15;Je���Z&#x1B;����@�+����(�U�����#�nu�� a.�&#x4;nlZ˻��A0Fe�ܩ�:	�C�l���`�ݰ�2:\�/��1&#x19;�&#x1;�қ&#x1B;I&#x11;ɰ&#xE;����ԋs%��+BSp��&#x17;&#x3;�&#x15;2�NUC��&#xE;�(Ê\0�v�$ �R*����g���L��m�]Dq���E&#x8;B9�~u
ۨ�tI
g��h&#x1D;��U$��3H�t��9o����t
?��4�NK�8��&#x11;�&lt;/�&#x7;\w�W_�X����&#x19;&#x4;3t�G&#x16;K&#x6;p��4r&#x18;�&#x18;��j�ŋ	[&#xC;&#x1;�\0�Tf���&#x8;&#x6;FkRJ_g�&#x19;,3N&#x16;�T&#xC;�&#x1C;����&#x2;�w
���E�P�sr�&#x1D;6��&#x3;g��&#x8;K#��-�T0�J�a��U�(Xo��&#x1C;q�O:$����&#x2;�r�*��ױJ�H�`�&#x1A;�n&#x19;\0
�߸P�H&#x3;�TMq+z�&amp;��0&lt;�D�G�4�C���cӚMҷ�&#xF;&#x1B;7RM\0+Ƹ&#x1;��&#x1C;�(&#x1A;w$�&#x14;�\0&#x7;�&#x12; �2@&#x14;\0�tPvG�Z]򑀠
�v&#x1B;\0&#x1D;z�R�&#x10;G��Gjd��&#xF;W��G����R�&#x4;@K&#xE;1�j7�L�=p(&#x1;�@����4BA�s&#x10;)���,���p�u&#x18;�8��&#x14;�&#xF;L{�*��T&#xB;��8�y�&#x1C;(\0��n�˫Kh�x�bs�&#x1D;i��7��a�:g�L�9��R6~T�\0R�唗�{S�I&#x3;F��'�����h��$r����!��+�#|��^��=��&#x7;R	&#x18; �@��&lt;�6�Fz{�V��&#x1E;Tʹ&#x18; �&#x1A;\0���C�&#x7;�\0�5nw��&#x8;�b&#x10;}�N�"I&#x1;�d�&#xC;\0ܣ=:S��I�e&#x1;�?0&lt;d�&#x2;&#x10;��\E�&#x18; q�K&#x12;�Ą&lt;L��Ԏ*x�G+j��\0+7�t��+i�g&amp;����6S �&#x3;���r�9x#k�"&lt;.ђ&#x6;3��Ν�&#x1B;���n.�&#x11;uS�Y��*{�&#x10;�ú9!�W��l&#x13;K&#x4;��D&#x8;m�;r��&#x7;4�&#x16;e��Ռ �st�R��#�\Ӆ�"&#x11;��!^&#x3;2��&amp;�i�z��~БG��d�֭�&gt;m��&#x1D;�#�`�U�O�Z��֪G��+9&#x2;�Ji�dl��HNё�V^�&#x19;�FY��,2C&#x17;&#xC;�~&#x15;V���"a�h&#x19;؏��W����&#x1A;~�&#x1D;�h�&lt;�v6A?�^�H�$��63��hA���sʵ�l�����x��\0�g�G�LH:&#xE;XR�h5��i3&#x17;&#xE;6�iA&#x19;�j{}$ĆK� ��q�&#x19;��Y�n��23&#x11;����&#x15;w�V&#x12;�D�1���p&#xF;�&#x1A;\0ך�&#x18;'�ᗣ����&#x14;��$F.H���&#xB;�Ӎֳ���1�'�3VaF�&#x2;��$q�&#x11;&#x3;�\0��Ą�ka�&#xE;&lt;��==�1~�&#xE;�&#x14;ݜn�&#x11;�޴�&lt;ɄqZ�&#x1C;pJs��C$��=ݲ�L�rs��(&#x2;+K��&#x2;�ʥ�?���V�0)+&#x12;�&#xC;d?��O�Yw��tP�U��'&#xF;&#x11;ܪ{f�ֻi�$"&#x16;��&#x1E;z&#x2;�zP���=&#x2;�{}.�ϨO�&#xF;

u&gt;����&#x11;C;I&#x5;�F-�2�;q�~��o.&#x1D;$��=�cː��w&#x7;�f,�;&#x8;���&#x1;&#x1C;�&gt;��V�6N�w:��jY��&#x1F;�r}�j5y��wH�&#x1B;�\�%&#x1B;���P���R?�;&#x10;NK/8=)��sz���&#x11;&#x7;�sڪI},�&#x5;��
m�&#x1E;sp?Ȧ��2Hݿ3I�=��)#'Γ���&#x15;�"�|ƞ��:T���pj6�&#x1C;P\0�\0"&#x16;����&#x13;�$p*2��x������@�6��'8&#x1D;�&lt;\*��?:�&#x7;ܗ��K&#xF;E&#x1D;�@������@���&#xE;[i&#x7;��ұ)r�N&#x6;����q&#x16;��&#x15;&#x7;"�3�)YI&#x8;q��Ub&#x1E;\��&#x1C;c&#x15;b�i&#x1E;�m�N3���p&#x1A;&#x15;$&#x2;GCI���&gt;�ٷ8v&#x1C;�&#x6;q�)�\0��$e��i$���I!�&#xF;QϽ&#x3;-X]}��d`��O��їX6�&#x1;�L+&#x16;r��'�}�&gt;ш�s��PL\0�\02FO�&#x14;�޾����U��&lt;�0H���5�%�V�T�&#xC;&#xF;z��"K��&amp;&#x5;ԯ ���G���&#x15;�*F&#x2;�&#x18;&#x15;(
֖�c�$`,g�- &#x18;�?�4��&lt;��0ݫ_Ñ�_[�El���?ν&#x5;Q&#x2;d"��Acέ|;}y&#xC;~Z &#x1D;��@Ͽ�n��,���i3+&#xC;d�&#x14;WI9?gc��MqeD�&#x18;r�&#xB;t,i=
�E����	o(�]x�I�?��/aa1&amp;&#x8;䃜d�&#x8;4_[�&#x14;�G#�i&#x16;y#�R����&#x3;ґ,���&#x19;ܗ&#xB;!c�&#x2;t&#x1E;��Qؗ�R&#x10;�Գ�&#xB;�nk9&#x18;�2&gt;p�&#x19;#�J����h&#x19;�5-��&#x14;��F֞���&lt;pB\0�Ńf�����&#x6;-�&#x15;&lt;``W"�}��߿֥�d@�de&#x18;&lt;&#x3;�ZZ&#x17;s��&#x17;�&#x8;�&#x8;@x&#x5;�j�����./�7&lt;+&#xE;:�ݑ�+&#x10;O9��&#x1D;�ՙ�'=~�\.t�7�6p��H���&#xE;�pk&#x6;��	��`X�'�&#x3;M��nC���&#x6;*c&#x1C;y&#x7;b���TR&#x19;v�&#x15;\�w`kB&#x8; {s4w&#x11;;/ˇ8��TYAP��1&#x19;��k�5�J�x�h��E�l�&#xC;��Z&amp;	$�#?����9P�&#x1;S�\0&#x16;&#x7;��T�I# #��Àx�[P��"��\0�&#x18;�1�l�ђ8�
&#x11;�7/�&gt;���\M���-�;1ӌ�Qu&lt;�F%��Q�sެJ\0-�&#x7;Ґ��G%���o�&#x6;�?�wm��\0^�ͨ���$�\0gY&#x1D;W!&#x14;���W	}4�e�&lt;�ۼq��C���&gt;Y&#x18;}4&#x17;e��+;�)6����&#x14;f\��*��&#x1C;;F&#x8;@A&#xB;ԯ�&gt;�����rp:&#xE;�*�&#x12;��	&#x19;=��&#x8;� �l̼��_�f��͔3&amp;�pF�^�&#x1D;��a;&#x3;���&#x1D;O�QԾYԎ	E'&#x14;��:�f�#gV�%+����!&#x13;&#x1B;p&#x15;���E�&#x1F;ޞ�&#xE;���!̯��4&#x7;��PK&#x7;&#x8;:9�&#x12;+&#x1E;\0\0+&#x1E;\0\0PK&#x3;&#x4;&#x14;\0&#x8;\0\0\0Mt_?\0\0\0\0\0\0\0\0\0\0\0\0"\0\0\0Documents/1/Resources/Images/3.JPG����\0&#x10;JFIF\0&#x1;&#x1;&#x1;\0`\0`\0\0��\0C\0	
&#xB;
&#x8;&#xB;&#xB;&#xB;&#xF;&#xE;&#x10;&#x14;!&#x15;&#x14;&#x12;&#x12;&#x14;(&#x1D;&#x1E;&#x18;!0*21/*.-4;K@48G9-.BYBGNPTUT3?]c\RbKSTQ��\0C&#x1;&#xE;&#xF;&#xF;&#x14;&#x11;&#x14;'&#x15;&#x15;'Q6.6QQQQQQQQQQQQQQQQQQQQQQQQQQQQQQQQQQQQQQQQQQQQQQQQQQ��\0&#x11;&#x8;&#x1;}&#x1;&#x3;&#x1;"\0&#x2;&#x11;&#x1;&#x3;&#x11;&#x1;��\0&#x1F;\0\0&#x1;&#x5;&#x1;&#x1;&#x1;&#x1;&#x1;&#x1;\0\0\0\0\0\0\0\0&#x1;&#x2;&#x3;&#x4;&#x5;&#x6;&#x7;&#x8;	
&#xB;��\0�&#x10;\0&#x2;&#x1;&#x3;&#x3;&#x2;&#x4;&#x3;&#x5;&#x5;&#x4;&#x4;\0\0&#x1;}&#x1;&#x2;&#x3;\0&#x4;&#x11;&#x5;&#x12;!1A&#x6;&#x13;Qa&#x7;"q&#x14;2���&#x8;#B��&#x15;R��$3br�	
&#x16;&#x17;&#x18;&#x19;&#x1A;%&amp;'()*456789:CDEFGHIJSTUVWXYZcdefghijstuvwxyz���������������������������������������������������������������������������\0&#x1F;&#x1;\0&#x3;&#x1;&#x1;&#x1;&#x1;&#x1;&#x1;&#x1;&#x1;&#x1;\0\0\0\0\0\0&#x1;&#x2;&#x3;&#x4;&#x5;&#x6;&#x7;&#x8;	
&#xB;��\0�&#x11;\0&#x2;&#x1;&#x2;&#x4;&#x4;&#x3;&#x4;&#x7;&#x5;&#x4;&#x4;\0&#x1;&#x2;w\0&#x1;&#x2;&#x3;&#x11;&#x4;&#x5;!1&#x6;&#x12;AQ&#x7;aq&#x13;"2�&#x8;&#x14;B����	#3R�&#x15;br�
&#x16;$4�%�&#x17;&#x18;&#x19;&#x1A;&amp;'()*56789:CDEFGHIJSTUVWXYZcdefghijstuvwxyz��������������������������������������������������������������������������\0&#xC;&#x3;&#x1;\0&#x2;&#x11;&#x3;&#x11;\0?\0��(��
(��
;QE\0&#x14;QE\0&#x14;QE\0&#x14;QA�&#x2;�L�3@&#xB;E&#x14;R&#x10;QIE1�E&amp;i	�&#x5;����-\0-&#x14;Qڀ+Lzj&lt;��,����A"�I�&#x5;4�L�&gt;�\0�x4��&#x3;�P��J��ҁ�#*)f8&#x3;�A��l��&#x15;&lt;���5E�URp9��&#x13;&amp;:���p��h�ѳ�\0���\0:��)C��V$�I��R���C:���\0���:O�;&#x1E;�Q~u��
\0&#x14;�I�=#�R��~����ձ&#x1D;n��\0��΀_Jv&#x17;�Qʃ��O�m?��_��!�t�?��?μ�&#x3;Ҟ��ڎD&#x1C;�����\0��~tӮi���+�&#x8;&#x7;jk��ӊ|��s�&gt;#�G[������@�\0��~�kϊ\0i&#x14;&#xC;�ȃ��1�M4��&#x18;�&#x16;��׭.�&#x10;ż�\0�GLן&#x6;ڧ�VǄ\ͪNǶ���K�E�M��z��&#x6;�Ph\0���&#x1C;��/Z\a�z�H98�&#x7;&#xC;�)i9=(�&#x14;�&#x1D;&#x5;&#x18;4b�&#x17;4&#x13;�%-\0&amp;M\0��KM&#x1F;x�&#x3;� �(&#x1;h���&#x2;�nh�\0+t�&lt;�X�M\0)4��I�&amp;s@���?�F��@�v�Qڎ�&#x1;�3~������Ndc�ޛ�_ց&#xF;�&#x7;&#x14;����&#x19;��&#x13;�=&#x1B;�����&#x4;��|[=d3�/&amp;��ɶ�C��u�-�&#x11;�5H�Q��� VK��WRn9�oɭ&#x16;�0�\0�A�J�L@��.M8�&#x2;���)9�\0v1RG�&#x12;�Y\0+&#x1B;&#x10;N:w��eV*Q�&#x7;&#x18;��&#x17;&#xB;&#x12;g�S[&#x1B;)��׷&#x1D;)��&#x1C;�L&#x8;d��G;���\0&#xE;؎��&#x8;�繓��~B��؈��~�Y;�\0y��\0J�&#x17;&#x13;�S�S껱
1H%a޳,��h&#x3;&#x3;�E�PPQE&#x14;\0QE&#x14;\0&#x1A;O�E&#x14;\0ST�Ɯi���&#x7;�����&amp;�&#x17;4�"&#x3;��݌�4�خ/��4z�%$*�&#x17;&#x4;&#x1C;&#x1E;��NƔ��G�uwڌV,�T����.v�i�څ����t���y&#x1F;�pp���H�Ҭ�AQ�&#xC;�j�Zƕy���&#x8;��"&#xF;�槜�&#x19;���vlƐ�5�n��&#x7;N�K��.D���S��m�\0&#x1F;6k2�\0~���F����Z�&#x1A;��A��5[)��&lt;F��%&#x1B;O�W&lt;�&#x1C;�&#x7;��Ri�D�(�XSO&#x15;&#x2;30�q��J��-�P!�~^i�&#x18;�L&#xC;sCq&#x1B;c��&#x6;C7��u��!n8�)����ր&#x14;�)wsQ9�\08�f�&#x12;&#x13;�*��4�x�
Z�^�#{��k�k����T�4c�Ԋ?�qbR&#xF;Z�+C9&#x16;�l�9����]:y�&#x12;�,qu%�o�[vD�ܪ��ZV�]ܤ&#x12;�&#x1A;�9��[�:�
y��&#x3;&gt;3�V}��s3�Wڹ�@�f�}�T���J�@&#x4;��7�����im��\0�9�s��)u4(Q�r�N�$f�5C&#x8;��[�&#xC;ہ��Z��R=&#x19;n�&#x3;&#x11;C&#x1B;)&lt;��)�^��նӌ���k�&#x1C;��&#x12;���P�f����L&#x1D;.&#x12;C��p٥fV�oy��תĨGa�׊���6m9��Θ¸�i���D&#x1B;&#x18;��A\&#x11;�5�g�[�ưJё�\0&lt;�x�&#xF;��D8�r���9S�SM۸&#x13;]V��&#x1B;��m&#x18;.FJ��\ԑ&#x1B;wx����1�h�s7&#x1B;&#x19;wO�&#x1F;j�|&#xB;&#x1E;�&#x1A;#��'�5���u�zo���t��&#xC;j?L�Ɏ(֜�&#x5;DXh�����D��&#x3;�&#x8;��e��N��C��T�&#x14;QI@&#xB;IE&#x7;�\0&#x14;Sh�&#x7;&#x1A;�}�JO5&#x1E;~c@&#xE;c�c�*7|���Qը$����f���zD�ֻ&#x1F;4����\7�&#x1C;�����ס���xO�&#x19;!���&#x1C;�Jasֱ:H�r�T���Ѵ׵&#xB;S�9��/��\0׬�h&amp;�2e&#x15;%�:�|Ier�o�@&gt;�&#x6;Z�&#x1C;:e�n��h_�X����$5(l&#x1E;8�����K�v=\0O�Z��Ex���o�\0׫1�v�?����\0�T8��p�����6NΟݓ�&#x15;�&#x7;��+��Ք��3��R��,;�C������=��*���&gt;S���\0�k��N�r�U�[��I��J��y���]N;ț��&#x1E;X&#xF;�������2��&#x14;��Ȩ��@�&#x11;�&#xE;&#xF;jB��8���&#x1A;h{7O��;u@��/�ҝ���&amp;S�L�^3�jpx�K0|d��!&#x1E;��\0J�-�y|��q�ϥu~-&#x6;T��@%��5�ݼvV�Z\0���&#xF;-ZsY&#x12;�3%&#x17;0���2&#x1E;	#'����JyԴ�&#x10;����YRM���&#x1D;7&#x1A;��?7��M����,4�7��Q4�&#x1E;*&#x13;�M'&#x14;�&#x17;$&#x12;&#x1C;��&gt;���Ԛ��J7qLE��
A�&gt;�u���y�a���g� ԂE'iZ\0��c$&#x5;V�9&#x14;tf9 }jk;�#&#x5;�H�a�ߓ�z&#x1E;՗g2!b#�#&#x3;���՜��6� �&#xB;&#x3;��Q`;]&#xB;Xk�X˂��8G�&lt;~���K6����\0&#x7;�e�&#x1C;�\f�&#x19;���&#x15;\0g&#x18;�=��=иK�`���&#x1B;�F�c?ZL&#xE;&#x12;a�\Ɲw0&#x1F;��]�Se�&#x18;���y%������&#x1A;Eu&#x7;�:�^�f�mc&#x1E;١���.'�&#x14;�MF&#x4;`&#x1A;uH�^��ޖ�
(��\0�њBNx&#x14;\0��i&#xE;{�Q��A"&#x17;&#x1D;\0�@���J́�&#x15;]���@Ʋ�~i&#x18;�)0���&gt;��M&#x3;&#x16;Wb���q�^�Vo�f&#xC;rv&#xC;�w#\0���\0�M�fo����Ճ�#3���34��&#x7;�&lt;&#x1A;]��њ&#x6;H&#x19;�&#x3;K�\0visL�&#x19;�p&#x2;7�&#x1A;��8��&lt;+&#xC;6�,�.�&#x6;� \0W&#x19;`�n�j��eQ�ר�&#x18;K&#x19;�&lt;���ǉ�(���=�*�N��K`�^�T&#x6;N٦��֛&#x1E;v�ܝ����&#x6;�^����ҤV���B�&#x1C;�¬g&#x15;V��uX=����{��&gt;�\0�ʅ��2z�&#x13;�Jd��I����r&#x7;�+��P=��͒�&#x4;�	&#x4;��E��&#x18;�0��p&#x7;�OH���}�z- ��_��=��[j��&#x1C;t��F��g?�&#x12;����&#x1F;�t�i��&#x16;�H&#x15;�{j�\0X`���4�t��Iӊ&#x1B;�%Y��⌁L9�&#x14;��&#xC;��x���X�LLU���&#x7;&#x1C;�%8^?&#x1A;By⋁��ve�Z�&amp;�#�;�q[�&#x1D;�&#x12;�o�6c@:&#xC;&#x1E;�\0�pV��u,r&#x1;�[V�f&#x7;���@\��&#x1C;���&#xE;�+'�#���\0]Z;.G�)�\0��H�lj=�\��x�&#x11;�\0,�&#x15;�&gt;6�Tu&#x6;3v&#x6;s�r��psL�&#x1D;(&#x11;hpir{R��&#x6;�	Ϯ(�&#x14;&#x1E;�\0&#x1E;��s�Zb&#x1E;&#xF;ց�&amp;�M+&#x1E;*)&#x1A;�&#xC;���X�J[9���0&#x7;�Ri��y\0&#x1D;h&#x1B;&#x1B;;|���\0^`uy���Wq&lt;����[:��\0Q��*lu`�6S&#x7;�\�&#x1;�&#x6;�=D?4f��3@&#xF;&#x6;�4���&#x6;;4f��3H/&#xE;���&#xB;5�pkе���#&#x16;�N+��ry�!��\0uY�J�@��(����\0&#x1;[S��qN�H�Ìb���6�)m���R�?Z��&#x1;�&#x18;��R`�&#x1E;�"5T&#xC;K&#x1A;�6��i�Ӵ�&#x4;l�Տ0&#x1E;&#x5;gB�a��L&#x1A;�3&#x17;��x��:��S�&#x7;�[�
�h�1�rO�\��)�V�s�V&#x1F;�&#x15;�i��h���b O��US�*��r���U}�&lt;����&#x18;�$湛;b+\0&#x17;%O�\�&#x1E;�8���9&#x18;�}N�FV'8�&#xE;�SZ&#x1C;�D}*=��Y��&#x1;�pV�&#x14;t�]JW9&#x1C;J[y�mLˆǠ����z��b&#x11;�Q��`�6�*'&#x18;ɢ�a�9��J�ppC`���T&#x1D;sާ�Y�&#x3;�s@����fI|��Cr\0&lt;&#xC;WzĈ�&#x1E;N9�&#x3;�&#x8;b��6&#x4;dn&#x6;���&#x14;2�pq�T=��N��*�� �J�&lt;1&amp;�K�QA�L&#x2;�A֐�\0F����1��`&#x1B;��&#x1;#6*��&#x1;��&#x1C;�v���h&#x19;a�\0�sP&lt;Ě���-E�M��֑���\0�S$��ј�^(&#x2;9ߵq&#x1A;�nԧ&gt;��+�6w&#x13;7�&#x1B;�&#x11;�e��J��P�b��&#xB;�@�jf�o����g%OH�Bv#6:�Z�-|&#x1F;m&#x12;�2���&#x3;���Ÿ	&#x2;���F\0��&#x1B;:�*+cϳ�}(�n�M�3�3&#x15;�&#x1D;�\0�������1&#x15;��&#x1E;*�&#x16;������f�x��(�X2��&#x18;b�5&amp;��Ą2�.�C&#xC;��f�&#x18;@ۆI�&#x7;QQ�$rs�(&#x6;���|&#x6;���|gl'�5��&#x18;���q�*�~&#x1F;�&amp;��&#x19;ª���⋆�x6��&#xE;3ڷ������&#x1F;�'է�]:W�A&#x11;�e$��&#x15;ˣ��7l&#x1D;뻎��\0Ze��݈����+r:&#x5;Q�ի����`y�(��I�T�%6D�e�Tj�Uc��\�V�'��K&#x18;,p&#x6;MfΥ�ч�]H��5-���&#x1A;�&#x4;&#x18;�V�(!�2}M&#x17;I&#x19;��4�G�o�g��VWrw�8�]�cih�˅(&#x2;&#x1C;�V���&#x1A;�q�;VF��Q�ec�&#x1C;�w�*��&#x1A;Ӆ�$��'�~���F@&#x1F;�sr[�i Ϙ��9�i�]&#x6;�*�D�sȩkK�t���ޗ�&#x4;`���Җ'V&#x1D;)�玕&#x3;1�&#x1B;&#x1C;&#x12;�|���	�;�@8^?&#x1A;�&amp;�̌/qX�E�I�Xv��Z�V��Q�͘&#x1D;��&#x1E;9&lt;U��y;� f�����y�&#xF;�S����&#x1F;#&#x15;&#x3;�95N�1�s��0#&#x19;&#x3;���&#x16;l/5��M�lZ�d�&#xE;Wnx�Z��j���&#x15;+m8�_�&#x1F;Jq��'G�ɈXu&#x6;�ZG�T6pƴg�&#x11;'&lt;�l&#x16;�G@&#x17;&#x1B;��W�s&#x7;&#x1B;&#x1D;?�⑵&#x8;p&#xE;&#x15;Ns�]�͔7G|���A�+3Úy��&#xF;&amp;7�oA](@&#x5;&#x4;=t0��r�&#xC;&#x17;����ՠ�B�Dm3wa�Z�E.)ܛ&#x11;њa4��@ǖ�&#x16;�&#xE;&#xF;B&#xF;��&#x1D;��&#x19;��K�~���&#x3;�ج�d����'��&#x2;&#x1F;#�j&#x17;p9$&#x1;�RGc{&gt;&#x6;݋늿&#x6;�&#x12;�+&#x17;?Z���e��~*[ki�&lt;)��&#x2;�㵆&lt;m�&#x7;�&#x19;�&#x1D;�1�0&#x1F;S@��4��20Ϸ5ql�\ew&#x11;��s�&#x1D;6ݙ&gt;ҒH�R3�\���b�3a&#x1A;&#x7;��$&#x7; 
v`wGj/8P+.�\��RL�#&#x3;��ɯ?�֯�!�i.��d
D��1���\0&#x1A;�Ғ�&#x2;�KrN�?F=���:�S�3���&#x5;A�&#xC;�?�s7Z����Mr�ux&#x15;�sr�9�O�%��;&#x1E;�g�&#x1B;&#x16;�l�&#x12;�ʌ������&#xF;�}i��E&#x1E;ȣ�$�&#x1C;�;b�#��&#x13;]�}�@�k&amp;�*扸�F&lt;��\0�9&#x1F;JO��y�|�Y&#x1D;��
�&#xB;+�d	i$w&#xC;{+`�s��m�-r�Ǜ�r�~`�䚉(�XNqٜ��&#x17;P/��&#x13;&#x19;�4�Uq�&#x15;�Y�&#x17;�a�_*�&#x1;P��&#x16;�d̖�Y�\��q�u�&#x15;�E?&#x8;�A��s͒Y�&#x14;u8��&#x12;kO�O&#xC;�ʖ�/ͼ&#x3;�T�iq�|�{�nI��&#x6;���-�Mwl&#x1E;PH&#x1;�E\[�D�T�&#x17;5�0��$�֍$��i�^\0��(-Z�ɇg��󞦺(l]�ԌF��1V&#x16;��&#xE;X	&#x1B;���sH�T�a�i��\0�
&amp;~��[����k�F��4�o;.1�P5�+X�\���]{��3Y�ݐx��3&#x1A;Κw,A&lt;Ի��H�5�1�n��#�a&#x11;g�����97�&amp;�ʀX��s���&#x12;4H�=����4x�&#x1B;��X�R�V�!�~�a��c5W&#x13;DQ�S�O�ޣݎi��&#xC;���N�\0f�H�"�&#x17;`&#x8;�|ų�qM&#x12;�bES�8�N&#x2;I����T�����U�b��r�r�&#x8;&#x1C;����R+��#�h���&#x1C;�v�+&#x1B;@�ZD��n&#x19;�U!�T`��Bx��5lF�x�0;
w&#x1C;ޖ0u&#xB;"_���&#x6;�i6��E����m][&#x19;0|�翽^�t�&#x19;�\0&#xC;�Mm&#x13;�f�6�6�n���u&#x1A;�&#xF;Ҟ&#x19;I��&#x15;��n�&#x14;�QH&#xC;뻸�"�%�'j���o@*�A$��~~r~X&#x3;|�?&#xE;�ުFnu&#x1D;C�O*?(&#x15;�%R&#xF;#����ՙl���+He�&#x18;1�|�&#xF;�'��T$�s\&#x12;=�\xpL.-ؤ�&#x15;�&#xF;��T��f��ج�y�7I�I&#xE;&#x1C;};WGal�C�)�L�ct&#x19;�8�5+_�&#x12;&#x4;�_ �G'(���4��Ÿ�į�i�&#x10;BE���&#x1C;㐛q�֒D�&#xC;*�&#x15;�{�:�o J&#x1E;^�g\0~5���&#x6;y�&#x19;&#x12;&#x8;�&#x12;7�q�&amp;L�n�I,q���&#xF;RqY��v����R?�2+���R����x�#�&#x3;��&#x2;z&#xE;߅XӬ�&#x1B;B�e���+&#x1E;S�8�In�l��|a)��&#x16;��s�&#x11;Yw&#x16;��ҹ�յL,��GR2۾_|�K�5&#x1B;&#x1D;@�m&#x12;&#x1E;p��0}��+&#x4;&#x6;��P&#x1;����mP	9?�7���1'�{�V����3��{&#x1;Z:�����,E���&#x1D;�6rM(��;�ءI�&#x11;&#x1C;����{&#xE;�&#x1D;�ڽ�&#x17;��&lt;�*eY�c�&#x6;=^hc(jJg���$�`�䥛,\��X�3�4`��@�����N�$q+�ƻw�z���I�U��&#x3;�x��Id`T�ή�o;H&#x15;^݂&#x13;�@?�v6&#x1E;&#x6;���&#x17;+m&#x1B;��A�~��=?�&#x1A;=�F�2]:�w�)?J��&lt;�&#x1B;&#x1B;�O䲶�P0&#xB;*�&#x17;����sE&#xE;O�ݹ�!^����Ԉ�H�E�Tak��51&#x10;3LI$���J�I�&#xB;�Lf���ip�Z�����r[�&#x7;�Z&#x17;�\0g}�����|C�Ά\0v���Tӯ.�&#x1B;�]�}��
Ǖ���Z���C�D\B&#x3;�?�&#x10;g&#x1F;Rx&#x15;4�:�&#xC;�6�)�#�?�sVjm&gt;E�3�=�l%�&#x10;��)��P]&#x11;1�vm�XZL�&#xB;m?����&#x2;̐Ʊ���Wi&#x1F;Z��&#x13;ֳ5B���ؒ0J���Ҝ����ظ�3rMg]]a�#�hm�˪n&#x19;�=+
�W�V?�&#xE;}�E�ح#���z�Q��?/j��]Vb#�#��ַ�R&#x1;�H��#Z�扣,�&lt;
�9f&#x1C;&#x3;���.&#x12;&#x18;�&#x1D;�X��.qUK^�����&#x15;j&#xF;s7Ul1D� e$&#x11;L���&#x17;&#x1;��&#x1D;�&lt;��B�&#x1F;a��yi,���g&#x1E;�j&#x1D;��I,/%����&#x17;g_z�&#x1F;�&#x11;ߜW&#x17;&#x12;�i"�ʞ��ZN'�&#xF;��5&#x13;]��&amp;�$ݓ��&#x10;�&#x3;���&#x1C;T`d�8�d]�H&#x3;s�҅Pr:�TH�`t&#x15;(m�&#x7;�1&#xF;&#x8;d&#x18;Q��*H���*�&#x18;�&gt;�Z�_��&#x19;&#x14;2�"�%�O5~&#x17;��P��O5m:�Ҹ3b&#x6;&#xE;6�V��\0�O~	�(&#x1F;�M��ƭ&#x1C;G%�&gt;��%c�p��ϼ����n"�a0�����J�:�߭X�֌�t�!�!��&#x8;�d�&#x1A;��}u*�&amp;U&#x11;&#x11;�1���p�&#x15;kILhx̅�
�ciE6�"��&amp;�v&#x16;���&#x18;�W&#x1E;��V����
�E��d�zA�&lt;�%a�µ�|Em&lt;Ed���8dcȩ�;�Tj5��6p0]�HC���&#x7;ڬC-�H�d&#x13;&#x1;�7pG�=����4���5�d�:�����6�)ya�0N8Ia9,=&#xF;�ֹ�n�ėB&#x1F;��͐&#x7;(I��&lt;����&#xC;s�Q�u�&#x1D;�&#x1C;S�&#x1E;o&#x1D;����h�K�򱒤��&#x1F;Z�M&gt;�&#x19;&#x18;�&#xB;Bǹ\m�&#x15;�����h�O�Jc�v)&#x1B;p�g�zğŗ���&#x12;�&#x10;&#x4;mh�0&#xB;}O�\0��ݴ4^��35&#x1B;���I&#x1F;�-��M�&#x1;���皻g�&#x19;&#x1D;�Y�
�0�&#x1F;}{��R(�R�[C&#x14;�&#x8;A)&#x1A;��{�o� -&#x14;�ܪ&#x5;&#x1F;�2O�U&#x6;*������p�]�^��&#x13;(!�NH�G#�Ue�G&#x8;�H&#x1D;!n"&#x11;�#&#x1C;�1�W��#$6��&lt;O+m#�*�ZB��w��P��W�b挥&#x16;SF&#x1E;8&#x12;&#xB;�&#x18;�%Wq�?���V�&lt;?����E&#x1A;�B&#x6;�f�p�ִ-fkK�&gt;�&#x4;o�}�t0���(� �x��(��~C��܂���i���&#xB;�B�H�'�Z��ek&#xF;�o&#xC;AS�Y�&#x5;`j�1�4��&#x1D;��\0�&#x18;�g�=��|o�݉"�	on��1�}sSn�&#x1E;�s�ZZC��U��&#x11;�&#x16;��qگ�Y����
:y�2&#x1;^|�&#x12;����-��&lt;з&#x1F;6d&#x18;=��.t�e���k���ܓ$Y��&lt;&#xC;{U�&#x11;]��c����bXj&#x11;��3&#x1;����zu�:tcS���&#x6;�#;U&#x7;�c5�\�ҍ�����Ը�&amp;��&#x1;� WY��	���V&#x6;v&#x18; &#x1E;&#x17;�P��&#x1C;$�&#xC;K&#x1A;&#xE;\0&#x1C;U&#xB;�Vy3�ǩ�T7)h_*Z�X�6��:7Rr�\0&#x15;�����U��&#x1B;���5�k��v�&#x1;�������%K���:��k`q&#xB;�$�&#x10;�f�mn5�r�C&#x14;l���.\0&#x1E;��3��� 4�	&#x18;ue^3�+�����1&#x15;�*����R{��E.�nG&#x13;&#x17;���������J����\0��KPŖ\0��&#x3;
?�������а��i�ڲ2��g&#xE;&lt;0?璏A��&#xF;;&#x10;&#x16; k�[u&#x1F;{�j��0&#x6;&#x5;G%�es�c&#x2;�É\0&lt;�O��S�[m&#x1A;�;�$k�&#x1D;�&#x2;�ռM��d�I�������+���O�� o&amp;߲)�&#x1E;�E"[l�Ύed�&#x1F;he��&#xF;ƥ���5��&#x3;w;GAX�&#x1F;�&#x16;,��Z��P,H��\0&#x15;n�3OS��Cb�v�#(��1�EA�	"�_���
�k&#x8;e&#x19;.y�⹅&#xC;&#x1B;�Մ�����r�#mB�n'4�$&#xC;t����Y&#x16;.x朲b�H�\0
��AN&#x7;&amp;��k�ڢ&#x16;c�&#x15;L��9bj��p�u�)� '&#x14;��lh��9�K2���P�&#x3;��T3\19�)X&#x1B;4/��h
�𬖚YIUb&#x1;�ƣ�rx��M���&#xF;&#x15;ׇ��%��&#x16;&amp;�����ҁ�4q�
:V��3Y�F!��c�`[&#x10;��_Z߲��!&#x19;Rp}�ՒI/#�M�O�V����ݵ�����\0&#x1A;/cfa$q$��E&#x4;��\0Z����k9&#x8;&gt;^����6P'&#x18;`:��ek��i����&#x10;�Xy�&#x14;&#x15;��^A�}�&#x1C;W!���ٚ+&#xB;}��̛�
��v�q�i�Iw)�U��$&#xE;����꒽닱&#xC;�Q}�+P�m��$ ��&#x3;�j��$�q3)_��R_&#x19;?Lu�{�4�[U�T�̝�*��~U�H()+�Y����Y���4J]Trpz`�-핖�*&#x18;�^,��[r&#x1B;�&#x1B;�\��T�$�_L��G 	9&#xC;&#x6;GZΆm�)D���&#x1E;[aǿ�	�\�e�]�6���hK�#&#x4;�&#xF;j��u�9�U�&#x19;?��5�uk&#x5;��0���&#x18;�?�-e�X�[�c�$g?�q�ֱ����g�C`���$�T��a�e���j�&#x11;��:y|\0k�l���a��I&#x17;�&#xB;&#x1C;WCa�i��ʟ?���_��V����cB�QF`D*��&#xF;Z�%��&#x1D;�ԅ��be�W'��&#x2;�v`[+�i�[s��0�P&gt;���%�&#x18;�b&#x11;���nw&#x13;�X�Z&#xF;�6�&#x15;p~�?:i�F�\0�&#x14;h�&#xF;��5�@���&amp;!�ۂ�z��{&#x1C;D�Mn�g����)�8�]��g�kD�&#x1E;�e�J��t�P��I&#x1;��VE�W���Ջ���m&#x3;�L�D&gt;s�x�kR&#xB;ȴ��&#x4;"蓖�V0}���W�t=KP&#x2;�L�� n%��m�=y=�\0��G���\0��o&#x1F;&#x1F;s�c�&#x1A;�ٚߗc��:��1�O���&#x10;�1�&amp;��7�첁.�zۏ&amp;(�#�ƻ�kk{(D6�G&#xC;ݍ@&#x15;)f���NM�SӴ�?J�e��E��&#x1C;�}M\.OJLf�&#x10;��&#x4;��z�&#x14;��
&#x7;l�&#xB;&#x5;&#x4;�\0&#xF;Z,&#x2;&#x4;Q�z��&#xE;��{�&#x12;i���)��E8)&#x19;&#x7;&#x1F;Sڸ�_�ڍ��&#x18;��\0�q�&#x1F;�Ѱ\�5�&#x13;�iH�Ι�rA�=���|Y��)�&#x16;�wX�?�s�H�&#x1B;&#x12;y$Q�Ɠ&#x18;�y���2iI��nu&#x1E;�w&#x1E;&#x1F;�&#x1F;a�L}��u�y`&#x3;��.�&#x10;�[�0�:�+p��
H&#x4;��fq�g�Zy��)&#x18;��&#x1D;�=Mp��]�Eé�&#x7;��G&#x13;�YT&#x1;"�\0&#xB;zVu݆���J�д�܌&#x1C;�qY�&#x17;7�N]&#xE;-�&#x2;&#xE;��&#xF;�M&#x1B;�&#xC;N耖e^\0��&amp;�bG�M�9���2:�ִ㶑\�U�&#x8;�(&#x1C;&#x13;R�&#x14;�v&lt;�MJ&#x16;m��r})��&#x1C;&#xE;��j�\0���粺&#x10;&#x17;91�eG�&#x1F;ʱu=&#x2;�L�O&#x18;��&#x10;�&#x1F;_J�A%�&amp;����f5&lt;n@�D���&#x14;�Ҳh�%&#xE;Aɨ�M�&#x14;�&#x1E;�I)&#x7;h�z��SsvDT����&#xB;&#x7;���:����/&#x15;M�&amp;&#x2;��&#x16;޽jqPVG�VN�nF�&#xE;�&#x1B;kcM�S��R�&#x8;�X&#x2;u��~�\0�����#�eK\0H�+G��ՙфK�LȄ0&#x1C;�ֹ�KO��_�,�����/���گ�&#x12;?�Et�E`��͹y��Zx2�w�t�n��~v��
�t�&#x1E;�E�ၤb�s��I?AVn.��&#x2;�����&#x13;q8&#x1D;rk���w��j��%̏� &#x18;�=:���Y7v&#x16;S,�j!�@&#x2;�0���+��&#x16;�mS&lt;a�y�t����io{fp�g&#x18;&#x1D;&#x7;�\0Z��H�6���\�j�V&#xB;�+��d�h݃�+&#x3;�I�i&#x1E;j&#x13;ۮ;�z�oc�4h�&#x8;��c&#x7; ��?�p:�bծB�&#x13;1&#x1F;�Toԇk�l:;�RO7�;���]��&#x1F;i,`�~��8?Qڲ&#x1D;����&lt;�)U�j&#x1C;QJmh�[�8.&#x13;̑63t�&#x1;�c�?�_Jʚ���?4&#x1;$C�ZFr&#x7;�v�&#x10;]�&#x1;�r&#x15;�\0��U���xc&#x19;���h�3�&#x7;�5C�^̥e�OlB��c��v��mZ&#xB;�*�&#xF;&#x1B;�G8&#x2;��a�޶c�!s�.�O�&lt;~U�w�^Y�&#x3;F%C��;�����&#x13;����	�I��h���	�*���n	i&#xC;��z&#x16;韠��k�+�ڵ���&#x1A;&#x7;(#&#xB;�6+��Ѭ���$Q�&amp;0^C�5\Ȏ[&#x1C;+��Wr����&#xC;r&#x14;���\0&#x1;&#x1D;+�������&#x16;�$�5&#x4;�'�/��5�l �b�p����'@=��խ&#x1C;a&#x14;&#xC;��5��z"�\w&amp;�1�#��'&amp;�
xBz�&#x1;��&#x10;�p\0RI*D���&#x3;�E�P\0�H�71�&#x15;�k&#x1E;3�����&#x1B;�V
�&#xF;&#xB;�5�k� �5,y�m���X�R=�M;&#x1;�k&gt;4�4�a&#x1B;5̀�&#x2;3�}�y��OV&#x1;$��&#xB;g�Q�1�{�M��D=Y�V��袚B���)��ߒ3/\0w⤚F�	A��8��U�G�Vr&#x17;��tbj�]&#x19;����8�J�=�䍊��D3&#x11;۵"ɿ�UL$9.���9��R�����4[��[����&#x3;$�j��T����&#x10;��&#x6;�{�UT&#x3;
C|屷&#x1D;+[C�s�E&#x14;��G&#x1B;���4��kC�#��LM&#x16;J`&#x2;&#x18;v5s���)�H9&#x3;�S�� �a �A�&#x1D;�s����H�&#x17;�~j�4Y&#x10;@$�&#x2;�w9ȧ$���&#x14;e:�&#x18;�s9򡙦&#xC;���z�[`��֙&#x1C;}��G�"�Mz�&#x15;��Rp@&#x19;4	]�x�̸ϡ&#x15;\&#x7;0a����*�&#x1E;��&#x13;B�˃�ӹ��A�� ���o�&#xE;X&#xF;z��]&#xB;[w��\0Z
�&#x4;t&#x19;�� &#x6;26�.9޽&#x1B;�Is&#x1A;�[��Dn6ɴ�c�T�&#x13;��&lt;����&#xC;р7r@�j�&#xF;Z�}o&#xC;wR�&#x12;�F�@$UI�&#x11;�$���Rz4U&#x1A;�$�'�'&#x1F;�Uwc$S^M�I&lt;�3��ڜ&#x14;&#x11;�I���&#xE;�R��l��d#�&#x1E;��	 RC&#x10;�S+p	ⴿc&#x1B;uf���!.��&#x1C;�[֒c�&amp;��P*�&#x1D;���0Q��?Z�+#�n�ފBT��iAx�99�q.zg#&gt;�v;�/'ڥ��R��,v��&#x1B;��� &#xC;�&amp;�J���&#x18;��&#xC;�'\0�qikm&#x10;72�#;�̀&#xF;Cɬ�KƚM�4v�n&#x1C;&#xC;&#x5;������?S�6�l&#x4;Ȋ6��'�⳯��]!W�3&#x7;�F&#x15;3��\0�=���|Y��!�&#x12;�&#x10;�6E����&#xB;�'��	&#xC;�5_&#x11;˨����	Sǜ��#�W&#x1D;&#x15;�\4�q��C��&#xE;&#x1B;=��W��+S�&#x8;6v�"&#x3;ˑ�&#x1F;���L��
6�t�&#x15;P&lt;�� &#x1E;����&#x11;���Ҟ&#x1B;ޮ���+]n�&#x1B;uU�$!B��=+&lt;&#x13;Be&#x12;&#x6;��T\0�R&#x3;L���nqt\.÷g���E�(%|yY��@8�=+!O5f&#x15;9�5-\��c���l�&gt;L��L��&#x2;K&#x1;�;�k�����YХ��� ~&#x15;��6���&#x8;����1&#x1D;jŻO�޳�#+Dǣ`�&#x1A;ϕ&#x15;�%��t@&#x6;�P\0�b�	�5�i�.-���G&lt;&#x14;���&#x1D;�}R�&#x1B;q&lt;ҬJF�9�E4�r���縊�"�E�I8�OT�^T����(&#x1F;/`&#x1A;�u&#x1D;CP���$y�&#x14;��q&#x1F;4�&#x17;;Mo�����i�.d&#x1C;o��&#xF;��&#xF;S�&#x1E;��177M�9ؼ/�ޱ�?�%R$�t�̋�&#x3;#�&#x4;d~5�_�eqඑl�M��a&#x6;\0l��\��&#x19;�1lusǭt����&#x4;vQʻ��tГ���8��&#x10;�(�,&#x17;$t�P�&#x12;\��&#x12;&#x11;&#x18;&#x1F;x�&#x15;��th�}�:�&#x2;�&#x7;���� ��9�\0ez~�SrKp��)�"M:(����}:VX�jU&#x6;&#x1;9 U�NU$( ��&#x1D;&#x5;e���N�m�&#x15;�&#x13;�ҤY&#x7;cU@&amp;��hhw.���&#x18;q�A��G8����$���c�n �&#x7;&#x1D;+��9s�&#x4;&#xF;zз�&#x12;�&#x7;l����&#x15;�3g��������\0��\v5��D����H�&#x2;�&#x1A;����K)�3������}k��[M^�Ά�@^VA�~�D�A��&#x6;�"�&#xE;~q��CG6�a&#x12;�&#x7;o �Ʋt��-�l�L���&#xE;U�i�����[�0���{
���&#x11;�Y���&#x8;&#x1B;&#xB;&#x1E;ՆU���&#xF;�O�_�YK�&#x4;&#x1E;Ny"���͸�V�� -P�^V�D�(W�&#x8;^&#x1;�:����RĤ���=O&#x14;&gt;����ۀ:��+&#x3;_Ս͠�gG&#x5;��:&#xC;UA^V3��G&gt;&#x11;7&#x10;Ǳf5��L&#x1E;fe&#x1F;.p*���&#x14;Ƅ�o��J�v\0�q��]&#x12;}&#xC;i�[�sNPƠ3c�=�&#x6;�&#x18;&#x17;c�z�ͭr��0�&#x4;&#x15;&#x1D;M^��@�g��U�
�Kp;
ѱ�C&#x10;Go�[�6��r��Йl&#x1;�N�c�&#x19;�&#x14;����o�J��&#x1B;��z��&#x12;(�`����W��*h�^T�d{ҕ(&#x1;�=���8�KW��_u��2��8U�
���t�?�o�J�s�(�&#x18;�2��?ƻ�;��6���H�a�\0-f��&gt;¼۞���G��MP+�|�O&gt;l�&#xF;�W_��+M�U��۞G�0���f\F�}���&#x15;BɤK���f\0�&#x6;?tsF�.�� H�"�\0c�
�HCF���9�8�;S�;C&#x11;����8 g�@�i'4&#x8;�&#x14;İ듪}�&#x1;&#x18;�V@�+G_���Qi��]�gֳA�R)&#xB;�QH8&#x1A;c&#x1E;�&#x15;f'�0j�&amp;�C�&#x4;��t�;�V&#x7;&#x1F;�_�O�d#P�@:H�����3@s�2�\0:���+X���Z&#x1A;�ȣc�&#x4;�&#x13;6��&#x3;p��&#x1;�ƫ���諒Iy�_��^&#x18;*�R&gt;p&#xB;�&#xF;&#x1D;�X� �4���h��?�L�1��Td&#x11;]�?�a:�&#x11;��T�^;�&#x3;�&amp;ZW�+��� Ц́]�&#x10;��@Z���&gt;��Gp�:�&#x11;�&#x6;zU�&gt;�&#x17;��T��S�\0�U�,��\0P��Q�+��;������i���&#x6;!�w/���Zz�� �&#x1F;��&#x1;۠�&#x19;l_O��Vp�r��/&#x18;\0q�ϰ yI�r�x�[�(��0��,&#xE;I�Ⳗ��F&#x5;ě&#xF;�y���T��f&#x5;@
��&#x1F;�I�=MSc��.��&#x14;�q�F&#x14;Ք�I�ljX�+V�C�c�����&#x5;h��ٕkg$�����]&amp;���n�&#x1B;x�/y�&#x18;&#x3;�+��|/o&#x8;Io�z�&#x18;O�Z׼�@��Ȉ�#(v|�&#x1D;��Qn�&#x1C;ƫ�&amp;�&#x1A;,R�K�$���O`����9䔾��~P&#x11;~Q���]&#xE;�&#x1E;��9�G�&lt;0�O�O��8�[&#x1C;�֗1��8��&#xC;����&#xF;z�t-nKI�D2&#xF;&#x12;B�&#x8;���&#x18;��PîGj�&#x1F;)_qF&#x4;wSK��Tg�=&gt;-Y��&#x1D;m�8�q�*&#x19;��&#x1F;+]�݌&#x12;k�&#x1A;�,����G&#x18;=\0��R��N�&#xE;&#x11;�8#���&#x11;:U&#x16;�4�\0�d��ul��6?J&#x8;�fl	&#x12;&#x1;�3���$U;p0*�2�H &#x1F;z\Ϲϫvf{�j"y�&#x1E;I�T�V9�Ҹ��n;�e��B&#x14;c%������&#x7;�^�皅���R��U��ⷢ��D�^�4�~^���j�7Z�H�eH�5&#xB;D��[��q��&#x1A;���Z��q���Tq���:���p#&#x18;��&#x1A;�DU%dHˎ�U�F&#xB;'L�UK�9�)6���5��;��y��#�U��-�&amp;-���a3��5b&#x2;�N:犤�e(�&#x1F;ۖ�B�j�GR�5�msgu&#x16;�n�=J��&#x15;�&#x3;&#x1C;�l˵�j�՜���	Rx#�1E.��Av&#x1E;�k(c��5&#xC;�&#x1E;K&#x2;j�c&#x18;9$�'���1�Y�y�r�+[&#x15;fc�*��_��YD��L���#5�v=9+hɋ�B��X�j&#x16;vZ���n&#x12;3��&gt;��&#x1E;����&#x13;M�-��/�"���P�{��/#�MP�v��&#x10;F�i`��_5�F=���5+����S��&#x18;��&#x16;����S&#x8;��N:�����xq+�d#����
A��meKU�E�&#x19;�&#x1;��U&#x11;\b�&lt;B�n�i&#x1B;&#x3;a&#x1C;&#xE;��,E&#x6;r&#x19;OF^���_&#x1C;�K�S�ɣm4&#x2;���&#x6;��&#x6;��E04U¢�`?�8��ɗb�z�y��\05�&#x14;�܃֦�&amp;v�&#x1B;�It�T&#x4;��PO&#x19;��7�&#x11;A&lt;�I2��1\0՟&#xC;����}I�~#!�&#x1B;Ug&#x8;&#x2;&#x13;�֚Du1�T$N��� &#x1;Wo,d�&#x11;�&#x18;�*;wU\0�X�[(&#x12;L&#x1;&#xC;7�&#x8;�[�д�&#x14;H�ϙ 
&#x7;��&#x2;��Z3&lt;&#x7;a�=�&#xC;c�hq���&lt;AiΞ�ʥ�&#x16;�/������ce&#x15;�v1�;��js,z&#x15;�7A&#xB;&#x1F;ҍ�&#x13;��{���u_ܾ#&#xC;&#x19;&#x1;&#x19;��&#xB;��n�2M#;&#x1E;��&#x15;�1�P�Z8�e\&#x1E;k����C����q�~��2OEԤcyO#mPI=\0��z#;�;%���Oֺ{&#x1D;&#x1F;&#xB;� �7V�Y�b&#xB;(-\0U&#x1F;9&#x1D;&#x7;$�(�r\�&#x19;&#x16;&#x1A; �$A&#x1A;��/���u�&#x4;��E��&#x7;&#x14;�Fe&#x1;�P:*�D=1�=:
�A[����Ӂ�SN8&#x3;'��X�}�&#x7;��&#x2;bU�ӂ=dj&gt;&#x1F;����?�v����&#x15;x&#x10;����ң�ǹ=iY08-C�w��]��&#x1A;�o��Yc�#?�5�&#x17;�"��ccр&#x7;&#x1F;�S���W,�\��m��&#x15;&#xE;&#x1D;��Mj���k&amp;&gt;R&#x11;RZYJfR�A&#x4;�]E�.��@�L&#xF;&#x4;~&#x15;�w#&#x15;#&#xC;:�J�Šx��Ym.	c�&#xE;O�U���\0�L���Y
�ȫ&#xB;7͜��Wh�f��rGk#&#xB;�l)&#x4;2W+&#x1B;&#x7;� �����K��,g%��\���/&#x18;���H&#x3;�k�&#xE;����݂�&#x15;W&#x7;�=*&#x19;�&gt;X\0}jቌ�&#x13;�O�=��_N����/&#x19;&#x1D;�l���SJ�&#x3;&#x5;�k�u5&gt;��&#x1D;*���g=��n$�U"�)rI�&#x14;�4���xbi�=���M&#xC;�pO�P��߯�S��&#x12;�F�"�&#x19; �Q�K&#x10;ۜ��4��9&#x7;�Jӎho&#x10;&#x1E;&#x11;��&#x18;IX�^�.�{��]9��.��,	�qҹ��B��v��f�F�Oz룱_&#x12;	n�a�)&#x6;Ҩ����&#x15;~�Dѭm��#�I&#x1F;�i^3�~}����n�9-+�wښ�6��&#x1E;ec��WGk��X�DGvT&#x1F;����s�N�_U�-�'�=��C0P&#x19;���&#x19;�Y�z�ڮ�`��|\0�&#x17;\0����f��j���&#x1B;t�p28�s&#x1A;����I#&#x16;ʷ&#x1E;ة�D7p��\0�{�m�&amp;�&#x1E;K`��V&lt;� ��Z&#x1B;��&#x1D;t*��\Ioj�&#xE;�!\��@&gt;��&#x1B;�&#xF;�?)��"�n�0B��P��&#xF;�q�Px��G&#x1C;�\0:���u�DУ+4M���A�cG,LU�R;R�,��d�z�Ɵ�E�]�����=�\wL&#x10;�-�:��?.:
t��n�e&#x1;K\0�&#x4;&#x1E;J`Y2m�v9*xaU��N� _CJ��&#xE;���&#x18;�pA$�&#x1C;&#xF;Z�=&#x17;BS&#x16;�&#x2;7&#x4;g?�`x��C��&#x19;o(&#xC;g��֙*Ǥ�.q�
�Mp�kR62&#x2;(�&gt;����j�Q7�Wo�J�c᫻�@��&#xF;�h��4Q�O��p�k+�&#x4;j2�&#x1;��S��&#x18;���+x��@��}j%b˽�P�R���l`ʉO�&#x1C;�U&#x1D;���b=�U�m1�c,�&lt;�;&#xF;��\0Z�U�s�V�&#x14;2�&#x4;~c�-+��]&#x15;��&#x1A;�pe_	�ٗ�N+f(&#x12; 02�ҝ&#x1C;qø���9'���o�&#x1B;ۜb&amp;&#xB;�H��&#x1;6&gt;&#x2;�����^�Ӯ&#x4;W7#�$&#x1;&#x12;�}}+YJH�s�Hv*�y&#x1F;7�HF&#x6;&#x14;s�S�|&#x1F;�����J`q֐&#x10;��2��S0H$�&#x5;X�8�"���CTl��ȫ,��u=�&lt;&#x1E;��\0�&#x2;~��R,�g�Ҕ��y���&#x19;&#x18;�&#x1A;\0�_$s���N���\0_&#x2;����r��R/&#x1C;P&#x7;/�֎FK)�V&#x3;&amp;#����I#��C&#x14;��vq��\�\0g׽`k��H��$���S�&#x13;�}k7&#x1B;jC�8}Z�@N1���e����(&gt;�&lt;��&#x1E;�&amp;��&#x1;���.�H����&#x7;ֺ��3�,�I&lt;�U�#��&#x1;���َ&#x1F;j��ֵ]|�N�6�&#xF;�gF�1v&#x19;��d(KV�&#x1C;&#x4;Q�
xUQ�&amp;����&amp;�g��u�{&#x15;�.GSیR��L&#x13;P&#x16;f�&#x18;�\08ݻ4�pkB²��9=(*C�&#x1C;&#x1A;���֐&#x2;:1&#x15;Fe�Qۥ#!\02��*&#x15;'?|��O��_��3�T�k��|7{��S�K&#x16;&#x12;;u&#x8;w&#x3;�&#x4;��\�k&#x17;���ؑ���U�&#x1F;O�uZ~�$&#x16;f�k�]P���'&lt;秭Mtt8d�M�H��9d�ǹ?�^y�g���yt�Z�m��&gt;\G$�S-�dҠ��@X�&gt;g��nP;qZ:��
��J�̣t��7�&gt;��\�=��5�`#?t����.Vf���&#x1D;�+6���J&#x16;=�&#x16;�&#x7;�#�5&#x19;�'�y$3&#x1C;(�.o&#x4;�"F�&#x18;�g����w&#x1D;E7fJ�CV��H�K�*��&#xF;(��Eo/��&#x19;&#x8;&#x12;/�'��R�ɗ��z� �&#x1D;$&#x4;��YX''7v^�A#&#x1C;�&#x7;5&#x1B;ĭ�cګ=�΋���wsU˱mŉ4r�G)qRH&#x1D;N&#xB;�9�J���0\0�ܜ|�&gt;���K��;�:Փ
J��&#x10;O#&#x15;/�z��|֬��.$��\0&#x1A;��}*�\0+eI'�=*X���L�@�H&#x1C;&#x1F;���&#xC;�4p�&#x1F;w�7���M7�=&#xE;���&#x15;&#x7;\0 �[Y�5y&#x3;���&#x1C;}+�G1B��&#x18;����\00*�Γep�v&lt;�4��&#x6;���?:ە�r&#x13;�ԫ�{Wvy&#x1D;w ?&amp;z��\0�Wc&#xC;D��MѴc&#x1C;	&#x12;�&#x15;G-�޺Kk8��e�Mck�ʶV&#x3;�̃&#x1D;�֠&#x3;�&#x1F;J���&#x1B;XZi�X�Q��j����ڨ�ή霡Ᾰ�Z&#xC;�&#x1B;��+�Լc2j2�ڈUa��&#xF;�$w���iLR,co&#x18;��\��
+��&lt;�&#x12;G&#x13;��&#x17;��&#x13;-�&#x1C;�i����4���!�M���y=s^�&#x2;&#x18;�&#x18;傀y�qE��v���&#x10;�F�@8�&#x5;KI��m@u�e&#x6;���5�0���&#x8;�r��)&#x14;^d#�E��*&#x1D;&#x1F;T]V�;��*�H\0��8�́�P"��?ΐ�8��
��X�A$.��7i&lt;�&#x15;0Sտ
k`v�1��Q����&#x4;S#�DQ�O��Eys&#x5;�^}́\0���W�k�:�&#x18;����&#x1;�}O��&#x13;v4��&#x14;�ѭ�&#x3;*7Yz&#x12;=���&#x4;1�&lt;&#x1A;i9&#x18;&#x1F;���{�n&gt;_���7&amp;�E{�V���S�&#x18;J�2g�&#x15;BI&#xC;�s&#x1C;��M[�m��&#x1D;&#x4;�&#x1F;ƻ#�C�������?�9���Zm�8�i�X&#xC;�=&#x5;g\��2��"�g44J�wb�'�EF�-O��LN*[7D�	n*C�}* v�8���ȑbA���J�ߥM0�)���D�&gt;�0&#x1;��ޡ^Tg�.�&#x19;"�&#x13;#�mo��.��ѣH�&lt;�՘�\���Y�S^j&#x1A;��w!%Q�b��
Mc��p̺u����������ZW�i&#x1A;I]�۫1ɮ&#xB;�Z�RͶ�yk&#x14;��;&#x5;q���{zU2Yؖ%��M=c�I�qSq܄-&lt;�B:���XOzS&#x16;&#x6;\0���G&#x1E;:�n�eȟ�-U�぀q�j%\0�G4�%&#xE;A�z�m&#x16;��g�M�tb�&#x8;#�B���0qW���&#x15;��&#x1F;&lt;��sH�&gt;��&#x15;q��R
&#xF;G�A��V�p�Ң&#x16;�~�&#x1D;*;y&#x16;&amp;,aY&#x1B;&#x1C;o��S�[�̍�@8&#x3;�z�&#x17;c�fN&#x8;?ZjY��(
�{w���J�B	v8&#x18;�@�|&#x1F;w-�{Ɍ;�\02T{T�(�Hq}&#xC;�=&amp;��`�U��p�&#x14;gb�WQk��M�\0�o�3*|�D�&#x3;&#x1D;����{K�l�"�-��Ϝ���F����Py�s*q�Vo��rrХ&#x14;�-** 
�T&#xC;`&#xC;&#x1;\���.3&#x1C;&#xE;�7=6)�O��O^���M��pp~b=�s�[&#xF;��\01�vBm-�&#x1A;����W&#x1E;mԭ��W������[��6epr&#x18;6&#x8;�q�I2�&#x4;m4��ƃ&lt;�k�x �K�]�&#x1E;&#x8;�N��1�Eɋ�~D�&#xB;�5�D,w��5�&#x7;&#x17;l1�oz�&#x7;&#x1D;)��&#x1A;�EUU�*�&#x7;�N$&#x1;�@&#x3;�8��Ai&#xE;OC�z��\0��G]L؛�G&#x6;A�3��iX�Pd&#x1E;Cg�)&#x1;��}4ɠ��fU._��\V�k�+���x&#x11;B1^��
�u�&#xE;&amp;�6�N�N�88�]&#x7;F�D��,&#x4;�X�3&#x1E;I�}&#x5;o{��&#x8;��&#x1A;f�&#x1C;&#x17;J&#x16;bK&#x15;&#x7;��}kr���&#x18;�B��U^��n�`g,pJ���i5B�O�̸s��Pr�}\0��K��n&#x4;��P��ݾp&#x17;ܟ�?��6�p����N����e!&#xB;%���}�-��&gt;h��OB����&amp;��InI={���&#x12;݌-BK���k�&#x1A;W=���&#x1E;�@�&#x1C;�
�.,WcK!&#x8;�Տz�5K�.b�aG�zV&amp;0rd7WB0U&#x8;'�&#x15;��X�9�\0��u�j_"E&#x19;��5����n��`|�U�(�Y�=�G�Ty�{T�2yw ��ˡ��&#x1A;���"A�&#x1C;�&#x1B;�&#x1;�_��З�e&lt;�UK��&#x19;�ʃ�U��*�̯1�CN��dv��\0��7%a�&#x3;�T�F\0�S�&lt;�ïN:V�2�jA�&#xE;�\`7�x5e��&gt;�Y�&#x7;��J&#x15;x�&#xF;z���3�5&#x1A;&#xE;�0?/�i�YDG�� �ۊЖ(c&#x7;ʗ~s���4� 2�d� ������&#x19;�&amp;�N;pq�S&#xB;x�B&#x1A;��+/&#x7;ޠ��p&#x7;ғf&#x1A;�4eO&#x2;��+Ҷm4+��]��a&#x1C;�%8&#x6;�P��-�e���@%�|���\0OΪ̮Wm�6�p[;qSAi&#x13;۴�;�&#x1;����YZIs�٘󏩫���t���X�v&#x1F;�h�+�4M��͔�[pC���N��;f�+�1�]/�&#xB;X%�dH�� &#xF;�}�&#x8;�Z�U�&#x18;w�ǀ��9��ֶ0&gt;͂&#x18;&#x13;��&#x1F;Q]v��[=]�ĳ����F&#x8;ϳt�+sD�J+	�0&#x8;�\0&lt;~5�C&#xC;p�#�&#x12;4&#x3;&#x1;T`U�q�e�^&#x1C;���ol�`&#x18;�ܚ�&#x3;��
&#x18;&#x1D;�o^��3��~�w��&#x10;����&#xE;ga�C���6����'{��˳w?�{$�\2\ en&#x2;&#x11;��zW&#x1F;�&#xF;&#x4;�;^h�D�����&#xF;�re~�&#x18;�$i�\0&#x7;�z���&#x1B;�n@a_"�}�u�&#x1E;��h&#x1E;&#xB;X�]��̔r�������U�*&#x4;&#x1;UB��&#x5;&#x18;&#x3;�d�P���Ѵ&#x1B;&#x1A;6&#x16;��#}�d9c�&#x1F;J�4��r��\0�m�w[i�\0�7g�&#x1B;yU?�������;M&amp;��]�&#x15;GA�X�
�g�5o&#x15;��[�i���&#x1F;y�\0&#x1A;�e�]�Wb�V��l�#&#x1E;?ϵu�5���gd�5�I�&#x15;7�f�-��'�4��X�&#x1C;8&#x19;&#xE;&#xF;�MfXj�·��2&#x19;R�	������5��z��$6�2�l��&#x1B;�~��h�%��&#x8;Kx�J~��˱��j�R�~�&#x5;�(^?-ʂS���RRS&#x1D;�&#x14;��U&#x1C;�N\0�X�y��_ZK?�@&#x16;[��'�{���O�TE��K}��Z`x&#x1F;J�mu;�e-�&#x17;$�ۏS@����\Nf���)&#x1F;{��&#xE;��e��̊d;&#x18;u&#x6;�!�"�RH=*7fL&#x15;F}�R�Z�g�l(�&#x7;V4\�A�۴�:�&#x3;!Ƹ-s\�Q���4��&#x1A;Y&#x13;x�_��_*,,K�&#xE;��\0�\�$�sޑ�\0�Ѝ�o�"&#x10;��4Ns׭U'�U~MtFv2q�=�L��r*&#x4;;\&#x1F;Jy;��w�-D��a�r&#xF;#�H�&#x7;S��&#x1A;�X�Cs�\��4&#x16;���&#x3;��}j%�Ng'�4���,�E&#x1E;�"s��A�"�G����b̤�Sp����U��Fj&#x3;��Fe�qޗx�}sL&#x1D;z�ӏ&#x1C;��Hr&#x16;�B�&#xF;�ǯ\ӒE�A&#x1C;S�]�s(����m��Y&#xF;����p&gt;�x��}&#x1E;�T�&#x18;'(�T�jD�ks�m'&#x1C;�UY"x[&#xE;:w&#x14;��oQT�9�J2wz3��Q�ֳ&#x13;�9R&#x1F;n�Ѷ~S�C��j�����d�l&#xB;\0�F��F�rA�v.��ud
�C)��&#x1F;�\S+K&#x3;&#x1D;���J{&#x11;��*ӋљN�����/m�&#x1E;�u��T���&#x3;��ԱY�'qnO$��I�5���vk��;��&#x11;랕�&#x1A;G�m�I8&#x13;�c� a&#x1;�&#x14;�u9�&#x1B;��i&#x1E;&#x11;�/&#xF;��y&#x16;�wd�q�
�t�.�M�%�@69����j�&#x1C;q���]���&#x14;R�1�	� &#x14;�&#xE;�%��*��ǽs��m4�ִ�&#x7;��3�!��?_Z\0�h��&#x17;V��t���&#xC;&#x6;v�n�kB�&#x5;V�/a�줻�,"���d՚�p�Ʉ�rv��#&#x18;�3�u�&#x12;��}�NSojG�Źo��Tzn�&#x15;�&#xC;~y{��[�ǃ�y&#x1A;�G��#�&#x1E;~F�zV&#x4;&#x12;kW&#x17;?٫f�z�&#xC;�p��қ�¤fކ�Υ&#x6;���&#x17;��ؓ�5j����ԩu�&#x13;&#x5;��;E&lt;�\0���kOE𽦙(�����9��&#xC;���[��敒.&#x10;�&#x1C;&#x10;�o
�&#x2;,q�¢�&#x1;���!nk&#x1F;^��4[r�&gt;�܌&#x1E;I�пoan���#�}z�\6��^x��V�}��N&gt;n�Y�=׊n��&#x13;�P��G&#x18;�kR�G6�$&#x17;����&#x15;&#x12;�chC�1.&lt;'s&#x1D;�I�S&#x10;3�&#x2;	�T�&#x1B;i�[}���&#xB;&#xE;	&lt;8?Z�&#xE;��	H؎A�:���Lf�lWC����Ƴ�osEM.��m'J@&#x1A;8�&#x1F;�&#x12;h��-�x�j&#x11;����k&#x1B;�F��[�B���z&#x11;�Z&#x17;��&#x13;#󻑎�֗3&#x7;J/drZ��6�)wʦs�5�#����RK{� �v�&#x1C;&#x1C;�C]&#x10;�H�l9&amp;��6�Z&#x19;&#xE;�J&gt;�&gt;��2L��)�y&#x7;ڦ\m;�Z�ģv PG�I�&#x4;��*&#x15;%[&#x3;�=�&#x15;ޜd�Z�6�K�=&#x5;G��J�XR��*~��{��֊#�&#x1C; �1&#x2;\z�c�&#xB;��SA&#x1B;y�}�x��z&#x16;�RTz�VO���-�&#xE;���pH=jar��$���/�V&#x4;C'�:R���f���kv&#x4;��=�DU�&#x2;۔��ݞ�6
`�j����Yw\0kƹ���[FSi�بNc&#x1F;�&#x7;���X���Ᾰ��8�S��5��xj�W&#x1E;p&#x2;&#x1B;~�c�\0AMjv����WNЯ���� �&#x13;m &#x1E;I���F�e���tG����7�Vދ�[�(&#x16;&#x2;��\0&#x11;c��ֵ�Z�G��R�3�a�[�o&#x18;�&#x8;�4&#x1C;�A�Rb�PzU�g�QMwT�&#x15;&#xB;;Jv��:�I0�s��}*%D�2�&#xB;1v�~\q�@&#xE;vؤג�N���̂�I&#x4;�&#x16;V�r&#x8;5�l��	��(�8�֝�����f�&#x14;SG���{��'�\0�[tp&#x5;E=�6�ZyR5f�7&#x1C;d�
[�-&#x18;&#x7;�ҩX�p^1�+�(�� �8����\0�DA�)p3�ri��h\0'&#x3;4��ң��+X&#x1E;{�&#x16;8�d�t&#x15;�&gt;*񤷁�4�$P&#x1C;�0���&#x14;&#x1;��&#x18;��o��)5�F`~T�\0�כ�5��ϛ&lt;�$�y,sP&#x10;I�9$��&#x15; &#x17;ld���\lt�u��&#x11;&#x3;&#x13;,�r��Z0�&lt;o���m��~T�U��]�*&#xE;&#xB;(�~dr\0r&#x19;1Ԛ�n��J�&amp;$���&#x1E;z��3�&lt;�RH�ޢ�N�-&#x1F;	�W��S"����T���c�VU&#xE;�����&#xC;1�V7r�l���r�J�&#x1B;d��&#x4;qBbj�&#xF;�&#x13;�29H&#x1;�p
�=kČ]b��f�N6t;�]tߺ�J��bQE&#x15;d\0�h`s�֝�zQ�Zd�?tT�h��D1ޜ�&#x13;�w�&#x18;�&#x1B;&#x1B;���A?J���=�&#x1A;���c���w��vF)����3EQ&amp;��&amp;XC��p[bu&#x1E;��c&#x1E;�&#x8;��+��l��	Z�ǟ'f�;�&#x1C;�&#x1F;�BЃ�U�&#x1D;{��Tew&#x1C;�'֨��3&#xE;&#xF;L�O'�&#x15;nD�}*=��8�.^N&#x17; `
cď���OJ��O s�&#x1A;o&#x1B;���+ñ��e),��8&#x15;��j&#x17;ZD��pў��C�&#x15;&#xB;���?�E#&#x14;&#x19;&#x7;�=KSkfz.����P&#x19;!c�p�O#����Ҽ�+��f&#x12;��Ѹ�w:&#x7;�-�&#x4;Xn�a�&#x1C;&#x1C;�&#x7;��n���&#x19;\��	��8�'&#x4;�&#x1F;n�[��i�R���k�7*n&#x13;�,��&#x1D;j����j���^'���&gt;�upda)��`pz�^��I..4&#x1B;y�$i$n��'oo�\0];&#xF;CI&#x11;� �q�N�&#x14;`qK��)&#x12;&#x14;R3&#x5;RǠ&#x19;�I�	u&#x1B;m�3$&#xC;�!s�n���:t&lt;�2���&#x19;4���e��?	�'ڳ����$t	qo7&#xC;&amp;&#x1B;Ll;0���j�ZZO&#x1C;O$MlCnx��\0&#x16;s�{&#x2;y�cߧ&gt;�&#xF;b���&#x16;c�_���ǩ�TSI�@O�*����iV�I�X�"/V5��&#x19;��j��,�&#x17;�rA�#���W'i�$�Rɩ�&lt;�(~E&#x1F;Şs�j\0��o�o�I/$&#x18;C�����������c���pW�&#xC;��(�&#x11;���2k���9�&#x3;�&#x7;_���GlN\0&#x1C;��wi݊rODV�-�&lt;v�G*�&#x10;�!�&#xE;3Z�zc�@T�}k^Hm�b&#x1D;7����T���I�E�^����&#x1A;;��z7���ne]�B��~�cP��&#xF;��&#xE;F:���k�O�k�&#x6;e�s����j�\�&#x1D;&#x19;|9&#xE;b�v��&#xF;��O&#x1A;��&#x3;�x�T&#x13;��6�&gt;a�ڤ�wF1��&gt;�,c'�z�9�&#x7;&#x1D;EX$�&#x6;N&#x8;�Q9&#x4;&#xE;\0=H4�la�&#x10;�&lt;NQr�7&#x1F;j籊�`3�-�?����&#x1C;"��Jf���%&#xC;�t&#x3;;��~���7˩�Z��&#xE;i;V�΁y&#x8;&#x5;B�&#x8;�&#x1C;&#x1A;Ζ��"w���Z�I3&gt;V� �4�`�&#x1E;Ɓ֘�SK��o�&#x19;��\g�&#x6;��׭1&#x18;��Nc��\&#x4;��E�"���&#x14;�U�.�弉�&#x10;��$���2vG@&#x6;�T&#x1D;\0&#x3;&#x1F;�[�
G��W_��U�&#x7;&#x19;�v��X�[ݓ&#x1C;m�L&#x1D;&#xF;n��8\S:�i�a��&#xB;�t�0�Q7J\0�i|�&#x2;H\0?^&#xF;Ҵ&#x1A;}�&#x11;���\�.	�&#x1D;q�՘/^=������&#x15;�ǽ:jh�w&#x7;�9&#x15;^@��&#x1E;�:�&#x3;�=@&#x1D;&#x8;���,ȟ ��Zh�&#x1C;&#x1E;�y]c&#x5;�$&#x13;T%���&gt;P:T�&#xB;&#x12;I����q�j����&#x1E;71�՘�蓁��?�]�R�0����
�&#xF;�^&#xE;A&#x2;�&#x1F;���Ea&#xB;�{By��+�F����&lt;+�]]&#x1B;��T�&lt;�pkn&#x18;�(�8�"�¨�&#x5;W�5&#x1B;]R�.�&#x1F;|m���5n��aj������嶖�ʇՏaP__O�ۃ&#x1C;&#x11;���Kʳw����i�]ZE"��DI&#xE;3��z`0&gt;��
Hيi�,�&#x1C;D_&#x7;�&#x1B;��o�cR�X���d&#x3;����ҟ&#x4;1�&#x12;�&#x12;�E&#x18;
;S�H=&#x4;�E!4&#x13;����gZ�ѭ��.7��&#x1A;���$�q&lt;V�&lt;��#�&#x6;�f�&#x5;y׉�g&amp;���K�&#xC;&#x7;������&#x15;��뺆�6'm���B�&#x7;���&#x5;�(皖�r�]m����j&#x8;&#x2;&#x13;�}&#xF;�K&#x14;;�y9��P�nn&#x7;�P��ܮ28wav��]?L�V&#x4;��Ү�Z:���	�3�:}kJ��;&#x3;�Z�gۆ?��Vm�֝76S�x4��j7I����?q3H�ݲ�Or�ny_ܱ�f�QiɎ0&#x16;?_Z�A��w���?P�&#x15;��.ǖ���h�dS�� �&#x15;�&#x18;(�#�Srwgc&lt;w&#x16;�2�K.p}jve\0(\0}+��uG�a&#x1B;�&#x11;&lt;���&#x10;�ʲ���&#x19;&#x4;&#x1A;�9N�MI&#x3;�&#x14;���Z]͵T3�
�~��~Cd&#x1F;\�9dXu[W���О)%wb��&#x13;R-DX��Z�%��#&amp;ZF�Q�)�:����Z�RE\:&#x1E;&#x15;�$�=i���m�y&#x2;4 ���~9�^٧�&#x12;���E&#x1A; ��d' u���T����&#x19;&#x1D;Ж�%�G�E+#c��cO.&#x4;O��;�x�8&#x15;�_C�KMH���l��x�&#x15;Jm"&#x12;I&#xB;���A&amp;&#xE;)�&#x11;����qOt`&gt;����}EV�H�O��&#x1A;�Lk��}i�&#x10;5j�D:1g,�&#x13;����YNX&#xC;&#x1;��&#x1A;&#x14;"��&#x18;C�Zӟ4�0�K�&#xE;H�m����!�裥i�T?(&#x19;��aL�&#x2;&#x17;ڦh�9Z�&#x14;R��e&amp;�&#x1C;�&#x18;sҭǀ�ڨ&#xC;�&#x5;���B�*ћ&#x1C;ϐ8晓�ёHq֙#�&#x3;�Q���&#x14;�88�C@&#x1C;�r�m�OCW&#x11;�Uʜ&#x1F;AP&#x1B;_��\0Jtv�X&#x11;&amp;&#xF;Ҽ�E3ۄ�.C4�&#x1F;��&#x1E;�ִ��n"���&#x1E;��Gn]&#x1;g��N�&#xC;gz�A&#x1E;����JKR{�L�+&#x1A;�x��&#x1A;ށLЫHA'��&#x4;�j�~l&#x10;p&#xE;)��*��]т���z����&#x1A;�&#x1E;7��^K0&#xF;��\0�kD�W#��{�"�Mi3'?2g�o��U������&#x14;,�+�|б�Ϸ��'kL7���N��HgYa���w+&#x1;�?�Q�l�&#x19;"�d��]O���;�0&#x6;&#x7;��+���s�X�ڂ�#�x&#x18;��V�}�@�Ȧ�MG&#x6;��ڨ
�
�&lt;g�ݣ�\0f۷����&gt;�&#x1E;��&#x12;\�'�`Ӕ�ؔ���#����k����squ+K+uf?�ڥ��*g~y�"�&#x16;���w�J�R3�}
k&#x8;�*�q&#x13;�G�V��&#x1C;&#x7;��U�k0�2�y&lt;Vwd&#x15;��]��^O�]&amp;���Uyp;���W4�:(�&#x1E;���&amp;�Q��sn&#x1B;dk�w�rQW7�O��W��P�E�U&#x7;�|��z��-д�\0힦����&#x3;�#�&#x1E;��^��s&#x19;$���&#x18;�TB.���;�TՑ&#x6;�z�&#x1B;�J��k+�\�&amp;a�x&#x3;?��\0��_e?����\0��|RJ��mݕɤ�X6��z��z&gt;���;�\0׫ �&#x1E;*ŭ�ű�32{&#x3;�&#x1F;c8�\0Y�\0��\0��E�&#x1D;$�\0���iԥ~����s&amp;D�\z�&#x14;��&amp;�%�|��k%a�O&#x13;��T����x?�g(F�H�9Z�:&#x1B;&#x1D;v6.�&#x1C;&#x16;�Yx�:g&#x1D;&#x1A;�׫;�Q�&#x1C;� &#x1C;�'ֹ@�&#xB;�\0-A�R�nI�\0_��ҔdՇ	$�GS!&#x4;dqU[�Ve���&#x8;�&#xF;�+Aw&gt;2G�XJ&#xE;'djFD��iA&#x1B;r	�b�s��J��v���(v&#x7;&#x7;���\0�S&#x12;#��ߥ&gt;8��/ғ&#x8;�T��^x��#�^1u��JO# ݽ)Ŵ�&amp;�V0�VS�`��U����9&#x14;��@&#x1D;��~�&#x4;p�FIq�&#xF;��z��s#ůAA�Y�&#x18;��R�\�1Őr�&gt;��&#x5;�����I"]�x�0�*#n���O��\0���&#x2;I&#x5;�\0���\0^�"�&#x7;4�sI�&#x1C;&#x13;��&#x15;`2&#x1F;�9O��PK&#x7;&#x8;�:�� V\0\0 V\0\0PK&#x3;&#x4;&#x14;\0&#x8;\0&#x8;\0Mt_?\0\0\0\0\0\0\0\0\0\0\0\0$\0\0\0Documents/1/Pages/_rels/1.fpage.rels���J�0&#x10;&#x6;��;��7�vUD���&#x5;YA(��%��6���&amp;SY�̓��+&#x18;�`Ջ+��L&amp;��;���y�:�}�&gt;(k
��%h�m��
6P;�f���٢½��&#x13;z�B&#x12;&#x1F;�P����\0&#x4;٣&#x16;�[�&amp;޴�kA��;pB�D����&#x15;�i&#x6;�����wH&#x5;����FC&#x1;2�G&#x12;� &#x1;e�ɶe�c&#x3;K6M��h�&#x1F;&#x1D;~qh%��%.���&#xB;o��&#x10;&#x5;�+C��&#xE;���\0&#x15;&#x6;;x�&#x1;6:&#x12;�ߕ�� ;Y��0(��̏�?v�&#x13;G�����1�[�{�v��FI&#x1A;{/~�&#x17;&gt;��8y&#x5;PK&#x7;&#x8;&#x1E;���&#x7;&#x1;\0\0$&#x3;\0\0PK&#x3;&#x4;&#x14;\0&#x8;\0&#x8;\0Mt_?\0\0\0\0\0\0\0\0\0\0\0\0&#x19;\0\0\0Documents/1/Pages/1.fpage�]��Hr%�&lt;�+�Ծ�&#x2;�h���t
�}	A�&#xF;W� -v�mQj��&#x6;��Aw�@����&#x1B;4�cfN2&#x18;$#nfV)&#x1B;�J�q&#x19;�p��c�����?������?��_��ǟ��?&#xC;cw&#x19;�&#xF;o��O������?�m��������ß�ÿ��������Ͽ������?_������&#x1F;������?��o�����71��7���/���?��o�o��&#x1F;��O��/�sӼ������߿��&#x1F;����?��v��&#x1F;��O���?����_������o?��?���O�����ϟ������&#xF;�&#x16;.ӵ���&#xE;}�ޚf:�����~��&#x1F;�۟~�ӟo?�O������~��������~��&#x1F;~������W��&#x1F;o����7��~�~����&#x1F;�������&#x1F;��_�o��&#xF;�%��mW.C|{��.�X��&#xF;�g������������&#x1F;����&#x1F;��/����ߑ�p{�S���&#x1B;Jbq&#x12;�&#x1C;/	&#x1F;������|�s7]NӖKL"���&gt;7m�����|i�⨿�t{&#xF;9�|{�o�gn�&#xC;�5��O�ǟ�����?���������Ϸ���~N��&gt;���}�&#xF;v��?�����?����������a�&#x4;���yz&#xC;ӗ�G���U�&#x2;X��+�������2�7�C���R�ϑ&#x14;n�{g�i��xk�K�&#x1D;Lg���&#xF;�K,o�t��&#x15;�WLB3�&lt;K�%�H�������&#x1;��s�C��@/��s��,Z��p{ş�m&#x1D;�5�E�5�b��&#x16;��@����-�Q&gt;ܸs�L�f9�gÃ�҇�&#x19;�������P����9����N�дI�t�&#x16;��'鶾�&#x15;t�p9�M����&#x1B;m\&#x16;o+f��o���E�&#x17;�#��w9�Z^�&#x12;��e:h��9��]�m5�&#xB;$�D"~nI���qz\�&#x15;A�Ikډ&#xF;&#x1E;��&#x1A;o;�.��߰�X��&#x1D;i*��Im޴n&#x1F;�P&#xE;�x{�&#x5;���J~Y����/��	��K&#x14;qR@��&#x5;�F��3�2y&#x13;$&#x6;Z����F�&#x4;���0#������Ng���ঋ�z&#xB;�U�=G�q:���ͤd���&#x1C;�nK�#�:�S�^&#x1B;&#x19;�@K&lt;�&#x1D;������VX(��B��)2����8�V����3��h%�Յi���b3�wz,�/�������&#x3;&#x11;o���&#x3;���&#x1D;�ɛ�&#x1D;i�ӿݴfY̴ n7{���&#x1F;&lt;�Lڡe�s�&#x1F;��?��w�M��.�[6��C�&#x1B;�I��?7E��YH|&#x17;(
��t�|H�6Cd{F�M�椟�&#x16;���fzX�r�=2�i�B��lf���^&#x13;+j9&#x5;�;i�4}&#x3;/�D70�C����&#x12;n��j�3���n���`��0߂[��	���Z�I�K&#x1C;�.&#x6;���M&#x14;��i5M�&#x14;�&#x4;�l�D�n��ޕ&#x4;�&#x18;�&lt;_b�/c��1�}�v&#x1F;�{&#x19;�\�����x!'9'���e��7L�k`���N2�+o&#x1F;�&#x15;=X��DK��9:;�m{C&#xC;�"b���b�&#x1D;��&#x1A;aZ�&#x7;׷,���%�\0�vz=W�&lt;~ݴ&#xF;2+����l��&amp;m�?�njZi$��8	7[̟�
��Ej�*'���|�L��.bz~��IS�.�)�PL�^"�&#x6;�m»8b��+?q� �79&#x1;�t�w�bz&#x8;W9 �&#x3;1&#x15;9�t����:���]L���$�ٓԱ�L~K����=���A&#x1D;�A"�����Ht7[qX����Q&#xC;G&gt;��u��|&#x4;��&#x14;鈟&gt;�z�t�E	����ɛD&#x10;!~�hU~��Iz1�%�މbԦ}����.��;H&amp;�O��~�ڕ&gt;mڸe��E���}�Lk�&#x1B;�{a��&#x19;~����zP���&lt;�X|&#x17;g\0[���A&#x1E;~-N��M&#x1E;&#x2;{&#x12;d��et0H,�b�_�u�]E��C&#x5;�)"��u,+�6�
X�Y�L&gt;�l&#xE;���l&#x1;�w�I��ښ&gt;	���&#x1D;�-�r#b�h��/�v��\�~�,4�&#x15;�&#x1D;�O|Ť$z�&#x1E;|�mV���&#x1D;��
�m|[��V&#x10;��0��B�&#x1C;'&gt;&#xC;&#xF;��	O;?�Z��\�&gt;��&lt;�2�&#x8;�D2&#x14;�Ȭb G}ŢO�D~ǣl��زЋɦ�I�tA&#x16;&#x5;O�+K�[��	�_�e5��㋀��\��&amp;�&#x18;��e�/V�$Ӻ
&#x12;8�I}S���&#x1D;���S�Wݩ��&#x1E;8�����|�{��Dv�9L{�WR&#xB;�&#xE;�����1��&#x1;�&#x3;Z�&#x3;�_l��Lb\0x�&#x14;�\0|&#x12;:�G]�&#x12;&#x1A;�+&#x18;/&#x19;&#x1F;&#x1F;�-ɉey&#x1B;-~&#x5;1���|vȶ��&#x4;���L7E���.y1�ԡũ�3�&#xF;.�h��&#x1A;e��M&gt;&#x18;;��}"�&#x8;�9�&#x13;�W�#ك�&#x15;�[�e&gt;'d'�&#x7;��8�B�x����$E�|
$,&#x1C;&#x19;��#$r82��^�ln|/���0_��M�.P�=��&#x1B;�:7&gt;��&#x1F;t�����-Cf&#x1F;��&#x1A;&#xE;[��L��ԩE�
���n��'�Gr���ȴ�9�@֠�����=�ɍJ��4+ 2+:Z&gt;�m�։�`&#x7;&#xB;1�����\h|u���A�$ЭL�twS����R���nLOI���km̺����J��&#x1E;8&#x7;&#x1D;(Qk� ��&#x19;��*&lt;?�V�:�&#xB;6��X����$l�]xeY���&#x6;j��&#x12;�h�&#xB;�w���)DЧ�G&#x15;&#x1F;e�$s4=�oAK��&#x10;���&amp;�0�lB�=�eF�D��&#x8;��&#x19;&#x11;&#x1B;&#x2;&#x3;b֣�G�G�y�Q{&#x17;�	�s!�&#x11;�i)��L�^���i�y&#x1D;��ý&gt;���M��݊z��0=l�&amp;I&#x4;I���&#x11;�Ҵ9�4&#x12;�G&#xB;�{,qgir�&#xC;&#x5;-�%�u&#x1;���,&#x18;Ǡp´ʡ��.��F&#x2;�"\0�D��߉&#x15;E&#x17;E|�&#xB;G�Υ� ��b�`��&#x3;�3o�y9��X/I}��7�l�H�&lt;��VI�WDꃕb��l���Y&#x14;�8���~���E2��Ê�t��8&#x12;��F��T�7݊[��&#x5;($O�B�&#x3;&lt;aQ���;�ݒ���&lt;J���8�:��uj+:U2&#x10;��IE��4%�X�5E�˕yi��Jѫe{&#x14;��&#x13;��s�&#x17;r*�B�&#x19;i��),R\�eӵtx(&#x1D;�&#x1B;y&#x14;�c��&#xC;�&#xF;ܢ�۾B�&#x1B;o�&#x18;�1�&#x1F;��b���&#x16;��{)0](�&amp;5&#x13;�&#xE;��1�72���Mt�&#x16;&lt;��9(V�@m���o�L�␝(&#x17;�g8:�\�E}Q�AȽm@&#x16;Gu);6c��ʪ�:�Ƽ!ٖ�'�򑰊&#xF;��@!G7U"���^}�&#x1A;�#�ٸ&#x1C;�&gt;&#x2;����&#x12;�[q&#x1B;^cL��b2�T�ѐ&#x13;(�h[6&#x1B;�&lt;C�XmD��^Sgi��^^�9�d&#xE;��2&#x6;N&#x5;&amp;&#x12;i�RQ���o^\�`.\��?�P�&#xF;{�h��_�J&#x1C;U&#x4;w&#x11;&#x1;	���@��	���h͖7�&#x6;Ƴ%I5�|���ܴ&#x5;/Y/&#x1B;��[&#xE;t/cOU���a���&#x10;&#x7;����t��C�&gt;��&#x2;���1N&#x15;r9�#Z��Y:⿏a��'N�E��ʱ&#x1E;џ؇�&#x19;��&#x8;&#x1;=C�]�&#x1D;�&#x11;��}؝&#x1;el=&#x3;���Hd��}���&lt;&#x15;�k~f8�#�&#x13;�0�������&#x12;���!���&amp;Ŗ����(U՞�A&#x1A;��Q�&#x14;&#x11;6&#x1D;%&gt;��s{dl&gt;��!I�_�k&#x8;�&amp;	}�"��,���7+�\�lѴJ�^�NX�Uu8&#xE;��.p�G7ݵ�&#x4;�&#x1B;&#x12;�.�EW_I���]��&#x14;�����&#x1C;��?�vt'�b�&#x6;'|e�ϖ"&#x1C;�2i�6&#xC;�N�&#x7;��&amp;&amp;p2\0���J&#x12;&#x16;��~��E6�&#x12;&#x13;I�&#x13;&#x1F;�}�j�&#x6;:��q&#x2;v��"��rȕx;�s��;�n�j[��B�@�&#xF;8TR�I�&#xF;�&#x3;�IΫ%I��6��&#xB;�&#x1E;����m9q&amp;&gt;~�+	��&#x19;D&amp;�R�*�?&#xF;��ɟ�-��F~p&#x11;H��*Ns���&#x14;��.&#x7;��!�3	N$��T&#x1F;&#x2;�Tn��&#x14;����o&#x1E;��2ў��&#xB;&#x8;yJW&#x1C;�{M�Nb�&#x11;��˹�ii�%D�K�Bj-��m�o&#x12;�v��j��i9���Hrl*�)|N�e��Μ/��rzN�=&#x10;���o��q�l{�C�蹐S5�
������[z�c&gt;�\���u���QUvZjlӡ��Y5��?DeX
c&#x6;��&#x15;��T곂&#x14;�(�&#xF;b�#�H�ȩX�3�&#xC;.��!�@�
)r�h�.(K��a�Bm&#x1C;֘���=��M&#x4;���&#x1B;��2YQ���%{��i�,��&#x2;&#x15;��4W&#x3;&#xB;�&#x1B;�&#x17;d&#x15;$Z�N�ot˶�*f�8��&gt;����a�����A=��&#xB;&#x16;���s&#x1D;]
o�0&#xE;��J4	�'�I�&#x8;ײeON*�s[*)4��m��n&#x6;��Z��3
��P&#x3;&#x8;�;��E&#x1A;#��Q&#x1E;ϻɴT�H.��S��&#x16;�����0�;,��OY�!?�؇�u��w��&#x1E;}��_W�e;@&#x13;�N�\�S�f%R[&#xF;&#x1F;�kϨ&lt;UR?mA��&#x1;���줰�_y�=&#x17;�ā���&#x1D;Q�G�n&#x10;/��T��C~�*�i&#x15;7\0&#x10;G+aN��&#xB;h�wT¨$��&#x17;�J�$*
%$$�Y7�\zw&#x1;�&#x16;]FmT����ٍGZz2١�z&#x4;��&#x16;����y&#x16;t�.��^�RBJ3�&#x1;���$z=�:4ہv%&#x15;�~F�&#x7;���M{�p&#xE;v�p6�&#x12;�V�:N��&#x5;�X��&amp;�v�� �&#x8;���Y"^$�W&#x16;��t��&#x1;�֝����"��ŧ�B]&#x6;�񶬋�x��&#xC;�ZU�&#x16;&#xF;Y�����o����@�JQ&#xE;&#x3;\0�&#x12;�6��jid�]��a�&#x12;A��s&#x3;?�K&#x18;�&#x5;v(����K&#x12;��&#x5;&#x19;�	���$�&#x3;g�&#xB;2�i��,Ť��(�x�uӋw���Q�RIȉo���&#x15;�r&lt;J��gAQB�.�+[��,\0q\0���G&#xC;�&#x11;����G&#xC;�aRP;�1�@���6�&#x1F;_����&#x14;{Vsps��(��\0y6��+����-|~�v&gt;�
�#&#x11;&#x14;��&#x1B;&#x18;�&#x7;sz&#x3;���}��!�p&#x1E;4�ˈ\0�N��S�\SC�'C&#xC;��&#x7;��ݖe�e)��&#x14;�XF�-+�&#x17;N���d)d&#xB;N{�&#x7;����-�&#x19;\D&#x1F;���|���Z���q�&#x1;&#xE;�C��&#xE;@�&#x14;V�/��j��c�C6�_��!ˈ0�ћ!	e��&#x10;&#x1F;���MU���r���(&#x8;�KQ��&#x13;��&amp;~�&#x14;�&#x18;�_�=P ��'l��}J�F���E���i&#x11;&#x3;B!����&#x6;�	�N~
&#x10;_���l��VJ&#x8;e&lt;�o&#x4;ls&#x7;�V�&#xE;�&#x6;�@mԁz*� Es~�&#x12;_&#x16;����E&#x13;�5l�}�8Gk�
�&#x19;&#x1;&#x13;�U�&#x1D;�cp&#x1F;)z;���I*��Zm�4�b�&#x1E;�_&#x10;2S�b��^s&#x7;�&#x17;&#x11;�&#x13;&#x13;B䘼[ ��b�&#xF;&#xE;���9_&#x1D;f��j%��|�3L���E&#x18;s�	�'a�4
uGl&#x2;h�^���������ہ*�&#xB;�xQ�R(��$�Q*ӊ�A-.��j�}�ƜXL�&#x15;��/��'�&#xB;�&#x11;�.�O���s�!�&#x1A;3,_�,&#xB;� ��D^Ԟ�ހ&#x16;H�% ���ҝ��"�6��&amp;�p*&#xF;���e��oUU��1&#x1B;kHee�\0�M�&#x19;&#x1D;�,��� +�&#x1;�&#x15;q�ߴ\0&#x15;7&#xE;&#x7;�nG���51tn�'&#x16;ğ~�&#x3;&#x3;6j��!HŤ�5�Q����&#x6;Y}�8�����&gt;|���&#x11;�"
|/�&#x18;j�&#x5;X�z6�v&#x12;ʁ~0�&#x3;�+���J�,G��	}=~&#x5; �&#x15;�\0��&#x15;��;fs��Ǆ&#xB;-s��c ⚃&gt;JQ&#x1F;e�&gt;(��&#x1A;�rT?�ő�)��iz�mq�JB��&#x15;/&#x10;=]&#x1D;Z�&#x5;�_d#�&#x11;g�&#x1C;��'��&lt;�6��&#xC;������&#x8;�H���@,�"�Ĉ"$�Ü�@&#x1;�&#xB;&#xC;�x�A��at5&#x13;�!5�p)`�&#xC;��qԲ���r4�f4&#x5;x���&#x1D;-dm��q��8&#x19; tq-@�$�/0@�E&#x3;��� ����ԱE���\0���.~��&#x1F;��s��&gt;qn����&#x15;�X'��D)P&#x6;�(&#x5;��{���R4W�5��4��;�Ͼ뢻���ljC�N&#x13;�&#x1A;��� s�J&#x7;QR������;4�FYH&#x1D;�&#x15;9��~� �.�c���&#x1D;Q,�&#x7;&#x1D;&#x3;¹��&#x1;&#x2;M&#x17; W6\�g�,3[T��G{��-�3��=&#x13;fL�u&#x14;��'�;(*s�w��,}{�&#x4;�&#x1C;7��+�&#x1D;���Y�!�Q�&#x1;&#x1D;&#x1F;q��&#x1C;T��z�ۑ*m�HO�C��`�5������&#x1E;&#x8;��&#xF;�&#x15;t�H2�r�8�m?�&#x1C;&#x17;
)]!�0�c)�-T&#xE;�m�ެ����U&#x7;:�&#xB;�/�&#x3;��&#x1A;�&#x11;��&#x1B;Y5Л�&#x1;-T;*|��ư��&#x1F;������&#xC;&#x17;	y?1&#x1;&#x13;���2&#x3;&#x2;�&#x16;&#x18;�&#x1E;-&#x1F;R�%=V�&#x4;4ݙH���K7)���:�o��M&#x1B;E�-$vX�Ĥ!&#xB;�����3&#x1B;c�EdcO&#x4;;���&#x17;vV�&#x3;iGV����b,3��=&#xB;&#xE;e�&#x1E;*����vp��&#x17;Jh&#x10;�&lt;���G&#x15;��&#x1F;&#x3;�)aQ��K�g���CL&#x15;��Q{eA�&#x7;���w�&#xF;���	�M;�^e�&#x10;�Z�h]���&#x13;'���|HThWwD�&#x1A;:c��#
&#xB;&#x1E;�&#x1E;�&#xF;����*&#x1F;��#�L�U��3�"3�}$�@&#x11;&#x16;��E��􋞻&#x4;&#x13;&#x1E;ն!"�..�&#x1F;w)!�8ǲ�6�?&#x1B;ym�R/�wR8�,�k��ۨ&#xB;\e&#xE;8qT�On&#x7;&#x12;'�L�$��&#x1C;&amp;z&#x12;�#&#x1C;$|?� ��_��&#xB;VDz��,�*ZXΨ&#x4;	�%1V&#xC;?"g&#x10;Y�hr&#x1D;���p�?����C�����&#x18;�&#x2;� �&#x5;ܠ&#x8;؃DuC&#x11;=���E�&#xF;�&#xF;���z\0/z��%�cQp&#x19;I�4@��\U��&#x4;&#xE;?TR�A!$�&#xB;u�6��&#xB;�{�z)���&#x16;&gt;1&#xE;���&#x1;&#x7;0,k�A&gt;��\܁r
i;-� �� �&#x4;��,��&#x1;Y&#x8;`Ulڋm&#x11;:�E��!�s�&#x5;���=�U�}�o��θ-:�&#x1E;ɭ�&#xF;&#x4;/!��%cV-��i&#x19;�B�&#xB;ƈ�Vb@&#xE;���]�Ɉfdw���U&#xF;��N&#xF;hr*��h=���r�s2H�N��]F~`�Z|���@��+刯F��_�29&#x10;`&#x1;&#x17;/�|&#x11;&#x14;�F@��68�%&#x7;�o���&#x3;�j&gt;V?�\��H'�&#x1C;&#x18;&#x17;&#x7;����&#x17;���Ɩ 3]{p_I�)筊!7.*f����T�bF!R��R0���u������S&#x17;�;&#x1D;&#x15;&#xE;&#x19;Ʌ��*l�I�d�[��,X�&#x1C;�j�߳&lt;�mlu;&#x1;j\�)�sj�S&#x11;�#��ܯ&#x4;�:#B6:a_��x)1��@��Ѐ��&#x1B;�&#xE;&#x4;/�&#x19;��D&#x7;r��&lt;&#x1A;b�=&#x11;&#x1D;X8�;8��X4U�80@!�&#x7;&#x6;)��&#xC;Ry62P��RA�&#xB;�F�F&#x6;#5&lt;ƛ�=��ض�f[GWt&#x14;E�oTl+��Q�R�A=��&#x1D;��&#x1C;,�8j�&#x17;�x�,�]��&#x1D;�E&#x2;���&#x4;MJLb�ItęM&#x1C;&#xC;&#x3;I&#xE;r��1ND�A��&#x14;=���EÓ�@ھ�����Em�&#xF;
;��D8'��&#x11;�!0w&#x11;��f��&#x16;�,����&#x14;���&#x19;�&#x3;A�&#x4;�9�b�r�&#x3;�h�n&#x11;P�ŵi�B�8����ߙ�^��m+lT�&#x6;5&gt;I�V�|���|�����$ɞ&#x16;�CH58x�bĉ6O���&#x1C;&#x4;.�&#x8;%D��lB[L&#x5;�~&#x10;Ɠ1��m��x�&#xB;��v��pJLNL7{&#x17;���q��S����;&#x1A;�s�"&#x12;���z�!&#x14;�8#�&#x12;�4&#x4;� �L�n&#x7;� &#xB;��&#x14;gb&#x10;�N}&#xB;	&#x1C;	��^&#x7;&lt;�8s5b�kD�l���p6\0�7Z��F�뇤&gt;���FV�7����&#x1;&#x1E;[P1p&#xF;��,�&#x18;&#x19;�}tM�5\mv��Tv�l�U��ч��&#xF;&#xB;�n%����8�0[h&#x1C;_�-��Y�&#x1;�r�&#x11;�W&#x1B;����^�3�k�l�&#x18;&#xB;�&#x1;j�Z.w]�&#x1E;nG���*��&#x5;#т�J���p�)&#x6;�E;��T4;l�� �&#xB;:� ����&#x6;�pȁ&#x15;ڊ�ys�ue�}t~�bh����Ѻ^��4&#x19;#��@�&#x7;,kM&#xE;��&amp;2gY%�d&#xE;����L�./R&#xF;���m"���&#x16;�h�DDI��rDΩ&#x1C;&#x15;������.�&#x3;E�ޣ�&#x11;�&#x2;�����|&#xB;:�����\0Oα�&#xF;�h��"䦆���}�Y�l&#xE;F8�n9&#x1C;&#x1B;�}sTY|&#x16;9h孕�&#x18;�$��h(�d���::ڡ&#x1A;C��,R���XZ���&#x1B;�&#x15;z�F��&#x1E;�
2#�[��$�K&#x2;#2y@&lt;i�&#x1;�&#x17;�@f��i&#x12;pco���$��&lt;s�q�6�H�&#x13;$&#x3;9J+�����yXN��̲%��&#x1;�&#x3;S��İ%�&#x1F;w&#x1C;�&#x14;��&#x12;�T�&#x1E;�L��&#x15;&#x2;�:ќ�e�&#x11;$�&#x17;g���������T�-��t&#x19;���`  s�&#x1;�h��V��Ud2&#x17;�e
�=G&#xE;���B�%&#x12;���b���&#x6;���K&#x14;D&#xC;��H�&#x1E;&#x5;&#x17;&#x1C;�_�|&#xB;�&#x18;\�)&#x1A;&#x1C;m�&#x4;=&#x7;1ΐ�R��0&#x13;!3��I�ud&#x1E;��*�&#x15;�ͽV5�Am.�a�e����?����k\Jv��l��r�M�_γ&#x5;�����[���i��&#x1B;�Y�7��f�������e�!��&#x8;&#x1F;�Z˼���zB�&#x6;�&#x1B;w%�\&gt;o�&#x14;�;�&#x1E;�N�'象����zU!&#x14;�*&#xC;ָ�EWV��&#x1F;yQW@�\]!�'���ț�b	�&#x13;u�\�+��&#x15;0E�n]A����Btu�X�&#x15;&lt;�"�U%��w�
��׶��:N`�!����Ԩ� �&#x7;����-T\[nc][��ڲ�N!km�ͮ���õ�6ߩ-�Qk�T(�u�F�-k��)Z=v!��-w�tm9�����auY��AK�&#x10;�-&#xB;���ox&#x15;�c�&#x15;����e�-&#x3;���&#xC;t&#x1D;ٳ����}�&#x19;`��@}�J$8c�K,0;k\0O�
���`^cVdÆ5�z�=%�wk�Eb��JLuC�&lt;�ql�Q�7�&#x19;&#xB;��ˤ�AQ�2!N�����O_�8v�A�&#x3;�&#x1E;�:&#x1D;K~�,�j3Ygd$����� L	�S�፵넱�`�V�T��&amp;f��:�e���[��+��3%�N�K)�&#x4;&#x1B;l&#x10;�w�	!�&#x1;?(]D}&#x8;�&#x7;��&amp;��T&#x2;'���w�r}��&#x12;&#x3;0&#x10;�'&#x3;�IN&lt;�R�!��"���3V;�b�U�����%rv&#xF;ysq&#xE;���}.X�K;s�����1&#x1A;9����&gt;�'Gp��e� � ؼ*�N�l&#x1B;3:&#xE;1���`&#xF;(��dM&#x13;�6n���i�D�(}`&#x3;���&#x6;&#x1C;&#x1B;E����t#ނ&#x15;v$w��Υ wAb&#x12;A\��&#x3;�h��&#x16;vt�^4�&#x14;����:�Ř&#x1A;�&#x6;&#x6;�Y[�����9��Yx�	��Q�ȳ_h&#x1D;8'&#xF;d�R�&#x1F;8q&#x16;�K(e;`�8*n�@&#x1A;rum���|~�&#x4;��:SGy�ês��&#x7;�
�J��&#x14;\0=� &#x1D;@U�&#x12;�&#xE;[$I\V�,alb&#x1C;��ɐ؛�&#x1C;&#x13;��c#\02�`�9oR�or��&#x11;�U�3��PT�IE��&#x17;&#x15;�xܺ���&#x1A;w"�{7�&#x1;&#x1D; �	���um��Ȍ�T���M&#x4;Mh�o�S!ܨ6�p��C%�^��&#x7;�D��k&#x1F;����&#x15;n6&#x1C;4�&#x10;؅&#x10;����q�G������:$����#5��&#x19;AC�iR �m���F� &#x1D;��8KU���&#x8;(�\��]�Ӱ��BIv&#x5;&#x1D;&#xC;b&#xC;,&#xF;����&#x1F;�%�����Q&#x1B;&#x1C;%k�&#x11;fW�0�t	d�&#x1F;�O�&#x4;Ϯ����YQ.�D&#x12;)�4�&#xF;ՁV�N��q�)(m&#x18;���P&#x1B;;i�2S�����&#x6;P�[�����&#x1A;�:�B��[�4
�N����\kr/4&gt;������R���\000I�~#mx�&#x19;�9�Q��I�\��]�ݔp�&#x5;������6&#x6;��d1w|���&#x1;(�&#x4;�R8G�eU�&#x18;?A&#xE;}�E��Ԓ;���&#xC;&#x11;��N�"��\C�4i&#x5;x1��D�_Jn�&#x13;�'&#x16;��prI&#x1A;�8u&#x13;�R����@N�&#x17;�zo��vI�V�&#x1F;O1��t_�Q���T��}�ҷ�&#xB;�p7&#x1D;�+���p�I�ò*f�u����GN�Y&#xF;A��&#x1A;�&#x1C;��!�']�!����&#x2;&#x18;ߒ^�6�I��Q&#x17;�^��G&#xB;:R�9���&#x12;&#x6;��h�W&#x18;WD+����&#x1A;�6��&#x7;�1o�{&#xB;&#x1A;�Ñk,�����*�c��&#x19;k&#x15;&#x1C;��&#x19;���k�rQE����&#x5;umR�?�+��7ֵ3�̽�\&#x1A;&#x19;�]�D������1&#x19;@�Ғ���b&#x11;��W��R�'��+���%�4(U���L���̘옓U��;�&amp;NtB�&amp;R��&#x14;&#x1D;�oW9�y ���&#x2;�&#x5;��=���ֵ$&#xE;�z&#xE;���Ik�&#x13;3&#x4;Ӑ&#xC;1�}&#x4;�e|{w�����zE�pO����ߞ&#x14;�s��8;&#x1D;d��8d�&lt;���\0���e�01mb	;J8�\��@�'B�!&#x14;�c&lt;&#x11;	G�#T�7�&#x18;��L7H&#x10;@�&#x10;��N쳧�(����6BNf�M�&#x5;,#�..��c&#x1C; d�&#x6;&#x14;	&#xE;42Du\0�(&#xE;�&#x2;��l�C��rr	I�{���Yʦ]���
|�KYc&#x8;a���\3P�E9�F�&amp;&#x1D;��&#x12;'&#x14;3��h&#x2;�&#xB;��J̆H0��6K���&gt;ڬ�&#x3;F�2&#x16;Gg޻Im.&#x8;T�x�uWS�&#x8;9��؁ip��C&#x7;&#xE;#�b�&#x1C;&#x3;�c��p��&#x6;�&#x1A;�+���(�@*&#xE;�6�c��^����{&#x12;�k�&#x1B;�3K(�&#xE;L�U�'a&#x4;�&#x17;�Q�[&#x3;Rip9ʤ&#x8;�T	C�����jd(Pen�&#x3;�� �݊oVN
�F&#x1B;��V&#x1;!�$��3(v� 9\0��:\0��c�&amp;�#N�ֳ�2�I5�ď&#xE;��%~��co�ǲ&gt;�f�0��2@kY��L}X�xV��	��&gt;����,�H��g=�&#x1B;����ď�[�5_�&#xE;&#x4;�&gt;��&gt;
�&#x14;�E����by&#x1F;�&#xE;b�?�&amp;}"�&gt;=�d��&#x1F;U�'��&#xF;�X&#x1D;���&lt;g�x�g%J&#x8;�&#x11;&#x2;���j_OE&#x8;&#xF;7S8&#x12;&#x1D;��&#x7;5��&#x3;�&#x1F;���Vk&#x1F;&#x1C;&#xC;Y��X, (O�&#x6;�&#x16;��b�&#xF;
@��04H�^h@��B&#x3;�&#x5;mvqA��V\P�&#x5;��&#x8;&#xB;d�t&#x1D;&#x17;��ʸ &#x1F;�&#xB;�-��֨G�*K�&#x12;��c�i�&#x11;�������c�ı�̭�
�~�p�7&#x10;&#xF;&#x5;�y�K���8(��{�^B4
/cS�&#x4;)�NpֹW���&#xE;�v�W&#x11;y&#x4;+��_R�҆Z&#x2;�&#x7;&#x17;���6��¹@��|�r�&#x5;&#x1E;�|`��q�&#x3;�&#xF;v�Sz�&#x3;�2X�����$L�~�&#xF;\&#x8;�:��7cb�;iu0�&#x6;P�_l�'Ͻ�o���qG�^U���&#x7;ǟ�����&#x1E;�&#x1;�:)�80	:�$E$�&#x19;�Ib@O&#x1F;����+�&#x4;A{]��S�Lz}���&#xC;L�&#x4;ɍK���!qJ� ��h&#x1E;��y�j&gt;���h/T����	��&#x11;���&#x7;��o&#x7;uh��!Z|&#x6;��.�;���&#x7;�&#x3;�A2Ρċ��`\0&#x1;��;���!
&#x16;t&#x10;��v
;&#x4;3��=7c�[���
͔/�|�܌�&#x11;&gt;�Ċ��"&#x1D;s%&#x3;��Q����̳F&#x1A;U;�aÑ�T�aAJ��OJ�
P&#xF;��j&#x6;s��I�	&#x18;j��,��\KS�T��V�&#x3;g\,�7{�I&#x1B;���j{{&#x1E;&#x3;�\0�&#x15;$&#xB;�&#xE;��զB�]�"#�Oc/��S�z�k�NY��U�~&#x1B;G�d��&#x5;rm�|W�E��i&#x1D;�����&#xC;G���if-��(&#xF;tϪ�&#x3;�l�퉘Z�^v)�e���&#x5;[P�&#x4;�j�&#x18;�$G&#x1B;Շ,�R�{�̦&#x16;죞&#x1D;�/`�&#x1A;�^s��&#x1B;&#x1B;!���=��&#x1;&amp;�&#x1B;�	:j&#x15;��6^�m6pp�&#x5;m�aO8�s�vw���&#x18;&#x4;���&#x5;�6&#x5;[0T��!�&#x17;'	�NQV��`�VK� �v��l&#x1A;&#x1;��&#x7;	h4�.:"&#x15;&#xF;���&#x1D;@�&lt;���&#x11;�;�p��0����k&#x6;�j�МX�2ȣ��z��AU�P�s,�p��H�Rz��:&#x5;T� �:�&#x1A;�.�!�Őm-��F��\&#xC;�FQ�к���T+�&#x1;K�wI^�;�Ki�-�b+���&#x12;z�:V5A�&#xE;��0t\�A�����Ň뀛6u\0�'�k�u�W9�c9�&#x10;�\01�.�c@�*��KDb�K��&#x12;�&#x11;�1$�"�Λd*}�e�_-΃t��&lt;H��򹤛~�8��g�v��&#x10;6�&#x3;&#x1;XbLE@��Hv��{�&#x18;&#xC;��.�&#x1C;M�.~��������4�&#x18;F�C�0��&#x1D;�#��}D���F�$jU&#x1C;_�eM�_ٝ&#x17;7(w�\&#xF;r��&#x5;&#x8;�'GZ�G�=��fJ�v9���{t�4/�ޒg��&#x1B;b)�^&#x14;��@�Xn-$��K&#x7;�h&#x16;�'n�j&#x5;nH�&#xF;&#x1C;H��&#x5;L�x�k`4I�����0��1ڥ�YY&#x19;m�དྷ{��sЖ��wzYc�K��Y�&#x6;�|��+m��&#xE;�=H�D&#xF;U�X�&#x3;�f��8"����&#x11;W�l��n��&#x1C;��f�2zeT��$z��z&#x15;�&#xE;/&#xC;_K���5Z��T�Z��oo�z�&#x19;&#x1A;���;��&#x14;��wE|�&#x17;��&#x17;v�&#xB;���j�{cl�a�s�c��_��G��}���,��x���&#x7;{M&#x17;�,�Q��}���.�z��&#x1F;����&#x7;�2&#x1A;�&#x1E;4I��$��m���6�)��:�&#x1D;�&#x1;��=&#x1E;�&gt;&#x11;R���&#xE;[Jm�\0�;[�-�'&#x1F;i&#x4;��Ż&#x2;9jT�exH~�p&#x1E;&#x6;�겊ѩ+��0s�C�1k*F�y&#x15;&#x1E;N{���	�&#x1C;&#x17;4m&#x6;G^=X�� E&#x6;Nmt2²��&#x1E;$�a�6��H�p:ą&#xF;&#x17;)H(&#xB;��ZDށg�JDll&#xE;���"�K4J!g��EQ1&#xB;,&lt;�(&#x1D;I|�	;&#x19;��Ir&#x1A;��_d|&#x16;ס�&#x6;�&lt;m���QVCb�&#x18;�!B&amp;�aT&#x4;�^&#x1A;&#x1D;a�!�&#x1A;�O�&amp;%�Z�ŤD���N3"����&#x1A;悧#*�R%������&#x4;%�Sx1\0"2�o�iidU&#x14;&#x1;&#x14;M+iam9�&#x13;^��`ZI|f��V�l|w�&#xB;�\06��&#x1B;��_&#x10;~G[���|7��9vS &#xE;&#x12;�:�\�ĕ��Mב���\�Sa���0;H(s&#xE;���z )?��&#x15;0��uݩ��͙�3����IX�����Y�&gt;��8&#x15;s%��E�?&#xF;B#�r���&#x15;�%�)��&#x18;&#x1F;��❋x���E̍t��ݥ�.W��+�?`���/����t�z���a�&amp;�+�Ũ�f�&#x17;yN&#x1E;&#x8;&#x13;&#x1D;&#xE;&amp;�&#x1A;&#x8;��
	S&#xC;&#x8;��&#x8;�=�z'5(&#x1E;��&#x5;���&#x1;��a&#x7;�&#x1E;o&#x18;&#x1C;&#x14;f0,L(*��C'��!z�`�Vl�6,f�:&#x7;w��&#x6;�+�&#x1E;7Z�H�h�5�t&#xB;&#x1;s���4���6���X8'	z^n"�Ȋ�=K���ULL%e鋑�x/���&#x6;�� &amp;�)ۄ&#x2;�#qed�8�_��&#xE;����3&#x10;��&#x1E;�1h��04�B�s-�v_&#x5;C��헒m�M(ڮ�;�:&#x11;t�&#x17;!\0X&#x1B;�6&#x17;m&#x19;���qwC&#x1E;�ɚ�&#x1;��+Wv��n�{&#x10;�F���]�5�k7�z�l&#x1B;	�|y��m��&#x4;�:&#x13;W8�c�&#x1C;�!��=���.\0�����1��(�JFqQ\t��t�"�,�&gt;���\Tu�&#xB;\0;&#x10;��*�8&#x12;&#x1A;s� ͹��?r�#�
�(n��4B�0!&#x16;��j�=m�rqQ��@\�� n�~�1�XT&#x1B;�׃З.c�����&amp;�?�����&#x2;�|&#x3;� ?�7=I�&#xE;;��&#x13;�S��%��w�죚
o݉���\0�-ʰ�uؼ�R�Z�&#x5;��&#x1E;�y&amp;2&#x7;`��&amp;X�hw�&#x7;����_�Y1H��	zE+b.������&#x5;A&#x1C;�&#x1F;�f�)T&#x8;��&#x15;�U&#x1F;�`)&#x2;�1�-�&#x8;(&#x14;r����I�HCzśTZ��&#xF;�!��]�x��Ҹ=.H�aG��(��@��F!�&#x6;UF'�v�j��&#x18;�OH�+���	�`3?�'d��&#x11;j���#ĕmd&#xE;&amp;��&#x10;J�V&#xB;�Rf��
H&#x3;&#x7;�A��&#xE;�x;yd��&#x8;�&#xC;�D�P&#x6;D�QBF&#x12;&#x7;x���%�!�dN(�D����e�%%�D� �Gc�I���c&#x10;&#x13;��&#x3;(�(͐�2	�&#x8;�d�7y�48p=n����R&#x15;&#x1E;u&#x14;��+ty��j#͡&lt;�x�T�10�c��&lt;x��F�_�����EB7H�''&#x17;L�ĆFL����&lt;&#x19;�F��H1JsV&#x6;N�e��Bt&#x10;]�	u�&#xC;`��4�R�1�E�&#x1D;��&#x1A;&#x8;P�&#x19;��Ox��萊-���p�1Τw��5Y&#xB;&#x1A;��օ�zܼ��e��&#xC;����!�AKۇɽ��t�)�&#x1A;Q͚y&#x8;VZ&#x5;7A��k�Rk	��\0�J���&#x1B;��d�
��Ub!󒢋1X��al�wt�&gt;��ok[F��&#x2;��&#x15;&#x7;��V�o�&#x7;����\0~+,�U�&#x1D;&#x1F;&#x8;~&#xE;�Ɨ��\0�"��-&#x13;&#x7;�����}����&#x18;�&#x1E;h&#x2;&#xF;�&#x1E;��^�~�&amp;�&#x1D;��&#x12;�&#x5;�
���sL&#x5;������������
���)�E�&#x14;TpJA�[��ZO�/�։o-��fê ������"�-%�X�$ʍ�Y�.���XQ&#x14;ч�F+�&#xE;X��BU,����'J�����UQ
.�(���*Z&gt;k�������Ө��L]tF���i&#x7;�Cr9�O���5�~��g�}L�V��&#x7;��s�&#xF;�&#x1;c$����;�&#xF;�Qp&gt; �T)K�~"��E韁��&#x19;d�&#xF;�cN���&#x1C;j&#x10;M��djU7��&#x7;���j��U��f�7^5u����C=�չ^�&#x1F;N4�r�����+��&#xB;[b�H,�&#x19;fȵܻ����v[�����=C2&#x7;&#x6;T��&#x7;^�	��'�'P$�p6u�	*�c��&#x13;���&gt;F�&#x12;!�똱�&#x3; �&#x7;_&#x13;M ��щ����&#x12;&#x10;sϢ�ok\&#x13;��(&#x1;0&#x7;.�c�&#x13;�rNH&#x11;eŌ?bR&#x19;&#x7;R��4��&#xC;_e/:Z&#x14;a��T\0E�Y�i땩&#x1E;(&#x18;���m���l�����Gr��������qH��d���	:\0�;��&#xE;㈉�&#x1A;^w�h�;&#x12;���&#x2;&gt;&#x1C;����&#xF;\0���&#x17;�&#x18;�=6��)W'��h�&amp;&#x3;WݕZp��\0\0�&#x7;g��*-�y��J�?&#x1C;]my�L&#x18;&#x1D;&#x5;J$�L&#xB;e�53�&#x1D;T�	+f�&#x16;�'��&#xC;gM&#x7;*�&#x8;?&#x18;�,&amp;,��iF��m�����\�M&amp;�4�0��4u��"��&#x13;${��Y&#xB;'!�E����ӕ~��s&#xB;\����3��/�3�&#x2;-&#x17;g�&#x3;aV&#x1F;��Y�-��H�����i�@r/%�&amp;��&#x3;$��a��&#x13;�P���YC$����U��ï&amp;&#x7;z����&#x15;��lPsMi&#x17;&#x1B;��lP��^�Q��@t���Q�}i��Q&#x13;C�&#x1A;&#x16;�&#x10;��Π ۼD$��&#xF;�(yE&#x14;����M&gt;@ï��y`��'XS�(�&#x18;0^��N3 �X�&#x1;[�j&#xC;�����"4���s&lt;&#x1A;�&#x1;�pt�&#x13;�#�&#x7;XxE��Dŕ6�&#x11;�:&#x3;&lt;o�}&lt;�&#x15;��%m/B�0�3X�5 n�`$�����P\��$c��%^���,�&#x1E;��t�Ļd&#xE;J\0�&#x1E;(�ė�*&#x7;R+
_́,_������&#x19;%�fzQ������0����8�p�ǁ��S`��&#x8;�;�wG&#x10;&#x10;&#xE;�Ʉ&#x8;�&#x2;@��k�&amp;��&#x14;�&#x1B;�w_&#x8;�PS���?��k�����}���A��?pߡ`K��-�\?2|Sρ�Y*Jz&amp;&#xE;��#A�y�Z�{zw&#x15;ɮ�Iv&#x19;3�h�4��vy&#x5;&#x14;R�K�~�&#x5;q��&#x1D;y�P��C��:m�gq�&#x1;&#x3;��O��&#x1E;�ñ�&lt;��P�z��\of�qS;uB|5���������Ss��{G}j?��53��&#x16;��&#x15;8�M2���L�y��{T'X�z�����&#x1D;g�T?oȫ~^1q� ������&#x12;�&#x1B;�&#x1B;2�$�\�%h&#xB;M&#x1;&#x1;�:�&#xC;�&#xC;&#xE;%�?u	�&#x15;Ԥ�+&#xC;D���&#x4;P�]Ģ�B&#x6;i&#x7;��J�&#x1E;��\D&gt;&#x13;QO�+������z�H��+&#x1D;�&#x1A;�&lt;dȔ�&#x19;�;��z&gt;�-����*��ܣY&gt;&#x1F;�&#x1E;b�!�.3�3�1֏ gW,�E4%=��~�`"��0��&#x7;�u���O�� g��[��&#x3;D�5��O7M#&#x7;GV0�1J&#x3;��h�*�^J��_z��&#x16;��a`��d��r:�&#x17;���&#x7;��j{�Aq�~�&#xB;qP���� �8I���&#x1C;�RPl���8(����&#x18;(x��9c�&#xB;��\��W	�N��&#x1C;s�&#x13;Q��&#x12;'թ���J&#x8;��Rxv�����&#x18;&#x1;�&#x18;&#x16;c&#x4;�؞&#x17;��6�zX&#x19;$�X&#xF;�'	��m�rX:�ݣv�)��&#x1F;e㺃&#x1D;4‚��&#xE;v��2�&#x1F;x&#x1E;&lt;�����&#x7;�S��&#xF;�&#xF;&#x1E;�mc�A�:{&#xC;&lt;�ߩ9�|�mw.7��&#x19;�Q;[��&#x10;�&#x1A;��f�b� I2E�&amp;I�Fƈ��&#x3;�&#x3;�rl�(�R�ո7C&#x14;URP��q�&#xC;QP�&#xB;��$��&#x15;8��	�
���8O�r{�d&#x2;��J_��&#x17;�Ӛw�m�K՝flG|�Gk^1�V�汬&#x12;�&gt;`E�I���G-d&lt;ǋ�|��&#x13;����yQ�!�&#xC;�y'&#x10;�p���=&#x1C;�&#x1E;Ҡ�&#x1C;��a��M@�&#x7; ���=�4��S��x&#x15;ip�vo&#x17;� v�D&gt;�EQ&#x6;� �&#x3;S'�=�AL�kp&#x18;c0C&#x1A;y]�By�:`U�&amp;wPv�9��ݭ&#xE;Tz�ϭ�D���sz&#x10;��avvJ���&#xE;B��S�N��J&#x1C;)�T�+I��R֡d�rV��&#x7;C��Ey(�@ٚ�&#xB;Zd�4C��&#x3;&#x1B;�:��[W��ʰ&#x10;[��q�&#x1E;�E2�n&#x12;&#x1E;�\dC+�Y���&#x1D;؊��@�.�&#x6;�!�zg&#x8;�,�]�&#x12;�&#xC;�s?1ɼ��cY�ݴ&#x12;BGWU�&#x15;휉I&#x13;���&#x15;&#x6;+&#x15;}�E�0�&#x10;t�'��G�RDÙQ�5 �S&#x12;m�j�ч��O3#�3&#x11;��J&gt;�䕵�&#x3;�
;tLJr���nF?��m��{&lt;�\�E�q�]LE���p&amp;�����Qbv�aW��&#x18;���&#x1F;@�ˬ���+�j&#x1D;�B�:�[���/���ƸE��Tz���YO�An5����9\0^&#x1E;�%��&#x2;$&#x6;tLkZLj/�iM��.���`&#x8;b&#x17;�&#xE;�f�d ~���X��IW&#x14;G�I�Sc&#x1A;M�y@�"�v:���q?�zpD�E	���&#x1C;&#x1D;�8��&#x1A;y&#x12;��&#x1D;\0	m4�;\0~9&#x1D;\0i&#x6;���&#x1;0�&#x6;;�\0�v'}&#x7;�&gt;&#x7;.�Z�'N�s��_Z�~���k�Џ���S��η&#x1E;�D�;�zz&#x10;�Zʵ�&amp;��&amp;Qmg\�IT'2���.�͸~�5��E�&#x1D;&#x7;~��&lt;X���\u��&lt;@҉&#x8;y�ddS5�;1��S�\0`-�$$\0����$\0R��7Q�^Ʊ�k�^t�B�+S6��q�\0K7%X&#xE;�r���&lt;e iU��&#x2;9�a�&#x19;#0��^��s9:"��k�&#xB;&#x5;,&#x2;y&lt;M�»�Ö�^ҡ8�ҡ|�.�P&gt;�"&#x1;)�dLf}&#x10;�,ݱ;&#x18;⮃�o�}%&#xB;&#x19;~�$�|�&#xC;i�U��7�/q�p
8W�=\?!�+I�&gt;ƺW����v�&#x14;n������AJ�v&#x14;[~��B�
&#x1C;(&#x7;��L*=Q���6&#xB;&#x1C;;��Ȁ�&lt;�p��l ��Po+�:Χ�� z8&#x1A;L= �&#x1B;3��a�D���̚6ѥ��)��0#ݻj�/?#���&#x8;P�&#x1F;���^�yF�k%��@[���9"��c�iHK�Y�Qů2'{-&#xB;	7p3&#x7;��9�oxRvJ�E�7&#x1;�&#x6;�nO~ˮ��&#x12;s�6&#x1B;��BT`Ô&#x7;y���ʌV�&#xF;�����e)�XΧ�j&#x1E;�X�xJk&#x1A;�&#x19;x���9kMi%&#xB;dw��t|�)��?�����g�צ� �٬$���lVD:�	�`K&#x13;�ɵ&gt;���ռ�:�������6&#x11;F��+7��e�T&#xE;-�"^�(Ӗ�#`�hb�W�4-&#x15;��&#x1F;��r�_OK�D&#xF;&#x10;}@K�������&lt;j����a_�p��NI?N�z&lt;[����%�C]�ŰUL&#xF;_['�D&#x1A;�Dr&#x14;/�%k��3�O�%�G2S�R&#x6;��o�|a�K&#x1C;�� �7��t\0&#x2;��d&#x17;�j,
��&#x6;�E&#x15;�x��+U�n�;��&#x13;��&#xE;=&lt;��&#x1C;UJ&#xB;&#xC;W��y&#x1A;��\0��(ɋ�!w����9Ƚ�&#x1;�[&#xE;�K������d�Q�b&#x18;�q�&#x1E;��&#xB;�ч���:y&#xF;���J�&#xF;���&#x4;�&#x1F;��ǎ&#x12;�gU�+&#x17;&#x5;�IwJEx&amp;&#xF;jE��_^+r�"&#xC;4��RѬn�&#x15;KE}vc&#x7;ʻ�KE�&gt;t�T�&#x1A;���RQP�|��&#x2;�]���sc�)&#x14;�j�I�
�2�L��T&#x1F;��*&#x11;��Sm0�&#x1C;��&#x7;Z����R��표�k�OU&#x1C;�~ޯ8�=&#x5;&#x7;%��E&#x15;&#x1C;����&#xB;&#xE;�*ï���bl�N�7�m&#x16;&#x1C;&#x1E;1��&#x5;����_g��&lt;�y�����8l+�&#x1B;=&#xE;+�;&#x15;�3&#x13;�^Qp���G&#x17;&#x1C;&#x1E;��:Pp8�ܵ�W�F�)�j&#x1F;&#x3;�('P&#x1D;�K�&lt;7'Q����:&#x1C;��C`&#x1D;I����:0$�82���7���,�c��{&#x4;رP ��h�\0�'���:�$x��=;Oi��N�	���&#xE;�&#xE;�&#x13;��{��&#x17;�wr�x�D�ij-N��N�&#x1;&#x4;s\0�y{~��s�:&#x19;Z�MN��9��kUy� ��V���&#x8;�lZ��c�JԚk�����Q͖�3)^��=Y%�,Ɇ��&#x10;+9��u���,�&#x11;���Z���m��b
&#x19;��&#x19;����.&#x1B;_򑨯`C�&#x18;UB���'�Q��s^�;&#x1D;9?�'��&#x14;�u�?.����:�&#xE;�I�7�؇��U�&#x14;&#x11;MC�&lt;�x�P*&#x1C;�)����p|β�V\Zwϊ{ߺ,-�3��hq�����l��&#x10;+��ү��Y�����-��&#x8;w?)�6CT&#x1F;���n��&#x12;깎�o��"~�&#x6;
&#x10;��#�ڧ*pan�W&#x1B;��&amp;�f&#x1D;lz�&#x1D;[�&#x1F;����P�+�u�&#xC;m]~�}�m�S]�&#x7;�&#x14;+&#x11;&#x1C;8�,�	&#x1C;D�&#xE;ty.3�=d�&#x1B;,U�� �z��IE������6��	�F-�&#x1F;�G xᣤ�sR�&#x8;�[;���ڏQ+H&gt;t&#x1A;&gt;Eq\��ZYU63\�&#x11;n*~Wb̵���_�;���B�&#x5;�R�X�&#x11;�2%��*���j��&#xB;�Nޛv�
݅]�fS&#x18;&#x1;N���|�v�Jǡ}C]I1Y�jȶ�&#x14;&#xB;*2Ty�}6�I(�*�L����h&#x14;`�_A���MƲ(3�iRR&#x1E;�Y2&#xB;f���(&#x1E;j�&#x7;fC4����P�S��N�My±N9$ە"&#xB;���X�qw9X	�W��\0��{�\0&amp;b��&#xF;Z&#x6;�&#x2;M*��p&#x18;&#x5;&amp;;�0_0OHNK�˛�k�n��m�����H&#x16;&#xF;�B$G�&lt;���9"&#x19;a�&#x2;�l�&#x6;ל��dr\0�&#x6;$K��
 9"t��JΕ���&#x5; Y]�9 &#x19;;�&#x16;\0�(&lt;D#�q'&#x1A;��L:�L����F�p� &#x1;���&#x11;\06H�,ҏF9&#x8;_���G&#xF;�M?22�e&gt;od&#x1F;&#x13;B���{,;&#x2;�&#x1;��&#xB;H�Q���G�JT�;�iBE��ҏ��`(!p�&#x6;��-&#xF;��Zz�X�.s���*D���&#x1C;	K&gt;b8�qM�4)�Ggs��K�5_r`��_�&#xE;ɡ������y��.�g�&#x1;u��k��\&#xE;��f���g��F~�@��-h,&#x10;1�%�ڍ7/�/c��&#x14;&#xE;7&#x8;��x��&gt;���r�p�r/qF�&amp;b=1����'�&#x19;
&#x1D;n@�f&#x3;X�)�A&#x3;6&#xC;fe��X����i�7��]��r�Q���3Z;�}�I[��lj��&#x8;dߢ�&#x3;�S��7����&#x1D;�Cx2+Ʋ�LV&#xC;d��30��)�Y�ZY�d����|1�&#xB;&amp;&#x13;&#x17;g9قp����e&#x1F;w�΍(� ?�!���y�������N-�;u D�a&#xF;�]�&#x16;�E��r���h�d4w��쏩&#xF;�&#x8;g=&#x1C;���ƉwA&#x15;&#x2;Z��?�d�^�� !ٹ�&#x1D;}[:�s&#x1C;���V�j��n���2ǀ���8��&#x7;�M�&#x10;p�!]���&#x1;&gt;&#x5;D����&#x19;Ot&gt;:K�k��!ev��&#xF;fgQ�w{vV&#x17;1;K(\0��YU2��&#x1C;��&#x15;ٕ�&#x4;�Γ@�^@b=�;Y�&#x5;������Y�m|c�&#xC;̺pGJ&amp;y��:�ϲ�I�&#x10;�����7�x�$-&#x1B;1JK �2M���Q��@z1&#x8;�ѵtm&#xC;Ӛ��z��l&#xB;&#x13;�&#x1C;�C�up�Nힱ�{�[σ�(�+'���&#x1F;Y=//*�k&#x7;���&#x1D;V|]�:쮜��-塯{�t&gt;�u���w&lt;]����=&#x19;�s9*tE��J2K�Y�N��&amp;�ӂnv@�&#x8;�&#x1D;3D]�&#x18;�	T�N��-��E����8�_�&#x19;gusY�ý&#x11;��&#x12;�U�&#x8;y�8{�n&#x16;�p�ܔA	,�m��&#x17;����q��6&#x1F;��MIu����|&#x1C;���&#x1F;��ǵ�T]&gt;Ǜ|&#x1C;��l�&#xF;W��M&gt;�x��G:��dLE����c&#xE;���&#xE;���{�-��\�Z��2k�9���5�D�ד��&#x14;W+N�g�&#x5;&amp;�:�R�&#x10;P�� &gt;�����;r?���=��]&#x16;1��RΆ|&#x8;д�C�F�9&#x6;&#x7;9�Ȭ�8���ju}.�����&#x13;�y�\���v�3Mt&lt;���Z�&lt;�z�&#x1D;;�&#x14;��\03y��w\0m����I��W$|v&#x13;6�H��O�l���&#x1E;T�q&#x7;&lt;�����O���&#x19;ٺ�=�H���U�*���J��Gz�5Wz��׉&#x1F;&gt;0n�q&gt;�&#x12;?Z��:&#x7;ԯ��E�ݴ8u�v���M8�4&#x19;�w��þn&#xE;���2�n}�J��l&#xC;&#x1D;�O!o�u��&#x10;UY2h&#x19;�C&#x7;q3�mE�!A�Ŧ��V�&#x16;&#x3;#�p?HV&amp;K��$�m�&gt;&amp;߿�P��nc{�'k�&amp;�&#x3;u5�j�z4����h�O&#x2;)����Qd?��Q&#x1D;�P^��4�&#x17;���&#x1E;=��i��%3����a����3����;����=U��K=&#x1D;?�	��H�5zfZ�TL�6)2�&#x5;&#x1C;�6���U����&gt;D�1�@yd���&#x16;s3��E&#x1F;Q&#x10;�I�&#x1;ƖDee�J&#xB;&#x12;�!�C=u��&#x7;.��2�c��_�M&#x12;;�j��.%B�&#x8;&#x11;\0s,P&#x10;q`p��rԸ�\0�׻�#�����dcUJ�!�?bE'�.&#x1C;�6~F1ߡ�GU~l�&#x5;5&gt;�c�&#x1E;�v�,S�����"4�"a�`�/��=ۅ�3�r&#x18;&#x6;&#x1B;��t�o��&amp;[P5U��u�&#x3;��y&#xF;�&#x5;=��&#x18;�]t&#x18;՛
bȤ��H#n&#x1;��:8�&lt;Pp&#x16;Ѳ�#&#x16;_+l�F&#x16;&#x1;��1��!��y��C��9�a&#x1B;�i&#x5;�&#x4;q&#x4;l�sPr�&#x1F;�I�Rȱ&#x11;s&#x1;m{W-uY�S��j�&#x8;�)�z��!r\�k(���eFE���%\�s�{:&#x1B;d;:58&#x1A;�!,�J��&#x17;������0*&#x16;&#x1B;��޸��&#x5;Q�9u���W�v&#x6;�&#x1E;?-�m� ��^C��Q�׈�&#x1C;FQ���&#x15;(&#x6;��f�&#x19;&#x1B;aF��&#x17;��&#x17;
�y�\0w3&#xC;�x���{8[&#x13;X��Yo2?�!Å&#x3;�v:W&#x15;�A�&#x11;�&gt;�e�?_ᓹ�e�K��e~�O&amp;��U{m�y����l'�h�n+�#��f�&#x1A;�:�ƾ٬���f-�u�W�f&#x15;6���Ymþj4k,6�u&#x7;&#x2;,0��m�Mf����&#x13;m�&#x4;�&lt;o�&#x1;&#x19;j�Sꇏ&#x4;�&#x10;�F@��,���X�&#xB;IG�@/�y�w�&#x18;�𑻴6kG&#x1B;����������&#x1A;pCQH&#x2;=�"�Rn&#x1B;���id-�PTA�v���&#x11;�7�|�&#x13;�~&#x13;&#x5;�$�^�&#x15;�"?������Y�&#xE;��d�8 AK���E��&#x1C;	�/�KJ�&#x3;
j�T_	
��M�Aг�c��I96�&#x1D;��-K�&lt;jU&#x11;�r���6[85&#xE;S�p���l&#x13;l��vx0\0L&#x3;5�&#x3;�C8��)Q�)��&#x1D;&#x1F;����T����^lr&gt;�&#x14;4&#x17;����ntYj��HBG@g��l*&#x19;&#x1E;N?��&#xC;V&#xB;������E}��(&#x19;w\���A��b�-$�~ұ*����b:��&#x1D;V&#x5;� W��N资�_&#x12;N�r&#x18;��&#x18;pƞ۰`&#x1F;�YP�|S���Wa͠+&#x1A;Pf�+!&#x1D;&#x5;�]T��b�N�#�u�8�	HI^&#x14;���B=&#x1F;؏��{�gf&#x6;�K7���.����k8�&#x1B;fY5�k8�&#x1B;� ��Ƒ^�am9k�}!�r:ѓ�/�&#x5;t��=�&#xF;�&#xF;��&#x1E;cc�ӎ�eb&#x10;&lt;�*u�_/S�]��rq!���U�/����~�����~&#x14;�/��l?�&#x1B;�����&amp;�p�&#x16;"]�&#x1F;�A�4T84��fI'�z�&#xF;�)�S&lt;��&#x14;�&#x1;.�_�NM䶜�@e��C-(Y&#x12;&#x12;4��x&#x17;�&#x10;&#x15;�\0n�&#x4;�Bz&#xC;Y�V��^֊D~�&#xB;��Ppo&#x14;���&#xE;�;�,^&#x6;�ޯ+�p~MI=��I���ΰ�l�&#x13;�3F�?�oJ9�&#x1A;P��&#x14;���Z��"񓳶�h��[G�)��&#x14;�A�y58�&#x1E;)Z67�Z&#x1F;6�&amp;e}��h=�������	#�p&#x1C;�w�h!݆&#x1B;��S�8�&gt;��$-M&#x14;&#x1A;!`4T�9Z�`o������n_|
K&#x16;7��&#x19;�q2et�T��R&gt;Ί&#x1C;4��&#x19;�X&#xE;[�X^g)�H&#x1;�9K�Tn�������/���&#x18;#f��7Ǩ�i�`��Z���'�/��&#x11;Ȗ]�6'�\&#xC;3�&#x6;�"�K1�`�SviM�����&gt;'��t��ie�����V'�E&#x18;���&#x10;�v&#x18;X7܌�W�k�%�^�k�ɳ�#�5&#xF;�g���.���7��V��2&#x1D;&#x1C;/�&#x4;V�2Cּ��Eh�CY����0/�Ri��e��8/��2UVF�2kFWZ&#xF;+��LNfl�&gt;}��U�O�&#x1C;&#x14;%a�T&#x1A;&lt;�̀���[	�&#x4;�&#x19;&#x1D;�&#x13;�K��/-��~vq&#xB;�YvA?��?{����.�g4�(�S��&#x1E;����A&gt;&#x15;�&#x16;	~,����s��dD&#x7;s���S�.�z4&#x5;�ʮt�C��"]�h;+�&#x1F;�B#e��z�_&#xC;D�)&#x17;��H&lt;��&#x17;&#x6;�Td&#xB;�A$[l&#xB;�@$(��&#x3;�Ķ�b�A&#x10;�$�s�C����&#x1D;,ک�?"�q&#x16;[Z�&#x19;,k��O�}���H�\͒/�--��;��a�#&#x1B;�\0�x&#x1C;&#x1C;�&#x6;��2����&#x5;M�{�ک�S&#x7;ݣY&#x2;���&#x1D;&#x17;�O�&#xE;����2&#x13;�&#x19;��&#x6;tՄ`�h���&#x1C;&amp;IZHK�&#x1;NP�&#x13;&#x6;4k�z���6�KZ-%�af����U���V�����%ڗ/�E�v&#x11;��z�bUY�*�m�dr&#x1B;-t&#x1C;]H��jE&#x14;�L�d&#x14;F�R&#x15;v�&#x1;1_�N���.�2H&#x2;fq&#x10;fh���&#x10;N&#x1A;g�&#x16;�(�K�&#x6;�&#x1F;�M�ϖ&#x14;˖&#x14;��'�±U�"&#x1B;���z^H&#x18;5ߋYh!��-��h&#xB;F�&#x14;&#x1B;� �&#x3;�ڐ����HS��ZL#&#xB;&#x3;Ѡ��*��&#xC;ܾ�̰�&#x18;*��&#x8;报&#x5;�gbH.n�&#xF;&#x8;[&#x1;�B,ۚ&#x1C;ʚ�v&#x6;�7|Y{&#x1;�&#x5;Xu��gb��9`M&#x19;�]&#x12;d�7�+u�;�J���~��&#x11;ե5�6�@��\�YS'Y��$��&gt;K����6&gt;�SRD�:i	��&#x1A;�L��͢g�:uY�����:)W&lt;�&#x11;b�${�����w���џ��&#x13;Ku/&#x1E;&amp;m�.��H�&#x16;95&#xC;�!���s���d��܀�+BtU�&#x6;���&#x1;&#x1F;���&#x13;�G
����2&#x12;2 '�H��u��z��Ğ�W�#��e���H&#x7;-� ���&#x16;S�fm&#x4;.x��&#x2;�#1OGh2B7�&#x1B;0&#x10;���&#x1E;M0X&#x17;�5쌲P��1Vh'&#x5;'&#x2;�&#x8;&#x1C;�F磋΋�΋e�&#x16;"?�"&#x10;&#x19;����Zp�YLb)��{L�Ɨ�&#x1A;��f�D�I �B.GӀЎ���-�HU ��ióȭ�H&#x17;&#x4;����B�M�����-_&gt;�3fM	�^V����Y&#x1D;v���u&#x2;�%1oJ��&#x10;m"UI�&#xE;�.&#xC;ǯ�rg�˕�ҥ����&#xF;tZ�)L��;���&#x1A;�4�����㘹Zrr�Y�&#xE;@@O&#x5;�͈Yx��˪(B"�E���$�&#x15;�J�y;]���n�&#x14;��zU�&#x3;&#xE;N�&#xE;�&lt;H^JEU&#x1B;C]`u�ɜ\&amp;�Q��$�fyq����`�fH(Za�&#x5;	�$}&#x6;2���T&#xB;$�&#x8;&lt;��-��n&#x19;&gt;��C�	&#x6;�V1`B]E�������%�B&#x1;�&#xE;�J��j&#x1E;8�S�&#x1A;�&#x8;�@J�佁&#x14;!a$#s&#x7;!��Z���&#x15;+Ɏ�a���G�m(Ҳ[(&#x18;�����&gt;��g9��3d���h���vzV4�;C�zi�B�Ig&#x1D;J�cz &#x3;��&#x6;��M"�ÀX�s&#x1C;�"a"�&#x17;���7:��}M�/��.&#x3;�k�&#x5;R��ѕM���F%�m9;��c/���&#x5;��&#x15;����6K��!��e&#x19;�0��=����n3�k�C���H&#x13;$&#x19;�==!�H�;SG?�:)w}�|�;�^�&#x4;�Ӷ�w� �W��g�&#x19;�9���tJ����q�}�T��o�&#x1C;��Qh�z�&#x1C;��7�&#x18;�=m�&#xE;{�}&#xB;��Ĥ'�R|91�^�k����6�æ���&#xC;F���(i&#x17;��C�|�&#x11;b�&#x1F;�X1$iP�f�w�&#x14;8�6ׄ�Q��п�K���:&#x14;L8�@Ͱ%-�r��&#xB;��˵&#x2;�Ë́�hO%�Z�UW����F�
ʵ��ę.&#x15;�`&#x1B; ����
Ǭ�qw�K�&#x12;}&#x7;�x�1��r��1�Z��&#x1A;��A&#x14;��k�\0_;Ȍ@^�&#x18;7���}��㰱��)���wJ&#x11;�֜qSjJ,�&#x15;�\0t�X���s�&#x5;&lt;|R5�dog�(�Q}ԋ��3��$L_�Ko��E�lO�&#x4;�[���}Y �7x���D�@��N��xƕ�yu&gt;bo��H&#x13; +=��˺Wj��������&#x5;"�n�&#x4;]���&#x6;�ķۓ
ӟ�;�����F�\0�_^�zG:�5)��/��L�k��Hm&#x16;&#x11;:�R�]�z&#x14;�G֦��&#xF;�eȦi�|M��b�(K�U&#x12;�q�g6&#x8;�͌��j�k&#x16;Qh]�&amp;7&#x17;�&#x18;��r�S��&#xB;=&#x7;^�Y�(w��4�w9��&#x1F;&gt;��&amp;;�O�&#x1B;�?ln#�@�=&#x8;#�&#x13;�&#x1B;G5o5Y&#x12;\��Ǥ�(��)�&amp;�&#x10;��|�$�?����驼&#x19;��&#x6;&#x1;���M�$-��R�EGf&#x1F;�(��y�a�&#x2;���H�V��&#x11;&#xF;A,�kӢ܎\&#x19;CB&#x19;��eT��&#x12;Y4-#��&#x18;&#x11;�9�+�_r%��2&#x6;sM�'��P�#?W�b&#x15;?��`��e�k�����l��*�&#x1F;#��x�n�Ɓ&amp;&#x5;�@Ak�j��K�_܃T�'&#x19;�VPk{���G0%�X1ر�&#x1A;熟ǚ=�N�I��S����dM�r���=�M&#x1B;�����'C�&#x3;�&#x12;K�&#x16;����&#x1F;l���e�o&#x6;�&amp;Ȓ��&#x6;w�M�v�ė��V��
��ɍ�^���,&#xF;���&#x1;�&#x3;KBǣ&#x8;&#x12;&#x8;g��&#x13;CS�Uh&#x1;Uݜ�N�'&#x1D;m�[d6\0��&#x10;��ptroeE&#x2;�8&#x8;�l&#x16;&#x19;k�T곊��&#xE;&#x1C;\�&#x1;D�L�]�RI��u�]F�&#x18;_&#xE;(&#x11;n"&#x14;�&#x1C;�4&#x13;�碤	�YJ[e���&#x12;;A�E����:-Q�Y^�&#x6;f�C�&#xB;:&#x8;��NS�Q�uT�W}��{#&#x17;�8^�JC��Y7��a6�C�!6�#c;I�&amp;'�^&#x7;V#�ٺ����;�)�$=x3IT�R�ݗ���&#x16;y�&#x11;�[�*�'&#x15;
�&#x1A;&#x3;��K]��&lt;#�*:�2�R�&#x1D;���$�s&#x1E;�&#x16;ǞGh�.Du8�o�;+&#x5;&#x12;&#x5;��&#x17;�o\0Z��͎&#x13;@$9T&gt;\0�j�*��X� uy���&#xE;GΏ���UZib�)2U��άјѭ&#x2;����&#x18;3�k&#xB;���k�&lt;��%��}�O$�e&#x1;&#x4;윶�&#xC;�-�w�C��&#x1E;�&#x16;c�mQ��Uف�B&#x7;y&#x17;��AG87`��R�A X�7�\0��&#x5;6�j�B��&#x4;ay�&amp;'�n-&amp;Q��.Z
\0��W!!!��!+&#x1A;�&#x3;&#x16;�-nd�PwQ �'��.Y��:4*��"iuG�&lt;,��3jF�&#x13;�fx�&#x4;̴P���&lt;u�E�4��������&gt;y7�pp0&#x2;&#xF;�q&#xC;e�gX�ń&#x4;�_O�
~}3NK`{�.!|W)����P@W8&#x18;�B ��?�� tu�NB)5&#x17;����CH@.Tg�&#x1D;��Ԟ�&#x2;�u�ڈ՜�&#x18;�D�s&#x1E;\&#x1F;�6�&#x13;&#x5;���B#�x��&#x11;l\���Zu��0
�&#x1;&#xE;�����DҬI���&#x2;���U"�&#xC;7�ˀ&#x6;�.%�Qc�ɮG�F&#x17;�G���h&#x1B;�&amp;��&#x2;��D��DaC�6�v���V�h=X9��m��%'�u�6U&#x8;0[.�&#x16;s�^�1�&#x1F;�&#x18;$ųK�՘�=�,zj��W`����&#xF;?����l�&#xB;&#x6;�j�&#x16;&#x5;�w��b&#x1F;&#x1B;�\&#x1E;4�&#x4;&#x10;��H���1�k? �tլ9Q*�&#x1C;�$@�L&#x7;�1��r&#x15;�����j)&#xE;Z�V��&#x4;KI3eV��%'�s��R;�0�X��@�{&#x1C;�J�&#x19; ֜��=F��&#xF;тs���r���qYq�"J{�aKY&#x1E;&#xC;�6���B4&amp;�&#x15;ȱ@摝�rHO�%I�d���F��`�8�J&#x1E;�6;h�&#x10;�&#xE;�Ҭ���Ѫ�&#x14;�VϼϺ\0&lt;�[
���7 ��+�&#x4;�?���A�6�$\0nL&amp;�tQ�&#x16;V*&#x18;Au򟖪&#xE;�X�����~&#x18;Kc̚!��1�Vt�9��}�W�&#x3;�0r}.O&#xF;��"oU&#x1D;)�u&#x5;�A�&#x13;&#xB;;8�&#x15;V��&#x12;�a&#x1D;Ge&amp;rN��K�&#x1C;�$-[eU̾�/��]�3�Ag�[z�;su�
tg�诿�6�2&#x18;\"5�6l]�3\��j�#^n�J(�&#x10;����
�K;q?&#x1D;^&#x4;�&#x1D;��X|6�	�f&#x17;�W�kO�z�o�Sk�-�&#xE;&#xE;\�&#x15;&lt;\0&#x10;Ej�0h@�&#x19;&#xB;2َ+���2,F��jgM4=���P�m��L�ն��&#xC;o��&amp;&#x16;C^[#�&#x1B;���te��`SV���q&#x11;&#x6;�KZ�W�����իS���&#x2;z�17@&#xB;.&#x11;G�����\L���A�q=۾T���&lt;���&#xB;��hY&#x17;��9&#x7;p�[���
�RL�C�q��r����&#x8;�Q�Q00z:C�z�4�\�qj�'��K&#xB;�&#x14;bI��N&#x15;��}(�&#x2;&lt;��J�&#x1B;�@&#xC;����Y�&#x7;��$&#x1D;`&#x7;@+�&#x18;ӧH���h�S箮���"��׊/�H�&lt;ʂ[l�g%�E�֎~&#x1E;&#x16;�5y�8}�E�i�"�&#x15;��I�ܓ'�Rd��9Ä��h�&#x14;�\�D��Ta�h�ƙ.E�&gt;9Y&#x19;�&#x1A;�:O��S0��&gt;�j�kr@�]��
E�@'��V�{�w&#x14;@�&#x1A;@Ocqo�g"`\�5�Չ���%�G&#x11;B�k��&#x4;��p}�=�?�*���h�;ʢ�|&#x5;s&#x17;&gt;\&#x1E;T��TE&lt;�:,��;�ZU��}.&#x7;�s�]-�	�(\0m&#x8;�Wr}�ɑ@�7Kٗ����&#x3;&#x15;�;�,+�_&gt;V�q@g�M�W;��or��&#x19;�jC��O@&#xB;=&#x17;��b��F��F���s2ƙ�F���&#x1F;\�&#x1;D'i^Z]��L/&#x16;�;ﵖD^7&#x16;�&gt;&#x5;��V��Y���^�&#x17;n&#x12;߫�&#x16;-�1l��1�f�5������'*&#x8;��%�&#x8;Eg�Q�e��5Q���t�6H���&lt;�z,n-&#x7;�i^&#x7;9HN�&#x19;&#x4;դ\���/��&#x4;&#x14;�o_F�G&#x17;�|����&#x8;���� h�p�&#x1B;7&#xB;&#x1A;�&#x10;čD֞&#x1E;7�&#x1C;�x��4�S� u&#x7;&#x15;�\&#x14;&#x16;&#x17;\&#xC;�A&#xB;��\0D����;L�qLh&#x10;_T&#x5;*"/Ԃ4,�hk�\05R&amp;��&#x13;',��6!dO��Skއ!��&#x6;Ѥ�0��N�0d��#z/Q�&#x10;%-�&#x1D;�[a&#x8;/}]S�8��?��Er�X&#x4;&#x14;t���ѱH?&#x12;&#x1F;��pd�t6�@�L��'t}�&lt;=Eǧ&#x15;}�}n�Ѧ�%�&#x3;&#x1E;Li?����,�:&#x18;�iu��/}�_
@��/=�:��9��~&#x19;�t�?}�kJ�&lt;�H�&#xE;i��:ꑎ�-ܡ@��p&#x1B;֧Z�k�xN�Q��H�ܵ�H܌�%'_&#x1B;�����%d�&#x1F;���(&#x12;/Iϕh&#x1A;���&#x18;K�&#x1F;���r&#x11;Ss�&#x16;�MҬ@�&gt;��&#x2;&#xB;&#x1E;O	&#x1A;�&#x11;Ҁ1�lM�u�5&#x15;ۖ(6���yo`����$&#x3;�2zH�-3zo.����t�&#x18;�j&#x5;�&#x1B;��Vwx��xwtў��0&#x1E;2�_K��N�}W#O��H�O��y�A�U�P��IEW&#x7;&#xC;�5k;���͋&#x1A;�;$h&#x3;���]&#xF;&#x1A;�)q����͍&#x16;&#xB;&#x19;��CD�K�&#x18;��&#xC;���&amp;Ex�I�\05#cE�߈UT�����n4&#x1B;r�U�+g&#x7;\0v&#x1;�wȢ8L&#x14;0�&#x2;l�&#x5;&#x8;m&#x18;ŇAz�&#xC;&#x12;���\�&gt;l��H&#x8;��&#x1;�܊��sַ��Ϛ?����d���}!�&#x1;X�&#x11;�&#x5;&#x18;���0�&#x4;;b�\����4L]�Y�ͪ\L%y�a(p�&#x15;��Bd�&#x7;��hx�3e&#x2;&#x7;V&#x1B;�� K�{�E�MYk|A&#x14;éz��*)�l�A�� f$�5&#x10;H�|I��&#x1A;��e�����A�B&#x14;&#x3;\0Z'~�9&#x19;?��^=j(&#x3;E.&#x17;&#x7;�w\0te)���(�N;gK3�&#x1A;��Ǆ���	K�Pj�H��cS[��&#x12;{�򥼮�����,�����o������*;�a��Wu�&#x17;���Xy��&#x17;o�&#x1C;�PUAnYG��7�\0�&#x4;�&#x13;�I��&#x15; ๹B�Y&lt;
���Ua�X�]�x&#x14;��cO�����A *7�j���YM&#x5;Kٸ&#x14;a&#x5;��j��i@�d�}�C&#xC;#�W&gt;�O6�ɷ&#x3;H?�~���"&#x1E;�'��eӛ�@���Z����zw.7B(0����ѽl��E��A�m�_���u&#x8;R&#x14;&#xC;�:�PI���&#xB;H'�O&#x2;co��59�)�?�T5�J;��&#x16;#��vr�T/�ȭ��&#x2;�B��B��f����r&#xC;{y�x��mM&#x1C;�&#x13;=vV��\.��&#x7;�&#x1;�g��lOM���RJ&#x1A;5 y+�^&#x1B;�%�I�&#x17;&#x2;v���5&#xC;D�V�Vk�X����1\0��G�x�jQBM+:^���m����7?~��
Ly��&#x13;P�ɛ�&#x10;�&#x14;m&#xC;.��&#x10;��&#x6;��x&#x13;&#x10;��	&#x17;��p'����Y&#x6;��.Xu�+Vh-��2�t�F&lt;�"�&#x1E;��0���$�&#x11;&#xB;����&amp;	�K�U{|���a��v��SA&#xC;���&#xB;4&#x8;wQZ������'��=B�(&#x14;N���؄�$&#x8;&#x13;&#xE;�&#x1E;	����&#x6;�H���&#x7;�Dϳh��á�q b�)�0��K��&amp;�t��}��+#�A�������X�.�\�b��&#x13;&#x16;�D�b�)&#xF;g,֬�&#x18;�V&#x3;&gt;�&#x10;U&#x14;�a&#x18;��$�k�1�l�r�l�o3�3&#x19;BF&#x1;�a�&#x13;&#x7;lF�&#x1F;&#x19;��6÷#�V�,Fd&#x6;�����么���e&#x1E;A&#x1;&#x1D;�؉1ߵ&#x18;4#|�b���b�&#x3;�ܳ&#x16;���^v�:&amp;w[��J&amp;�&#x14;�Z���7�Z�\0&#x1F;��2�땫ʘ��&amp;ە�
���J�S�ٖɎ��N�K|H9bC�
&#x1F;�טL���0�.%��&lt;&#x13;}�&#x1D;p\0��&#x2;N)e�qI&#x7;�"���h,1��0�&#x4;&#x2;�ϕ��pzf�hdV����o��#�&#x1C;m�&#x4;O**v��e�7&#x17;��uo�;��Y�Jvx�Q|�&#x6;}&#x1C;�M�U߸^��Ta��h��1�Ϯ�{��۸�\0}���&gt;V&#x10;Ҹ~VT��"���&#x19;re⶚��L�����m|��
5d��0�+�*�Qs�K�ͨQ˝P�&#x18;K�k��#&#x6;״��D&#x5;6A&#x12;sE�#u�C�D���&#x1B;,p:&#x1A;0&#x1;�Ŝ!&#x4;���(L㙆r��3�&#x1;S�xw@֙k&#x8;2��4���R.�&#x1E;�M�#cto���U7&#x12;�j*�I&#x10;g&#x1E;�ڃX�|y��[�,&#x1C;�oΞ�寧��&#x4;&#x12;(�7��}�5kOIA!�&#x15;͎�ߣ��R�z��A&#x1A;g&#x1C;�z�1���	��s�'&#x1C;,&amp;��:�����&#x1;&#x1A;e�:��k�&#x14;&#x13;p�&#xB;
a^LH����u�b&#x2;��Y%���K	�(s&#x18;P}3�B��b��k�sR��s���Hvib�{�&#x1F;���R-�/��X[���&gt;�:XU.i��CA�&#x7;�&gt;m��ч��w�)Ds*&#x19;��J��n&#xF;��lu�����-��P�&amp;'5=�t}�##��lP&#xB;G�k�08D���߂HA��&#x18;F+VW&amp;�&#x5;0J��Y\0&#xF;k�#G&#x11;�S�f��V�G&#xB;8ޠ��a�tO �v�xN&#x1B;��&#x1E;��	2�&#x19;�#��&#x10;��U�'���&#x7;W�A��(��	�����K&#x15;O��鹠&#xB;��=�l/%▯�7����T���68��*&#x7;%���^��ĥ��V��o)��V{o�x��]�[�ޛ4�.��&gt;o�o&#x12;%�ܷY��9�ͅ���
W��Ή��&#x13;g���	8�чN\��SO8q�݈�&#x6;4'��'�\�c�&#x5;6{������\O�}ąr"�éGW&#x18;ڿ99����PRu�7Q�i�Q��F��&#x1F;��j&#xB;�0&#xB;9�¾{�}�L�&#x18;�"�a&#x1D;!���F'I�XW&#x17;�6#�Ax�z&#x1C;�%[b&#x18;&#xC;���ҠrM�;
`�]���t�S�#�3���Km��&#x17;M��1&#x4;�+a�����z���8l�&#x6;��Q�
�5(�!��2=���h�	C�5�r�mv7�C9�\0���&#x4;#�H��&#x7;{�����%�Sl&#x11;�)Y~6�*?;#&#xB;D"�A~&#x16;ј�p�)����l�&lt;\0wI�K���N�fg�&amp;'y&#x3;c��vd��W�e�&#x1D;/�����'�����y�&lt;&#x3;�y.Ƹ&#x1;���d�3&#x1E;&#x1C;�d&#x10;�I^�&#x1B;�r�#��p�ψ�lt�W%&#x1C;v��&amp;~����Hp�{���=��&lt;�N�G��H����&#xF;_\0(r&#x14;İ'��N��&#x1F;n�v&#x3;B�o&#x16;Et߃�)&amp;�zM�����j�&#x7;�=a�&#x1E;t�3��#�+ν&#x17;�b&#x6;�&#x4;O6&#x1C;c���q��h9����޺x�&#x1D;��$�X&#x5;�;��q���S���ȓq&#x14;� &#xE;*�&#x10;s`V�"̖�&#x1C;Cܦ�\0N&gt;&#x18;&#x14;&#x1E;4&#x1B;N���ݻ?��&#x14;��_*~r�&#x1C;��c�&#x1C;��&#x1C;?Ӽ��&#x6;�(Xp�g��(�s��ŋؖCŋ�^e�d�v{���o&#x3;t�2���i&#x13;�&#x15;#�g�»/ퟕ�9(SS�S��Y=��.���K����9��b{�$Fm�?�fR?�4T��g��F�9����&#x15;&#xC;��*a�ʘ�t����&#xE;hǲt�n�F�߰&#x1B;��R�w�V]�/�F����Q�"c��q�&#x1D;p��V��I��&#x1D;�&#xC;DmsN�n�{E�'&#x1;Q�*l�&#xB;l&#x7;1Qg�j_&#x12;u��v&#x1C;&#x14;���&#x16;&#xB;w7&#x1C;�&#x15;-j&#xB;��}�JP&#xF;�[	���T+����� *�zο` �*���r&#x1F;%#�w�t�֘F�d�T&#x1A; �\s+��]�s&#x1D;���Fר���UZ:����jƕ;�H&#x18;d@�+�\C��\����U�Ţ͵�/osm�}���Z����.%�R?n\*����R�Ѩc&lt;�&#x6;�֕ͫ��~9ʦ&#xB;&#x1D;B�S�l�^r�L*��s�;}+��/E�&#x1F;�����ڹ�C�|�I&#x1C;˴��~�qI�&#x1;�\J�����������3ȭK�$ ]`���&lt;�=3&#x3;9&#x1;�&#x12;0Q�Ͷ��O�&#x8;&#x1A;N.h#�����e��5Ϥ&#x13;&#x1;.@o&#x10;քCb&#x11;��߉��"0+rȘ&#x15;���\V��"&#x12;�f&#x16;��&#x6;?+v��l���PE���~�E�&#x16;&#x6;��m&#x8;�!׈q�7&#x11;�.'����x�|Q�]֢+�I�9�&#x1E;�&#x1;�םE�&amp;&#x6;&#x10;����'-��&#x6;��fW�1��b�pvŭ��\t��@�bxj�w������c{�M?mb n6���a�4���7s�#sI��D	)T�&amp;{�iS�u���޹�&#x11;�и"oo��L���}qg�У��W|&#x1F;��u�äq��&#x1B;XF��&#x6;+V�_&#x19;�
&#x6;&#xC;.�ݨbjyo\0�F��j�[�b&#x12;�G:��&#x6;�,G���z3�eM�y�_5�O�hi�gg�&#x2;&#xC;��.!�H��t����?�8e&#x11;ί��rI&#x1B;�S��ߞ;$%���r�tcc���s�EM�l"j�&#x12;4&#x19;���P&#x1A;���&#x1D;�&#xE;+&gt;۶8��sNo�&#x1D;ޮ���5�v�&#x12;8o�,�&#x5;kήA�֙w�&#x1A;�P��*S[&#x17;ٚ���������
��F&#x6;&#x18;��z۽��PJ�\�b��q�;���iui�ɳ�&#x10;&#xB;I&#x10;8�xg��Q6]\�����&#x1D;�]�&#x19;��}����Y6/�̸&#x2;�&#x13;�}������c՝o&#x11;2�v�]�S+�~�;�x����P|h�{&gt;X��&#x1C;�o��&#x1B;�c��V�{�T��ɠn.��&#x1B;��)*&#x16;�f^����lM�&#x1;M�&#x4;�I{Vb��|�&#xE;&#x1E;�k���U�S�L�&#x15;½{�U�&#x1B;Y��� c~&#xE;��w-#&#x8;�b*f#89��\Qa�@�X	���&#x1E;k�q��5T��}4&#x7;��.�7��j�&#x12;۳&amp;���@�S��f�N���&#x1D;&#x14;]&#x12;���&gt;c{�&#x2;�2�W���&#x16;	Q&amp;����)B�u��Cr�e�q�j5FK�#��J��r���͙�n&#x8;!s�&#x17;B��7&#x14;B*�~&#x1D;��\&#x4;�P&#x1B;OF�}b���&#x7;�@&#x1B;{:�?&#x8;���&#x16;ݺ-�l���/��&amp;{&#x8;��-���3rS�;�Xk�n����=&#x18;&#xE;G����&#x18;��&#x6;���;&#x5;�&#x8;��v�i���w�bݻ�?��+�&#x16;9?�&amp;Z���&#x6;6$dܤ&#x7;q�&#x1D;��&#x13;�&lt;mY�K�����&#x10;�i�JN6�U�2t�&#x1B;����NDT��W�e�JZ&#x12;�&#x6;Pߢ�T�РY�J�9oC&#x16;C��&amp;���&#x1C;sm�o��V�&#x4;&#x17;Γ�ɝ|J�=��Zy�J������%�-}͍��p&#x15;%(&lt;�`̒\0&#x3;G�H�^�f�&gt;vA+v�?�Ȁ��:t&#x12;&#x11;h&#x1E;�l&#x15;)4�D&#x8;ݞN��&gt;�&#xB;�r�q&#x2;���&#x13;��.��OVd&#x17;3��f&#xF;��؝u�e��� i&#x1E;*ws&#x19;O0�־A�]&#x13;��8d�&#x4;�=�^&#x11;�����Jy��&#xE;�&gt;[�\�0%&#x19;&#x7;��i3&#x16;��B2&#x1E;�sq��\0��(&#x17;�&amp;}��-)e��Eײ�����A�Q|&#x16;&#x12;��&#x15;�RHN�#&#x5;l&#x7;,:J�JT�*&#x1C;�.��Lׂ�,^H4ݤ&#x1A;\�-G&#xC;�&#x10;��9�j{*d�.s]&#x12;��&#x5;d�x&#x19;��T,I&#xB;���:Q�7�Qk\0���&#xC;&#xC;�6l&lt;��}�OHǝ�b�}.;c�����!���#CP�)(]�&#x7;@j�^2&#x17;�&#x14;b����	��&#x13;/��J��&#x5;����O	rz&#x10;|J�&#x12;�O�K᧣Wo;ৃ{p�&#x11;&#xF;�OG&#x4;����c�#�F�ʔnb��R&#x1A;�*4�V@���:��&#x1A;hM&#x1B;A&#x3;��#��Ni�&gt;�L&#x3;�6?���b�~�5�eCY�\V7���'�_c&lt;�O����U��#�W_��?�Y�5�C&#x10;c���&#x8;?4�A��L�&#x10;}�'�&#x1F;��һ��y&#x2;���G�8��1�u;#�&#xB;&#x5;���Bu5^�R���k�5?ݟ���6�j�pV�%�*"����Sr&#x2;f-���l����#5��_د�)�N|*�911�'�&#x3;u�&#x1A;�&#x1B;?�-ҷ&#x1E;&#x17;&amp;̙ʠ�I��&#x5;�om��h��K6��&#x1B;=�_6��b:&#x1D;�&#x1D;�zi!YN�1Y&#x17;&#x11;�&#x1D;�z�;$�9��~H�p����O1[&#xB;��h+&#x1C;�5�&#xC;��S&#xB;i^���ܙ�Q�;&#x1F;'Fp��񗣽��&#x6;C�f�&#x6;Cs=�B7y������&#x16;?�Z&#x19;�{&#x1A;&#xF;�o�mڬS�]nƞ�&#x1B;�/����\0�yY&#xB;��5�y�ڝ&#xE;����+ޖ-�m�m6����u�&#x1D;j��i��n��d7�&#x5;?j��qaO7�M��pG��s�˹����l�݀������-v�q}��&#x18;���&#x16;�&#x10;��[�&amp;���!�t�]�`*17	��&#x5;&#xF;�)���&gt;&#x13;r���&#x19;p!&#xC;&#x1;���&#xB;�S�\b�ݹ�&#xE;�0J�&#xE;6n�AYE�������
&#x8;�/O4�(��MZqcV���ېOHl&#x10;�D�+Q&#xE;�Z��q�Zwj`l;g����j��;�~Q
泸~(&#x1E;&gt;���&#x4;���&#x13;�{N*u�=�m҂�&amp;��&#x13;3��tL�w&#x1F;���(&#x13;f�%H*�SEM�B.e&#x5;I%���TKP&#x15;�&#xE;��U��׆Q-&#x10;U���B&lt;&#x4;�Z&#x18;��`�r�=��Ab��f&#x5;d�!Y�&#x1C;�p4�&#x4;�w�&#xC;n�U�&#x1D;��.|��&#xE;�&#x16;9qt�玀\0��-�\0�/��X&#x1C;�pp;�o�~&#x17;bM������NE�/��h_&lt;%i��]�
�a�&#x13;\0�&#x3;&gt;��KA���۔�)�����E�&#x4;�J�i���H=|��A�瀿pb�$��m󱃑�&#x1E;����3�	.&amp;-f����r6����E�B�-���H4;��&#x2;�ϋȟ�3&#x1E;�;&#x2;��&#x15;5"�3(N�����o2B��)�t'�6�fS��&#x7;�Vk����^IZ�Y&#x10;M&#x1A;Q��&lt;&#x18;�[�F�&#x1A;��&#x8;&#xB;�&amp;�^��&#x18;1�V:D&#x10;��Ruyh��϶���e�|���w7�8&#x12;p�&#x1B;���"��*Πq�6���uR�X���.&#x11;0��|V$d]ۈ�l� d�&#x12;�ݾ���:�&#x7;$������3V&#x7;&#x7;g{4*B�&#x17;�չӠ���c���&#x1B;j��S�V&#x13;��&#x4;NݻǗ&#x1A;d��:��;��&#x16;k&amp;�8��f���s�d?�cR�̑X5�&#x1F;&#x1;N$�&#x1D;�Z�?�&#x3;�~�S&#x1C;.
�_&#x17;��?��G�&#x17;�d�u&#x5;.x�&#x1E;f�w���y-��2&#x12;&gt;�_jI�U�S��`��5�m{�&#xC;&lt;oc�#���TxNO&#xF;�Z`�&#x1A;��H���uz�&#xE;��G3yr&#x1D;�Jy&#x2;A�1ĊZ:O&#x3;Ԭ=&#x12;�|����ZZjЍ��̲˦�ar�&#x1A;����&#xC;��֔*no&#x10;#���Z���|`&#xE;;��&#x6;~��9U�Ս��$�p��98��er��Ov����3�)��(ql���~&#x6;��T&#x1B;��@ZŅT��r����'�;�7sw�\&#x1F;&#x15;�7(B&#x3;��Z��e�&lt;i�&#x1D;���}`Ҏ�Mʃ���u��M&#x1B;����&#x1B;d��V��*Lc�� $sL&#x15;��
[�S��C
�	���M
}�{�H|��6&#x8;��:���&#xE;\06#7P&#x17;�b&#x1F;Pr&#x3;��&#x2;��+�|�Kh��&amp;�3���&#x18;�J-���|&#x6;��Ǵ4Όwؽ2�)��^@�c&#x1;��A�����I/��?pa&#xC;Y�����Z&#x18;\&lt;�Z&#x18;n��&#x6;���+��ҟ��&#xF;f�ɿ��lt�e]&lt;�3D��&#x12;�5-��o~K�a�ۀL�&#x1;�-U��oC�l�S�ipy|�e=������l&#xF;n��&#x19;8�$x��&#x19;�&#x18;-&#x3;&#x10;�&#x5;�VX&#x7;nuX��;���&#xE;�w&#x7;W�[=&#x1A;����&#x10;\6��a�,5s&#x16;��ɦ&#x1F;7�n੝}�,Y��*�&#xE;���� :�Q*^�ʉ ���&#x15;���&#x5;�&#x15;�&#x1C;&#x1B;%D�]]&#x10;�&#x1;�&#x15;�
F��\0�oW�1����d�&#x7;�&#x17;���~��&#xE;Ҕ�;9j��s&#x1;����&#x1F;�:���-8H���ƾ�2�g ���$9i&#x17;5��r�誇\0x@ʩ�HFC��,�&#x1E;r��\0�j�&#xB;@��"�2&#x10;�k�[o�+����{�v&#x6;�&#xC;ޮ��:ڴ�&#x8;ִ����3i�S��,&#x1B;L�RH���t��&amp;\�&#x8;��y�8&#x4;�Ĝr��&#x16;�א�ޭP&#x1F;�5&#x5;�d�&#x1F;+&gt;?��R{d�ݩ&amp;�c[���
��m�3��m�! &#x1F;4��ϾN���&#x1A;�K�&#x1A;��٩-����@������Պ�,��^�Ʉ�+�?1L[џw��џ&#x1B;L�&#x1;�_.�7�?��(��!}6&#x6;�\O;��@�v��&#x1E;_x�l6&#xF;&amp;�����q̩�&#x7;CK��`�k�t���&#x19;G��*�Xaj:&#xF;�&#x5;&#x1; V��x�h�v��љW��w&#x19;&#x1B;�&#x19;�ݠ�»�;5�&#x7;�w�\0~GRF���r&#x1;�&#xE;��#�;&#x17;�4 ����&#xF;�w&#x1D;��^i$tM�*J&#x5;��&#x1; &#xB;&#xC;�#�]`&#x1F;;&#x1C;��8񮻬/���m�&#x1B;���.���{�����&#xB;^u��[�[��M/��v�`;�&#x1;�Z�	H&#x15;"&#x6;-a��fQ��&#x2;&#x5;��RW'Ў:&#x1C;�&#x8;�g�&#x1E;G3v/�z^&#x15;Q�&#x17;8N(�'wP:
��/&#x1A;T&#x10;�"O��&#x1E;�&#x10;�@�&#x1F;��&#x1A;R|U�&#x1;�H�\0K��sͧ�&#x2;��X�?�Vs`�\0+�_�(�3�ݠ�&#x13;��G�ё3��\	d&#x1B;����~���y&#x1B;�ޥs&gt;�G��&#xF;���BugN�&lt;	~�Ĩ�����,%�&lt;f��x+�:&#x10;�o�]���&lt;�:y&#x5;7�[�܁��e!�Z�oP��&#xC;E�S��,�O'q�� 񝦥�D�&#xB;&#x1;I&#xE;�Q\ƣ6��T&#x15;u[���T�lx�b�&#x1B;��&#x1A;/&#xB;�Zt0&gt;Af&#xF;�1��&#x5;&#x10;&#x18;L&#x1F;��&#x7;mi���w�p2�&#x8;���t�'&#x4;��ˊ`\0&#x14;�&#xC;�'�I&#xE;��&#x17;�m�PS&#x19;��M]z1�����g" "=�&amp;�'Tݡ.&#x6;a��&#xE;l��&#x7;{�XT���R&#x17;��'�_&#x8;þd��6�LmpAj&#x4;�&#xE;צA�o�&#x18;���]c��j�&#xF;� ���8&#x1F;-&#x18;ݡJ�&#x8;&#x1C;�d��j!�$%K/�%&#x4;���.e�tHD�Н���ը��&#x18;E��S�͜
��:��e@�&amp;~F�&#x12;4����fcGG]�5�Ԝ�&#x12;�̹P5&#xB;5
;�&amp;'z��xp�ӳ��H\0�\0��E������&#x10;&#x7;�U���&#x1A;I�k3��&#x7;�&#x15;�U4D�.\z�	 �����^�&lt;9�2�&#x1A;&#x1D;�Q�q(�hP�r&#x1F;qm,��&#x10;�&gt;�T�&#x12;/��H�&#x5;mwmJr�T&#x1C;�Ve��&#x2;�&#x10;]�&#x19;K5&#x19;}&#x1;�&#x11;c&#x7;�A���͒J�(�{M j���5��I�rIV�32�Xs��0��&#x8;K��7�'�&#x13;g�)E�,lA&#x8;D�_�&#x11;�y���0�&#x11;�&#xE;&#x15;s��,��.ԕ5Z3�nj�#��Lq5#ׁ&#x1;��&#x6;S�&#x1F;&#x17;&#x10;�D&#xB;.�&#xC;�˙�f��*?˼��ݫ��g�;e&#x13;�M`3�#.�ػ&#x7;�}z��r&#x11;�
�2t���l&#x1E;aŷ�N��TR�5�Q&#xB;I/�\0�c\&#x13;���@��O��g�
�#�y�~N1&#x7;��&#x3;�&#x18;��6����?X*I6`&#xC;t'���ʹHz:4&#x18;Y*�J &#xC;XS�&lt;a&#x12;85[��:��d�6+?�\�&#x13;��&#xB;&#x15;�ֲ���U��\�&#x1D;�&#xB;��.��j��&#x7;�S���+��&#x18;�^�=j,v�ߩ��s��L�ckU�յZe&#x16;����a�&#x15;bh9&#x1;hSDҠ&#xE;���h�IPU�D3���߰�a6*�1�x&#x19;���&#xE;�E9�e!��²{@$m؉�u&#x3;��&#x1D;^��$?��}+&#x15;3&#x7;M��ܣ&#x3;�&#x2;T�&#xC;��4�@�|�T%ǧ`B(#V"8�Z�&amp;l��Q�6�j��e&#x1A;5�ܱ�$ޅ0��A�t&gt;4&#x1A;5.����B�Ы��ܼ�{x���z ��\�&#x6;ݷ$J�_����.ץ�N]�T��1Ӌ�h��טx(�,�缼�&lt;�� Ȇ-X�5���&#x17;3n
gʒ48S֡q^�MI&#x1A;ތ��&#x15;e�yN&#xF;J��:w�T��l��ep*&#x4;�߷/��&#x7;�&#xE;i��E&#x6;&#x7;oQ\0�q�Gq&#x8;����&#xC;�&#x1;�_i�&#x16;&#x8;��F�N[�I��&#x1E;�6t�8��G7UIY1=ƣ�O�+k&#x17;��~�&#xB;	S%�[�Хy�����5[&#x2;��h�&#x1B;��Y&#x17;�Tj��Q&#x8;���8�A&#xF;8}m@�e��li&#x3;&#x7;Zj&#xF;&#x5;u^h���
�&#xB;&#x11;x�}&#x14;&#x1F;���@7}��\���+�aѨxB&#x7;�&#x2;\&#x7;&#x1D;�V8�E 7&#x7;��3s݁��vnm�x_ׂ&gt;�b@&#xF;��,%g�&#xB;Qo��Z�n&lt;�t��.���&#x8;�T�&#x1C;&#x16;���	m�x:ۜ�^�y(b��6s+����T3��2��W&#x2;��S�6+�&#x4;���r�O��&#xC;����u�C1��+u���T-+�v&#x1C;{Ez�qK&#x5;�YVZ�rp&#x19;N&#x16;M&#x1D;#�[���&#x1D;��&#x14;�҆A�v�&#xF;ӱ��#j���ʉ� �:��q&#x2;��B\&#x15;��ѩ&#x1D;\0b&#x4;��D&lt;'B&#x19;T�&#x1F;[&#x2;��6��ƃ�c��&#x1B;!&lt;&#x1E;&#xE;��s瑡~K&#xF;�C&#x1B;^T����&#x14;D`�&#x15;�ڣmy҄�J�`ϣ.�0�'g��Ԏ�ON]��&#x11;��-���9?�\0��Ѧ6i�e��F��C�O�&#x14;&lt;��qʹ&#x1F;:5��f&amp;B��߆��.!&#x1C;&#x4;*U�R�?Q�v&#x10;�/&#x8;�&#x13;Q:}�P�t"N�tܓ�S�ğ-��ЪNٻ��0��:�Aܾ3�&#x8;c�&#x1E;/�h�s��7�ښhd&#x5;��F\&#x12;�6�h=R-&#x1F;n�7�H�&#x1C;ޞ4Rm�&#x10;���T&#x6;��&#x2;&#x3;�ٟ�eO���]�&#x15;�&#x18;�kW&#x11;�j&#x12;����oб}���s����
��{ô&#x1D;�Ey���	&#x13;&#x5;�3&#x10;:�H&#x1A;�&#x1A;�s��&#x13;m������ w�X�J�"ɲ�+�W ��-c�@:;)TF�&lt;P6\0:j���O&#x6;&#x1;&#x19;K��]j¨�Mf�	&#xE;a�+XRS�&#xC;��V��&#xB;N&#x8;,�&#x18;&#x10;�&lt;�&#xB;&#x4;�����ޔ�D���?�Q�&#x1A;U^d7&#x10;�~0S&#x1B;�Ƚᡇ���Ǯm�i�:��o�,r&#x8;��&#x15;&lt;\AM��&#xE;]���)ִR&lt;���bֻ���&amp;n&#x11;�&#x3;5-��O����&#xE;OBM��&#xE;�&#x1B;jr�HS&#x17;��4���n�&#x1D;N$�v)�(+([��&#xF;�-Q&gt;���sՓ�
&#x1C;BmE\0"9#�S�&#x1A;J�nB�%�G2K&#x1C;6&#x16;M�&#x14;&#xF;rX:�&#x1;�g�}YG�u&#x1;�����`!��p&#x7;��\0��g&#x15;&#x16;=�&#x12;�&#x1;�|����8syZ�Ws���&#xF;+T&#x16;��M&#x18;�n�1�GٚU�`o(��2&#x4;q�1�U��=PL'Gp^1�p&#x16;�.@�~p\0o�}ʌZ��&#x13;����&#x13;(�g�x܍�?�-k4&#x3;{w�$.&#x1E;���ğ=bEƦ81��e���c�	@�Vc��O�Ih��*̬��c�p~�I�jcrH��YAs&#x13;F�&#x4;3&#x17;�6�&#x13;z6��	7�����/�(�S=&#x1B;9U��l(�̰�n�lDSR��lĶ���j���%T�ձ����&#x1B;1}K�F'{�VφS�eCv���l�6��nv&#xE;�i &#x1;XM㿔&#x4;�,&#x6;@���Y&#x6;��7�'3\0\7��&#xF;I��)��k�Am&#x4;��g�c����:�`3&#x12;��0x�&#x4;٭IYg$�&#xE;&amp;e��f2Y�~�Ds{V���Տ&#x1F;_�X&#x4;1&#x16;T�t��5��AK��c&#x10;�[.(�&#xB;	���&gt;���&#x1B;�v!uM��&#x1A;*�{�&#x3;m�&#x11;u�s��&#x16;�Y6�5�&#x19;\��&#x15;��L\�ۃ31�&#x12;gҁT&#x1E;J&#x13;��Dk��&#xC;z��&#xC;&#x12;*�&#x1C;7���uK�&#x1;?.�Q�a�&#x16;aw�0����/IlnP&#x1B;�i&#xC;p�&#x14;j&#x5;fS�ǥ�Q��	i��5�ωj�א����-0e�mU[|Ԙ&#x1E;6�[�&#x14;��W[�&#x6;�1��39ėTZ�&#x1E;}=���  ��&gt;h���&#x11;	&#xF;�̆�Ն&#x6;&#x17;Sȼ|�&#x15;��I&#x18;&#x1; &#xB;*����,fx�j&amp;��/���l&#x18;�G#�&#x7;&#x1F;���L&#x1D;O0$X&#x2;{��A�^vA��Ҋ!��&#x2;����.��E�&gt;}
��a�(&amp;�&#x1E;Pn&#x10;&#x19;.z�&#x3;LQ&#x11;��3� �(?&#x6;yD&#x1A;C�&#x1A;�&#x2;���%dɡ#r^�&#x13;=�N3t��J;�&#x7;��m6�n_.vfD��M�^\&#x6; �ƚ�j��Ҁ+v�&#x1;�&#x18;��VK�����6{ͤ��ހf[&#x7;�@p��lp�n�U�&#x1D;��g�}��h��dn�����\0�\0���&lt;�K��ؘ&#xF;��&#xB;	&#x7;�:#SQ�*#�`�&#x18;F�׸���)B&#x17;;�Lcz�K�&#x14;��(��O始���Z�c���I���4�C��aZn���si��x������el�b�&#xE;&#x5;߈Ì�&#xC;m�Y8��\�ڌp&#x15;��/�'�&#xB;�tE/��u�-$&#x1F;�טN&#x16;�ښ&#x14;k&#x6;�&#x1A;'�i���&#x10;Ś-&#xF;���&#x13;�n+����{Sb&#x10;���dU{��&#xF;;��u?�D����m���+֌����8�;��h~�hM�&#x1A;H9���&#x1E;��5�	�'&#x8;�F�F&#x1E;&#x3;h�8�&#x1B;��}�#�����$�&#x15;��`&#x1A;���Vw����&#x11;&#x1B;�&#x12;�Ԉ�q�&#x16;5Bw��&#xE;�ˌ��BEj�$G&#x18;F�S�&#x11;�-b�&#x1;&#x19;b-&lt;ax&#x11;��|-1bCw�I�&#x8;c6&#x13;#v�'Jb�iՉ��d��m��:��w���7��Ю&gt;~�&#xF;t�j�&#xF;m�*�&gt;Aْf�Ƀ��&#x13;&#x13;��+W������k�4��&#x17;���	�o'�H�@
L�&#x7;4J��%[�����/�n4�F�{�PI�؞QŜ��Mq�,�o��&#x10;�t&#xE;�D�&#x1D;�Ap������*㔯��0�o�ГW9Ƈ�ff�&#x5;�ޚξ�&#xE;8&#x1C;&#x5;\
�6q���kH&#xB;����&#x17;�B��^V�s8��w��	y)ڎ+-jу&#x13;V(�{�&#x1F;��
�����f&#x19;y8���jB��|jd�&#xE;c*�4�fk�|0&#xB;yJ��e�&#x1C;�lO5���Z1&#x8;�4�&#x1;&#x3;���\0ګ���\0�7&#x14;��:�2%w	��E��X&#x1F;�5��&#x1C;}&#x16;�`P=FA�&#x1C;Ly��&#x17;M&#x12;�!cQ�&#x1C;|�e��N��&#x1E;:&#x12;&#x4;b\0�Ņ&#x6;�`x.A���1d&#x5;5����;��&#x16;0�	��&#x2;є&#x2;"��#�&#x5;�𐍘D6B�vz&#x1F;l�6G��Q��Mnp&#x12; �T�[G��	!q�&#x14;�!&#x15;;�tl�&#x1F;t���HD&#x14;��D�&gt;��J&#x19;�&#x15;����&#x3;]�&gt;lg��&#x19;xbdW���f	+i�&#xF;�&#x1;u&#x8;��\04�G�U�&#x1B;�&#x6;��D&#xF;�e�_^��&#x2;��[W�&#x3;�O4�͏'&#xB;��&#xE;����&#xC;r&#x14;�&#x1A;��[��ͳ�5��t�hk2l;�ьh&#x17;��h�&gt;��zb��kw&#x1A;A[J� ��[&gt;V&#x15;�$���I��Ok&#x17;袀1�&#x7;:V��OA�6�&#x6;=Ս�&#x6;:�"�3�Ho�a;���&#x1A;�&gt;��&#x1A;	��&#x17;�&#x14;�&#x16;�&#x10;�&amp;縱H؛b3��uBq˥e���&#x7;�Űm�&#xC;-&#x11;t���w&#x6;B&#x18;L��&#x11;P?&#x1A;�&#x1F;�W�Ô33,uK	Xu�L�&#x15;�@�p���&#x18;&#x12;Qh�߶U���&#x5;a&#xE;��HZF�&#x1C;�&#x15;U�])���y&#x11;�L�&#x1;Ӄ����Ч�!	��&#xC;U?�&#x4;�VSԇ&#x2;J�ai�b6���&#xC;&#xE;��L&lt;O�_Q�8�ov�&#xB;�vS��xS:3^�i�R9]����{���gʉ�;&#x1B;q$��t�*����T���Jw�Hgjt�D�%��)щPG�T	Y&#x2;�&lt;7g3�O��\����|�N	D��&#x1A;K&#x1;�d&#xB;�&#x3;6�&#xC;ca&#x14;;�M��&#x1A;
�0&#x18;�,��W�C�������g�LA�h�Rj/��N2-�ĉ&amp;&#x5;S&#x19;S�����٘Ȕ&#x5;�xώ��q˦3�MŶk.��˨���&#x17;&#x7;�'�&#x1B;S&#x7;&#x1E;�&#x13;��S4���Қ� Q�&#x1C;x�&#x3;`&#x1F;!��։&#x13;&#x6;wC�!��S�ʟN�p�&#x4;�υ"�� �Gg�_&#x16;D�M��s&#xB;��&#x1C;D�=��\0ߞ���)&gt;�j���&#x11;��C!&#x10;��l�&#x16;�5vZ/&#x4;�j�׫��&#x8;ޣQ.�Z�-X���7�&#x4;�?�(�ӑ]����_&#x14;��^�h[�"J"-��=�KZK"GzT[th�&#x18;�G	o3����Z4����Ѽ&#x8;y�~�	Q��������*&#x1A;�&#x3;#?f&#xE;��&#xE;��QI�|�=g1a�kQ9&#x1F;�r$%�zMݾ*��+�o&#xB;:&#x1D;���������&#x8;���|�g��'� .,��2�`ԗ3�?�\��6�&#xC;!�����:.}@�]��&#x7;��&#x10;eb]��&#x14;&#x1D;U�P��2섴����b��4hY&#x6;i� ۙ4&#xF;R4�cS$�lֲta���,�mE��y�[I��&#x1C;&#x17;�/-ݽ��r&#xE;�m&#x1A;,�l�9e~&#x1B;ݖ�&#x1D;��WcGj��&#x3;�2�~&#x19;���^��&#x14;&#x1C;�.&#xF;]*e��v��k��i\0��&#xB;�γy߼9K��&lt;�:�ٌӳ��C��?�s��\�ٻ�wn&#x1A;��C��x�N��_�Nw.��&#x6;v��&#x16;&#x1C;��&amp;�3y�&#x1B;Rp�n&lt;&#x18;Xh��!����&#x1E;WX��v&#x1C;��(����C&gt;��,&#x2;�F/&#xE;Jc2Z6&#xB;�$(���s@�Dz�Q���wGϰ�{G�u�bf���H��� �#ŸA�Φ�L�q��yF`\_4�J{����$��͎��'m�
IW����~�&#x8;�m_6z#�F���p&#x1A;��}��&lt;&#x2;xʶO&#x18;�z��&#xE;�|�/%��&#x18;�&#x1A;�����#�*&#x6;5W�&#xF;�y��&#x6;�x����ݩ��&#xC;{�h&#x15;�&#x1E;$)Ũ�Q&lt;�j�&#x3;9_m��}�&#xC;��7�A��m�a&#x3;�7���M�8&#x18;&#x17;[N��&#x18;�0��&lt;������F=&#x8;&#xF;�`��(��S7k,����m�&#x6;&#x11;.d�&#x3;Gf���W��@��&#x18;��1�Ύ{�ܵq&#xF;��_��C&#x15;'�4-.	�\X��x�7&#x1A;��yG1 ��&#x4;r��&#x18;&#xB;���\�H&#x8;!���\&#xB;L&#xB;Z�@&#x17;��&#x16;�b}��&amp;&#x12;x�rEF�����?!�i\0S��,9=�6��j�iZ2i�'k��|�&#x6;yy�Q�n�s&#x1;?C&#xF;`,�Q�iZO`o�a� e����z&#x12;q�I��iP|qƠ�-�&#x10;�l��M��HwD���%�Z ������5(և�s&#x1D;&#x1E;�$&#x5;&#x18;��:^s��^��W���IMc్ّr�&#x6;�N�ZW����&#x10;W��A�2H|#1�&#x5;�6u�m����l��\�C��L&#x18;&#x19;a��._&#x1F;�6	#&#x1F;ƹ=Oz&#xE;�M��V�{�&#x18;`j\0Q�&gt;⛡=F-�g�A���*���υ���Ȭ�ǃN؁v��� �3U&#xC;ǔ �Y&#x12;O��&#x5;2z���ڔ��&#x6;���&#x11;̟�jD��7p&#x5;q&#x1E;�vk+&#x18;",&#x1C;W&#x3;W&lt;�#]�&#x12;K�٘.�kV30�s��8���&#x15;&amp;�&#xB;�&#x1A;���;��Ĕ�Q&#x15;@\�j�,�{�=�x�q�&#x17;{��zc&#x1F;�f&#xC;�3r���}&#x3;�9_�|��:�^2�L�=�Q5��H�M�Of���� ����wy\0l�Q&gt;&#x7;&#x11;eE�b;�]�3&#x17;�{�e&#x11;��P93�f޷��y�F�\�&#x10;:�&#x3;�{&#x14;[kR���-{ixV�j.����4���I��&#x15;=��٨s��HL���lnd�+�lɚ�+gw&#xE;fs�Q��tL� k�&#x19;�Q	�,&#x1A;y0�{&lt;XH#%��7�&#x6;���&#x18;�K&#x10;Vf6�����VZ�7uA-v%�;'�������@Q��@�&gt;�+�~}e�YGMf��&#x1C;��]��g��&#xF;����*:w���܁M/D+�˧�Y|�&#x16;!Q{���p0�X睞W��&#x1D;B�TF7&#x3;c�W
�C�w���!&#xE;1A&#x12;a��Kk�;u&lt;&#x15;�\0o�&#x12;�i&#x7;o��&#xE;�D���*t��&#x4;�&#x4;�&#x13;��޽&#xC;��˰�߬P�&#x2;����M?M�&#x17;/�k˱[IH��mq�&#x7;g�欨g��&#x12;�����k�v0d���^���&lt;mS�&#x1C;&#x4;&#x17;24m0b&#xE;h�E\X6{��Z�iK&#x1E;��(Y�1Ci��NS����&#x19; E�ڽ�X��aJ���&#x15;�x&#xF;F��$��4�P̠2&#x12;BwʻW�-�
&#x12;�tu�_E��I���ΕXm\��{X(���&#x15;ӈ�i�g9&#x19;��+�M,&#x1B;�+��������Dߊ&#x19;��K&#x1B;����f&#x14;lޕ�&#x15;��R��&#x17;ȣ�&#x2;&#x2;=&#x1;�e&#x1D;,W�?n��&#x1E;��I�&#x1D;�^�`���u/5����^�u&#x17;��׮�j'��^)���_�R�Z�Z&#x17;Jߑ�z�B���?�=w�&#x1B;��N�:��&#x16;|�:!��u����:	Q��X�&#x2;&lt;y����}m�(d���^���;����&#xC;�ض�]�����}�`�'&#x8;{��!�v�	}m� '��*lg&#x1D;����^߫��Z&#x2;2zbҽ�p�&#x15;�&#x14;L��&#x14;����e�����S�ڝ4$�&#xB;sн�&#x4;&gt;X�s&#x12;&#x3;�&#x1E;�՛�]zH�z����v�a�ߪ(5��J=&#x1A;�y��`&#x1C;zˠ�A2�ו&#x1B;pT&#x1D;ԉ���Rrp�&#x15;�3s:&#xF;J&#xE;��k��Ns�ʁ&#x19;pwֲy�Q��\�&#x6;BG�&#x1E;r&#x12;b?��&#x1A;&#x1B;l�R�rT�`&#x19;lSU&gt;��N��rX�a�h�&#x1C;�&#x1B;�j�A&#x7;6&gt;�3&#xC;}&#x13;G����&#x2;&amp;;�Aj�&#x18;ẓ�n�&#x7;��v^-q�2`SIKL.Z΂�&#x16;X��&#x1D;v�A!�#&#x13;[c�&#x3;�tZ��)�Ɍb��D���5���lw�/&#xF;&#x1A;쀚�!/$���8���٥���*;\c��gA�eD�\��)������q+Ӻ���k&#x18;&#x17;��86M=��/-��/�_ʆޭf��j��l��&#x1A;�&#xE;���&#x1A;f�~�^c��&#x17;l7�&#x3;5�f�ێI�$�]��^aڭ1I.�m�$ţ)IYy&#x1A;@]���8&#x19;a�R�4����_S��vJ���ؤ���Y��A�I�bG'�5�ݞ�M��t#6�X��&gt;�&#x16;;���س�Xt�f�~	�$&#x19;��&#x1B;\�&#x1B;�Ё���78&#x13;�&#x12;��&#x11;��JȊ�3�Ġ��F��(n�p�&#x8;\�D�Ά�NbW��k&#x17;������kw#r]&#x5;�_&#x1C;�b�]�Z&#x3;5�[&#xB;-�\0�Z&#x19;���ZP�&#x12;yՂ
�̨&#x1A;Pg��:^j�������mmO&#xB;Jʰ�&#x1B;&gt;D撚��$	e��&#x2;~ �PG����G��m\��\0���_?&#x19;�������&#x11;U@��#��ld_�Ŵ�&gt;9&#x1B;i��&#x1A;5&#x1D;���d�.��ExJ�U�l���59CL\/?&#x17;�=���s�0{��L99�}\0�(a ���p&#x14;~#50d��11O%&#x1D;u�
�&#x1A;�=�ؑ���&#xC;&#x3;�&lt;a���
�&#xF;J,�*&#x1E;r$*�a��I��]!6'JN^��&#x1D;�{��ޤ&#xB;&#x1B;_��P:�ws�nv�����Y�ֿ����-�|+&#x3;G�&#x4;�F���&#xE;�&#x8;�&#x12;�&#x11;�&#x1E;�=���AB���DV�g�z���~��B2�2��&#x14;:�ԛ&#x14;ڰ�&#x1F;�~�~&#x12;Ͷ�5d	�$3{)�&#x1C;&#xE;rhL���&#x16;&lt;�#&#x14;���X��1�Iq��'���n�5&#x8;[�PF1V��&#x2;0&amp;`Nθ����]͒&amp;�Y&#x6;&#xE;Q&#x2;�(�4�ҡ0��h�6�r&#x12;�X&amp;U��9J�l97&#x1C;"h�&amp;&#x1B;͆��te�z9��&#x13;7��p�yw�N��y{�O'�˲��9��L'��M�Ĝ��;�(�.m�/�(�u�5'&#x14;.�&#x13;�'u�a&#xF;{e&#x3;�л�̛&#x13;�5&#x1;���2�᭝�q�&#x1F;yp�&#x4;r�!��j�/z��W��"Q��_7Ջ&#x4;�m��e�n���w�T�w��)&gt;����i�&#x1F;�D͍�S��~&#xC;�&#x1D;�Ys�n�&#x8;�R���R&#x1F;I�b�m&#xE;q����*�&#x15;�D&amp;�&#x1A;����j?�L&#x15;�ɟ�0Ԧ&gt;�Q�&#x15;�&#x17;f菦*+k��ć]N{��&#x7;y��uc��&#x13;(���=���i�&lt;���q&#x1E;��&#x1;&#x10;�QMc59����������vFG�����%��FGY�i1.���;��&amp;'fID�imN�2]]�y~p����Q���:a�GE�&#x1A;� }G�qY{?A�j��e&#x3;X�Q��\0�f�`��&gt;�W�&#x5;�D�5� �A&#x5;^&#x1C;v[��&#x17;f�OA
�O�
�AdO�
�u5�&#x17;&#x15;F��*&#x2;�/�ї���D��ȶ��&#x12;�&#x10;)&#x6;�u.&#x2;&#x19;&#xB;l��o��;˖�r'�q�&gt;���x߻�*�c�� �&#x18;RQ�͔&#x1;���@�Ċ�&#xC;\0�F�7�&#x2;oiF@�R�Q�\-�ao&#x10;�?&amp;,��=c��K*�&#xB;Ԡ+%&#x1C;�FƳ�J��\0R�&#x12;K�O	�9��|٬�&#x1B;���A/���|��U^�Ǽ�(þn�˪&#x12;[&#x1F;��;
^.'���O]ˍ�^��&#x1A;]X�:z&#x1A;-{Q}��7�y�&#x16;:&#x15;=�T&#x16;}��&#x8;��&#xF;�g�Ǥ&#x8;�&#x1C;�&#x1E;�&#x1F;�L�f��Đ�&#x1;�Q&#xB;��&#x1F;��{w�Ze��*7��==H|�Ҟ��[\~�j׵��n[����a�F��_�Ԟ�(�\֞ր�A{zpr�۵��&#xF;=dT��&#x1B;s�i�J=��TF���z&#x1A;���1^���}�&#x1F;�[���W�����_���l}w���l�&#x13;o�ZP��^���xS&#x1D;�5�:����&#x19;acI�A&#x13;s&#xE;df�A-�YU]\0��c2&#x19;�ld�菤����7^܏J��)y��z�&#x1C;�|&amp;q�im��6&#x1A;sJ&#x19;�ݿ��}�潣��F�d$'&#x17;m��Kۢ��@z@X$✋}�r&#x1F;&#x16;1,:C�,s�0&#x1F;�&#x16;� K5�|�����E%簊,eK&#x3;�K(G0�D`9�&#x16;u�i:7;�]��&#xF;���0&#x8;eS�	&#xC;�し���&gt;�����"�#D����҇�Zru�\\�&#x2;&#x1E;q&#x4;&#x16;\p����{&#x13;_`8�&#x1D;�;&amp;S�2&#x16;�8�a�&#x5;ͤz�&#x13;��5��&#x8;��J�!����{�r$"-��&#x12;k�4&#x1E;&#x14;G&#x11;�j��B
]W&#xB;m"@�i	����8v��`&#x14;���^�ȒĻ&amp;&#x16;z�&#x8;ه$�|9j?3H�s+��bL���&#x6;i&#x8;&#x4;�A&#x13;k0&#xE;&#xE;&#x1A;��&#x7;i8���&#x19;�\�c�{��Gi�Y��.��B&#x1B;]��˩+�O1&#x15;�od�uI�����=&#x3;w��m���p?O�O&amp;��&#x1;����Mu�l��&#x7;V�&#x5;�0�TOn�7&#x5;��&#x1;�e�j8�e��9�$/"3��&#x16;�i�E��@D�TuƢ��&#x13;lo���_&#x19;��&#x14;s+�,��m'�Xv���V[��:��&#x8;rG&#x4;��f-j��q�mG�紬�&#x17;D���ɕ�F�&#x1B;�__�,�t��a!&#x1E;iB|���tW&#x10;�c&#x5;.k���&#x3;zt)�&#x1D;E�
Ug�&#x5;&#x1C;Ö�}�|h��&#x10;ԶMP&#x15;��I���Es��eg&gt;�Ef&#x4;SX�l�&#x1F;&#x2;\0��fY�[�HiK�F����lT��&#x1;
%kSk&#x15;Y��p
W�1�1�o��l����,�J0����hՇ$��,&#x1C;��5H"&#x1E;y�P�&#x19;�O-�[=Mk�����wG�S�����&amp;&#x1D;a &#x14;��&#x1A;&#x1;7V�����,��O��&#x7;Ng��[k��=�&#x8;n�&#x1E;�V��t�La�JP�	��R���&#xC;�ݺ&#x1E;&#x15;i�M�E	���&#xB;ߺ$�|�����^&#x17;53)��&gt;��L��&amp;�&#xC;�AgL&#x3;�YYB\0�B�&#x10;{&#xC;j�&#xC;w����/#?�BT��&#x4;'&#x4;&#x8;��e3�\=Tk;���
/z&#x1A;��[&#x1A;&#x1A;L�^�zC��fV��&#x13;�1hh�j�Fm�i&#x1D;�T#�%��2A�Fa�|�4�P}5���\Or꒖�:|�%9�@H���&#x6;��iw�`�'���j�k��ڑ�i��U�Ű)��i�&#x17;�]�ȏZ^Z��9�"?�$hv��Í$a&#x1F;��Fe���&#x19;�S��?&#x4;i&#x1F;�N��&gt;��l&#x11;�C��&#x13;-�&gt;#�6�H��&#xC;&#x1D;&#x17;&#x8;����=M�i��xe��W�ؤ���#�#�&#x1D;햯&amp;����f"�[����rONW��ED&#xE;/&#x5;�lι.m��1�UZ��R`ȵ������Q}q4�H4]&#x4;�Ťm:�	SU�&#x12;p8�c7����=S�	kt�d��^�D�g�&#xF;�&#x7;&#x14;�pa��;�:W��D�&#x5;��D�&#x1F;�ѻF��8�A��@�Mhvy�&#x5;ҽ��b6�r�G����A�$�J���o\c{���;�@�&#x7;N qN�&#xC;�SM2�/�?�C�.�&#x13;&#x16;:`�1�RW���_T*M��	���g~ȌX~&#x18;��&#x1;4˩�O'$���d���H;&#x6;�&#xE;��Nn&#x14;^%�����k�&#x13; &#x3;"d�5&gt;�^�"���	8�j��r[���u^C�Iz�S�2_&#x11;1�ڮ�&amp;�ī�*��ɵr��pĩ&#x1A;qR����vo�	2E�AhR��*e5�3��SN��}���
�M
�T�g?&#x2;�3��"�:)���@���k&#x15;&gt;K��(&#xE;�w�w
�&#xE;�&#x1D;��J�.&#x1F;8/&amp;݆&#x19;8���7'�&#x2;H��&gt;�&#xC;4�&#xE;�&#x16;�H��ot�!I&#x3;�u"
K&amp;�&#x1;�!\0;�-M&gt;$֔f&#x19;x��M&#x8;�&#x13;x&#x2;%0)�&#x11;&#x1D;��=E&#x5;�y�&lt;���&#x1B;���_�&#x14;s��9���m&#x6;�˛O�&#x12;n�o� �&#xB;�&#x1D;6�U��:�M*H���&#x13;:�?q��Y�fU�0&#x8;S�&#x19;�&#x15;&#x18;h��f�U��"���A��6����F'�$vy��o_����\0�h���&#x7;�)1pZ�&#x1D;����!r&#x19;
&#x1C;٭=�p�QS'oؘQ�֎s�&#xF;�X�Fز�k��q����3�6la&#x1F;&#x5;�%��"ގ���t���{&#x1E;�&#xB;�t&#x12;&#x1A;��lP&#x1B;t&#xB;^�}n�&#x1D;�`f����w&#xC;�#��&#x6;L��&#x1C;&#xF;�pONø'L?_e���� ��vl%�ۼ�ϗ�ľN�qĿo���*	;��E&#xE;P�&#x17;��B=����/� %�|&#x19;N{&#xF;�l�(&#xE;�&#x1C;��&#x1F;��!~��&#xB;��{z�Nʕ�D@&#x1;�R�x�r���j�J�i7n�\0&#x19;���&#x7;�b��&lt;Λ�~,&#x1F;�u��ɇ&#x8;��z��7�&#xF;q�&#x8;��-&#x1B;&#x1F;_�6&#x1D;���W9&#xC;s�u�S&#x12;����f}&#x18;�&#xB;%�{��+�P�ta�A̬&#xB;�+m�݉Z&#xB;�9��0-&#x18;�&#xE;&#xC;�͂� ٽ&#x14;�M&#x18;�'j�V,�]��f�}O�n�Ʃ�h�
{MgxOdx��j_dXZh�ܛ��(T�x&#x17;&#x14;��]3&gt;�^���0�DK'7�&#x1E;&#x1A;^M��5�}�#++&#x1C;��&#xE;���&#x15;�&#x13;�¶5[U&#x13;�k�F�}��ױ�p&#x6;�&#x4;E��t�&#x7;�ٌ�?�@G��h��&lt;}~�/�~�$�p&#x16;��&#x1E;��47�*}9S�&#x1A;�ڶ�E�8E���3\�~s��u�&#x14;Q�&#x1D;vPN˿������ϡ��&#x14;R�ȥ�i_~o�!�*L&#x3;��&#xC;W��{]�0f%NU 0���''@�Dv�3:,����;&#x3;zG�������g��F\0G,�Gw�p��k��#q}&gt;��EJz_oh�ӛk&#xF;�7&gt;�޼&#x14;g�[��&#x18;���,�nW+8&#x1F;[���M�V��9���V����&#x11;G��&#x13;�CA&#x1C;�#�_A&#x1C;�!�:c&#x5;qtcp�E�N��O&#x1A;�&#x13;&#x8;aq7`��f�#0���&#x1A;���Ӳ����w�+*=&#x1C;�&#x19;*��:�#&amp;�?���&#xE;�u�W����KY�L�&lt;�M,z�4�urD!q�&#x1C;),�j��~��&gt;�GO�G���&#x13;(�)-j��w�&lt;��&#x16;�t&lt;e�&#x18;�|�&#x19;��2%&#x12;�.�QWo(&#x17;�X&amp;;�R�N&#x19;�\T&#x13; ��	�C��&gt;�6&#x18;Pc�&#x1E;/k&#x1E;&#x10;NDy&#x11;��9��hH�C�`ȷ&#x8;�t�ߩC��8����Ϣn"�&#x1F;8�y��ڗ��)����&#x15;�����&#x6;��tF��o��3kU�	&#x2;���d&#xB;_O&#x1D;m&#x2;&#x10;��D&#x3;&#x3;�&gt;�'&#x8;s��&#x1A;���p�d��h�Ϙ�&#xF;B߄?����kz��\{�r�	ݼ���5XL�[�&#x2;ĺ&gt;R��?�&#x1C;|r2�(��pղȬ𒝎�&#xE;Ds��A&#x2;�s��Q(j�e��Z���ƥ�&#x11;�*&#x13;"��6!�9&#x1E;��\����i-�M��:�}X�Z�޵�5&#x8;�V�Z�s�D�؊^�X�^G�
8�:����&#x10;�&amp;�k!,�&#x1A;���%&#x1B;�_&lt;n�=;9�Ӑ8&#x14;���x&#x1A;�{&#x16;O�LI���+y&#x1A;�����i�j��h&#x1A;��T��&#x18;'��H�x�]��l��f��&#xB;_\gJ��T"]V~�O2�H��:��2�V{K�%��7Zː+�3�&#x1B;���R��&#xC;&#xE;E&gt;&#x13;�&#x6;�����d&#xE;E�P��fQ8?^{6�Q��`�d�D|&#xC;(&#xF;XB$�2������V�&#x1B;��`rX���Y�B͆�&#x19;�I��a&#x4;:^e&amp;��&#x1A;���]j�m%��o����%��0��wz{U��� �V��+%6�&#x1B;��&#x1B;u=ӏ�vÅ���4�]���N�n'w�E�ې3d5C'&#x3;*�Й��k�^�Bw�d&#x14;&#xF;�e��Z�F1��*7���i*�=&#x1F;&#x11;@�}S&#x2;	�&#x1B;�h&#xF;w&#x1A;Tf�"&#x1E;���@&#xB;��:�9&#x1D;$���i�	R�&#x1C;�a&#x7;y�4�&#x8;&#x3;&amp;g&#x19;�0xђ�1��23p��cD��r+}����&#x13;?,P���&#x4;��K���HT-&#x12;)&#x1D;㙊tY�Ȥ�9��C�E�gK�4u�&#x14;�&#x1F;�;&#x1A;�:w�IP�&#x6;˷��$�ɍD頇��&#x11;m+WkD�e���(�˗G�&#x1A;#�i&#x1B;^ݳ5%P'P��Q���&#x13;�&#x12;&#x18;)H�\yu�ӥ����)^�����L��'�&#x15;����f����s���Y�&#x17;	��K��8�&#x1A;�&#x10;�)�&#x1;��&#xC;�&#x4;&#x8;Z9�:�h&gt;u�&#xE;�I�V&amp;����=ƶQ�F*&gt;E)�?�c�n*&#x19;&#x1;�����U��&gt;;pHA~&lt;�\0c�^&#x16;z`o��&#x1;Y�HB&#xE;�&#x4;}Hfc��I&#x19;�����R�*䏊ݯ�*(�_���p#�uX�6&#x6;��7���q�R�L��y�f	�"&#xB;}O&#x1A;���:&#x4;&#x3;Ʉ.\0n_&amp;&#xB; &#x1D;R�*d�平�A&#x1A;����:\0���@�����
&#x1;���+F�f4�4B���l�&#x14;�u=&#x11;�\0���SW&#x4;g�&#x7;Tʲ�儊�+&#x1C;/u�'��K�&#xB;�@&#xE;&#x12;]�[oY��&#x1B;�����	��W ��]�_b�&#x17;�u0�K�:HFc(W�G���4���\&#x7;;��]�� ��&#x7;Ou�'�:tD&lt;�\A&#x17;4��&gt;L&#x19;&#xE;�p�&#x17;�T�*�Ǟ߳2CC&#xF;�&#x13;&#x7;\0,���޾P�&#x1A;�$�b����ٙ���m���&#x1B;�ۄj%M}��Y&#x1D;��W�&#x10;�,��!ʇ�9�lO�ߍ�&#x1;�(&#x6;E{c�_����&#x11;�s9���׶�7�B�I8�I��T�&#x1;x�t!&#x1B;�`�~4H8X6G&#x6;&#x1A;=Q����&#x14;*cHF�ܵ�&#x3;P'��&#x10;��&lt;3��a&#xE;~Y&#x15;&#x7;C&#x3;��Z�?o���{-����&#x15;�&lt;]�;�W6ư&#x18;tGQ�&#x1C;�9�&#xB;��&#x14;���,*�yr\'H�\0v��#�b=|�	�ٓÿ�x]Jc.F��'&#x4;��\0I���U�H&#x3;&amp;ҦD}&#x15;&#x7;�|&#xF;ij.&#x5;+&#xE;??����B�8�&#x6;&#x8;r^��	&#x4;�&#x7;�|�f&#x18;����R�k�B�K�K��EV�Q��2&#x18;��"d�!�%&#x1C;��g�&#x12;�:�(&#x12;�&#x11;^�2#�n���.�q&#xB;&#x16;#�N���m�;�&#x6;V��-�[*!�&#x1E;�&#x16;�&#x11;����]�g���m�WY���i;�&#xC;��D��V\0#�R&#xF;$��"�5��9�E]�K���NZ]�ֳ,{G��&#x2;۱d�`x��wت�		&#x7;�w�&#x8;&#x6;�F����U�&lt;T�&#xC;~9Us����}ןF;�&#x3;��&#xE;w&#x19;&#x18;�S�SGsW-�&#x19;��Ds�a��V:"�&#x2;������i&amp;�&amp;{&#x17;LS��F&#x18;3�&#x1C;�&#x1C;M�v41�c_&#x8;Kג�Eu�{�WAs��ވ���]�&#x18;f��uMu٨&#x4;fS㽷'LnC����3��S�&#x4;u}&#x17;G�^&#xF;[�&#x16;��3�@���|G�!q�N�|@��!�[&amp;0"P_��\0�&#x1B;�&#xF;&#x12;Ɣ=�^}�cC�N��&#xC;j���G'(&#x1B;�-&lt;�=IY�|�\�#��a��rЉ��E1cf&gt;�V�łv��&#x1D;��g&amp;X�5��&#x1F;S&#x13;?�&#x1D;ߥ}6�1W�h���?&#xC;�TlM���y��8��&#x2;��:΋��x��&#x19;�䇑!&#x5;�&#x6;&#x15;��3�A3�gE\0mU&#x1C;�N	U���΂��&#x7;as�&#x1D;��&#x3;�P!"�&#x19;7k�����@�6d&#x6;�*J�&#x1C;6ö?�6�.������a"�&#xE;���A�S_za&#x1;d�D�&#xB;+ϖ��lL(Ky8�0N�&lt;��^�wī
&#x5;�"x7�DwmC#�#v�_f�&#x1F;�����Nrn�[֐;�_&#x4;l ��&#x1;�ޗIkD&#x1;S�Є�2E&#x18;gE�&#x18;��&#x16;-�26Ą��!"&lt;%ނ&#x7;2xD&amp;��"pk���&#x1E;�&#x5;U���&#x11;&#x4;�wq�7$_8���-�u*w��П��$9�t�bC,�]E�)�����U�χ��)*�#�2rV=ji@7&#x11;���m�&#x6;�gN�S&lt;c�:[%�h�@���;ALߏ�Nq&gt;�� &#x1B;�&#x6;O�&#x6;�P�T�?t&#x3;��K�&amp;(��8�u&amp;+�Xnp&#x8;&#x12;\0�\0%ub��בsLS=7 ݈�&#x6;�l
��[AΜCc�ɢR)��s�5MG@���&#x18;dT��	�&#x6;ipg�:�a�C�K��G�&#xB;S&#x17;�j/}&#x1F;��@&#x14;B�I$&#x1F;�z��]�&#x4;���d���wr���W��e�wۚ��-&#x7;P3
0[&#x1B;�5�������&#x16;�O3�[h��nSH��Y&#x6;�Vd�&#x4;�d�0
| ��Sh8�J��&#x6;\=�x(`�	�ٙ҃�%��b"\0�e��7�K�z��P/f���������lMTP����7�]&#x1D;�&#x15;ה���mm�&#x6;���&#x11;&amp;H�F&#x1B;���@�m&#x1E;�*�f�1;�sK6���&#xE;��{ĕaz��ES9Y*R��x�LW������4�_�΅�5&#x1A;N�`z�T7&#x2;l)��&#x18;$?&#x17;`be�Z&#x14;�dCt~&gt;�^���?
��ad	��b&lt;��)=d4ƣ\0˳(&#x17;�v#:���|&#x8;*�题�{�aȮ�1&lt;�rm�"&#x3;�&#x15;��#&#x7;�^�=�*4�&#x10;�0�W�=�Swc��&#xF;ah�����j�J���&lt;������Zl�-ﯜyz��d �+3O_Qj���2l��&#x19;&#x8;����[�L�w�&#x18;ܼ쎡�P�Xi�X[�%�;;LE���ަa�v�Zf����D+���EL,೤�V�
�d-\�TP5��&#x1C;$�Bi�=k�x�&#xC;����"j_Ei�
��F�S*&amp;I��r17�&#x19;cd��	B&#x8;��䋸�%D�Ө&#x6;,��`&gt;����z�=&#x6;�&#x15;�01K���s��J�d�¦�s��oʩe�jF���_F���k&#x13;��W�5/&#x2;&#x1B;^A&#x2;�P�Śj�l��5I5&#x19;�t4�\-��H�����t�5m��f�[�Hk��-�����w��WE��Þf㞊��&#x10;u&#x1B;97�I���*8��7%�?�-Yv�ȳl�&#x6;A�:���8 ���܉7�&#x5;�W&#x14;&#x4;�a��&#x6;�:&#x6;�~���#,��^����ƴ'�
�9&#x7;3�%���M��f��&#x16;[�&amp;�ņi���iy�0i3�h��,w��
�u��5`&#x10;i1,������Λ�j�K�Q80&#x19;��&#x7;N&#xF;&#x1E;$h�V&#x14;!&#x19;�:Mb?H&#x6;&#x1;5��&#x12;��-ם/,HX&#xE;�����&#x7;Q,)ZFJⱭ!NJ�dd�3�Q��E&#xB;Z&#xB;��&#x15; qſ&#x1D;��������K��&#x1D;]&#x12;~�O�Kɹ��+��&gt;K&#xE;�&#x1E;�T&#x7;�YPr$��|q���&#xF;k&#x11;7vD�&#x1F;��&#x1D;e&#xC;�E��Z��AAf�Z&#x19;�d&#x5;lp*�&#x12;&#x18;�U5�32(y�}��&#x12;&#x1D;E&#x19;uh_&#x5;&#x5;�!&#xC;&#x1A;���}!�&#x12;�&#x3;�B9�0�aX���e&amp;��uz&#x1D;&#xB;��:��:�&#x1D;E�W\0��&#x1;M&#x11;Q��Pdb�,*&#x1D;��$��)�!	��4�&#x10;&#xF;0&#x1E;&gt;&#x19;��)�&#x12;��E��짒&#x19;�r�[��@��k'&gt;�5T�˟h�`0#H%&#x11;(B�oFQ�[d2sqv�͐���=;z�&#x6;��&#x11;F{/�ń;�2���.�E�&#x4;S���&#x1C;�&#x15;X&#x12;;��6r&#xC;N�i��k�k�B�����yqK�ҩ�&#x14;���ϧ�U�T�X&#x8;�&#x2;�^D�$f�JJ�Ao�@�l�&#x2;P��)��E6R��&#x2;Ң��&#x14;��Y&#x3;�1w{����L/�&gt;�J�&#x12;r&#x10;L&#xE;2)�Xw&#x1B;�{�&#x1D;ܝ'�@��D��}�u"�u��a&#xE;6:�|4��ꤶ�BָӉdUl'���nL�m�D&#x2;FjL���&#x13;i�~d�&#x16;���I&#x1A;��N$��o[�����jEzv&#xF;h�V���S�P*&#xB;&#x12;������=��xlP1�ݡT�&#x14;u��T^��&#x1C;h�C�L}&#x15;x&#x11;L�M'�����f�M�O/Bݭ�T&#xC;&#x8;Y��e�h̀��&#x1F;}5��dr&#x16;2�Q?���&#x1B;&amp;S����/&#xB;{���M��;&#x1D;�U�����B&gt;�#��O&#x13;�u�f&#x13;/���1&#x2;O�������Π���Z��-}�&#x6;�����v��]��\&#x1F;�7��&#x12;
a9�k���*��-�����_&#x15;�f&#x15;v�W�m*��S���&#x5;�1�=��ZF&#x1D;���T���k���&#x7;�X.���GKgY��&#x14;�{��SA�m����Q�}��~�T�nk��H�:yl�H�Ͽ?߿��9���w�c*�&#xE;&#x8; *�k���&#xE;&#x8;[���"G�&#x12;z�&#xF;QZ�j���Q�&lt;[.JFϦƶYs�d�2�&#x13;�~&#xB;	a&#x19;dti��hTz&#x18;���&#x19;#��)"Z6�53i�&#x7;��5&#xB;�0&#x15;���&#xC;�0&#x14;43�&#xC;��,�&#x1C;���ͦm`#��^&#x19;�^�'H�qӄ6�&#x1D;]�i��kjRn,nu�b�A a���������В��t&#x12;}|�&#x11;?�x'�&#x19;F���@	�,�&#x1F;�
S�97�D�6��&#x1A;���
3z��I:���=Z&#x16;�&#x15;GυB��&#x5;;�w2gT&#x1F;A�P&#x16;�Pj7h�&#x14;�&#x8;�ѻbGrB�&#x14;�&#x17;��V�d(Ll��Hǻ'�raӄN|:v"bғ�%�����&amp;GxQ&#x8;"܈$��&#x11;���/�����п�&#x1E;���:D�&#x6;�B�(&#x19;r	{�&#xF;&#x13;�P&lt;A�&#x1B;&#x1C;"�Il�\]T?%�B:�����19���ȥ�,ap�P��BY�Oz���&#x6;WW��$�~6mh�!���&#x19;�+��053��E��|�X&#x19;��.�6����&#xE;���&#x3;&#x6;�}�+�4E�wA�n�'|&#xE;0�F��&#x5;��~�ڰ�l��A���&#x5;&#x18;�~�w{�y1n���T[&#x4;b5&#x14;�"uX��\�&#x1;���F"�l0�__W"��o�n�%_P"	a���[��*$.$�k�K�z��Mk]em&#x2;T3�d��h������&gt;�&#x13;�&#xB;�u�O\�{i}�RO��9��/��mb�&#x4;�o��&#xC;ບ&#x1C;�Eկ��k����&#x10;sU��&#xF;}&#x14;�L&#x15;u�&#x1C;�ic��+=��g���͍�&#xE;���v�u�����E�o�k19�X&#x14;5�=&amp;�&#x18;�4��&#xE;`�7�)�V�&lt;À��r���&#x6;&#x1;���"c��5t�\0;��\0�8�3�&#xC;�_!Q�uL&#x15;&#x2;,&#x1C;,�b���&#x18;����&#x6;��&#xE;�5J�h诂���_&#x1B;�gc��a��۬��ܫ*���c,Xe���C��&#x2;Q��&#x10;��W&#x1C;�o'6�&#x18;��귓&#x1D;���	�&#x17;w�&#x5;9}J&#x11;���&#x16;Y/z�m6$��g�i��s���&#x8;P:�5�L|�e��
���4�QˆAh4��p|��&#x14;�D!*E&#xE;&#x3;M�걵ї��j&#x2;/��vnJ˝����KU���k&#xC;O޼L��!�R�=�y��+S&#x18;v�w��Ct��Ѯ�]u���?o:&#x1B;&#xB;}ȂZ��U��њ&amp;��;\���%��&#x7;ʭ��P&#x12;�3w&#x1;-e��/&#x12;(&gt;�乎���G��&#x1B;�k.���N�$ʭ�H�3w&#x14;�B&#x1F;H�վ���{L�!�@�|q&#x1C;s��w"HqU2o�&#x1E;���
s���a����&#x1A;�\#k�S��&#x1A;&lt;pJ}8�&#x1A;�&#x13;��I��l&#x16;�"Z�0�q�N�&#x6;�����&#x19;��^�]������y�^�&lt;M����ݠ�#M���A�
B�S&#x19;��&#x19;�:e�{��[O����I]�&#x1F;�W�z�&#x3;z����&#x7;��O�K&#x1E;�ZԐ�&lt;l��*'�Z�[�sҒ.K�`�N��LVH���@鋢�1�s����&#x16;���&amp;����_�JW�;8�&#x5;n�&gt;��&#xC;&#xE;��=�4�Zz��I&amp;D&#x18;d^H��]��߀�N�g��1wb&#x1B;�W,��@�)��&#xC;�W�~&#x1B;ȷ�_�H����{�?=4t&#x2;&#xF;�L������ݛ=]�&#x1D;&amp;C�L��8&#x16;լ�C�&#x6;{�&#x18;��&#x7;8���&#xB;�i&#xB;t&#x2;�U�&#x3;�O��0��eщE&#x6;q��\�;Kf#O�CbN�7HE�t���&#x3;{��-;��~�Ԍ�h���l+���&#x15;��D�oT��&lt;���MgF�i9\G�-HʛN����DU&#x1D;3��&#xE;O�O&#xF;P,�SS*&lt;���O��@�&#x3;&#x1A;�d&#x1A;q
���3N���q�߫4ʹ&#x6;��E�?&#xF;&#x19;&#xF;�(�\_�����Ӊ�O&#xF;ťGVw l:���Is{Az5DO&#x3;�fu�&#x1E;��&gt;�={8%6�&#x1A;��D�-�-t�C&#x5;�&#x10;w&#x14;\l䠣)x�i&#x8;�Vpq&amp;��&#x14;\r�&#xF;s��*����y����I��&#x2;I�W��6��3�6�U�D�cxC\1�?v̘�K�=�L&#xB;U9��E	�O�K��bO���8K&#x1;��&#x4;w�7���ވ�3&#x11;���1�o�pwR1�ŧޤ�T&#x4;��&#x10;�)�&#x1D;��0o`^C�u�Il�Z*�#	&#x16;A�%�hB�`�l޶���lH"�ϼ�S��ĳYA��L�_"�'&#x12;Mz�-�D&#x18;O-��QW���k@��ށ�YGb��Jŗh&#x1E;�h�sP�Czn"?7.���˶�&#xC;�:�t���K)�&#x16;�1CU���ycB&#x12;2	&#x1E;D�&#x4;�Ol3���&#x13;���&#x17;�z&#x13;k�&#x11;#��M�!��&#x19;�j�M|�1J��%&amp;�|W2G;8bPsa"A�kĜV%��&lt;&#x15;t��;X�h&#x19;&#x12;��&#x4;v4:u&#x10;&#x6;�7NT�Lh&#x1E;��NJP�'׻&lt;ecE
j'��IP&#x18;M2���&amp;���#C��zr��&#x2;�&#x1B;�8C��.�9N&#x11;~0�&#xB;��&#x10;q&#x10;;�;�R�;&#x19;;�A�3&#x19;?~��\0��3~&#xE;&#x15;�&lt;2����Z��ִ�z1/��nK�Ԙ����&#x18;&#x1E;K��&#x6;&#x7;�֣&#x15;$�(��wp&#x12;{Hu%]nS��w�+�D�Ɩ�`&gt;G��xGYۂ|Y��W&#x1E;&#xE;.r�x\b�#&#x4;f&gt;�]aN�&#x6;JQ&#x18;"�t���&#x14;���
&#x1C;��p=�H&#x11;(y�&#x5;��:J�_�&#x8;�G&#x8;����R�&#x4;i��&#x1E;uۏ|;�pB&#x1D;ԙD.&#x17;K�&#x3;�A&#x12;�\,=dF�JϕҍPzX&#x19;V'=��K��᳄�&#x1B;�&#x15;��&#x5;�|�+?&#x1B;N,2I)&#x1C;�&#x14;Nle���I���}�&#x19;���v!��JI��Z�&#x10;Jی3�A�&gt;�΅�GSɼt&#x12;&#x2;Zw��&lt;�db�ƒ����&#x1E;K�y��Q&#x7;Y$V��v����A�:�U;sǠ�^DL&#x8;K�C�R�h!�"z&gt;&#x16;�����E�&#x2;&#x18;���x�б.��5�-&#x13;��0&#x18;��&#x17;����J7|�&#x1C;fb��զ&#x16;�Q�M#�&#x13; &#x5;�C�;�&#x2;���T���N��t&#x16;"n伜W�&#x1F;F9&#x7;Z)&#x13;�,���D�%DSj|&#x4;i�Y�j�~o�7�+0&#x1E;4��&#x4;r,{��%aB�8�=+L�&#x1B;Q��-x5g&#x3;&#x5;�=���S�Gc��6S�ZE�^E�++j�&gt;(��m)�5���&#x15;ր�}Sa���~&#x3;a&#xB;u�&#x1E;"@&lt;+&#xB;qjNgҐ��_&lt;L�T�:Q�]�ZH^�8�`�DǦ&#x1B;�T�&lt;�_�7�Gs&#x7;
Aʎ�&#x3;�\C��&#x1D;�����m#�������lE���&#x1E;&#x1D;A��;�&#x5;Y&lt;&#x11;7|�����&#x14;ZmE�\0&#x1D;:�&#xC;./�������h0�xS&amp;�7���x΋I5�9�:y{�&#x16;q��D&#x1C;�m����	�0�+&#x11;O,�\0&#x13;��l�x�&#x10;&#x8;��Z��}nrZ�pR���&#x15;�y�u`�a}�\���V���@��p&#x1;}1k&#x14;��0&#x1E;�qi3&#x17;۫9J&#x4;�&#x1C;a&lt;Cc|`\0Z���&#x19;.7�-`.f�x%.g|�Yl�&amp;\
�U��f�����@C�o�����SG��&#x12;���uL6�t&#xF;&#x8;)?M\�dJg��1���G���y��n�&#x18;�s���m�&#x3;�RA֤��.&#x7;�&#x14;%%	����&#xB;���X|rNh0TVf�&#x1C;)�L&#x16;��F=�-+Äf�ןo�}F��&#x14;�fvKƵ&lt;��C��,	���&gt;i1&#x8;r�\_|qx��ʆ�eK�g/�$
k���5�\0#�&#x12;~&#x1C; ]y��lJ&#x7;G*A�;��&gt;���I���&#x11;D��tY���#�*/q�T��l���&#xC;�3�`V�rm+I�W&#x17;h�&#x4;a&#x1D;&amp;n`	�\0&#xE;l1Ai��'}�)ig����NZƞ�`mV&lt;�s����&#x14;ǰy���&#x4;���L{h� �6EF���\0{9&#x8;o$�*]Y�7��&#x19; ��/?&#xC;	�p\0&#xC;&#x5;��l&#x8;�T�-�&#x19;�vH�Aa&#xE;J ��BAaf0�wf&#x8;�&amp;��G\0�&#x7;�.���R�WB��&#x16;XQ�5&#x10;�	g���:x��&#x1E;T�&#xB;&#x1F;��ET3�D�\0*q&#x12;�([�&#x1E;&#x19;U�4�EI�&#x1F;5�|�`�(ʽ9��=��R&#x18;�SN�YJ	2TzG)��KNC�+&amp;�۶ܾ�Ix�]��	&#x1B;�jaj��hW�?T���	o�
���A&#x19;&#x1B;�f&#xE;�]�Y��&lt;�o��.�R:8�*&#x1F;zw*Ưn���&#x5;��!�������(6�G�&#xC;8V`c&#x2;��&#xE;&#x19;&#x1B;��H
m!�ƚ��rb��&#x1C;ޚ&amp;&#x1;^��&#xE;�ie�ޥ�Z�UU��&#x1;-�9+���@4�Ϟ��&gt;hU)oS���9[�:�19��D'��&#x1;!@&#x2;b&#x14;$\0il&#xE;
�H@����vq&#xB;	&#x18;\	� &amp;$@���&#x6;&#xF;#/9&#x5;F&#x3;��rf"�&#x11;H?�5&#x18;�&#xC;&#x16;`�\0��O&#x2;&#x1;r�3 ��@&#x2;:&#xF;( !I�����M0`Xޓx�=�&#x15;&#x16;�9�&#xE;&#x14;&#x10;��v  &amp;u�y���X��\0��g@�u&#x5;�ް`6&#xB;D&gt;��@&#x14;7\��)&#x5;����.��0w'&#xB;��=0���=&#x10;&#x1D;&#xB;�+ ��A�Wa����ٽ� �����e�S��&#xE;s@w)3��&#x2;&#x4;=7B��&#x1E;&#x5;����&#xC;��x���ˁ����y.�;.[`�w�EO�3����4�~
��8���n���-H�'�jT�A4cآ&#x1D;�&#x16;�&#x17;:3å��V&#x7;d?�bx�&#x5;8&#x1B;&#x1B;��t��&#x1B;5-&#x1E;�:�p&#xF;�&#x8;���&#x7;�,
�t���&#xE;(ޝ�*��48�%%(X&gt;^��ޡ�]�#&#x11;�;D�#&#x5;��&amp;�lB��|k!i�q&#x1A;���Ѽ�n�O�zW��;���ݓis�w���6&#x1D;&#x1F;X&#xC;&#x19;w�n8&#x8;�ʸ��$Z���&#x19;�Zދ�&#x5;��4���1CI�6�lJ�@{w�#^�^P��I�gV���ա�B�0&amp;��*2�p\0T�Q��L�&#x13;�+&#x16;�	��Ԇ&gt;o��6&#xE;occ��~�Cʸ�%`��	&#x18;d��'`�xς%��`e�&#xE;��&#x12;��&#x1E;&#xC;�m�[��P����7Q�5~u&#x1B;���.���&#x12;�ݘ�!_�2�C����}Z�	��&#x1D;��a����u-&amp;{�AG{P'\0�����f̸3�C&#xF;�3�=�����T�1�"�h}m��G�b�b&lt;�#�&#x5;�I&#x1E;&#x11;�:�D�壹&#x12;�{��Y��'�&#x7;|b�|&#x7;R�4J)cπ&#x15;���Ӱb�L��g3VzvG��J6s��4	��2�D&#x16;�&#xC;I�&#xE;�'fr&#x19;���4����h&#x1E;sV�6`&#x17;hHb��h&#x3;��^Ib���_[6T�p��h&#x1E;P	&#x13;qA]�&#x1C;4���2��.�rq�&#x19;GK�f�&#x1F;ʴ��^��R&lt;�ށL��gNB�Dt &#x1B;#����9�n#&gt;]&#x7;^&#x7;�G��i[:� :�[�\0�&#x1E;p��SZ��&#x15;y�^����H�O��z^y�&#x1F;\���%_���t��&#x19;+�&#x19;]@J^�&#x12;��8I�ת&#xC;��Dȳd&#x15;p���'^�d���&#x12;��أS;�{�?b̙�&#x1;�'R:f&#x1F;P��&gt;�-	�N~���#�ժ�sj�&#x15;� Ѻ6�o�i���ۙ�W&#x13;���&#x13;���&#x1A;uf�&#x1;�R&#x18;�k��Y��C&#x7;��C;&#x16;_'9�g��&#x7;K����R&#x5;�Hl;�4�oM�g�(R2;�0��E*M�b� ���]�8�&#xE;�&#xE;��#�&#x1C;�gG�&#x3;��B��a���sX���&#x1B;�&#x6;�&#x7;&#xB;&#x10;��$O&#x8;�sO���&#xC;�J�g�l�&#x1C;��4��x9��u�&#x6;J�gl&#x11;7p;�&#x6;�ާ�&#x6;t�:Ҟ���t�A�``p���(&#xB;��7�¶F�щjY���&#x8;�=��&#x14;w_N�h&#x1B;L&#xC;�e, ڑH�@Qω�ѭ�&amp;+ؒi&#x1B;H,�&amp;&#x13;v�V�D!m����6Х2)�&#x1C;�J�`r��d�&#x6;��&#x1B;�t�W&#x1E;f:���z���M��7@��ڹ�~���&amp;۷�j�,&#x19;&#x4;p~�w6`�B��&#xF;��_�޿��o�t �F�U���@g&#x10;&#x1A;�F+A��d�3���T��lx��Y#�q&#x3;
��W{�K&#x4;j��&#x1D;�T��vz�:}����&#x5;&#x16;�8le�����&#xC;&#x17;Wu����@���RXUqs����)&#x10;�Z��ֵ0@X���hV��&#x1A;���]�¦����b؀��{�0�KD!l&#xC;&#x17;*a�M�Q*a���kTY��q&#x19;�/�����h\&#x6;;jJl#"��ޑ�h�ǥ:XS&#x11;h&#xC;��"���x�&#x16;�ܩ&#x1A;���&#x12;�&#x1B;&#x2;��5�����d��JC�&#x6;���lC�[u�?&#x5;&#x17;&lt;ے�&#xB;�[�M�
x&#x18;�&#xB;:����6&#xE;�����&#x1C;���$�p-��#�;E
G��t�y�����f�p�&gt;�&#xF;�N1����J��T{M�ak4/�&#x1F;L�!&#x2;e����"e��I�&#x13;��yƂ�U��M^&#x1A;O�(�6�Q�*V�A�F6*�i&#x6;,f���p=#0Ҿ�u����P&amp;;�fֲ�&#x3;�kDn��'&#x1D;́���[��4Ek&#x1D;܃�k���Tp(���xQ���?&#x16;gн�f��9M��&#x15;&#x2;�&#x1A;KF&#x7;뢘g�`&#x1C;�6���	�c�&#xC;�&#x7;����H6X�^�&#x6;�9&#x1E;�+�&#x15;	�x`j}�+\&#x17;��q=�{r�����&#x13;��Ű�&#xE;j	Q.k��&amp;�D�+"��Dc*&#x2;����/���լ��&#x14;G�L&#xC;X�G�5{&#x6;"k��&#x16;��&amp;c�_�m�Uc&#x2;m뗑��r�&#x14;Oa&#x8;g��\�H]�&#x6;��W�&#x3;CS0�^SG&#xF;�/2-.��2�3�&#x1A;h�5Cd��N\P�r,X�	��&#xC;��&#x12;�`��g&amp;�$�H�R���m��S��Ѓ�&#xE;�}&#x1D;)G�&#xF;�2�4M5�&#x11;&#x15;`���f�6�2��&#x4;�� a���Q&#x14;��az/f�#�u:���w=���5��dE�qF��H�d&amp;O�&#x4;&#xC;�&#x15;�'&amp;��N��z���l��X0C�S=�ͽ���&#xC;�Le�������$�T�D���&gt;�1F��r1��(4M�P�83
MR&#x1E;�}����?MR��&#x1A;�&amp;�=�'|&#x5;3
�ױe��3k���(�eac&#x14;��V��:�&lt;�q2st ��&#x18;4"&#x3;��3r��&#x13;�&#x1E;v&#x12;&#x1A;�&gt;���P&#x7;�j߷g��ڄ��3u]�Qh������;Q�B�H{�&#x1E;x���м�B�d��r�&#x2;\0z&#x19;;9�w�$�r��~��ԻO��U��
�狆&#x3;��/�&#x3;Mn{&#x17;p&#x1B;�@�p  CZp��&#x7;&#x4;o7��t�1�]@7&#x1;�&#x1E;ģX��+&#x3;�����&#x17;m��UՈ�ol&#x4;U&#x5;R�Z��&#x1F;�G-���� l�����}�����w�OD�j��'���Ԩ.-�k����9x̲t�����q0��&#x18;xg�g����6\0��&#xC;&#x1D;?&#x1D;��M�+}�����&#x1B;7������3���˹zow�hȥ5{&#x11;�n������	�k�yo��b/&amp;��MS{)����&#x1D;���io�&#x10;�wO{�y&#x8;&#x5;7�2�Cnu|�t�&#x1B;β���&#x1;[&#x6;���t9�d�y�A�&#xE;�ѡ(*8�)`&#x7;�y�&#x7;�MkW���&#x17;�Ҫ�Ym��Z&#x1A;tlcA{	e���R�f��h�;��,hm�i�A+&#x16;�&#x5;&lt;�Nv�&amp;"�nv+&amp;�@�ϦB��[�۲�\(&#x3;d&#x4;&#x17;]�J�@�Ed�e��ꀤ�����7x0X�����&#x14;�ߍ�&#x8;U�l؛i�0&#x10;1&lt;ۋY.�[�r�ZC��Qo�$nG�=�%��yo{,��yo_�&#x12;��o�����o=Md;�&#x5;&#x1F;�X6��m��Z�&#x14;�(���m8�_�a�_���_Q1�^~�b=����*�&#x12;n�	$�ѭ-��-�����ZJ��&#x1B;�U_&#x17;L&#x1C;���%�Y�?E��@@�4�yX��i&#x8;��&#x8;3&#x18;&#xE;Keb&#xE;���H�&#xC;!f�c�&#x1; �7��$&#xF;�m)-��k��)L:^�&#x1F;搪��%&#x2;=��P�x��c���T�p&#x11;'�%'�3N�G����¥+4ep��w�+&#x18;bJf`5�ϓ��&#x16;���R	&#x5;ûrsd�N$R:=�\��!t�8�&#xC;&#x18;�m&#x3;&#x18;m{\0&#x1A;�����x͘��lz|�d{�v�~��\�&#x1E;/\C&#xE;/���&#xE;&#x10;����􃻢J���↵��ZMi_Y�&gt;�E�i2΢�f&#xE;V��Su�T&#x5;F&#x11;���ĕd&#x18;�&#x16;�W3	TP\06)(u�w6��PQiY��e�,��M�nYq�7&#x1D;�t,��5|!�z�G��NX۴Q&lt;��&#x8;�O'\l
&#x5;.vQ��5�~�\�FQ�����P�k&#x1;�����ԩ"'bJ�^ͫ%��&#x1D;�&#x14;q6���̒��&#x12;��"��&#x1E;�&#x14;uۯ�&#x14;&#x3;&gt;�&lt;�ܓ��&#x14;��DZJ�1�	w@�&#x4;g&#xB;&lt;7��&#x19;�&#x1C;��Q&#x6;	��ds?&#x3;��TC�&#x14;Djj"�&#x1;�M�&lt;S&#x13;�&#x1;s&#xB;�&#x1D;"�+��EI�&#x5;�9��6&#x6;&#x19;&#x11;9U�͋.�&lt;p�&amp;�S�y���K&#x13;�'�ޯ��ne���32��nח��gn��&#x8;��&#x5;uU;&#x17;�&#x15;P:��J�zc.���&#x1C;�l&#xC;�&#x3;�&#x6;#f�&#x19;�&#x18;-�&#x17;7�l(�&#xE;�GѦ��B)��2#�؂f&#x1E;b�&amp;M)Fň+&#x4;�&#x4;&#x14;ŕ�ú�d���Pwʷ�.}�&#x1D;�aũ�m�?��ܲq��4�U�f׍���C���&gt;�/�&#x16;���h��[e^ē��K&#x15;�*q�%��Z�_��?���j&#x1E;�'�S�l�(��&#x5;�@&#x8;&#x18;&#x12;&#x10;�t�ϰ��(o������x'���{vD�&#x14;�T�e&#x15;k�����j��z�����&#x6;Q@���@%*�2W�[���H�m���
c
č�h�Ae����Ȱ��&#xE;�0rɗ�&#x5;� *�Bs�n���&#x8;��#�-�\%��I����&#x10;3&#x14;��٘�/O���&#xC;{1ô����&#xC;.=P�k�,|�\\0&#x4;��َ£���(&lt;)T��(&lt;�Z�&#x12;��-驉�&#x1B;�4��jb�&#x19;$&lt;��뵕� ��F3�nҨ���&#x1B;X0�&#x7;M*�3	V��v7z&#x10;x��&#x1A;�&gt;�w&#x19;�@M�����&#x15;''��&#x1C;ɻ
�G�t��ޘ�ˈ�/�&#xC;l�J���\��&#x14;���&#x1;�&lt;���0�M��&#x1;o[	L���|�-�B��䦢h+Մ���H��&#x4;t��&#x1D;��}��7ꦾ.����F���)����o�`&#x19;��I�&gt;���&amp;;�)Y⼍R�����y#x&#x17;6&#x4;�x��&#xE;�\˓�6&#x11;_�o&#x1;rDj�Eo�:AExS��HzO&#x12;&#xB;�ϻ?��?`�K&#x5;'�G�~ֿ�&#x1;�e !��D��I&#x4;���}�k�6%I�R8�y��&#x3;�o2�!h��c�j^���(�&#x2;������&#xC;[� �K�&#x15;�DV�x&#x6;.��&#x14;�&#x1A;�a��SS&#xB;�?T�8ٵ��j&#x13;�ܵ��B¹�s}�m�M�眮&#x12;+���飘��9k+��&#xB;|&#xE;&amp;:�&#x1C;�L45YL&amp;�4J$K6ߗ&#x11;K,�"0кh��&#xC;��(X��$^ҠC�&#x12;&#x1;��&#x13;:�Oz�&#x1B;�&#x1E;X�n�&#x17;��Li[	1s�&#xF;���&gt;�a��1&#x1B;3�&#x19;&#x1;!���&#x11;�HsC00E�7�m&#x2;�G5-&#x1F;/ľ5���ֺ����մT��RY�il8�b@l�Er��&#x15;����&#xB;&#xC;c�&#xE;w&#x2;��&#x8;�8��&#x17;Ɲ�u�Y7Q���igL&#x7;y7�3���`���a&#x1E;o,��AӢ��&#xF;�&amp;g����z�Ι�&#x1C;e4@R�jGo�&#x18;å��&#xF;&#x13;P�&#x1D;vgM�C���Y�nN�u˺��@&amp;_��&#x1F;��u.�854��������&#x15;&#x14;�7n&lt;�͕�_{3S&#x13;�ׄ�Q�I&gt;-&#x15;�Ψ���Km�%����q�C����w��5эg����&#x16;B&#x12;D��&#x11;�Rc�' ���/o}���W��&#x1E;����UL���$.�IO����&#x18;��E�P���gH�-v�&#x16;)�s8�5��&gt;�ad����&#xF;��].&#x2;��&#xE;L�'&#x1D;�Y�"P&#x2;A���[+�&amp;EQH�9�u�#&#x19;&#x1E;��ne�gb�&#xE;&#x13;&#x1F;&#x1C;�n&#x1D;�{�Z��n�M�[&#x1F;3���y&#xF;&#x12;��&#xE;|0&#x5;�P�6��M.��㴑zu&#x17;L&#x5;&#x5;�n�yԏ��5��-;�6=g;!�mKv-��a���.k�­}��^H��&#x19;��i��L=	n�ȼ�&#x17;V���I�vr�&amp;�s�O&#x17;/��3Z�&#x7;�V��&#x5;&#x5;��� w�	��&#x7;ѥ��C���&#x1C;���f�,/��&#x17;ꙩ
�&#x14;4�&#x1D;dzF�lk��)A�(���3s��7뙵&#xC;3�Txs�I�a�cU썎U��n�7�lW����A�Uу��]��޵�ԭ*:�l�&#x16;�Sݪ]D��&#x19;�~�a��;ӝ�m�{V��e��^oY���&#xC;��7����U�T=hZM��V]��O�M�ڴj�����&#x15;ɨ&#x5;�YT��&lt;�_#�%̉f&#x1D;l�H\&#xB;��'N쏁2ĉQ���&#x10;'ڇ@�a��&#x10;�C�L&#x6;�Qv�&lt;&#x8;j��0;�&lt;x_T&#x1E;&#xE;F�;b»�&amp;�U@��=�.&#x15;4�u|{�h!�m0��ٔ+�&#x1C;�xb)lM��#I��N���#�J�&#x1F;��7m�aʵ���w��9���	�'��-"G.R�~)��/;��1��:�1}_�Wu�&#x3;�&lt;&#xC;����w�}u�Q?��g�*�����E|i�L&gt;,�6�ş��b��_9��!&#x12;Ŝ�9���X&#x6;��`��F��)��&#x17;�c�GO��x�խT,�d�(�&#x6;��JI�U��t\0sPi�R���H.L��&#x10;&#x7;��&#x17;;&#x18;+'&#x6;&lt;H�R���`��&#xE;�͡X^z#�2&#x14;K&#x15;l&#xE;�b�#�ụ&#xE;�&#x2;��&#xF;�9��&#x1;w���`7&#x2;�&lt;̳��.��e&#x1D;eQW�n�gT&#x7;�x�&#x4;dD�ҕ�R&#x1A;Tu�&#x1E;&lt;C]�{B���&#x19;$�&#x13;�&#x5;�&#xB;&#xC;F�&#x14;T�F��&#x5;#X&#x1A;[c0�V�TY𔬠�:��ߌ&#x10;_:�&#x14;;��}A&#x19;	�ר�T�&gt;��v�kK�*^~�&#x12;,���%�.A&#x6;���W/ó&#x2;��VbE���J��\���
Q&#x2;�N�&#x2;V�&#x15;�&#x4;^�]T{r�%�E!/�&#x1E;�)����&#x2;&#x16;�&gt;Č�&#x1D;�&#xF;�{�&#x1C;1ÁQ�a���&#xC;��dSF&#x1C;&#x5;'����&#x8;z�#ւѺX���&#x17;�	rB?��W_X�1�R{%�Ab�%�'�tfR4�Q�9/#��R&#xC;��&#x12;&#x2;�ً��&#x17;oJ&#x8;�`�b�&#xF;^�΀&#x17;��o�'�&#x1;]\T&#x10;�#&#x17;�K7�&#x19;���&#xC;�]�\�����f�l�za������}������v&#x3;�&#x3;���&#x5;�?�5P&#x17;M��Z�?���^���6m�&#x1A;W!G���V��j�&#xB;�,�d[���˴��1=R��LpX���]��b��8�u#��Nq�&#x7;\�Ďy�b��ɯw�:8�zu
���ԫM6&#x7;.�d��Ǉ���l&lt;)�ʹ��(6�� v�&#x14;H&gt;�z��N�&#x1D;�./W&#x13;�&#x15;��W&#x13;�p]�c]M|���f9�Yz��뉦&#x7;���آv�POtCG��W.�;[߅v�&#x13;q��v��O&lt;���}�F7&#x4;B��W���E� \&amp;u ��e���&#x1A;��s:��)���&#x8;f.�!^�L&#xB;?���&#x3;�&#x16;~�L���w�m�(��w�g��[M���^���&gt;�u&#x13;?�����i�4m��x&#xB;&#x1A;�&#x4;��&#x12;x��HgVWҘQ^?&#x1F;&#x10;���9:M���iѶ���+l�q�[ج'��Ӕ�I�&#x15;&gt;�����N&#x1D;l,���4'��&#x1D;��N]2��N�~&#x3;:�&#x1;�z��[n����՞ɦ&#x16;2�i6u�r&#xC;���M�[�߰�9�ch�T&#xB;s&#x1A;�j�j���b���va&#x6;&#x17;�ɓ&#x12;�&#x18;]�Q��&#xF;&#xE;��&#x14;\��)�{c�v]{a
�+|a�a&#x16;�W�c�a0���m�yM�nDl�U��&#x1B;&#x5;�P�s1=	O���&#x7;��&#x12;B�V&gt;�&#x1D;/&#x17;�)d���!�\0\03HF�	&#x1A;%�N&#x19;�&#x15;�V&#x14;]aNV�\���N�&#x1B;Bis
*�����沉!�+�6WQ&#x1D;"_���U;&#x13;�da�ʴ6�6�cO_3��t��&amp;)��hm���Ze&#x18;���&#x12;�4���4ʜ�&#x14;&#x1B;�&#xC;����M��im����&#x18;V�Z��%X&#x1C;���f[(��l�B&#x1C;�&#x14;�G1��[67�����
&amp;���&#x18;��R�n\0(&#x10;{S8&#x16;�'E�	�2}��ٰH�0&amp;&#xB;�D�7�"c��&#xC;&#x1D;q�W��O&#x14;}^&lt;��v�Ǚ���
?g�5T~�.�X۽ȯ ��&#x4;=�6�t�&lt;�6��G6R��7��0Z&#x17;,�ؿm��mX�&#x5;��a��b�z�FD�&#x6;&#x6;�&#x4;�0�&#x10;�zD5� �d�U	S�1sRU�&#x1D;R&#xC;���D଀A�u4&#x15;�([�M61l��P':��&#x8;
�Zkb~&#x3;S��&#x1D;F�&amp;7L&#x8;��c�[&#xC;&#x1F;PX�L�&#x1;s�c�w���Ԑ�0��&#x1F;u�M^/��&amp;j&#x1A;9�&#xB;1F�%�"�kg"X�X&#x1F;��&#x12;Bod~$y&#x10;&#x1A;&#x3;
&#x19;&#x12; c�([ݙ��S&#x10;&lt;�ZU&#x10;�T��r.�f�lQ:�V�l5#�ʢ�����`&#xB;#S��U�!�R4�$V���J�&#x4;&#x12;�&gt;&#x11;&gt;��q;�&#x1A;��xw�&#x10;5��Aٓ�&#x1C;&#x16;&#x1F;iK��)�3�+�{@AU�&#xC;��-�&#x17;&#x1E;&#x1B;��Z��7�y&#x1F;%�W&#x1;�t�ۧ�.� ���\0��0�����M&#x8;&#x15;��&#x1D;6��4U���&#x1;�R��J&#x12;אZz��t�&amp;ߵUr�˾� 1�Oo�\0@�|?,P*�l]�&gt;��$�ӕ�&#x6;:�=�&#x19;��J�T-j�La�@z&#x8;��A̭�&#x13;�6��Vp�Nz𢄿�
:H���B&lt;����:��mx�F�&#x3;�C�w:'�j��l&#xF;8�&#x11;�&#x16;��&amp;P��ZOF�-�&#x1F;�&#xB;#!H�&#x16;&#xE;&#x6;���&#x18;&gt;~�"��o�b&#xC;��e&#x1F;&#x1F;t����h�@w��&#xC;�&amp;�7�&#x11;&#xE;&#x1A;�YKuX�\0n��5&#x1C;�&#x1E;&#x4;�\&#x12;�&#x5;�m-�c�?tÌ&#x6;1.kۆ�&#xC;ܙy�&amp;�^պu�M^�6��4�&#x1;��dn&#x2;����Y������&amp;un&#x1A;L�{�S���b����ֽ&#x1;+؀Ȝ�`&#x6;�.UW��VKV��ȦG`2&#x1B;b@P�C�1e&#xF;b��v�V�&#x5;_4$���F�DN�&#x16;��ѫSst9k^�&#xC;��&#xB;�	(��)�*����d�Dۗ=��:��El@F�_-��g������z�N|�eI~��x\0g�&#x1A;M~�a��1���ݶi�u���&#x1C;�����������R����&#x4;����&#x6;&#x1B;!��j&#x1C;�5I~&#x12;�~�$&#xE;'����H���&#x14;A����
����PjU&amp;(=$�_����Q��9cF�u&#x7;��y��&lt;�w3%-&#x17;G0�&#x1B;����r]��n���Iz&#x1B;��\03�����^���#��{{��jŽ��E&#x14;�P�R܋Q&#xB;z�����I�శ�������B4��0��k{v��d�/��&#x1D;vXV����h^��'i�&#xE;3�G&#x1;&#xB;� �ɪu宑�+&#x1B;�C+b��ł�[@�FE��M�&#x13;GE�E݊_]&#x11;ۮ��U�J&#x5;��RW9R��|.q\0�6�k7&#x15;��3&#x1C;S&#x12;C&#x1D;lm�T��ɪ���Ȟ�*2B&#x1;�&#x1C;&#x1D;U�
Y�s��N2&#x8;��%&#xF;U��&#x15;�&#xB;=��ן��H�&gt;,���&#x1F;�I&#x4;�&#xF;���(-�σ�{�&#xF;�oq&#x18;�p&#xB;�o�&#x12;�&amp;�ȹ-qM&#x12;���&amp;�T�ĕΰl�%3Ę���N�=��"2j�W�Bgw�V���{{�Akp�	�⾸&#xB;2��?�M�/&#x3;&#x8;_�/1E�"zp����		�#�ն4&#x5;����p�i"X�&#x4;wrm-䀶��'&#x18;MXk[XT&#xF;�&#x16;��&#xB;N&#x7;����&#x14;:����o��&#xC;&#x1E;d�w�v7��Z�&#x5;cPV/Oj[[01�����]��`�1�&#x14;�y�K}����IԪl�xɔ�rb[-&gt;ņM+.�U]�,��|�&#x13;ꟃ��Ϩ�Z�a?�%�(��7&#x5;�&#x17;J&#x15;�ۯ��&#xB;��N�P\0�lX�&#x16;��Ji]&#x19;k ������Z�3N]7&#x3;R��m�&#x14;ۮ&#x8;Лp�Qp{�yex�m0��S0O[�[Y�w&#x2;�WG�T�D�.&#xF;o���۳��O�o]&#x1F;�:���v��ಀܵ�&#x18;&#x18;\TD��%�s��cp�NN�Z"��P�b_i&#x8;�~q��^�����&gt;�&#x11;m&#x12;�=���$�=��1�MM؀&#x1D;���l&#x12;�u33c�=��&#x10;i&#x18;�/ҝ&#x10;ip&#x1A;�L�&#xB;&#x7;�
2uDKt�M|��i�zn��hPd��&#x1B;l*+���(v&#x7;}g*K3���i�2I$��@�:�&#x8;�|���}6�U)�F���Խ�+�&#x1B;�o����&#x3;�g��&lt;?�C���y
�q	;\0&#x17;&amp;(�(Xb�n�&#x2;�{�\0�P�Iu��j�R�m��I�&#x16;&#x7;�&#x13;��`&gt;x�	H��&#x14;�J&#x1A;&#x1B;��n��f����typ&#xB;�L��0�h8��b&#x5;&#x10;0&#x13;Ō�&#x2;�g�I�K6#n�&#x17;�&#x1E;&#x19;�=j˘דb�&#x3;&#x11;p
�8�b��	L���-�q�n��䳖F�20�&#x7;U&#x11;?��G�fZ�,�x��X��&#x16;��B$ݰ�So��&#x4;�\0�0\0�&#x3;W��CE��&#x1D;�i&#x19;o�5��&#x1A;�&#x11;=��$&#x12;�\nO8i&#x11;G��_(T���E�GA��&#x13;��䄏s��&#x3;"O#7&#x7;,&#x1B;�:�&#x8;��}����)&#x19;O&#x8;넦3&#x1A;&#x14;&#x12;݋��=dP&#x8;&#x1E;&#x1A;Ӹ�	���&#x5;�:3t�ʏĪ@&#x1B;�l���.�&#xB;{��8]O�&#x1E;O&#x1A;��Oyk����ku�[!8���R�u4���Lf��6&#x17;��^L�=�� ������\H�&#x19;��$9�k&#x1;#&#x1D;5j&#x4;T&gt;*��&#x1E;&#x7;��&#x15;&#x1;��&#x1C;&#x1C;
�L1���̼��l�,M"a�[�O|��&#x11;43�߷e&#xF;�&#x8;pl�&#x17;-�I�L�����vI&#x10;�&#xB;8��0&#x1D;Y &#x5;�nD�&#xB;f�lf�����sǻ,��!~��ۣ�Z�o+�Vo�B/�&#x1A;����&lt;e#I�_L�	�5�Q\��k��&gt;�6�8L��&gt;���6��_IW��U�\&#x14;X&#x1;&#xC;K	��^��&#x15;&#x7;��F���CՔs���~&#x1C;0z)U�]֏C�9�k�~��x&#x3;��&gt;f�&#x5;��z'�_ۏ#2mL&#x15;j�EK1\s?�&#x6;�P�D�f�v��}&#x1A;ט�3&lt;ų4�&#x1;M��a&#x13;&#x3;�����&#x1;�#�-~^�/�)�,˱eraY�)�|���.&#x14;���\0��j�&#xE;"Z��\hp��tc��&#x1C;vm4M�Q�r��&#x18;k��&#x1;��;&#x1D;t�{�׏�F�Yt�=]��&#x6;&#x14;��L�	8�&#xE;��/�2&#xB;I�-�z�'x&#xC;&#x1D;=-�y�&#x1E;v��U�n^���؆{89I��&#x16;����k��`&#x15;�&#x17;�l��f��!���³&#x14;��ȡ�:\f&#x6;y+�&#x19;����L&#x17;���Q�&#x12;�ba&#x19;Ƀ&#x1B;��&#xC;
�_�7�0�&#x13;]��-���n=�kWp4�t�&#x15;�&#xF;4=�
����PӍ��&#xF;�&#x14;�&#x1F;�&#x1;�����[(���
&#x11;���-,!R{NpM&#x13;GW���6�D��R���O�n�3�Ѕe�\۰�,;ް[?���Z�C&#x1B;&#x1A;�&#x5;K��&#x1D;?�P&#x10;K�0t�&#x17;��ɉ&amp;����6����64u|/ Y�?{��4ZV��&#x18;�f��&#x14;Z�|(�5�❇X&lt;`�I���.��٬sux&#x15;&#xC;�xs�_s���Rd`&#x4;Q��)X���^�ӮN|J��܄N|�L�&#x7;&lt;����*��-mx'���c�b&#x3;g�*���6�|�^�pf.w�׭I�7*V�\k�����K�w&#x5;�ʍW���&#x16;��X�(&lt;�r&#x1A;&#x1;�&#x11;�&#xF;F&amp;H&#x8;F�IrPa&#xC;&#x16;UPPA�&#x1E;\&#x6;1RI&#x19;[�U,y��&#xC;�LF	��_�{��&#x2;J��B�d�}�fҎ���&#x5;1�2)c&#xE;4e����OY�I�j��Sm��g}A�&#xC;���w9&#x10;v_2�&#x14;���&#x12;b�Ez0{���:�t���S&#x10;�,╢8�әJ&#x10;�!"wD��b&#x15;X�V�)Z���&#x17;z���&#x12;.&#x6;���5�&#x17;�G&#xF;��a�q��jNW�K}s�5p���᪮O&#x1E;S&#x1;�����&amp;��B��?��i���&#x14;&#x18;C�ٿ[�m��&lt;&#x19;&#x6;-Z&#x2;����8�#�SX�ؔ�&#x15;r�B�e��u�n�ď����;u�*�f� }&#x2;��vz0�G&#x12;�&#x1;5f&amp;�ɏ�p�4Ș�&#x10;i��&#xB;&lt;��{�Ә�������~�Yj�o�JQ&#x11;N&#x7;^��Q�v�.&#x3;=��s͎�{��&#xB;bK���&#x1A;&#x1C;�ӧ��(&#x1C;vz�r?�5_��T
G\�I�&#x11;�}�tm&#xF;�*����:+�/�Nq2��S0I}��R�fB�5a��&#x13;�;*Gz�?&#x3;�&#x1F;4sD&#x1E;�&#x1F;9r�Rn�o�H@wL6s�|&gt;���Б��M?�&#x6;�вk�}u&#x1A;��Hݟ��6&gt;�:˲�=W��_���ʫ��4_�*�Rn&#xB;�8�H�&#x6;�X���@�&#x1A;r|"���ޯpF1��3����W���W[&#x6;�H&#x13;Fo�u�+&#xE;���&#x1C;!

'Ln&#xB;N� ϟ�&#x13;h&#x1B;&#x16;&#x14;�P盦:&#x1F;�	}��&#x13;\��	�&gt;� �&gt;Ý7��&#xC;L0k��&#x13;|&#xB;� �ޛz"�]-ԡ.��}��&#x2;�]��]������K��뗧Z$w�&#x2;	^}�ӣ@��;&#x18;�&#x1A;&gt;���m���;�&#xE;+c�@�&#x1F;�&#x18;&#x1E;\a�ĥ�&#x18;�P�x��Ԯ:i&#x18;A�!i��&#x5;&#xC;�P]C#�r��&#x1C;��B&#x12;��&#x1D;�pgr�S��b�n��D ��&#x3;����v��j&#x18;ĭ�&#x1C;&#x1B;��g&#x13;V&#x15;}��p�ʾ{��^��I��kc�|C&#x1C;&#x19;&#x11;�wO�&#x16;V���.��o��gDU��4nw��&#x1B;&lt;m\����&#x18;�o�(z��8&#x5;D!J���D��?� ��C�R�M@�^���&#x7;&#x1E;�D0&#x14;èЄ�1�A	LL��&#x11;[��&#x10;�.j���3&#x10;�"9�&#x17;#&#x14;n�&#x1;&#x1D;^&#x18;�~�&#x2;�2�O�6&#x18;&#xB;g�"&#x18;Kꕯ��D����ܖ5�=&#x5;x�a�Pe���[x����zt=�em�d����s-[c&#x13;�&amp;ٚ���3�¿ʅ&#x1A;&#xE;ƖӺw&#x17;�6
�C&#x7;���&#x12;?�n&#xC;J�G��:�&#x18;�&#x7;&#xF;����$�$�P�f+F�����&amp;v���YK&#x1E;����;��&#x14;����AK&lt;�&#x7;Xa�9j\0&#x10;&#x19;&#x1C;���Cj�v�R'�v�댌�u���D&#x13;�ƀ&#x17;�&#x18;��&#xC;��*���2Q:�T0�'���%k&#xC;)f�DF��!�&#x13;&#x8;0&#xE;����Z�2_=�)�&#xF;�&gt;&#x2;�&lt;^��vn�$�h&gt;�F��&#x3;�yн�����ڻ1rCv���`�ǀ���P�S&#x1D;�����6C?|�w��c����%&#x12;&#xC;v�&#x7;Ƨ��˛�F��l�2���+�oUB�x3��{�I�=/�|�f�ҏ��&#x17;&#x3;=��&#x1F;g��&#x3;���n�4Mm�����
`F&#x1A;&#x1A;2�&#xB;�K��îm#.ͨB��&#x17;�7�f,�&#x3;�f�{p�&#x1B;;َ�7�&#xF;�n�Nv�.6���޼�!w���@�0�{�mƃ��&#x19;�C*|}�Ob����R7��h*Ւ}��G&#x3;䌢.&#xC;e�z&#xC;G�nL;�+'������1ј5&#x4;�9�&#x17;��#&#x10;�m�z�N�o�b��w�_ͯ�ɋg��s��&#xE;&#x1E;zn�!�'�$psn,Uv�!����&#x16;?���&#x4;u��Oߠ���ӳG��Tݥ&#x6;��]�(���d��&#xC;�P���M�s&#xB;:/�\0&#x1A;�&#x1F;&#x13;&#x14;�6fs&#x1F;=g˻�P�$�&#x8;��^66cJM�N&#x8;e��h�2&#xB;4�&gt;l&#x7;�;&#x5;z�&#x1F;�A��&gt;&#x19;���L�`���{&#x1; 6頂֢��+�&#x1B;�n���Ȕ�-&amp;��Z9�=&#x15;����X�&amp;L��&#x7;�슲��&#x1;�zP�&#x12;���bF0�a2����D���ΰ�i&amp;����Ǯ��\&#x1F;�^x���&#x1;�����|�fᢃ`�w��)�&#x6;�ޭ&#x18;����LX&#x11;�	�-&#xB;s�c&#x18;!D��a&#x8;��q�Ɨgrz�(2J&amp;s�&#x8;f�&#x18;}�Nִ����&lt;{���&#xF;��L���OWWi�_o&#x18;��ٯ��&#x1F;V��3&#x5;�Np�kՇ�Jժ���&lt;�T%��^&#x1;&#x2;^�$��j�j�\0��&#x5;��N%XD!��_�p�c��MZ)�&#x14;�&gt;��܈��K���|͠13&#xC;�&#x1C;��G&#xC;�&#x11;�oPg�H&#x1F;�5 &#x12;a"�*�$&#xC;&#x13;|��&#x1B;w:�w{\D���7���B�U:���oB�MG"�&#x7;���$��&#x1E;�ۃ��sK1��HJ��IQŚ�x�pX��3ٚ�L&gt;�ፋ���H��d��3Dz�i����ݸxy����Ń9&#x18;#�Һ�&#xC;&#x1C;��Hhx�խ[#M�&amp;���c7i���&#x19;��\��&#x6;�x-n&#x6;n���&#x7;��qod{��&#x1E;�&#x14;�&#x1D;uGn�m&gt;�?���&#xE;ɑ�&#x1D;&#x17;�
�C��
H���&#x1E;|F�&#x1E;���&#x7;&#xF;T&#x18;&#x14;�U��'J�sʹ�&#x11;��&#x19;��&#x3;�&#x2;�QsX��y�̟c��I�h'e-M&#x1A;&#x8;.&amp;,�&#x4;K'So
J&#x1B;xsj��&gt;�]AS�46���&#x18;d$��d�&#x8;⼩\�&#x19;�&#x1;0&#x2;.]'�-��c�M�2شBD����&#xF;&gt;ꩄ�.�!�&#x8;�&#x4;&#x3;��QM�\'|�&#x7;��h^���p�T�h�Ah(��4�&#x4;�K&#x12;�&gt;&#x14;}y�UK�6��JS��i�[����N�y1����k&#x6;�&#x1E;i�UI&#x1B;�R�&#xC;�9����&#x2;y��(j&#x1F;��i�48O/�UMX]U&gt;x���.��횰�jk}&#x18;n�V&#x14;&amp;�[�a�&#x8;jQX&#x1;����&#x1D;�&#x18;�.jT�ͼq[&#x1D;��ۼu���x�Djb��ا�1�&#x3;?o�����F�V�Z7|�e&#x15;�Z&#xC;�Õ&#x13;&amp;�7e71��֢%L3��j���gigEkǰ��Edi����aN�&#x16;�n�6;�Լ?��-�U����&#xE;&#x1A;�:v]g&#x13;��&#x1E;vJ|&#x1F;�Ғ&#xC;�&#x1;��`/��z&#x14;�\0&#xC;������.�#���&#x6;�&#x1E;&#x1B;�&#x10;4z&#x19;&#x2;F�!�&#x1D;�[L��h^I�C:�x�Sr��*a:�E��&#x1;&#x18;y&#xE;ۅ0ű:�h��҆k&amp;l&#x18;&#x13;#8���&#x13;��W6�l��l��Y�y�!w�m,P$޶���s��&#x15;�)����ԟ%7�]��&#x1A;�5&#x5;���&#x1;y&#x18;g{޵&#xF;A2F��Z�va_owGU\��n���r@��=�yVS3~�{'��&#x17;)j��?���Ҋ�0%&#x5;;B��Ψ�SB��@i�W�&#x10;՘�e�h��yW�Gb�N&#xE;&#x1B;��#&#x1B;!�&amp;'�N��|�(ٓS{&#xC;e&#x2;wj�h9P��&#x1E;��"&#x1A;4�:=ET&#x16;ô��E4���&#x1E;�&#x2;Nw��A$4D��\���[&#x3;g�,	�{�G3nN�`�hL&#x16;(}��	$�C�&#x19;�&#x19;���H&#x19;��&#x15;���&lt;h�&lt;V�&amp;���F�&#x10;�&#x1E;��K�?Ͼ�&#x8;�&#x8;`�����8ݜQKW�պ|]W�Z�nl�u6��&#x12;�����r�{w�&#x1F;�������ȍ�ɾe�o&#x17;��8U5��7�T�v|-;����Ϳd�&#x1F;��'�@l�&#x1B;A\0NT�&#x14;��+#&#x12;5P&#x17;��1&#xC;�+o&#x18;�-)?������\0&#x13;�6�H&#x10;�BB&#x11;��8?�J����F�v��L�&#x1;�P�i�2�Df�a�]&#x11;;�&#x1E;&lt;�&#x2;e�	�S&#x1A;&#xB;&#x16;��r&#x19;�h��D��p��;�&#x1B;Z'bs^F&#x1D;�V&#x13;�WP��&#xB;&#x18;&lt;���:��u��&#x5;���ʇ��nU&#x12;�-N&#x2;�S&#x1;��-��rh��#��ҳ!�x��&lt;���&#xB;]�&#x2;୥G�W�"k	&#x12;C����)R��m92��STO&#x3;�a�S�z&#x1A;$&#x4;�t��uF&#x1B;��d�R2&#x13;����K&#x5; �����و&#x13;p+�'̄�&#x10;-DOf6�IG�JÝ�0`�ԍ��j�Pz˄�&#x1E;|�&#x13;&#x13;�f@W�ڌWU2)&#x8;pb�&#x1;�&#x1A;i)��1�^`�������:UTi��&#x10;���&#x10;&#x6;��&#x18;�^i�TH�%��N&#x4;�&#x1E;P;&#x4;��wv��¦&#xC;��M�?^
3M&#x1;��r&#x1C;�&#x1B;�t8�t�&lt;�&#x1;��E:������&#xE;�5�'&#xC;&#x3;H�&#x1C;�&#x1B;&#x19;�Ax�3f�&amp;Hf��OP&#xE;&#x3;r&#x18;���-&#x14;�&#x6; &#xE;�J���*`Ǉ�@fS�mt�iX&#x17;��.:]��Ο��������&#x13;&#xF;�&#xE;&lt;��O�k�����&#xC;]$&#xC;�j&#x16;&#xC;��Nx�&#x1D;��.y��7E�&#x3;��&#x18;L���&#x14;Ñ̐����]ީ&#x10;����0%�U�a*&#x3;�٤
����:L)f&#x19;�&#x3;�f�h0&#x1D;&#x3;���&#x1A;#�&#xF;RW��R:��FRc�=��&#x12;�c����U�&lt;�J�7]��r��T�&#x7;]�#�5&#xE;�c�\�&#x10;&#xF;�&#x18;��ͥ�&#x1E; �&#x1F;�W3��&#x19;s&#x7;)θ������&#x1A;�z�����Q�'���.���]&#x12;6��,�KO�|�
�d�ua&#x2;�$��}�Pa]&#x1C;]0����Qv�E��9$&#x18;:�P_�&#x1A;��&#x12;KS��������s��&#x8;�u��zﵠX&#x5;-$��&#x7;e��dLU�F�]It2qN&#x1B;�ɸu��0�IpO��&#xB;&#x1;�&#x19;�r��gi�-93O�\&#x16;@ߏ*���H-��O��*&#x1F;V�y��\�r(���a�F�9:�@���b�-���'�֔��T�Q6&#x17;v&#x4;�#�&#x7;�x&#x6;3��&gt;��.�!0�!I_�74n2uj�W�S�V�U�!�&#x15;&#x4;��(jO��D��x�U�@ң��[g+X&#x15;�?&#x1C;Y&#x11;1&#x1D;�s&#x1F;߼9��MNwm�ė�&#xE;�6��QbN�N)+�VN&#x17;m�;�)$b|&#x10;&#x5;D�oR�&#x13;����&#xE;���&#x1E;�?�4&#x2;J&#x4;I(0z�G�s��&#x15;8�L�
�=:�Q�&#x4;2�O���7�3̒E�kR����Ƕ�ŜO5`\nK����/�@��&#x16;�Fh�&#x1D;�@��ˎ�e(I��&#x1E;M��e�JA&#x10;Kwd�r
۶�Ԩwh&#x16;�&#x3;ǹF&#xF;��(k����&#x13;���()&#x3;�&#x7;VR&#x18;iASD��&#x16;��r��7"�a`F��ĳտ&#x5;{&#x19;���J�&#x13;�k'�@a��i��u�!�N�&#x1A;������=�"�U&#x15;��&#x17;�?��&#x18;�~ㄸ�T�g&amp;&#x1A;�	qB����Zf9u�$c&#x17;.�ϙ&#xE;4����&#xB;����&#x1A;�m���j��{��&lt;ZXGs&#x11;�&#x16;O3+2Z&#x2;�P�&#x1F;L��YQ]vȻ&#x13;Mc�� �{8|���3ԕ
I�)������&#x15;�;;�9I$\��~:�&#xC;J�P�:{�C��7H��&#x6;&#x4;}���&#x10;?0&#x1;�R�Q��bhҨi�&#x3;&gt;&#x3;&#x3;J&#x10;&#x11;�ms&#x12;�&lt;�{�K�	[��W,�G����L�r����4]D2,�6���+��(ˠ�ǆ&#x2;�f�&#x1D;�&#x1D;�Ē&#x5;D	�%�τb4�5�&#x1F;&#xC;�J��ُ��Z^�&#x1C;���.K�Gd&#x17;�&#x15;�)�z&#x1E;���P+73y�\�dq�Kb&#x4;�&#x1F;{f�&#x1C;�&#x12;�5&#x1;?u�C�D���ful�&#x1D;fE�3�E!;&#x4; &#x1;�#��&#xE;ҧu��� X�&#x16;�A�&#xE;�&lt;||&#x7;iKb&#x1B;|&#x7;�D��&#xE;.��;�&gt;&#x1;󋗹�&#x14;���&#x8;&#x17;
&#x8;2�uEH�&#x6;&#x17;&#xF;�&#xE;+�f�d�h�&#xE;q�l�:d8
蚀PʉH
��4��1&#x19;/&#x4;8L��}@��E�r%ρQ�&#x13;b�e�`&#xE;Zє����[&#xE;�mşܶ���=E�&#x17;��t[��N�
עϸ&#x13;|&#x1E;�:&#x19;�Ӽ��F�&gt;&gt;#&#x2;��9&#x11;h ��kAV^g(լA�&#x6;&amp;�=T�&#x19;)�|���H�����GJ�k&#x13;%X&#x1E;&#x8;&gt;)���Չ��Cy�&#x19;���R&#x1C;�L��ȵ�;E�iw�[]oHu��m@�:�8�MM�����`���R�x=��&#x17;&#x6;&#x13;��z&amp;TQ��"u�=��B�UD����IyVg4�*�/P�*�Y��c���&#x18;&#x1F;��B⋮��&#x14;&#x17;�q�:��&#x15;�7�I��)B�Ңz,�imS&lt;�ђ�(&#x1D;�&#xF;7�&#x1E;K�Er&#xE;���|b�&#x10;=�4/j�o	�����k���u�[����-#&#x1;1�&#x7;�&#x1D;�b�{��|&#x4;��&#x3;�/D��떒|&amp;�S&#x17;�&#x1F;C����L���e��G�3a���r�3=_�&#x16;zA*��P�#�b(y]*t5���T�&gt;1�Y�&amp;�K�_-&#x14;��&#x1E;��:��K�yk&#x8;T&#x8;g�ܔ��&#x12;�2��d�"��f&lt;���*)=	7	�!��X�{�\�/��(&#x16;�ɼEA��
h���X&#x15;�fA-�X5+�&#xE;&amp;��&#xF;HX&#xF;�s�]�B8��.�5�Qbl&#xE;}��|���)gE&#x8;g�K�,���mn&#x12;0&gt;[Gbm���h��&#x1B;nV-&#xE;&gt;p˕���n"�XcĈ�m&#x1A;&#x1C;&#x1F;�3�䋢����T�{�7@�6�5X��K��D&#x1B;ی�&#x19;���󇡢����7\0J��z=c�r�J�&#xE;&#x10;��c�&#x1C;�&#x1B;�%�&#x11;�m��f����6��&#x16;A	Z3�R9�^�Z�&#x13;Τwu�9�?���\g.8(�Ӊ�&#x1C;��Mm�6�6,��&#x13;�{*8ȮS�&#x7;��h�:��{����t�������&#xB;�&#x8;&#xF;�{��F�v&#xF;�&#x4;��&#x4;&#x3;�&#xB;��&#x7;��&#x1F;&#x8;X.������B-.&#x10;	�&#x1A;�s&#xF;��&#x6;�KQ~�4�g���7�&#x1E;i&#x10;լ�bH9��F�h&#x1A;l|F��a�&#x4;ga��ƿ&#x1B;uE�s��,�=�I�ji!yн��&#x11;�M:YĞp��c�o8qUK���洕����M�5&amp;'�/&#x1F;b��V��&#x1C;���N2h�&#x1D;=6�mlJ&amp;n�r�*���	R��O���S��4s��&#xF;�hH&#x6;�DL}4�&gt;C"넇g��N�����k��Ho&#x1E;�強$�d�`�#���׆��/{t�
��l ;��NpU&#x2;�0+@��'�$�׆&#x3;�?{o�c��d�&gt;���B?��#Q&#x14;E&#x1;�&#xF;v�°Qc&#x1B;�����︁�&gt;�9=���7EƊ&#x8;J&#x14;EQڙY���&gt;&#x19;�ڹ��D&#x5;#V�X&#x11;Rd���p ]�&#x7;�S��a2�*
̆1�N�&#x7;=&#x19;(�ȥ�v@&#x1;��&#x12;?�&#x2;&#x16;�e��&amp;�q�c&#xE;��H&#x1A;���X$��D��z�"&#x19;Ma�썎�Y#3&#x13;%�&#x6;���&#x1F;���&#x8;���&#x12;&#x13;�xv�j�&#x19;&#x1E;&#x1F;�W��^����j[�Sl��28�n��t�V��i&#x1F;�z˓V�[�����b&#x11;�؃��&amp;p��&#x13;���\#,�&#x7;&#x3;W�M�)8��&#x3;W&#x19;&#x17;O�b7���\���V��)�.k&#x11;򳼒Eja8Ak�&#x6;&#x15;&#x7;o�_�y�t�#�Lw��.��o�&#x1C;�=/搅�&#x18;��Qs(+8\Qsp�_�G&#x2;E^z�&#x2;�l�LT&#x1D;&#x18;�y|&amp;-����e����*&gt;&lt;&#x16;�g&#x1F;&#x1E;&#x8;o&#x16;�M�;)&#x16;I|���~�=�OM&#x17;�D��:V9&#x1;�V�E�}{�h&#x11;��&#x1A;&#x1D;�;�&#x16;�Y�O�C��j\6YoZYGc�uԅ&#x1B;�M{-�&lt;���&#x1;�&gt;�\)��&#xB;&#x15;�3�'&#x10;&#x15;�&#x16;�g
YFCV�Hk�jC��&#x18;�`%&gt;	o��Z���{����&#xC;�p&#xF;&#x5;&#x1;V�&lt;a�ʮ�&#x8;&#x3;M�

��_&#xF;&#x18;&#x15;&#x3;L&#x5;�j�X&#x3;��W%�(�U�F�&#x10;�&amp;Ȕ����%\0���	:R����&#x16;�W�}0R&#x15;{AX���GS�V��)AU��%��&#x19;}&lt;&#x4;�	Je�M �Rez�5�H2���R���,���*&#x17;��v�u�~�P�&#x1;A&#x17;w7����&lt;������*/5
7�V���3�E��w��(��O�����q&#x1C;&#xE;?o��͈&#x14;v��ne&lt;\0�;��Ƕ&#x14;��9�����J����98��J&#x14;��̙�S̍���&#x6;�䍫�ޛ�{���e�g�ݻ&#x13;-&#x14;ɽ*:�)���{&#x15;ny�ߛ	��&#x10;�"�w�һf����G�{&#x13;M?�!�&#x16;�˧�{3T�=~oҐR&#x15;ڠ��9Y���&#x5;��UTڣ��8!�&#x2;�cT)ƋG�k&#x16;&#x1A;'��wpbwvm�&#x1B;?/I&#x18;����&amp;u*�&gt;g�&#x6;��&#x11;Z��LbWQ&#x14;&#x7;��磄&#x3;WH��xU����G���&#x13;k�����Y%	&#xC;�����q�D&#x11;N�a��;R�&#x12;&#x16;]&#x1A;G&#xB;-',��ʙ���Y��{�v�esյ�#���ڙͪk���];���&lt;:Ԩ3&#x18;4��ԍ&#x1E;^#v�D�i�	�He򫦝&#x11;k��k�g��u�M;��l�UO��&#x18;�V�P�I�v���g&#x8;��&#x19;�&#x5;&#x1D;��M;c&#x1F;!��A �i��&#x15;A��N�3����&#x1D;rу��l.z��-&#xF;�6&#x1E;��C]�l=��VLF�\�&#x1F;���� �y�&#x3;�r��O��&#x1A;E��Ne����s�U�p�1gv&#x1D;�&#x14;���o&#x15;����]���S�8�7&#x1C;�+7&#x1C;�m"&#x1A;�Vmm@:כM��f��m��D�B&#x10;&#xF;v��`L���&#xE;��klc�"��ow&#x18;�3;L&#xC;��z��]�fuLn؁1�7-�l��l���*�&#x1D;��hD9�И�l�Ȅ��"&#x13;$� &#x7;��B�E&amp;��,2!��7kL`}��M&lt;KcBd��&#x11;������&#x7;+q���s#&#x3;y,&#xB;��Qd�-�&#x16;F=wt����g�Ϊ��&#x14;^V&#x18;��Ñ&#x1F;&#x1F;0:�j�͑&#x7;��T9&#x18;��E�&#x11;�%�&#x5;{W��*/��&#x11;VJ���q8g�⮽�&#x13;7�5�9&#x1A;��]�7w&#xC;ݽ8�k�HMS|���t���`X�q�����&#x13;�����r�H?�����&#x1E;Tf�Gs&#xF;��]�}N�&#xB;&#x7;���]󶍻&#x13;&#x1E;�L�;�h���&#x1;h6&#x14;�|=��֊&#x6;D��kE��ݸ!aM�zk1&#x3;�&#x2;śMbõL��Sk=�Z�&#x1F;+�+�W��TBw&#xE;�3&#xC;̲V왟�IM��(����Ƭ�1�(���q�t�YL[�ت:�LM&#xC;�/茔�&#x10;l�sv&lt;���H&#x1A;���+&#x4;&#x5;\0�[geS0&#x18;���ؔ&#x14;�t=&amp;^_��&#x1F;:^}�dqx�R&#x8;&#x1B;�&#xF;G�8�	Ù9�e&#x12;5��O&#x1B;|&#xC;뚣Ʋx�=�&#x17;�ӇB	wQ�A�^�z5(�އ_�&#x8;J&#xB;A�n��ɠ�.���8oc��&#x8;1i+Qܖ��q\&#x1C;���s7Qܷ�xt�Eo�|�:�}��DE3Q}��Ζ冦8J�K|_�����mE�&#x12;M?,׮�t��V��'e�n��f���T�ꋵ���&#x1A;��O����'&#x14;&#x1E;��£IC�t$��&#x16;
ǺЬl����&#x1F;&#x1F;&#x1A;
{��=&#x7;�&#x1E;q�b&#x18;&lt;�S�df�*n�&gt;,&#xE;o�:!��ۻ�ρ�&#x1B;��kU�7G�*��\�G�8-ȧr͡���̝�U�O�53!O��k��sU�=�f�R�g&#x4;�=՚��R3p��fsu�}~;��c�mVB�����T�%�k'�ck�����V&amp;���pX�?&#x6;�
�1��=�&#x12;ȝ/����!y�NZ[NqQ��i-��1y&#x1D;�^Z�&#x15;&#x1;��&#x14;�q�&#x1F;髡T�&#x12;[�Ng��&amp;�x,\0{�&#x6;�m������&#xF;���Nbkmb���Af�3&#x8;&#x19;]f�2m��&#x3;�{R&#x1C;&gt;����nr�v��Z��y���`�&#x10;+R�.b;Z�f��]j�&#xC;�N��
�5����&#x18;-�!��pۙ$u��Ni&#x15;���~%��8&amp;����m&#x19;��,���&#xF;���Kb�&#x15;�}�c&#x13;ӕk��y�&#x15;��A�}��#;ޮ�ʱ0��Wz�LB�R��3	E���
Jy&#x12;�C�:9�&#x10;∜%ڳS	u�"����&#x1C;&#xB;@h�f*!�g�S	1�04����&lt;�&#x7;�������$�%�f$=���ơ��&#x14;��J&#x2;�6�)KK��~�o߻&lt;&#xB;̄�R&#x1D;�n�;_��ɡ�Ķ�=����&#x13;�wm�^��3�&#x1;�mu1&#x13;��� &#x3;=�zT^&#x8;j��ZƄjE���B��&lt;(S詓�M�&#xC;���[�&#x17;T��지�z�&#x14;&#x2;&amp;B��&#x1A;��~H�&#x17;&#x1F;�����52�&#x12;��c�(��T�mܷ�P�('5zG�Om���$&#x8;΃�[��u^�(�&gt;9&#x15;��~&#x19;���I&#x1F;5�-łan|�M��&#x1C;��X�Bly��L�&#x1C;�У`M� \f�jO��#ƺd��&#xE;S�A�&#x3;7�(z�*&#x13;%&#x11;S�c��\&#x12;�&#x1B;��X��t&#x8;&#x19;p�i&#x15;d�F�&#x2;��d�W���6~���4:���fІb3�c&#x1B;�T�Ҵ���7�&#xC;��w����¬&#x1A;��H�]&#x1E;�whTӪ�iC�E��)x\�Na'	-&#x14;ݣ�m+�L�A�c=%G��P��I�'srF%���5�a�#��xʪcm3(G&#x1;��2H$x&#x3;�L�&#x18;=O&#x1A;&#x1D;5�b��V&gt;�$&#x1F;UnR�J��,'�KU|�wt1&#x1C;.#ߦ�0FZ�&#x1;MK�m��R]�Q�&#xE;��c^zM�;᥽Im����bt���\0��wUq|%���'Q�`"6d&#x1A;:D�-�)k1&#xC;�'�UE�e�b&#x18;S,yۡ����ڰ�Kc+�Ҷ46�)�K�H2��Ҙ$�J5S��&#x11;&#x15;=��\]&#x1A;&gt;܆ꥱM&#xF;�&#x1C;����7�j{���O����ik�i���&#x8;�;��&#x18;&#x10;=��&#x17;z1��&#x13;&#x8;�j�U��&#xF;xx�&#x6;�kH���\0��kx�:i�����^�w��wG����ƪF��&#x15;�=��
L��&#x1A;%��^�QBA�a3�]��V�'AB�R~� ��
$�D�K ��&#x19;�p2m ��"W�&#x16;$L&#x16;b�a����&#xE;�ǐɄ&#x3;.�*"�CU2Q���c��w^^Խ˔���3��nS9�u=���/&#x10;R���d�d��{��&#xE;G�3�6)&#x4;:�!~;�H��cB�&#x13;�&#x2;��vu&amp;J��.B4Ç���^&#x1B;{��,,Z�#��L&#x17;+�(^�����(��l&#x19;��&#x12;;悔�&#xB;m������&#x13;D�R�&#xB;�c\#-�:�E&#x8;�%��:����������䛬B��3�6}��Ԗ`�� 6x�&#x7;6��=��&#x17;�
���&#x13;�Ĝ&#x14;'&#x2;&lt;�&#xC;'�2%B(&#x10;���&#xE;��z�ǵo.a*J�L&#x10;����&gt;��,�&#x1A;ᓔ���.��]�'
�d��&lt;�;u�&#x1B;�Rjƛ�ވE�ю�&#x19;��&#x1B;�&#x19;����urW�(%+�����?Ifz�\0�&#x19;�&#x13;�|T�sq�����E�^�t��&#xF;Z&#xB;냣=8�==8{���&#x5;}`��`&#xC;�&lt;�`e��E_l[܎hT\mŽ�z�����3\m'~&#x8;&#x18;	��ǉ�E�&#x1B;�&#xC;�	[[�&#x11;MV���ޅ��&amp;�I/�Q�nh��&#x3;�&#xB;�ؼ��,s���s&#x1B;?r0��K�:�&#x1D;P�C�&#xF;&#x7;vN��7�=�=�aV?%r�&#x1E;�D�����gt��.�gV$���j�J�'#���&#x11;Β&#x4;�U���U�f�=�C��uub�gi��F��Z^}&#x6;�\0��^�C_���=&amp;�&lt;�#n&#x6;O�=z٫3�&#x7;HR\0&gt;��XDS�&#x2;����qxi�=��X���)[x4V�Vܤ�'��U�&#x1F;�ѰTBx4k	n�&#xC;ͣ&#x1;u&#x6;Ę&#x13;&lt;�dܠ�(Y��.�f5%X5&#x15;��4H3)�%le.1kRZ�.�&amp;�X&#x16;n�b�t^�]�&gt;&#x7;��&#x5;WZͨ�A&#x1D;J����U6&#x1E;��R=GZ�&#xF;5	}٪ @uoMF���Se�I��&#xC;�&#x14;S�i�&#x1A;6
&#x1C;��^�t�RF&#x15;F�&#x19;��r���2
�&amp;r^0���&#x16;m[�J�=�f2�"��0��&#x7;&#xF;�щ��lΧ&amp;@2Q{��2rp(�(�&#x13;B�&#x15;��#q�{r/���-$%�����l&#xB;�=Z2��H�e�C�~hU�;Ѐ�l[����������~���ۢ&#x17;�³����b����\V��C,#6�&#xF;�~���e1��'&amp;�&#x13;h�f&#x1E;"���sI�rHȎM�s��T&#xE;Q��i]��P&#x19;ˑ�&#x13;/Ia:�Kcj1̚\B,ݦ����rt[��c3���&#xC;�Z�����T&#xE;���&#xB;&#xF;�ƴ���&#x1C;N���%&#x1F;n�wˇ��&#x7;æ�l�6M&#x5;&#x6;�(��&#x16;�;]0���^^�&#x19;�Q��RV���� 7ްN.����)���&#x6;&#x6;�^ӄY�&#x16;&#x1;A�&#x19;C�p"�X˯��JX���Ji&#x17;&#x12;kȡp�\��v�hbi���&#x1C;h�n�:7&#xE;Iӏ��)i&#xC;�I��x���9�&#x1D;,Z*q:\w�\&#xE;\&#x15;+A�ґ!&#x1A;&#x13;YLr[����68���ъuKx�q5�O��Ґ����3�a�&#xB;	߽&#x13;&#x12;�u��&#x13;&#x12;ց�fB�ϫ�Ob��|&#x4;�\0&#x14;&#x1F;��}��GXE~����o&#x13;�h�&lt;�@C&#xC;�Fߦh�݊:m�����T	��&#x12;�t4�$�T��I�i�А+&#x13;����џS�+&#xE;&#x13;��X���:�Q�
#ڟ�h�&#x11;e�7�N�r|#ǟ&#x16;P���Fe�2��O�o���,G���&#xF;&#x1E;�&#x18;*(��Ə�ਘ�G&#x13;&#x1C;S&#x11;��.i&#x1B;Z�Ʒ&#xB;w��^��q���Tnz���kw�KO|��v�&#x13;6�+JO�&#x3;i��&#xE;Io/4�&#xE;84����o�˾�&#x4;�
Vg�J&#xE;���k��&#x1B;�U8&#x6;��Qb��&#xE;�&#xF;�&amp;ejj�'랚G�D���I�b�}������ئ�bUh�AB,����R6�g|`GE��&#x1C;��*�&#xE;Y&#x1D;K&#x7;g&#x15;�!��&#x1B;�T�5�p�,�̊dh�ehpf,��u�E&#x1F;��U&#x12;fJ!&#x17;�@/4�_LB04��'j�	�&#x17;�R�k;&#x4;&#x2;&#xB;V�&#x4;��U��q��M���Nl~��8_�\0&#x1D;1s&#x15;�bZ1s���[?&#xF;��l&#x18;�Qv�&#xC;���Y�t���-b�bKgA�����0��^.&lt;:G�+&gt;�&#x5;]&#x13;��Ѝ�B&#x10;&#x3;��l� ��p?e)�kA6�&#x18;�(&#x1B;�G�g��hZd&#x12;�n6�1��w�⽍{��b6q�H�\0&#x1D;��&#x6;�&#x11;�&#x19;��0�e3&#xE;LA2&amp;���*�@�`�&#xB;����6b3c����0Aa�NO��&#x1E;�}c�Sx?A��U�X&#x1;��o)\��T����b�m;j�7��{+&#x6;��&#x18;=服&#x15;i��!�P�w&#x8;�&#x5;M��&#x1;;��&#xC;�+E&#x1A;/~�Kt�&#x10;�&#xB;��֯�&#x10;Ц��&#x12;&#x1B;ˤ&#x4;�h6�X.&lt;s�&#x7;iyC�F1&#x2;�&#x10; #�M&#x1D;\0'0Rj�&#x16;�Y�͂�&#x1E;
����&amp;�&#xB;���y�&#xF;�N�&#x1F;,����&#x1D;¸���]&#xE;�C�c�K�&#x1A;��'0�L!�����_��&#x17;`b+Xg\$��h&#x15;m&#x7;0R&#x1A;�c�'��*����O,"�&lt;3��&#x1C;K�K/T|����҃��rl�&#x10;��b_&#x10;�E��R[b�&#x8;2�TC�q�v���D yY��Fw/2J&#x1E;�&#x1C;�jA�?~������O��=&#x1D;�1�y���)􀍨`R̀p��?&#x6;���r�F�����W��
褰���V���&#x11;�&#x14;(�&#x1C;l&#xB;�&#x13;8��OY&#x7;&#x2;�&#x3;�|�&#x7;�b&#x13;Q&#xF;�2�͑���&#x18;H%&#x3;o�*&lt;�׏��1�&#x1C;p�&#x3;jҝ&#xC;f&#x7;ώ"��5�n+&lt;�&#x1B;�p�4�&#x5;�{\���&#xC;�&#x12;[�1U�� F	�'f������֔��v&gt;�&#xB;&#x1E;�������,NA�A�ҳ\0��;�$&#x1;&#x1D;՛�[��+�@�Z�&#x6;�ܒ%fڒ�˸�G]KVo�%�Z���&#x17;H�ؔ۲�?����ՙ��ԍGn&#x12;q�omnB�Jtz'��?��]��j�&#xB;�&#x1D;"�f��׭�(׽*p�*�ɭmN4�!-DB�&#x1E;���m��&amp;u�W��4��&#xF;o��,��&#xE;=&amp;�;�&#x15;t��X�&#xF;"3&#x4;B��+(
&#x1C;�&#x1A;1!��&#x8;�&#x17;&#x1E;�N��y4r&#x8;s�q�:��#f#&#x1B;�L�Uy3�(�z}be&#x11;��}-β��9&#x1C;̱��&#x16;���&amp;^��&#xF;�_��&#x15;�&#x1C;�&#x13;�ۜZ�L཮��Cm/\�Uԭ��T`�\0�T���3&#x12;SU�ˎZ�.�&#x1F;�����z����&#x1;k��~&#xF;�&#xB;�Ⱥian�(
5a�?�B�W&#x14;2����d&#x16;����Z ��T�M��q$��=m�J&amp;��k���x��?Ƅ]�9hb�&#x17;���$3c%���螔�Ik�%g���i��Y&#x1A;&#x11;T�g""&#x10;�k&#x11;�&#x16;}C�Q��j��4�0iT�w��a��:�f ��5&#x4;�`�V�,�p&#x12;Ĩ�\Ѵ�M�nP��V�NB�#:��,&#x12;bJ2�\04K�&gt;ܬ;&#x1B;�&#x7;����+�=�D��MΜ&#x14;9&#x14;-
�B6�h�r�"&#xC;e���&lt;g��"Ԓ&#x1E;�塮�p6ڠ�ר��&#x15;���%�jmJ�+?q��G&#x5;��&#x15;��W�Z�~K%(�&#x4;&#x5;&#x1B;x���&#x4;���9JP&gt;&#x11;o�&#x5;�d��S�O��rjIkˇm�w2�!����/Nj1�o�J��&#xB;&#x14;�+�&#x1C;���8���4�מ/�@*
&#xC;�&amp;�gl&#x16;��&#xB;�#�F�t�A��}&#x15;�@u��Lc&#x1;�{`o| ��84�������e�Fx!��0�Z�&#x5;&#x1F;B����q�������Uu5�6�wSx�&#x1C;����~v�&#x13;ט&#x1D;�'�&gt;�&#x15;n=�'�d�@7�ᬟچ&#xB;)�KEK&#x6;���i3��l�E~�Oc���&#x1E;VZ.
3~.�\&#xC;�9�-β��.j`4о�2���V���4&#x11;�OO�Ϥ�ˋ��Uwb�(��&#x19;/��7C�6F+�.&#x12;���1�]��'�z6�M���+aS\+�1Η��+�j&#x6;pG���H&gt;�"�&#x15;��&#x19;w�&#x1E;�Q@�wQ���&#x3;�Ԕ[�b3����o���i{&#x7;��Ʋ��w�q��ﾙcrJ�h��}0�s?'t&#x14;dS����\0|��Ѥ�\&#x1C;��ix�8����ں�x�ml`��&#x1E;��.we~ӗ�@]c�W���j�	Y&#x4;W�y)0�^�&#x1B;-&#x1F;=��Xˇ��&#x14;�&#xF;�&#xE;�ޓ�&#x19;�D�aR&gt;��/)�$cȻ�O&#x1F;A�S�i�@&#x1E;�&#x3;��A&#x10;p5����l�^�A�&#x3;.��e[�`&#x1A;�2��A	Ȫ&#x18;=&#x14;��������+�6*�&#x1E;��:����*\0&#x1F;&#xC;&#x7;�Ia�J@�
�{�&#x1C;�ǇK����&#x16;�jy�lm\0��&#x3;�&amp;o��&#x16;i
�3�&#x14;j���K��&#x12;&#x8;��r&#x1;��&amp;��"�)Q�&#x17;֢P&#x1D;3&#x7;�&#x14;R�&#x1;:��R�!�Ig&#x15;/���&#x14;&#x10;�u�s�l&#x1E;IR��HR�y1�O�Oڤ'`���(Ia�"��X�B�P�+RX�d&#x14;�kI�0&#x1A;�+j
+��&#x3;a���)�A���O��(~�
S(�}O�b��T�n&#x13;�a�i+���ng��wG����C&#x1E;�T�}
;9�ͼtBպ�M�&gt;&#x1E;��Ǌ�dN��V�̪&lt;\0&#x18;�����&#x1C;�̸;���� �eW����&#x1;k&#xF;+&#x3;�Ba`�&#x1E;��j&#x1D;��d�U&#x1C;����ZU��?�mmǺ�p[v&lt;���'&#x1B;�3&#x15;v��8���ɳ;�&#x10;�28ⵁ���B�z�żk���&gt;�&#x5;S��P�VR&#x1D;jIOǾz��O(s�v��BCi r�l�e�eӻ�&#x15;C?	��Ѫ���G�z!�j�h&#x7;`�-�5p&#x17;���*#&#x19;�R�����sxb���Nd��?9�ᛛ7/��9t&#x3;���m馬��y��tz�&#x2;�k&#x5;����~�F��2ݟPZV���!�&#xC;(�|�"��ɮ@V���.�Z7���Q��攖&#x4;+��S�p�&amp;�&#x10;�&#x1E;��R�C��uxY7�F'����̷j&amp;d{Ь�z��&#x8;9�&#x6;���l&#xE;����ư&#x12;�饹(Q��v&#x11;&gt;^���%HAk^�\k��t�%�����&#x1F;�q*�&#xB;��1s�u\0)5��&#x1D;�&#x6;qȷ��N��&#x3;B�.�&#x14;'A&#x17;&#xE;q�W�'&#x13;7&#x2;�)�gqR&#xB;
�h����S�!b=�\"�q&#x13;&lt;��&#x1D;\0�Oc�&#x12;���&#xB;#&#x1;{F�&#x15; ����-&amp;y?&#xE;�&#x3;&#x1F;5l%�[i��n�V}���~-=&#x1F;�دբA��ǔi�{"dwvkm����E�&#x15;�T�V�@vV�o�㺾&#x1A;�ʚΘ�&#x10;w2:ĝ�:�M��rx�&#xB;s9�@h�&#x2;ݛ�[%���&amp;G�msh���k�iixH[�:-:vR=��#�D����ek����t��&#x12;�� C�&#x1E;�&#x1F;�oy&#x1F;���L����`=�b�]&#x10;]�&#x1;10ڒt@L�&#x4;�&#x14;�&#x1E;�U�ԁ��[�&#x1;¯���w3iz&#x18;&#x1C;����8#%&#x7;B��胈��cl�(�&#x3;*Õ}&#x10;�ɪW�	!�N�d� 9v&#x15;2�&#x11;b&#x1D;����4B�h'�ЎU�+&#xF;&amp;�^�&#x3;9�-&#x1E;��&#x4;&#x1A;��FaB~�D"� u�^+[I�we,�.�m3&#x1B;M�b?�&#x6;�2&#x13;	&#x12;C��&#x12;$&#x3;&#x16;�S5H&#x1C;L*=0��WR�L��Ȑ&#x18;AX�*$������M&#x13;F7�5�&#x1D;�K�&#x11;�j-��9n��A׸�]�kT�|u?�!�&#x15;��R&#x1B;�&#x8;�&amp;���e3&#x8;�&#x16;��*p����\ӆ���&amp;�ل�&#x5;��&#x3;ʇꞐ]S�eD;"]��$�&#x16; W�\�	o&#x4;�(f�ƽ.gD�&#x8;8g&amp;o�)F��&#x1;�&#xE;�_d@!jF�Y:8&#xF;�Y�hD\0&#x14;@�|2�f|_M�&lt;A��������3x�[O��ПJ�2]%�f�a�����C��&#xC;&#x1;��u��g&#x4;��.&#xF;���&#x7;&#x6;%S�ן�&#x3;_&#x19;�P��W&#x7;9��\�MS&#x1C;�&#x1D;�Z&gt;~�&#x1F;���Dg���&#x12;���]�&#x8;&#xF;!�Y&#xF;V-x(�oF�&#x13;���wĘ���@���^�&#x1A;/�D&#x11;�&#xB;�S��2j�(&#x19;
L�&#x1;&#xF;�Jz(&#x11;p9&#x1B;�V�_�k&#x15;p��&#x1D;^�&#x8;��T&#x3;\�g���&#x11;4�W�&#x1A;:9�O&#x5;��[X�^��+,&#x17;L��"�B�i��7�`&#x13;�慨D?&#x19;	c���8�E������+a���:�.�&#x1F;�d"����7���HBn���&#xE;��k�Y��΀VgȒ��&#x1;dɒ�X&#x1E;&#xF;�b�7�&#xC;*D}G(�&#x17;��f�$���e&#xB;[Ң2)cx&#x1E;T���︶v�+�(&#x5;�I&#x18;�յr&gt;:�me˛��4�l������ŵ�(|��K�&#xB;�.��||&#x17;��+|K&#x17;W2W���uC&#xB;Wf��C�p&#x1D;�&#x16;Ό&#x19;������u�[���lY&#x13;�_l�)&#x17;;f&#x1B;&#x3;���-&#x2;V�Ai��&#x2;&#x2;V
tt��B0:��rcz��e���L��D�1ȉ5|!&#x7;���j&#x4;$�0'���e�&#x1C;�QN�&#x1F;��FE8��&#x8;���&#x10;&#x7;��6ʱUA&#xE;&gt;�F&#x4;�-��ec&#x14;:;e{��Z6&#x6;��/&#x1B;���Q����&#x2;D+S%�,&#x18;g�ż&#x16;�Mi`)&#x15;���G&#x5;��z�&#x14;��(&#x17;;fޫ�&#x19;�?^�&#xC;��-&#x17;��μ4�4Us�|���]�&#x17;��^������������m��PW��&#xE;��8&#x2;�'�"c��j��&#x6;}5&#x15;�=&#x12;}5F&#xC;Nad'&#x4;�F��GI&#x1F;�ծ'�Y�§@2�|TYE$̽�]ɹ��n�&#x15;���ї&#x11;�b�YϺ���0^HWm�;�8w����J&#xF;&#x7;��@WoB�3L&#x6;&#x18;�&#x15;&#x1;ҝhI�t�&#x4;&#xC;P��D�K�y������0K�T�%���d[�U��&amp;�&#x1D;�E�\0�z�ݳćsd;&#x19;^V&amp;۽��˰&#x3;ڗ6��E�}�,o������NW�R[&#x5;4�;�&#x15;P�(T�S�E��=w���&#x15;P����8ۍ�@�r4��c&#x1C;
&#x7;�Ĩ&#x1F;V�	��F�ڹ�wf�H+�L&#x1F;�O�u�O���d
Jf����t&amp;&#x5;�Uٓ?�j�O�$&#x14;(�s7&#x1A;=�V�	&#x7;�&#x1C;K&#x15;��&#x1;Z�p�i�=&#x1;`��F�U͞�X�2]c����-TeD&#x12;&#x1;4g&#x1A;L�`S�"Օ�&#x1B;8�����r�&#x3;&#x5;��\N�(&#x11;r�&#x8;�&#x18;�TNx�s&#x17;�D$��*�&#x2;n��&#x8;�	n�Q��I��!F&#x19;0�&lt;F&#x19;CZ&#x13;��&#x12;�2�\#���('�c&#x2;Qv����I54�K D�O�&#x1F;�f&#x6;�4��Q|&#x17;�L�&amp;E&amp;#]�,A&amp;&#x3;�[�I&amp;U+S&#x6;�&#x1E;\0�k|R��#�R��I I���&gt;&#x4;�)a�8S&#x2;"�e3�IJ"��&#x1;�do�@a�[�=_�&lt;��Xuj�]m�i�C?W�[%�ۄ��%�7�ߛ�&#x16;ſ�rS&#x1B;)����o&#x7;4����&#x1A;Qၲ&#x1;h&#x15;&#x1B;&#x11;��s��_:�s���o�&#x11;�J��̵^"Eu�&#x18;G�g��RK&#x3;&#x8;gBoU�Yj�ds�:z����%�I���l$v/&#xE;��NA&#x1;ʇ&lt;� �m&#x13;&#x14;#����&#x7;,&#xC;����*�0�)|�&#xB;&#x1D;P^�Rh:|�&#x7;h�`��q&#xE;pb&#x14;&#x6;��|q#�h�v�&#x4;&#x18;I� �zF�嵘�'��P\0��6w���&#x17;Fj�PY���Q��&#x11;�7�`P��4��&#x1D;��ˤ8mp�&#x1C;�x�u)
�	!
#�5�-�|rx&#x15;�B&#x4;�B&#x1B;�v�P;	Γ�&#x13;T\b��P��C�ְmɧ�&#x13;�'\U)�&#x11;&#x8;\�&#x4;�@�K5�&#x1C;+�M](&amp;�g�\0w�Q&#x19;�u�!	Y�S:E���O�Jڐ?�.iC�eúO�0�D�&#x10;�YE���!RG�6&#x4;��u��o�#"&#x17;��j&#x12;.�E�&#x8;֮us���V�_V�&#xF;&#x2;�?j-�pV��&gt;�����
/޵�b�ɐ6�d���&amp;�����5R&#x15;���ʋ-&lt;W&#x1D;~&#x12;D1�U���&#x1D;��&#x3;�����*[z�&lt;\0�b�O$G�C&#x1B;i1�1i�&#x14;�&#x3;��ɭ�&#xC;~hf��֧��&#x4;�6G�~GmU��̳�E�&#x14;�&#x6;�;��&#x14;���;N=y�h�=���	&#x5;*J&lt;���&#x3;����[�O��i�^TĀ:&#x1A;���UT�wr�&#x15;푽��&#x2;��&#x15;I�&#x3;�d0���[�o�&#xB;�z"�v�f&#x13;��L
Tzx0�fr,���(�&#xC;�}G�z��:v�MG[Q���m�6&gt;�gE.��Vzj;�&#x5;4�]&#xF;�S&#x3;�r���&#x14;&#xE;N,V&#x1E;;��2�&#x2;$&#xC;r$Z6�w���I��&#x14;��Hk�Nط&#x14;m�@&#xF;$�IM��A��T��FA&#x5;�*&#xC;7R!�8+oE
架n�X�b&#xE;\0Z&#xB;��Hz��V&#x18;Lt�sfԿ �����^��HU�V}�����W�����5pG�~Q{��r����CP�it\������t&lt;��񖒟$�(��mt\����_ln&#x14;y&#x15;U�SE����&#x1B;-[��(]���FG���&amp;
}�Ed�&#x1B;Ke��F�u��b��&#x1A;�1�6�&#x17;�]��kzx�V&#x18;�&lt;�V&#x7;g�D[��	�&#x15;�6��'D[��n&#x11;��mS&#x14;�%E��GB��L�E&#x14;&#x12;i�&#x6;�W��&#x19;�m�Q&#x4;r�&#x4;D&lt;*1Ug&#x5;�C�6
\0���&#xC;��$&#x1F;u(��Li��ê���Zm����=&#x1E;~���\�?��&#x7;&#x1F;�vg�5�KGN&#x17;�Ĥo�2$��&#xF;&#xC;��hK;�@D�zD�	ii&#x3;H�~{���T��Ʌ�{&#x13;�e]b�e$&#x11;�f~&#x1D;�'�-��х�Q)&#x11;����BcC��p4��B٦a:�ɶ�o)}\&#x15;(�/��t��f�#&#x7;&#x17;&#x10;�$/�&#x1;ȯr�a&#x19;�IRHq&#x16;��� i�ES&#x6;�&#xE;'���+J��t&#x2;�M���v:��&#x5;*tWEQ�	��'g&#x13;x9&#x1B;��UN&#xB;\0�j0&#x1;��&#x7;�	V&#x1;�z2&#x1;@,=�@w�Jk��N��+zZ
3�&#x1A;&#x1;-�Q+F&#x13;�&#x3;��:q&#x11;&gt;&#x1A;��m\$%&#x7;��&#xC;&#x2;����
&#x1C;���&#xF;P�����#���=S�G�Y&#xE;&#x1A;�&#x14;��&#x4;�d"��b&#x12;8�d��i&#x17;���1&#x1E;9)@�Ϲ�L��Զ!����f����n�5�kn�^r&#xF;���%�դ]�^x�i�^Fs��2Yĝ��Tf�-�l��;I�O�4�����N�#��xª��_ng_�{[�m;&#x3;��&#x4;&#x19;ă�it"&#x16;ȉ�&#x4;A��6����i�{-�){$��!��yi�p&#x2;&#x14;%Bt�te)Ԉ��&#x12;��,&#x1F;i�R�T+�rm�1�(_�H�&#x17;�����Z��Y��V���&gt;�u-&#x1C;6=
�����JF&#x12;&#xF;�3
�Lt�JJ�v�&#x1F;J+؆�~�&#x8;LW &#x1;\}	\0&#x7;�@&#x2;:���J�)�&lt;���~ &#x2;���&#xB;݂&#x8;��q�&#x5;̼��&#x16;��M�|&#x1A;�&#x1F;��� cz��4&#x14;&gt;����&#x5;X�g\0�HGF[����+i�A�(&#x1D;x�f�&gt;��&#x2;&#x19;��&#xB;7�&#xB;���$��莓�&#x17;�\�?�;K&#x14;��]^a��m�xe�G|;��T&#x1B;�DnԼ�$nH��,:�i	2�O�����L&#x4;��x�&#x2;�\�5�e&#x17;��܎��j����,5��`�Y���A�9xԡ�:&#x12;\0a�&#x7;*?*?�J���&#xF;�o���]Q�Ç(h~��['Q&#x14;����}��~&#x1;Rγ����&#xC;Vg&amp;��X�&#x1C;\0ջx���J�q&lt;3	&#xF;�duGe̪���&#xB;��g��&#x8;'-�O���#&#x1E;&#xF;����E������&#x10;&#x8;����u��3�&#x5;�7&#x10;d��ecsSR8��F&#x1E;y�2�EˈZL�&#x14;�&#x17;�&#xF;Vf���ߓ�ieE�"����I�[]��D����L&#x1A;$d&#x1E;�7:��t�� v�l�&#x5;_�&#x8;$�%�dd��b&#x1B;$�h�? ��3�&#x1A;��؇�(�n�	&#xE;��&#xB;&#x12;��&#x17;�rv�/��^a�aG΃�js͗�6��Xq����&#x1C;0��]�&#x4;&#x10;T&#x1A;�&#x1A;&#xC;�oֈ&#x6;�)6Y������@���\
��&#x1E;&#xE;���|P�#�:p��%\0[���lM�&#xC;"{ ��Weo����%�0�7�-vT�&amp;�*}���r�%&#x3;�&#x1C;Mx��i�����+!)�:H� ���d��I�֑�&#x10;�:��&#x1;%&#xF;�&#xC;X&#xC;01�ԁ�&#x11;�\e�n&#x12;�&#x1A;c�0�"Z&#xE;&#x6;o����&#x1B;?)�(�es������&#x1A;\&#x1A;5���&#x16;&#x14;��f"�m&#xE;S�n��)��&#xC;&amp;IU&#x6;&#xE;-�Y&#x18;֞�&#xF;e&#x1D;��9�1�z'����T�\�4&#xC;CK��=��E�wr�w&#x18;�1}�qD�	5��[�fD�Sk� �&#x1C;�_?0m�y����DW&amp;&#x1E;j&#x16;&#x11;k���&#x3;m��#R���4fX9�~&#xB;&#x19;v[�5��&#x10;h��t\0�%�,h�j;�U�J��&#x13;TM��oT�&#x1A;.�8]����	d|nY�c��Im&amp;�y�bQh�)Y&#x16;~S�b�L;kS�dz�54y�&#x13;�dzN\0&#x14;K&#x6;I�&#x1;K&#x6;qL�$��G=I&#x6;�S`��pd��l��P۶_(&#x1C;JE%-&#x1C;b��\uC�/���\7dX�7R6�l�n����Z�ٲaU�;&#x6;&#x12;{�F�q��&#x11;��&#x18;��s7�+&#x2;��&#x1;1�
y&amp;&#x10;�jy�&#x4;&#x2;���\0X��X2��]���&#x3;&#x1;��&#x3;��a�����4�&#x1;��8�-׶:&#xC;(U&#xF;���4&#x1B;���DS&amp;��;�\0\0&#x1C;d�ɨ�aRm������CUV&lt;*&#x1F;Z�m�&#x10;&#x1A;&#x10;ʇ:+b8`&#x5;&#x2;��&#x13;�C�&#x16;n��&#x1D;����'��Q*I��Y(g��(�e�����n��u"�w&#xB;*[��ߓ�;{-&#x1F;?�&#x1C;&amp;�zZ9��������]�b&gt;~u8�o/!�i8e��|&lt;Qf�9�L
R�5�Z�_2Ҭt���؈��t֥��&#x1C;|�)[������{y&#xE;&#x10;�W!�S&#x18;�|S����������}&#x14;+u:r{��E�&#x6;�)V��Ze&#x1F;y��9�$cM�}�E;&gt;&#x1C;��&#x1D;��}xo:K;�w|�	�q�t&#x1F;��ӎˣ}z��|��J|k�QMe|)�I�%T{&#x8;B�t(;��t藵��J;�'�&#x19;��&#xE;嬸Q/�(&#x13;je�MG9(��&#x13;�����N��U&#x1A;j�����/d�E��"�s���l�.&amp;m�Ի(&#xF;;-ޅ��J��&#x15;ĻTC��҉���c��X�a�͡�x�&#x11;�P�TϿ�I/u҂�&#x1B;�Ե`�������mN���$֌`jǗC*�E�T�{�&#xB;�$�Je&#xC;/UIE��q�D�f��y��&#x3;y���^��w��u���Cq�\��AҡVz:&#x6;:����%��߬�~��&#xB;��1&#xB;��=�:����3�Ny-&#x7;jf&#x18;C&#x18;X�䷓T����K!A���,��+�����f�=��@}C��jE&#x19;[¾͈�M۴��b�LhS8[�|�W�1l6�7G��bO����&#x8;�d���$��)���u8�#q�&#x13;E��~D&#x1C;��*&#x17;~�&#x17;���kT���J6�ھx76�į���z&#x14;�ߏ�Y�����&#xF;%x�)�B�t&#x8;z�&#x13;&lt;�hO����~Ҕ�TH&#xC;{2�&#x14;R.�&#x5;�$uE�&#x11;�\0���&#xC;�5ɍ�C&#x5;�8�OLI�~5W7y��C�y	��&#x10;d�	��[a�IUOJ$���&lt;�c���b&#x16;y&#x16;3��fAg)�}&#xB;��bx3��&#x4;�S��E���ĉ\0&#x12;�s���&#x16;��wY���+%�0&#x2;_B�@&#x1;t�&#x15;{�&#xB;��+�h&#x14;&#x2;x�6b��L0#p��^��6��P�&#xE;V��a��Y\�R�#ѻ��&#xC;1S���$k����x\&#x15;P���!��Dc�&#x6;%Ho�&#x1A;]&#x1D;�&#x16;��&#x18;*z�&#xE;&#x1;h��c�%l�/�����!l[	IүW��"&#x18;�./#&#x13;����?���hL���5���&#x19;˧JX&gt;&#x7;�{&amp;ay&#xE;�k�؅�as��L Ͱ���*�%&#x1C;�%kq4&#x14;�jq4���E�f�+�!"?�N�]��`�&#x8;&#x5;&#x12;�N������ٖ�t&#x1C;ɀ&#x18;+�@�&#x1E;�ϴ��`&#xC;���I:&#x11;�t&#x13;�󸧍�\0)Sy���"g�Hq�3��L9
&#x10;{i&#x5;8�&#x4;%��D�&#x1C;2&#x1A;{&#x10;2"B&amp;�笄�����p��&#x17;��4�Q��!c:6�&#x18;U���$b�e&#x1C;��R&amp;�:hԧ�&#x1E;3&#xE;]��Ƙ1&#x7;!�ÉL���e?�_~�m�j&#x19;:�&#x4;Z�v��&#xE;ť&#x1E;&#xC;��|&#xB;N�W�Tr�j#�Ɖ�UCh��&#x1F;k�a|6&#x1B;�&gt;��(/���	���٬�A�9&#x1B;4Iш2;��ή��&#xE;��`�&#x1;�S�``\0&#x1F;䂔�=���qp��P� S���&#x13;�Se�i"8&#x19;�&#x8;�&#x15;�y���R�b��W��i�p�:�1��[ZA&gt;�l^J\0My`o�j&#x17;a,�l���&#x1C;�a�����,�&#xB;S�@�y����c�&#x3;Ԟ|m�ц�nO4&#x18;uLE͌V۶&#x18;���^:��x�o1J���d�L�&#x1;]F&#x1D;�eG�EI�ϱ&#x1A;��a{���/RXe\k&#x7;]_���],F�E&#x15;�R&#x10;.�\0��&#x11;�&#x1;�p���h��p���q��6&#x6;W�?5�I&#x12;���g���L&#x1D;�[�#p&#x1D;{8&#xE;&lt;���y!&amp;�7o�uU�˭?��&#xB;��&#xB;��ޟ&gt;&#x2;��&gt;��O���Q&#x19;圜��bm��Q���Y�j^�+�;*o�&#x1C;�����&#x10;7�JG�}ldս�?6�����b� j�3o&#xE;���r ���&#xC;k�R���&#xB;����x+�n�ޡ&#x1;@�_q�&#x1D;z&#x4;�&#xE;F��b�2Y�2tZ&#x13;\0Ӆ&lt;�/jM�%M+��=3El�%T��d/�D�h&#x3;�&#x17;&#x5;&#x1E;�b�{�7���uzM&#x16;0&#x1;�&#x15;�f��O���?l�9�6JZ��&#xE;�&#x1A;&#x2;�02i��3/{�� �&#x7;H�!�&#x7;F�5_&#x19;n!#�&#xE;�t`QiP�&#x2;�Z�e�H�&#x3;%&#x18;�q�,U�*|]q�nU&#x17;���i�6�e3N��M[�ɍuGx��EǤ��P�	7��*�&#x12;��mQ&#xB;��g��g�&#x1A;�&lt;?��&#x1A;J�W댝�&#x1F;T�泧����1��^prE9�~���*el�fqӃ�َ�?&#x16;�A�6&#x16;%+���ɭm&amp;OA�&#x10;(&gt;�!���vZ4&#x12;d����k�e'32�g�&#x1D;���b�w&#xB;j7"�G8:�hv ŧ}��/&#x11;b�&#x1D;vP�&#xC;� &#x13;{��&lt;Xw1��t�H�&#x1B;�0�&#x7;&#x19;H���F-qi&#x1F;¶�s+7g�n&#x18;�d��&#x11;�c�L�9�Fq8&#x1A;&lt;k�X&#x7;����u~�cU&#x17;�&#x1D;|�&#xF;���&#x8;�&#x2;���&#x1;�%��&#x17;�5=���[&#x1B;��exk�N��ى�'�&#x14;&#x16;��������&#xE;=�bL|&#xB;)�Di����ܼ���7���W���3o`&#x1C;9�1�\m$q&#x11;��7;M&#x12;�6_&#x14;&#x16;��&amp;C�*��&#x1A;�&#x11;&#x17;&amp;H�����V{&gt;%:I n�h�0ABU�eY��M&#x14;&#x7;�$3�7�hF#�2;�6�\ʋv
��M���n�&#x1A;�;��xG��	&#x1D;B.yB�x�4��&#x11;�W�&#x10;#s�@��2#����!�D�5&#x1F;bM���&#xC;�&#x17;}C&#x1C;�&#x19;&#x11;���&#x12;��]��@L&amp;�&amp;&#xF;�&lt;�����&amp;&#x1;��"L&#x17;&#x16;�y���+*J�&#x1C;�&#x16;�Y�t��[���ޢ&#x1;&#x1B;�Ao���&#x1C;�7%���m��r5&#x6;s��1�6�&#x6;d�?��&#x11;@��ak,"&#x2;���Y���&amp;4�4-�.�#2&#x17;&#x17;�0�����&#x3;�&#x13;�rI榀&#x7;&#x14;oF�V�BI&#xF;?-��4I��¿����&#x10;��IP�F��b�A&amp;�q0M\&#x1C;
�@4��d|�&#x10;؎����~=����y9�o_�v*&#x17;P&#x1D;&#x5;��[�T���&#x1;sf;t�/��)��&#x10;x3!3�L���w�-5�pȪR&#x13;|^t�P��P�@&lt;�i�U";�&#x16;i&#x1A;#1��+&#x1;j
#&gt;91-�ux��{�nk&#x13;r��-��&#xB;p'��֤F&#x6;�׾N�6��&#x16;��P�v+ڽ.b&#x18;1�|&#x15;��&#x6;&#x11;��m&#x1B;&#x4;�*�H���1�L-#1�a*��|&#x1D;czr!Ø���^����f NG�H&#x4;[�-��]\:����������_�=��?�叿��ח��&#x1F;��&#xF;��?���������������K�S��/�0��#����g?&#x1E;ӑm�x-&#x1D;�]�/���?�w��,&#x15;����䘎�.��.�IųzY�\8�7�&#x1F;�����&#xF;��_�����%��-\�����������ß�����ϸ���&#x1C;^������_�����?�����/����[����&#x2;�eD����z��_��&#x7;~����&#x1F;����5��_�ӿ��~�Ͽ��_v����K.�Wc�2�&#x1D;���9~����&#x14;&#xF;wo�&#x1D;�&#x17;'�?&#x1E;��8�=�xa&lt;�\|�&#xE;|H&#x7;�&#xE;��&#xE;w^x�s��q|ƅ&#xF;�&#xE;�}��&#x7;�|��������ſ�2͋�3o����&#x7;�*&#x1D;ƃ�&#xB;�u|!&#x1D;�@�&#x4;�r���&#x4;��x&#x18;&#xF;������v�_�w���^Ϗ��k;u&#x1;��_��6&#x1C;&#xF;ư2�k�U�_�.8V�˩_���0&#x1E;����_��`�H&#x2;�^t��&gt;�&#x13;�0&#x1C;$׋�8^":�Ax=�R�5��u&lt;U:�Ax=�R�5&#x16;��=/^`:�A\0���Q�Y_m���&#x12;�A4�k�U�/�����&#x13;�%&#x1D;,f�Mo'�W���t�����w�y	|%�&#x4;&#x19;7&#xC;Xz�$7!�&lt;���&#x1B;��H���&#xB;B�ڢۻ��C&#x19;/-t�&lt;�&#x18;9��]���?:U�В&#xC;&#x12;�[9�W9�&#x1E;�m�&#x1E;���D�Q&#x8;�S&#x13;Q�&#x8;�&#x5;���~P�aE�c�߶�9�&gt;}4�&#x1;E�&#x19;����ĺ�&#x18;QS���$d�Av�ǿֻ&#x12;�&#x1A;~��Y��&#x15;!�P��&#x6;�|���mӛ&#x17;&#xB;��[z�û'���ۯ�kI
GM�&#x11;ޗ��4�Cr&#x1F;#RlQ��G��@k��ى�u&#x2;K+��e�\&#x1B;[\_X�61=Y߾��IB�=�F�&#x1C;�S�L�UN�Gm�	&#xC;&#xF;&#x11;����&#x13;�2'];&#x18;E�
�@�0&#x17;3&#x6;j!���e��ܴ;\,&#x18;�&#x1C;�[&#x16;��6�W/&amp;[l�&#x19;|HO�]&#x2;۳�)��6&#xB;���Њf�|!�|�mM!t+�bw�Y
���&gt;ۛ�Y&#x6;&#x1F;��j��M��b�?�&#x3;&lt;�9�sF��}�D���&#x13;g]&#x8;��,��m�D��WhJ&#x4;�x���&#xB;G��v]�F�c6�㯸9;��.�.E��?�9�va��&#xE;�~hh+f�=&#x1A;��~/&#x1D;m&#x1B;������ᒍ�n�����ޚ�1�G�&#x8;+'&#x2;��P���HҺ�I���&#x19;WV&#x1A;��K��r�l_T�:;��:N�_�����̟Mv����Q��̌�CDSOG�Z�ľH��XL�&#x5;s�7�ݡF���v�l�[���w[6�F� �M扄5��}4a� 0&#x14;�"�j&#xC;(�l5����j&#xC;�X��Xٷ��j��&#x1D;����5g�j��|���&#x19;�C2U6u{j&#x15;Ym�\�H�&#x12;�^J&#x10;���#&gt;)���6�����N�Q�N&#x11;�=�+�̅�ZWs��%� �t�:p�P&gt;&#x8;&#xC;U�ۮ8\0*��*��y�#B�8��l���*R�N&#x8;�V��q&#x2;]��J&#x2;����NV�m��5�|&#x6;�&#x14;'���&#x15;?&#xF;'��*/� &#x1;���5En�Xt&#x1E;B)���1p�]��4�&gt;&gt;&#x1B;����w�,&#xF;��&#x7;FEp�&#x7;��c�U��(O�&#x3;J�ދݱ�g�&amp;��{#���ּ�0�.������3�#�e6��N0-�5�9=Tw�����&#x12;�UO�z��wJ#&#x2;FvdwN&#x1A;��u�����&#x11;�1���U�~�T?�&#x11;�#&#x6;�җ0�~7ʩ�H&#xE;d9jCI��&#x1C;�x����6�ȋ��"&#x7;Zt�|(�����&#xC;c�X}h�&#x4;4&#xC;8 O�)V�V�%-�&#x12;)&amp;-����:&#x19;�̠�&#x3;]�V�W���ˊ�������ۤ������&#x16;&#x15;�&#x7;���&#x18;N���UAT�r����An��Td��9��Y&#x13;ք��]3g}�*E&#x17;�����&#xF;aT䅭���&#xC;ӵ�3&#x17;&#x15;z�&#x1D;.^��?&#x8;��+A!�h�&amp;���&#x16;�z&#x13;&#x8;�DC��8�d�.�kL�US��re��h�~�i��I&#x18;rE7�e&#x8;��i�ֶ�4i���M&#xE;UO�&#x5;2�LO&amp;7j0�a&lt;%�&lt;�v�PrÍ�ڢ��r\0K���0�B4��U�d&#x1;$Q��]�(rG�&#x1C;&#x19;ENM&#x11;�Ɉ&#x2;��:�p�P��CJ��&amp;&amp;&#xB;�#e&#x1B;�-�ʭ�E���޻1&#x11;Q�&#x2;��&#x18;6�iJYܵ�&#xB;Tf-����&#x6;�vdHؾHi�^"�B�9(��(&#xC;(5�&#x18;��&#xB;h&#x15;��p	LDJ�\}�V�7����f&#x14;�J�U�M�V���b[�&#x1B;&lt;&#x4;TvxVe� M&#x19;����p+��C&#x12;&gt;G|�'�'��ȈF���#���S|F&#x7;ǦC7&#x18;;s���1q�L0�68�&#x5;`��&#xC;u"��OG���$�=��˙�&#x6;�&#x11;�i6��9�&#x11;���R��9+{'�O�q��p�o�&#x2;٢ҏu�&#xC;Q&#x1D;&#x11;����a`eF��.a3�~#:\
l;���6?F\&#x18;X^&amp;jmǇW0��K�TN��&#x1E;nxx��q&gt;�&#xE;$&#x16;&#x16;O&#xF;�[��P;=�NC����IM,�r�1���AV�|����&#x17;����4�&amp;�&#x17;���3g�����R�/B��&gt;�ڛ���h/�⨶&#x6;F�G&#x15;&#x17;�&#xF;7�&#x19;����&amp;`���a&#x4;���&#x11;t~&#x4;�z`����)1&#x18;��:&#x13;a�z�Vf�=s��0�a�1��KM�&#x1E;�&#x18;��p�i�_2V8?U8��_9���&#x1E;��&#x1D;�\0��&#x19;��L&#x6;S���n&amp;�|!�%&gt;�&#x7;&#x6;&amp;s�&#x16;JK�³&amp;]���f���
&#xF;b��D�}y$�&#x10;�"���&#xE;�o&#x15;e��5_�&#x1D;�j���r@e�W�&#x19;��Z�1*���AB�dKĘ��E�ʶ&#x8;�&#xE;Nl�~�&#x5; �J���$�}����&#x19;TL&#x1A;a��lޑa�&#x6;bsX&#x11;��B1dd$fE���{o����9&#xE;G#�~�[&#x4;"�W���� xh&#x11;l-��&#x18;&#x3;�&#xE;�L��؜�&#x1;2�y�iŏ&#x3;	�ٚ��)&#x1F;���&#x13;��z6�F�����X�%�g���㸘�h�D&#x1B;򦼎;��_��"�1�&#x16;M�Kot]E��w&#x1A;qy0�$ޒ�X��!�5�M˙
&amp;?���)�[�&#xC;sz�I:�2|i5�R�a$S.g�c~�&#x7;��&#x14;ɂ�ԙ�
����&gt;����h&#x16;��gUUơ&#xB;}-&#x17;
�e�?&#x10;o�)&#x10;��^��Vef�&#x4;&gt;T��&#x1D;Q�&#x8;i��6&#xE;% E�S]o&#x1A;f�ne��2AxVf&#x6;�&lt;���g �[^���I�J��ψ�R�gL�&#x1A;�`&#x6;5&#x17;vX&gt;)��&#x1B;�&#xC;�&#x16;On��&#x11;���j�&#xC;�&#x2;7�4Qt�&#x19;r;�f@�"��L|&amp;4�e~&#x18;��m`�hcdԊe&#x1C;���HXə=t&#x18;�WR?�&#x10;gM�1&#x1F;�z&#x15;�6&#x1C;���O@LR^��ɭ&lt;��P�&lt;&#x17;m0&#x1C;
&#x8;"&#x2;�&#x4;?	4����&#x6;��&amp;����M@1���x�M���&#x13;d,�&#x11;�Y�*;۷[	�&lt;4]&#x17;�&#x6;�o&#xE;C&#x1;��p*�(Z�&#x1;99@�&#x7;&#x17;e���碨\�e��(�\0��)՝U�K�	�&#x1B;&#x8;:P������w;&#x4;�7��(U��t{R&#xB;4�g�놨"&#x1E;���"�"�b!7/z&#x1B;���v˝��|�ȑ��iZ�6�M&#x1A;��Xl�a�iq&#x1;l݃�&#x7;߲h&#x16;��(U&#x19;V&#x17;�\�[�Ӟ�\0�,�YE����,�ۦ�v0'�L�&#x1F;���&#x3;�&#x1E;�&#xB;���'�&#x11;;�b&#x18;S���P蔨�y+��jp&#x6;/��I�W�`&lt;�E+@(�*��&#x19;�W��ڣi	͉ٛu&#x15;���ɔy�A�m�v�*R\�_\0�v�·�&#x8;󻕙��Ύ�7&#x19;%~e�D�-[J���&#x5;{&amp;k���$�/'$�&#x11;�ߣ��U�A��'���&#x16;��3��K���Q&#xB;�:�w
纃���N��&#x4;]&#x12;s1li�'�v&#x1;���U�5&#x18;�R�6\0�&#x5;0)$y3HL�a5�\0�B�!�o��L&#x14;6��	Ee6�&#x1C;�&#x13;L�&#x17;�9�~l�1�u4&#x16;&#x1F;k)&#x2;&#x19;+&#xF;�*&#x1E;s&gt;�(U@6&#x1B;	Ȭ]u&#x4;&#x1C;&#x5;ds&#x1C;&#x3;Q&#x1B;�mv��̻삏��Ԩ���&#x7;L�e�
�߀%�[���;Ə�e\08&#x15;�v���֤,�\3�&#xC;��$�N�҆	#��&#x10;�E&#x1A;D�&#x1D;�UԒ&#x10;�S���:�I�&#x1D;cȺ�(&#x1D;r�9�..u���2&#x13;&amp;v�q�&#x7;8&lt;&#x17;��&#x12;S��y�	糦4�Y�F���	�&#x17;1&#x18;�&#x8;w���r�&#x1C;�&#x1B;;�&#x8;�8���|&#x3;��*e4�!�G�ڊ��0��lް&#x15;?��F
�&#xF;�{xE��e�ۄ��D�&#x11;埔��\0uw����w�&#x1C;&#x5;&#x2;�� ZC�5Qڡ�o�c?{q�
���!��"��?&#x17;&#x2;�v�G�&#x1D;Y�gus&#x1B;��&#x3;&#x4;�L&#xF;�&#x11;qЄ�'C@�x��&#x14;4���N�?��(���bD�%V�&#xF;���$&#xB;����3�&#x1C;�C&amp;�O&#x1D;�@K&#x7;�x�ݶ5�����n2�kj�N��q�����
�A'� ��U��&#x3;�\0sb;��&#x2;[�L�֒�Ԕ��D:F&#x10;�&amp;�Dx(� ��&#xF;�M&amp;;=&amp;֮��&amp;��.&#x7;�.�
Ң@�&gt;6�K\0t˪�ϩ���&#x15;2�m&#x16;]̨o���f�ｱ��g�m6��ƽmo�݁�c�̻&#xF;Rzl&#x1E;yw0��V�Gk]�w�^&#x10;��͢��&#x12;!�s�F?\�Ǹ�&lt;�w�K*\0|�\�&#xB;g�&#xE;�rW�&#xB;&#xF;KS�(Q����&#x19;%K&#x19;�z�Ѥf\(D&#x1F;y@8o4ܳ
����vdj����m�'(!��TIEdU��$&#x4;&#x17;&#xE;�&#x15;n�&#x2;��!�e��&amp;���&#x10;�\0 B�&amp;ЩU�&#x14;jX��&#x12;�x�&#x13;�&#x5;9�&#x1C;�ܬ��&#x1D;��H�&#x12;!��VT��W�&#x4;U (�ш��OQ��&#x3;Ul���s���8#��&#x1C;nl�&#x1E;��
	hv �&#x12;�&#x12;v&#x16;���ױ��&#x14;�۔~&#xF;`q&#x1F;.�&#x13;�&#x1F;Ԛ;���Zc}�+vS�	w���}&amp;��:��ؓk(�G칡&#x7;]�=��V&#x1B;W&amp;7�v��[P�e&#x1C;&lt;�����&#x4;yS?��&#xC;&amp;^�&#x17;��X=U&#x2;��#��&#xE;�vQ�b&#x19;&#x2;k&#x19;�9-�+�U�z%�d�]��`�K\0�(s6w�j=�9t�X��HD�M�cfyW��!�&#x18;X�$��&#x8;BFq0c�'6^�p��+&#x14;Y�&#x16;��a�a�"�}!�7qX$8(t�&#x5;���&#x1C;]���j&#x18;�&#x14;�M~z.�M�_O&#xE;]T���E�*��&#x1D;�&#x18;�&lt;ɒ&#x11;�!x&#x2;�&#x6;�J��&#x8;FքM&#x1B;2��9#��&lt;&#x1B;�+�&#x2;�&#x1F;*�"�6l|r�4��X6;T��&#x6;&#x1;�ɥ�c&#x17;Fn��
�#���(�&#x1D;	ʪ&#x5;�i����K���(1�ź*/��Oʫ��"���T����_e��-U��&#x1A;S�F?|���-~8�!��{�W�M�o���&#x1;wp&#x1C;&#xC;޿�&#xF;��E���&amp;�FM��\0&#x1E;4��w��W1' �&#x18;8�&#x1F;&#x15;��&#x13;�U#~��&#x18;&#x13;p�&#x3;&#x19;y��jy*&#x11;��&#x6;y���{9.�T�&#xF;����z��k�ʟX�)3:'��a���bb�s_��O�~&lt;L���׻��_��%��&#xE;*d��E�T�/1qv���\��)�tt�*Y?#�4g��CG��^%��6\�ٞ�݌&#x1;��?&#x1E;���{t�}���@��	&#xF;�y���B��_L���A�&#x1C;]���;�^�*�A&#x1C;c?�����^�͚9���x�&#x14;��r��&#x1C;��&#x12;�W�÷��&#x15;���&#x14; �~&#x19;�؊�e3/	�4\*�TwF&#x1A;\0�&#x1A;&#x6;�&gt;[;�}`�Ս�T'Jǌ�sN�u�&#x13;IH,j:'L����X�d��c�
�~yl&#xC;��i0^���M�&#x1E;c&#x2;|n��&#x1A;���$�c�R[�g&#xC;)[-&#x15;&#x7;U/&#x11;��]��&#x12;Lr�	��&#xB;s�&#xC;Z5L&gt;&#x14;��r��!?Z,ɩ��X,iVw�IjI:���jI���:I:&#x1B;��Kb�Npq&#x8;�&gt;G1i&#x19;
��ͽo�Z�&#x1E; \Y�K���&#xF;&#x10;~bi���4ء&#x6;&#x8;+*p�����D���&#x2;�2��&#x7;'0�=
Z���(�&#x1F;w��;9�y&#x1E;�o���?&#x6;����\��݃}�MeXz�MC���&#x1F;舙&#x19;q�x�&#x12;Eb��P&#xB;�����REi��:�P&gt;He�\�G�ڂ�"��&#x8;�$�鵙���ڴ��6݅�0dm����Ʌ#��h{9]&#x14;��"��X���A&#x11;[��A��t�{��h�%�j&lt;&#x1D;�)��&#x1;�ީU�f]�6Y�U�FQ7�&#x12;n&#x2;
�#�31-�2����5�&#x7;�����.r���1#6�CNG7/o�d���&amp;�#�9&#x1E;�&#x1E;��&#x13;�o�֓��v�}QmoY�#Vu��y�k&#x1E;���y�c�[�&#x16;~&#x16;z�}d���&#x1E;"&gt;Kby*���3&#x2;L�&#x1E;6:	&#x15;��(�:�Xu2B�nG��yh�&#x5;��&#x3;D�&#xF;*X��w���kA�&#xF;�z&#x3;��R@O���&#x1C;�&#x11;��&#x6;�?�	E8.Z$�j�z|���A&#x6;�����W�͛���k�XJ&#x1C;Α¾q�DD73,�&#x18;�Ľ$��(�q&#x8;�&#x15;�\0��ۜMq8&#xF;�|�#&#x19;��D&#x5;d���i���j&gt;�摾�D�&#x16;�3��8O}5�]�&#x10;&#xF;&#x8;�&#x15;��D&#x3;�6�|�SJ)4\H)\��:۳s�+Jd&#x11;�LJd��X�U#�pp�F�;&#x13;K��VE2�U2��df5&#xC;��?5&#x16;�ڦ�X\%�j+d\&#x1A;�
Y�3���&#x1C;ͼ�������ѪV0&#x8;��d�`Xz�&#x6;�F�(�4������ۆ���l�Z������&#x6;��p�&#x12;bX�t&#x18;�\0&#x7;&#x1B;&#x13;���TV���D&#x1;�d��$�k&#x5;u�[�j�&#xC;�&#x3;��b�rP��̎�&#x14;6��x�U�ǟXX93��e�|�&#x16;Ks&#x13;#�K&#x15;��(�&#x1E;n[4��;NV&#x1E;�oa��o@�xh'��!Y�&#x1E;�Q�&#x1B;l*��M������&#x19;�#���s���&#xC;�K.�&#xC;B�T��&#x4;Y��V�&#x1E;
�&#x1;�!��`Y&#xB;��k|l�A&#x1E;&#x3;_��|C�\0&#xB;I�7d&#x1A;&#x5;�&#x1A;&#x6;:i:��Qd&#x18;Ǆ�E&#x11;�&#x7;&#x13;�R���46&#xB;8&#x6;G�x67&#xB;��NB�U�\0W�te�DV��&#x5;�N&#x1;;�T&#xC;|��r�-����7_� ۜ����Eʵ�̒�g�� �������\&#x1D;�e�k�Xў�PI�}]Z�}��\1�ݩ��&#x1C;$�w���㆏q�K$e&#x5;l_�(�"ۿ-���K�U�\sI]���pC�ڪ����]�E�g�.t&#xB;J~�E�c&#x19;Y���?�:�������ǘ�����帿�&#x6;&#x2;&#x11;&#xE;�ڻ姊&#x1B;&#x18;�ي��&#xE;��&#x8;8u�&#x1B;�_��V&#x1D;n&#xF;�&#x12;�&#x17;
{&#x14;d�C#�ڮ���J(�p93�&#xE;�� ���&#x3;{2&#x2;&lt;M"��6Cz]Ʀ�L&#xC;K&#x17;�0ѹO��:��z��M&#x1C;5�)v&lt;�&#x19;�&#x1;uD*&#x13;�&#x1E;��S�&#x1F;G¡��qD6�&#x6;�y�&#xF;&#x14;&#x1F;���O��`�&#x1B;G˯�x��0�VԂ&#x17;��u�ON|��œ�p9���UM�8d-b��P�+qa��&#x1D;�3&gt;g��
&#x7;�`$���&#x1;���L��2;T�V[�n���ţڒ&lt;�^�e���5��;&#x13;�d!3:�&#x10;W�Ǝ�N&#x18;2&#x12;i0�&#x6;I�d:�lx��d/��!u#�j��&#x18;��A�U&#x4;`&lt;j7j&#x8;�,&#x1F;+2�s��P1&#xB;Ҿ�&#x15;K�pVU���PQé��&#x17;&#x17;G0J�cl�&#x13;&#x16;���P,�X�/-��I�WW�&#x1D;�ߴ&lt;&#x1A;K&#xF;�����&#x1D;�^�&#x17;�|q�1U&#x5;bSxx�H�&#x1F;%��&#x12;����&#x4;aÐ�6��+ǵDˡR&#xC;ݡs���s�cQ&#x1D;xȒI�q��$&#x4;%7��&#x1D;J+zvCjn&#x1E;�f�&#xE;-Y�&#x1A;���Y�&#x1D;S��W5[fzl&#x2;�?�th��|fz,��&#xC;&#x17;ZȬ�\h;�A�ն*s�c&#x11;\��&#x14;�:&#x17;��&#x3;���N�3�Jv]&#x5;Ȧ���&#x6;��&#x11;Fs���k��
d��&#x14;&#x1;k�O�5�ഭ&#x1D;�5#�Q�&#x1A;S�YQI�k�}&amp;��I��k�ͨ1	�f�j�^Cl�Ȭ��.�W0�kB\0-�ھ"����J\0�$\0&gt;�"���7h���iu�vS&#x1F;2�f8m,�&#x11;���&lt;�&#x17;.&#x7;B�/x���F�� �&#x4;lP&#x10;�c3Θ'�~�8c�;Ԉ�7�(jc�8�&#x1;}���`*�x�}�����^q&#x1B;��x;��q���FO���,c&#x7;������wzI]B�r�x��&#x14;�&#x1B;�&#x1E;�&#x1B;[&#x15;��&#x17;g�s&#x7;��nm��1E�����q�-?���&#x6;�oW�&#x1A;�]�&#x15;W&#x8;&#x12;e	��\�{6&#x1C;&#x19;{����&#xE;,&#xE;�$�Q�y���&#x11;�&amp;�V�#~����#�&#x1B;�2^P��)ʡ�H9'&#x12;�K�%�J������?�N�:��&#x5;+#?��b=*&gt;�Q�ňz�T&#x1A;2&#x1A;�&#x2;��gh����&#x1C;@׶�&#x15;�X&#x1E;&#x12;"W|ZT�&lt;	&#x1F;&lt;���D�G;&#x3;'Q+w�}���HGu�&#x11;�в��@���&#x3;fe&#x15;�L�e~�ro�	$��V�?&#x3;&#x4;�*���V���AC֪:V�5&#x7;�X��l�&#x1F;�a㑈���Z;�f�&#x1D;̳U�.��'�i��`P�E�
��w&#x12;qȾN&#xE;�0&#x6;&#x1F;�&#xB;&lt;����&#x15;����+:�~&#x7;%&#x1D;&#x8;&#x10;�t�p�~U��*�-E�;��Yd&#x13;�j&#x12;&#x1D;���t���%]��5�FKzt5b�M�'Ť7]��5�HJ��:��\���v�VKI���K=;c&#xC;��[�;U��n&#x7;�&#x14;�
c�u��3&#x12;y4�q0]��cq��}��;�&#x2;��-&#x11;����f�
��&#x1C;O��:��(jr�d�&#x3;׼:Z���(_և\�S�[Lz&#x3;��b&#x10;&lt;&lt;&gt;Y��x��Ī
�-��{���	�&#x1D;�@�%G����Rs&#x19;G&#x1B;ƾ&lt;��`t&#x4;�&gt;��`t&#xE;=,���0��&#x1;����=����C&#x1C;�&#x10;P����B6�Gu�=R�&#x1B;�&#x7;�$Od�J3�n��yP[�����׺N7��&#xF;mʢ�d�,�&#x15;�?������&#x4;�J��ԼĿ&#x1C;�&#x14;HNaI����v��͌��R�|A��k��Y�Z���m8��E���rg���ZϦ^�f�g����6K��ޱ�&#x12;�iV��/~&#x1E;%��O�&#x6;ݧc���0��[ce֝�&#x14;�&#x1E;�&#x16;�����!&#xE;F���&#x11;�{+l�y�s؆|��7&#xC;0@�
G���&#x3;�6T&#x15;̩�G�"Qӊ&#x7;M�&#x6;��&#x14;���)��\0P��5���&#x2;qL��,�c�&#x1E;}�&#x3;�l�{&amp;.��&#x3;
�0C�4��tδ�ϸ����&#x1D;�J�-���\��&#x16;&#x15;�L�&#xB;����9�j��j�&#x19;�K�bz&#x8;#I��&#x1;�ؙlU^�3C)�',S4$�aza�Bt�&#x1B;�K�N�&#x7;�ŝ�&#x15;758�y��!�&#x1B;�L�XNb&amp;��"�!dA�&#x12;��؛�(9�G~eB&#x1E;��_�&#x3;��&#x3;�2ʄ&#x1C;D��&amp;G{�/��,+������&#x1B;�&#x2;&#x1B;j�a.6�&#xB;Y#���&#x12;]�kfGh�&amp;�&lt;&#x4;&gt;f�&#x6;p�~�	|��`���S��@U�Ԝl�&#x15;^&#x17;��U�U�V�-�&#x18;��´K�_u�f�.&#x16;&#xB;���`h�X&#xC;.k��=�&#xB;&#xE;�GS��ϾH+�Ɔ��&#x15;&#x1B;̖!&#x15;\0ar^'��z�&#x8;8�~4��E�gD��S�&#x8;��)RrpȒ�a�&#x19;�	���e(R&#x6;&#xC;)㯨�&#x1D;����3���Jm���&#x1F;���S��fg5��&#x12;LȖ�s�=�z[8Z�&#x5;��h}�&#x5;&lt;�ϼ�51��
&#x1E;\ ,4��"T@�U&#xB;x��e�M&#x1B;�����cm����a�꠶��ΡR\�#g���J&#x1E;ǠK\����/e�&#x1D;���&#x19;�O=s�(I��Ϛ�)߃ �\���&#xF;=xm��QP�"9��ͧ�.�&#x14;uYZ=�=hS&#x19;�O}�\0l��&#x12;�~���).��֬l��&#x8;�$ͦ&#xE;�3&#x18;�3�	��D��\0-�&#x17;mM��=&#x1;�:��(��Jx&#x18;xk0G�*Ĭ�iA&#xB;JLg��&#x1A;��&#x1A;�*�i*8Y&#x1F;z���ͧ�t8�f&gt;���C�����C��5�&#x1D;���P1OU&#x7;��.o��Ě&#x2;&#x7;3���R�w�s��A���Ԁ'à;4��0(v��0h^f�90h�o�A7&#x1A;
�`P;����fkR���5.��&#x4;{扳5;bL��1I#�Ԡ&#x1E;���A��c�V&#xB;��ڳT��\��$��_�L��|��2�&#xE;u�&#x12;&amp;;��S�&#xE;��6�iM&#x14;S&lt;��&amp;�R$S���bC�X�1�;�IY�n&gt;&#x3;N�0�P��珶�;��{;ͳ��&#x1D;�^x��d_c?��2.2�Q����K&#x8;P?&#x16;ӯq��׻��i&#x5;E8]�7��&amp;��m'�8o&#x1C;�?��+E��$V�c�v��Ĝ���N&amp;�N|��&#x12;�=���n&#x18;�7����8'��`_N��&gt;&#x1B;�\x&#x11;[�z;���a�&#x3;9Rk⫍��m��&#x18;�$�q�'�l'qX���b֕6&#x1B;ֱ�&#x15;dc���\0�`&#x16;���
�0a��&#x5;H�s��l�����mI׶Kj%ɐ�l���xc��&#x1D;&#x16;���&#x3;�N�n׃p��&#x4;�"�&#x7;��&#x5;#&#x18;���i�ͭ3;��J�&#x1E;k=&#x1C;�� ����Q�ڨ�񶿧�&#x10;IR&#x5;E6�&#xC;�&#x6;�&gt;n[�Ux�&#x1C;��&#x12;&#x1;Daمo$&#x1E;&#xE;$r�s{{b&#xE;�?��]�
��&#xB;Ί-�&#x18;�J�qyiy&#x17;���&#x17;�9���%]|)N�����&#x13;[%&#x12;#�D\+&#x13;3*،#�D���\\�ƫ
fɴ�L��rhM&#x1B;����&#x15;�ma�&#x1D;�&#x1;���hC ނxW}k@Q��&#x12;l-��^5�&gt;&#x7;�&#x19;m �?#��1S�7&#x19;A&#x1F;&gt;n��҇y&#x6;�(&#x5;�&#xE;��G&#xE;д6Y�趱��dǤG&#x16;�&#x8;2����~&#x1C;B[��4#;&#x6;�Z�&#x1E;�D�=L'�	q�@&#xC;&#x1C;&#x1C;s2r��D��G���&#x3;+}0�NNo&#x18;ڎV�&gt;�&#x5;sOA6&#x1C;D�8e�t&#x1C;j�&#x17;�����I4&#x3;�&#x5;��l�GO��01��އm/���&#x12;��|V�Εnɨ|+"f��H�0E��7mP�)�&#x16;&#x1E;|@����&#x7;&#xC;�&#x10;��&#x11;�}vf����9�&lt;&#xE;m#D�a&#x10;��q�&#x5;j��&#xB;)I���+�	=iw*�&#x14;�h\0�zR�&#xC;�&#x15;-eSg��&#xC;��&#x1C;Qو� &#x19;̱2�4��&#x1C;R�u�,�`&#xE;�y0��~&#x12;V�x`0�����&#x1C;�Ҟ&#xE;�&#x18;&#xC;p�&#xC;��jF&#x7;�^=��	��R��&#x1B;��&#x1E;�&#x1E;ej�&#x11;�=[:Cg&#x13;&#x1F;V۶;�*&#x1;{#�*�&#xC;V5m%&#x10;c�[��K��&#x4;�L��U,��T�&#x18;Ŋ�(�&lt;&#x14;��&#x15;&#x1D;�&#x14;�&#x7;����6а������H����l�|�|�&#x2;��1&#x1E;ךH&#x12;�Z&#x1C;$Z'pؙ�(i�&#x11;�q���v&#x17;v&#x3;S�4��&#x1B;�i�&#xE;��~&#x1;�Cv���&#x17;-&#xC;�3�&#x4;�G�~�&#x2;��rE&#xB;J�mO���&lt;?��/&#x13;.x��K]�5�=:&#x1F;���&#x11;���[*ń�1�i�&#x1B;n��LR���ɫ&#x7;t�&#x19;���&#x1A;�Äk��صwL	�&#x1B;�&#x1B;|&#x11;�#z��Gv&#xC;�W6(�=�b&#xE;��p��M�&#x1;?b0'bK@;D&#x8;&#x12;��hm�Q� �9&#xB;}�����P(�|�&#x14;�����s`�&gt;)��K�Mm�{ڗ��ޕge�l�Ϩ&#x18;�'&#x13;tU2&#x8;��_�d�V&#xF;�P̧�&#xC;�Cԗ=&#x1D;�,�l�S�^�R����8��:� ��:ΐ����u2��r!�Y.�d�T��&#x1;&#x8;�����hu�Mw
9���\0�rR�J&#xE;�p�-�0G�L!�&#x17;��:N��#�&#x1;��8K&#x3;��G�[&#x14;[�"�q����h\0vv��ٻ#&#x16;�K���d
�&#x15;�?�m��RN�)�&#x6;q�Q&#x12;�t�'&#x14;\05����ٰ�4Be�~�B\Q��Ϛ��6�k�z��|#zLM���wr��}��z�^s;���@SȨJ{�ɔ&#x6;����*&#x7;�d�����G��ю�(�있��~Z�׈��&#x4;+��ϙ�&#x1C;&#x1A;n�^?'�&#x1D;�x�d�..�q3߱.��:�_����"�(�FR(&#x1D;�I�ɣI�&#xF;�yH[&#x4;)f�+&#x4;�xA�L
!���&#x10;Ry_&#x16;�Hb&#x4;L?"8�&#x8;&#x1E;�*�&#x8;&#x1F;Tn��p�.��~�c&#x13;�?&#x1B;;��&#x1E;�TU�&lt;�o�T���k��$��&#x1;1&#x7;&#xE;�mî&#x14;�N&#x19;^������E�&#x16;�����zvZ9�j��&#x14;e��
Kg�&#x3;���ܭ��!���;��[�lĨժ�{�l6�&#x13;}�$������\0�c&#x19;�qs(�7%��icg�t:a�b��&#x8;��#p��r5�ծrIKg��rIKG�&lt;BM��T��� �c�u���N��IF�5��L��&lt;�%��*�~dM�@O�݋r9A���&#xB;��(�&lt;�(��U7&#x16;嬏�a;J]n��qLT+G��(g%�,������&#xE;h᚜&#x1E;В���1��\�S:��х��jr��,%�Қ���&#x5;ɰ��&#x19;r�.Sgx�I���&#x19;�x��&#x11;���\0Bx�ΰ6��Ns��&lt;&#x5;�\^h�z�K&#xB;�=5�&#x16;�XY��I�W��v�f&#x1A;M%�q�K����;�~�&#x19;;�`�\k,6�� �3&lt;�&#x11;�7v�T:�m�e&#xC;����J&#x1;o�/�Y#&#x5;&#x1C;MKl�o��I[�&#x1E;�.#�1�B&#x1D;�!�*dZd&gt;���P�G�N	C�m�[��Ms͹4�&#x5;�&lt;�&#x14;0��6�Z|�v_�d�ms["�/&#x1D;����n�N�Im���&#x8;�6��kf�"&gt;��9��Mӟ�3&#x17;񄐇ܾgV�
��g�(&#x16;|T�`�Cnc�`%9��i�E�&#x3;Օ}�N�˝g[�ra�6&#x5;&#x8;&#x1F;!�N�&#x19;"\И&#x1D;�C��ӈ(�&#x13;�&lt;&#xE;�i��{�BUxM�bK�ʤ5��ɜ���53!�&#x16;�j�!��yeK�&#x13;��=WP5�C&#x1D;�3P���h��g�O?���&#x1E;&#xF;F�QjU&#x5;&#x1B;��C��d��%װ&#x1;�&#x16;]�&#x1;ǝ�Tt�w���&#x7;�{Z�#&gt;xv|`�ˉ��,N���\�Ǵ&#x5;��&#x11;&#x8;��"�'�v�%&#x12;p|B��J�����ٴ���0��&gt;��&lt;&#x14;le�C6��؎I���Yr�*&#x1F;H;�	5okŖw���L21~b|@l�a[&amp;5U�&#x2;~��;�^3%se��o�B{M��^��֎g&#x1A;�&#x2;×&#x19;iOJEԜ,�Y�&#x4;?�(�(�&#x4;b���'&#x11;�y%��rp�Cx�s�v&#x1A;W&#xF;�&#x8;W�U�v�
M�&#x2;�t
� Պ&#xF;��~p��~&#x13;���]�&#x1B;&lt;��;��+&#x15;3u&#x3;�C�ߍ�8����������4�
 �D�&#x14;�M&#x1F;��%�r[�K-�z����	&#x1;&#x16;ۅ�b{��&#x14;$&gt;&#x1E;_8�ޚP:&#x19;_�T��l���y�&#x1F;e�ʈP翪l�~���&#x1D;&#x15;&#x6;5�I�adyz&#x1C;H�
�r�0�����	&#x11;z����Pz@��H�&#x17;&#x15;&#x18;p~&#x13;JѯB��.�&#x3;,)&#x18;*&#x8;�[��V&#x17;�4&#x16;��&#x13;�I&#x13;�G�V��&#x6;�T$Z&lt;��&#xC;.ʛέ=g�x0�4hn�Mt�3�NO��&#x1A;8�a3�tK&#x14;�N;M�w_�&#x14;�&#x15;W@A6�&amp;�^��(��D&#x10;w��&#x4;4��w&#x17;��&#x15;O�m�vI���&#x2;�g�&#x4;�Ѳo�&#x1F;�b&#xF;oդ�py�P&#x10;{Ҥ�Y�{��NY?��:�J��z�i�&#x1;���&#x1B;���q'��&#x7;��uˍn�\0[�f&#xE;���&#x3;Lg��&#x6;��O;ǗM���lʘ¸�(�����wH
&#x18;�E/;^�9�@R&#x8;�&#x1A;�&#x10;��E���S'�{j��~��&#xC;O�v��I�s���=�&#x1E;�Ղ�cN.o�/*\0��IRZv(&#x14;�&#x18;�رȣ*�4�h:fX8U�Q2+�̿�Ϭ�&#x14;m��YZ+��k���vφ�J~�֖e4sn����⡠7z5i&#x16;O&#x10;u���/������$%'&#x18;��-�p�����Uv����8�#큩��PB��&#x14;&#x8;�&#x5;�*�&#x4;�&#x15;LO�"�&#x4;q&#x13;=0�/ґx&#xB;�Hib1&#x2;�9~B0���&#x13;�&#x6;�sOw&#x3;��&#x7;�&#x17;&amp;4�&#x17;&#x1D;H�a��q&amp;�rQm��.o��l\0X�&#x15;���s&#x1C;3&#x1B;E�����Z&#x3;��͆j�|&#xC;��va�t~�&#xC;&#x16;&gt;&#xE;�&#x18;�&#x2;����&#xC;&#x5;�ሔ��&#x1D;�9����k&#x5;+|�p�h&#x1B;��&#xB;.�W�k��V	r�&#xB;Q^@��v�����m&#x8;Rл�#&#x18;R���#���;�q&#x1C;J4���l/q��$��h��JUV&#x8;8��%B�&#xC;	��&#xC;	�&#x1;�&#x5;ɍ+&#x2;�Y9��&lt;F"�?��lQT�&#x5;&#x17;#Q��g�zm�}6��.�&#x12;Ó�{盽��V�}0���+��7�=^���{&#x7;���t�������!��ɟ�,Z��.~�&#x1;��u���`�k�Kkɥ��&lt;�J�w��3)F�&#x1D;�2�����gIj�&#x1D;@�J��g�xE&#xE;� �Bp&#xC;��X�7��TeJ�L*s�&#x6;����Y�/Q������Xl&#x3;�A͌�
kr����ϴ�F�&#x1D;`֥���&#x1E; [�\0��&#xB;j��S���A&#x7;�ޮ�@�JLn6T-�]��&#xB;�&#x1A;ݟ�ik[B�&#x7;�j	��&#xB;lyU�:�&#xE;H�&lt;�}�t�&#x8;&#x7;��ص0��%�&#x7;sac3�&lt;6i�h/P/��&gt;=��r+��˚5��jHz?F&#x7;m�Ebj�K��r,M�!�e���^�7V34�&amp;&#x18;s�&#x11;�`�T&lt;�8&#x12;����&amp;���~�@��3���&#x6;�m
̞�ͣmE왌�\&#x13;{�yT�	5�&#x16;�?&#x11; ,sy ��3�}���&#x13;Z&#xF;��?&#xB;!���&lt;&#x1A;c&#x19;b7��&#x19;&#x17;�&#x11;@�U5���&#x10;n�L�pQ�G��Z��~�=�g�O�;ԚW���x j��&#x12;��,`&#x19;&#x1E;�adf&#x7;\0���Z&#x5;�����&#x16;��1�r &#x15;5bN�YP!Ts����&#x1C;p�A��9���C�U�����&#x1C;�3����^��(E�&#x14;�ڧX-\&#x19;&#x3;��a&#x6;qθL6x��&#xC;�V�&#xC;�����D&#x1;m~�&#x1;&#x7;�D"aVY�'4�`@h&#xC;3��&#xE;&#xE;&#x3;&#x6;U����C&#xF;4��p`��	wk�=��QSqH��9��3p|`�&#x18;ͨl�7&gt;����N=2� �Y[&amp;&#x15;[&#x11;/��s��z���-�ƻm	�q0n\&#x1C;��}�D&#x18;_�&#x1C;5��&#x8;_�h��[�;�+UȲ�&#x1E;��k=�7Ԕ���V�Oh�;J|�����|�A�2P}&#x1B;s7�)%&gt;+�mE{8��g�e��(�M&#xF;x�QM&#x1;5�B'�~�����i��L&#x7;�[�c�ρ4�(���&#x6;�f�����3��b.���]���j+�O�1�a}_&#x8;�LQ�{4S�#����g6��&#x1F;���*��8Dbk-a�(&#x10;�r&#x10;N�5&#x12;�K\��Oۣ��ȫ&#x16;F����[��&#x1A;&#x8;��(&#xE;��&#x6;BˤMW&#x1F;&#x7;�RZ�T���q&lt;��,ss&#x6;LԖ�M��D7��W]�U����Ac&#x8;W������2��P��=���N�垫.�(��v�&gt;��k/��&#x15;���3&#x6;����ӻr&#x18;��L���&#x15;�/G�{7�^�M&#x11;�H�S&#x1A;��J�#sp�L�w�����鸝&#x13;~��L��`&#x14;��R���&#x1D;&#x12;&#x13;�)6`K'�V�6���&#x4;r��&#x1F;�{R�m�=�cC�;&amp;�y��&#x1F;ܲ�+�i��I;�ƭmv�ݖ�eұ�;v����(���������F\Z{��v������&#xE;]���[sW�a�{���i&#x8;�ʲ�&#x1A;�&amp;S&#x4;��ɿ,5�~z����:+c+Eפ#-�&#xF;&#x1A;���p=r�!��X�r�5Y��8Srq΋�s�]\&#xC;Q�ܶ�&#x8;&#x4;�'���&#x5;&#x19;/K�&#xE;Nl�&#x13;_��V58u|�pt�Ӳ&#x1D;&lt;&#x5;&#x3;��t[�ǞN��&#xF;W�+��ܭ��N&#x4;���;�&#xC;�
�&#x1D;��9�&#x1D;^&#x1;5&#x1C;�
��O�����%� 3&#x1A;d&#x1F;5`�,A&#x4;E&#x11;@婘�&#x2;
.`&#x6;&#x19;��^� �&#xB;��C&gt;�.��!�| p�3@d&#x1C;$Y-GM&#x7;3�C�G�7��3C��G��u����/��X��X@q\j�Q&amp;�79&#x15;�h�&#x3;��=�"�TRzǡp�J�:
&gt;���N&#x7;-��&#x11;���'����fd�&#x1;��Q�&#x7;5&#x15;&#x16;�N�M��1T1&#x18;&#xC;�M�5&#x16;�&#x12;&#x10;n��������&#x13;�pǍ'�W��Xu&#x16;�&#x8;&#xB;�f}sa&#x17;\��B���;�&lt;�&#x8;ݯ�&#x17;*��&#x11;���+�D&#x13;=�X&#x12;.GӦX茪�?i�/kŎ�n&#xE;��3z�I�[�&#x15;R���=Ǳ&#x1E;�&#x1F;T�&#x1;�jq�^
�M*_꠪��D�y&gt;2�c��Q[MQV���6.��'&amp;S�\&#x8;����Q#���T�BC�&#x1D;Ө��,�2UjM&#x1C;Wo9��L����UY��UH���;�=&#xC;X&#xC;��d,&#x15;��`&#x7;Xq�{s�r�&#x6;S;����&#x1F;���m&#xE;�&#x8;��&#xB;�عa�,�̱�����\&#x1D;�H���O{&#x14;�&#x1F;`�J�.�{�镰x��&#x16;&#x8;��q.&#xE;&#x18;ˈ~�Ő�'ǻ&gt;	�em�:y	��[*gܜK\&#x14;��&#xF;�_H\�&#x10;����	7E&#x8;���c&#x16;��I]�&amp;܌C�F�F�=��y��
㞚q�B�d�Mnз�_�������ܬ�H� �&#x17;��&#x2;W��4͸����8�&#xE;�V�����ǃ�?v�G�d��ߥN��롶;&#xE;&#xF;��@��l�[*�f�w7o��&amp;��[�G@2i�cxԏ�EM��&#x8;&#x7;�"mH(�&#xB;�[��J&#x10;P&#x7;�B&#xC;&amp;�&#x19;&#x15;&#x12;����ծ&#x4;;�\0��哘K����Oڟq��&#x17;���˶�����}} #�_?�Y��y�!һR(/C;&gt;Ƴ��o���B;�p����j#���Ι}�#ÿ���&#x1D;t�� �|&#xC;qg�&lt;��dD���ni����÷��̠'�&#x11;�&#x13;&#x1A;*�:��ё�e\0K5�BV�=V&#x3;֘3�����ԩ&#xC;�s�&#x6;&#x15;h�Y����&#x7;&#x16;�%��&#x13;;�؂&#x1E;W&#xE;�/�&#x13;;��{|&#x7;&#xC;��硫&#x2;�&#x2;O6&#x15;�EjxRe�`w�==y�Ib��p&#x10;Ժ;��2+dk���&#x5;���A�"�&#x1B;	R)�&#x18;&#x7;�ǔu&#x1F;&#x1E;&#x10;C�(,&#xB;H�-jw�����r(���\N�1Ie��&lt;&#x7;�
���T�hh1Y��5���&#xF;/�aZK�=2Z�ԣ&#x11;&#x1B;�&#x1E;{�F&#x1E;kZ��0&#xE;Ǭ"��=�T���'w��$&#x13;j/3�o���Xy���2dƔ&#x18;�&#xE;(b[�}w���=E��a8]&#x1B;e�&#x8;0�?e\���7e�y��hb�o#��Y�&#x10;�JVe��U�T!�_%ǅ&#x8;�J����*y�&#x12;��U��K&#x10;{���&#x12;�^rr_&#x15;�5&#x1F;�&#x14;E�|:�n5�e2_goc��Ѕ&#xE;��ENy9B&#x17;k&#x15;f�.����9��&amp;���2*�
�Hԗ&#x13;،�����h	�jI�nF�!����b�@������(�2�ΜaE�%Ȍ�Ƚ&amp;�Jڂ���&#x1;�c�i1��-��X�O&lt;��3�/آ��&#x17;�lRS�
�&amp;�'6}���O&#x12;�M��J�z��A�&#x13;U��\0~��A.�����y;��&#x6;r&#x12;��y&#x13;q&#x3;�[Z&#x1F;_�݄�&#x1D;L�$-�����ʫ�
5&#xE;HS��&#x1A;��&#x5;&#x15;����;��w�v0&#x12;��&gt;�&#x1F;�$y�ZV&#x5;�t�'�ԏ&#x6;�W#;��&#x1D;.k���&#xE;�P�&amp;�4�&#x14;U&amp;�T���ֺ��ax�܋����&#x3;{� م�\0|�粋�h.��A��V&#x15;b�o�~U��b��x`&#x12;���p&#x16;�&#xB;��yE_�/&gt;1L����R�&#x11;6c�	��&#x1C;�|&#x13;����z`���&#x15;��,1lYjv�&#x13;�&#x8;��&#x1F;&#x13;|�J��BR/���&#x10;��M&#x12;&#x1E;��j���&#x11;QG��6&lt;�ն�MS���,��V&#x15;�&#xE;��*,���ۭ�&#x3;��H��wg�v+�ݱp[��ԩ�M&#x1;��(��j���)�DmsmvU&#x1D;w� `,&#x1A;�V���g,6��&#xE;1��EZ�țio���&#x15;E{髨��Y��9��&#xB;&amp;��&lt;��W�uQ�.&#x11;豢�&#x17;�&#x16;�u�\0)�W7&#x19;n�S��.6��*�
�9&#x13;�/�%&#x3;Nd���D)f��"�&#x13;�q	+��S�&#x7;Bծ&#x13;��~��c&#x1C;s&#x15;Q�\�&#x16;�7&#x2;Zd�{U	�Ԣ��KV��_�E&#x1B;�w���&#xE;\&#x17;}oE�&#xE;D߇�&#xB;�&#x10;Cs/�-�E�]&#x4;Ç�"�6S�L	�.��u"F&#x19;��2'&#x8;�d�ߠЗ���&#x3;�	mtƲ&#x19;뤪E1�K&#xC;&#x19;/��u���C�|��SÕ��&#xE;;4-��m'��EGbg��&#xE;&#x1E;C�w�vH։��)B�C�2&#x1C;&#x1C;�����'�Ի�&#x16;JR֕o&#x7;yh&#x1A;�2ou�&#x7;�&lt;6n}te��&#x1F;�q�_�0��&#x5;$�֯�k�����k�F̋�j}�E�.�B�j�䪐{%HV�}��bo��&#x1D;�&gt;-C&#x1A;�O&#xE;�D��jN&#x1B;&#xE;��Id�/?��q�R�zm&#x7;�	��]��x)&#xF;&#xB;?��aZ�\0�&#x6;�,&#x1D;IZ�D9ͽ�&#x11;58~� [�#�c�6�	�ŕ&#x1E;I�^~Nt�Q�$������ʰ��&#x18;��&#x7;H)`����_X�&#x17;�ྂ�&amp;&#x7;�� |��&#x12;�
�g3,;&#x1F;&#x1;Ǯ�\0`�&gt;"�oY��ي?������l&#x1E;b��p��Dd.�	V�&#x6;�ֻ��ey�b&#x18;&#x1F;o��&#x1B;��6��(��&#xF;��
�-5�Ԇ�l�`���&#x1D;D���P&#x14;d�#�D�&#x2;C8#!�D&#x1B;�4c&#x15;�T�0p�mg&#x7;	;H�	�5ڱ�&#x7;{v\&#x1E;a&#x12;�7:�&#x1;&#x1A;�|���O&#x6;9GH��T|�V?�DC}��_d�x\�����&amp;������&#xC;&amp;PL�5�B�C�0*&#x1A;L�CA�ע�#`$f&#x1C;�-j8	*G&#x1E;E��?�&#x10;VQ&#x14;:Db�4�"��7&#x4;���&#x1A;j��&#xC;(T&#x1E;&#x4;�b&#x1F;Z�f2&#xE;�Q�&amp;��&gt;��t��Q��+�/�e&#x1;�ل�����&#x1B;c�&#x14;Jr��m�]�:l�&#x17;�H%+$]�&#x7;x���l�&#xF;c`��&#x1;�ȝ&#x15;�s8ǟo��O*g%�ώ�����&#x19;�׆&#x18;���~쉿��}&amp;&#x1D;�v��ąd��A�&#x1E;&#x7;Y��b�R$�5?&#xB;�P�&#x1B;�&#x1D;����`�&#x1D;�ܦ-1Mw�� 	1n�����"�zj�( �
By��v��&#x1F;&#x4;&#x1F;��臣�,,|��&#x8;wf˷[Ͳ{trW:���f)&#x2;A�&#x13;����#&#x12;&#x1B;^&#x1A;&#x6;&#x10;&#x1C;-��f��VL2|�*�e�UƷ}��cek&#x1E;�&#x10;up����ۇE��[&#x1E;����[���yH�D&#x13;[7z˝�KU���&#x1D;S~Zoy=���&gt;��-+�y.ܚ��Z�厹C2g
�&#x5;Q@�&#x19;&#x1E;K��9&#x13;&#x1A;&#x1D;i��&#x15;�&#x1B;�H�X\C^�"�"z�ԒL�UH[&amp;&#x11;=a �Q�D��j�Ó�N���d�,�$�5���2���4�\0&#x8;&#xE;]뜠���&lt;��R{&#x10;Q���4��e����6�-�&gt;��G��g&#x1C;_��^��o���ͽi��C&#x7;���s��w�&#x1B;�5��Vn�Ɩi�=G&#x10;M�&#x4;pd��`�"��4t&#x1E;0&#x1A;��z&#x1B;YǞ&#x4;��-&#x6;&amp;��&#x14;��e��7G��&#x11;�&#x18;�`G�&#x1D;i2+O(�h�&#xC;z&#x7;P�&#x8;c����R��7&#x6;�/�1ꬒ�/�y\0=�=���m��=��ZFS�(��&#x6;��)X�v&#x10;�_&#x12;=��3�S�&#x16;�W��_�&#x1;�U~(V}&#xC;��|��K���&#x7;�FlevV�_��Q��;���{a&#x1D;��b�L���Ռ��V��T��ڋK�&#x1B;�F#v1��&lt;ǻ�&#x16;�D���G'�&#x15;S&#xB;&#x1C;�7�}&#x1A;�"
~N�۩�E&#x2;�ɮ&amp;��&#x12;��m��D�q��&#x18;�X&#x1B;X&#x1A;;�$��f[��.9�/�a��'&#x14;��/&#x3;&#xF;׸��6�&#x3;"Z&#xF;&amp;p�^���|Ż�n�ʫM&#x11;��s�w&#x15;&lt;4�f�kF�+&#x1A;�a�r\0&#xF;mt`26��t-���m�&#x16;q&#x4;.�cZ�EnD=���C��\0'æ�_g���0��9��i^�C3�&#x11;�g�PE�a&lt;&#x18;��&#x1F;�&#xB;� ._�͋��?&#x1E;Lh;���^O�L�z�a&#x1;�_/��|&#x18;&#xF;������ԅ0&#x8;=.�c��b�k�U�_�.�1��i&#x19;���x@��W&amp;&#x1D;/�}ۭ;�^t��&gt;�&#x13;�0&#x1C;$׋�8^":�Ax=�R�5��u&lt;U:�Ax=�R�5]��Q�&#x1F;/0&#x1D;� �/~eT�W��z��t&#x10;��Z~��Kz7o(��&#x1F;E�8�~&#x2;�&#xC;G���_/&#x1F;F&#x7;�&#xC;��Wſ��&#x17;����w}n�&#xF;CP�&#x1D;'��o�&#x17;&#x1C;N&lt;�#�&#xF;�������&#x1;���?�w����E��h��7��/&#x18;������I�,�&#x1C;�������w����/�����&#x12;��&#x16;6�����������ß�������&#x1F;�9��ן����_�����?�����/����[������}����?��o���7�Ͽ��&#xF;�����?�������������_�B���_��/�����%&#x17;��!�4v&#x8;}&#x18;?����B��E?!�,&#x1D;&#x6;Z ��(ISI����&#x15;�Y@K	]�&#x18;&#x18;۰8urq�Z�C���&amp;�M��.
Bu�P?h��"3/�"tq���&#x4;
��&#x10;�&#xE;���&#x2;wov}���c�.&#x14;�d��&#x16;�q��&gt;hz�&gt;B��̑��Abcm&#x8;5��U�Pw_���� �)Gϐ�b�u�_���&#x1D;&#x3;�!����%�,�]�[{4�&#x18;l�&#x1A;��9�̵���NI��&#x6;�l�\k�Ѣ&#x12;~x�8^	�9����&amp;Y&#x2;���{H�`��3Go2b+�訩��`��L�^�p&#x16;}Ɍ&#x1A;8�*&#x1D;c&#x6;,&#x17;��GGz��N���h��gu:�g(l�s H4&lt;C�&#x8;&#x1;����c^'�3^���E�Xi.&#x1E;y��H&#x1C;�*�;�\0�#Z��=�8&#x8;&#x1A;&#x1F;���1^&#x11;N
&#xB;܈&amp;���&lt;���&#x13;)HO�H&gt;&#x1A;�A~�ӏ��ī&#x1C;��\�kvoqԸ��&#x5;&#x16;8�&#x1A;xK�W&#x1D;?&#x19;��^x&#x15;�c&#x18;m�}ޞا�� _55E.�����P&#x11;8��S��&#x15;&#xC;�E�%�P#i�#Z��ć&amp;MJG�&#x12;�ܷ���v�&#x4;�T�&lt;+y[�&#x15;IϬ�G�X5�G&gt;�kr�g�!�G;v�����G�Ϥ[���,dg�-RPL�~��7��.D�a}%}���W&#x1;��c1YA&#x6;�q&#x2;�nb�}R��&#xF;�`]&#x1B;�&#x5;�y&#x10;�&#x12;��G�F�&#xC;
x̴&#x17;
yB���&#x4;uB#���s&#x18;��*&#x1A;z�]&#x12;&#x3;&#xF;&#x19;%&gt;bArE-&#x11;&#x1B;�'ȯ�&#x13;�t=�9�x��r�
zDYibަ�kꙇ��,��?���(�]��ӎ���pL�r�o�&#x1B;N&#x1E;��D�	&#x2;?=�N�6mmm��=H)��F#o���L'#Q�dRT�&amp;PCaH��&#x4;#X&#x16;�:&#x17;�ǝtp,&amp;�l ��&#x18;�fMcU���듰��x�J�v��T:&#x17;&#x8;��&#x1B;�
�&#x14;W1�&#x1;N�Z&#x15;&#x10;C�{��]r�"�\Ir�Ҕ�&#x17;�_&#x12;�f����pf�zt5����H�9`W5 p�W��c&#x5;�MD��(��o�+���-��.&#x18;&#x1D;I��f��&#x16;\0��܃�N�Q6�J&#x18;��_�Z&#x16;g����M
�)Jϡ�
��x&#x1A;���&#x8;F�c&#x19;]TTY�I�C��&#x4;�{+\0�&#x17;��&#x1F;������:G:w�&#x1F;_�l�ږR���v�&#x18;1;�NXKƂ��UT�9&amp;���\�A�%�W�o˅\0�&#xF;S&gt;�G�&#x1F;R&#x13;a�p$��&#x6;��8�����&#x7;�L��&amp;�]�f�Ò�r&#x16;[�꜄&#x1E;�|ZrZ&#x19;O|�S]wN�&#x4;2�eSd�&#x12;�$�F&#xE;��U[&#x8;	�$�wĆ�y�_&#x16;&#x11;��1+�&lt;��&#x1D;��G�&#x1C;�i��Z���&#x1D;s�&amp;�:����'|�1 ���4h&#xB;�c��{&#xB;΍���?'6&#x1F;C/���\w�?kiy��K+&#x6;3Ｔ��si��zm&#x1;�ɬ���&amp;�Y[��7mk�&#x1;R��b��I�&#x7;����&#x8;89\�+�n��^�F&#x8;����`V��j��A1!�&#xB;� ^���i6&#xC;j'�| �*lP8���O��0D����j7&#xE;�Ň|H&#x5;����\p����&#x1E;'�&#x10;�yy�O�1��p�����ni�c�y��c�$ʧ4��&#x1E;�Ф{[�&#x1C;���,��&#xE;���r�&#xF;��@.�C�&#x1C;~&#x11;�dʍ&#x3;���$ٵ�Ƚ[�Ȯ%E��&#x1C;y��_:�}&#x3;3���pTΏqP^9K���&#x4;ywH&#x2; &#x16;&#x14;`�k=�&amp;����Hg;���R:�G�����o�j�#Wz�~N�&#x1D;�M&#x16;��b��&#x1B;Ex����&#x8;��||O��@�X�&amp;ْFo&lt;�!(���S?@"���/g&#x16;�&#x5;�/�UL7��*��=�h��@�&#x17;��RB&#x11;A|�Z�*P�y&#x1E;&#x1A;]o�X�&#x1B;�Z'�:&gt;ə �&#xF;?�rD��uA?��|��&#x1;�D����&#x6;vz2����&#x1D;��3棓�&#x11;�u+Ǻ�&gt;=:q��&#x1F;8&#x1E;Δv�wwF�'6�\0~w�Ìm*MVO&#x4;2H y��I�m;��&#x7;|�TX֋&#x8;�&#x15;!4�&lt;��`ģN�Y!y�Z�]�}#]x.&#x4;s$,�a�eg�s'&#xB;��O�d��&#x12;vn�ƨ�o�Ձr�'J��y�,\0�1g��-��h N��\016�u�/�N�Ո��v�t|�In&#x1B;&#xB;�7���o|&#x2;3��&#x13;�z&#x1D;&#xE;��7WH&#x1D;���isr��.�?D:;�&#x15;M%�(�`5�Z�+Z[g�+J��K�u�(�׽&#x8;f�(*��&#x3;t}0�&#x7;�&#xF;�/&#x1F;K�ѱl�EK���T4����}j�)�� K�i�K�t"���L�=�lHƛ������
A�&#x1D;U��HgX��_��F�f�BT�����I&#x17;��մ�,I]�&#x2;&amp;�3UU}&#x1D;ĥ2�
�&#xE;��E%b��k&#x11; :�&#xB;&#x3;cH&#x1B;�B@kR!���&#x14;[$����&#xF;��T�N�N@��N��%U��Sy�&#xC;���MM�P&#x16;E��z�9;kg�e�??y!f�۷�Bg��&#x16;�V�&#x4;u�&#x3;��GW W9k�&#xC;�
���&#x1;,�&#x2;�Y�Y�M�!��|(Oǩ�w;�my�eƂP1&#x12;�&#x11;+n��uO%*Ռ�i'��۠o�Q9���Hw{pm	�PBP����Y&#x11;�T�&#xE;r&#x1B;&#x14;xk ��`�!�&#x17;�eN�t&#x1E;]�嗰����&#x15;Y�^�+�:E��\0&#x12;����'�&#x14;�&#x18;Q&#x1D;5�������H&#x1B;I�G�QI͸Jf
+�X��l&#xE;ґ�(�&#x11;&#x13;#��&#x1;�h$&#x13;`����&#x1C;.s&#x6;z|&#x7;i�ٜ3�3�&#x1F;W�c@���=&#x1E; y�(~&#xE;��#�K��2�M'/9&#x15;ğ&#x15;&#x5;�'�0	37؂�&#x15;�&#x1D;&#x8;��ʂ�&#x1;�OM����F*��&#x14;kpL6�u&#x11;&#x1A;u}�&#x19;��Ok�Y&#x2;�!`�I����l�gco&#x11;�i&#x15;��-C��~��{&#x5;��&#x8;��f�/B�S�&#x1B;&#x16;�i,�@4-8S&#x1;�&#x1A;Ѥ&#xE;U�үUY�쫀�&#x11;�*�s��&gt;��`r`��=l�k��O�:�w��&lt;{ɇO�R��&#x1D;%���eۆw���v&#x17;+��K�E?��&#x1A;lgW�d�~��e�����l_�W �I�@�&#x13;!���&#x1F;ê�ҙ��&gt;�����m('i&#x8;��ʸ�\0�J�%i1YGhv&#x17;u�&#xC;T��&#x8;
�4���3H&#x17;�����&#x4;�;`2�&#x17;&#x19;&#xE;�k�L�%�6����z"��i�xQ&#xF;����&#x10;̑��Ӣ�N��JI�%L��*;fͨ"e�gM{D&#x1C;��&#x1B;^)�2���zͽ�/&#x1;��"�&#x13;&#x1C;T#&#xF;� ŷ��&#x10;��\+d6s=Z�&#xE;=Y+&#x6;�d�$jbV�&#x1;*.u�|��̵*	�&#x3;]9�cP�EZxB ��&#xF;�&#x12;�8�S�&#x14;&#xF;�"�u�u�3mAY�#�&gt;&#xC;��d��)�����[�ٱ��j&#x4;�g�2&#x1A;��\)���&#x2;t&#x13;�֤�jw���9q�D�Y*G$/�W6��&#xE;�˯Rؤ�t؈z��F�N|"�j#n5&gt;ɂ����'��=��:�}����&#x7;&lt;��ʇ��ᛄ��T�\�X�?F�76�`$�&#x7;Ȳ����H~&#xF;�d�V4_��З=�AޥH�b$	��&#x16;��F&#x2;{&#xC;u���n?L;�{6��.H	S�	
[�B��g�&#x2;���v���7��vп.���&#x15;�(��g&#x16;�O�J�Ŝ&#xC;�O��\0�Jg&#x2;T&#x1D;-�kH��&#xB;5�&#x12;�*�5�&#xB;Ƣ�o-*��&#x18;h��/��&#x11;ļ&#x18;,�Jcs&#x12;��\��غ��R&lt;'˭&#x1E;}��۰��&#x3;&#x2;v�ڣ�&#x1B;4�&#x1F;4S۱�G?&#x7;5�x�&#xB;��ʣ�\�1�~&gt;��O�S&#x1F;����ԓ�YI&#x12;~�O?K��O��MH��&#x2;����_3�]f�9�ƃ$Z� 60����L&#x7;F�&#x1C;�=&#x6;���4�}3m��&#x1C;P�����Д��RX���&#xB;j�X�}�{��N=�:K&#xF;��Q&#x12;�I�P]�mAX=/N\@d&#x4;g�F�A�&#xE;,?]���q�&#x3;���AE�Kk`�O/&#xC;�]�&#x11;Ѧ|VpFv&#x7;�қ16�&#xC;�I�&#x15;��Y�ab&#x11;q�H�fZ�¶Z��&#xB;&#x16;��b3(;�X�@�;��&#x17;&#x12;*z�)�;޴�c4�f&#x1F;]ф\\���P6d�m���&#x17;�&#x7;�#�&#x18;�v&amp;&#xF;�gZ�&#x11;��T�R�yO�[�����;&#x1B;�H&#x1D;�&#x11;r^�����T&#x19;�ܨ&#xC;��?7N�èh�&#x4;3���YC!&#x3;�dų�ϸ��,|�&#xB;��UEI&#x13;`����|�ۍI�@|�P��`vL�:&gt;��߬��
&#x19;S���\Y�b;�@��|b�tU�&#x15;l ��"�&#x19;��&#x2;&#x1B;&#xB;vd&#x3;�
G_�}��#��i�;IYA�D��x��l�	 ��C}��0��㟋�&#x15;&#x15;&#xF;&#x14;&#x11;�#�O�&#x4;�H9�H��&gt;&#x13;��Å/��3�䀸W&#xF;�Ipd�|���ΔՓl�E4��q&#x15;ue�h s�,&#xC;d&#x1B;�^L\M�&#x1B;&#x10;v�X˦��&#x1D;q�G&#x2;"m�G,:��G�&lt;���_)4��]��tϱDx�&#x1B;oȎq���h������ږ\��8�n�&#x1B;«�l	n��2M&#x2;�K&#x14;�K�ų�&#x19;��&#xB;�1��ɻ&#x1F;����s�`�%d�r�E�&#x3;&#x11; ۅ\0���`-΋�0����&#x6;���b&#x13;&#x3;�@�&lt;�@��&#x2;�x��ƛ&#x16;U�(X��֕�&#xB;&#x1F;æ_x���=�8�V��2؛~��~�Q&#x1A;�&#x1D;&#x1F;���6|�V��)�#G&#x12;�j]#{�-�]f�`��Jp�z�$�&#x1;&#x1A;&#x10;�1f&#x1D;�'1�I��QO���l&#x10;�$]���&#x10;&#x1D;fI&#x8;&#x16;��/6`&#x1C;m�!)�&#x12;�&#x1E;&#x12;&#x15;��&#x15;�����l���c��v��j�&#x1E;W�*&#x1E;Q�K����&#x1E;G�L���r����=@4U���9+M�&#x15;{���o���t&#x7;�@Z��7&#xB;AP��&#x1E;���Q�&#x5;�TY����-���^����|b�l�R}؟2�R&#x1B;~m#6R���v���J��lI�&#x6;�.3]W�&#x7;�t����&#x1F;��&#x15;E6I���tNx&#x18;&#x1D;��&#x1D;&#x7;��&#xF;%E��)h���9&lt;&amp;�X{&#x6;�i��c�̡,s�&#x15;q�v���+�=��K-"��&#xE;&#x3;}&#x6;\&#x1A;�Z�n�&#x19;�&#x17;JP��3�[��&#xE;�6ӻ'4�&#x1B;�E;����\&gt;Yjr|R_.5�&#x5;�y
e�=;��5i�$��&#x3;+���&#x13;^U�ȱ�Vюc\����&#x19;�yIG���&#x11;Q�&#x3;b&#x15;&#x7;2���e/��5�&#x1;��H0~�|�4cI��x&#x16;,Ȏ�&#x1D;
��-���&#x14;_�W�-�&#x15;sg�6�6c&#x1D;$�Xe�|\{�&gt;��&#x1D;O!�e��H��=}#k'�%/�&#x5; v^Hq2�Ἑ)%�d��&#x2;U	�Iݨ&#x3;}�䇷��F��&#x1C;��s�:u&#x8;6q۶���&#x1C;���"9Q�q��&#x17;Ҍ��&#x1;Q�%Y���&#x4;� t�9r�u�+&#x5; &#xF;'ɾ��&#x1C;�J�t�����|Мc÷�e�9�&amp;~js&#xE;�D��;�%��-��4�`8��&#x1B;td��s+�@?O��Ot��ZtЏ�w�&#xB;Ts�4&#x1F;s����L�?���SYĎ���1�y&#x15;�~Ņx��*V*X�&#x1F;&#x10;�\0�&#x1A;�A&#x10;5&#x17;��w&#x6;Q	8�&#x3;�~&#x6;��&#xB;	�j�M�&lt;&#x2;�d7K�2.��&#x16;���;�yO&#x1C;Cmsb.�E ��S�Һ�tW&#x4;y�&#x7;��0TvL�n�j\��Vg��@&#x14;?˄�v&#x19;J�9�.����u��Nv�sD#�&#xE;E�ߪ@��@��&#x1D;d\0&#x1F;M�Ҹ��V5G�ˈ&#x11;i&lt;�VB��(VK���&#x1E;��y],@giW�	&#x8;N�E&#x1C;�&#x12;&#x19;O�c�M�&#x1D;�&#x1C;�D���4�A���BQ�AmK�c#�jEN�&#x1A;�c��ř�10�&#x17;�K���#&#x14;�兢���ʑ�� �&#x1F;����ho&#x17;�1vx��˸&#xB;��6.�~��5&#x11;w
�7��YR錷�Wj&amp;�{������=�we�������VxY�e�&#x3;�I&#x15;�D�&#x17;	)�wtCVnBT9�����&#x16;&#x1C;�/}ֻR�&#x15;4?��&#x16;�$Bc-ث4�U&#x1B;A�� �dh�&#x15;*j��p�;t&amp;`&#x17;=-8�����}���t\�T���cd�q�z��������&#x1D;q��M��E�;�A��\m�&#xB;��j�� �zk�ض�,҃��@hV��,�&#x1B;��H�ʙ��&#xB;*����}QEK�e,�z�ũ��-�8&#xB;�j&#x5;�6`�&#x11;2�=ñ����/��&#x18;&#x6;���vSf6&#x11;�sf&#x7;��}wi�f��a߃��2c��4[(&#x12;���*����VtQ�cUZ��b�4��g=Im&#xB;�ۏ��b\0�ˉ+O�D�\�^v_&#x15;&#x17;sSpq&#xC;��hJ�s�+x�&amp;V1����o,!4���&#x2;&#x1D;0{�?&#x8;^�]W�2��_&gt;&lt;�̩��4�6\0�|=s@u�6&#x11;Hą��{�����?q4d �}�psum��{�z�ܱ_&#x15;�.�}�CX�Qk��.�k'��&#xE;��1�]��a�È4J�yW[����Q&#x1F;߻n&#x14;�2��ĉ֞���&#x2;č��P�uCl����k�]�C��_�������b�&#x1E;�;To�_�d�m����G���u���^CM�ʩ=��FV%&#x2;&#x1E;�&#xB;;�1D�&#xB;�&#x2;C&#x14;����!:&#xC;k��&#xF;��'��s)�TR;�����7�V��gՐ�&#x17;|vVٮɻe��]Aa�C��#Ѱ�It��&#xC;��6&#x17;�u"&#x14;pEo[��T}�T�&#x1D;x�&#x2;Z�G&#x19;L�ޙ"O��2dU�_G&#x7;&gt;V���&#x17;��J�}�N��tf�k~�F�{h�l�$&#x1A;��[S�7�ÓZ�`��k�y���ֻ	=b�8&#x14;�&#x17;��K��%�1	&#x7;)��&#x15;ړ�����Z�&#x1B;�j���iْu-	�r
�ܒ��l�w�D�&#x7;_U&gt;1&#x4;3YE4�&#xC;T�HK.ƽ������)&#x19;�,_&#x10;F�m�s,�&#x7;��j2�\пK�2�&#x7;�G|��Tz�a&#x8;Y&#x16;��&#xE;���v�`h��yOd�J�hG��&#x13;%�Ck�m

&#x19;͠3���E����~�t} �|�&#x1A;&#x1A;h&#x4;������Y�&#xC;��&#x10;E*�(&#x6;%�N�-��R&#x1;L��T�mL��	����2V�p3&#xE;,Q�3�c��&#x11;�-��I�:����&#x16;0��-�D&lt;*gD�V�&#x11;P�5�&#xB;FDLr=�&#x13;�&#x16;,w\�&#x1F;,��&#x1A;
�u�1=&#x1;�bj���ǅ\�Y�{�&gt;�^S���~a&lt;���WB�/&#x1C;n�!�&#x1A;n���pC���O^[?����+g=��8{e��+��nf[��&#x6;�|O	&#x3;N"�V̭L�2��2�w&#x3;�\��&#x16;;ĭ&#x5;R��S����z&#x7;z&#x1B;���nQ�`f��G"�&#x2;��NG�8zZ��+v�_��4���hc�Q&#x16;is&lt;2��C�)�B�$Miq&#x3;l/�H?�5�RyIm&#x1A;e�5&#x5;YU7z��&gt;7(�M{�&#x1B;a�3�DGP��@lϡ�Ɍ�_U�S���h&#x1B;k&#x17;�"U&#x10;&#x7;r!ϯ��&#x12;.�κ�'�E�.)}͇��t�Cu?O)}&#x14;��ե�ԕY1*�9tdrS�CC&#x13;��:���&#xE;�)�М(�&gt;&#x5;&#x1D;�&#x13;�&#x2;K��&lt;ێM.ёy�1��Jmo��&#x5;&#xB;�� �)l�&#x11;�kͭ�v��῭�Yuh��Lơ��j��&#x1A;��t�H��TO0LS&lt;9N�[xa�����1ѵZ&#x18;LӌƎ=�&#xE;s1g�v�E�KP�m�02���&#xE;:��E�UN�LJQ��%^&amp;&#x11;��&#x6;7 f�A��uhi&#xF;&#x15;&#xC;�&#xC;ܳ��p)�v�\#t&#x13;U/i�K��%�&#xC;����C�Rɿ���P�sc"WC	�g3���&#x1A;J16�&#x12;7&lt;&gt;6�����X"����&#x1B;&#x8;5&#x1B;H����4�&#xF;&#x1F;M�?&#xB;��ˣim&#x4;|a4I&#x1A;5�V����&#x1A;�&#x1B;���&#x13;
^�\�s^8O	�N��%R&#xE;�&#xC;;��^�d��ѝU��S������ܷ�&#x13;@�i$i���]��&#x5;��(�"F&#x12;m�&#x13;`&lt;U��0�i3���Ĝ&#x19;���&#x1;&#x16;��Eĕ��I38�X3�����'�&#x1;��&#x8;LB&#x13;b��'��M�a0w�����	iF���g�f���\X���y3 ���?��&#x1;*B���ff&#x12;&gt;�2�L&#x18;/��L�_Ǚa{�4�{Ϫ���
��ӓ�A��&#x1B;		&#x4;�����,�A��&#x6;C&gt;9��s�K�	
��F�Y�&#x2;��7��g�ftX\�p�63\�P8�cqVD��c1s&#x4;	��a�&#x1E;�!V&amp;sul&#x6;��iҀ���h�'���]5&#x1B;-�e$���
���YW�&#x1;��Rѹ�M�Dͦ^c�Ѣ�p�)&#xB;�&#x18;��&#x1F;�Eֻ��g�9V��	]ϖ��T]v'�@G_��]�N�(�8b
�@�1H�1!	�)��,��&#x1D;����&#x19;�pA��V��%�Zđ�C[�Pˊ&#xB;���ͷ9�5;&#x1E;&#xE;0��ITKzQ�&#xB;q\W�:&#x1E;&#x1C;S�4٘@��5&#x1F;�p{T翅c(�'�o&#x2;A&#x19;��~�cFv��&#x8;�&#x1F;#&#x2;�T0�0^A=��P��P�?��͈
�e&#x6;�~��n�T�"g�~.�oY~[/&lt;����W��&#x1E;��q��đ�J�O�����
T��d���J`A]�9&#x15;c�6Bd�!ȸ�&#x14;Q�n�1~@S�&#x1A;d�P�PW�&#x18;[0#&#x1D;���ks&#x1F;�K��o3�O&#x11;Ǟ��o@&#x1A;������&#x7;a�����A�l`})]lg�}&#x1B;��7�Y@&#x13;�&#x4;��&#x1D;J��찆��f	����&#x10;�H��&#x2;1l�����N�0�9&gt;�&#x18;֫s�{&#x12;��Nu�tb����;C&#xC;&#xB;g5�Cbؤ�O �����O&#xC;C1�bH��&#x10;1��8-İ����&#x12;��-\"��f�:�"�eZ���uM������&lt;ZX&#x8;W���rZ�e�����G�&#x10;&gt;d$�Q��l)�&#x16;	��Ha���ᤰ�c�9^s�&#x14;�&#x7;��#�]&#x5;�M�(f��&#x11;:GK&#xC;wV�ËӶ&#x1D;�̝RV��^��sk�ⵞ�R�*�'+u�4ȵ^��uE��|/�`K��3��g0W&#x8;�&#x1A;ߗ9�h�A�C�/�a���+��i���Ǚ�m��}�&lt;&#x7;�T]3����&#x3;&#x1B;��r��C�.&#x16;�J���&#x2;�L���Ru}(1�&#x18;���me&#x5;m&#x11;�m��O�+&#x14;��%��҄&lt;f�@ž%
���@���5&#x16;�D�2$�����W8��S�&#x13;S��L"��byjf���ʏ&#x17;5E&#x1F;i�:&#x12;����&#x19;i��&amp;�)�i&#x11;6N���a�h&#x1B;�c��&#x5;��&#x5;��\0&#x12;����z�t��&#x1;�31�rVs�&#x1;d&#x4; f�Ć����u�懱��7p;&#x8;��I��W�?}!t\&#x12;�#��f��I&#x4;�&#x1B;�9�w&#x1B;˳
\0���	Q�&#x2;�L�����Y�&#x1A;&#x7;�-;Œ�A��lN&#x16;h&#xF;$(&#x4;�A�r%�]�3u�5"&#x1B;/�|&#x11;WR=�Y�~�D=�~�	]&#x2;�[\��:�ⴓ�&#x16;�/&#xE;��zW"J
�Ԑ�9&amp;2i6a�v&#x1F;&#x1B;&#x3;$�a���u�\0�&#x5;_o���ǫ�k��T֯��H��T
,Ĺ� s]*&#x19;�&#x1B;t��-~4�&#x19;&#xF;:d,]&#x11;#����1&#x17;�&#x1A;��f�ٌ��2��ʠԎ&#x12;��5�C&#xC;;�E&#xE;�&#x18;nmUz��5H�)w��狾X��2N�&#x1B;�Q��,c�|M��1�&amp;{$,A&gt;�&#x8;���Ĳ�T&#x13;F3�&#x13;�U&#x19;��ڍ8�:�ٞ�A3Z/�r�sP��bfh��hFD�&#xC;�&#x1E;E&#x1C;#���`v�V��&lt;#�ͫ&#x13;�e�&#x13;���&#x4;�VzX\�&#x1F;�@Lμ��-��U�Ce��g&#x1F;�&#x18;�6cn�^��6ڮ�=l�r�O\0���H�
&#x10;�&#x1F;�֓x�&#x8;��S_� H_����!��&#x18;���&#x1C;ؘ�&#x19;y|-W�bt%L}�&#x13;M&#x3;��8�U�i�P��!�T�`m74&#xF;fv�^)��V'C�&#x1D;�&#x1A;&#x11;��){���&amp;k&#x1C;�`���!7��E���o�. ٩����kn�7�)e���Ʒ&#xC;��nE��k{mj��b{�9�#S��U��g�&#x2;Ʃ\0��&#x1D;�B�o��F�}[6&#x5;��z���&#xF;6ɂjvy(��*�&#x13;�&#x1A;�u��=�N���=.mL�{F�*7�u٩��L&#x16;�v E�
&#xF;\0&#x15;Q�C��&#x18;G��k9&#x1F;�&#xE;��&#x1A;r&#x10;˨&gt;&#xF;&#x1D;Tb֫8����}��Ŭk��}Q&#x2;�r�H�&#x1D;��&#x3;�]�&#xC;.m��2&#x3;ld�&#x7;2�W��&#x12;�p���qj�u�ik&#x12;&#xF;M����*�&#x3;p�jN��&#x1F;��y�kw�R'��n�)��M�'�7m�&#xE;���,ݙ�&#x1;�%���&#x18;[��6e�=&#x1B;&#x11;몣&#x16;&#x5;�{�O;��Se;����&#x1E;�&#x16;&#x1B;������r�|O����M}&#x1A;�&#x1B;=��&#x1F;�N�M\0��&#xF;`�C��kL��&#x1E;���&#x2;��\03e&#x1A;&#xB;���{ӊ&#x16;�!��=�Y�2���&#x2;:r�Q$�W&gt;�Q�&#x1C;Z�"�&#x1B;��`ĬQ��5��$���=^�4�\0��@T�E�㮝韆��p&#x11;�&#x15;&#x7;�R{�������ܔ֫ɯxA0�}�tKj͚YO�^M�L')�ȒU�΅o��p2���wE&#x19;&#x7;i��&#x5;����tQ&#xC;�2�t��&#x14;Zv��hx&#x7;nY&#x1F;&#xB;#&#xC;c�l�nhUM#�&#x1A;)�?&#x3;I&#x19;�&#x1F;&#xC;&#x1A;���֢�&gt;�9�&#x6;OؒЄ۸&#x6;��*���&#xB;��KiYUh^��&#x1A;�f�?��r���&#x1B;C�&#x1E;\0�S&#x14;\0��ڊ&#x14;�Y�Ty.X&#x3;�&#xC;s#R�2�c�6��.���;�q�0h؎-"NU��X�*}�9���&#x6;1���SK���c��O&#xE;FN7��Yր=����&#x12;&amp;%���\c��W䜼)=Cߵy��Y�R&gt;F,n��\�&#x4;}�Ą�sks�r&#x2;���&#x13;���&amp;&#x17;&#x8;��@&#x17;4���&#x7;�!9ZP=(]��p�ξ�m�}�-�d����&#xB;���I�g�}��7����&#x13;�\0�b,�fW��6"j�����4L��!%ijsH&#x1A;*Qug&#x12;�l��=	9/�v�&#x7;��ގL��	���)U�	7$��1�Ou�Һ4Q����,�v�4'�v�r&#xF;l�E�{O�}���u*�z�u���&#x1D;S�L��&#x1; �Z�&#x11;���&#x1D;���f�0�)��u��&#xC;ۉ�YG�w���=aR���RLJ��@&amp;&#x6;i��1��&#x19;���$�Ha���&#x12;f(3���Ȳ&#x6;�&#x3;&#x1D;�c&#x16;"�&#x14;=�ȃ�&lt;�G��礻%�KR$&#x14;�&#x2;
�%��H�P�&#x1A;&#x1A;u��f�n�_5B�v4r(k&#x12;�����&#x10;d�����Ja&#x1D;�?뉺?��֞\�d�4&#x1;�&#xB;���(�-NO&#x4;��BG��*�E9.�|��&#x4;Fם�]=j[Sn�&#x13;g�����#�*ZjB�3�&#x11;��sC_��Փ��w��}�]��q&#x18;�WN��2��4E`p���b�12&#x4;�S
j&#x8;��&#x1;&#x1F;s���xu�~����N�&#x18;&lt;H�&#x3;�+h��{�-�&#xE;Ӷ�Au��SZ�&#x3;�7&#x1A;��&#x17;�C�&#x1;�}7�&#x19;C]j�\.�c2��&#x5;��*�A�+&#x10;��9?؃~�.�YV~��Yճ׳�s��&#x16;�1����HV^s�p&#x11;�s[۲��&#x1D;&#x13;�r�&lt;+�&#x5;�{����&#x15;��\02~[)AN;���29��\q7i��t���|�`���䏦�d��r�3%��N�&#x13;��'��'K�-�N�f��,��Q���&amp;U�8~��eHՏ�&#x16;�L��H�~���&#x16;&#x1F;{r�V9� w����_����6���Ѳ)&#x19;,�N�H�!��xsg&#x2;`�����ӗ�w�ܼ�h:D�*�}�7��6&#x16;=
T]8-�&#x1E;��u�ui&gt;g����&#x1F;��f��i�Fu5��\�=���1�Y�-[�F��k�*��ɦ�N��߱�G��Z&#x17;�&#x8;#`�kΉB�&#x1;&lt;&#x14;���\ݏ�T���k��;F{�ú,��&lt;#�&#x2;�G}�M8;��0���[�&#x12;�&#x1E;&#x1A;�Iu��J,&#xE;�m����P�_����؞,FJgl&#x17;T{l�&#x6;l�-C�?�
.�&#x4;
�����S6�&#x1A;tdr�Z���@/5)&lt;��P5��җ�z��\�&#x11;[��Z�ƥv�m�Yʜ_�&#x8;%t�YX'nY�^&#x7;�����0�Ѩ�X&#x14;&#x1E;'�������)4�Xj|,d����,ﮏ��&#x10;���Ty&#x13;�r�&#x14;&#xB;p�z��.+�6�&#x1E;K�i�Q��[b@R&#xB;�- ��&#x1C;�����f�&#x1F;e�S���1&#x1B;����I�~S�:�A��XP%�)&amp;�$�GS\&#x1A;^c�A�&#x1F;�v&#x1B;-ݮ1����qɡlu�y&#x1;�&#x5;*�e�T�$&#xB;�βT�&#x7;�&#x18;&#x8;R�5&amp;&#x14;����(�+�2"�&#x14;0��&amp;H�:J�o�!�~PS]r!J���S&#x5;����� �9��P�!�Z�B��f���&#x17;�dJ�R7/�&#x1D;�Oü'd ���r&#x11;Q��A�)�,��d�}Q�&#x13;��&#xC;Xg��&#x6;Vώ��@�C&#xB;�;�_�j�u��&#x13;��2�h&#x11; .9"�$okS7�g-�ă}�������&#x1C;��&#x14;�M���&#x1A;NBS�&#x7;&#x13;ndQ:��h8CB�%R�jÚ&#x12;�6\0�T"&#xE;icb	�~:�A&#x7;�{�i��TTŒ�v�&#x14;�"d�~���8"&#x3;�Ζ��B�&#x13;�$��Y�%5Mm�AV_��"�{!�#��F&#x1F;�m�7M���;k&#xF;�&#x5;mǑ�V_ꇸ��#p k&#x1A;��V&#x13;$j&#x4;���&amp;ES�)�J&#x16;/M�pMB�&#xC;��0��bV�n"ա�	����&gt;�M&#x1E;�p&#x6;)���R���$&#x16;�N��8Y&#xB;5&#x18;�$�:eK�&#x1D;4&amp;^*�Z��I����k��&#xC;.L�Q�&lt;�h�9�y]۵-&#x15;�)&#x1B;�qk�"z֝)&#x15;���\�Ȧ8��&#xE;?[S����e]J�6�C�-yZs�af�������sU��=)�:�����p��&#x1F;vY��ů�v�P��&#x11;�]J���.�缹y�g��Ү��w�&#xB;���ҮC�p�j�K����Pp뛕wU���&#x6;�]��~D}�A@Ɇܧ�l�&gt;��}=�l���/��?����������ۏ�&#x3;PK&#x7;&#x8; _\0a̚&#x1;\0&#x12;Y&#xB;\0PK&#x3;&#x4;&#x14;\0&#x8;\0&#x8;\0Mt_?\0\0\0\0\0\0\0\0\0\0\0\0&#x12;\0\0\0Resources/_D1.dict�]K��8r&gt;[��C�&#x12;&#x8;� ����ް&#xF;�u8����X�Nxf�1�����."�|&#x16;\0�UՒ.R���E⑏/�L��ۏ�~����?����������򏧿���Ͽ~�������?|�������w�����_&gt;���~;��&#xF;�ۯ&#x1F;�1�&#x7;���&#x1F;������&#x17;����o=�����ӻw���~��}������G�ÿ��7�5����&#x1F;���&#x1F;?~��?&gt;��_&#x1F;��������y2�����dΕ��&#x1B;zѻ�Su�O�?(�s&#x8;(��:~ԅ^n�s�&#x7;O�|�/���\���&#x1C;���&gt;&#xE;�X����\G�P��&gt;��.7{����{.��&#xB;����/�A7&#x1;&#x11;��&#x17;�[&#xF;O&#x11;_�:[�&#x1;��&#x7;���/����
_Ɯ;&#xF;�+�c��~����s&#x13;�������8]�����&#x17;Q�&#x1F;�"��~&#xC;��������d&#x3;I�w��C)&#x4;x��E}���8d2��|�aq!T)&#xB;���頻�1|�b�����ܿ�ө9w�/&#x2;&#xC;?\t�7U&#x17;籪�a;U�l�&#x7;��p�#I�]\h&#x15;�.\�~����F~������B.&#x17;����7�W�&#x1F;&#x18;��^�����ݣ�J_&#x1D;��&#x11;�s&#x15;/u�&#x7;�u�Od.��&#xC;�ُI�T/&#x17;�&#x6;&#xB;�&amp;.Q�]�&#x10;N�;[�&#x17;�&#x15;��&#x10;&#x10;_&#x1;��4�mE&#x12;?{�\0��q_�&#xB;&#x3;���޵�a�&#x14;�y&gt;�&#x18;ĥ&#x1D;&#x17;~/�g�98+��������F�[$n�~�«ĭܞ�&#x3;	�&#x10;D+�)&#xE;��	��e�{�&#x14;&#x18;�F���|1��^'�+�4�&#x17;���&#x13;�r��4��!&gt;0�i�o&#x5;|�˾��/���|�Gpx&#x11;��"��L/�ĳ�H�`g�����^ ��?\0Z2&gt;�e&#xC;D���ؠ�B�&#x6;z&#x18;Ǥ&#x5;M|���A-lL��1�v&#x1C;���|Thx1�&#xC;&#x12;_x|M�&#x15;&#x1C;������˗]F�&#x1F;C���6�MԿ�'����d���\�)Ag�����X�&#x1D;���H��&#x17;0&#x1;���	�d&#x6;&#x1C;��&lt;řn��A�r�R�&amp;~�iU�Du&#x12;Dϐf��)R��;Q3�e�V�h.FQ�OP!�I5�tm�&#x1B;����%*&#x18;&#x1F;&#x1F;P�&#x1E;�5��o\ }&#x13;@��+�3�\0j���l\���M&#x10;��2�s-)�^|�m��/�[�g&amp;�����׆?oЎG��pG��k`&#x16;k���ra����]g������P��ub�nG=	&#x17;���E��OHv�&#xC;�e��&#x1C;�$�&#x19;�{��&#xF;E���&#x1F;�'Y��&amp;}w&#x19;�]&amp;:1$��ūz�\0&#xB;�̿��[K��s!S!3᜚
&#x1A;��8��iXy]����!�¨�@&#x13;F�&#xF;��&#x18;�L&#x1A;-:Hq��w#w	&#x14;,�֑&#x1C;M�+^�&#x11;\0)&#xE;A#���� � �&#xE;X��G��ʣȪ&#x3;�&#x1A;�a&#x1D;ZB�^�G�6�&#x1C;�&#x1C;L6�&#x6;�=��z���&gt;�L&#x1E;�&#xC;�Iy��f�'�����MHro�H&#xE;#&#x11;=x�	���iH�օ\1Gq&#x5;�m�~.N:GQ�/�ڗ��Ί&#x15;��&#x12;ʘ r�En�3u\��5z1ѹ\0�s���&#x19;�e\��(�M��F� ?7�WQ0&#x2;7��&#x14;���&#x1F;���ڑ�51&#x7;�5�ᰠR�&#x11;�~*ă���&#x12;{7��&#x12;&#x1B;&#x1D;*��8r&#x12;�&#x1C;�h��Sx\0��z���&#x17;2V&#x1F;x��&#x11;W��A�OQ)?��&#x10;-J|&#x17;����Hz&#x5;ك&#x1B;\0b��ilhM�F~Eo;�&amp;F��&gt;6&#x15;-F�ƑiG�b�@�u��&#x1C;�
6&#x10;&#x7;�VG�{�e�j�T{]	�w�&#x1B;�r���W/�=��6��o�^�&#x7;\0&#x1C;�j�-jE�&#x1F;q&lt;@t�?�)�&#x17;̯w���е��֋�&#x11;���B������&#x1D;&#xB;O2&gt;��H&#xB;�C���ݯ&#x14;PBqNA��TSTX&#x1C;&lt;�s��&#x5;i�u�!	p¹�!���~����o�@�,+&#xB;���ʊ�-le�&#x16;���dd`���:Y|zQVvּ&#xE;|өy���R�-	&#x1F;Z���ԧ�ubk�&#x1A;�&#x4;&#x3;��}m���81�v���r\0(�\0%\0"&#x19;&#x16;���_�\0`'/�ᢳn~&#x1;J@�6&#x16;��,��؝����&#xE;6I|��W^d6���h�\0&#x13;#wCD熮Gm��w�]��&#x1C;�&#x13;��q&#x15;�&#x1D;�&#x1F;�&#x13;9�&#x1D;&#xF;/�F˃M��ȃ�,�&#x1A;"�c��&#x1D;����&#x1;	ݎ��D%&#x3;����l��&#x11;��ٛL^�2{K�c��%x����?}�f/	�R�&#x15;$�2«�&#x12;]ͅVV�Vn&#x18;d�DVn&gt;����*e��Q���_��~&#x11;Y���8� ��&amp;S�1&#x5;����#L�&#xE;�&#x5;&#x18;�8&lt;�:��6�Q�G�&#x1D;ӛh&#x3;A�&#xF;&#x4;G6&amp;�Y1X�l):��
���(&#x8;��lWʰ�D&#x16;�&lt;�&#xB;�Vw��&#xC;�ؠa3p�WX���"�&#x1E;&#x17;�3�	&#xE;���&#x5;q���&#x7;��t|]�&#x1;Ʊg{�c��&#x4;ґ4xK&#x1A;C�H�a&#x7;�ar&gt;��&amp;Ý1QԿ09-�rf:/�&#x18;vrx&lt;�t&#xE;}�Ze��rƱ��7z&#x5;��&#x3;���A��&#x5;�b�M&lt;&#x11;	&#x10;�T&#x1E;����FF^��NC�̚�ɸ�H�;%w&#x1C;:E&#xF;����&#x1E;�W�$=�`&#x16;��\0�F�&#x17;[�Ҝ�[��&#x1C;&#x10;��X�&lt;iabdyصe+&#x18;��&#xE;�_���L��V��lp����_[Ym�՝%�\�];�޵&#xB;�];v�Ic"s%�	&#x5;%��ZCr�\k�۴��O��֑�&#x1C;�&#x4;o�̪é�x��㬮�t8/&amp;�9�$�8_Ľ&#x1A;/(�G�)R�����F�{SP%7��`om"����d�M�&#x15;��pz�&#x19;I�F&#x1B;A��:VM),޳��&#x14;�&#xB;��/�fc&#x4;EY�Ⱦ�&#x7;P�^�*:s�&#xC;&#x7;Em��\08s�s��NN1L&#x1C;{&#x11;���%%�&#x14;_~�9�No2�NF�	�"-�u\0�Y��(n%���)�u&#x4;���*�K��8,�V�Q:{�A�pp�=Z&#x10;�D&#x6;,&#x12;_\0&#x5;&#xC;*&#x8;��9�+Vҽ�|�&#xB;�'y�gQdç@U�Kh\0j��&#x15;�;&#x3;��&#xF;�&#x14;^芈�Ʊ&#x7;��yQq��(r���LT*�+�g�&#xC;�&lt;�:��	�J��g�r&#x1C;*S��ň֕r&#x1;���zz��7NH�&#x13;á'&#x1;��&#x12;i
&#x8;T��&#x2;�&#x1A;EX�&#x1;7? ��$��&#x1A;�&amp;�&#x5;��Z�E�l��&#x18;�&#x13;�&#xE;��=c٩��n/&#x1E;&#x18;������IA���Na&#x1E;\��3&#x16;)�pB^$�p&#xE;���&#x2;���i��|X�t��&#x1D;?|M�&#x8;v�&#x1C;E{'��V&#x4;0�fS&#xC;&#x15;Ԁ��ŵiOB��,�����&#x15;&#xC;y7�K��&#x6;׆�&#x1A;�a�bbl+��غ&#x14;[�߳��r�(�8���m$&#x3;&#x10;ș�&#x13;�حZBq�&#x19;�&#x1F;wc��	&#x1;L&#x4;��g	���Y&#x14;~TQ�����`��=����{&#x5;&#x19;�	&#x10;��Wl��y&#x1A;l[�&#xC;U&#x1A;�g:�=N'e�gd�9�VTL*cJ&#xE;&#x1;�@!&#x1D;��@�a�&#x1D;&#x17;&#x8;(;&#x14;�&#x1B;��@��&#x2;$�v'�f�&#x8;�(D�-�%*e&#x2;;\0r#&#x15;�&#x6;�t��%��&gt;�RaܶW*&#x15;*eG&#x1C;�A�p6�T�,���6pT!y&gt;
�xsF�YಒL&#x7;a�&#x1D;i��&#x15;�����n��&#x19;��w7�-�QG9)�1	!�3�i���!̐����p�F�����|�vv�vl���C��H��.Ǩ�q��0*4�%0&#x15;�&#x1A;&#x13;V�&#x12;�g&#x15;�&#x1A;.��&gt; be&#x1D;/+;t&amp;n�Y�e�U�&#x18;�U�jH�&#x1C;&#x1A;&#x13;&#x1B;�3&amp;[1+&#x1B;Ē8Ǧ��;�0z�nLj;&#x12;����T&#x1A;��&#xF;&#x12;c�,&#x15;�&gt;&#x11;��󧅣;�]�s3��Ѯֳ(�s��QY.z}�rc��&#x16;�&#x1A;Z�4��sR�K4&#xB;�h��aK�0�Ċ��2&amp;dLe/HO�4Q7\C�:�������'��$�+��9��q�������u|\0#�B���J���X���s�1Ƃݸ7&#x1B;(&#x14;wDݡ����s̛&#x13;}^�U}nƺ�iUnWu9e�}X��]��W�0s�UKXvE �&#x14;�&#xE;�kP�0.]P�+&#x8;� �%d&#x19;\0m���\0m,�#��l�LD��\���du"�k��651@��M�!@��Y͋��&#x1C;����rI�����&#x6;~S�&#x1;�&#x13;��&#x14;��A�&lt;�����"��&#xC;@Wk�@�����.&#x5;s�~&#x19;�Z�����`�X�b�
+D&#x1D;&#x2;�"�UY�-D�f��,�&#x5;&#xE;���m��&#x8;uy�ԆX&#x17;�5PX��N:
AV�I&#x12;ԕ��M���&#x17;6w`�'�ͤl�&#x1C;R���dmY\�'u�� ���NQ&#x1E;��3D�ջ��L\0%�j�&#x2;�#'��&#x18;�&#x7;�ӷ�ҳ�&#xF;�^�75d.�!k7Y2&#x1F;�,&#x19;�i�&lt;Mٴv��&#xB;3�Y���&#xC;C�hK�!�ϊM�d�T�@b�=먇Q�=ks�ˬ)L&#x6;��Wϖ&#x10;t&#x19;Q�J&#x10;&#x15;~&#xE;�i��LϐL9�̀���&lt;�&#x10;sc�+&#x18;�R�)&#x19;ȥ$�憗��W�N1{J+{��o����Eg�T�T�&#x19;&#x14;*WF�*�H��i�GJ��/�#u�&#x4;�&#x14;�o��]M���~S��p��1tp&#xE;�w�&#x16;ލ
��c��B&#x1B;��&#xC;-�oe���q�&#x1;�0���תѵjp���u�Ckyl�&#x1E;\�F��nx�&#x1;�i�蕚�2��&lt;TF�d�ǲ)�a,��GKJ�a�%�FT��&#xC;&#xE;�&#x7;���y�l&#x3;L&#x1D;4r7p X폺�&#x15;&#x4;��\0I&#x10;&#x15;�1#r�&#x2;o�T�&#x16;�f�\J^�C�������N�ǰ�w3u+�ꧣ$HL7���g&#x17;Tu���&#x17;^H��j(�&#x4;�w�b_k\��c(m_&#x7;���s--�(��˥&#x15;+�z��"���`q[g&#x4;&#x5;MjT/A&lt;��r&gt;&#x13;C���TIt&#x15;��r�&#x4;�����&#xC;�&#x5;c��D��F�ބ
I��	R��&#x13;&#x17;&#x15;�&#xB;�bd&#x18;�Zt^&#x4;�H&#xC;��a��BT�{�i&#x10;K�;G@�1w�d��A�j��Ы����&#x5;���&#x8;[�^�@��v�&#x1E;&amp;��&#x3;&#x4;x��&#x13;�K�a�!R&#x1E;E
���@^͕�s&#xC;��nc&#x8;��&#x1;�&#x5;
��&#x14;&#x12;�D&#x10;�&#x6;
ҕ�Z���t�)P�[&lt;�r���j���{�[M:U&#x3;&#x1;&#xE;���0�f�&#x5;��L&#x3;~f��=��f�$&#x10;ظ���&#x1C;&#x5;t�¹]&#x2;�u�9aX�&amp;�@&#xC;љ�of屈�!���&#x6;���&#x8;u�Nd'&#x10;ԉ�A&#x7;ۘ�OE^bŜ���&gt;wT�a8)0m�&#x3;{�\03"v�U��E&#x16;g�E�&#xC;�9��S�&#x12;��A�VG�6�T��Y�F�5^�&#xE;�&gt;�E��7ʰ���X�Ď_��&#x6;��o&#x1D;4촊+�D��TO��Oʘ4���:�6��ѱ�I�:&#xC;�M&#x17;�&gt;\0����:!	�&#x11;Ap b��&#x1;�Yy�m*Jaj�&#x3;M:�.R��&#x8;B&#x8;��&#xC;H�&#x6;R���V\�&#x1;�Y���&#x13;i���a���d��'sv�&lt;�*�@s�̐&#x18;L߮s�^���s+?�G/X�ͳVX�uK\0��&#x10;A�7	\0498˦d�$��̵V�&#x1C;N���;f���RD��wpp И"�&#x15;�|��a	�&#xF;T&#x3;��Cİ�hEd��&#x14;�&#x18;��hu��&#x14;�}��Xԅ�	����X鎶a8�t�ى�&#x2;r%�&#x11;[m$],sFRm�s0t�^�s[��BAer#�k��u�� ��&#x11;&#x1;�g"7&#x13;&#x4;��X�Od�&#x1F;�&#xE;���+���?�&#x13;�Bw��i�0g$kǂ*o��i�VMz��&#x1E;_��&#x1F;�&#xE;hëF�Ƈ�L�����&amp;�Q~&#x7;�-9ܙ��gѱd�8�Y�&#x8;J����Q}&#xE;Dh�*&#x17;/��D%qޏ�E%2��U�&#x19;P����/&#x19;re`�	b�ۧ���b�ha�w%�L�J�VI&gt;&#x4;ꭴH�T�&#x15;_q��� &#x12;�&#x5;O��w�D|tꛒ��զ���&#x11;\0o(\0�v���f
Ƹ\0x����z�&#x18;��pA&#x1;pbјsy&#x5;�&gt;�=&#x2;�&#x1F;��П�ʝ%U�]�/S&amp;�r��r��&#xB;��&#x1D;�]�1ছ�+����&amp;3@���&#xE;���5�c�׭x�Bc�Z�&#x6;E&#x15;��~i�?c�Ͽ�&lt;H��&#x5;�%��?њ�&#x13;�{ퟤM.�&#x11;���e?�XT�tu*lGC&#x2;&#x1C;&#x1E;K�=0�U\\08bq&#x1;#m���iQ�/&#x1C;GKN��&#xB;��D\0r&#x1C;�ե�s8�M9�wt3�3	�nf:s�&#x1;�2�V"�t�B_&amp;I���e�|��j_&amp;�&#x14;�&#x1E;�&#x19;��&#x1E;����&#x6;M�&#x1C;wz��!��C&#x1;���C&#xE;b�&gt;N�&#x10;�ŗw�&#x1C;l&#x4;&#x1D;����&lt;.����V�c3��@ظM���*{E&#x7;�M+�&#x19;,֧"��&#x1B;Я*Q\.���Y��&#x17;&#x5;�+�=��&#x13;�&#x1A;��&#x15;vd��i&#x18;3&#x1E;d�a�&#x18;��,��M&amp;&#x14;���&#xF;�M��a�R���&#x13;�1&gt;f�D̃��{��I_�5U�&lt;���(���SG&#x17;��A]G&#x1F;k�!�&#x8;�mw{&#x10;Q�;էw+�&#x19;��&#x1A;&gt;��&#x18;�1u���Z';�w�P'{Ņns8[�}��:�=�&amp;&#x1F;�[I&#x1B;=�&gt;j����9��&#x16;���T�\����|��;!t�Yw��ju�l��:�i����m��j��!�9�6�q�i[�P�w��|9}&#x7;R�0�U����j��Z-�lmyI&amp;'y�����,�lӁ�/�1��&amp;��&#x1A;���!&#xE;���6�5&#xF;X.�&#x15;���6j&#xF;K��4�ˀ�2d��&#x3;��:���aFr�&#x1E;?�\l&#x10;�&lt;��&#x1B;&lt;&#x10;&#xF;����drI�$�"�&#x5;(,"�eL�!�&#xB;ȭ&#x15;��%�&#xB;�$�:(�\&#x17;u���d�W}1�u&#x19;���xHnW&#x5;��&#x1B;;໌\0�IЀ*�Ä&#x4;�&#x17;r� &#x15;��Ģ�N\0&#xC;%��[�	�&#x3;{�r;�.&#x13;,�&#x19;/;W��	fyW�e���2�;Un/�uN$&#x1F;_����	阓�&#x17;&#x10;�&#x16;�&#x5;�&#x7;�&#x16;&#x10;�+�v�&#x1A;��ZQՐ.&#x19;���ӛ(&#x19;R&#x17;�Ӗ��ܣ�e��|�g�&#x1D;\K/i	9&#x7;�/�Q'�_ùR�&#x1E;1��룇����B���F�|�Hu��f&#x12;���&#x3;qH��N�T�&#x17;��{Lv��RC�&#x13;��a������6-�j���&#x8;���=�&#xB;��N���[���"9�螈���^&#x1C;Z�&#x1B;��iY����!󏺨&#x1;�/,�:���?3���0�18�!&#x6;�;NLC&#xF;&#x6;b܅ bi9M��&#xC;�&#x5;B�&#x4;=&#x3;&#x1C;&#x6;r\�$J#&#x14;�Pk#�&#x1D;���I�L�xk�&gt;3��֬}Wv�ش��v�g&#x1B;9&#x1C;��AM&#x1;�2j�N'�&gt;�Y&#x17;��4z&#x10;��;�L�9��A}Î!{�2�s��&gt;[�w�^�X�&#x1E;@���ѧnzV�*�̼G&#x5;���&#x6;&#x14;�E���iN&#x15;j�%����L-:U\*"&#xE;�S&#x15;�NN�v��
�쫒�Y�n�p�:c���`Ҷ&#x1E;�z�&#x19;�Z۽6k��v6���O뜣�S��fp�&#x11;�&#x7;���#�o`&#x5;�H:��&#x1C;���}�q��&#x1B;&#x14;��JHgw���nWд&#x3;��a*�*s&#x7;\�sdbnE]weH&#x17;b:V����!�|����#&#x15;39=�٫�,�Q,���21�z��e���T�T$FT(�ޱ؏5�h��&#x3;qH���$&#x16;#� ���&#x1F;WD;�Zb�}4��br&#x2;&#x16;�A�a&#x8;�&#xB;&#x1B;V� &#x13;	&#x13;�x#6�\0�e&#x1F;�#;y�&#x17;
��N^F�S�&#xB;Jw؃7~&#x11;�&#x13;��ی�i�&#x17;���de�&#xF;��Z��&#x5;&#x1B;��3��&#x5;���_X�`e�iM95�Y�&#x14;�v&#x1B;���qS�&lt;�ҾE�[�)'!���S�ނ&#x1B;�&#x1;9%���P�_��VK��]&#x5;��m&#x1A;&#x10;1��K-�#&#x1B;&#xE;'bV&amp;	��_��&#x6;�N�Nu@&#xF;ў.&#x13;@L'��K&#x8;T�\0&#x1D;�Y&#x18;��8Q@&#xB;@�&amp;�׺�R&#x1C;&#x4;L�R�&#x1;i�&#x1D;m��H{����U&#x10;�
&gt;�����&#xC;&#x18;��^�):r�h}[�c��$�i�D�&#x13;�I�&#xB;&#x1;&#x1D;�&#x7;)C�8A��Q+��&#x6;&#x7;��;�Ú�T[5&#xE;�3����%	����$6���V�&#x16;"_g���&lt;�&#x19;��7&gt;Z(���|�v�&gt;&#x4;��V��&#x4;��*���&#x2;��,�!�&gt;�����8���ZA�c�N�:^h|�Z&#x10;&#x6;u_V�&#x18;�9�&#x7;sYm��nCJ��(&#x5;ۻ���!,�&#x1;��tLk���о&#x14;DڍQ&#xC;�\ =�����Q&#x1C;�(�ݫ���4C%&#x1A;��f�ܱ0vA�&#x16;�5t&gt;�f�q��&#x19;�[�&#x1A;�`�&#x1F;fu7�˲�p�r3T&#xB;&#x1;&#x1A;y�&#x13;א'��tm��P㍠&#x1D;��~�82�&#x1A;3�e&#x19;El�j�8Ʒ�R|�8^&#xE;�tlwڑ{�W#�ڠ���]_1� &#x1D;9&#x19;Cw)��D�&#x1C;:�D{Hr�l&#x10;&#x7;)d�JQ�(�I&#x1C;������&#xB;L��Oj��I&#x1E;�,(�UG����&#x12;���*9w�U
[&lt;�*�NE����;&#x1;�����&#x1;!K�8�t?�&#x4;�����w\�m�𫴾&#x2;�8����&#x1;PG�&#x6;�&#x18;�{&#x11; B&#x3;ui���&#x12;�#��+&#x10;f\0��`vՍ�悈�����³�U�&#x15;8�&#x1B;$&#x16;�9&#x17;�J��&#x1B;�ڴ%&#x1B;�4���&#x4;���^L��7&#x1D;�����-'¿�βO�meI�YO٪*&lt;&#x12;��������һ�&#x14;r�&#x1F;��h
�P�&#xB;&#xE;'&#x15;&#x16;�x�=�.g���,�M|�&#x5;���h_���A��u�&#xF;&#x1F;�tډ�_�����&#x1F;|�/�_��c�
dՁ�&#x1C;\���C����}��&#x7;��&lt;�{�&#x10;&#x1E;�`��$�̢+&#x1F;�;H���RkYLU&gt;�&#x14;�-tG��&gt;��c+�KV&#xF;/��گ���啴T��&#x10;&#xB;鰚�����/&lt;�a&#x7;Q9�߽��&#xE;j/��a&#x7;�nSb��&#x10;���:� �OGe&#x1F;���^��4�t7B&#x1C;�\0x&#xB;|8[��;�A��cG2˩,AeW��&#x13;���)wճ�l��������g����'&#x1C;Q�2����S��'&#x14;&#x1F;���Ȋ�&#x18;��s��L&#x16;S&#x2;�d�f4`�O�f4t�`�&#x1D;z��h&#x6;	�LK4׍�&#x7;6F|�f��^~7��NB�ns������cL3�ѵ4C}Dg�͍?���&#x15;���ݣ1�5�{a9ps��l:;鼥
z-��f�ͩ&#x5;����S�[�Y&gt;Vy&#x16;#ѥ�LA&#x11;�I��&lt;�Q�n�wʍ&#x1A;QODJ%�p嘐P4��r�&amp;���N&#x3;&gt;Jp�i��2`��Y1����h�.;+l��L&#x10;y��Ym�Qj\=w�R�����D�9W��$&#x11;�o�]��7��4i�&gt;Y�8O˓�O�Z��I��&amp;-Ȝ&#x5;��@36���9a�}xfh^�G���R���&#x1;�+��5yэ&#x1C;�z�N�&#xF;���Z�&#xE;�B&#x4;�&#x11;�%Z�&#x16;&#x10;&#x16;&lt;�[�:[�&#x19;eZ�;f36�&#x1D;�"�u�1�ՎEZS���*�R��.�zZ$&#x1F;���@$�&#x5;&#x1D;ф"r�%���&#x1E;�k�5Z�ǣ;&#x5;�c�ƴ�R��
�ޭ�M&#x12;��y%G{����7��osDhB[��R&#x1A;�m�����&#x1A;���`�T�&lt;�q�)X�9~S��2�K֙�^�(���_)�c�&#x17;+��sV�8���T*���q'�,����S�qK&#x17;Z�$ЖW_3���u����Ds1n	a��}&#xC;�v&amp;��&#x19;�&#x1E;Օ��\0&#x13;�&#x5;�C�Y�	�YJ��&#x1C;`b8i����������9�!�LN��$_&gt;N҈rѨ�{����s���&#x14;{Nm]6M�&#x1F;U&#x5;�&#x19;�&#x1E;�+&#x13;&#x8;:�&#xC;2�wٞ0�+,��/QSsO��&#x12;5^�{gj�L���a������7�A�YQ��&#x1A;4��T&#x3;�&#x1D;m9*j�T��������[�X&#x8;����
bV��*��"��&#x16;6���&#x14;�rr��K~��P&#x1E;$�&#x1C;ome��6�ڍڲ��V�,yo��K\�V�&#x1C;��i&#x18;ڐ�!&#x3;�&#x3;�B|&#x15;&#x16;D�=&#x11;&#x1C;r��ìH�Pr*�)�#�����--&lt;�+�&#x1E;&#x18;^&#x10;��)Jcԙ���|���7fY�򆭛�,��QQ��x8�9��a�&amp;k_'\0&#x1C;�f5�(�'�&#x1D;Q���pZ�v�����nWN9�Ъy!�z����UM�&#x1;A'B:���#W&#x14;�WG���~��VT2G#Óh��&#x12;v�Iؐ�I&#x4;�&lt;	�&#x18;ƞ&#x4;��X&#x14;O"�-�S�QZ�$&#x1C;�\0���A&lt;	&#x1B;ēP��T�&#xC;|��$ǚ��G����(�㠱[��{&#x1F;4V�LFJ�!�ڟ�&amp;6hαE�}x[4ߞ��1&#x1A;&#x6;��&#x1A;�i�朕��V9o�*�b&#x12;;iy���&#xB;|N&#x1;N&#x11;e��&#x15;��*&#x1F;��j&#x7;��cvu��� %��a��ϘF�Um���ӱ�i&#x16;��m�&#x18;�?(��`��j��sZ�.+�7�Uiz\�&#x1E;���m�&#x16;��U��ӈ&#x19;+�~ЌD�_`���3�R�f���ߏvt�W?�\0?��?�&#x1B;&#x8;����T&#x1A;��#e(��ݺO~��^D�JI0&#x1C;�E��&#x17;�,���r��b:h1�Y��M��%�c�POL5]�w=��YFW&#xB;���&#x18;�&#x14;&#x14;��&#x19;`x��֡&#x1F;����\ߺ�&#x8;�3Q�:��&gt;-�&#x1F;
��X9{�&#x1C;7Lc.������=�lB~p&#x14;���r�&#xC;��?�!�fu5�1���[��&gt;����&#x17;Ӯ�i~1&#x1D;���[G&#x1D;�u�k.,��ݖR4+/z`*��ʉQir�&#x1;�Nj]�t\0&#xE;&#x18;&amp;M�Y�&#x1;Q]&#xC;�"��ijWM߾�i/b���C���к�&#xE;&#x18;��&#x1D;2-?�k\�+��Ӡ�&lt;�:���6&#x1D;b^�&#x1A;cE,h&#x1A;#���z�%w�&#x1;΋�S�&#x18;��r��h���1��ۉ�aV㘀�&#x1A;��&#x16;&#x17;$M�.�j���0XG�&#x7;&#xE;&#x8;�&#x10;i��?;&#x11;i�ė�I�&amp;&#x2;��&#xC;W���Epx&#x1B;�&#x1F;ou�	�ag&#x3;�&#x11;�&#xC;�&#x18;��Q��u7�&#xC;�za�li5S�-UȂ�B�,��A��W&#x4;&#x5;��p�&#x12;&#x17;�G��?&amp;�BZ�G�K=�ꬅ�V�mp&#xE;)�&gt;�n���}&#xB;�Bzq�-;�N	�&#x1B;_����q�o~�w��&#x1;^;Q7�&#xC;8� i�:)�+��&#xE;&#x1D;�z?G&gt;�C��A��T&#xF;���hY&#x13;&gt;W�)�ܻ�&#x5;&#x8;�B��'�s&#x1;��^&#xE;�J��N3/�|,��&#xC;C��Z���� �^&#x7;�^ՙ�&#x1F;3�s	�TI&#x17;&#x1E;��y��cW~��&gt;G�&#xF;:&#x2;ո��[r���a`���;�?9�:����U�
�&#x6;x&#x11;U�*�H&#x16;Wa/n&#x3;&#xB;��ѩ�������� _N&#x5;Z���&#x8;���u�v����U��R�Z�di��o�r�A��PjN����&#x7;�&#xE;7ٝ���S&#x6;y&#x1;�&#x12;Y&#xE;�Z*�N.�2�g]�5^��ݨĠ���&#x18;���&#x12;+*�&#x1F;곫J�T�Y7��ƥ�	&#x8;J�{�0����NP�&#x19;p,�,a�K��"��&#x2;*E\:�u�2z���R��&#x1A;��S�ec�倒Y{��&#x1B;��$��Z	A8�Cy&#x8;�}I:l&#x6;��&#x13;11kI&#x18;&#x3;p1l�0�&#xF;�M&#x12;�&#x8;˒�/C���&#x2;V�;�D&#x8;`�&#x16;�OT�(&#x13;G�\0�'&#x12;&#x19;�&#x1A;&gt;���5�L�w\�&gt;܈&#x12;&#x16;�U��FҡB�.��AIq&#x14;�&#x6;���/&#x8;�09ب��&#x1C;/!�A�&#x19;���&#x5;�A�?&#x1F;�&#x6;9��l|^j��&#x7;&#x18;�n;�&#x3;;�J�v&#x10;&#x1;HK&#x7;v��f2gwh�T&#x2;ۅ,�̾��&#x1;&#x13;���&#x19;@&#x1F;&#x13;��p���Q+tk#&#x19;�}�������&#x6;��$�.&#xC;}��4jI&#x1F;t6M�Ø&#x1B;W�Z&#x11;!���&amp;!�Py&#x16;�&#xF;�┃d&#x1C;
�LWϏj��2Ӥ� &#x13;��r&#x13;9�9z��ݺ�d��/U{v�w�&#xE;�$&#x3;����WTQ�Ʀ=��ԭs&#x3;u���PQ�d&#x1B;?\ߞ.���Q//�u��t&#x1F;&#x1F;��ˠ��`��3�v�ۍ�aya(�E���\0�~&#x7;&#x1A;u_p��k��&#x1;�M�Q��5%�Shz&#xE;���tl�c&#x3;/&#x1D;&#x1B;p���xZh�8w}��$&#x19;���M2&#xE;s��"&#x1B;�&amp;�8��܂�4v&#x18;
���i9l��2Z��&#x10;f��y&#x7;{�].v�+c�lMz�j&#x12;&#x1A;��P�����ӯ�h�&#x2;��&#x13;�!�'=&#x3;�,�~���6�*�&#x2;"�0MVe���G����E�����;:���(�ib&#x17;�&#x1E;��Y&#x1D;�lM2in�Ci&#xF;��&amp;��h-�c��LzP;�4r)�ZH&#x4;�\0&#x12;����ZH����g���&gt;-�Z�S�&#xC;��� A�'ބ��B&#x7;�ڎ;H��&#x6;&#x12;���K&#x12;a�&#x1;a�	a�i¼#�&lt;]�Y&#xC;�@�LWQTH�q�E�	^��"�;�&#x3;�#�&#x8;&amp;֜�\0/5&#xE;T�w"&#x6;&#x8;�&#x1F;�&#xC;Ly���Og�E&gt;�&#xB;H�zx���&#xC;�&#x4;-;yU��x�`��&#x4;4*�تl&gt;�}�L�&#x3;M*�&#xF;UF* 1&#x5;��9SږM6�&#xF;�7|��=Ck&#x4;X)Y�D]L@�w����_?����&#x1F;����������~�ǟ��?PK&#x7;&#x8;����'(\0\0V~&#x1;\0PK&#x3;&#x4;&#x14;\0&#x8;\0&#x8;\0Mt_?\0\0\0\0\0\0\0\0\0\0\0\0)\0\0\0Documents/1/_rels/FixedDocument.fdoc.relse�;n&#x2;1&#x10;��H��5}v&#x16;$"&#x14;a(�"&#x5;R���C#��&#x5;~Ȟ 8[�&#x1C;)W��x�����~~g��;�&#x13;�l��0�jP�Mh��5|K�6����e��#I�Ƀ�Y�#�5&#xC;"�&#x3;1��&#x1D;�*D�e҅�HJ�z�d&#xE;�3���&#x1D;�-&#x3;&#x1E;���Գh�&#xB;�$���j�_�(��WS&#x15;4��Vö�l.��&#x2;8kRȡ��&#x4;�瘯�	&#x16;uL֋Xs`&#x1;������&#x7;PK&#x7;&#x8;&#x4;&#x10;E&#xF;�\0\0\0&#x1;\0\0PK&#x3;&#x4;&#x14;\0&#x8;\0&#x8;\0Mt_?\0\0\0\0\0\0\0\0\0\0\0\0&#x1E;\0\0\0Documents/1/FixedDocument.fdocU�A
�0&#x14;D��w(o~*("�](�&#x5;OP��6`�K*��&#xB;��&#x15;L&#x16;.\�0̛���U��G�I&#x1C;&#x7;&#x3;��PP�ܺ�&#x1B;�c�9@}Z���[����=�X$(��!��(v ߈��N,�Ee��2
n�ޡ�C^�5=�9���y�,&#x19;�ߢ`���Tuc2����۔|&#x1;PK&#x7;&#x8;&#xC;�*=�\0\0\0�\0\0\0PK&#x3;&#x4;&#x14;\0&#x8;\0&#x8;\0Mt_?\0\0\0\0\0\0\0\0\0\0\0\0&amp;\0\0\0_rels/FixedDocumentSequence.fdseq.relse�Kj&#x3;1&#xC;�����h�Ѵ�RJ��&#x1B;&#x8;�0��z4&#x1E;3�&#x7;�&#x1A;��e�#�
uv},%��&gt;��z[o�~V'��Š�iAq0�w�j��a�&#x2;���a}䙤f��RQu)&#x14;�HzE,fdO���C�&#xC;1{�Zf���D��m�1�d�_��([&#x16;�g���p&#x17;?�&#xF;]S���z�z]wI���ɱ�A&#x1A;&#x13;=�S�&#xB;WX�)� ���&#x2;xW�Oj�&#x1B;PK&#x7;&#x8;&#x12;�&#xC;ʽ\0\0\0&#x6;&#x1;\0\0PK&#x3;&#x4;&#x14;\0&#x8;\0&#x8;\0Mt_?\0\0\0\0\0\0\0\0\0\0\0\0&#x1B;\0\0\0FixedDocumentSequence.fdseqm�M
�0&#x10;���w(�7�
�Hc7�&#x1;�	$�؀���H���#y&#x5;[�&#xB;��{��������݊&#x7;�h�+(�����������j&#x7;�a��Nv���:;�{&#x1E;[T���
���=b�&#x1D;�K&#x14;����M&#x12;�&#x1D;&#xE;}ĵ�&#x1B;�[�L��L����p&#xE;�&#x14;�&#x1C;E,�gP��5���'c�&#x1;PK&#x7;&#x8;\0"'Ƙ\0\0\0�\0\0\0PK&#x3;&#x4;&#x14;\0&#x8;\0&#x8;\0Mt_?\0\0\0\0\0\0\0\0\0\0\0\0&#xB;\0\0\0_rels/.rels���J�0&#x10;���Pr��
��ֽ�� ,k�&#x12;�I&#x1B;l�lf*��&lt;�H��Y��+{�d��}����-��&#x1B;�gLd�oD]V�@����k����L,/&#xE;&#xF;&#x16;k&#x1C;$�&#x19;�m�"/yjD�&#x1C;�&#x1;H��$�!��/&amp;$'9&#x1F;S&#x7;Q�'�!&#x1C;W�)��&#x19;b7�he�&#x1B;&#x1;WvB}&#x19;����=n�l��ф&#x1B;Q��F��e�&#x12;񏁳*&#x5;
�K&#x15;&#x1C;L���&#x13;�l��L&#x18;&#x13;R&#xE;��
د0�	j�C�Z��U�I����{��&#xE;����ۧ���F�� �&#x11;_���|�&#x1;PK&#x7;&#x8;� ���\0\0\0�&#x1;\0\0PK&#x3;&#x4;&#x14;\0&#x8;\0&#x8;\0Mt_?\0\0\0\0\0\0\0\0\0\0\0\0&#x13;\0\0\0[Content_Types].xml���J�0&#x14;����P��6Յ�L����ʅ/&#x10;��6N�cr;t�ͅ��+x�&#x11;&#x6;&#x6;�E�%�s�wH����j=ھ�BLƻ�]V5+�I��k&#x1B;6�.o����l��&#xB;�
&#x12;�԰&#xE;1�r�d&#x7;V��&#x7;p4�&gt;Z�t�-&#xF;BnD&#xB;������&#xE;�a�9��&#x7;�b�x&#x1C;i�GG�&#x13;+���Lk�&#x8;�7R ��֩#N�è�9iRgB� &#x1;�'&#x18;Z%x_��C�&#x18;R��&#x8;Jy9Xr�{�ׁ&#x5;���`�f��rt4&#xE;����Fn`&gt;U&#x7;j���6&#x1B;���t&#x14;klފ�\0�I�2&#x12;W&amp;B�C���$&#x11;qwhŧť�7PK&#x7;&#x8;G�FK&#x11;&#x1;\0\0�&#x2;\0\0PK&#x1;&#x2;-\0&#x14;\0&#x8;\0&#x8;\0Mt_?���&#x17;�&#x3;\0\0�\0\0&#x13;\0\0\0\0\0\0\0\0\0\0\0\0\0\0\0\0\0Metadata/Job_PT.xmlPK&#x1;&#x2;-\0&#x14;\0&#x8;\0&#x8;\0Mt_?�C��\0\0\0T&#x1;\0\0&#x1A;\0\0\0\0\0\0\0\0\0\0\0\0\0&#x7;&#x4;\0\0Metadata/MXDC_Empty_PT.xmlPK&#x1;&#x2;-\0&#x14;\0&#x8;\0&#x8;\0Mt_?�էya&#x3;\0\0'&#xC;\0\0!\0\0\0\0\0\0\0\0\0\0\0\0\0�&#x4;\0\0Documents/1/Metadata/Page1_PT.xmlPK&#x1;&#x2;-\0&#x14;\0&#x8;\0\0\0Mt_?��2&#x1D;&#xE;%\0\0&#xE;%\0\0(\0\0\0\0\0\0\0\0\0\0\0\0\0�&#x8;\0\0Documents/1/Metadata/Page1_Thumbnail.JPGPK&#x1;&#x2;-\0&#x14;\0&#x8;\0\0\0Mt_?��"6J'\0\0J'\0\0"\0\0\0\0\0\0\0\0\0\0\0\0\0&#x13;.\0\0Documents/1/Resources/Images/1.JPGPK&#x1;&#x2;-\0&#x14;\0&#x8;\0\0\0Mt_?:9�&#x12;+&#x1E;\0\0+&#x1E;\0\0"\0\0\0\0\0\0\0\0\0\0\0\0\0�U\0\0Documents/1/Resources/Images/2.JPGPK&#x1;&#x2;-\0&#x14;\0&#x8;\0\0\0Mt_?�:�� V\0\0 V\0\0"\0\0\0\0\0\0\0\0\0\0\0\0\0(t\0\0Documents/1/Resources/Images/3.JPGPK&#x1;&#x2;-\0&#x14;\0&#x8;\0&#x8;\0Mt_?&#x1E;���&#x7;&#x1;\0\0$&#x3;\0\0$\0\0\0\0\0\0\0\0\0\0\0\0\0��\0\0Documents/1/Pages/_rels/1.fpage.relsPK&#x1;&#x2;-\0&#x14;\0&#x8;\0&#x8;\0Mt_? _\0a̚&#x1;\0&#x12;Y&#xB;\0&#x19;\0\0\0\0\0\0\0\0\0\0\0\0\0��\0\0Documents/1/Pages/1.fpagePK&#x1;&#x2;-\0&#x14;\0&#x8;\0&#x8;\0Mt_?����'(\0\0V~&#x1;\0&#x12;\0\0\0\0\0\0\0\0\0\0\0\0\0&#x4;g&#x2;\0Resources/_D1.dictPK&#x1;&#x2;-\0&#x14;\0&#x8;\0&#x8;\0Mt_?&#x4;&#x10;E&#xF;�\0\0\0&#x1;\0\0)\0\0\0\0\0\0\0\0\0\0\0\0\0k�&#x2;\0Documents/1/_rels/FixedDocument.fdoc.relsPK&#x1;&#x2;-\0&#x14;\0&#x8;\0&#x8;\0Mt_?&#xC;�*=�\0\0\0�\0\0\0&#x1E;\0\0\0\0\0\0\0\0\0\0\0\0\0��&#x2;\0Documents/1/FixedDocument.fdocPK&#x1;&#x2;-\0&#x14;\0&#x8;\0&#x8;\0Mt_?&#x12;�&#xC;ʽ\0\0\0&#x6;&#x1;\0\0&amp;\0\0\0\0\0\0\0\0\0\0\0\0\0h�&#x2;\0_rels/FixedDocumentSequence.fdseq.relsPK&#x1;&#x2;-\0&#x14;\0&#x8;\0&#x8;\0Mt_?\0"'Ƙ\0\0\0�\0\0\0&#x1B;\0\0\0\0\0\0\0\0\0\0\0\0\0y�&#x2;\0FixedDocumentSequence.fdseqPK&#x1;&#x2;-\0&#x14;\0&#x8;\0&#x8;\0Mt_?� ���\0\0\0�&#x1;\0\0&#xB;\0\0\0\0\0\0\0\0\0\0\0\0\0Z�&#x2;\0_rels/.relsPK&#x1;&#x2;-\0&#x14;\0&#x8;\0&#x8;\0Mt_?G�FK&#x11;&#x1;\0\0�&#x2;\0\0&#x13;\0\0\0\0\0\0\0\0\0\0\0\0\0��&#x2;\0[Content_Types].xmlPK&#x5;&#x6;\0\0\0\0&#x10;\0&#x10;\0�&#x4;\0\0ؕ&#x2;\0\0\0&gt;. </Message>
          <StackTrace>   at ProjectFlip.Converter.Test.PdfConverterTest.ConvertTest() in D:\flip_svn.elmermx.ch\code\trunk\ProjectFlip\ProjectFlip.Converter.Test\PdfConverterTest.cs:line 124
</StackTrace>
        </ErrorInfo>
      </Output>
    </UnitTestResult>
    <UnitTestResult executionId="b03660e2-b24b-420f-b85d-9f0645b772f1" testId="954ed5ba-afba-a3e7-b72f-46f96822c0d6" testName="TestRequirementsNotOkTestInvalidToPath" computerName="PIN1262035" duration="00:00:00.0007441" startTime="2011-10-31T14:34:39.4927479+01:00" endTime="2011-10-31T14:34:39.4977479+01:00" testType="13cdc9d9-ddb5-4fa4-a97d-d965ccfc6d4b" outcome="Passed" testListId="8c84fa94-04c1-424b-9868-57a2d4851a1d" relativeResultsDirectory="b03660e2-b24b-420f-b85d-9f0645b772f1">
      <Output>
        <StdOut>Destination file already exists</StdOut>
      </Output>
    </UnitTestResult>
    <UnitTestResult executionId="22796cee-0455-4383-8987-ad776758ca6a" testId="bb5e44a5-ced0-bd0b-9376-d7595ad99cae" testName="TestRequirementsOk" computerName="PIN1262035" duration="00:00:00.0006644" startTime="2011-10-31T14:34:39.4997479+01:00" endTime="2011-10-31T14:34:39.5037479+01:00" testType="13cdc9d9-ddb5-4fa4-a97d-d965ccfc6d4b" outcome="Passed" testListId="8c84fa94-04c1-424b-9868-57a2d4851a1d" relativeResultsDirectory="22796cee-0455-4383-8987-ad776758ca6a">
    </UnitTestResult>
  </Results>
</TestRun>