<?xml version="1.0" encoding="UTF-8"?>
<TestRun id="60374579-80a9-43a6-8ebc-59723e1cd5e7" name="lelmer@PIN1262035 2011-10-31 14:25:44" runUser="HSR\lelmer" xmlns="http://microsoft.com/schemas/VisualStudio/TeamTest/2010">
  <TestSettings name="Local" id="ecb0bfb1-6f24-4efe-acbf-86949a26cdb9">
    <Description>These are default test settings for a local test run.</Description>
    <Deployment enabled="false" runDeploymentRoot="lelmer_PIN1262035 2011-10-31 14_25_44">
      <DeploymentItem filename="D:\flip_svn.elmermx.ch\code\trunk\ProjectFlip\ProjectFlip.PdfConverter.Interfaces\bin\Debug\ProjectFlip.Converter.Interfaces.dll" />
      <DeploymentItem filename="D:\flip_svn.elmermx.ch\code\trunk\ProjectFlip\ProjectFlip.Services.Interfaces\bin\Debug\ProjectFlip.Services.Interfaces.dll" />
      <DeploymentItem filename="D:\flip_svn.elmermx.ch\code\trunk\ProjectFlip\PDFConverter\bin\Debug\ProjectFlip.Converter.Pdf.exe" />
      <DeploymentItem filename="D:\flip_svn.elmermx.ch\code\trunk\ProjectFlip\ProjectFlip.Services.Test\bin\Debug\ProjectFlip.Services_Accessor.dll" />
    </Deployment>
    <Execution>
      <TestTypeSpecific />
      <AgentRule name="Execution Agents">
      </AgentRule>
    </Execution>
  </TestSettings>
  <Times creation="2011-10-31T14:25:44.8573479+01:00" queuing="2011-10-31T14:25:45.6443479+01:00" start="2011-10-31T14:25:45.7003479+01:00" finish="2011-10-31T14:25:56.5579479+01:00" />
  <ResultSummary outcome="Error">
    <Counters total="4" executed="1" error="0" failed="0" timeout="0" aborted="1" inconclusive="0" passedButRunAborted="0" notRunnable="0" notExecuted="3" disconnected="0" warning="0" passed="0" completed="0" inProgress="0" pending="0" />
    <RunInfos>
      <RunInfo computerName="PIN1262035" outcome="Warning" timestamp="2011-10-31T14:25:44.8643479+01:00">
        <Text>Deployment is currently disabled. The deployment item 'ProjectFlip.Converter.Pdf.exe' on test 'ProjectFlip.Converter.Test.PdfConverterTest.TestRequirementsNotOkTestMissingAdobeReader' was not deployed.</Text>
      </RunInfo>
      <RunInfo computerName="PIN1262035" outcome="Error" timestamp="2011-10-31T14:25:56.5579479+01:00">
        <Text>Test host process exited unexpectedly.</Text>
      </RunInfo>
    </RunInfos>
  </ResultSummary>
  <TestDefinitions>
    <UnitTest name="TestRequirementsNotOkTestMissingAdobeReader" storage="d:\flip_svn.elmermx.ch\code\trunk\projectflip\projectflip.converter.test\bin\debug\projectflip.converter.test.dll" id="2e6f33b3-86bf-0f99-bf5a-d8b601872b37">
      <DeploymentItems>
        <DeploymentItem filename="ProjectFlip.Converter.Pdf.exe" />
      </DeploymentItems>
      <Execution id="badf3764-8f79-4f3f-b119-c7fb09d3f812" />
      <TestMethod codeBase="D:/flip_svn.elmermx.ch/code/trunk/ProjectFlip/ProjectFlip.Converter.Test/bin/Debug/ProjectFlip.Converter.Test.DLL" adapterTypeName="Microsoft.VisualStudio.TestTools.TestTypes.Unit.UnitTestAdapter, Microsoft.VisualStudio.QualityTools.Tips.UnitTest.Adapter, Version=10.0.0.0, Culture=neutral, PublicKeyToken=b03f5f7f11d50a3a" className="ProjectFlip.Converter.Test.PdfConverterTest, ProjectFlip.Converter.Test, Version=1.0.0.0, Culture=neutral, PublicKeyToken=null" name="TestRequirementsNotOkTestMissingAdobeReader" />
    </UnitTest>
    <UnitTest name="TestRequirementsNotOkTestInvalidFromPath" storage="d:\flip_svn.elmermx.ch\code\trunk\projectflip\projectflip.converter.test\bin\debug\projectflip.converter.test.dll" id="5484f47c-5cb6-3432-23b4-9fe66b5390c1">
      <DeploymentItems>
        <DeploymentItem filename="ProjectFlip.Converter.Pdf.exe" />
      </DeploymentItems>
      <Execution id="e248dc95-eddc-4238-98a4-66653e670bee" />
      <TestMethod codeBase="D:/flip_svn.elmermx.ch/code/trunk/ProjectFlip/ProjectFlip.Converter.Test/bin/Debug/ProjectFlip.Converter.Test.DLL" adapterTypeName="Microsoft.VisualStudio.TestTools.TestTypes.Unit.UnitTestAdapter, Microsoft.VisualStudio.QualityTools.Tips.UnitTest.Adapter, Version=10.0.0.0, Culture=neutral, PublicKeyToken=b03f5f7f11d50a3a" className="ProjectFlip.Converter.Test.PdfConverterTest, ProjectFlip.Converter.Test, Version=1.0.0.0, Culture=neutral, PublicKeyToken=null" name="TestRequirementsNotOkTestInvalidFromPath" />
    </UnitTest>
    <UnitTest name="TestRequirementsNotOkTestInvalidToPath" storage="d:\flip_svn.elmermx.ch\code\trunk\projectflip\projectflip.converter.test\bin\debug\projectflip.converter.test.dll" id="954ed5ba-afba-a3e7-b72f-46f96822c0d6">
      <DeploymentItems>
        <DeploymentItem filename="ProjectFlip.Converter.Pdf.exe" />
      </DeploymentItems>
      <Execution id="c88a1a21-9ccc-4044-b920-9f9e62c3d362" />
      <TestMethod codeBase="D:/flip_svn.elmermx.ch/code/trunk/ProjectFlip/ProjectFlip.Converter.Test/bin/Debug/ProjectFlip.Converter.Test.DLL" adapterTypeName="Microsoft.VisualStudio.TestTools.TestTypes.Unit.UnitTestAdapter, Microsoft.VisualStudio.QualityTools.Tips.UnitTest.Adapter, Version=10.0.0.0, Culture=neutral, PublicKeyToken=b03f5f7f11d50a3a" className="ProjectFlip.Converter.Test.PdfConverterTest, ProjectFlip.Converter.Test, Version=1.0.0.0, Culture=neutral, PublicKeyToken=null" name="TestRequirementsNotOkTestInvalidToPath" />
    </UnitTest>
    <UnitTest name="TestRequirementsOk" storage="d:\flip_svn.elmermx.ch\code\trunk\projectflip\projectflip.converter.test\bin\debug\projectflip.converter.test.dll" id="bb5e44a5-ced0-bd0b-9376-d7595ad99cae">
      <DeploymentItems>
        <DeploymentItem filename="ProjectFlip.Converter.Pdf.exe" />
      </DeploymentItems>
      <Execution id="48384558-73ff-4211-a3a7-38b0a79f4a7b" />
      <TestMethod codeBase="D:/flip_svn.elmermx.ch/code/trunk/ProjectFlip/ProjectFlip.Converter.Test/bin/Debug/ProjectFlip.Converter.Test.DLL" adapterTypeName="Microsoft.VisualStudio.TestTools.TestTypes.Unit.UnitTestAdapter, Microsoft.VisualStudio.QualityTools.Tips.UnitTest.Adapter, Version=10.0.0.0, Culture=neutral, PublicKeyToken=b03f5f7f11d50a3a" className="ProjectFlip.Converter.Test.PdfConverterTest, ProjectFlip.Converter.Test, Version=1.0.0.0, Culture=neutral, PublicKeyToken=null" name="TestRequirementsOk" />
    </UnitTest>
  </TestDefinitions>
  <TestLists>
    <TestList name="Results Not in a List" id="8c84fa94-04c1-424b-9868-57a2d4851a1d" />
    <TestList name="All Loaded Results" id="19431567-8539-422a-85d7-44ee4e166bda" />
  </TestLists>
  <TestEntries>
    <TestEntry testId="2e6f33b3-86bf-0f99-bf5a-d8b601872b37" executionId="badf3764-8f79-4f3f-b119-c7fb09d3f812" testListId="8c84fa94-04c1-424b-9868-57a2d4851a1d" />
    <TestEntry testId="5484f47c-5cb6-3432-23b4-9fe66b5390c1" executionId="e248dc95-eddc-4238-98a4-66653e670bee" testListId="8c84fa94-04c1-424b-9868-57a2d4851a1d" />
    <TestEntry testId="954ed5ba-afba-a3e7-b72f-46f96822c0d6" executionId="c88a1a21-9ccc-4044-b920-9f9e62c3d362" testListId="8c84fa94-04c1-424b-9868-57a2d4851a1d" />
    <TestEntry testId="bb5e44a5-ced0-bd0b-9376-d7595ad99cae" executionId="48384558-73ff-4211-a3a7-38b0a79f4a7b" testListId="8c84fa94-04c1-424b-9868-57a2d4851a1d" />
  </TestEntries>
  <Results>
    <UnitTestResult executionId="badf3764-8f79-4f3f-b119-c7fb09d3f812" testId="2e6f33b3-86bf-0f99-bf5a-d8b601872b37" testName="TestRequirementsNotOkTestMissingAdobeReader" computerName="PIN1262035" duration="00:00:10.8116000" startTime="2011-10-31T14:25:45.7463479+01:00" endTime="2011-10-31T14:25:56.5579479+01:00" testType="13cdc9d9-ddb5-4fa4-a97d-d965ccfc6d4b" outcome="Aborted" testListId="8c84fa94-04c1-424b-9868-57a2d4851a1d" relativeResultsDirectory="badf3764-8f79-4f3f-b119-c7fb09d3f812">
    </UnitTestResult>
    <UnitTestResult executionId="e248dc95-eddc-4238-98a4-66653e670bee" testId="5484f47c-5cb6-3432-23b4-9fe66b5390c1" testName="TestRequirementsNotOkTestInvalidFromPath" computerName="PIN1262035" testType="13cdc9d9-ddb5-4fa4-a97d-d965ccfc6d4b" outcome="NotExecuted" testListId="8c84fa94-04c1-424b-9868-57a2d4851a1d" relativeResultsDirectory="e248dc95-eddc-4238-98a4-66653e670bee">
    </UnitTestResult>
    <UnitTestResult executionId="c88a1a21-9ccc-4044-b920-9f9e62c3d362" testId="954ed5ba-afba-a3e7-b72f-46f96822c0d6" testName="TestRequirementsNotOkTestInvalidToPath" computerName="PIN1262035" testType="13cdc9d9-ddb5-4fa4-a97d-d965ccfc6d4b" outcome="NotExecuted" testListId="8c84fa94-04c1-424b-9868-57a2d4851a1d" relativeResultsDirectory="c88a1a21-9ccc-4044-b920-9f9e62c3d362">
    </UnitTestResult>
    <UnitTestResult executionId="48384558-73ff-4211-a3a7-38b0a79f4a7b" testId="bb5e44a5-ced0-bd0b-9376-d7595ad99cae" testName="TestRequirementsOk" computerName="PIN1262035" testType="13cdc9d9-ddb5-4fa4-a97d-d965ccfc6d4b" outcome="NotExecuted" testListId="8c84fa94-04c1-424b-9868-57a2d4851a1d" relativeResultsDirectory="48384558-73ff-4211-a3a7-38b0a79f4a7b">
    </UnitTestResult>
  </Results>
</TestRun>