<?xml version="1.0" encoding="UTF-8"?>
<TestRun id="8f41ee9d-17a3-4af3-9983-00baa8a5c734" name="Lukas Elmer@LUKESPC 2011-10-30 23:43:26" runUser="lukespc\Lukas Elmer" xmlns="http://microsoft.com/schemas/VisualStudio/TeamTest/2010">
  <TestSettings name="Local" id="ecb0bfb1-6f24-4efe-acbf-86949a26cdb9">
    <Description>These are default test settings for a local test run.</Description>
    <Deployment enabled="false" runDeploymentRoot="Lukas Elmer_LUKESPC 2011-10-30 23_43_26">
      <DeploymentItem filename="J:\dev\flip_svn.elmermx.ch\code\trunk\ProjectFlip\ProjectFlip.Services.Interfaces\bin\Debug\ProjectFlip.Services.Interfaces.dll" />
      <DeploymentItem filename="J:\dev\flip_svn.elmermx.ch\code\trunk\ProjectFlip\Libraries\Unity\Microsoft.Practices.Unity.dll" />
      <DeploymentItem filename="J:\dev\flip_svn.elmermx.ch\code\trunk\ProjectFlip\ProjectFlip.UserInterface.Surface\bin\Debug\ProjectFlip.UserInterface.Surface.dll" />
      <DeploymentItem filename="J:\dev\flip_svn.elmermx.ch\code\trunk\ProjectFlip\ProjectFlip.Services\bin\Debug\ProjectFlip.Services.dll" />
      <DeploymentItem filename="J:\dev\flip_svn.elmermx.ch\code\trunk\ProjectFlip\ProjectFlip.Services.Loader.Interfaces\bin\Debug\ProjectFlip.Services.Loader.Interfaces.dll" />
      <DeploymentItem filename="J:\dev\flip_svn.elmermx.ch\code\trunk\ProjectFlip\PDFConverter\bin\Debug\ProjectFlip.Converter.Pdf.exe" />
      <DeploymentItem filename="J:\dev\flip_svn.elmermx.ch\code\trunk\ProjectFlip\ProjectFlip.UserInterface\bin\Debug\ProjectFlip.UserInterface.dll" />
      <DeploymentItem filename="J:\dev\flip_svn.elmermx.ch\code\trunk\ProjectFlip\ProjectFlip.PdfConverter.Interfaces\bin\Debug\ProjectFlip.Converter.Interfaces.dll" />
      <DeploymentItem filename="J:\dev\flip_svn.elmermx.ch\code\trunk\ProjectFlip\ProjectFlip.Importer\bin\Debug\ProjectFlip.Services.Loader.exe" />
      <DeploymentItem filename="J:\dev\flip_svn.elmermx.ch\code\trunk\ProjectFlip\ProjectFlip.Preparer\bin\Debug\ProjectFlip.Preparer.exe" />
    </Deployment>
    <Execution>
      <TestTypeSpecific />
      <AgentRule name="Execution Agents">
      </AgentRule>
    </Execution>
  </TestSettings>
  <Times creation="2011-10-30T23:43:26.3915496+01:00" queuing="2011-10-30T23:43:27.8816348+01:00" start="2011-10-30T23:43:27.9116365+01:00" finish="2011-10-30T23:43:29.8247460+01:00" />
  <ResultSummary outcome="Inconclusive">
    <Counters total="9" executed="9" passed="8" error="0" failed="0" timeout="0" aborted="0" inconclusive="1" passedButRunAborted="0" notRunnable="0" notExecuted="0" disconnected="0" warning="0" completed="0" inProgress="0" pending="0" />
    <RunInfos>
      <RunInfo computerName="LUKESPC" outcome="Warning" timestamp="2011-10-30T23:43:27.7566277+01:00">
        <Text>Deployment is currently disabled. The deployment item 'ProjectFlip.UserInterface.Surface.dll' on test 'ProjectFlip.UserInterface.Surface.Test.ProjectNoteViewModelTest.OpenNewWindowTest1' was not deployed.</Text>
      </RunInfo>
      <RunInfo computerName="LUKESPC" outcome="Warning" timestamp="2011-10-30T23:43:27.7576277+01:00">
        <Text>Deployment is currently disabled. The deployment item 'ProjectFlip.Preparer.exe' on test 'ProjectFlip.Preparer.Test.ImageExtractorProcessorTest.ExtractImageTest' was not deployed.</Text>
      </RunInfo>
    </RunInfos>
  </ResultSummary>
  <TestDefinitions>
    <UnitTest name="OpenNewWindowTest1" storage="j:\dev\flip_svn.elmermx.ch\code\trunk\projectflip\projectflip.userinterface.surface.test\bin\debug\projectflip.userinterface.surface.test.dll" id="ebb56ab5-42d5-71fc-9442-26dde5656280">
      <DeploymentItems>
        <DeploymentItem filename="ProjectFlip.UserInterface.Surface.dll" />
      </DeploymentItems>
      <Execution id="2e86ea41-a570-4e71-b535-7f2f5980a2f1" />
      <TestMethod codeBase="J:/dev/flip_svn.elmermx.ch/code/trunk/ProjectFlip/ProjectFlip.UserInterface.Surface.Test/bin/Debug/ProjectFlip.UserInterface.Surface.Test.DLL" adapterTypeName="Microsoft.VisualStudio.TestTools.TestTypes.Unit.UnitTestAdapter, Microsoft.VisualStudio.QualityTools.Tips.UnitTest.Adapter, Version=10.0.0.0, Culture=neutral, PublicKeyToken=b03f5f7f11d50a3a" className="ProjectFlip.UserInterface.Surface.Test.ProjectNoteViewModelTest, ProjectFlip.UserInterface.Surface.Test, Version=1.0.0.0, Culture=neutral, PublicKeyToken=null" name="OpenNewWindowTest1" />
    </UnitTest>
    <UnitTest name="DocumentTest" storage="j:\dev\flip_svn.elmermx.ch\code\trunk\projectflip\projectflip.services.test\bin\debug\projectflip.services.test.dll" id="ed30b4e0-dba3-8e7f-0ab5-fcc96c1c7e5e">
      <Execution id="7ca71909-24f8-4ef0-ab82-9106e452d4fc" />
      <TestMethod codeBase="J:/dev/flip_svn.elmermx.ch/code/trunk/ProjectFlip/ProjectFlip.Services.Test/bin/Debug/ProjectFlip.Services.Test.DLL" adapterTypeName="Microsoft.VisualStudio.TestTools.TestTypes.Unit.UnitTestAdapter, Microsoft.VisualStudio.QualityTools.Tips.UnitTest.Adapter, Version=10.0.0.0, Culture=neutral, PublicKeyToken=b03f5f7f11d50a3a" className="ProjectFlip.Services.Test.ProjectNoteTest, ProjectFlip.Services.Test, Version=1.0.0.0, Culture=neutral, PublicKeyToken=null" name="DocumentTest" />
    </UnitTest>
    <UnitTest name="ConvertToListTest" storage="j:\dev\flip_svn.elmermx.ch\code\trunk\projectflip\projectflip.services.test\bin\debug\projectflip.services.test.dll" id="bccb58cc-1cce-162f-54b4-53ddafd79ee2">
      <DeploymentItems>
        <DeploymentItem filename="ProjectFlip.Services.dll" />
      </DeploymentItems>
      <Execution id="bdd12ffe-fa2b-448f-b730-7ec8e0f46faa" />
      <TestMethod codeBase="J:/dev/flip_svn.elmermx.ch/code/trunk/ProjectFlip/ProjectFlip.Services.Test/bin/Debug/ProjectFlip.Services.Test.DLL" adapterTypeName="Microsoft.VisualStudio.TestTools.TestTypes.Unit.UnitTestAdapter, Microsoft.VisualStudio.QualityTools.Tips.UnitTest.Adapter, Version=10.0.0.0, Culture=neutral, PublicKeyToken=b03f5f7f11d50a3a" className="ProjectFlip.Services.Test.ProjectNoteTest, ProjectFlip.Services.Test, Version=1.0.0.0, Culture=neutral, PublicKeyToken=null" name="ConvertToListTest" />
    </UnitTest>
    <UnitTest name="ImportTest" storage="j:\dev\flip_svn.elmermx.ch\code\trunk\projectflip\projectflip.services.loader.test\bin\debug\projectflip.services.loader.test.dll" id="66d8e483-98ef-7f5c-f82e-282eb285173f">
      <Execution id="13f29455-9c4d-4ec9-9c97-294357e5836b" />
      <TestMethod codeBase="J:/dev/flip_svn.elmermx.ch/code/trunk/ProjectFlip/ProjectFlip.Services.Loader.Test/bin/Debug/ProjectFlip.Services.Loader.Test.DLL" adapterTypeName="Microsoft.VisualStudio.TestTools.TestTypes.Unit.UnitTestAdapter, Microsoft.VisualStudio.QualityTools.Tips.UnitTest.Adapter, Version=10.0.0.0, Culture=neutral, PublicKeyToken=b03f5f7f11d50a3a" className="ProjectFlip.Services.Loader.Test.ProjectNotesLoaderTest, ProjectFlip.Services.Loader.Test, Version=1.0.0.0, Culture=neutral, PublicKeyToken=null" name="ImportTest" />
    </UnitTest>
    <UnitTest name="NotifyTest" storage="j:\dev\flip_svn.elmermx.ch\code\trunk\projectflip\projectflip.userinterface.surface.test\bin\debug\projectflip.userinterface.surface.test.dll" id="44822a49-3d3a-3cd9-6a83-bfb87b866eb6">
      <DeploymentItems>
        <DeploymentItem filename="ProjectFlip.UserInterface.Surface.dll" />
      </DeploymentItems>
      <Execution id="270f29f8-2ded-4fd2-be51-8f9dd53b8892" />
      <TestMethod codeBase="J:/dev/flip_svn.elmermx.ch/code/trunk/ProjectFlip/ProjectFlip.UserInterface.Surface.Test/bin/Debug/ProjectFlip.UserInterface.Surface.Test.DLL" adapterTypeName="Microsoft.VisualStudio.TestTools.TestTypes.Unit.UnitTestAdapter, Microsoft.VisualStudio.QualityTools.Tips.UnitTest.Adapter, Version=10.0.0.0, Culture=neutral, PublicKeyToken=b03f5f7f11d50a3a" className="ProjectFlip.UserInterface.Surface.Test.ViewModelBaseTest, ProjectFlip.UserInterface.Surface.Test, Version=1.0.0.0, Culture=neutral, PublicKeyToken=null" name="NotifyTest" />
    </UnitTest>
    <UnitTest name="LineTest" storage="j:\dev\flip_svn.elmermx.ch\code\trunk\projectflip\projectflip.services.test\bin\debug\projectflip.services.test.dll" id="16a754d1-abe1-b7cb-6692-10287c0de9e8">
      <Execution id="17a482cf-f625-4324-af6d-73d52530fe84" />
      <TestMethod codeBase="J:/dev/flip_svn.elmermx.ch/code/trunk/ProjectFlip/ProjectFlip.Services.Test/bin/Debug/ProjectFlip.Services.Test.DLL" adapterTypeName="Microsoft.VisualStudio.TestTools.TestTypes.Unit.UnitTestAdapter, Microsoft.VisualStudio.QualityTools.Tips.UnitTest.Adapter, Version=10.0.0.0, Culture=neutral, PublicKeyToken=b03f5f7f11d50a3a" className="ProjectFlip.Services.Test.ProjectNoteTest, ProjectFlip.Services.Test, Version=1.0.0.0, Culture=neutral, PublicKeyToken=null" name="LineTest" />
    </UnitTest>
    <UnitTest name="OverviewWindowViewModelProjectNotesTest" storage="j:\dev\flip_svn.elmermx.ch\code\trunk\projectflip\projectflip.userinterface.surface.test\bin\debug\projectflip.userinterface.surface.test.dll" id="96c1f950-7ba2-0f26-3c1e-e3d2807e5697">
      <Execution id="c80aab45-a92f-4b4e-abbb-be2f6f5ce5a1" />
      <TestMethod codeBase="J:/dev/flip_svn.elmermx.ch/code/trunk/ProjectFlip/ProjectFlip.UserInterface.Surface.Test/bin/Debug/ProjectFlip.UserInterface.Surface.Test.DLL" adapterTypeName="Microsoft.VisualStudio.TestTools.TestTypes.Unit.UnitTestAdapter, Microsoft.VisualStudio.QualityTools.Tips.UnitTest.Adapter, Version=10.0.0.0, Culture=neutral, PublicKeyToken=b03f5f7f11d50a3a" className="ProjectFlip.UserInterface.Surface.Test.OverviewWindowViewModelTest, ProjectFlip.UserInterface.Surface.Test, Version=1.0.0.0, Culture=neutral, PublicKeyToken=null" name="OverviewWindowViewModelProjectNotesTest" />
    </UnitTest>
    <UnitTest name="ExtractImageTest" storage="j:\dev\flip_svn.elmermx.ch\code\trunk\projectflip\projectflip.preparer.test\bin\debug\projectflip.preparer.test.dll" id="a04b1365-3a46-4a28-167b-1bc7531188c1">
      <DeploymentItems>
        <DeploymentItem filename="ProjectFlip.Preparer.exe" />
      </DeploymentItems>
      <Execution id="1604181e-b1a7-4cc8-a507-c1f3a420d711" />
      <TestMethod codeBase="J:/dev/flip_svn.elmermx.ch/code/trunk/ProjectFlip/ProjectFlip.Preparer.Test/bin/Debug/ProjectFlip.Preparer.Test.DLL" adapterTypeName="Microsoft.VisualStudio.TestTools.TestTypes.Unit.UnitTestAdapter, Microsoft.VisualStudio.QualityTools.Tips.UnitTest.Adapter, Version=10.0.0.0, Culture=neutral, PublicKeyToken=b03f5f7f11d50a3a" className="ProjectFlip.Preparer.Test.ImageExtractorProcessorTest, ProjectFlip.Preparer.Test, Version=1.0.0.0, Culture=neutral, PublicKeyToken=null" name="ExtractImageTest" />
    </UnitTest>
    <UnitTest name="ImageTest" storage="j:\dev\flip_svn.elmermx.ch\code\trunk\projectflip\projectflip.services.test\bin\debug\projectflip.services.test.dll" id="9f8b89bf-40a2-8d94-74ce-30418e6a0f3b">
      <Execution id="6058db45-e1be-4fb5-a561-afe9f26f2aed" />
      <TestMethod codeBase="J:/dev/flip_svn.elmermx.ch/code/trunk/ProjectFlip/ProjectFlip.Services.Test/bin/Debug/ProjectFlip.Services.Test.DLL" adapterTypeName="Microsoft.VisualStudio.TestTools.TestTypes.Unit.UnitTestAdapter, Microsoft.VisualStudio.QualityTools.Tips.UnitTest.Adapter, Version=10.0.0.0, Culture=neutral, PublicKeyToken=b03f5f7f11d50a3a" className="ProjectFlip.Services.Test.ProjectNoteTest, ProjectFlip.Services.Test, Version=1.0.0.0, Culture=neutral, PublicKeyToken=null" name="ImageTest" />
    </UnitTest>
  </TestDefinitions>
  <TestLists>
    <TestList name="Results Not in a List" id="8c84fa94-04c1-424b-9868-57a2d4851a1d" />
    <TestList name="All Loaded Results" id="19431567-8539-422a-85d7-44ee4e166bda" />
  </TestLists>
  <TestEntries>
    <TestEntry testId="16a754d1-abe1-b7cb-6692-10287c0de9e8" executionId="17a482cf-f625-4324-af6d-73d52530fe84" testListId="8c84fa94-04c1-424b-9868-57a2d4851a1d" />
    <TestEntry testId="44822a49-3d3a-3cd9-6a83-bfb87b866eb6" executionId="270f29f8-2ded-4fd2-be51-8f9dd53b8892" testListId="8c84fa94-04c1-424b-9868-57a2d4851a1d" />
    <TestEntry testId="66d8e483-98ef-7f5c-f82e-282eb285173f" executionId="13f29455-9c4d-4ec9-9c97-294357e5836b" testListId="8c84fa94-04c1-424b-9868-57a2d4851a1d" />
    <TestEntry testId="96c1f950-7ba2-0f26-3c1e-e3d2807e5697" executionId="c80aab45-a92f-4b4e-abbb-be2f6f5ce5a1" testListId="8c84fa94-04c1-424b-9868-57a2d4851a1d" />
    <TestEntry testId="9f8b89bf-40a2-8d94-74ce-30418e6a0f3b" executionId="6058db45-e1be-4fb5-a561-afe9f26f2aed" testListId="8c84fa94-04c1-424b-9868-57a2d4851a1d" />
    <TestEntry testId="a04b1365-3a46-4a28-167b-1bc7531188c1" executionId="1604181e-b1a7-4cc8-a507-c1f3a420d711" testListId="8c84fa94-04c1-424b-9868-57a2d4851a1d" />
    <TestEntry testId="bccb58cc-1cce-162f-54b4-53ddafd79ee2" executionId="bdd12ffe-fa2b-448f-b730-7ec8e0f46faa" testListId="8c84fa94-04c1-424b-9868-57a2d4851a1d" />
    <TestEntry testId="ebb56ab5-42d5-71fc-9442-26dde5656280" executionId="2e86ea41-a570-4e71-b535-7f2f5980a2f1" testListId="8c84fa94-04c1-424b-9868-57a2d4851a1d" />
    <TestEntry testId="ed30b4e0-dba3-8e7f-0ab5-fcc96c1c7e5e" executionId="7ca71909-24f8-4ef0-ab82-9106e452d4fc" testListId="8c84fa94-04c1-424b-9868-57a2d4851a1d" />
  </TestEntries>
  <Results>
    <UnitTestResult executionId="17a482cf-f625-4324-af6d-73d52530fe84" testId="16a754d1-abe1-b7cb-6692-10287c0de9e8" testName="LineTest" computerName="LUKESPC" duration="00:00:00.0328296" startTime="2011-10-30T23:43:27.9186369+01:00" endTime="2011-10-30T23:43:28.1946527+01:00" testType="13cdc9d9-ddb5-4fa4-a97d-d965ccfc6d4b" outcome="Passed" testListId="8c84fa94-04c1-424b-9868-57a2d4851a1d" relativeResultsDirectory="17a482cf-f625-4324-af6d-73d52530fe84">
    </UnitTestResult>
    <UnitTestResult executionId="270f29f8-2ded-4fd2-be51-8f9dd53b8892" testId="44822a49-3d3a-3cd9-6a83-bfb87b866eb6" testName="NotifyTest" computerName="LUKESPC" duration="00:00:00.0168501" startTime="2011-10-30T23:43:28.1956528+01:00" endTime="2011-10-30T23:43:28.3886638+01:00" testType="13cdc9d9-ddb5-4fa4-a97d-d965ccfc6d4b" outcome="Passed" testListId="8c84fa94-04c1-424b-9868-57a2d4851a1d" relativeResultsDirectory="270f29f8-2ded-4fd2-be51-8f9dd53b8892">
    </UnitTestResult>
    <UnitTestResult executionId="13f29455-9c4d-4ec9-9c97-294357e5836b" testId="66d8e483-98ef-7f5c-f82e-282eb285173f" testName="ImportTest" computerName="LUKESPC" duration="00:00:00.0195615" startTime="2011-10-30T23:43:28.3906639+01:00" endTime="2011-10-30T23:43:28.5766746+01:00" testType="13cdc9d9-ddb5-4fa4-a97d-d965ccfc6d4b" outcome="Passed" testListId="8c84fa94-04c1-424b-9868-57a2d4851a1d" relativeResultsDirectory="13f29455-9c4d-4ec9-9c97-294357e5836b">
    </UnitTestResult>
    <UnitTestResult executionId="c80aab45-a92f-4b4e-abbb-be2f6f5ce5a1" testId="96c1f950-7ba2-0f26-3c1e-e3d2807e5697" testName="OverviewWindowViewModelProjectNotesTest" computerName="LUKESPC" duration="00:00:00.0003141" startTime="2011-10-30T23:43:28.5786747+01:00" endTime="2011-10-30T23:43:28.5826749+01:00" testType="13cdc9d9-ddb5-4fa4-a97d-d965ccfc6d4b" outcome="Passed" testListId="8c84fa94-04c1-424b-9868-57a2d4851a1d" relativeResultsDirectory="c80aab45-a92f-4b4e-abbb-be2f6f5ce5a1">
    </UnitTestResult>
    <UnitTestResult executionId="6058db45-e1be-4fb5-a561-afe9f26f2aed" testId="9f8b89bf-40a2-8d94-74ce-30418e6a0f3b" testName="ImageTest" computerName="LUKESPC" duration="00:00:00.0078376" startTime="2011-10-30T23:43:28.5836750+01:00" endTime="2011-10-30T23:43:28.5946756+01:00" testType="13cdc9d9-ddb5-4fa4-a97d-d965ccfc6d4b" outcome="Passed" testListId="8c84fa94-04c1-424b-9868-57a2d4851a1d" relativeResultsDirectory="6058db45-e1be-4fb5-a561-afe9f26f2aed">
    </UnitTestResult>
    <UnitTestResult executionId="1604181e-b1a7-4cc8-a507-c1f3a420d711" testId="a04b1365-3a46-4a28-167b-1bc7531188c1" testName="ExtractImageTest" computerName="LUKESPC" duration="00:00:00.7105866" startTime="2011-10-30T23:43:28.5956757+01:00" endTime="2011-10-30T23:43:29.4727258+01:00" testType="13cdc9d9-ddb5-4fa4-a97d-d965ccfc6d4b" outcome="Passed" testListId="8c84fa94-04c1-424b-9868-57a2d4851a1d" relativeResultsDirectory="1604181e-b1a7-4cc8-a507-c1f3a420d711">
    </UnitTestResult>
    <UnitTestResult executionId="bdd12ffe-fa2b-448f-b730-7ec8e0f46faa" testId="bccb58cc-1cce-162f-54b4-53ddafd79ee2" testName="ConvertToListTest" computerName="LUKESPC" duration="00:00:00.0005527" startTime="2011-10-30T23:43:29.4747259+01:00" endTime="2011-10-30T23:43:29.4797262+01:00" testType="13cdc9d9-ddb5-4fa4-a97d-d965ccfc6d4b" outcome="Passed" testListId="8c84fa94-04c1-424b-9868-57a2d4851a1d" relativeResultsDirectory="bdd12ffe-fa2b-448f-b730-7ec8e0f46faa">
    </UnitTestResult>
    <UnitTestResult executionId="2e86ea41-a570-4e71-b535-7f2f5980a2f1" testId="ebb56ab5-42d5-71fc-9442-26dde5656280" testName="OpenNewWindowTest1" computerName="LUKESPC" duration="00:00:00.0172511" startTime="2011-10-30T23:43:29.4817263+01:00" endTime="2011-10-30T23:43:29.5027275+01:00" testType="13cdc9d9-ddb5-4fa4-a97d-d965ccfc6d4b" outcome="Inconclusive" testListId="8c84fa94-04c1-424b-9868-57a2d4851a1d" relativeResultsDirectory="2e86ea41-a570-4e71-b535-7f2f5980a2f1">
      <Output>
        <ErrorInfo>
          <Message>Assert.Inconclusive failed. TODO: Fix this: new DetailWindow(vm); throws an exception; is it possible to create no new DetailWindow in this method?</Message>
          <StackTrace>   at ProjectFlip.UserInterface.Surface.Test.ProjectNoteViewModelTest.OpenNewWindowTest1() in J:\dev\flip_svn.elmermx.ch\code\trunk\ProjectFlip\ProjectFlip.UserInterface.Surface.Test\ProjectNoteViewModelTest.cs:line 80
</StackTrace>
        </ErrorInfo>
      </Output>
    </UnitTestResult>
    <UnitTestResult executionId="7ca71909-24f8-4ef0-ab82-9106e452d4fc" testId="ed30b4e0-dba3-8e7f-0ab5-fcc96c1c7e5e" testName="DocumentTest" computerName="LUKESPC" duration="00:00:00.2673928" startTime="2011-10-30T23:43:29.5037276+01:00" endTime="2011-10-30T23:43:29.7757432+01:00" testType="13cdc9d9-ddb5-4fa4-a97d-d965ccfc6d4b" outcome="Passed" testListId="8c84fa94-04c1-424b-9868-57a2d4851a1d" relativeResultsDirectory="7ca71909-24f8-4ef0-ab82-9106e452d4fc">
    </UnitTestResult>
  </Results>
</TestRun>