<?xml version="1.0" encoding="UTF-8"?>
<TestRun id="3a7618b2-8caf-49b2-b6b5-e4a8a73f6bee" name="Lukas Elmer@LUKESPC 2011-10-30 23:02:41" runUser="lukespc\Lukas Elmer" xmlns="http://microsoft.com/schemas/VisualStudio/TeamTest/2010">
  <TestSettings name="Local" id="ecb0bfb1-6f24-4efe-acbf-86949a26cdb9">
    <Description>These are default test settings for a local test run.</Description>
    <Deployment enabled="false" runDeploymentRoot="Lukas Elmer_LUKESPC 2011-10-30 23_02_41">
      <DeploymentItem filename="J:\dev\flip_svn.elmermx.ch\code\trunk\ProjectFlip\ProjectFlip.Services\bin\Debug\ProjectFlip.Services.dll" />
      <DeploymentItem filename="J:\dev\flip_svn.elmermx.ch\code\trunk\ProjectFlip\ProjectFlip.UserInterface\bin\Debug\ProjectFlip.UserInterface.dll" />
      <DeploymentItem filename="J:\dev\flip_svn.elmermx.ch\code\trunk\ProjectFlip\Libraries\Unity\Microsoft.Practices.Unity.dll" />
      <DeploymentItem filename="J:\dev\flip_svn.elmermx.ch\code\trunk\ProjectFlip\ProjectFlip.Importer\bin\Debug\ProjectFlip.Services.Loader.exe" />
      <DeploymentItem filename="J:\dev\flip_svn.elmermx.ch\code\trunk\ProjectFlip\ProjectFlip.UserInterface.Surface\bin\Debug\ProjectFlip.UserInterface.Surface.dll" />
      <DeploymentItem filename="J:\dev\flip_svn.elmermx.ch\code\trunk\ProjectFlip\ProjectFlip.Services.Loader.Interfaces\bin\Debug\ProjectFlip.Services.Loader.Interfaces.dll" />
      <DeploymentItem filename="J:\dev\flip_svn.elmermx.ch\code\trunk\ProjectFlip\ProjectFlip.Services.Interfaces\bin\Debug\ProjectFlip.Services.Interfaces.dll" />
    </Deployment>
    <Execution>
      <TestTypeSpecific />
      <AgentRule name="Execution Agents">
      </AgentRule>
    </Execution>
  </TestSettings>
  <Times creation="2011-10-30T23:02:41.6467182+01:00" queuing="2011-10-30T23:02:41.6567188+01:00" start="2011-10-30T23:02:41.6637192+01:00" finish="2011-10-30T23:02:42.5427694+01:00" />
  <ResultSummary outcome="Inconclusive">
    <Counters total="8" executed="8" passed="7" error="0" failed="0" timeout="0" aborted="0" inconclusive="1" passedButRunAborted="0" notRunnable="0" notExecuted="0" disconnected="0" warning="0" completed="0" inProgress="0" pending="0" />
    <RunInfos>
      <RunInfo computerName="LUKESPC" outcome="Warning" timestamp="2011-10-30T23:02:41.6557187+01:00">
        <Text>Deployment is currently disabled. The deployment item 'ProjectFlip.UserInterface.Surface.dll' on test 'ProjectFlip.UserInterface.Surface.Test.ProjectNoteViewModelTest.OpenNewWindowTest1' was not deployed.</Text>
      </RunInfo>
    </RunInfos>
  </ResultSummary>
  <TestDefinitions>
    <UnitTest name="OpenNewWindowTest1" storage="j:\dev\flip_svn.elmermx.ch\code\trunk\projectflip\projectflip.userinterface.surface.test\bin\debug\projectflip.userinterface.surface.test.dll" id="ebb56ab5-42d5-71fc-9442-26dde5656280">
      <DeploymentItems>
        <DeploymentItem filename="ProjectFlip.UserInterface.Surface.dll" />
      </DeploymentItems>
      <Execution id="a554a13b-92c6-4fc9-8620-075fac6e03e8" />
      <TestMethod codeBase="J:/dev/flip_svn.elmermx.ch/code/trunk/ProjectFlip/ProjectFlip.UserInterface.Surface.Test/bin/Debug/ProjectFlip.UserInterface.Surface.Test.DLL" adapterTypeName="Microsoft.VisualStudio.TestTools.TestTypes.Unit.UnitTestAdapter, Microsoft.VisualStudio.QualityTools.Tips.UnitTest.Adapter, Version=10.0.0.0, Culture=neutral, PublicKeyToken=b03f5f7f11d50a3a" className="ProjectFlip.UserInterface.Surface.Test.ProjectNoteViewModelTest, ProjectFlip.UserInterface.Surface.Test, Version=1.0.0.0, Culture=neutral, PublicKeyToken=null" name="OpenNewWindowTest1" />
    </UnitTest>
    <UnitTest name="DocumentTest" storage="j:\dev\flip_svn.elmermx.ch\code\trunk\projectflip\projectflip.services.test\bin\debug\projectflip.services.test.dll" id="ed30b4e0-dba3-8e7f-0ab5-fcc96c1c7e5e">
      <Execution id="c242af94-d13c-4078-ad3e-efc3944f82c9" />
      <TestMethod codeBase="J:/dev/flip_svn.elmermx.ch/code/trunk/ProjectFlip/ProjectFlip.Services.Test/bin/Debug/ProjectFlip.Services.Test.DLL" adapterTypeName="Microsoft.VisualStudio.TestTools.TestTypes.Unit.UnitTestAdapter, Microsoft.VisualStudio.QualityTools.Tips.UnitTest.Adapter, Version=10.0.0.0, Culture=neutral, PublicKeyToken=b03f5f7f11d50a3a" className="ProjectFlip.Services.Test.ProjectNoteTest, ProjectFlip.Services.Test, Version=1.0.0.0, Culture=neutral, PublicKeyToken=null" name="DocumentTest" />
    </UnitTest>
    <UnitTest name="ConvertToListTest" storage="j:\dev\flip_svn.elmermx.ch\code\trunk\projectflip\projectflip.services.test\bin\debug\projectflip.services.test.dll" id="bccb58cc-1cce-162f-54b4-53ddafd79ee2">
      <DeploymentItems>
        <DeploymentItem filename="ProjectFlip.Services.dll" />
      </DeploymentItems>
      <Execution id="293f86b0-7291-432f-8422-acab1a0b1428" />
      <TestMethod codeBase="J:/dev/flip_svn.elmermx.ch/code/trunk/ProjectFlip/ProjectFlip.Services.Test/bin/Debug/ProjectFlip.Services.Test.DLL" adapterTypeName="Microsoft.VisualStudio.TestTools.TestTypes.Unit.UnitTestAdapter, Microsoft.VisualStudio.QualityTools.Tips.UnitTest.Adapter, Version=10.0.0.0, Culture=neutral, PublicKeyToken=b03f5f7f11d50a3a" className="ProjectFlip.Services.Test.ProjectNoteTest, ProjectFlip.Services.Test, Version=1.0.0.0, Culture=neutral, PublicKeyToken=null" name="ConvertToListTest" />
    </UnitTest>
    <UnitTest name="ImportTest" storage="j:\dev\flip_svn.elmermx.ch\code\trunk\projectflip\projectflip.services.loader.test\bin\debug\projectflip.services.loader.test.dll" id="66d8e483-98ef-7f5c-f82e-282eb285173f">
      <Execution id="35681272-3578-4fea-a6fd-0138c6d7d139" />
      <TestMethod codeBase="J:/dev/flip_svn.elmermx.ch/code/trunk/ProjectFlip/ProjectFlip.Services.Loader.Test/bin/Debug/ProjectFlip.Services.Loader.Test.DLL" adapterTypeName="Microsoft.VisualStudio.TestTools.TestTypes.Unit.UnitTestAdapter, Microsoft.VisualStudio.QualityTools.Tips.UnitTest.Adapter, Version=10.0.0.0, Culture=neutral, PublicKeyToken=b03f5f7f11d50a3a" className="ProjectFlip.Services.Loader.Test.ProjectNotesLoaderTest, ProjectFlip.Services.Loader.Test, Version=1.0.0.0, Culture=neutral, PublicKeyToken=null" name="ImportTest" />
    </UnitTest>
    <UnitTest name="NotifyTest" storage="j:\dev\flip_svn.elmermx.ch\code\trunk\projectflip\projectflip.userinterface.surface.test\bin\debug\projectflip.userinterface.surface.test.dll" id="44822a49-3d3a-3cd9-6a83-bfb87b866eb6">
      <DeploymentItems>
        <DeploymentItem filename="ProjectFlip.UserInterface.Surface.dll" />
      </DeploymentItems>
      <Execution id="bd61fde0-301a-43af-81f4-78ede0e36fe8" />
      <TestMethod codeBase="J:/dev/flip_svn.elmermx.ch/code/trunk/ProjectFlip/ProjectFlip.UserInterface.Surface.Test/bin/Debug/ProjectFlip.UserInterface.Surface.Test.DLL" adapterTypeName="Microsoft.VisualStudio.TestTools.TestTypes.Unit.UnitTestAdapter, Microsoft.VisualStudio.QualityTools.Tips.UnitTest.Adapter, Version=10.0.0.0, Culture=neutral, PublicKeyToken=b03f5f7f11d50a3a" className="ProjectFlip.UserInterface.Surface.Test.ViewModelBaseTest, ProjectFlip.UserInterface.Surface.Test, Version=1.0.0.0, Culture=neutral, PublicKeyToken=null" name="NotifyTest" />
    </UnitTest>
    <UnitTest name="LineTest" storage="j:\dev\flip_svn.elmermx.ch\code\trunk\projectflip\projectflip.services.test\bin\debug\projectflip.services.test.dll" id="16a754d1-abe1-b7cb-6692-10287c0de9e8">
      <Execution id="6fba8d45-1a59-42ae-9245-089e7481046e" />
      <TestMethod codeBase="J:/dev/flip_svn.elmermx.ch/code/trunk/ProjectFlip/ProjectFlip.Services.Test/bin/Debug/ProjectFlip.Services.Test.DLL" adapterTypeName="Microsoft.VisualStudio.TestTools.TestTypes.Unit.UnitTestAdapter, Microsoft.VisualStudio.QualityTools.Tips.UnitTest.Adapter, Version=10.0.0.0, Culture=neutral, PublicKeyToken=b03f5f7f11d50a3a" className="ProjectFlip.Services.Test.ProjectNoteTest, ProjectFlip.Services.Test, Version=1.0.0.0, Culture=neutral, PublicKeyToken=null" name="LineTest" />
    </UnitTest>
    <UnitTest name="OverviewWindowViewModelProjectNotesTest" storage="j:\dev\flip_svn.elmermx.ch\code\trunk\projectflip\projectflip.userinterface.surface.test\bin\debug\projectflip.userinterface.surface.test.dll" id="96c1f950-7ba2-0f26-3c1e-e3d2807e5697">
      <Execution id="1f4deaba-0af8-4021-864e-f6d841c4df20" />
      <TestMethod codeBase="J:/dev/flip_svn.elmermx.ch/code/trunk/ProjectFlip/ProjectFlip.UserInterface.Surface.Test/bin/Debug/ProjectFlip.UserInterface.Surface.Test.DLL" adapterTypeName="Microsoft.VisualStudio.TestTools.TestTypes.Unit.UnitTestAdapter, Microsoft.VisualStudio.QualityTools.Tips.UnitTest.Adapter, Version=10.0.0.0, Culture=neutral, PublicKeyToken=b03f5f7f11d50a3a" className="ProjectFlip.UserInterface.Surface.Test.OverviewWindowViewModelTest, ProjectFlip.UserInterface.Surface.Test, Version=1.0.0.0, Culture=neutral, PublicKeyToken=null" name="OverviewWindowViewModelProjectNotesTest" />
    </UnitTest>
    <UnitTest name="ImageTest" storage="j:\dev\flip_svn.elmermx.ch\code\trunk\projectflip\projectflip.services.test\bin\debug\projectflip.services.test.dll" id="9f8b89bf-40a2-8d94-74ce-30418e6a0f3b">
      <Execution id="f27b590a-0658-4b30-9536-eeca35e08d64" />
      <TestMethod codeBase="J:/dev/flip_svn.elmermx.ch/code/trunk/ProjectFlip/ProjectFlip.Services.Test/bin/Debug/ProjectFlip.Services.Test.DLL" adapterTypeName="Microsoft.VisualStudio.TestTools.TestTypes.Unit.UnitTestAdapter, Microsoft.VisualStudio.QualityTools.Tips.UnitTest.Adapter, Version=10.0.0.0, Culture=neutral, PublicKeyToken=b03f5f7f11d50a3a" className="ProjectFlip.Services.Test.ProjectNoteTest, ProjectFlip.Services.Test, Version=1.0.0.0, Culture=neutral, PublicKeyToken=null" name="ImageTest" />
    </UnitTest>
  </TestDefinitions>
  <TestLists>
    <TestList name="Results Not in a List" id="8c84fa94-04c1-424b-9868-57a2d4851a1d" />
    <TestList name="All Loaded Results" id="19431567-8539-422a-85d7-44ee4e166bda" />
  </TestLists>
  <TestEntries>
    <TestEntry testId="16a754d1-abe1-b7cb-6692-10287c0de9e8" executionId="6fba8d45-1a59-42ae-9245-089e7481046e" testListId="8c84fa94-04c1-424b-9868-57a2d4851a1d" />
    <TestEntry testId="44822a49-3d3a-3cd9-6a83-bfb87b866eb6" executionId="bd61fde0-301a-43af-81f4-78ede0e36fe8" testListId="8c84fa94-04c1-424b-9868-57a2d4851a1d" />
    <TestEntry testId="66d8e483-98ef-7f5c-f82e-282eb285173f" executionId="35681272-3578-4fea-a6fd-0138c6d7d139" testListId="8c84fa94-04c1-424b-9868-57a2d4851a1d" />
    <TestEntry testId="96c1f950-7ba2-0f26-3c1e-e3d2807e5697" executionId="1f4deaba-0af8-4021-864e-f6d841c4df20" testListId="8c84fa94-04c1-424b-9868-57a2d4851a1d" />
    <TestEntry testId="9f8b89bf-40a2-8d94-74ce-30418e6a0f3b" executionId="f27b590a-0658-4b30-9536-eeca35e08d64" testListId="8c84fa94-04c1-424b-9868-57a2d4851a1d" />
    <TestEntry testId="bccb58cc-1cce-162f-54b4-53ddafd79ee2" executionId="293f86b0-7291-432f-8422-acab1a0b1428" testListId="8c84fa94-04c1-424b-9868-57a2d4851a1d" />
    <TestEntry testId="ebb56ab5-42d5-71fc-9442-26dde5656280" executionId="a554a13b-92c6-4fc9-8620-075fac6e03e8" testListId="8c84fa94-04c1-424b-9868-57a2d4851a1d" />
    <TestEntry testId="ed30b4e0-dba3-8e7f-0ab5-fcc96c1c7e5e" executionId="c242af94-d13c-4078-ad3e-efc3944f82c9" testListId="8c84fa94-04c1-424b-9868-57a2d4851a1d" />
  </TestEntries>
  <Results>
    <UnitTestResult executionId="6fba8d45-1a59-42ae-9245-089e7481046e" testId="16a754d1-abe1-b7cb-6692-10287c0de9e8" testName="LineTest" computerName="LUKESPC" duration="00:00:00.0201931" startTime="2011-10-30T23:02:41.6657193+01:00" endTime="2011-10-30T23:02:41.8537300+01:00" testType="13cdc9d9-ddb5-4fa4-a97d-d965ccfc6d4b" outcome="Passed" testListId="8c84fa94-04c1-424b-9868-57a2d4851a1d" relativeResultsDirectory="6fba8d45-1a59-42ae-9245-089e7481046e">
    </UnitTestResult>
    <UnitTestResult executionId="bd61fde0-301a-43af-81f4-78ede0e36fe8" testId="44822a49-3d3a-3cd9-6a83-bfb87b866eb6" testName="NotifyTest" computerName="LUKESPC" duration="00:00:00.0157762" startTime="2011-10-30T23:02:41.8547301+01:00" endTime="2011-10-30T23:02:42.0487412+01:00" testType="13cdc9d9-ddb5-4fa4-a97d-d965ccfc6d4b" outcome="Passed" testListId="8c84fa94-04c1-424b-9868-57a2d4851a1d" relativeResultsDirectory="bd61fde0-301a-43af-81f4-78ede0e36fe8">
    </UnitTestResult>
    <UnitTestResult executionId="35681272-3578-4fea-a6fd-0138c6d7d139" testId="66d8e483-98ef-7f5c-f82e-282eb285173f" testName="ImportTest" computerName="LUKESPC" duration="00:00:00.0148399" startTime="2011-10-30T23:02:42.0507413+01:00" endTime="2011-10-30T23:02:42.2277514+01:00" testType="13cdc9d9-ddb5-4fa4-a97d-d965ccfc6d4b" outcome="Passed" testListId="8c84fa94-04c1-424b-9868-57a2d4851a1d" relativeResultsDirectory="35681272-3578-4fea-a6fd-0138c6d7d139">
    </UnitTestResult>
    <UnitTestResult executionId="1f4deaba-0af8-4021-864e-f6d841c4df20" testId="96c1f950-7ba2-0f26-3c1e-e3d2807e5697" testName="OverviewWindowViewModelProjectNotesTest" computerName="LUKESPC" duration="00:00:00.0003152" startTime="2011-10-30T23:02:42.2287515+01:00" endTime="2011-10-30T23:02:42.2327517+01:00" testType="13cdc9d9-ddb5-4fa4-a97d-d965ccfc6d4b" outcome="Passed" testListId="8c84fa94-04c1-424b-9868-57a2d4851a1d" relativeResultsDirectory="1f4deaba-0af8-4021-864e-f6d841c4df20">
    </UnitTestResult>
    <UnitTestResult executionId="f27b590a-0658-4b30-9536-eeca35e08d64" testId="9f8b89bf-40a2-8d94-74ce-30418e6a0f3b" testName="ImageTest" computerName="LUKESPC" duration="00:00:00.0042720" startTime="2011-10-30T23:02:42.2337518+01:00" endTime="2011-10-30T23:02:42.2407522+01:00" testType="13cdc9d9-ddb5-4fa4-a97d-d965ccfc6d4b" outcome="Passed" testListId="8c84fa94-04c1-424b-9868-57a2d4851a1d" relativeResultsDirectory="f27b590a-0658-4b30-9536-eeca35e08d64">
    </UnitTestResult>
    <UnitTestResult executionId="293f86b0-7291-432f-8422-acab1a0b1428" testId="bccb58cc-1cce-162f-54b4-53ddafd79ee2" testName="ConvertToListTest" computerName="LUKESPC" duration="00:00:00.0005484" startTime="2011-10-30T23:02:42.2427523+01:00" endTime="2011-10-30T23:02:42.2467525+01:00" testType="13cdc9d9-ddb5-4fa4-a97d-d965ccfc6d4b" outcome="Passed" testListId="8c84fa94-04c1-424b-9868-57a2d4851a1d" relativeResultsDirectory="293f86b0-7291-432f-8422-acab1a0b1428">
    </UnitTestResult>
    <UnitTestResult executionId="a554a13b-92c6-4fc9-8620-075fac6e03e8" testId="ebb56ab5-42d5-71fc-9442-26dde5656280" testName="OpenNewWindowTest1" computerName="LUKESPC" duration="00:00:00.0105420" startTime="2011-10-30T23:02:42.2477526+01:00" endTime="2011-10-30T23:02:42.2627534+01:00" testType="13cdc9d9-ddb5-4fa4-a97d-d965ccfc6d4b" outcome="Inconclusive" testListId="8c84fa94-04c1-424b-9868-57a2d4851a1d" relativeResultsDirectory="a554a13b-92c6-4fc9-8620-075fac6e03e8">
      <Output>
        <ErrorInfo>
          <Message>Assert.Inconclusive failed. A method that does not return a value cannot be verified.</Message>
          <StackTrace>   at ProjectFlip.UserInterface.Surface.Test.ProjectNoteViewModelTest.OpenNewWindowTest1() in J:\dev\flip_svn.elmermx.ch\code\trunk\ProjectFlip\ProjectFlip.UserInterface.Surface.Test\ProjectNoteViewModelTest.cs:line 80
</StackTrace>
        </ErrorInfo>
      </Output>
    </UnitTestResult>
    <UnitTestResult executionId="c242af94-d13c-4078-ad3e-efc3944f82c9" testId="ed30b4e0-dba3-8e7f-0ab5-fcc96c1c7e5e" testName="DocumentTest" computerName="LUKESPC" duration="00:00:00.2489606" startTime="2011-10-30T23:02:42.2637535+01:00" endTime="2011-10-30T23:02:42.5157679+01:00" testType="13cdc9d9-ddb5-4fa4-a97d-d965ccfc6d4b" outcome="Passed" testListId="8c84fa94-04c1-424b-9868-57a2d4851a1d" relativeResultsDirectory="c242af94-d13c-4078-ad3e-efc3944f82c9">
    </UnitTestResult>
  </Results>
</TestRun>