<?xml version="1.0" encoding="UTF-8"?>
<TestRun id="4bdc2a15-f100-493e-8aaa-bcafe7aaf517" name="Lukas Elmer@LUKESPC 2011-10-30 23:39:28" runUser="lukespc\Lukas Elmer" xmlns="http://microsoft.com/schemas/VisualStudio/TeamTest/2010">
  <TestSettings name="Local" id="ecb0bfb1-6f24-4efe-acbf-86949a26cdb9">
    <Description>These are default test settings for a local test run.</Description>
    <Deployment enabled="false" runDeploymentRoot="Lukas Elmer_LUKESPC 2011-10-30 23_39_28">
      <DeploymentItem filename="J:\dev\flip_svn.elmermx.ch\code\trunk\ProjectFlip\ProjectFlip.Services.Interfaces\bin\Debug\ProjectFlip.Services.Interfaces.dll" />
      <DeploymentItem filename="J:\dev\flip_svn.elmermx.ch\code\trunk\ProjectFlip\Libraries\Unity\Microsoft.Practices.Unity.dll" />
      <DeploymentItem filename="J:\dev\flip_svn.elmermx.ch\code\trunk\ProjectFlip\ProjectFlip.UserInterface.Surface\bin\Debug\ProjectFlip.UserInterface.Surface.dll" />
      <DeploymentItem filename="J:\dev\flip_svn.elmermx.ch\code\trunk\ProjectFlip\ProjectFlip.Services\bin\Debug\ProjectFlip.Services.dll" />
      <DeploymentItem filename="J:\dev\flip_svn.elmermx.ch\code\trunk\ProjectFlip\ProjectFlip.Services.Loader.Interfaces\bin\Debug\ProjectFlip.Services.Loader.Interfaces.dll" />
      <DeploymentItem filename="J:\dev\flip_svn.elmermx.ch\code\trunk\ProjectFlip\PDFConverter\bin\Debug\ProjectFlip.Converter.Pdf.exe" />
      <DeploymentItem filename="J:\dev\flip_svn.elmermx.ch\code\trunk\ProjectFlip\ProjectFlip.UserInterface\bin\Debug\ProjectFlip.UserInterface.dll" />
      <DeploymentItem filename="J:\dev\flip_svn.elmermx.ch\code\trunk\ProjectFlip\ProjectFlip.PdfConverter.Interfaces\bin\Debug\ProjectFlip.Converter.Interfaces.dll" />
      <DeploymentItem filename="J:\dev\flip_svn.elmermx.ch\code\trunk\ProjectFlip\ProjectFlip.Importer\bin\Debug\ProjectFlip.Services.Loader.exe" />
      <DeploymentItem filename="J:\dev\flip_svn.elmermx.ch\code\trunk\ProjectFlip\ProjectFlip.Preparer\bin\Debug\ProjectFlip.Preparer.exe" />
    </Deployment>
    <Execution>
      <TestTypeSpecific />
      <AgentRule name="Execution Agents">
      </AgentRule>
    </Execution>
  </TestSettings>
  <Times creation="2011-10-30T23:39:28.3559347+01:00" queuing="2011-10-30T23:39:28.3669354+01:00" start="2011-10-30T23:39:28.3749358+01:00" finish="2011-10-30T23:39:29.9340250+01:00" />
  <ResultSummary outcome="Inconclusive">
    <Counters total="9" executed="9" passed="8" error="0" failed="0" timeout="0" aborted="0" inconclusive="1" passedButRunAborted="0" notRunnable="0" notExecuted="0" disconnected="0" warning="0" completed="0" inProgress="0" pending="0" />
    <RunInfos>
      <RunInfo computerName="LUKESPC" outcome="Warning" timestamp="2011-10-30T23:39:28.3669354+01:00">
        <Text>Deployment is currently disabled. The deployment item 'ProjectFlip.UserInterface.Surface.dll' on test 'ProjectFlip.UserInterface.Surface.Test.ProjectNoteViewModelTest.OpenNewWindowTest1' was not deployed.</Text>
      </RunInfo>
      <RunInfo computerName="LUKESPC" outcome="Warning" timestamp="2011-10-30T23:39:28.3669354+01:00">
        <Text>Deployment is currently disabled. The deployment item 'ProjectFlip.Preparer.exe' on test 'ProjectFlip.Preparer.Test.ImageExtractorProcessorTest.ExtractImageTest' was not deployed.</Text>
      </RunInfo>
    </RunInfos>
  </ResultSummary>
  <TestDefinitions>
    <UnitTest name="OpenNewWindowTest1" storage="j:\dev\flip_svn.elmermx.ch\code\trunk\projectflip\projectflip.userinterface.surface.test\bin\debug\projectflip.userinterface.surface.test.dll" id="ebb56ab5-42d5-71fc-9442-26dde5656280">
      <DeploymentItems>
        <DeploymentItem filename="ProjectFlip.UserInterface.Surface.dll" />
      </DeploymentItems>
      <Execution id="e834313d-d9b4-46ca-adf0-28b8ff63b1dd" />
      <TestMethod codeBase="J:/dev/flip_svn.elmermx.ch/code/trunk/ProjectFlip/ProjectFlip.UserInterface.Surface.Test/bin/Debug/ProjectFlip.UserInterface.Surface.Test.DLL" adapterTypeName="Microsoft.VisualStudio.TestTools.TestTypes.Unit.UnitTestAdapter, Microsoft.VisualStudio.QualityTools.Tips.UnitTest.Adapter, Version=10.0.0.0, Culture=neutral, PublicKeyToken=b03f5f7f11d50a3a" className="ProjectFlip.UserInterface.Surface.Test.ProjectNoteViewModelTest, ProjectFlip.UserInterface.Surface.Test, Version=1.0.0.0, Culture=neutral, PublicKeyToken=null" name="OpenNewWindowTest1" />
    </UnitTest>
    <UnitTest name="DocumentTest" storage="j:\dev\flip_svn.elmermx.ch\code\trunk\projectflip\projectflip.services.test\bin\debug\projectflip.services.test.dll" id="ed30b4e0-dba3-8e7f-0ab5-fcc96c1c7e5e">
      <Execution id="292b2cb2-9c90-46bf-a0dc-07fbf96ee78e" />
      <TestMethod codeBase="J:/dev/flip_svn.elmermx.ch/code/trunk/ProjectFlip/ProjectFlip.Services.Test/bin/Debug/ProjectFlip.Services.Test.DLL" adapterTypeName="Microsoft.VisualStudio.TestTools.TestTypes.Unit.UnitTestAdapter, Microsoft.VisualStudio.QualityTools.Tips.UnitTest.Adapter, Version=10.0.0.0, Culture=neutral, PublicKeyToken=b03f5f7f11d50a3a" className="ProjectFlip.Services.Test.ProjectNoteTest, ProjectFlip.Services.Test, Version=1.0.0.0, Culture=neutral, PublicKeyToken=null" name="DocumentTest" />
    </UnitTest>
    <UnitTest name="ConvertToListTest" storage="j:\dev\flip_svn.elmermx.ch\code\trunk\projectflip\projectflip.services.test\bin\debug\projectflip.services.test.dll" id="bccb58cc-1cce-162f-54b4-53ddafd79ee2">
      <DeploymentItems>
        <DeploymentItem filename="ProjectFlip.Services.dll" />
      </DeploymentItems>
      <Execution id="1efc0245-b1f3-4256-9a31-fd99a99dc065" />
      <TestMethod codeBase="J:/dev/flip_svn.elmermx.ch/code/trunk/ProjectFlip/ProjectFlip.Services.Test/bin/Debug/ProjectFlip.Services.Test.DLL" adapterTypeName="Microsoft.VisualStudio.TestTools.TestTypes.Unit.UnitTestAdapter, Microsoft.VisualStudio.QualityTools.Tips.UnitTest.Adapter, Version=10.0.0.0, Culture=neutral, PublicKeyToken=b03f5f7f11d50a3a" className="ProjectFlip.Services.Test.ProjectNoteTest, ProjectFlip.Services.Test, Version=1.0.0.0, Culture=neutral, PublicKeyToken=null" name="ConvertToListTest" />
    </UnitTest>
    <UnitTest name="ImportTest" storage="j:\dev\flip_svn.elmermx.ch\code\trunk\projectflip\projectflip.services.loader.test\bin\debug\projectflip.services.loader.test.dll" id="66d8e483-98ef-7f5c-f82e-282eb285173f">
      <Execution id="d7762f3e-93f8-46b7-a513-b626b452719b" />
      <TestMethod codeBase="J:/dev/flip_svn.elmermx.ch/code/trunk/ProjectFlip/ProjectFlip.Services.Loader.Test/bin/Debug/ProjectFlip.Services.Loader.Test.DLL" adapterTypeName="Microsoft.VisualStudio.TestTools.TestTypes.Unit.UnitTestAdapter, Microsoft.VisualStudio.QualityTools.Tips.UnitTest.Adapter, Version=10.0.0.0, Culture=neutral, PublicKeyToken=b03f5f7f11d50a3a" className="ProjectFlip.Services.Loader.Test.ProjectNotesLoaderTest, ProjectFlip.Services.Loader.Test, Version=1.0.0.0, Culture=neutral, PublicKeyToken=null" name="ImportTest" />
    </UnitTest>
    <UnitTest name="NotifyTest" storage="j:\dev\flip_svn.elmermx.ch\code\trunk\projectflip\projectflip.userinterface.surface.test\bin\debug\projectflip.userinterface.surface.test.dll" id="44822a49-3d3a-3cd9-6a83-bfb87b866eb6">
      <DeploymentItems>
        <DeploymentItem filename="ProjectFlip.UserInterface.Surface.dll" />
      </DeploymentItems>
      <Execution id="8b1ac195-f69b-47cb-89a2-c562bbc396f7" />
      <TestMethod codeBase="J:/dev/flip_svn.elmermx.ch/code/trunk/ProjectFlip/ProjectFlip.UserInterface.Surface.Test/bin/Debug/ProjectFlip.UserInterface.Surface.Test.DLL" adapterTypeName="Microsoft.VisualStudio.TestTools.TestTypes.Unit.UnitTestAdapter, Microsoft.VisualStudio.QualityTools.Tips.UnitTest.Adapter, Version=10.0.0.0, Culture=neutral, PublicKeyToken=b03f5f7f11d50a3a" className="ProjectFlip.UserInterface.Surface.Test.ViewModelBaseTest, ProjectFlip.UserInterface.Surface.Test, Version=1.0.0.0, Culture=neutral, PublicKeyToken=null" name="NotifyTest" />
    </UnitTest>
    <UnitTest name="LineTest" storage="j:\dev\flip_svn.elmermx.ch\code\trunk\projectflip\projectflip.services.test\bin\debug\projectflip.services.test.dll" id="16a754d1-abe1-b7cb-6692-10287c0de9e8">
      <Execution id="e6836760-2b5b-48d9-a4cc-899b247675be" />
      <TestMethod codeBase="J:/dev/flip_svn.elmermx.ch/code/trunk/ProjectFlip/ProjectFlip.Services.Test/bin/Debug/ProjectFlip.Services.Test.DLL" adapterTypeName="Microsoft.VisualStudio.TestTools.TestTypes.Unit.UnitTestAdapter, Microsoft.VisualStudio.QualityTools.Tips.UnitTest.Adapter, Version=10.0.0.0, Culture=neutral, PublicKeyToken=b03f5f7f11d50a3a" className="ProjectFlip.Services.Test.ProjectNoteTest, ProjectFlip.Services.Test, Version=1.0.0.0, Culture=neutral, PublicKeyToken=null" name="LineTest" />
    </UnitTest>
    <UnitTest name="OverviewWindowViewModelProjectNotesTest" storage="j:\dev\flip_svn.elmermx.ch\code\trunk\projectflip\projectflip.userinterface.surface.test\bin\debug\projectflip.userinterface.surface.test.dll" id="96c1f950-7ba2-0f26-3c1e-e3d2807e5697">
      <Execution id="c06adf9e-9bdf-4b58-b437-16984f7ce109" />
      <TestMethod codeBase="J:/dev/flip_svn.elmermx.ch/code/trunk/ProjectFlip/ProjectFlip.UserInterface.Surface.Test/bin/Debug/ProjectFlip.UserInterface.Surface.Test.DLL" adapterTypeName="Microsoft.VisualStudio.TestTools.TestTypes.Unit.UnitTestAdapter, Microsoft.VisualStudio.QualityTools.Tips.UnitTest.Adapter, Version=10.0.0.0, Culture=neutral, PublicKeyToken=b03f5f7f11d50a3a" className="ProjectFlip.UserInterface.Surface.Test.OverviewWindowViewModelTest, ProjectFlip.UserInterface.Surface.Test, Version=1.0.0.0, Culture=neutral, PublicKeyToken=null" name="OverviewWindowViewModelProjectNotesTest" />
    </UnitTest>
    <UnitTest name="ExtractImageTest" storage="j:\dev\flip_svn.elmermx.ch\code\trunk\projectflip\projectflip.preparer.test\bin\debug\projectflip.preparer.test.dll" id="a04b1365-3a46-4a28-167b-1bc7531188c1">
      <DeploymentItems>
        <DeploymentItem filename="ProjectFlip.Preparer.exe" />
      </DeploymentItems>
      <Execution id="356a1763-d66c-426f-b7ea-eb71d86d466a" />
      <TestMethod codeBase="J:/dev/flip_svn.elmermx.ch/code/trunk/ProjectFlip/ProjectFlip.Preparer.Test/bin/Debug/ProjectFlip.Preparer.Test.DLL" adapterTypeName="Microsoft.VisualStudio.TestTools.TestTypes.Unit.UnitTestAdapter, Microsoft.VisualStudio.QualityTools.Tips.UnitTest.Adapter, Version=10.0.0.0, Culture=neutral, PublicKeyToken=b03f5f7f11d50a3a" className="ProjectFlip.Preparer.Test.ImageExtractorProcessorTest, ProjectFlip.Preparer.Test, Version=1.0.0.0, Culture=neutral, PublicKeyToken=null" name="ExtractImageTest" />
    </UnitTest>
    <UnitTest name="ImageTest" storage="j:\dev\flip_svn.elmermx.ch\code\trunk\projectflip\projectflip.services.test\bin\debug\projectflip.services.test.dll" id="9f8b89bf-40a2-8d94-74ce-30418e6a0f3b">
      <Execution id="fcf08392-4c75-4cbd-934b-27cb0ae0ab78" />
      <TestMethod codeBase="J:/dev/flip_svn.elmermx.ch/code/trunk/ProjectFlip/ProjectFlip.Services.Test/bin/Debug/ProjectFlip.Services.Test.DLL" adapterTypeName="Microsoft.VisualStudio.TestTools.TestTypes.Unit.UnitTestAdapter, Microsoft.VisualStudio.QualityTools.Tips.UnitTest.Adapter, Version=10.0.0.0, Culture=neutral, PublicKeyToken=b03f5f7f11d50a3a" className="ProjectFlip.Services.Test.ProjectNoteTest, ProjectFlip.Services.Test, Version=1.0.0.0, Culture=neutral, PublicKeyToken=null" name="ImageTest" />
    </UnitTest>
  </TestDefinitions>
  <TestLists>
    <TestList name="Results Not in a List" id="8c84fa94-04c1-424b-9868-57a2d4851a1d" />
    <TestList name="All Loaded Results" id="19431567-8539-422a-85d7-44ee4e166bda" />
  </TestLists>
  <TestEntries>
    <TestEntry testId="16a754d1-abe1-b7cb-6692-10287c0de9e8" executionId="e6836760-2b5b-48d9-a4cc-899b247675be" testListId="8c84fa94-04c1-424b-9868-57a2d4851a1d" />
    <TestEntry testId="44822a49-3d3a-3cd9-6a83-bfb87b866eb6" executionId="8b1ac195-f69b-47cb-89a2-c562bbc396f7" testListId="8c84fa94-04c1-424b-9868-57a2d4851a1d" />
    <TestEntry testId="66d8e483-98ef-7f5c-f82e-282eb285173f" executionId="d7762f3e-93f8-46b7-a513-b626b452719b" testListId="8c84fa94-04c1-424b-9868-57a2d4851a1d" />
    <TestEntry testId="96c1f950-7ba2-0f26-3c1e-e3d2807e5697" executionId="c06adf9e-9bdf-4b58-b437-16984f7ce109" testListId="8c84fa94-04c1-424b-9868-57a2d4851a1d" />
    <TestEntry testId="9f8b89bf-40a2-8d94-74ce-30418e6a0f3b" executionId="fcf08392-4c75-4cbd-934b-27cb0ae0ab78" testListId="8c84fa94-04c1-424b-9868-57a2d4851a1d" />
    <TestEntry testId="a04b1365-3a46-4a28-167b-1bc7531188c1" executionId="356a1763-d66c-426f-b7ea-eb71d86d466a" testListId="8c84fa94-04c1-424b-9868-57a2d4851a1d" />
    <TestEntry testId="bccb58cc-1cce-162f-54b4-53ddafd79ee2" executionId="1efc0245-b1f3-4256-9a31-fd99a99dc065" testListId="8c84fa94-04c1-424b-9868-57a2d4851a1d" />
    <TestEntry testId="ebb56ab5-42d5-71fc-9442-26dde5656280" executionId="e834313d-d9b4-46ca-adf0-28b8ff63b1dd" testListId="8c84fa94-04c1-424b-9868-57a2d4851a1d" />
    <TestEntry testId="ed30b4e0-dba3-8e7f-0ab5-fcc96c1c7e5e" executionId="292b2cb2-9c90-46bf-a0dc-07fbf96ee78e" testListId="8c84fa94-04c1-424b-9868-57a2d4851a1d" />
  </TestEntries>
  <Results>
    <UnitTestResult executionId="e6836760-2b5b-48d9-a4cc-899b247675be" testId="16a754d1-abe1-b7cb-6692-10287c0de9e8" testName="LineTest" computerName="LUKESPC" duration="00:00:00.0206277" startTime="2011-10-30T23:39:28.3769359+01:00" endTime="2011-10-30T23:39:28.5639466+01:00" testType="13cdc9d9-ddb5-4fa4-a97d-d965ccfc6d4b" outcome="Passed" testListId="8c84fa94-04c1-424b-9868-57a2d4851a1d" relativeResultsDirectory="e6836760-2b5b-48d9-a4cc-899b247675be">
    </UnitTestResult>
    <UnitTestResult executionId="8b1ac195-f69b-47cb-89a2-c562bbc396f7" testId="44822a49-3d3a-3cd9-6a83-bfb87b866eb6" testName="NotifyTest" computerName="LUKESPC" duration="00:00:00.0159349" startTime="2011-10-30T23:39:28.5649467+01:00" endTime="2011-10-30T23:39:28.7499573+01:00" testType="13cdc9d9-ddb5-4fa4-a97d-d965ccfc6d4b" outcome="Passed" testListId="8c84fa94-04c1-424b-9868-57a2d4851a1d" relativeResultsDirectory="8b1ac195-f69b-47cb-89a2-c562bbc396f7">
    </UnitTestResult>
    <UnitTestResult executionId="d7762f3e-93f8-46b7-a513-b626b452719b" testId="66d8e483-98ef-7f5c-f82e-282eb285173f" testName="ImportTest" computerName="LUKESPC" duration="00:00:00.0150311" startTime="2011-10-30T23:39:28.7519574+01:00" endTime="2011-10-30T23:39:28.9319677+01:00" testType="13cdc9d9-ddb5-4fa4-a97d-d965ccfc6d4b" outcome="Passed" testListId="8c84fa94-04c1-424b-9868-57a2d4851a1d" relativeResultsDirectory="d7762f3e-93f8-46b7-a513-b626b452719b">
    </UnitTestResult>
    <UnitTestResult executionId="c06adf9e-9bdf-4b58-b437-16984f7ce109" testId="96c1f950-7ba2-0f26-3c1e-e3d2807e5697" testName="OverviewWindowViewModelProjectNotesTest" computerName="LUKESPC" duration="00:00:00.0003167" startTime="2011-10-30T23:39:28.9329677+01:00" endTime="2011-10-30T23:39:28.9369680+01:00" testType="13cdc9d9-ddb5-4fa4-a97d-d965ccfc6d4b" outcome="Passed" testListId="8c84fa94-04c1-424b-9868-57a2d4851a1d" relativeResultsDirectory="c06adf9e-9bdf-4b58-b437-16984f7ce109">
    </UnitTestResult>
    <UnitTestResult executionId="fcf08392-4c75-4cbd-934b-27cb0ae0ab78" testId="9f8b89bf-40a2-8d94-74ce-30418e6a0f3b" testName="ImageTest" computerName="LUKESPC" duration="00:00:00.0042592" startTime="2011-10-30T23:39:28.9379680+01:00" endTime="2011-10-30T23:39:28.9449684+01:00" testType="13cdc9d9-ddb5-4fa4-a97d-d965ccfc6d4b" outcome="Passed" testListId="8c84fa94-04c1-424b-9868-57a2d4851a1d" relativeResultsDirectory="fcf08392-4c75-4cbd-934b-27cb0ae0ab78">
    </UnitTestResult>
    <UnitTestResult executionId="356a1763-d66c-426f-b7ea-eb71d86d466a" testId="a04b1365-3a46-4a28-167b-1bc7531188c1" testName="ExtractImageTest" computerName="LUKESPC" duration="00:00:00.5010304" startTime="2011-10-30T23:39:28.9459685+01:00" endTime="2011-10-30T23:39:29.6080064+01:00" testType="13cdc9d9-ddb5-4fa4-a97d-d965ccfc6d4b" outcome="Passed" testListId="8c84fa94-04c1-424b-9868-57a2d4851a1d" relativeResultsDirectory="356a1763-d66c-426f-b7ea-eb71d86d466a">
      <Output>
        <StdOut>�PNG
&#x1A;
\0\0\0IHDR\0\0\0�\0\0\0�&#x8;&#x6;\0\0\0S� ?\0\0\0&#x1;sRGB\0��&#x1C;�\0\0\0&#x4;gAMA\0\0��&#xB;�a&#x5;\0\0\0	pHYs\0\0&#xE;�\0\0&#xE;�&#x1;�o�d\0\0��IDATx^��e��i��&#xB;��q���]]U)�&#x6;&#x16;D\0��&#x13;&#x1;���&#x7;���;$��&#x1A;A&#x4;&#x4;�.��CfVU��g��g�C.VF&amp;TWw��c�Wֻ���{�L��&#x17;&#x16;*?&gt;xf?=|��������C{z�=�y�^ݹc?ݻg?޽�^t&#x1C;8w����C��i{tߞ\�b��6ۑ�;���&#xB;�~|a����byp��_&#x1F;&gt;�ڇ���-��P���G�������G���{v��i�s�����&#x1D;&gt;C@������M'{|���������s�}x�}���&gt;��7�ʱ�|�]|�����=}�����v�S�����۫G��&#xF;�ً�������;!r������ɣ7���&#xF;M��}�������9��9��&#x1D;���ڋ����+�����{q��s���/&#x1F;q���s&gt;��ʓ�g|z�&#x1D;D���[�\��&gt;T���]�_����7.��s���m���k���n�ߞܰ������u���7���������N���V�C���&#x11;�ѣko��&#x1F;�`?=��N�����&#x1F;�_�{���;���]^ݻl���1]�&#x1F;���ǃ�#͏&#xF;�X����)\0�D���&#x7;�n&#x5;�*yy����u���&#x1B;��&#x3;��
�u^7�@��=�����&#x3;�sˮ�&lt;f'�������&#xB;\0�!7Q
Pt�����w��J&#x4;����?�=�{��&#x2;ڽKg�����&#x1B;�&#x1;�}ɏ��9���u�3\0�w&#x11;�`\;y�.&#x1C;:�wM��W.�&#x5;��xn���g��&amp;�������&#x6;`	L��z�"���昅�у7�G~3��{P��)��&#x1D;�����D����&#x1E;��L?=f�{&#x16;X,~_X ��G�X��&amp;�&#x1A;��&#x6;o&#x5;b&#xF;f-�/�\�&#x7;WN�������_?��qc�@���{�o~ߟ���!��&#x16;�P���M�s��/z�Ww�����Zz~���t�����=t���7.�&#x1;3�O�_׿�?N���#���&#x8;��`~q&#xF;@�	���, ?�q�m&#x5;`�gjݼ��&#x5;&#x1C;��c�K.&#x1F;=�����c)�����&#x10;�&#x6;����]����)@�&#x1B;����U{x��&#x3;���&#x1C;S�;�����h&#x1F;w���]c�&#x1F;�����9}n��&#xB;�&#x16;�c�{�d�^��s�7�w&#x18;��=~7^���&#x1F;�x���&#x1E;&#x2;�&#x10;�&#x11;����o_=�g/��5m=�z&#x1C;\0��#/�q�߻&#xE;C�&#x19;ؾb�&#x11;�Jk���&#x16;�\0����%�3��&#x5;�k�&#x1F;���o��w�&#x4;&#x16;���z�.'���7��/Ry&#x17;M�G��w&#x5;���.���&#x6;f���&#x7;&#x3;���˯A���.�z����'���-T&#x4;ޗ�acD�=�&#x1D;`c�o03?�r&#x5;�c�~�&#x1;[�	8���V&#xC;���Z����$�^&#x17;&#xF;&#x1F;�{&#x17;/��]?�X:TR&#x3;���{q�[���&#x1B;\0&#x1B;�ӽ[\0��ݽx��_:���&#x16;Pˤ^�����ϒ���9}v-V�ע���&#x15;w���Sv&lt;!�N%%��S'1[`�G\0&#x7; ������"�g	�&#x17;��X�&lt;��Htރ��^��w��&#xF;x.����@,���6���&#x1;�]&#xB;J*&#x1A;A��&#x10;8f�~&#x4;�PO�.�7�ڷ���Ťo�_����&#x15;���^��u&#x3;K��}��&#x1D;ܹ��m]�Z��+ڇ&#x1E;�b%��]w��o_y�&lt;�u&#x19;2��N��뽺+fSt��i��V���C�!����͋����3���H�&#x14;�&#x5;䎓g\0V�&#x1C;�I��&#x4;�
�&#x2;�&#x17;&#xF;N&#x1;S��&#x1A;o&#x8;����[&#x2;��&#x18;��{,&#x6;�o��&#x7;��t����l��M��&#x1;;�s��;��n|�σB�g7`�&#x14;V�@ҟ�[�
=��&#xB;�~��k����pG�-&gt;�&#xF;,&amp;籧O٭���.���&#x6;�)!�#�y&#x2;�&#x3;\0A����^��Y���5�?&#x16;7}&#x6;i"b�s&#x7;�&#x3;�&#x13;�x�j��K&gt;ǫ�z]i&#x3;R��&lt;&#x1;�z�j+&#x10;?�ZI0�_rs�d�x&#x17;y�u�&#x1;�3D���YX�&#x3;�'���|_���Z,&#x4;Z�&#x5;�j	?bB�}`��!ⴏ a!����7
�g�&#x4;�N_�7�`��⁳�&#xF;��d'&#x12;w:p��&#x1D;\0�4,�n������1=x���
,)�|���Z&#x2;`j���k&gt;o
���&#x2;j\0���&gt;�Θ���:��J&#x12;�&#x1E;i&#x1E;q�I&#x1E;&#x3;�'|٧ܘ��W�C�R�&#x5;f���ˀ�*��M\0w����7�&#x11;�s#���&#x1D;�S�����N�&#x16;S���^���&#x4;&#x6;Ϫ�zu]�&#x7;&#x3;���S[���)&#x10;�Ĥ�Ξ��?�4&#x5;��zL��O���������#���]�Z�Ϝ��۶��D�'��3&#x16;���n?�����OZ&lt;�rS�20�u03&#x7;&#x3;=5&#x16;�s&#x2;��}
X��xI��!@뼀���&#x14;ϲo2�T�Pq�O�������#��{�&#x11;�_
�/Yx&#x1C;X�&#x17;�,Oo\�&#x1B;gX0�v��c&#x7;��&#x3;政W���~���/&#x16;2^'Tdn�Jj��#��&#x1D;��K�^��Z��]&#x4;�&#x17;YH� ���4&#xF;a�G7��n
�\0(�&#xF;��&#x16;���&#x16;#��%&#xF;.᜸��&#xF;&#x2;/�r&#x13;;�&#x16;7�mTw�&#x12;�{��.&#x10;I��H &#x12;C'm��H&#x2;��8&#x1;M@�pf
[�m��J쿋�}~-H�&#x7;����S���q�]p��f&#x8;&#x16;}^&#xF;ҷm�M�sZ�M�&#x14;&#x1E;�գ�,q�F;�7ў����&amp;��&#x6;��
���&#x8;�&#x1E;`&#x2;W0;&#x7;3�&#xB;&#x16;�D^�9xy��E]��XY�&#x13;l��c`ƴaA&#xE;�W�V���o�Z�d�&#x4;GN�f%-J�+�F*�&#x1C;�&#x1B;&#x17;/@�:�L&amp;�&#x19;yP���׀�&#x16;&amp;s�M�&#x16;&#x10;*�]���&#xB;h&#xF;&#x1;MQ��[��&#x1C;&#x7;���W]�Hf��\��4&#xF;�_6��&#x1B;W�&#x11;+��[0H��"��C%�&#xE;�Y"P����^�m�.�5F&#x1E;]��9��&#x2;f&#x7;h�Y7�W}�#&#xB;�&#x2;�@��&#x16;;�c��&#x17;�&#x15;b&#x12;0�no&#x3;Q�㩃��\0Ｔ&#x7;�5h�����h�Μ�&#x1F;��B�?��_�˳�&lt;�~&#x11;z�V�	�i���&#x16;p&#x1;[�&amp;7ڭ{v��Q;�}�����y��~䳼LQ�&#x5;��EV�o��&#x2;3��? �X\~|�Ƚ�L�&#x7;�\0��r_�&#x15;�j�O��e�˙&#x16;,�1�K@�&#x12;�+T���#�?&#x13;9	����s�y�?���&amp;`&#xB;&#xB;���&#x16;�V&gt;��+W8�MǺF�����۴�Ѕ8��z���u����&#x11;l΅&gt;ߛp�&#x7;�]�9�Ks��%�&#x4;&#x3;Z�&#xE;&#x15;&#x1;55&#x11;&#x1B;�b3�6&#x16;��G�榸t����7&#x10;X�&#x7;����7tM &#x4;�?«�&#x2;�&gt;�&#x7;�&#x1C;F&#x7;����,S&#xC;W�닿D������~&#xF;&#x5;�&#x1F;�~�&#x1;�,��
*�Ig�*&gt;-S@?�^;���X�כ&#xC;&#xE;������7��?��&lt;E�y�&#x6;�E�⾃v|�&#x1E;��|�&#x1E;&#x3;�'\+f�j���kK&#x2;�&#x7;��&#x1A;�(��A&#x16;`�{&#xE;�zo&#x1;��ĳS&#x3;�&#x1C;h/��$U0���~F�绂��;8�&#x10;�g�K��x@{MM��&#x7;��=����K����hR[`�L
������W�Y��'���Hs&#x1F;&#x15;�!&#xF;&gt;&#x10;�P����j&amp;	&#x1C;&#x3;Vg��&#x1A;����&#x8;&#x1B;�&#x3;��&#x15;T�k&#x2;�\0{&#x17;&#x10;_���/۝s�`j���� @���z���#���W�V`R�G���Z=�/�&#x6;PR�_HCp�&#x2;6��Zi&#xB;
�	L�{SBj�&#xC;���캴�����&#x15;V&lt;�.P�5&#x4;b&#x1;Zj�&#x16;�&#x7;�/�&#x1F;ҫ�&#x1E;�R}��G�xBB�&#x1C;i�Y��r���&#x16;�σJ��&#x12;�u�߸�_�\0s�x�&#xB;j�����\�&gt;;�c�{��$�&lt;��F,-�V~&#x4;@�&#x14;5X�/X�&#x2;*�"&#x12;rd��5���`l&#x18;��^&#x12;�x!�������y�W��?)֯&#x10;�&#x16;&#xF;�oϦv��&#x5;&#x1E;ӵؾA�=�/&#x8;�&#x4;�r��&#x8;[�+.Pk��&#x7;��&lt;������+��&#x15;���ϥ�C��#�9 )63��LD%�r�U���?���s��^��2�ǐ�I�&#x8;�eG&#xE;&#xF;��$�u�.&#x1D;9d��,���;w/&#x10;��Ђ�
m�+��L9&#x17;b���&#x19;���_&#x2;�&#xB;i�¡�qH��Hޗ�wI��*6R�h_"5��&#xF;7��c���zrMjp�.�{E�&#x10;\0���9&#x1E;�\zñ�Ul�|&#x1E;��G&#x15;�uN@�*{f�&gt;w���.*�}&#x1;�'����V�Þ&#x3;�Py�PZ
&#x18;=(&#x3;����-X��Kڂ&#x1C;tz�&#x1F;N&#x1C;w��Wu&#x4;�&#x17;�&#x1;Z�&#x15;���^����&#xF;���\0�/�s^\�&#xB;*�!O��臋��&#xB;̛GW/حs'�����ݻ�T|�=�~�Ql�g�b�&#x17;E&#x15;��|�&#x17;,&#x4;&#x2;�&#x13;�&#x12;�&#x7;&#x1F;?� w@�%!G�^^;�R����*g���Ю&#x1D;�w���&#x1C;T)�{�&lt;@/�&#x19;���&lt;�N�c��&#x5;�&#x15;�����&amp;�^�(p&#x1F;&#x4;"*�}�/��^�����W�&#x1C;�K&#x7;&#xE;�M��&#x17;&#x2;\0�7-d��&#x4;&#x6;��_���&#x1D;�&#x17;yW-0U0&#x15;��oy�C����C��^^��uo������&#xF;idӆ��W�礂:y' &#x7;X+X�&#xF;"���ts&#x8;&#x10;�G�cB�x{8����|&#xC;W7��&#x17;�ĖG��v��y�H�`�&#x7;,&#x16;�
�ڦ
f&#x17;J{S~Ou�&#x1F;�ϧ�&#xF;�or�]:r�&#x1;:���a�s��&#x12;�&#x16;�&#x1;�&#x7;�s@�&#x12;&#x10;K��x�o���7E�+���K�=��s�{_�&#x19;w&#x18;����$�]��&#x7;&gt;�&#x7;\&#xC;#&#x10;�eH���R_&#x3;�o ܨs����p�~O�&gt;�U�?�	@��&#x1F;��zS�{��5�&amp;�z&#x1F;&gt;z���&#x1C;E&#x1;0���&#x1C;z�\0U��~?�&#x1B;�!���ι�_��w�����&#xE;�Xp~Ft&#xF;&#x8;�������4&#xF;/˦}S&#x4;dy��_��m�:+������J�~S��&#x12;&#x1F;�&#x11;�&#x5;����:&#x11;c�q�@b:�gJ&#xF;p�I��5��u���z��}6y���b-}�G&#x17;�q���Ej�T���&#x18;
n&#x1D;���&gt;��&#x1E;&#x2;��9�!轵�&lt;E�~D�ɓ��&#x1;&#x1;�@���&#x19;��.`�(�{Pk�&#x7;�I�N׎&#x1E;��{���}����?O��S"����&#x10;��J#A5}�V6�Sy�屗��e�&#x5;�ɷ�@��&#x5;�;�������k(ڠح&#x12;:&#x2;�V�+�.[��&#x1F;P��y�A��p�r&#x16;�����;�&lt;q����'�/��4&#x1E;&#x1;Z�~��܇�JfNm�J�&#x1;��$0�^���B�4ik��&#x10;3&#xB;��"p&#xB;��Fk�ر\0-���&#x12;\0n�&#x8;&#xC;ށ���&#x3;I�&#x5;f��@⁫�����Q�#�:�u&gt;\�&#x1B;O�R��	��&#x1B;Ǐ��]���_y����֐���
��ւ����jm�B"�&#x16;���K�{gO90&#xB;�be&#xF;�w&#x1;�&#x18;ك��&#x12;_(6�w&#x10;��&#x1B;R7߅�����]v����&#x16;"uK`�F|�o�P&#xB;�&#x16;S�&#xB;�K&#x1;�@��:dĲ�]�j���_�;�U���4\&#x1;Q�&#x16;��.��{�7���&#x1F;&#x1;�nt1�n~�^&#x17;����)mgǲe���%&lt;&#x5;&#x12;��+�����`~����"0&#x7;&#x3;ړU�`&#x16;��ӊ&#x1B;��&lt;�&#x2;���&#x10;� ��0&#x17;7|���&#xF;fB�z&gt;�B�
�
%&#x8;ܺރV_^7�&#x16;&#x3;�&#x12;:�A��&#x1E;lw&#x8;%�NHp��M�X+�\0&#x11;,��*#o��~�&#x8;&#x6;��4&#xB;}&gt;&#x1F;*�&#x5;��&amp;�=&#xF;&#x2;�S�����.`&#x16;�����X�\0��g&#xE;�&#x18;���zf�^KބF���&#x6;�k�ST~&#x17;&#x19;Pހ&#x1C;e�3qR	���^;�o�&#xB;F|(H�[&#xE;(��&#x6;��&#x3;�&#xF;�%Y�v�_����Z����V��{��]���&#xB;1��&#x2;�&#x13;~Km��l�Ԓb�&#x15;̲���^&#x3;u&#x1A;E
K;f�=5�Ǌ�_�0�&#x1F;\0�W�=&#x18;&lt;+�&#x2;J Y�p�&#x1D;޵ӁE7���&#xB;v�{�y�υ��Z����١&#x15;X,&amp;�&#x16;�yuD�~���6�&#x7;g������5�__w��&gt;��%���Sǜ����&#x14;��Ǜ��ba��������恎���=�=u���|�&gt;;I5څC���O�v��p{��&#x2;&#x12; ^��*���������_d�&#x1F;!�p&#xC;��&#x1F;0)�R&#xC;��&#x18;H5TUQ �X�&gt;51�\�y�,*���&#x15;��&#x12;~����M&#x2;�g@�y�h�&#xB;&#x15;�&#x1F;�n�=k�Y&#x2;��&#x1D;�&#x4;�}&#x2;Y�o&#x15;��&#x13;�&#x18;�-��&#x3;U&#x4;�[�m~�&#xC;�5&#x4;
�Rs�y��3����ֿ&#xB;f�f&#x7;T���=&#x8;��\0�j(0&#x14;��*'��Q&#x1F;{��&#x1E;�&lt;og{�ȳ�s&#xC;�'��'S�&#x16;[��ԟ&amp;f�&#xB;��	��#0&#x7;/&#x1A;�i&#x15;^[H����Z���Y��u�(v�&#x11;w�&#x15;7�@�����y�+o�@&#x11;*�恎�f��&#xB;v|&lt;&#x7;�wϟ��I{��n&#x1C;e�{���&#x13;�,\0�r&#x8;.R&#x19;�&#x2;�3��ߓl��&#x1B;ޣ����1g�����+&#x4;&#x8;&#x14;&#x1;&#x4;�W&#x15;�}U&#x5;���&#x18;B��&#x15;A�A&#x16;�{�����&#xC;��&#x6;����l�^��&#x1F;&#x11;&#x11;a����{�;6��J�����9&#x18;�Ww�&#x1A;�=�&#x1D;�&#x5;�P&#x11;[&#xB;Ŀ���n\0Z!���E&#x7;�`�&#xF;�&#x1;�&#x1;�&#x1A;&#xB;�Tm�XZ���[�o�J&#x7;�z���Tw9�R�&#x1B;���b�
�
�H.��7X��s&#x5;�`{���o&#xF;f�=���&#x3;��bb9�&#x1E;���?s�&#x1;��a��\0��ٓ���&#x10;vz��&#x2;W嘡&#x12;j&#x1E;�X&#xB;��d��15ηW�&#x10;X����v��^;�g��I�ew�&#x1E;���&#x2;�1T�g^�&#xE;	��&#x16;�&#xB;����&#x6;&#xE;T���G��w/��~��5&#x5;�&#x2;�&#x17;�{x&#x15;� ���&#x4;r=��5"\0)&#xB;��	�&#x19;C��*�&#xF;�qf��&amp;6�z-��~�&#x18;q�@&#x11;�wz��|���p����3��Gc����9U�&#x1;�/9��E���E`��Y&#xE;1&#xF;�ݬ&#x15;�&#x1F;&#x3;��&#x18;&#xC;��&#x2;��Sr��9k+�	в��&#x1D;`�N,��^=��#����t�+Dq&#x12;@&#x1F;ھ�Ō&#x5;H}&amp;��_��#`VhJ&#xE;0�ײ��\0��,P_&gt;�Ϯ&#x1C;������N̡L�c-B�&#x12;
p}�Ǆ�&#x1E;^d&#x1;dAxq&#x1D;��*ϽL���!;�}�&#x1D;ٱ��?a���$�޻f�y�"�����P��&#x5;�x�aק7P���WO&#x3;h&#x1;&#x17;���@��Ӕ��[h&#x15;�&#x1E;{~[UMD8t&#x1D;�^p,0������/�&#x2;����&#x14;�\�ۭ�&#x16;�|��;k��Ǉ�����w��`�����އ&#x12;��=�Ʃ��&#x3;��F��'��&#x15;�5��ȝ�ܜ&#x17;&#x2;r&#xF;5O�C�y&#x16;&#xE;�
�&#x1E;̿��^�&#x15;��Ur��wP��񃋹��&#x7;�#��ޙ��/��j+ ;ۘ�
�c����&#x19;b�{ׯ��[��=�nR�n�k���E�](Kj�4&#x13;�OM&#x14;�z&#x2;��SJ)�Y,��
&#x5;�|�Kص�vl��G&#xF;9��&gt;M&#x11;�]"Ξ"R�&#x1F;^f����Ft����P0��%���s&lt;b1z�&#x10;&#x18;&#xB;�&#xB;T�W�e���d�s�$�����ܢ��̧�!O8��&#x11;q�&#x7;��&#xF;x�&#x7;��x��N�%���
p���&#x1F;q&#x7;�=ۻWN�-v��04�n&#x1E;sN��&#x1;�wy��'���Cv�d��:����ZmI�W���m�S�(p&#x13;rz�A&#x5;&#x5;Z|&#x2;��/	=�zR6�cqg3cޠ&#x5;&lt;�d��{&#x12;��&#x1C;��&#x1D;(2඼��&#x1F;���~��&#x19;&#x18;&#x19;��B�T�ݠ4��&#x12;RTL�,B�^�)AF�lje[=�z���?�&gt;�L�_Je����f�m�T��&#x13;oR����3O&#xE;�`����)b�)r�4@&#x5;�&#xF;&#x1;�&#x3;���^vr�t��g�&gt;Ą�{�E�&#x10;H$:��c�&#x1D;?�Tn�Mu��n lA���Iy|z�&#x1F;�&#x2;���s���I&#x18;��gWy�J��&#x17;	�&#x8;��a�*Ñ6���9;���&#xE;n�l���
�&#x6;��F��s��&#x1C;�2&#x16;�g�\0��_�=�}&#x1E;�&#x1;x����ה&lt;`�	�&lt;���&#x1A;��&#x1D;�}��&#x6;'����_&#x3;�'R?/&#x11;Һ&#x2;����.�Yv&#x19;o8��`� v�&#x7;e���J� �Y|��z&gt;���$��ٟ&#x11;FTʨ�&#x5;�&gt;7���Sx�/��	��cL�W\0�/*�Ǯ�&lt;&#x3;��n&#x8;\0,�7��û�ͷ���k���M@x���p&#x1;_&#x6;��.�:h���\��n;�o�%�\e[7,������K��E���&#x17;&#x1F;��i&#x13;&#x7;۸��m��N6�o+�&#x15;��:w�cm[V���c�}�X���xڤ��}�B�p"��_�w&#x13;�Q�&#x1F;���&#x12;��R&#x1D;��
M��?�����Ƿ�W\0�&#x13;�&#x1F;��&lt;��&#x3;��E%w�,t�&#x1E;h1x��;&#x16;�{�&amp;g��ۭ����&#x17;^�E\0g&#x1E;�?!��&#x19;��/y��u^|Ź���&#x15;Ž&#x3;a:5OP����{���޵%��Y�s&#x1A;&#x1;����v�ؙ�r&#x1F;\0?&#x2;�O(�xJ��&#x13;��{�Ia=���Ri=��ئ8�B��w=&#xE;N"y&#x1D;����*�&gt;&lt;�����&gt;�]���F�y;Y&#xC;�&#x1D;F��Y@}��I�p��OH��;h?�k��8|�^�p&#x8;�wO&#x10;�����y����&#x1E;��·�&#x7;r��&#x11;��	�S���n�Իr0	�n����&#xF;�9&#x3;��Ǘ�&#x1E;��&#x12;��c��YL\r&#x3;�@ڐ�p,p^���
wX8��੄�@��I&lt;�"�&lt;��E���C��t常&#xF;&#xB;�a��&#x3;v�&#x14;^��	v8a��ݺ�vlXd�&#x17;Ͱ%Kf�w�M���&#xC;��3�X��m��֫G&#x1B;�ؾ�5oZӚ6���u�XLt!��լQ���-�&gt;ҰA&#x5;kҸ�5kZٚ7�b�Z�X��5�c��֡}-�ܩ�����z�l���Է	�{آ��l���v��A\0͢C߫W4&#xE;P��&#xB;\0�ȀZ&#x6;�����&#x18;5�&#x1;꾶�G��?n&#x7;��&#x1;����80&#x13;�w"������&#x4;|,&#x7;0͔��f�{Ɂ��H�L�G���s����Z�9�����-��`~Nu��&#x2;+*5��u�&#x1C;��in����'��&#x3;�f��&#x4;d&#xF;�T�&#xC;�SS����&#x12;H�m��n`��&#x3;X &#x16;pu�&#x5;\0-f&#x12;S+T��F*�@���B&#x1;�RL��&#x4;�/`3��yy_��ڹ����`�\`�c&#x2;����&#x5;hmCE�CE��&#xB;�{^
k� &#x15;�"&#x19;k��{��V&#x11;&#x7;�&#x1;��&#xF;�v��{�-�(E&#x1E;\0����.��(�&gt;@�~D��&gt;v��&#xB;�H�!w��q���.��T��8��]&lt;It �&#x12;6,��c&#x7;؀�&#x16;6�w&#x1B;�ܺ��kY�Z4����+:&#x10;֯_�&#x1A;6*g�j��J�"�l�p+_&gt;��Ĕ���e�J�b&#x1C;&#x17;r�+V�g�c&#xB;[�&amp;&#x15;�&#x1D;\0�&#x8;(;v�m�;�&#xC;&#x1C;w�c&#x1D;8��uܱ�=�n�&amp;��&#x2;�N��Y��F֭k&#x3;��V�zuolC&#x7;���f���K?��I���y�&#x11;꾡&#xE;&#x1F;xџb�߽p&#x1C;G&amp;y�bp��)"���`2(�.X&lt;���,֕�C�J9/�����T\�0ZH�fR&#xB;���Y��o&#x7;�\0,&#x11;CK�&#x16;���R�&#x5;fɍc���&#xB;�{�M�k?50�&#x13;k����V�.9�d3&#xB;�.[6���&#x2;�`V���η\0����\2&#x7;���&#x1A;3?O&#x1;���G�&#x5;Z&#x1;V�,&#x6;=�;ގm���Z��s&#x2;�\0|�����&#x13;�����sZ&#x14;t�cy��E���&#xB;���y&#x1F;&lt;�MK�ˮ&#x4;��C&lt;���4&#xF;\0�B���!y�D&#x1A;�&#x1C;�0�=��z��}�2\0����^}x�E�&#x1A;�&#x1B;v�%���k�mX��-�f�M&#x1D;���4��&#x6;�K[˦U�5�m�65�-�k'�&#x1;�&#xE;�cs&#x18;�i�V&#x1B;֭\����j�n��V�n%�KY4��&#xB;��7,c�����J֬Ee�ع�u�&#x2;p;�rұsm&#x4;�&#x3;�N�vg\0۩K@t�C�z)ۺ־c-�ޣ�����z�hh�&#x1;voT�;���g���v�,l&#x1B;���D���b����`~��/y��&#x2;٧̾V�S��&#x15;E.҈��&#x2;��]Ρ)0��&#x5;l��+���X&gt;�&#x4;��v0K�&#x16;�&#x5;fg3��:�y&#x1;�!��;��0�&#x19;C)��@&#x11;h��)&#x14;Њ��GEꢼ�7&#x5;H@��^˫֞���R��&#x15;8&#x4;f��K+�5&#x4;h�&#x1;:�-0K�&#x15;8�&#x16;&#xB;��&#x17;�&#x15;�j�R�~��&#x2;��d��)����-����&#x13;�o&#x1D;=��6�y��&#x19;��Hn����\�A;��l瓨�:��}&#x6;�&#x1C;{�	ξ�8�&#x1E;�)�&lt;�&amp;Ӎ&amp;�'o9�e&#x1;��&#x1D;��:e��&#x13;�@�:[��s�|�(&#x1B;3������ġƶ�m�&#x1;U�n�&#x13;�m/���k�&gt;�&#x1A;�&#x2;��*X�Fe�i��0m&#xC;`�du�U���x�Q��jS&#xF;�ֲ���s���Z�V��I��ּuekס:�����u�h&#x1E;�a[�ڴׂ��ܞ��Pω�u�}���s&#x17;��G#�ڣ�u�Y׺�ձ8�ݷoS&#x1B;з%Lݎ��ű�&amp;l��&#x6;�	�)�%v~�g��&#xF;�&#x1B;o��E�����*3c&#x1B;�&#x5;{ק�ʁ��&#x5;~�&#x16;vI?��ÿ�.&#xB;����&#xE;f�ǡ"@�)����\0�b�&#x2;�2�&lt;&#x13;
�&gt;q] ��+P	�!&#x5;,oo��@�&#x4;����&#xE;����������&#x15;p&#x5;bI0c;&#x1B;Z&#xE;���&#x17;�}ʞ&#xF;��~x��@jl�&#x1D;,@{�֫�:���{\0�zZ�\0l���1Ϻ�9zL�&#x4;�G�&#x12;B&#x18;�&#x16;��D˹v�&#x3;���4&#x11;tf�&#x15;���ܝh���v��E����d�&#x1;ڇ$�&lt;@}������s��~x-&#x1C;i�%X��e��ܩ6q|/�ύ�&#x3;��;��C��v�&#x11;� m`�&#x16;��;&#x16;n֦��@&#x15;nҶ�5l&#x1D;m�떰�գ�j��V�~&#x15;�U&#x7; ��&#x7;��&#x2;����Z��V�fY�Ӡ
R���A�
ִu&#x15;k�&amp;ƚ�:M[&#x2;t&#x16;��m��e�Xkӡ��n_�Z��&#x3;�k9i�&amp;pܪ&#x1D;�I{�ݱ&#x1;&#xB;K#��&#x15;�&#x6;̝{�&#x1;���[��ֽWC�ѳ�����z�lf}{�����ڔ1&#x3;m�o��i�K�f�86`~D��%���F���r$���er(��3s {-�O˩���^�&#xE;V��+p&#x1;���\0]`�&#x2;�{pI��s}&amp;�^�W�&#x5;�	&#x6;�*�+�|vW�99�|X�'̤�&#x14;Sh*4�&#x1C;|��]��lT�n&#x10;X&#x14;�&#x15;S&#xB;�W&#xE;&#x1D;r�{�T!&#x1A;�u
&#x10;�8iwN�"���c|&#x17;�{�&#x3;�B���#&amp;��o�&#x1;�u\v;��M,�&#x15;&#x11;�=��P�S�R�Þ&#x2;l&#x1;�nﴓ����&#x2;�D��v�g`ϴ�Z1���&#x13;�w:��/&#x8;&#x2;��+&amp;�s&lt;&#x1B;�&#x1A;�&#x2;0&#xB;�a�#��=接n�;#[��k&#x1F;t|W��ع����A:�&#x1;��,�&#x17;&#x14;�;d&#x17;�&amp;ڡ=�P���&#x17;�&amp;ب�ݭ7\0����&amp;&#x1;�Re���~��*��&#x1D;^�V\0�E��&#x1A;&amp;lԼ��Cծ�&#x14;.&#x1F;n&#x19;�g�e���A�?X�|Y-g�̖-,�e�������~���a�[��&#x5;&#x1;x�ըS��7�dql5j^�&#x1A;���:nج2�U�	�z3&#x16;�f�j\0�ָy��&amp;-p�a�7k%p�&#x1;�u&#x1;|}kթ����&#x2;�{�&#x1B;�9&#xE;&#x15;�&#x1B;߃��SW&#x16;������]���][�0knC&#x7;v���αS���'�f&#x19;��&#x5;`~�b�&#xC;�V&amp;�&#x7;�\0�Y�]��&#x12;}�ڻq����&#x13;3���&#xB;&gt;��U���9&#xB;�]&#xF;f���R��&#x19;:�&#x1D;�	��¡��cj��QŒ�)&#x5;B@)�h_&#xC;-�V����v��A�q&#x4;�rv"�&#x3;�R1_&#x3;�c=vK*h��p�&#x1F;&#xE;��&#x1E;���j�\0�k�&#x1;Щ1��&#x2;&#x4;d}v-8�s�8�&#x4;d�P`���J!�&#x14;v&#x15;s{��,�&gt;�y�S�u�W�&#x5;l����Z���h&#x1E;rzi1�\���\0����&#x16;�A�C��,&#x1C;	[-y�:Kޱζ�^h&#xB;��m����a&#x3;�Yߞm�g\+�ݧ����ں�ln]�7�u�Y��5\0&#x8;¶&#x5;@j�*֚&#x1;�f-�X�f��ԮW�*Ɣ�rUKX��&#xF;�&gt;���&#x1;�?����%,����fay�X�\�,WxV˜�&#x3;+Z
gW�rV&#x1B;V�Ӱ2`������&#x1E;R�a����mT&#x15;��躦	&#xB;G�&#x18;w��Q�&#x1B;��&#x1;�&#x1;t���&#x2;0�&#x2;�-:ֵ�]jZ����e&#x17;�&#x1B;iչ���;���&#x10;&#x15;�&#x11;&#xB;Scؼ!ϩ�&#x16;�z����&#x5;&#x1F;��V.��&#xE;�o�&#x11;H&#x1A;�&#x12;Z&#x8;�=&#x7;p�S��&#x2;�\0(5�]�,{Y�&#x16;C�1&amp;5;�&#x1;�=��5��҃�F&#x7;7&#x1F;&#x8;e��4f��r����l&#x1;X"`H�&#x13;L*��-�\=p���?��&#x6;0�0�̥&#x1B;ܫ�ޞ&#xC;���&lt;�&#xB;�\0�&#x1B;��7x�b����L&#x1D;�v&#x7;��_��Sli&#x15;^\;t�ٰ&#x1E;��N���CO�z�{��,������v���&#x1C;[�i�&#x19;^[}�_3�&#x16;&amp;���m��&#x1C;C�9L�&#x13;+���G��&#x19;L�c&#x7;�R�i�&#x1;��E_ۧ3���1&#x3;l8\0&#x1E;Ч�����z�n�-��z�j&#xB;&#x3;7��&#x6;&#x10;Nu��خa�jH�5&#x4;H\0O}��Q5k԰�խ[êW�bU���"�&#xB;Zɲ�-wD.�[0�E�.d�J&#x15;�l��[��ya蜖=wV�[ �&#x15;)�7�Vy��W�*U/n�&#x1B;U���c�v��V��!��$�j֏I&#x11;�_�j���&#x4;�&#x4;x&#x1;Z�&#xF;07�6m����n��\ߚ&#x1;�\0�)6}�&#xE;|&#x1F;��f\0�U��֦]c&#x16;����u�:�IM�ƚa�wjdC���aC�۴	Cl����Ծ�N�����le�i���Y�,/�XY���#hd)�yp&#x1D;zj&#x1E;n_��&#x19;��*�/&#x3;sp҈�O�&#x1;�V���6R{	��47`N9Ǵ�s�����y&#x4;�pCK&#x1D;����&#x3;���%&#x3;�m����&#xB;�^Á&#x19;�U`&#xE;&#x6;���C�������	��&#x2;w�ڧ��&#x5;t&#x1;�&#x16;j��&#x6;����xǗ@�[N]&#x16;k�C�����L&#x11;=&amp;��&#x16;rfO�&#x1D;ٲ͎"&#x17;H@	|G&#x1C;^)r��&#x13;��s&#x6;ОEkAn�&lt;H{ Z �Hrh�z۾b�-�r�}4n��&#x19;�&#x3;&#x15;���&#x3;����&#x4;ā8o���P9�8&#x1B;Sjs�V�&#x1;FM@�m۸&#x1A;�&#x2;8�y�
D5؏�Ǎ&#xF;�&#x1A;ԫe�c�X�2��e�[��&lt;�&#xF;І&#x17;&#x8;��b&#x5;�`�&#x2;��s�"r[��&#x5;,�`^&#xB;˗�"�&#x10;���+V+mѨ�5&#x1A;T�X�X5&#x1B;V㵫YL��V�N�Ug�F�X&#x1E;���z�-R�A����3�&#x19;�5�a��״����PkԪ�5ƹ�&#x8;P7��n��]�MM��}]&#x1F;��ƭ`�VX���&#x1D;kX5�ו�`�&#x3;��]&#x1A;[�!�l�&gt;6a�\0�&#x8;K:c�mY5&#x1F;GY&#x12;,L�&#xB;E&#x1C;ڪq�o�YI".Qċ
d�`�x�3��T�r�8��,&#xC;*�&#x14;�{pk�P��+4�&#x15;�ˀ&#x7;5�W���S�+�i3��X���B7&#x1D;*���!�N�s�&#x3;�����۶�p���as�&#x8;&#xC;��&#x1D;&lt;�w�s�#wN&#x4;�&#x1F;�nH&gt;j&#x17;�&#x1E;�&#xB;xl���&#xF;U� �\0�&#x19;&#x3;&#xB;��Fؒ�h�cOޡխ���	D�&#x8;+&#x1C;$U&#x1D;&#x15;�y���&#x11;����]Bǯ�&#x1F;&#x10;&#x2;�ܗ�Lq^w�&#x17;[����[o&#x1C; �&#x2;��}��&#x1;�E�9��Q~-R�S�&#xC;�`�?�i$���&#x13;����v�6�7�&#x1C;�{��&#x1E;�Z���Ɖ�v�&#x4;��c�&#x1;_`Q�r̎&#x1D;�n��|e�&amp;�Q��p촳&#x1;��&#x1F;�s����K'2��4�yՄXlcT�&#x6;ֶ&#x1D;,�jڼ%j�c�꨺լ.&#xE;����e&#x1;N�&#x6;\0�&#x1E;&#xE;+$�n�U�U�*�V�r&#x15;KYT�H+U���/\"�
p\�BI+V��ED�[�"�&#x1C;&#x13;&#x17;.�&#xF;��\0�\Њ�)d��+XL�*N��&#x2;��c�BL&#x5;^��Es,�Z��&#x13;���x�:լz��V�~u@�~#��(�j6�a5�԰�$��nV�� ��׹Zͫ[MضF�&#x18;��{Ij5�uR�	��0Ƣ��}P���%4��;��)6���&#x1E;��&amp;N&#x1A;`S�&#xC;�&#x19;S&#x7;�'�������������#.�LE&#x1F;�q��=Ϩ ���L�'$߸�l)m�^b&#x7;+&#x4;���r`&#x6;�JIe&#x3;���&#x7;&#x1C;�')�a�&#x1;i�r�)EW�-�!&amp;�+�&#xE;y�&#x7;�G�?_Q���Be�Q��&#x1;��&#x1A;�D&#x13;Ŀj\&#x11;�?Q��&#x13;�c?3*H&#x19;h�W��q�t-��#K@�&#xB;��+-��F���x�;���1��0�&#x11;�:D�:�.r�8�g��a&lt;�&#x7;�	��;@_ػ�.&amp;�&#x7;�G&#x1C;X&#x5;f�@{�&#x14;&#xE;0�&#x5;j&#x7;b�+&#x5;��
��"z�PyL_��&#x2;�^C�ɢq�E��~����&#x1E;&#x13;P�a�^ǎ�"�[�v�&#x3;��E&#xE;&gt;����v6a��[O�����x���C���&#x10;Ϋ�dY��v�M&#x18;��&#x6;�Cm���&#x6;��S�3�`�N\0�&#x3;�]��&#xE;\0Zvb��&#x8;&#xB;�r�fM��&#x1B;���G�^%�E�7&#x16;�sL��&#x16;]����ڕaĪ\0�
�&#x8;���6.ee*&#x16;&#x1;�&#x5;�D�(\0\&#x4;)l%�FYŪ�Ε���*l&#x15;���W.jU���*0q�*%�R�2x�&#x1;q,&#xC;&#x1C;�"&#x11;&#x1B;c1H���&#xE;�&#x1E;�U��K0��벸���&#x1A;�:��H`�&#x5;�k[��u�h_"@�&#x2;v]#�W&#x3;�Z&#x8;���ǰHU�;U�]��E��Ka�W�&#x1B;��z�k&#x7;3��q&#x13;&#x4;�6ib&#x1F;�1m�M&#x1A;�۾�d�mX�;BsD���?�'��5_$���;��|z&#x1B;�5KHi��G8��&#x19;#*�L%y�U%�"&#x16;�ث�
c���6T\�I��
yIt�D�&#x2;�_&#x1D;x&#x3;�󷉮���`&#x16;&#x18;���&#x1;�so��@��;A�&#x12;�&#x19;��|&#x2;&#x5;�I�&#xE;В&#x1F;Ē0�XV`&#x16;`=�=����\0Y�&#x4;3���`&#x16;;���&#x1;��&gt;��J��=n��&#x10;2%^{��]O&#x11;o&#x13;�~�)q&#xB;���2�Ν�[��v�\d{�,�s�w��K�&#xE;&#x1E;��zvomqxc{�hm����tnf�;&#x2;b�K'�66&#x5;�&#x2;2Ξvpb�q�J
��C]��k֮`�5�ᐪh�jWz��:/ۖ&#x10;R&#x1E;�Q���r�+ѣJ��\0�&#xC;�,n�cJ��@��&#x10;S}Ts^�f݊0}�5�&#x1A;�pԁ嫳&#x18;T�Y��TU\0&#xC;�V&#x7;��ꕣ+�HT�~�d�\0t0�&#x5;d1�g��bL&#x12;���A-�
����q�ܸ�Uk�
�Ġ�G��We!�R'�I���V�Fe+��P����5IZ��־s&#x13;&#x7;�&gt;��&#xE;&#x19;��ƌ�aS&amp;���f&#xF;��f&#xC;�9S��̉���?��)aO&lt;ݷ	�݃a���k�98�ă9x&#xC;�&#x3;:���'�*&#xE;��8��)0{�zІ�98��k����}&#x1B;x��w&#x6;���$�\0h�X&#xC;+�,���go=��A�&#xE;�Af��h&#xF;^m��g��u�&#x16;`�r���/�`��-�~��&#x6;����#ī�R�%wX&lt;�n&#xB;�W�&#xC;���&amp;N�[�!KS��̋����&#x19;&#x1F;I�&#x17;3�n_;�7&#x1F;��Ulℭ����&gt;���܂��&amp;���Uaߎ�k�&#x6;o��;��j��V��C�$��-k[c\0�A\�&#xE;�&#x3;�5\0lu�Uc�&#x3;��V�zY@F�4`�Q��թY�&#x1A;�-c-&#x1B;���M+Z[BFmp�IUo��P�Xދ8��Ux���7A����y�[ØRi&#x1D;�W�*��r5�&#xB;&#x1B;W���Bu&#x18;�Z&#x5;'&#x15;P�+&#x2;�*\0NR&#x15;�9Fv�&#x4;���U��=�&#x5;l��&#x2;��&#x5;�8�֩�k�\0�խR�jV���:@�fe�U���&#x15;�j��Ρ��ڝ��&#x1;C���A&#x1D;m��n6jt��&#x1D;��&amp;M�m����Of&#xE;w�&#x16;K/�j��=���&lt;*�dC�o-o�c��Բ�|��{���	w�ᰨliy�U����쬭X���9�ޫi#����R�:���&#x15;Ԟݵ}g0?8E�N
�o&#x1C;D&lt;�߶�,.&#x10;KŖ\;p�z-�&#x14;X&#x5;b��&#x2;��/&#x3;�+��&#x1E;�bi��^���mj`���V@�&#x8;�bcmoJC�}��yn&amp;&#x1E;���&#xF;ٝ&#x3;��&#xE;�&#x11;&#x8;��&#xE;�����&#x1C;�t��UL��|$~���b��&#x18;��&#x1;U�&#x14;9��ߺ5	&#x1C;m�&#x5;wj&#x6;����Ν�;i�&#x12;u��Q&#x3;l�&#x6;؈Jڨ�&#x3;�:�&#x1;�^�&#x1;��Rl9+&#xF;S	�UQ��&#x3;���a�"W�#)��I��C6V���Q߉��!n�s�e�jւ����H�h�b���i3��YnL��&#x6;Z@�زV�&#x6;��Z��G�^\0���&#x1C;�\0�\0�LLy�&#x15;k��D���5Q���+Ն�&#x1;�&#x7;���}��گ��]�VM�T�&amp;&#xB;�$���ζ�;�&#x10;[���T&#x3;�,&#x1A;,2&#xE;��&#x10;&#x4;���;��&#x11;q6zL&#xF;&#x7;�#�ؘQ�\"��)&#x3;�9#m��D&#x6;��ҹ&#x1F;��m.���L1��QHR���&#xE;&#x5;�+�\0�R�&#x5;&gt;��f&#x14;J&#x7;��&#xC;f�`P{�;&#x18;С�����o���&#x1C;X)%����0&#xC;ű2�t쫩&lt;3KM&#x16;x�&#x1E;0{�0���=K&#x7;&#x3;WL-0K&#x1D;�&#x8;��)&#x16;l?{���&#x19;&lt;5�{\0&#x7;o=�_&#x3;Tη��v�T�;dd�VV&#x16;��Ź[�]��}��4����C�&#x1D;}��嵋�&#x11;&#xB;�I�PCb�8���u�o�\&#x6;�����&#x1B;�ꨘ)L��n�ȅ\�� �M��F&#x1D;\0,[�&#x16;,T�&#x1C;�&#x8;�ľ�W�J�\0��&#x13;c&#xB;c���V�1jgK\0�&#x16; Ǒ�տS&#x1B;ҵ����J��%��'��&#x5;	&#x1D;M�fR&#xE;v&#x13;X�	Ǎ\0u�fت��*���C=/�"Q&amp;ZR&#xE;&#x1;�U+8)�qIΗ�)g����2\0Z���,2ec+Z�&#x1A;�&#x1B;v�R�&#x16; G&#x4;�7�&amp;j4����cY�&#x2;R�Zu&#x16;�*&#x16;�YP��[�&#xE;d����3�&#x3;*v&#x17;\0�&#x15;۹�c�	�zڔ)}l��\0�eCO����&#xE;��&#x5;_N��m��C�%}�&#x1E;�&#xC;�����bh߄P���o�s�^&#x1A;X��&#x17;=��U��\n1���=���o���i&#x6;�Kt�o�9ؾ��&#x19;�P�9�wYr	����x�@,0KtN\0���m��L0&#xB;x&#x2;���&#x5;^���k_����&#x15;��9���i��?&#xE;&#x5;�&#x14;̎��ƺ������&#x8;���L�&#x8;?]W&#x1C;&#x19;��"I2Gi@x&#x1E;�z��u6}�(�ض&#x19;LW�L'B*x�&#x1B;��6 &#xE;\���-8�çi&#xB;\0ޒ�&#x6;�-��RRȶ&#x11;ϩ��Y��&lt;�&#x16;v0�d�&#x1A;�р�"���
\0�|4@�AU&#x1;���YԬ%&#xB;&#x5;�G��T#���&#xE;deujQɺ4��~%&#x16;&#xC;&#x16;&#x13;�H&#x1C;`&#x1B;�ze����Z&#x8;���&#x6;�*�q�Ŗ�R�ŭ&#x4;ΰ&#x12;�KX)�d���A\0o�rN�U.e�8_&lt;����)�D���d5��^�J&#xB;�&lt;&#x16;*ex��;^6�*&#x12;�Ĥl�VWa&#x11;�F�"U8�����O�:&#x14;��`d�y&#x1C;v��&lt;yro&#x1B;3�+�=l�t�L����l�ā�ݧ�l����ޓ9&#x6;�=���
=)��&#x3;Y`v�&amp;H(�&#x5;Z��bh�&#x7;�&#x7;�&#x7;�o�Y��j�g���췂Y�U����Cv:�=x^9V�J�f�{:�&#xE;���{&#x3;��L&#x2;6��&#x1C;��&#x2;���=K{�Y�&#x16;��اIy���Ot�&#xB;��&#xC;��&#x7;�&#x3;�پ!��e1m�80&#x1F;�a�"w�&#x18;�]!�|��E��t��b&#xC;P���C��$f��Լ&#x1E;� �K&#x1C;�a���\0F�&#x7;��&#x2;�F͉�6��&#x11;1S��&#x1B;6&#x11;��ˢ�F�f��%&#x15;`Ųb_@���/-�U*�z���D�ڀ�&#xE;6�sd��\0��&#x19;�b;׊)l�U�`��&lt;����\��&#x16;�&#x12;&#x15;�[I�%�T��&#x15;+&#x1F;��&#x7;���h�(+R&#x11;�P&#x8;�&#xB;^��&#x15;�H&#x8;��V����DU,n�8/)\��&#x15;�B�����qQ�&#x1D;)�~�&#x14;�:����k&#x17;��b&#x10;"����c%*��)��얘&#x4;q�Z[߁&#x1D;&#x1D;3�&#x1;��=m���6v\7�0��M��צ�&#x18;&#x1B;?�s������틙cmӊ�v��?�Y&#xC;&#x1C;�)�F�6%��� &#x12;�z�W &#x14;�����3t�,&amp;�-0&#xB;��q����s��۳r��&lt;�X׫�bb&#x1;YL}q?&#xE;&#x1C;9���&#x11;;{\0+���K��۶���:��bc&#x1;Y[&#x1;ҫ�&#x1E;�&gt;��_��&#x17;�����q�ݿf���;��6&#x14;�:��&#x1C;*�9w&#x17;[�&#xE;[���&#x11;����C��m|`�N����mЀ�x��&#x13;
�Uq��nB�&#x14;&#xF;q]ŀq4I�"u��6n	&#x3;7o@�B=R&#x1B;�\0�ZV�&gt;�&#x1A;�фv*�N&#x15;��&#x3;t0&#x19;�sIدxEn�
����&#x17;-_̊�+j%+&#x14;�R&#x2;[��.K�xقV�Z�R�
&#x11;j�6�PT~+Z:�
&#x1;���V&#x17;�&#x10;\0�\0[Tۊ&#x2;lA&#x1E;�o�\0uTʶ0 �����F����"HQ���H�I�+b&#x5;�s�B1�/ѾD�/&#x1C;
ڔ�&lt;&#x16;*�y��|��h&#x1F;�{&#x16;�%��dՒ��&#x15;RU�C�&lt;v&#x2;*���&#xE;�bi�y&#x6;qhU�M&#x19;��&gt;�6̾�3��.����&#x1D;��&#x5;^�&#x15;;K|�65'&#x10;��!&#x7;��&#x5;l_*)v��&#xE;up��&#x14;�`��&#x10;R��/&#xC;�@�&#x15;�U��;�&#x8;�W&#xF;&#x11;f&#x1;h&#x17;�1��$&#xF;&#x1;�&#x2;����x�&#x11;��
8�&#x2;�~�&#x4;��o2����'\0��C��^�&#x13;FpX	���0�T��l�A�E��:&#x14;��N&#xF;a`&#xF;f�&lt;�7e&#x1F;c'�T"&#xB;r� �&gt;9���s�z�&gt;i��j�تU'�&#x3;&#x1B;7�Ќ�im�/8�&#x8;���C�t�z$Bh[G)������CE$�J&#x8;F&#xB;@t-&lt;�r&#x16;as�E�-]��&#x3;q�J�&#x17; &#x16;h&#xB;s#k��&#xB;�)��/�&#x12;3.Q�\0i�&#x8;q�2����%�$7})@S�
��ׁɣ\0mT�"0'@��kU-j��DZx�H�[*&#x2;!a�d�&#x15;(&#x1B;�\0-����JFX$�#����B&#x8; F�9�&#x17;	/&#x1D;��&#x14;�&#x8;�&#x1D;���H&#x1;&#x1B;)T�p�h? ��{	\0�&#x1D;�cQa�(�b&#x14;ز��(E�X&#x15;b�*F��&#xC;a)e�5��Tw���ۧ��c�w������)�Г&#x3;�&lt;k�&#x10;��=mp�66}�\0���q���1�����ݯm�;T`��&#xE;4x�&#xE;�g&#xB;x���9�&#x17;	�J��&#x15;�U*��&#x14;�&#x19;d�&#x15;{&#xE;&gt;����\0&#x1D;
�_����
�&#x8;(.�&#x1;�&#x12;/��cG�/��yV�&#x1D;�2n�:�\�^�D���/q�� ��R6Ud��&#xE; ��"�PU��&amp;\0�*&#x1D;2�&#x2;&#xE;&#x15;V�@���o�K�ˌb��z-&#x1E;S�w0 �J�Y�3��+&#xF;&lt;`_&#x7;&#x16;&#x6;��*�&#x8;��J'E&#x13;�uo��u���rƴ&#x1E;�k}&#x10;�5�?�V��s&#x15;;��&gt;
(X`�'&#x12;sfA���$A��N�˾�ƺ�oM�&#x1C;ض^r��Z��hBH�("��&#x3;�*�\��jr��FծE�VmIcX�aM���Ye&lt;�&#x15;j�AT��b[���,
�
W�u��Je&#x5;�Qb9&#x18;*��&#x1;h�\0�&#x8;�\0I �`�¥�ّ(���\0xQ&#x18;�&#x8;�*[�k
Z~@&#x17;Q"�k�,��"K&#x16;&#x8;:&#x17;�&gt;R&lt;��ͼd�&#x5;$�P�E��Y *�&#x15;(&#x4;ȑB�x�B�9&#x6;���Y�"�/
�&#x17;�����&#x4;J&#x2;&lt;�_�ta�-&#x14;/&#x1B;�&#x16;�RHY&gt;_y%�\0��|�h&#x16;�jH,߯&#x16;ߩ&amp;���x5I�&#x2;&#x16;[&gt;�j�P��|#�SKT�.��}p�"45�&#x8;��&#x1E;-l,N�q��ƍ���cP��I��&#x13;\0��	��&#x13;Q����&#x13;p��&#x1A;B�Yg&#x1B;?��}&gt;}�}4e&#x8;)���ϦX"��;�ݷ�ºC&#x8;�.r�N-w&#x1;�c���l�R���VO�(�t#�R��j��F�&gt;&#x1;؏�%��a���4��	��G�"���V'�WtL���`P�đ`��&#x3;�9E&#x1E;?���&amp;���7�W�YJvZ&#x1A;U9	&lt;*;Tb�����r/�S-&#xF;&#x1F;`"�n&amp;/��&#xC;N�9'��҉�TR&#x2;S&#x19;��s�&#x1;�&#x12;(�󱕓�+�5�\0$���$&#x17;a�sIę�A��P�c��	%o�*�[�&#xE;�9\0du
Q&#x1B;�_$��v�ؽ{Y@&#x12;YH���"EU�y&amp;C\bn�&#xF;��2c_��躺=ޮ�M��,&#x16;;�M4f@?kٸ���PU&#x10;I&#xF;���&#x4;8&#x1;q&#xC; �����
�U�P�PY��W�����l+�&#x15;v*4�YRv��Ml��ܴ���#a^I&#x4;�&#xF;PH�\0���"ސ��#,&#x1F;��&#x11;Hd��h?_�p&#xB;/&#x1A;ny&#xB;�&lt;�rY��ܖO�$eS�}�
,�&#xB;&#x4;��&#x17;,H����H��&#x1;)�?����g�
�&#x2;Z ��&#x14;&#xE;HY�\�h~'�J&#x2;Pػj�"&#x16;�*^�|	�&#x6;�V�&#xE;��&#xC;X�z&#x1C;7�TԚ�}[a:��P��a�wdۭ&#x2;@E3i�BֶJ	kKFZ7������g�&#x1B;��o&lt;q���k�W$�|E��&#x17;�Z��&#x3;;�t*Ȧ�og��v��\0z�h&#x1C;`�=O&#x1C;;�Ə&#x1B;&#x2;�&#x7;�hT�&#x11;&#x13;�r�&#x1C;d�'���C�ٌ��\0�\0*�&#x6;�n,��&#x1E;m�7/�k���\%��&lt; �h�N�&#xF;����i{&#xE;c?%��yJ&#xF;�'�ǝ2��F&#x4;&#x1;�&#x1F;&#x1;�&#x13;*����@�}y�&#x3;�Ϛ���&#x1A;*�&#x6;f�\0�&#x11;&#x4;�&#x7;,&#x1E;�%�RL}���d&#x13;gV�&#xB;�bB&#x1;&#x1;&#x11;3_&#x1;�&#x12;w&#xC;K���&#x15;���AlUF��_���&#x1E;;��&gt;'����ܱ=&#xC;4�9�Y�{�Ŗ�r&#x15;&amp;�&#xC;h&lt;p&#x5;���,�&#xC;d��M&#x4;b/��J�����\LT��^
#h�&#x17;��.$�&#x6;��&#xE;����W&#xF;&#x8;�$��&#x1D;/�@]؟�=&amp;l�H��D��-�E�1	&#x11;�IpPX�&#x1C;^��dJU!��2&#x19;T�Ȫ�X�$&#xE;�&#x12;	&#x1E;&#x15;�&#xF;�#&gt;\��H����&#x2;W��S�|�&#x12;��E���^R�&#xB;�f�`�p@�&#x17;�H��|�&#x1;]�(��\0^���|&gt;&#x1;5H�&#xB;&#x2;^�c&#x1D;&#x1E;���c�ʽ&#x6;�&#x5;���� `&#x14;�J�~Q޳&#x18;��ؖ�K��%�"�4R&#x16;)�c&#x15;`�ʀ�
�&#x19;UK&#x14;��&#x12;&#x5;�(�R\�&#x5;-�ŧ&#x1A;�+�LQ&#x18;&#x15;\0�)`P�&#x1B;î��,Z�X[�{��E�K�b֭tq�J&#x5;W&#x1C;@�&#x6;�;c&#x17;wƛޅ��82����&#x4;��q&#x2;N ��&#x5;����q.�kn�z�������$�|&#xB;��&#xC;�hS�L2e`{�&#x1D;gSF��)�)��&#x8;CO�k��񓱗?&#x19;A&#x3;�8&#x1B;ֿ�͘��f���l�&#x8;����9��N�Ǔ�ۃ&#x1B;��&#x2;���&#x1E;{z&#x1D;o�RA�'��)j��f�&#x5;r}���~��0�K�/F~@-���T[��ap�\0���V�co+�P�gg&#x1;:&#x18;��&#xF;W՗�s~�&#x17;&#x6;���4{֬���[l��m��d�W�#&#x5;q������-~�&#x6;K�޳n��Z��6,Zh=۴��U*��ysm��en���&#x16;;&#x15;&#x1C;{�"qYm�$c&#xF;�&amp;\0̷!Rc&#x3;��5GW&#xF;����&#x6;b���&#x6;�K0})f�fpI�&#xF;څ��l�.��ӎmS��=&#xE;������G�v٪�Kl�&gt;8�(,�s\��粄�J�L!)G,�&#x1C;̡�����`����e*&#x16;u�e��^T&#xE;t	T��Ţ�X&#x11;
&#x18;PU&#xB;&#x16;�&#x7;��Za\0&#x11;&#x5;0
��F&#x2;��°g!&#x18;&#x16;�&#x7;�T����%��z�`��e�E消�y&#x1C;x&#xB;�:��z&#x1C;a�&#x1;��&#x1F;&#x17;�&#x14;M��&gt;�0�_�I^+](����9�!&#x15;�J�^e^�
&#xB;I4�Es]&#xC;&#x5;&#x1A;�X|�&#x1;4ϭV��gTY�C�n��Дs-�FXk�g[�o'*��&#x14;-h݊FY�b��[�B�&#x19;U�3�tWػ&#x1B;,&#x1E;W9�zW)l���&#x1;�6�4ԙ&#x14;Y|۸�-��j&#x15;=�V�na�&#x7;����e�#�k&#x19;a�����]l6j���m�x�_&lt;6&#x11;&#x15;{"@&#x1E;7�7`&#x1E;�Sl��ՕP2���\0=&#x1B;��&lt;�&#x17;�&#x3;m����4-���f�&#x1A;�&#x1A;w&#x1;�&#x13;�w&lt;V�	i�OP�5x@��G\0�1��#׃\}�i�\0�=&#x3;���#&#x16;[�HcB���&gt;�$8.�&#x1A;3K�V�L�,��I����f�!&#xE;��x��&#xB;�ضe+-a�F۷i��c4�;�����w��m;�&#x1C;f���&#x1D;;�&#xC;��&#x19;@��cL�8A/�&#x3;L�8K���\0�\"mV�&#x1D;$�%�&#x19;��vNM.+}Sl�\&#x16;�����`O���&#x8;�&#x19;h�]���8���U~&#xF;lm�j`��$\0���|�&amp;��i&#x18;/Ɩ
~�.&#x1F;��}n�ȟ�\0�V�e�&#x13;&#xE;Qܵ,�&#x14;e��-��
b�F�~&#x15;p�T��+&#xF;&#xB;I���^��R^*�@&#x15;K&#x15;�
%�Z�Ⅽ&#x14;7pq&#xF;&amp;n��E�(&#x17;&#x6;�ER@�GՕDP�&#x18;*�#�gQ�&#xB;"Q�&#x1;)��|���(��BHa^�H��h_&#x12;E	d!��&#x4;�s[	X�$�IR
�/S ��E�&#x17;�m&#x15;�J��2&#xB;H�ȜV5�U-&#x10;f�&#x5;sZ5���scQ�k\0�Z��u�2&#x1A;&#x2;�&amp;\0�&#x19;@n�~k@ގ&#x5;�&#x3;e���GY&#x17;&#x16;�n��K���&#x1;��&#x13;�t&#x17;&lt;�=��A����a��FW*`�	�}BK��땶U��׶�ikh ��gc�2��m&#x1F;&#x17;g�����3&#x6;ږ��l��.��8z���LiiW�1�;���r�'�VO�9����{&#x2;�&gt;�&#x4;�i&lt;&amp;@N��/�vi��~6ю��j�i�&#x13;@?�y���&#x5;&amp;���\�},@?Nai�&#x1E;{Ff�S�$&#x8;�R���&#x3;%�R�&#x5;d.�������&#x8;R���W���km��&#xE;�:Ns&#x6;�&lt;����b�\0�&lt;1�k�3^&gt;t�!d�����ǋ،�P�/S�{J�Ö&gt;&#x7;�ΡV�G�R�&#x2;��D|&#x12;�&#x5;J����&#x1C;8�"�A�z�K�r�����&#x1C;U
K&#x1;n�Q�&#x5;�j�#�y����&#xE;�)��&#x7;�&#x7;x�6�:�Y�=\0�X�\�N;�&#xF;sp�j'K?�n=;6�`�2?�3*�%�\0cT�ƍF��S�,�eU�5�{VGm�Ĕ+�$&#x1A;&#x15;:&#x6;{���XR�D1�X&#x1C;�&#x17;�+[$�J&#x15;�9��Z�0N#��s.Eb��X&#x2;�&#x2;i&#x1;&#x1;&#x16;�&#x1F;��"��~C���c&#x5;BD�.R0���)��&#x16;��ߔ&lt;V&#x1C;P�\0�%ؖ*���H\0s9&#x18;�����P&#x15;�&lt;:*���X4\0���&#x18;��P&#x1E;�N��$&#x16;����&amp;���E�X�y�p�&#x7;�&#x1B;`�7��h�#�9jy&#xB;�%fF&#xB;��m&#x8;�u��޵t&gt;�W��)&#x17;ac\0���&#x5;lv�"�u�R����-m��v&#x1A;&#x19;l�Z׶to`�&#x6;���ѝ,iR/K����L�m��d/�����d_��h���j&#x1F;�P�&#x11;��:��͚&gt;ҦO&#x1F;eC&#x6;������t��i0�����tK���&#x12;�|�&#x17;S���MnZǽ&#xB;4�`2�&#x3;�)�={&#x18;�&#x2;dliM%�p��4�wS@Q���R��&#x15;��^ߦg��S��" @�&#x1E;�&gt;�&#x15;\E&#x15;lO�bK�U&#x1C;\��s����B�4�s��Gh-&#xB;���=H����xo���oG���Y��k.&#x1F;9a&#x17;\0�9���%&lt;�g\0��&#x5;t�;&#xB;8���g���u���{���1�L�aw&#x1C;8'f�`o�e�:&gt;�'�5��X=�&#x14;���l��&#x2;�&#x7;p�V��P�UZ��o4&#x3;����h��&#x19;&#xE;����5%C�6����v�`�իL�&#xE;R&#xF;��/_�&#x1A;�/e�*��&#x6;8mbJ&#x15;�h��j	�?H&#x15;&#x18;�&#x1F;W��*¸&#x15;`�
Ea�"�P]I�(&#x18;i�
b�FEZ&#x11;��bJ&#x18;��$&#x2;f&#x11;�68�&#x3;�$2/*u8��h�I&gt;�5�&#x1E;�-���ޣ(�'Ѿ���\)�&#xE;��a&#x11;�mE&#x1;jqT蒨ͥQ�Kr�4j~Y��
&lt;�&#x12;&#xB;NU�e�Z�&#x16;[W��%&#x15;&#x11;�x�H&#x16;���VN�&#x13;�)&#x18;�kfǙ���"������Y-&amp;6���޺D&gt;�T&lt;�A&#x13;&#x1A;R*��&#x10;.�LR�G$�̭[�V5.c�\0�.:�줓�N&#x1A;�%&#xC;li	C�Z��ζoBw�7��m���6"�&amp;v���B��-*�������P�'��S����m��6\0��}��{&amp;���&#x3;�C&#xF;q6��)�m&#x11;��&#x7;v��	�;8���}&#x18;6&amp;���aǶ&#x2;��&#x19;&lt;!t�&#x14;`&#xB;�&#x12;&#x1;Y"pK�&#x16;�&#x5;h��&#x2;zp&#x12;Jp����+�&#xC;i��k�&#x1D;3���%�&#xE;���0�@�����b�4��/�Y�
�
.;�&gt;�Ν�F��!&amp;}�����&#x4;K޺�&#xE;�L�����&#x2;q����&gt;]K�/��3���(IE�'v%���D�NEw!�@*g0�C�j�^���^�r&#x1E;-�*��,�0�y�"�k��&#x1D;�D����օ8qSl�f\0�)�mLfR&#x13;\0۔&#xC;�f�r%�iْ�&#x4;��&#x11;�r=�8���Zu$�Da'Ѩ�U�&#x7;+�����&#x3;T&#x1;�L&#x14;�&#x19;X�d
��p��@% +�&#x3;`$���&#x11;,&#x11;0r�|8�����D\0�&#x8;\0�$"E"���&#x13;z
���;R64�z&#x1;$?�:Λ7���	���qx&#x18;���I$�W��ɟ;�
���`XvD�Y-2gf�@��7,&#x2;	&gt;ֹ|92Z���-K��oH�&#x1C;i-{���&#x1A;�h9re�y`:˙�&#x3;+��=��;�5��;&#x12;�&#x1A;Lhn&#x14;1����g�&#x11;�&#x2;&#x15;{a�
��&#x14;�-�ڶN�����{&#x7;���!ml����0��%�&#x16;��L��]Sz��)�lǤ޶	�y%S3&#x16;��iߌ�i���k�O&#x18;d_�&#x1E;jC&#x7;4�a&#x3;��&#xC;�}*�cb�&#x19;�����-�9i�&#x3;��5�؍s��&#x1;��nj�`@�~�4&#x12;9Ŝc���3lf�־��&#x7;��^:/v&#x16;�}ц*�TV&#x19;�%�u�P�&lt;R&#x3;�ko�&#x19;&#x12;:Γ�)9M&#x2;�1�S�N� r&#x1C;6=��(�G&#x1;�&gt;����&#x2;�&#x5;:�&#x8;�&#x2;{\0���&#xC;�:��}\0{;&#x11;�Z�%oI�#;���&#x3;d&#x1E;?&#x7;����&#x13;S&lt;����^M&#x1;������]&amp;�+&#x18;�b�PI�j�&#x13;*��&#x15;�e"$&#xB;�&#x1E;�H�&lt;a�R�9���!�ۂ���x����j"&#x6;���\0�J�&gt;�&#x7;&#xB;�¹&#x13;&#xB;���4����ٷ&lt;�&amp;��ٳ���&#x2;�b�t��&#x19;&#x11;�Ĉ�+�U�BD��&#x13;�&#x1C;*y�Y.@'ɝ"9��0�X�3EB�&#x3;���&#x5;�r���%Y&#x1;\�&#x1C;&#x1;�~�&#x1C;�-s�,\0�&amp;~��G�d庬4�˂d�d92�:&#x19;3Yƌi-C�&#xF;�d̜&#x16;I��d�0@���1`v�&#x11;�#E��JrXN�gn��kYiO��ϓ��)E3�F��&#x1D;K&#x16;�&#x1;x��&#x12;���sq6��h[���um�m&#x13;@�ҵ��������h{����C��Ρ&#x1D;l���&#x16;O�Ş�=,abOX���&#x7;�I���ĝ��b���j��^6wTo�v�\0�3�����&amp;��L�q�s&#x1F;��S��&#x5;�&#x19;&#x13;�z���ǖϟe?Ч�������iv\0;&#x3;�'\0Z��'$��կ@�&#x19;�us~�ګ�&#x2;�u:�(�D`�h�`�X0�U��{��ӜJ&amp;N|��b�I���%&#x1D;�#��&#x13;P��&#x1E;��&#x14;�O&#x2;\0���$ &#x14;�
�\0�y�&#x19;/�=v����I�p�&#x1;��C8͒���}t�L��[��ލ�1��ݹ�q��&#x1F;@�&#xE;l�J�f{d&#x1B;&#xE;�&#x4;5���9v��&#xE;W&#xE;vp��W������1�@��&lt;��i&#x16;�S;�̉����6�s{�D�m+b��Ȓ�G�B}&#x18;�A�bV�l�Z�t5��$�I���6�$�*8y*a�UġS&#x11;@�&#x7;ܒr��e\0oiظ&#x4;N��4�+J��&#x2;�/��&#xE;Ƌ&#x10;�r&gt;��y�&#x1;T$G�n|�&#x1B;:T�&#x1;��9��!�²Yz�R�!G�h&#x1F;����d�,9S\0&#xB;h��E VG�̜�,���eYr�̹rr&gt;̲�@��l��|ls��e���x�e��c,&#x14;Y�N��&#x1E;r`��Dmω͟�&#x5;+7&amp;D^��y�&#xC;��k+�O�̲B&#x5;,�"�ƋX.��x�&lt;aY�$fB���q����eK&#x1;��6�X�&#x1C;|&#x17;_&#x11;�[L��u4��ڽ��\0�R�&#xF;���q�m&#x1B;��6&#xE;lc&#x1B;	Mm&#x1D;�ٶSx�&#x7;�z&#x1F;��C$�&#x1C;&#x6;�&#x7;&#x8;S���&#x15;?u�m�	���_M�A�d&#x1B;;��a�\0t&#x17;Tn��d�͠s��gŠg��Mk�&#x16;��_�&#x1E;A��v&lt;�&#xC;.8w�F&#x7;Gi�|�^�'&#x8;]��F�J-@&#x7;�Z�&#x1D;�p�:��Y๤x�9�k�}޷ߦ&#x6;f_&#x8;"��9&#xE;C&#x1E;&#x7;��P���=!�&#x1A;����h�{L�/[��g&#x1;�&#x19;&#x1;&#x1B;��]}&#x18;�X��I^�X&#x1C;&#x15;�&#x14;�{"�&#x18;�&#x1F;��ȱ&#x4;�s|&#x14;p&#x13;7'ؾ��x��`j�����&lt;O&#xB;&#x7;�=�m/&#x1A;�AwN�R�O&#x3;�3�ص	&#x8;&#xC;-��E���\n�=-��,��ч+X��;M�=əx&#x16;
&#x1C;u&#x2;��{(��e[�Ϸ�&#x1D;�[��Z�"�&amp;���$+4����Q&#x3;f�&#x6;&#x1B;W-Y�*c&#xB;W"�Z&#x1E;F.&#x7;xKc3�"&#x1C;S&#x12;�&#x16;Bu�D��&#x5;�j���ä&#x11;t�̗3��s��F�&#xE;�e��6���ݲðY\0i&#x16;�`f&#x1;���d�L짧ŭ$&#x3;*g��Y�k����h_�)&#xF;�	�e��$Y^Knˊ�,���&#x14;�\\0-��"�,'&#x12;ƾ��G����D��y,&#x17;jN�&#xB;\0��$&#x12;�/�&#x5;&#x6;v&#xF;&#xF;��'�3��p\0���&#x1D;&#xF;�$&#x7;�vN�&#x17;�B�&#x17;�^8!�|x���/\0h&#xB;�&#x8;H�&#x12;d�a�H
�\�`�&#x12;�9�Y&#x10;r��ʢ���&#xC;&amp;Nٲֶ\&#x19;��X��U�hCH�&#x19;G1�l�Ötkl&#x1B;I��&lt;��%���&lt;y��d��6��6�im[{��&#x1D;t&#x1F;�5���!�4��&#x1D;���a'&#x1F;&#x1A;��&#xE;L&#x1E;lɳFZ�G#mۜ&#x11;�b�P[Đ��Q�G�oi��5�&#x19;F�&#x12;�4f��-��Lɤ~n�]ۖ&#x14;�D&#x17;��&#x1E;j&#x7;�n��}&#x18;�&#x18;�^�`�O�b"u�&#x19;6�2żڭ$�&#x1F;5�R�&#x11;\0���^2����&#x3;�a�ט����&#x8;=�� ;�&#xF;&#x6;Ts�L�&#xC;����s�9��y�&#xC;�S�H&#x3;�����Ie��&#x1E;C�=C.��o�T��Z&#x4;``&#x1;&#x1B;�&#x1D;&#x2;�&#x7;\0�!T��{8&#x17;�ɡ݇��N@�K&#x5;����&#x1D;�&#xE;��aF=�=O�&#x7;�	�w��;&#xC;�u�&#x18;�|&#x1C; K��$&#x1B;�&#x14;�ro���%C0����rj/�$���.&gt;�%'��xz&#x17;�wo�-&#xB;���q�&#x5;��Q�j�تF&#x16;RY���0Ja�ڂ&#x5;`&#xF;٠����bS�ܹrYΜ9-&#x7;L�={6˖p�&#x4;&#x18;9&#x1;&#x3;�"Y8���Y�Et����&#x1;t�\�&#x1;"��͛&#x15;@&#x8;x�a�0����C�Ά�)+!��x�&#x8;����m&#xE;��04��x�s�!�!%3&#xF;�&#x5;Kn��E&#x18;('^�`Q�I��d�T$'	*a8�r��e�	A�8T���U��Ov	g��G&#x8;*�$�p���H�2�&#x8;�E(��x��d�#�&#x1;�:W�,��9,*on+���	�%0O�&#x15;-��S֚Ӿh&#x8;�fR/�E����b�]�Gت&#x1;&#x1D;mS����_&#x7;���Lo�=$��&#x1A;���I I&#x1E;�Վ\0�äx&#x1E;�&lt;��N&#x1B;l�\0���FY�&#x17;�l�G�m��S�Kḅz7�i\0y:6�&#xC;d�8����&#x19;\0z��֯'+Z,�E&#x13;���7|��&#x15;v�!&#x5;w&#x1;�c�&gt;?:}Ҟ2+�&#x15;�\0_0��&#x19;��^i4,3�_&#x12;��Q-|�m�&#x10;�R&lt;�&#x18;;ʄ�+�&#x13;��[��q�0��Eh�ϐ�4;�m�]�7&#x3;��*&#x1;�$c#Æx���I&gt;�&#x3;�&#x4;v�i�ڲ���&#xE;&#xB;l�����q !�w ��;\0K�m��&#x5;�`�&#x1F;�v��&#x5;�[�X��x�ߴ�v���^[&#xB;�&#x1E;�Vptw&#x12;&#xC;��&#x1A;�&#x1E;�&#x2;�/�&#x2;&#x4;�&#x1F;�41X���&#x2;��&#x7;�2x|�6;&#x5;�w,��&#x6;�of-�_Ռ&#x15;_���n&#x5;q\0E y`�&#x1C;0�T�_$7��_ۦ�6j&#xE;n�0&#x18;%W&#x4;�Z�YnX-��ٗJ&#x19;��+�pA�c��1�&#x1B;�0/��|�ᑴ�-�S� �qI�r%(P(f&#x11;$�H�&#x11;&#x12;&#xB;&#x16;&gt;��&#x8;
&#x16;"T�&#x10;"*��&#x8;�&#x1E;�/��&#x1;-`�J0�����`&#x16;�_�9e���£ϔO�&#x19;)�s���"s`&#x1A;d���`�����Arq���/?*|!���$&#x14;X��u��Y&#x1C;M��W�#�'3&#x4;`&lt;m��tml�`�&#x15;\0{��ok��&#xF;�&amp;�s�`�V\�������K&#x8;j/1��9�-&#x11;�N�|�%}3ٶ~9�&gt;&#x1F;���hfS	g�&#x2;ȳ'w�Yĩ���&#x3;̃mڌ�4�ly#3�&#x16;N�۽n�|Jb�Q�i`y�"&#xB;\0��,!+�$&#x1F;���S��B���K�J&#x1;��&#xE;SR�eF�����YR�_1�C��B��&#x5;��i���
��&#x16;/w�y�&#x1A;K�&#x19;&#xF;+���$ &#xB;�&#x2;�g_��&#x18;ٳ��{0&#x1F;�&#xF;��&#x18;X ޻y�%nI|j����&#x18;\6r
&#xB;'�L�=&#x1B;wږ�&#x1B;�ky�?���0N��;&#x13;\0�&lt;�&#xE;ؿ�D;B}�&#x11;��&#x7;��=x�Q��&#x1;�[�-�m��/����[3��&#x1A;Pn(��&#x14;&#xE;��&#x2;1��
	J�Z�D&#x5;,V����0�D�E��b�I�q�2V�k��p&#x17;*G�u���\~�Ct^�E+����&#x1D;h�&#x8;�Q��&lt;���s�&#x1;s&gt;R&#x1D;󒣝��GIn�%��&#x1B;�Raf&#x1;F��&#x2;���&#xB;6&#x17;�S&#x3;��&#xB;f��&#x3;�&#x1E;�&#x3;K[=G�)��L&#x1D;�WڃX�N�g&#x13;������bB`V�&#x4;ɍy&#x12;���@��D�/��_���:��:�4nR�z��5�&amp;&#x4;q��i�x�NH?&amp;[N@�&#x4;\0/E�^M��a�l&#x1B;e��9�&#x1F;�����#:X2\0=&#xC;�&#x1E;��ǎ|:��6܎-�j��&#x1B;k&#x1F;&#xF;oe&#x1F;&#x1;�O&#x1;�!�m��v�p��5Qw&#x12;MT�ї��%-{�&#xF;�Z�&#x11;Aml��_��S�W��1M�lk~8�i�"&#x1F;QA�T�V�3���52&#x16;0K�v���&#x5;^�VWr�\0.��&#x3;���)��B�ӾN�&lt;&#x4;0&#xE;��j��m7��f�7�\k7��b�&#x1D;�'M�&#x1;�&#x17;�ͫ�~��|hw���z-f�$mM"�9���������Glz�*�Hq���wo�����F����{h&#x14;&#x1F;�@}dW\0�o
&#xB;�2��L�r����x�M�o�vL&#x8;}�6k�0�܄�	t���.&#x18;ؽ&#x11;y��Y&amp;NJ(*�"�Jt�(&#x17;C'Hl�2��-�jW�Δ�8W"�"&#x5;�&#x15;�&#x18;&#xC;Q�R9���Y&#x1;���&#x12;^��I�ᑍ&#x10;�b�ӱ&#x17;�����*�繒&#x2;\&#x13;I�InTR&#x1;X"P��&#x12;��Y�&#x12;�ڕ&#x1C;�"�&lt;1&#x18;�*�HE��L&#x1A;��	&#x17;C��\�W���3��I&#x1D;��s&#x12;]���ܨ�y���+`�l��&lt;,2�H&#x3;�&#x14;��&gt;̕����h�sd���&#x5;�&#x6;�]j|~&#x16;&#x8;Bhy�|ĻK`&#x6;U�l�&#x1E;&#x15;h���&#x5;��&#x7;M�&#x1A;2W�NK��2��Q��֞j���&#x14;�է�}�&#x1D;�xh7[?��m�1�&#xE;�&#x1C;?��%�drpXk;:��&#x1D;&#x1C;��&#xE;L��g�#_�#&#xB;h��Q[H���퓱����C�j"���X�s�f�&#x15;2�&#x7;�M���o�m�&lt;�&#xE;�I���O\0��,�J&amp;&#x11;š�Pu�&#xC;P&#xB;̊I��&#x5;b��}��&#x1;b�&#xC;�#&gt;-�?���Ծ(E|GQ�\0;�'Zv�!&lt;Ӓ#8�N�B�\0�ޝ����l\�yG�i�
&#xB;t�����`N¹%�z&#x6;��gi�Yl��,�Z���#�Y\0�{h?i�&#x1E;�ջ&#x1D;�%&#x2;�@��ri�J-�����m[m&#x17;\0�K��M&#x1B;pfL�V�&#x11;�iT�&#xC;�b&#x14;&#x14;(�&#x11;g&#x15;7Ni@��\0�%�hNW&#xB; צ�&#x1C;��J�V��t�tB�r1�T&#x16;aċ&#x3; R&#x10;���g1� .-	'&#x3;,/���!�K�N�Z�&#x1F;�J&#x4;�&#xF;�!}&#xE;n�&#x1C;TD�"�;&#x14;О�&#x1D;[&#x3;X�6Xd?��8{�?\0f&#xF;�`�9�\0$&#x14;�bgI&#x16;��~?&#x1B;&#xE;�&#x1C;d���M2�$'�y.&#x1;&#x1C; k_N�&#xF;&#x1;qz��r�9�OY&#x8;�&#x1E;Z t��.A�Nu&amp;ZԠ�a#u&#x19;Am�-܀�r��Ԫ�F&#x10;T�5��v3�+2�i&#x18;��K�u�������:�&#xE;b�	&#x3;[X��fvdPsK&#x1A;܄P&#x16;�S;&#x1;�8;��`;��([3��-����}1ʾų=�8�&#xC;�Q&amp;��&#x8;�GQ�U�~Y&lt;�9�&#x14;��&lt;&#x11;Yiq\�fN&#x1D;ODh�&#x1B;|�&#x1A;&#x1C;�&#x4;{(\0&#x3;��l&#x1F;��&#x1;��&#x6;�&#x14;O&#x8;�b_��O4�ʭX�ι� &#x10;�
f�����%�&#x14;�
T�e7��`뗬�K׺}&#x1;.�
��:N�F&#x18;*�f�:-0&#xB;ؿ�}�N&#x16;&#x3;�y�]�;f&#xE;V�&#x5;�}�s��]��~�&#x3;q�&amp;X��&#x1;4�_�k�\0d�b�&#x18;9q&#xB;�"۷�x&#x1E;�\0�r�"kӪ��B��Fܲ&#xC;N��0K^X@�&#x1D;�&#x2;�J�&#x18;W��G�ڱV&#x6;V.&#xE;��	�HQ�\&#x4;&#x10;&#x17;�C����L&#x15;�$��&#x2;��&#xE;&#x12;Ajg&#xE;J\0�&#x7;İH�&#x8;�&#x2;y$@&#xE;�&#x8;@-�&#x7;{�&#xB;̀&gt;�\o��~&#x1B;��:'0��&#x19;&amp;5�]�X8��W�"�W�	����g`&#x1;P����\08X&#x4;F&#x1D;�q&#x1;ݱ5��ɐ+���5�&#x3;rƼx��e�l,�&#x2;~&#x18;�h�Y&#xC;&#x4;����j&#x18;&#x18;M-xæ��-�L���m&#x1D;&#x19;��\0`פ,�&#xE;�!&#x1A;2 O��Z�ѥ&#x1D;-��SC&#x1E;��&#x11;�LN���擺�qTg��]l߈��pKK&#x1E;����ii;�7����Z��v|�X��� [	xw͛dۿ�b�f�H2�&#x13;α�\0�&#x1B;S4�?�&#x1C;Q�r[T��VB5�&#x18;Mi@1a$����v���]\0�I&#x18;�ac��&#x2;�ST��bi�G&#x7;%��A�)����&amp;-���#�٠�7�G�z�;M����#b�$b�bb�\v�\0'��&#x8;���lq�w��%����850�z����w����ߟ�{�s*6�0�u"&amp;�\0-ٿ��j�@.@&#x1F;�&#xE;�S��&#x16;�&#x1;3���v'l��B��$�t�֑&#x1C;klWbƅI&#x19;��M�&#x7;QE�:z�V�&#xF;�K��%j&#x4;�\&#x2;&#x10;;6&#x6;��\0�&#x18;�KQ��΅&#x11;1rd��8�JY&#xE;&#x16;&#x6;���&#x1B;*������K~arTq��PǗgd�&#x15;k焽C�ֿu��طmS&#x3;����L���j��&#x1E;����]'��X&#x1A;`�2N&#x1D;g&#x5;�&#x19;`�&#xF;��s!8&#x1;Z�wl���k�&#x7;�GQ6�6���Қ�i}{����zZ&#x17;�a&#x1A;��CG&#x17;&#x1A;'6�O#�Ft&#x1F;��iK�	�\�Sǖ֭&#xB;co�3��F&#x11;�&#x18;o;�{#[:��m%��&#x13;`�&#x1A;��v�im�P�w�!F=��m�8c&#x1F;v�*����&#x1C;`�6|m;�O�e�&#xC;�O�`2&#x1D;@O#�{&#x2;�%���#o:���P��ӊ&#x11;���bޣKk۶a��@��&#x1;�U�I����G���j?&#x15;���&#x16;+��H�&#x15;#+MT&#xC;}��~7R�7&#x16;�;&#x18;?�~&#x6;̿fM��`&#x14;�&#x3;*/)�0�W�&#x5;�u�W��&#x17;��K&#x1C;��7�;5[6�w�&#x5;&#x3;��k&#x1;�j�Uv���Y��}���z0{&#xF;�Tl��&#x2;�\0�sG��&#x1F;&#x5;�&#x2;s�z&gt;�ƍ���m��s�6��9���xF�-��	+�2�r&#x8;�&#x1C;&#x17;�YK��.N&#x1F;���ǅ&#x1;q&#x11;zC&#x17;w�q&#x5;�*�m\&#x14;;Y�J`3��&#x2;�9�mf�̲�s��-�uvr��&#x1F;&#xB;��P&#x15;�%��|�X\��&#x7;Ovj`vL��vk+5&lt;�BW�&gt;����&#x3;����_C�.&#xF;6�[�� �l�9��d�)��e}a&#x7;�&#x14;Xш�&#x12;WOO�g��&#x19;,�&#x12;W\0s��ى�&#x3;z�˪�VI'�r&#x11;&#x15;���֧)D�V�m$���&#xC;����F�[�e�&#x14;&#x1D;P�A7aRd��Mhi܌阀�G'�����wmI��zօ��=Z�ڄ�M�k��e�Hn�܋��.�ad{�8��+r���A�&#x13;��&#x6;��V&#x13;sN^0��n���.�d����&#x14;uL%&#xF;|&lt;��owވ̄�"�&lt;&#xB;�&#x12;����̏�~p�8۹q�ݥ��&#x1;\0�h��8�~���&#xB;&#xF;�#�[���%ںJ,To�r߆�/&#x1F;�� ���{��Ѵ:�*�Ť&#x2;�/ �~�&#x14;&#x8;&#x1F;&#x5;T逃J��CKb�U���o�ڪ�W���i=K�&#x17;&#xC;��:x{�&#xC;,�Y����&#x1E;&#x17;�����=��q�yo��f���p�I&#x2;&#xC;���1�Z`ް�vc'�ق��(k׮�n=:[iu�1#P�rI&#x15;��	C��T/-T�"0s&#x14;#W�\0rA�]&#xE;̀�&#x18;N.�&lt;��+;����Z�s&#x1D;U&#x11;5&#x1B;�u&gt;&#x12;!r�	&amp;�t~�!
 �
�:�N`���&#x10;��^+�,q��6;�g٩Hʁ��.�[1���9��@ �&#x1E;o&#x1;W�,P�
̀R\0�&#x5;�%&#x2;q6@���]i��
J�Y`�J�L&#xE;�?s++�̹&lt;ꀢ�r�&#x1A;?[��q���&#x1D;�y���&#x3;��Q&#xB;&#x6;���&#xE;�f��&#x19;*РM#&amp;K6A�[��]�Ӏ8k�H�N������uj`�;7�~�3&#x1F;H���=��B��l��y'i��q�m&#x1B;&#x15;&#x7;��ؚ�컾�l&#x1;����f��5�ؾ��l�ǃm&#xE;!��r��E֬YM�&#x11;¬&#xC;9�ʁ��ɇs�&#xE;M,Ə&#x1A;d�&#x16;|k�O&#x1D;�G���/S��&#x18;�'gO��V�F�f�@&#xE;&#x14;n�&#x12;��=�&#x8;������$��ZJj�&#x1F;S뻇�
f&#x1F;J�߸�v����R"U[�&#x13;�&#x5;l����&#x7;w�&#x15;w���k&#x1D;�7,��s��4νd&#x5;�&#x5;a+��&#x1E;N¹u`�^�p-&#x18;;y��v����&#x17;=i�n�^���y�m9�ب�&gt;\0h�&#x11;:&#x13;��&#x11;&#x1F;�C�+�ڞ��m?���Nڎ��y�mڸ�&amp;O�H7&#xF;����B�9���&amp;&#x12;���&#x15;���&#x8;�0&#xB;�н ,\&#x10;&#x10;&#x17;�&#x1E;mE���A,�*���N�X��(�&#x10;`V�8�L�0��&#x14;n&#x12;��ű4&#xC;&#x1C;`em&#x1;?�\03˾&#x6;�&#x2;2�,����E��~�V�Nɡ��w&#x11;&#x7;�&#x14;	N\0	=&#x17;\0��c&#x1F;�b�#55p&#x1C;&#x8;9�Zʝ#]ձ4`�&#xE;\0ø��\0�cm@����cd�V⁬�Q&#xF;�&#xF;3��H3e��"'����s��&#x1E;�jʐ�,���~5qH6�&#x13;j�nMm&#xC;m��&#x1;ƚ�*1╡&#x1;4N�e�NMع.}��jdMڷ���:[��]�m���st_&#x1B;F&#x17;�N}ںF���VҔ�!mk���+&#x1;�f�lD&#xF;�8�&#x1F;,��6S.�0{�-&#x7;�&#x1F;w��[����ٹu_X�♶t�0�j� ��s&amp;�Ѥ&#xC;�z�)�$��\0v~1%�\0誤�v&amp;�a�������TJ15�&#x14;�׏&amp;�r�5v���+�|n��&gt;"&#x1D;T�&#xF;��}�H�*~��i�[Qo/�[��&#xF;��&#x1F;�Z&#xF;Q��$�J�N�H�&#x1E;;Q�w&#x1D;��x�ߔ��g&#x13;a&#x1D;\0&#x1C;*��	�z��YH�:.�o]��	&#xF;�m��&#x15;�J۴&#x1C;�ܰ&#x13;�F=ޅ�&#x1A;I�&amp;&#xF;�&#xE;�����Z���:&amp;&#x13;-i�&#x16;W;�$����&#x1B;7��իmӒ%t&gt;�&#xC;�7�m"������&#x16;/�ų?f��J[�x��ع�&#x16;3��A�ƀ��&#xC;l.1GV�(�eI��&#x1A;�zj���W�i���B&#x15;+&#x11;&#xB;e[��&#x1B;�&amp;y��c&#x13;K}��H}F���,�u�633�&#x1;l8� ���K��&lt;��R,�����0y�偖g&#x1A;�~&#x18;�bI&#xE;�jI6&#x1;&#x19;'Q |�vɫ�%)�}/�紸�&amp;Ξ�&#x1A;�\\0ȋ2�&#x2;�,�@�Z.�8�w����er����&#x1A;lwLM��)q&amp;&#x7;��&#x1E;�&#x2;�X��L&#x1F;�b����[���&#x1C;#�ϒ�&#xC;:BR���Q��� ��#&#x7;�U&gt;�ײ,����iպ���ٞ�Pok
&#x13;�`*f4C�*1�6�M���b#&#x18;�Y&#x3;k&#x2;;����:�ho��0�z�`&#x1B;3u�u���Zvhjql��Z&#x1D;��Ձ�^m&#x19;&#x7;�&#x1B;G�&#x17;���&#x1A;�0&#x5;c����z���6�e�z�� �Pf�3+&gt;��&#xB;?�u3i&#x4;8n�}=y����r���V&#x1A;m/?9�����&#xF;���&#x12;���3&#x14;a��v��N�u:�i({��U��S\0��a��~���&#x12;��&#x1E;���י�A&#x6;��&#xB;�������:SEoS�|�E�EJ����Q�&#x1;�D@�&#x8;��&#x8;�C�ڇ����Q&amp;&#x1B;[���&#x5;Km�ʕ&#x14;_lt�JN�(`ך5�cժ\0�n�&#x11;�7ZI&#x1F;&#x2;���&#xC;rh�N���&#x4;&#x10;m&#x5;d��^T��b��m��Ŷ�&#x1E;ek7���}�®�,&#xF;qN�C�Q}/�&#x7;n��{&#x19;��p3n&#x2;z0�x&gt;
0&#x17;&#x7;�&#x11;�a�R0u�ʩz�e������H��
�W�e�&#xE;&#x11;g&#xB;��&#xE;vdI�&#xE;&#xE;9	��P����]�Uj�ʘ	^}}�6/�������(��&#x11;"&#xE;�!�S�%�M"�f'[N\0έ&#xC;8ă9���`0K+&#x12;�=��fK�N�Y`�V&#x6;�9&#x1C;�Y&#x8;&#x4;f&#x16;\u&#x17;-�T���ojOӈ�Cz�&#x10;��&#x8;;9&#x16;\0Vo��HF�V�s]G}�q��kR&#x1F;�63�p�u�}Ms�q�Fۄ&#x19;c�7���vme]�t�N&#x2;3�9{���&#x17;gZ&#x7;^�+&#x5;&#x1D;c�ձEd|����&#x16;�jk�G��U�;�8ko_�5�-$��X8ǎ/��&#xE;/�ʖ�&#x18;e��*&#x1A;C&#x7;�|y2�.�ŝ&#x5;+��(���&#x14;q�|Q��|�o��L&#x7;P�&#x1D;�a�&#x1C;�&#x3;�`�3�K�]dF8`�M������W4
|rA^o�Ѩ��q�]`��&#x1;�h����+��n\�4�{pZ�*��&#x10;�zB@[Py�&#x10;]�n���LR�ec&#x7;&lt;ҁГ����Nb���~�Bۼ4\0�&#x5;�~j+����V&#xB;�jK$�j���l.�&#xB;�'�&#x6;4`NX��� [y��7��_}�&amp;&#x14;�#?X1��8��1}��=&#x15;8�;e�^�&#x19;5J�&#x1F;�&#x10;l&#x19;�*�����0sd9BM)a��mj`&#x16;c+)$'`��"yiX��&#x19;�Soi&#x1;�D�&lt;rf)C&#xB;�Y[IN�_�}S�`y�&#x5;b&#x1D;&#xB;�&#x12;eLe��?&#xB;�\�t�
����ַ��U��YE&#x14;�"��¾|&amp;���T�&#x1;��&#x14;TpL&#x1B;���z�؃ڳs��f-h�I[�HE[&#x1D;b��{�Rw� �&#xB;�6hJ̙!{
K�f�W��A3%&#x4;[�Y��̩f`^ώ6x&#x14;-v'��Q&#x13;G��qC&#x1;w�������mnO~~;&#x6;ܷf�}�n�lԠ�6F�%[U��]����m���6wL&#x1B;[&lt;�\�&#x19;���z�bj�WPr��^bW7η�\0{���6��w�&#x2;��&#x18;C#&#x8;�&#xB;u�&#x15;��T8�Q�\�"��&#x7;V�&amp;��O�w&#x1D;�"�v�t2�b��y�.\0�['&#xE;�&#xB;��L�|J&lt;�&#xE;�p�r?d6�]Z\0��{�����&#x13;�_��ɍ�G&#x2;`&#xE;&#x16;&#x1;;�\&lt;�ك�ǐ��̇�dk;�&#x17;�g&#x1;Ri�b�m+V��9s���?����&#x1D;������=3�z&#x1;٥h&#x2;l&#x1D;K�އ��k�&#x1A;۾~��\���tl�&#x4;&#x8;X&#x16;5��+��]�#L�r6kٱ��&#x1C;�+�M�2�:�&#x8;&#x5;Qǣʗ%&#x13;�&lt;`C�~G0�$�\�Y&#x19;^J��C����*Mf�&#x1A;�+�ë�9&#x15;'V&#xE;5��VE&#x7;&#x2;��&#x1B;��&#x2;�&#x7;�����[
	���E�&#x6;��v-*r�
?�D���&#x12;�j�W�-7���K����`P�R!	 ��,�z �^΀'[L�:�����&#x18;�$�L�y=f8�&#x1F;&#x18;��(�����&#x18;�&#x17;`�E&#x1C;�&#xE;��j1�K�ܤm&#xB;kө&#x1D;���z&#xF;�m�'��	��&#x3;�6b�p�;�����&#xE;U[�nc-��ݶ{s�ѷ�����F��o&#x2;��#�յi�h5��}&#x3;+/���vL�B��n��&#x2;��#��&#x12;*���&#x19;j&#x17;Vn��m_��n�&#x7;*��R�{ &#x1F;�mQ&#x16;o�#/���&lt;�s0ľ�U�?2|`&#xF;|Fk�A&#x1F;��&#x10;��&#x1;���7���%{&#x19;��G�����u�B���~�څ�j���&#xF;�A�;X7�}]�&#x11;�ٶf�I���a;��t�,@�){�&#x19;�&gt;��{�=+{f&#x16;�]���&#xF;��R�&#x5;L&#x1;U[�V�&#x16;[����&#x2;�Ti��k�&#x8;�&#x12;&#xF;n�k�ش�&gt;�d�U��B�^g�dP�֌$(�����&#xE;ae�&#x3;�&#x3;�S&#x1D;�}ԋ�&#x13;�&#x1B;T��&#x1;1%xy&#x1;sj,��9�ՅZ��&#x2;
&#xF;f&#x15;Sx&#x11;�sQ:��&#x18;�2�&lt;x&#x5;`&#x1F;&#x17;�&#x1D;, ;��E(YB���'��s���.f�\�%W([�&#x1D;��K�\0�( �mVj��E&#x4;\/b�L9H&#x1A;a+`{@&#x7;�n��,�Z,��Z6�{&#x19;�CKz?�b&#x3;�l&#x14;V�&#x6;f�s�"~[�̪�ė�&#xC;&#x5;���[;&amp;g�kL�&#x17;a�����%�\��T�&#x6;ح�{��2?]@�R�Z�&gt;�&#x1A;&#x2;_�� ?&#x18;^��z�&#xE;�&#x1D;{�&#x5;��ƆU&#x7;�&#x4;2zdW&#x1B;A���&gt;Ml��V6}hK�د��&#x1D;�ڶOjo�H,ك&#x1D;�0�\o��l&#x18;���i x�1v&#x1;o���FZO&gt;�z���?���Ƙ �a�V+�Q?8/+�o:����ZؖU����\0�ނe�	?[e�&#x1D;ٶ��Θh�H��&#x6;і���&#x3;����α��VA^��W/�4K�]�x˅NV|��6.��&#x6;��z��;��E\0't$����&#x14;Ǘ�&#x12;9��P�&#x13;&#x1;��`�����A�����&#x1;x_�Q��az&#x1B;Y�=,�{&#xB;��&#x5;p1����̲�I�T8j���֬U&#x13;je�8[Y7�2�����&#x10;����uk���&#x19;f�gq�&#x19;:F8b���&#x10;{,�|����&#x16;�P�uV���&lt;��h?X&#x1C;x)̈����(I$�y���Q�&#x14;&#x1D;8�L�MLۥ1"a�p&#x18;&#x1E;Oe79�A�&#xC;�:�ޘp�϶
N�|#��7��&#x3;W�( I�&#x1F;*��?���=ۆn&#x5;P�W`�x&#x16;�~F:�d�tQ�&#x8;�bi��1�Y���.&#x16;&#x16;��j�V���mV��r��,�&#x1D;XLd3�&#x2;��=�&#x4;�&#x18;Fݶjה��A���s�&#x1C;K����u�k]��sc�Da*��Nj(L/���fe��63UX:�cId�&#x2;&#xC;�k���&#xC;�&#x19;�zC&#x6;�wm`CFtb�s':�4�уZ�x��Mb;lG�E����&#x1D;l��t/�J9e&#x1C;&#x1D;L�l&#xB;�v�@���ñ����O�&#x4;(�lQ�\��,�Y�*�Hnf��h%�X&#xC;�X	��Չ�����&#x16;���:&#x1C;O)%�!`��Ǩ�O�mۖε]�&#x16;ZK�&#x2;���ٲ��ؑC�,)~��G��Z&#xF;f&#x17;[&#x1A;��b��K7ز�˙,�����&#x16;��V�'��l�m]�&#x5;\0˖&amp;���i�;�&#x7;o'�C�&#x16;�&#x5;b&#x1;�'�H�V&#x18;Kqc��&#xE;&#x6;tj`&#x16;P�2�i��&#x5;�=��9Po]��5�&#x15;O���+��n�c��J(�4�XJ�&#x17;H�&#x1;��$�+�H,V����E�b+&#xF;&#x19;���S&#x5;3�V0&#x2;s�.�\�m$�Q&#x5;�&#x16;�i�&gt;�2&#x18;�&#x1E;��\0&lt;��r&gt;� 77�&#x1C;E�&#x1C;{ �s&#xE;̬��&#x14;$&#x1E;Ğ}���}]�6%'Y[1�DYS���7X�ۧ&#x2;�XP&#x12;&#xC;Z��*�)�T�g��\0d�l�n;Ia`m=+k&#x1;�l����0
�ZH�Vk�Pԯ�Lה�&#x2;�&#x16;&#xC;�&#x16;� �&#x7;mFS&amp;��V\0h�x��q�7��.��&#x5;�Fm�+S�\��&#x4;���O�&#x1;I(&#x1F;fe�\0�Z`�£�&#x16;&#x1A;��b��&#x1C;uMH�m���$�խ	�S��vB&#x3; �&lt;p`+&#x1B;	C��&amp;z���6��0�ٻ&amp;w&#x2;�]m? &gt;Hy�!��&#x1D;D�����u�c_����#;��K[&lt;}�u�_���z�ʖ&amp;�&#x18;�����Y&#xE;���)
B3ò�u}�k��&#x14;;s��b��{B�&#x1E;+\&#x17;е�&gt;�:���@&#x5;F�D3/�&#x1C;&#x1E;�&#x2;&#x14;�D&#x13;�j¤�4&#x2;�W�&#x5;l9�6���@�v�:����.��&#xB;W&#x1;���&#x3;��\0���&#x3;Y &#x16;��h?HB&#x19;�m�,�ګ�&#x2;�W����f�ʽ�&#xE;!�Z���&#x1;�A�j��m�e�:�&#xC;m&#x3;� `�����r�gOg�g��
�W�	6�F�V�^���&#x18;lCI�&#x1B;&lt;���&gt;�&#x1A;Pi�&#x7;&#x1B;[1�(����`΅&#x1D;&#x14;,���&#x1;���C8&#x2;�&#x18;�5�&#x1;�B:�����fy�Uq��&#x3;&#x15;&#x13;��dWZ�Bg�&#xB;�b�\0Z�-bO�8�#�R"�$5&#x15;�&#x3;Y�&#x11;�ń��z��C�8�X�&#x15;;���g���&#x3;2-�&#x4;&#xC;&#x1;׫�&#x2;�\0&#x1C;l3&#xB;0&#x19;�g���_�Z��&#xF;���^�=0g�&gt;\�W8��FĖ�f�t�~�z��~&#x4;5�#mƌ1V&#x1F;&#x7;XY��4l��:&#xF;��~O&#x15;nd��K��&#x19;_��^��g��W�M��7i����u����Н�&#x1F;�X��&#x1A;Z&#x17;d@��6�\�1&#x3;��D&#x1A;&#x1D;�c���l�&#x14;�k�,F&gt;��&#x3;�?&#x1A;h�q����&#x1E;���S���&#x5;�����&#x14;j��^m�S�C&#xF;�&#x2;Y�&#x18;�G+�H&#x15;��G��_���8B�1&#x1D;e&#x16;cf��&#x18;K޽�&lt;�����6qPWk�o�4}�Ӿ�O֨Ne�Ř�i#&#x7;خ�&#xB;&#x19;&#x1A;�&#x18;`f��R�7��&#x11;&#x15;b?�q9��&#x11;V&#x12;�����������E\���[&#xC;-vޏc�IJf�ϱ�᪷1s����&#x5;n�rK�ֱ&lt;�&#x2;��Y`&#x16;��&#x11;W^�r&#x19;�xG��M�f\0���c��&#x2;�R&#x5;���եwG�b�a�N�mƗ�m4�lcԝ�yC1Mc&#x8;&#x7;ў&#x16;[[qe���J-&amp;&#x16;�&#x15;~
&#x16;�Î�aey�%j����
�(&gt;��J�&#x8;&#x14;*�&#x16;+��A�N�L)�&amp;{o��Ǟm=�ł&#x12;&#xF;��m��&#xC;`�R�&#x1C;�X�]@V7&#x15;ĳ�W�Scf��&#x2;��\N�g�̊3�&#x6;�lęs���S��8��&#xB;&#x1E;��&#x19;R?xD&#x1B;&gt;��}��l[��[r��1� �5\0�U&#x1B;�:�H:U_&#x1;�&#xC;٤j&#x7;�9����!&#x1B;�&#x1B;��&#x1E;�&#x7;�;�onqd��"��;�n��j&#x6;�[Y&#x1A;&#x1B;&#xC;&#x7;ȣ��W&#x1B;�G?���a�4ۇ�&#x13;�&#x3;�C&#x1F;��g�\0K&#x1F;&#x1;Їg�qy�۱�&#xF;~5��o���&#x18;�hx��:�r(o�&#xF;�&#x16;=�&#xB;�K�&#x1C;s��&#x5;f��D0P �f�}{���&#xB;&gt;�mk��{�v{q�-�n�}��٪D]�}&gt;��}&lt;�9�&#x1E;��}�T�4��n�ae&#xB;w\0�-0�&#x1C;ab^Te�e���\0:a�Tm�m���[m�u�j�
[2o&#x11;�
���e�y&gt;�^׹��&#x10;��&#x12;)��6���`IM�&#xE;fa&#x1F;zҹC�z��&#x1E;�&#x7;&#x1;t&#x2;�f&#x3;���Jڊ&#x19;������J���Ί�є&#x1;;��9��{ȇ�^ᨸuH&amp;�ؽ�����u�x}&#x14;�;��b0�������L�2�ܒ&#x7;L�]�sn�K�&#x1;�$&#x17;a&#x6;�X��aA��!y&#x1;mn�&#xC;��&gt;ԍ��&lt;Q�sJ��&#x5;���N�(�q�B@��MQ���,UZ�&#x7;ʚR&#x17;K�"+�&#x16;��k0�c,̋W�S�s���Go��&#x14;��{/�Ձ�c')l��L&#x12;�&#x13;uѤ1�Z 9�&#x6;�&#x7;�c䔶H�S&#x1C;^&#x1E;(��&#xE;��s�ͥ�Dv�&#x1C;^������ҩ�g6J&#x1F;�Pd�6+jv\0̪�FŦX!��b�&#xC;W'Y�Y��6r�&#x10;&#x1B;0���]��|�).�\��"�I��_�&#x3;J)3�X�f&#x16;3���hFZ6e�3k��VNY�^��6�ϛ�E�Q��ַwg�&#x13;���ѥd &#x1D;I��jaݺ7�~}[�&#xF;���!cl&#x12;��sI��LXj+*�.���"��u&#x1F;&#x2;̒d�@'O�iGg��\0����-���`;��#���&#x5;�c��&#x6;��&#x18;�S0_f7X!7&#xE;ϢT��D����b%#� ��N�&#xF;����M���&#x15;v&#x2;{99a��&#x1B;ڋ����|�&#x1B;�&amp;����Ξivo�&#x6;�7��U��v&#x17;�&#xB;;�&#x1;�&amp;�Y�{�H�ż���[�M�j2�
٥}U&amp;Q�b�b[�j�}�-����\0���f�w&#xC;#��L�����j&#xE;��&#x18;1�&#x10;jQ��&#x4;7&#x12;&#x8;v�i_���|d'3���-�&#x5;P�&#x1C;���;��I���|�m�I^E&#x18;j�����_Y��&#x15;]�&#x1A;�$f&#xE;'A$뇖6,�&#x15;�|�8�#��A���n.���&#x1C;��F3�`$M���&#x1C;cC�\&#xC;[$�&#x1F;S���ˁ��&#x12; �WZ9�9&#x1;��L�&#x18;�V&#x18;����&#x14;�&#x1C;x��&#x12;&#xB;+�1��i�U7��&#x1C;e��&#x15;&#x1E;��V��4
�n�Fjc�&lt;Ē]�6p�%a�m�X&#x19;V�F&#x12;`J1�&#x1C;&lt;&#x1;F��YH�&#xC;&#x8;5�n&#xB;x���5�&#x1A;*U�����s�&#xF;vvy�4�~��$i�&#x1F;k���&#x1F;��S�������&#xF;�hiӿ���f!�S-z�O-&#x7;�ʡИ4&#x18;�&#x3;T9V���uH�T�֤I#m�О��.����i�&#x17;[��r�;�Ϛ��fE&#xB;\0�ii&#x11;�&#xE;f���)D�5��cYp�����ۨ��%�(�k&#xB;�K&#xF;�&gt;�=&#xF;&#x1E;&#x1E;gq�v&#xE;&#x1C;����5�Q;�X&#x12;J&#x16;R��0��%\0�&#x4;&#x18;9����=m?�d�&#x7;\0����&#x14;;�*�&lt;��m&#x1C;B���-��WC�욏-a�L�����&#x19;�&#x13;MxJ����&#x16;�?P�n5&#x11;t--�&#x3;�&#x1C;�7c���ڼ�2�v���-k&#x17;�W3'���v�q�&#xF;�&#xB;{�&#x13;�&gt;mi�00n&#x17;&#x3;ⶑ=���q&#x12;&#x1D;�S&#x1B;�S ��a71ܝ&#xC;��&#x13;j&#x17;�"�݀)�����V�
&#x18;q��U�t�&#x2;[��&#x1B;[��gȧ&#xE;ԫ&#x17;}g;֓ıv�{^&#x12;i����)�&amp;{�����e+���&#x7;�!]&#xF;��I�&#x14;K��1a�f۵e�͚6�,�&#x1;V�!��x����s�&#x15;p|�|ZVjŖ��U����Z6�6�ᘨ�4S&#xC;����GٸY�/���I��Bݑh���t塡��,&#x6;���&#x1C;�&#x5;f�&#x1C;F��/N�{����
&#x1B;B&#xB;&#xE;&#x4;f�R{0k�&#xB;v�Ł�W;%&#x11;#5O��2�څ�`��&#x19;\0�/&#x12;z�/�~&#x13;̡�&#xB;�\&#x7;;���J�gΤV@�.���_�O��d�\0�9�,&#x1D;�x�\0sV��&#x1D;��P�R9���ˡ�O3�&#x19;�W����&#x1B;U��x|g�&#x18;g��&#xE;�����@f1׫&#x1F;��pe�N��lD-��}a^5O�7�&#x1;�"� Q�b&#x1D;k����u������&#x15;0��}{R&#x1F;=���J�y�֟��&lt;�'`���¾{'v#,��&#x12;��%�R@��&#x1A;���ج&gt;v&#x10;��д8�����o`{&gt;&#x1A;`���&gt;�~�-�=κ&#x12;N���#��&#x16;'�Q&#x10;'i&#x14;�[Q@]��iy&#x1E;�Ю�-[0�&#x12;��q&#x1E;��&#x1B;��i&#x18;�&#xF;�yv�&amp;�F��-�0�l^��&#x1;Y\0�M&#x11;�D�vP&#x1B;��ar&#x12;�9&#x1E;0��p&#xF;"P�N��fY\�&#xE;֧G7�އ���m&#x1C;6�TB&#x7;�V.��&#x7;�y��&lt;&#x1D;*�&#x1A;&#x1C;k+p�-'?��&#x18;�_����!&#x10;;&#x16;�u��د&#x1;M��~�j'���&amp;1N�(&#xE;&amp;M}�
_&#x4;�,M�/�S�
_�.,�+ϋe��\0�&#x19;u� 1�!&#x13;�ڈ)#p��&#x1;��3��y4d�T~7�&lt;?&#x19;[&#x1E;��1c���&#x5;f_�&#x10;l&#x17;�w��ۓ&gt;��[`�M&#x1C;*�1���~��)�a�G&#x2;�2����y���&#x14;V�L�|&#x16;&lt;�9`�&#x1C;jA�&amp;&#x12;�&#x2;�u�&#x1A;&#x1C;�&#x16;U"��U�Oo/&#x1C;\����O&#x1D;aK�}f�&#xB;�d*gz&#x16;�&#xC;4��LO�L�s��\0&#x1A;s ��P��9K�&#x1A;���?�&#xF;��ܯw�F&#xC;�w_�&#x10;�ig}�?�
#&#xF;&#x1D;��&#x6;`C��X`^\0��\0�=�:�&#x1F;�lR�&#xE;&#x5;s�&lt;��&#x15;�3��%rM��&#x1E;ĥ;�ʁ�� �i��3��ƅ����6���ь੄s� �zJ�-�&#x1B;&#x13;�&#x14;&#x1E;���%��Ո��&#x19;t ���l;qh7s��K'�c;6�9㫿��)�+(\X	�\0�D̬s&#x2;�d=&#x13;"w�߈�&#xB;�޼	�9\0�&#x1B;�ۧ�gX\���&#x10;nf]������v��w�h_Ξ�T��G&#x1F;�M�%a#&#x17;&#x7;fa�Eф����*�ؽv�shy&#xF;v��|x&#x7;&#x1E;nu&#xF;�Z����!��ղ̬�y�&#x13;saK��1�b���bF��b�?r&#x3;i?
��
s��h�&#x1C;Nof~�&#x1;�&#x4;&#xE;�0&#xC;f&#x16;�'\0�&#x16;ABG$&#x19;G��Ȋ&#x14;˧t�&#x14;��Y�?����&gt;��}W�&#xB;(�;�هh��ơl�&#x13;A�&#x1;��R�&gt;�̬�-A�]E&#x18;b�&lt;8��&#x1B;P4A��&#x1F;���eT�&#x8;F&#x16;3&#xB;�9\0]&#x18;N+��Rɥ��'�\�L��cꓮ9n�&#x10;���;&#x1B;�h�G���8k֪l��?&#x3;f^�&#x1D;�Y�,@��RۺkS���z�M}��ف�{3&#x1B;N&#x13;�A�ZڄA�&#x1C;���ol&#xF;�	��,@�&#x1A;�=�&#x6;&#x15;�i��5Ȏ�&#x1C;�:&#xE;�㩍^5�4ЏG�yF��[�e�e�r����A�⚛�&#x14;Nug�̵&#x8;E89&#xB;2�vHS(�عu�%�\���ʶ,�k�fM����[���γE�̵%�}o�&#x18;�n�
ۊJ-�\0�~��׶��&#xF;&#x1B;���M�x&#xC;uY@���ݗ��ן}l&#x3;����jې~}&#x8;�&#xF;`l�&#x18;�9~�-��[��Kq�m&amp;&#x6;���Ͳw�&#x1;�d�_��&#x2;�@,@�0�r�� &#x12;�܊?�P&lt;���&#x3;U�3֟�K��5&#x18;�J%��J�&#x16;���be�㕠��\0��*tPc�b���I)\WkF'
��1&#xC;PW79ϴ(D&#x10;&#x16;��\0s������.0K&#x1D;&#x16;�=�&#x3;N�7Ul&#x1D;��S�P0&#x7;;�d3�s��!����K��&#x6;&#xB;g�I% {0�&#x10;S��	��$�&#x14;"�4`����MǦ6�#�0(a�1s������:����&#xF;���K�9�&#x15;6�*�V&#xE;&#x1C;`�&#x10;o/��f;g&#x1B;*��,`ץ������&#x1F;�����(����&#x1C;ף������ޭ�\0s&lt;�&#x4;`&#x1;Z��&#x1A;3'�&#x14;K$�0���Ʉ&gt;�ѕ$�Ѳ&#x7;��&#x10;&#xE;�=L��:��%&#x12;&#x1A;=�d�&#x1D;^9�&gt;&#x1E;������t&#x14;����&#x8;W��&#x11;V�O���+Θ���l�8���S&#x5;�W$�U&#xE;-f�w0�Xy���&#xE;��~�}5�&#x13;&#x13;���R��қ)^��&#x11;��_〴&#x1E;g���P��n�^��X\K�F5���\0�X8�5��E&#x4;h�&#x17;�&#xF;�
8�&#x4;�`;��j��}Z�FJ&#x1E;ג�)��@�n[��&#x17;AŖZ&#x16;��uJ&#xF;#qz���&#x2;�&#x18;�O�p�`/&#xB;�U��(����'�C��\�n$�&#x11;ʥ�3�C�&#x1D;I
yqh�X�Ñ��ko;��8�|[&#x1D;���&#xC;���&#x1C;�����&#x15;�&#x14; ��e�v��k=�~�@
�B{�v����65@�vN`V��@�A&#x1B;([&#xC;d{�,.&#x1;ӿ��g]���-N�&#x5;P�&lt;�'d�c�]��
���K�vί��ƙ�f#�n�������̑�L�&#x8;�&#x1D;�3�&#x3;��b�Y�.���'p#w��4&#x2;�HX�-�̵�T��?��}�6-����+�*�&#x2;fyϥf��&#x5;j5&lt;&#x18;&#x6;�&#x18;@
���d���#{X�&gt;�s���q��&amp;g{�N6�f&#x5;{a�`�Y*����/�N��_&#x2;S6&#x12;hɛD����� ��c0�!&#x16;����\0ww�I��U��=�b��\E&lt;��!6�y�E��	��I_�,h'J&#x13;&amp;o�&#x8;��̫��-m�[�A+)o�?�'˙�϶g�
K3{�Tz&#x1;O��f̶�g�q"@1�#����&#x1C;�W/^bk�/s �%&#xF;2@&#x16;��qD�ܰ��.Yds&amp;��l&#x1D;&#xB;�&#x1A;X�� j�&#x1B;��&lt;&#x1;GZ&#x2;&#xE;,��R�&#x5;�D@���&gt;&gt;�:x&#x1B;�����y�z\0�e�*�&#x19;&amp;��꣜&#x13;��\0ዢ&#x14;G���&lt;�Jٔ�A�XY �&#x17;�P٢�nvUSY�sӨ},���&#x13;�X���&#x7;��&#x15;n
ʭ~#�:�&#x11;�&#x1F;&#x5;�&#x1C;^�{�S(C�l&#xF;&#x1C;���W�9����&#x1E;��XB���g&#x8;g����Uo��
���c&#x2;�&#x16;	�&gt;&#x1B;&#x1E;c�Y�X�&#x7;&#x19;޷&#xC;&#x2;�TmD&#xE;�0�g&#x1A;0�����"��&#x12;�/C�&amp;:��ի[�
��6{�hT�V֏�&#x14;�;�Aͮg�I��0�-m�t&#x17;���&#x1E;�ѴV&#x16;3&#xF;&#x18;Ѕ&#x18;v\0��&#x19;(�&#x4;��#� *�_��]`��ǒ`�}�&gt;&#xF;M%,E����8;A2�1l��Tb&#x1D;G��7��D�{+��O&#x7;ٵ-_��/Fظn��FY����7�4�★&#x5;JG`J�Y�R�ȮY�"�&#x1A;֒&#x1A;��8n/Q��f��q�-���1��gٔ��lx��6�� �?c�$�d�,��ӏl�y�a�i�&#x19;�vº�r-	&#x1B;���
�U۟-���O��R*�:��ް���;Q�wm�+&#xE;�'����&#x2;�xJ�]�&#x15;P�^�UE)�3��QT���8�vlau�z��Q:P&#x14;�I%��&#x5;f9��^�9�&#x7;&#xE;���&#x8;V��΋�uMZ�-&#x1A;&#xF;�X�/�S��&#x12;=|��@��~&#x5;܀G�MywfV&#x1B;��P�o1�&#x7;����"���%��I}Vֻ��wjy�W��&#x1;+&#x10;&#xB;��8�V�k&#xC;�y��Y�ѹ�3�s�����`9�S�?��f1͈z-f~m3�&#x1;�"�&#xB;�n&#x4;c_�\0�
�������4&#x1E;&#x18;=�'�� @\�&#xC;��ֺ-�&#x1;s�z�\0�=�l|$'3&#xB;̒�4n|�&#x11;L�&#x4;�#��a��`��62&#x12;��k03���U&lt;��^7}��&#x1D;"g�&#x18;&#x19;c�&amp;t�#�w&#x1F;�&#x18;gǘ0y�V�Gg&#xE;D%'�Fnw��~vv�4;��s�bdgk]�6U���e� e��sJ�B�L��&#x16;*�c�Mm���r��&#x1;K���&#x1C;�����j�}���~k_�/��;&lt;iSm��Q6f�p�=���Sƌ�9t&#xF;Y�f&#x3;&#xB;�l�D,���d��Md�z�f&#x13;���w�L۾V^�8�\04��]��Lo&#x1B;&#xB;�.���x@ O&#x10;�Q�e��񵇘u&#x1B;��r��&#x17;D&#x1D;V1�ceU&#x13;�p![Y�,��X�&#x7;�\0&#x1D;`g&#x18;&#x2;OgV�&#x19;|Ɩ��ag&gt;c˝W�&#x16;�P�G��b&#x3;&#xF;h���&#x5;&#x11;�j�Wo=��g8&#x18;��\0����&gt;��U�`�&#x6;s&gt;��x�&#x16;&#x14;=�=߾)�����i3�|��Z&#x8;r&#x10;&#x17;W��2�\� �ی\0Z̜�9&#x7;��G#jU4R�A{&#x14;#&#x14;�	T&#x19;0�E�n��k�ԡ�0��&#x16;���ٮ�5o&#x19;c���%��&#x1A;�/�(q��+���&#x8;�bg�W���&#x3;3&#x2;���y&#xC;�� �Scy��x���oo�&#x7;�f�3�{Z"#b���T2&#x5;&#x15;�\��&#x13;&#x5;��v\00'�!F=��	&#x12;�p@�H?1��;a������&gt;�y4@�ծ�&#x15;�&#x1;&#x16;%���6Y�i�HT�&#x2;��o����$t ��x�����K1fy��ڊ&#x5;&#xB;&#x1D;��&#x2;��lׯXe�P�׭[e�&#x16;γ%��gsfZ�&#x16;�m�g�ڼO&gt;!�&#x1B;ۼx)�,X��_�� ��U=%��L�&#x1D;���Ω�ٗ4��.@�X&#x1A;Q&#x1;�&#x1;&#x12;S���+I$&#x1E;�xl�h���"\0� &#x1E;g7Q�r@��&#x1F;PL!﵀����Dd��&#x19;p�tʄ��J��n&#xC;��Y��i$�Q��
��Eȱ.�k2�&lt;;�4&#x2;q�_D��G��&#x16;=���&#x1;&#x1D;�f&#xB;8&#x2;�k�&#x3;���&#x1D;����_'��&#x14;M&#x4;�3�~&#x1;&amp;&#xE;&#x1C;;u�UJ�hϱu���(%�d#�C)���ɀ��W&#x5;�&amp;a2�:��&#x1F;2�d���\g@��,��ٚ핇�6w!��&#x17;���T�U�\�&#x1A;׬h}���c&#xE;�&#x8;@հqE���ZӦU`�:V&#x1F;0��ΐ�v�0s�w��=��&#x8;�~E��&#x4;�&#x19;033j��^xΉt0�f���6&#x6;P+����y&#x1F;�&#x13;�&#x2;K��&#x14;����Vvj&amp;,=��&#x19;&#x13;&#x2;��$����&#x10;� C�&#xF;�4S���!-l���&#x16;O��c�&gt;�5_��!qM-&amp;�8�xhN��)�&#xB;��U$�b��`�tR�&#x10;�Y��l[��,[M0z��o&#x1;�bۺn���a�:&#x1C;_�&#x17;���K��&#x6;��7Qа&#x19;ٮ
&amp;&#x1E;[�5���%���9�����y�����n�lg�R4��C��n�w�z%���&#x1B;��z�&#x6;�fXW^n�5���8�&#x4;b&#x1D;'�0s"&#x1D;7&#x15;�ڌ�m�&#x14;K&#x14;��e���&#x7;G�V�0Z�j�`Z��N`FՎ���#a�&#xF;&#x8;��v8&#x1A;���IS&#x18;��1���f6���&#x16;�����!'&#x16;�/���&#x6;ֱ�u%�;E�v��l�7r���&#x15;���y��]+��&amp;=��R�ْ�V*���&#x1C;8���c�
(T��ִ0�2�&#x2;�3�]�KUn�&#x1A;��1|&#x6;��"���:c*��٦�&#x1C;�q�&#x1A;&#x11;&#xB;���D�E&#x16;wM�:�gQ!&#x6;�KvN*�Ȑ&lt;x��`���R&#x18;M��J��'�ƹ8���T��tO�i3��Q&#x5;���a{zL��T'�jg!�7_&#x4;��	�Ȉ[J&#xF;I�(���"�W�&#xC;��hW�HҩW�&#x6;����P���&amp;�&lt;�Z�O&#x18;-����6�ws�и&#x2;c�JZ{�븖4�cڈ&#x1A;\0~�-��S�&#xC;�'�S&#x1F;�&#x11;��8-&#x19;a�g�Х��V�&#xC;�t�g�&gt;ɠ&#x1E;d�T2��W���`
8&#x6;R#&lt;t8L&lt;a�&#x1D;��&#x6;&#xB;�TՍe;�̰I�&#x15;�&#x1E;&#x7;X"I#I���&#x10;������&#x13;��&#x10;�&#x13;X��&#x1E;�����}�ڼ�&#x15;-����&#x3;&#x1;s/K&#x18;�\0;��p��&#x1F;ёmW;�(�&#x3;�}&#xF;�&#x10;V&#xF;mf�f��S˦���'�ǌ�i�����,V���&#x5;���&#x1E;S&#x13;@�&#x17;�ei�nYn��&#x16;�&#x16;ʵV~;ٖϣ�肏m���m-Φ�ػ˘b!�޺&#x12;u�fy&#x1B;鳵a�
ۃ
�&#x1B;�.�j��_����_iK)��,�f&gt;`�����.Yd&#x7;&#xE;�=��&#x1;f�y�T��N�&#x1D;p����&#x14;
��z&#xB;�:/5;&#x11;�?i3�,\�|�2�@&#xC;X�6&#x1;s.np�7*�@�����&#x1F;'uVE�	;��=�,-�%F4VU��&#x5;j����\0���&#xE;�&#x15;�--U[6�&#x3;�s�1#)�x"��k,�/�&#x1E;�l&amp;?��u�hM�H�
!�&#xB;��״�Q~=��&#x1D;ǯ��&#x8;&#x1E;&#xB;�&#x16;��Q1���I&#x13;~�&#x8;m�&#x1B;��p�\j&#x2;&#x5;��̚�������&lt;P&gt;8&#xB;B��l*���&#x1;g&#x18;&#xB;GN&#x16;&#x6;&#x7;f-&#x1C;J�`�m�&lt;�,C&#x6;�]��Q0y9&#x16;���зE{ꎆ5������6�vy�R��}ܪ�}&#x17;G�p�.&#x18;�zv�7�&#x1D;&#x3;�S�8&#x8;V&#x1E;ܰ�m�Ժ6m@k�&#x12;�~�L�~�\�&#x7;�9�&#xC;�3PJ��㴙�����{#�j����mX�s�S�N&#x1;N�&#x1A;�pt�#���&#x1E;�&#x3;0&#xF;��c�:��X�y���6��1�Q�s�t�}�y������&#x10;=�&#xF;&#x2;�7��NldͯJ��b]�}�}\��m���&#xE;�&#x14;;�\����&#x8;��&#x13;���܉�ڹ�&#xF;��e�&amp;2k���	��&amp;�;�&#xE;Q}�=�k[�)�c,�J���,UXQU&#xB;Y�*�,ͽ&#x13;����v��&#xE;;�g&#x5;6�\[��^\����s?�5���&amp;T�5�P��'�N&lt;x&#x7;*�&#xE;��[����TM-�f&#x11;�&#x2;�&#xE;7�b3&#x5;&#x18;k)�X��|���&#x1;�祉��&#x18;6��jT�+]V���&#x2;�X[��&#x8;�&gt;9�y�լ�l��J9%Y�o�v��%&#x19;	��QN��\"�R�RV`%�+\բ}�� ��I*�nF��&#x2;��`&#x12;��J-r�
�&#x2;�w��+�s�x�y�~&#x1A;bj`&#xE;f��,0��Imp[0PS����9E\0���gF� Dڄ&#xF;��VE�SזLh@�J�v&amp;�j�U�)-H�Q	�+�Ds"K+{��V&#x4;0W����o֎�b/��CpT�#�0��͏�&amp;��Q5[ҩ��&#x3;@&#x17;�Ͳ�˿�u0�\Z�|���m�f3�b 9��pp&#x16;#o&gt;#����Q�72��&#x6;&gt;H��3�ɾ&gt;GZ4�tjS$�z�?Y&amp;����_��aÆ�uj�\0JG�fW��!L�&#x1C;C.�8�Y`&#x1E;Gf�w��&#x1;b�)��rUR�z�a&#x15;YPp����&#x18;Bwt: �i��u�x�d��^ϦD��[G��&#x19;�,�$��t�&lt;!V�t2&#x1;'��I]l��V�&#x1B;&#x1B;{ϔζ&#x11;@o&#x18;�ڒ�Lyd�W��rʾ��� �&#x19;V,+�&#x16;A�����.M�o&#x1E;�k7��@o�
[&#xE;;o\0���}g��~��k����#����^H&#x12;&#x8;&#x2;&#x8;&#x11;ə�m�z7-r�&#xB;&#x1C;�w��Bkݍ�o`�&#x5;`�&#x3;��y��(���䔯p�}��l�{�mkV�Zt�L&#x1;��-q��jdOB�^&lt;�ڪ�b��i���[1�|W=%�JZ������g� u�&#x1E;�&#x19;��*3L�T��z,3� &#x10;k+v&#x16;K{@{&#x6;�{��^�~0��/�&#x6;��&#x1;�M�,&amp;ϔ~&#x16;ӻ&#xE;F&#xF;�&#x1;�̞&#x1A;Hߵ	�j��\0�L&#x14;��&#x17;��&#x17;ij&#x5;\0�y�,R'&#x14;�2놽�\P-6[?SJ�y`&#x1F;m&#x8;&#x6;Ϡ�&#xB;*�J�W'�ߌŵ;�9�)s&#x1C;�(�i��~^��ͅ�&#x17;�&gt;wC�&amp;�H���Es��7Slc&#x1A;�u�oK�&#x4;��WS�&#x17;��&#x17;T7k]ǚĔ�2���J&#x6;Q�&#x11;[&lt;�{�b��Ϥy�#1���&amp;��� �bjE[UR{+2$�M'*���&#x7;I͆��3�}��&gt;��]m��8&#x1B;E'�Q,&#x1E;��&#x6;1�
�6��l�J&#x1E;&#xF;�R�9��ҝ�H�&#x8;�&#x13;v��W.7�$&#x17;��n�5(��L�8=����5�P�q��U"�v2.g��v&#xE;̻R\0�zl{���`&amp;jL�&#x15;�Ҕ�m��+M�U�\�g&#x1;��&#xB;L������&#x7;�\&#x12;Φ&#x1D;�컏G��yS�&#x1;��}!a��m��sl�&#x17;���x��}���'�k&#xB;v�&#x1C;g�$&#x13;�E&#x2;��kĶ��&#x1;4�oY��Ȁ�{�2l�&#xB;\0��d�}&#x3;��:��&#x2;!P&#xB;�&#x1E;���V&#x18;&#xB;&#x10;'��;����qsڤ��ՊZ��u�&amp;q~�&#xE;�?����&#x15;A�Ms� y�UA��!��K�T�\�`s�b��������`6~WfV��&#x7;e�Pf&#xC;&#x6;�W��Q0&#x7;Oi�&#xB;Hj�S&#x3;sj��&#x8;�3�#���&#xE;����n(:��'%6}n��)���PA�zb�OG&#x17;�����&#x1C;�1d���*�:^&#xF;ۻ5ҏ&lt;����&#x13;&#x8;/�$���El&#x1;�%��[�&#x1A;����&#x17;+?�������&lt;.�P�֐T��[MۏWx˨��&#x10;���|�&#x16;8��&#x2;YY�y��[�&#xF;��eL�?]��q�m&amp;y��/��&gt;�z�}��h&#x12;ǽ)'�3��ű&#x3;iE������&#x19;�&gt;vB_&#x1B;�@v�yx�66�y�c�D2�4�䉨πN���&#x11;ƾ&#x1E;&#x6;��rlz�&#x1D;���g��NTI�:}tjo�A_��j&#x17;�95���~M�tw���@&#x1F;D5O�^&gt;2��%Nų��-@'�:�3�Qz��=&#x13;�|�T�1���Тq���&gt;?͹�=��=d_N&#x19;c=�n؛&#xE;�Mj���x&#xC;�}5�V,f�����A�.&#x1A;&#x14;�\B&#x5;�w�&#x1C;��B\0��d��gρ�&#x1;$&#x1E;�m�b�Fފ:��,.���7��-l�X�&#x1E;������{1�\��&#xB;�&#x2;�W�eG'cGo�2k&#x1F;q�!}{XLe&#x1A;�1f��R/i��5&#xF;��BR&#x19;a���@-�&#x18;Y2�*(�4&#x16;�LJ&#x13;T&#xB;!�[+�9�$bg�ܲ�%��}x�&#x3;Y�`{��ͺV������j�k��2�8�f�#JC�&#x1C;&lt;�ث�Ť���&#xE;&#x7;&#xF;7��g�=�g$&#x7;υzc�&#x5;N;�&lt;��3ü�G�S�~��ԩE�̀2&#x1D;@M�&#x2;R��Z&#x1C;3&#x2;X�BOr&lt;jβD��]7T&#x16;��a�,g~��&#x3;�hؽ&#x5;��nhX�XhǓ+0���#�&#x1D;&#x11;&#x13;e�7*kK����~M��W#�!u�*)\ӫ��b��V�{�Զ�#���A�&#x18;���洩i}����dFM�A��d�^I�O���*&#x15;�M�&#x4;&#xE;,��_|4�&gt;����O'�؉C�;#k��=b&#x4;M&#x1D;i|ߋ&#x14;ήqM�G/*��82�9R�{6�&#x11;�C���&#x2;Z�&amp;&#x13;::��&#x3;&#x13;����&#xE;&#x3;�#��o
�^\0�&#x10;%��P�w22v/s���1&amp;G&#x17;�&gt;�j��c��~1[�1Ʃ�i�L_�#�̉��{�K'�&#x13;�$-\Mm��&#x16;�ub&#x1B;�:��%�&#x1B;c�&#x19;d�%#uZ��=�e���`�E�Nm,&#x1F;*j!V�B��&#x19;yZ�&#x6;�kN�g&#x3;&#x1B;�h�	�&#x6;ؗ�̰�&gt;�e&#xB;���֮ �&#x12;Uy�U���]&#x13;�Z8w.��&#x1D;3u��+�&#x12;��&#x2;s@�F-��7._IW&#x10;&lt;�K�:@�u�C+�D�-P&#xB;�b��k,�	����'�l�����j\0�Jt\0)������̹i�&#x1A;Fx&#x2;@KE,U�&#x1C;����[]�d}
$(�Ȅ��zD(� fN+;[�]�,����&#x1C;�#Z��`&#x2;�&#x1C;d&gt;&amp;&#x1D;p�i!�5��U�`�7�A&#x15;��~N�o�٫�&#x1E;�~��&#x7;�_ t]0���Vi)�Ip��^��e&#xE;�����fC1HJ�&#x5;�9ʧ�\08צH^syҥzk&#x8;&#x1C;&#xE;��a$td��e��G+�-����&#x1D;X\0{c���A�xJ&#x1D;��/d&#x1F;G&#x17;�Oj&#x14;�o����]b	ϴ�k+�ٝ���)��W][ٽ�m���&#xE;�k�hJ&#x1F;߿��f��"��u��G4�_&#xE;�.&#x19;�վ�OG�.�P�cmL�&#x6;6��qSH&#x4;�L��)���&lt;�N"&#x1D;(}lN�t����5���!C:&#x12;o�b��q̑&#x1A;ҳ�M�I���m1&#xB;G2�;&#x8;{&#x1E;��ر\0�&#x19;`v&#x11;R7�&#x6;�(��u�k�ǵ��&#x16;�tvV;4�����q�m�xF�H�]7�v`+&#x1F;��@x��&amp;��)�܅�&#x1D;?�&#x3;��-I.�;On�c�&#x5;s�:�n&amp;R�[8�&gt;c��\0[C&#x8;j�Rkռ��&amp;�W��D&#x4;+n�ز$��!'��uF�3�z\0M��ёA2x@O�&gt;e�}&lt;{:I$3�
[M�6@�Q�j������ie���_���$�,]�s&#xC;՜n$�(�j�Up&#x1;�&#x3;[�&#x16;���z�e�}���&#x1B;��Bҹi}�B�c%�&#x6;� &#x19;?�&#x12;�&#xF;2�����_&#x1C;sh�Z�J&#x1D;T��pzT����ת��&#x1E;�&#x6;���J&#x1C;&#x11;�����,����^m&#xF;f&#xF;l��_��P���_L�&#xF;v�&#x5;;��&#x1;�&#x1D;M:�&#x19;:55�&#xF;j&#x13;8���XzA�M�`���
��:���zL��&#xC;Q�^&gt;&#x7;Ws�wʉGZ�&lt;&#x1C;+B�Q�Fؤ�ӧ*�T(��'�&#x12;��ɹ��9V��&#x7;&#x19;��N�?-O�?YE�AMy�.�n&#x16;�1dzM��oz�(��zQ��n	��Yy�۩�m&#x6;0�7j�WL��8��v�k����.�ңC�؉a�a�F���{[`�/�T�/Z�ز&gt;Mm��&#x16;��X�:l�%&#xC;V_:��}ܽ��BU&#x1F;&#xB;�'&#x3;�q��&#x3;�4���+Od��h�&#xE;��&#x17;e��15���&#x19;&amp;7&#x1C;0O&#x1E;����5��Cے��&#x1E;�3&#x1E;gBNG�х&#x1C;�S�&#x1B;B��1:x&#x1E;"�|p\&#x1B;l�.��GM��vA��qI&#x16;��v�8�&#x1;F���z/�^�&amp;U&#xF;ga����$�y/&#xB;F2-�&#x12;x���8��7��c&#x1B;S���v`W�&#x1D;��v0q���9��k�v�b�Z��1ؠ8�\��lV�i��(&#x6;oݡ�u��غv��&#x19;mC�wo�J֚-u̽��@z��q@��q�&#x18;/���&#x4;�&#x2;�[�ф�\0����;��ĥ�,[�=-�&#x16;/w�&#x1E;&#xF;8�h^&#x1F;�&#x8;�9��k&#x17;/�&#x5;_}dk&#x17;|m#{u���:V�iR&#x1E; �@&#x15;�K�?��x"�?��E�&#x15;�5�@�~�~&#x12;�l&lt;5�w=�&#x1;��+&#x10;&#xB;�R�u,��P�M5�KQ�C���P5[1o?,-&#x18;����N1?��;��&lt;&#x12;����&amp;
b��D��k�`s���u�,#SC[�K���&#x1F;������*k�&#x3;��&#x1;鑮&#x3;����C�]Ͱ�/S�0�&#x13;�͐�p��A��C�?�&#x13;&#x12;ئc���?X���jEa�&#x10;E&#x1B;~���!C��Ɨ��I�%N����k&#x14;�o딵y��&#xB;;ն����ӝs����Y�p|m�&#x6;x�h&#x1F;&#x19;��&#xE;j&#x1;�i@O��&#x4;Z@�b��J���8�eHS[?��m&#x1A;��6&#xF;l�:i��9+G�&#x1E;��&gt;�y�V1��&#x19;&#x1;{O&#x1B;эi��a�Z����8�ҌD�&#x1E;3���`&#x1;�Bw���&#x1A;ڒ�m�&#x10;`&gt;&#x2;��&#x2;0�gJN\0�7��]�&#x15;g&#x17;�`'â�a�St&#x1E;9ȼ���+ط��k;Ų\0��I,y?`��\�&#x3;&#x1B;�Ǎ��LXz��v����&#x17;�X2δ���޷�ŏk�&#x2;Д�u[&#x1E;���������&#x1B;y��&#x19;B���y&#xB;Gѧ	u1&lt;�j4�o�&#x1;O[��&#x1D;���i&#x6;&#xF;�:��ӦM&#x3;kՊn��[[ǎ�m��N&#x17;�ްwg&#x1B;DI�p:~L&#x18;&gt;�&lt;�I΋-g��b&#x1B;�&#x11;�&#x1;r+�_����Dҫի&#x16;Е&#x4;6&#x16;;&#xB;��UB��%�Hn�ذ�U��J,`.&#x3;[&#x14;���r��?��&#x4;�&#x6;i�4�6.D7�"L�s�F4ABC��x�M��&#x1;&amp;[W ���=�&#x2;sd	�8���&#x4;\�\i�&#x1;ۘZ]&#x18;�{�u&#x1C;x�&#x1A;i��&#x1;�\0&amp; y\0z�y�	t&#x2;�&#x18;�g�)&#x1D;U�k&#x1B;*�^��V9�zɿ2;KN@U�i_�}]#��&#x13;��k�q�9&#x1D;�����&#xC;&#x1F;�G�&#x7;�i߳&#xF;8�&#x8;p3&#x10;�I���&#x2;����\053�fHkِ�$�d��&#xC;�t�|&#x8;&#x11;�$�37I#&#x11;�&#xC;���dU0u&#x1A;c�tF��C��&#x8;��M��'��8�z�}Z��-a"�&#x1A;�����9��&#x18;��=��&#x18;�؍���ҵ�����&#x12;�&#x12;���vo�&#x16;�&#x8;�&amp;RєD��6&amp;Cn����&#xE;i����6����0n���,&#x11;&#x16;�D&#x13;��&#x19;���j��&#xE;�&amp;w���zۧ�ې�E�&gt;z�&#x3;�0�G&#xE;���9�&#x13;�j&#x1A;��i&#x12;l?�k=[���&#xE;0�&#x3;��&#x1;�\0�&#x1; �&#xC;&#x12;"&#x7;F7��S�ST��&#xE;�&#x12;�)�&#x1C;��.��k�����k��Kٶ��-y:�Vt%I�Q&amp;F�߾�S�&#x17;t���[���E&#x11;����\0��%�b&#x11;&#x1B;��&#xE;��&#x7;�o���t���׊�&#x13;K&#xC;6�Fo��&#x1D;����ZG&#x18;�-&#xC;�
�po9
�����ђ�fg4 �о	-M��X��&#xC;#��&#x13;#+;�oj�`��j2߅��t YC6�F��J6Y&amp;��RG�������Q��r/��&amp;������\0&#x17;P�˽��pŦ&#x17;��у�	S	��}&#x15;&#x3;�ʣ�&#x15;"v�&#x1D;&#x1B;�=����`f\0���h���Y&#x19;�"&#x7;N:�i�&#x7;�&#x15;3�*��UF�Y&#x1F;�:J�ΈژQ�&#x8;&#x15;B!�?&#x3;=�2��&lt;��&#x19;iA�I-c��h�ˇT&#x7;�W�)��TZ�!&#x15;A�	��S7J�GH[��r?�$���=�_�j�C�&#x18;�Ƞ��&#xF;(��P�.\�&#x4;&#x7;�-���D�iy-]��&#x18;�ן�J	Ś�x&#x1F;��IO��&#x18;U"&amp;U&#x13;��R�_3�ġ�V��&#xE;F������J�{f�Z�F��D&#x8;�!n�&lt;�1�̮B�e&#x16;"=S����.*�&gt;)��t�p+&#x13;��J���\N+B��(��s綒y���b&#x18;�&#x2;Z&#x17;Fn&#xE;���!�-&#x4;��籉e#mJ��6�Z1��F&#x19;[E��F:mn&#x1;�?̟eݽ���\0ی�i&#x17;�&amp;&#x12;`�&#x4;�����-�&#x1F;,ݿ�%�yiV��ʙ8����v&#xF;nd[�ձu=j��Q&#x1B;[��m�&#x6;�Θ�#��Gmclb�r�&#x15;�_�&#x4;�����������A�m�Ў���j�a�!�Qͩ�&#x1A;CG&#x10;�\0&#x1B;��&#xE;3����vT@	���$�&gt;�+9E8�&#x14;���&#x1F;u�s3�Rc3'�y���=&#x1F;$1�&#x1C;�^&#x17;�^��\ӦW�g+{Զ��x�G&#x13;�bH�!T�uL���~&#x11;��y&#x19;�6�&#x19;�8!�����p���Nb�U"��&#x11;�U8+M�6��N�:&#x16;&#x1D;&#x1D;���s&#x7;�d�fm�&#x2;`���&#xE;��2!�3�G;2�&#x1A;�&#x2;�8�܅	\0�`�4"&#x1F;M�I/ػ&#xF;`o&#x7;˷���ڲմ�&#x1;&#x3;z�A�=mp���-&#x6;��ƴ&#xE;ZK��U\0y5&#xF;Tָa5���6w�l��PͿ��?��&#x3;�l}Y(&#x1A;����
\��Y���B�-+�y?&#xB;̓&#x3;&#x7;�*��j�2�"�n�	�����V�&#x1F;��9&#x18;&#x7;P)�S̤p��Qù&#xF;՛��r��VJ�IyĀ;#[$Cf\0�&#x19;�mV�F���\V�&#x3;��Qӧ��&#x1A;��CT�̙(�&#xB;&#x11;����:���kv���X�ah	�Yd�`ϫ�&#x1E;&#xB;�\���b&#x1A;�ڜ,@z�H&amp;?�#&#x1F;:��&#x6;/:�`щ��&#xF;�
����r����&#x19;�k��#��&#x1F;���x��&lt;?,&#xB;�&#xB;f͗%�&#x15;�;&#x15;!��&#x1;2O&#x1E;+��Ν���5l&#x1E;\0��&#x5;&#x15;0W�\e\0[&#x5; k+��'�;/�~l�p���f�\Ӓ&#xC;��Qa֯D.&#x1B;I��T�&#x19;&#x15;
��t�\@&#x1E;�Jb�k�ֳ����~i�������6&#x13;��ӽ����a{�T&#x7;���$��\&#x1E;&#x1B;P�v��g{&#x6;&#x1;r� wcSoCe]���&#x1C;�{&#x5;�&#xF;in�Q���fJ&#x13;�����&#x4;��C;�-&#x1F;�&#xC;��$�,$&#x17;�s\0=�:����z���};�P�F~�M�o&#xC;N*�8�`&#xB;&#x1F;E��mm'\0�i��&#xC;�&gt;&#xB;�%�P��M`@;^�M�cmQ�R����p��1�愩NM�Ȃ&#x5;��zE�l&#x1D;�Ď�&#x6;&#x1A;&#x8;cю��ۆ���ck{֡�Xw��H&#x5;E�Wv�$&#x1E;�|&#x1F;N�4_��}��&#x1C;k޼1*+�:��9��mׅ�Z&#xC;^kI&#x17;���7�ع�u���t�6���^jȴx&#x6;y��d�&#x1;u�&#xE;MP�[X&#x17;@݁A\�v�ȁ�&#x6;�nX&#xB;h�k�&#xE;G�Z&lt;٫�%�&#x12;O�d^�+�&#x15;4&#x6;\�TH����&#x1D;ʪ&#x5;_�zE��&#x8;�GvP]b�5P}k��_�R��d&#x12;��(i�����!y����^b6���U7�&#x1E;��։&#x1E;&#x13;s�&#x16;#�����̀z���&#x2;QN�X�Q\����=i&#x7;���&lt;&lt;/�,�(77��% �WxK]&#x1F;&#x1;��&#x17;*&#x2;�&#x17;&#xF;�` &#xB;�&#x12;�V���1���F�"�&#x17;��!)���&#x12;|.
6�&#xF;�s&#x3;茀Y#m?�wx_���U��`�,�&#x11;fO��&#x15;�;&#x16;'c�&#x14;@,&#x1B;&#x1E;N�e��͕���&#xE;&#x7;�\0&#x16;`V&amp;=�&#x12;�[����&#x14;�H���U`l����9�D���g��̰�\0�F�)&#x16;�R��ͪTȾ�W�b�S��[�ִ�o;ȼz�c�=��-YR]l&#xB;�m&lt;7sB�&#x1A;0rK&#x1C;P���&#x1;�&#x1B;�c��{&#x6;4�&#x4;@,0�&#x3;�&#x1D;�&#x1;1M�V\0���2���o#�O&#x16;ւ&#x1E;l�0�Z��m&#x1E;A&#x18;	o��Y�m&#x1F;�?�0�h&#x5;�L�	�|Jb�X9�&#x18;�&gt;�{z	&#x1E;�w&#x5;���x�&#x1;�&#x19;����ʛ�b��H�ڣ�&#x1D;&#x1D;���&#x10;�:��/UV&#x11;�Z&#x1D;W�&gt;�[��(g{ao&#x17;&#x2;&#x3;Љ�&#x6;[�D���w��;&gt;���̲d�c�	����!إ��P�&#x7;Y$�h^�\0�	O�n�&#x4;�&#x17;N��&#x14;���FK�ڔ�5�Vm&#x1B;��o߱�u��ƦL&#x1F;c}���&#x11;��-vu{&#x6;W�AU&#x12;��gkI��D��Mkqj��-@�&amp;5t&#x5;�d&#x15;���K���Es&#x1;�&lt;&#x7;䵋��v^dc��W�0S]zXנ�@,�CU�zJ�4���aj7�m�&#x5;5Q@э���m��s:����&#xE;&#xC;�ufB��%�����tv��\&#x14;&#x3;D\0��6H�a�&#x14;�a
�W��yrg'&#x1B;�&#x2;���`!�U�^�&#x11;T&#x16;I��&#x1A;��&#x7;�bn4�\�&#x1E;�e�����lu��R{�?�&#x1F;���.[�&#x18;YN���02[6+\0\0%Q,.&#x5;�\0w�q~&#x16;#�X[Z��H����^�j�#�46��\�kK&#x2;�r\0�&lt;@��
]�E˱l�&lt;V&#x15;f���%&#x2;m&#xC;�*�h&gt;SU&#x16;&#xB;m%U��&#x12;��dQh&#x8;�7�?k&#x3;��hs&lt;�dn&#x1B;W&gt;¦&#x13;&#x2;��J&#x11;�Z`�^^M?��d~%�&#x18;b۷�n,��v�I�&#x6;�&#x13;{���U&#x13;&#x15;���&#x3;Ē��u�f׳�Al/��&#x17;&#x10;' &#x2;��!Ġ�n�^V�k-�ꪁMli�&#x6;� �.��o3&#x1B;��-��I��f&#x2;�&#x11;���3H}������&#x12;l��}[�lZ&#x7;�nS�&#x16;&#x10;�����|��T''`3c_��&#x1E;�&lt;��&#x1D;&#x1D;&#xB;����WĒ�����BY$&#xC;K*�q��)y�{��&#x19;�^�&amp;r&#xC;�^`�;�-�c�mqG&amp;^�*`+�� ]�������r&gt;&#x1E;�&lt;M���vh/&#x5;�&#x4;�#&#x18;&#x10;&#x1D;N̶@d6kۦ�����v�YgK�}m�&#x19;~ժ-1g�&amp;G�&#x1E;`5���&#x12;{�&#x15;�\0F2"3�V�j.߮ss�z��[&#x12;xǉ@��U+&#x16;Q�A\y5j�&#x7;3̼|&#x19;	(K&#x17;S�E�^��+H�\�J�r�7Ě�@��ԩ�&#x1D;&#x18;KR�d�j&#x14;K�&#x10;:��V&#x11;f.͍R�&#x1B;(�t�pu&#x1D;��J&#x19;�
^�����q��9�T�H&#x18;L`&#xE;Gr&#x1;f��R��&#x19;�����Y���Ĳ\0.&#x1C;[9";=Ƃ$_6J������&#x1;�YH�x�d&#x8;&gt;G�R�&#x1;7����&#x15;8C�=�&#x2;木�9&#x1;��ɇ��&#x5; R&#xB;�&#x16;�T&#x16;&#x2;�Rs��ע!'UX��ſ\0Z`&#xE;&#x6;�&#x7;s&gt;u������R\0�	fΡ"
�ɀ&lt;[�&#xF;,�b�bh&#x1D;ey�Jh&#x1E;�Q�� �&#x1;wU&#x16;�h�wu@-��&#x1;���&#x1F;T�LR&#x12;�~4�q5��h~w��k��M\0sK�)�&#x11;&#x3;�&#x1;3&#xF;��oB�&#x8;�U��}J��\:g,mP�ֶ�n[���s�L����-v�󱶙��&#x1D;�&#x1;&#x1F; ��&#x7; &#xF;��&#x3;��%#�&#x1;�A�-iPC�&#x7;p&#x13;ac&#xF;�&#x4;�S�%�(=&#x12;[t&#x13;��v\0i�d_- ���G�mR͢�M2�&#x2;�&lt;C��q�6&#xE;P8�&#x4;�w�MO�b����i1q믘n�&#x8;��]�|&#x1A;�ץ��&#x11;���&#x18;��&#x3;�Z���x�&#x19;&#x13;�It��j&#x13;C�T;b�}qf�Vc�&#x1F;a�&gt;��}ݠ�}Ӱ��"�u�%�tr,��W=��q	��&#x19;�4I3�Pɏ� K�~��6���ց	x&#x15;)~�HK��t1�֩&#x1;�#�����l!={�F&#x17;����ۊUsm��5ր�t-�&#x5;gҀ��&#x12;5�&#x13;δ����x��A,5{4����qj��R���e��+�%&#x7;�y���]V����@�dr�Y��=q��d�v�&#x15;��*�9.�MY&#x16;`��!S�&#x1B;�&#x10;��&#x2;�E`�"�q��&#x19;&#xB;s&#x3;&#x16;�QJ�&amp;&#x16;�,��&#x19;&#x5;c&#x15;&#x4;��8h&#x4;�&lt;*����z&#xF;{Y=��S(&#x1F;	ӄ&#x3;��\W&#x10;�8��tB%NAD��&#xB;&#x14;t�%"(���@&#xC;Y�X&#x11;&lt;�i-�&#x16;&#x2;&#x1;��&#x8;W�&gt;�^�؛&#x2;�qum�\0�&#x8;��|&gt;I�\`_�s�䙰k�X���&amp;uZ̬�U��W��]������&#x16;�\0��:�sh�p&#x1E;'�{t���&#x1F;��2��Y�J�C�(�5%x���f&#x15;T��R�%�F5�s,@�	�k�&#x4;�,f�\05��ޱ�����Y�b&#x1C;�qx�&#x1;i����?4&#x5;̭0A:��E/�a�yR�|6�J&#x1;������rXy�\۱WX&lt;��&#xF;`&gt;�ڻ�T�=Ć����շ�&#x3;��|�I}K���&#xF;jd�0qҠ_\0�&#x8;��q|œ�&#x11;?�&#x11;���Nl�&#x1D;�gY�zv���1ё��&#x1;�0�&#x19;&lt;�'p^)&#x1;�&#x18;&#x13;)�&#x3;��'��n�m&#x16;�&#x11;&#xB;&#x8;��&#x6;X�Ǵ|�f�*�m��v3��9�`:&gt;�g82
&#x1B;&#x1B;g�&#x5;5��iw��9e�5�hs��&#x11;'o�b҇P�@
/���gC�w�ŭ*�G�$���v��.�s&#x1F;6�6�m&#xB;�V� �*,�hN2&#x12;'͊�'���&#x6;X����mòV7��U(�Ś7(e��Զo&gt;&#x1B;AR� ڷ&#x14;���k��us��-֠&#x11;&#x5;�j�p��M�d��QqҌ�&#x3;��z��S&#x1D;��R�'O&#x1E;m�&#x16;&#x10;�B��&#x3;���&#xB;&#x19;gC��Xy)�Ö-��J`&amp;�d&#x19;�!K�~A��g&#xE;���n&#x1F;K�k&#xC;��	iTċ]�&#x1B;�&#x1C;,U&#x6;U�$R&#x2;u�8�P��-T��(�&#x16;&#x1;x�&#x11;wc&#xB;\0\0D�&amp;MRH&#xB;#�C���������e�&#x11;s/�k&#x17;��&#x16; �
 &#x2;&#x6;��&#xE;&#x13;k��bѬF��!��&#x2;&#x16;���;���~^�.����P��*]�_C[i&#x12;��,�ˉ�9+,�_3�1+Q��&#x16;&#x2;̅�n�������h&#x1;��������&#xF;��L�&#x15;�z&#xE;���d��U�ߥ&#x2;"��	��\0�:߽6�b-~�&#x1A;�O-&#x16;�&#x1A;hD5�RK��&#x1F;&#x3;�&#x7;���&#x4;�P�[`/�a�&#x13;y�}�崑��\1�ͩ&#x12;i_E&#x17;��do�j^����k&#x7;�&lt;&#x1E;l������z�޶�{?�&gt;ԫ�%c&#x1F;'�m&#x7;\0�!X�0@&gt;���&#x10;��A���&#x2;3��&#x18;:�"�D��x�&#x13;&#x1;�*�v&#xF;o�@��L�#0䤚QL� &#x11;���ӤLJN&#x12;&#x1A;:��Q�:&#x1E;��&#x17;&#x10;��P��}�6֖���&#x1B;��%�x&#x7;؉��:}
u�$���l�\0�8����}d�œ�v���8���|r~bO;G=�fT�Oc&#xB;ؒ�&#x15;]ÿK�&#x7;�q:�&#x1E;Ʈ���XݾB-_߭&#x16;Yg��&#x1A;!�M&#x1D;O8ji���]�Ҷ�̲4{�|f��Gw�E�&#xE;�E��OY5&gt;��ư
uk[��7/k-�&#x17;���*ۧ�&#x6;؂o'Y�:��z�bV�B&#x1;�B�Ӷ�Bmӹ&#x19;I�3\˗�e&#xB;:o�$&amp;�/Y&lt;ז�B&#xB;�+�b"0� }S@^B8*\0fX����&#x16;PY���-�&#x1C;?̚�g&#x1D;C�_U
�+&#x11;[� f�&amp;)&#x3;S��&amp;+��i��U�&#x15;�&#x7;��Φ&#x4;&#x18;Rksjf/6㟙��&#x16;����&#x1F;��S�kUeP;&#xB;D$\0�&#x2;T����3&#xC;�_�D1�)S�&#x1A;T��&#xF;��ZXz��"���2J�&lt;��D=&#x3;��bft�˙�&#x19;D.fff�&#x10;3c�B�&#x10;C(�&#x14;
�H�ʪ�j�^�ެ��5�ߚ9﷯�_a���TTdVW�����u3sss���&gt;�te5�&lt;���ht&#x3;$]\0���vE���\&#x11;K&#x5;+&#x15;���&#xE;������u:&#x11;&#xE;�=O��&#xB;�&#x17;.\0�����qx�N�ۢ[ݛ:CW�R&#x1;��}(�E&#x12;&#x19;��&#x1B;&#x3;R�9�&#xB;��&#x14;&gt;�T&gt;�L�n&amp;?K�}e�g!V�&#x5;�e��N'�I&#x3;��&#x4;�l\0\H�S���9&#x16;��YT��Ew�uq�m{Rw۟&#x1A;h���/&#x3;f��C�t��&#x7;g���s��0?|���S�D_0?&#x7;�/�`W&#x4;�G�Y&#x1E;�1m�'��/?�;&gt;a��&#x3;��&#x5;@8&#xF;(߰�qUZ\0`&#x1E;L���&#x12;����&#x15;GA�[�&#x1C;�Cp�5S���!v&#x16;a�&#x1D;%Ʉ�%���ђ��&#x1A;�a���,�O&#xB;��ҐD�����f�^��&#xE;���]�&#x8;�π�}&#xC;_\�]�ղ1��D\0�qè�&#x17;3�۞�@�tp��Ƴ?�&#x1A;�\�9b&#x7;W'��^H(~&#x17;v/�&#x1B;R1�ju��:���f�����D��evp�T�=ڶr��7!�ƕD��=�&#x12;"�X=&#x1A;XDx;۵g%�m&#x7;���&#x5;����}XW&#x19;�w�&gt;�,��&#x15;f&#xB;�g\0��\Z�&gt;�&#x16;̧\0�)�˧���Y&#xC;�K'&#xF;"&#x17;3�R�ʙ&#xC;L$&#x3;�hx���T��*��0�/w&#x14;�8��/�pX_�^*&#x2;���G�b&#x10;���1�&#x2;,��&#x1D;�&#x5;F&#xF;V[1j&#x13;zV�Vɚ&#x11;vv�&#x7;śv%&#xC;�I&#xF;�7_�&#x1E;��&#x1;A(�����X�&#x19;cm�&#x11;��$&#x11;�Ť&#x1B;��&#x1B;0&#x4;�]��Va���叺�����^JPV��c�&#x1A;z�~�[o&#x1F;&#xF;`�����CP�&#x8;�X����Z0�&#x13;��&#x1A;�2H(��&#x10;(�&#x1;D$�&#x8;&#xF;Dp.��`2&#x17;8Y"@N\0��XR&#x19;�&#x15;6g&#x10;2g*O�1YʅImr���?��"�I�0��v���y1Ě��H8�&#x13;)~�E&#x1D;ce\&#x17;�家3&#x5;�Dz��-��K��]�����%��|u����&#x7;�&#x16;J�_���&#x5;���&#x14;���/�f&#xB;̯f&#x15;�+&lt;�K&#x6;&#x19;^�&#x17;K��&#x18;0�C?&#x5;�/�ίȕ_��=&#x6;�&#xF;��_Ɠ}�c��J�F��Ğ&#x11;^���[��w&#x14;��_9��a&lt;�&#x19;��ۄ�����$?�n&#x2;���̿�[��\�;B�?���hj&gt;E�&#x10;;&amp;�&#xE;I��!����&#xB;�+&amp;�~�K�~\0h�&#x17;Gډ�Q�]�R4�K&#x3;�&#x17;&#xB;���9ޮ��oM�f�&#x7;'x���hq������_`�m�a�F%�b0&#xE;P��~��g�̶�;���=3��O���}��9��&gt;�5�=̖��kټh`φ��&#x19;&#x5;�3�&amp;A��wh��B�-
�r�e��~s�&#x1D;ܷ��轌K2׌&#x1D;?xЎ�&#xE;;&#xC;��&#x8;�0�|t�n;�g&#x1B;�;l��e60/�&#x3;s&#x6;�5I̾FBt&#x8;Fx &#x10;o&#x12;�&#x17;3&#x2;O&#x12;C&#xE;&#x17;�&#xE;����e�"6ȋy��z�u��&#x13;��&#x1;�.-Z�&#x5;s'\0��\G����*��_�SX&#x12;Y�&#xB;`�.�@
l:v&#x3;̺݃/j��,&#x1E;��1&#x15;v&#x11;)��&#x4;&lt;&#x1;P�ˁρ�U��&#x1F;&#x5;L=Vև���"0��	�z��&#x7;&#x11;V�\0�P\0&#x1C;&#x6;���&lt;t�}_&#xB;�b&#x10;��&#x16;&#x3;h#y�!�8��2��)�sI\04��#��)&#x1E;`��&#x13;���)K��M�\&#x6;��&#xB;�&#x1;v&amp;G&#x1;5���,&#x7;zf&#x16;]�tXo�D���b@?�|y&#xC;�R�5��:���n�&#x1;�'��&#x1D;�&#x8;��EqveD&#x16;��A^&#x5;۾�m8�����}�&amp;��L3}5&#x15;�&#x4;�&#x1F;�̲����&#xC;�L;�5��+��/&#x1;�3���^������k��7��_�_�!�
Ѐ�&#x1A;a�ow͵�)]�xnq���&#x3;��[@�=&#x2;{�Y5�*4�m�ao�,��PMo�&#x8;{_0�&#x6;bɯiI��&#x10;�&#xF;LU�5��w𨿜�o�K(���/ ��!*���Y`����QveT�&#x7;���,���{�}y�o���$:&#x10;�?&#x1D;&#x18;k7&amp;�ۋ%PJ	����ۋ��&#x7;&#x14;��O�oo�C��r&#x6;�g�V�K&#x6;ۜ&#x11;	�&#x15;!�c��8��'{h�}~b��*��Ĩv�Ջ�оe(�����̷^�ֈc��0r���ہ};l߮m&#x1E;�O0Yud�&gt;D&#xF;���݈���i{ي�w�&#x16;^g�mY�&#x2;��Ml&#x11;&#x18;m٬UM�D;�|9�&#x10;[_�&#x10;�&#x13;&#x4;�)�&#x16;T8_&gt;�P"&#x1;k&#x8;��":tǣ���d����&#x18;%�N�+/텳��*����U9*am&#xF;�&#x17;?�
�I��&#x7;���W-g���l\0�nIX&#x1E;�&#x8;_3B�@&#x11;Xx��n(&gt;\00��yXy�&#x1F;���'��*ȕye�x&#x1;9H&#x5;����{�\ ���&#x16;�����E&#x8;�&#x5;&#x3;�P·��0.f�&lt;&#x2;�;�td&#xF;B�&#x4;Ba�3&#x6;�癆�i&#x14;a���6R&#x12;�O$��cb&#x19;��Ò�]�\0�t�&#x15;&#x19;x�tZK^.,0���&#x7;�&#x5;&lt;&amp;��V&#x1E;&#x17;�l���6�&#xB;�
�M=�/`&#x1E;�W&#x1F;��Ӵ�N�&#x18;e�u\0Y&#x1E;foz/;�&#x19;l&#x17;���F�Z+]��&#x1B;G;�i_o]¸#\0ľb��i��&#x1C;\0?�5U&#x1A;f�/�*|�K�&#xC;�	iK=s{	�_#2����&#x14;̄�&#x1C;E(�ͮ����p&#x11;pH�&#x14;�����&lt;`}���&#x1B;r�K��ً��m�&lt;�bXX^�\F�&#x4;��9�*�jCq[�&#x11;��0ž&#x5;̿�����5&#x17;���@�&#x3;��=��*��&#x13;y&#x11;v�(�^����;�{K&#x8;.��x�&#x3;��vw
&#xC;2��k	!P�~F��&#x1A;y�Ό�\0;ξC&#x1C;��o&#x1E;�����];��~��&#x11;��&#x7;'�����Օ=�W&#xF;N٫���������F���]�T���i&#x14;&#x3;&#x7;f�j3&#x1E;	�&#x1D;���x&#x2;i���n�L�&#x2;�-##��A�ܶm��&#x3;���&#xF;�cG؍�&#x1C;�a����&gt;���@~D^Y��;6�����R�qM�&#x12;PČ�&#x10;�&#x17;(&#x14;&#xF;&#x1A;�&#x17;�&#xF;U�&#x1F;&#x1B;�)x���`�"&#x8;CC�z4&#x15;� G�?&#x16;�I�&#x8;��}ԫ-ˑ���&#x5;�;6�&#x1B;]�
yr5kՀ�&#x14;&#x17;	&#x15;�&#x2;���t�p9��Z_S1K&amp;��U����1&#x1E;�1&#x1;X&#x15;h&#x15;���\0�&#x7;+}/}xl&#x18;�&#xB;!=&#x8;$�P�&#x1C;&#x3;��	�s���O:�c: �#��&#x2;&#x14;�&#x17;��&#x4;&#x14;#`�u�a�_�&#x17;��ľ�6	�҂�&#x10;ZQ\0&#x17;��p&#x11;��o�&#x7;�&#x3;��mJ�l[C�b�l�7���&#x19;�o��Q&amp;Џ� J�&#x7;���e�G �S�b&#x1B;�&#x19;l�&#x1D;�&#x7;ŎO�&#xF;�y�&#x14;s�9܏��h&gt;�I&#x10;~�Ne9��u	�l{J�&#x1D;��egrC�&#x1A;^��xF&#x1B;7/����ٗ�&#x18;B���&amp;�&#x6;LO'&#x11;J&#x13;&#x1A;�&#x1;̯)|=����-��EaLů2{�}�&#xB;
_/�/?���&#x1C;��K�w^R�~&#x1;&#x10;����&#x6;{L�k����D�&#x12;�~�0�7L;}M���j�Z�#D��B��h�\[�/��(�V�&#xE;H_�jr��&#xB;�&#x1B;r�7
ٱ_&#x3;��E�\
�S�&#x1;���~2�+���?��&#x18;&#x15;t�&#x17;�S\0;\&#x18;�y����)������ߣ�}����~�v�����9�k�"�������K*��p���z��&#x16;�\'`���:�&#x1E;��j/&#x1;񷷎��=�d���%�&#x3;{a���e�׀��=&gt;e���e���S���a��b���v��&#x1;�&#x1D;�Ҏ�Z`[ٙ;�~t6[&#x8;䙷m�`{�n�}�w��C{m����{7;���1&#x6;��&#x1C;��؇�&#x1;潥`^�p�&#x15;P�&#x12;�c��Y&#x1C;|�&#x18;�&#x1C;�gq`&#x16;��[0!sy��}-���&#x7;#&#xC;� &#x1C;�$,u&#x14;E�&#x14;u_�ü&#x1C;T���ɫ�����d���Y&#x16;�U�v@V&#x1;�"0wU��=�&#x1C;&#x4;�0�_�,/&#x1C;I�'&#x1C;@�&#x3;�l�k�f@fjI�M&#x1F;�����M�LV��&#x1F;&#xE;�&#x5;�t&gt;Ǳ�I6�v�&#x12;ҟy&#x10;��&#xC;���&#x2;&gt;&#x11;p���Sz�d$�3&#x18;H&#x19;�ڗq�K&#x1D;��lC�&#xF;�ݟ&#x1D;ƈ蕰=$�&#x11;�"z��&#x10;�2�7�&#x12;V�̣&gt;2�8ݦ��5=;�求U�!l�&#x1C;�g&#x1E;C�2c��]^���&#x6;��&#x1D;�8&#x2;�:g��&#x1A;�j��2�����/n��q
�L��G�_F"�)�x/�9_Oϵ�\0�)^�)`&#x16;p&#x1D;�u�&#x1;̨w�'��&#xB;&#xB;�/ z�&#x4;��&#x17;�\��U~M�z-t�ã���3�䁑��e�P8�h-���q&#x19;�&lt;�D�&#x19;���&#x1C;��&lt;=`r�&#x1A;z�W��P��}�I*ZV^u��}B&#x1A;paH�]&#x1D;�굧�v�&#xC;�LU�&#x2;�o��O&#x1;��&#x1;h�e&#x5;K�g&gt;�����K�i��oȋ/�N�c}&#x19;F&#x19;&#x18;�\0�@��&#xB;�~��Í�Y�s�H;�˿}��U�&#xF;���k���v�xd���n�&#x17;&#x17;&#xE;���&#xF;ڿ��}����y����6�0��⎶�P�����w���$�xٱ�A&#x1C;��&#x1F;h�m޲�-��m���g�.��&#x2;��{�ؾ=��\0RD&#x7;�$:@(~p�&#x16;�[��&#x14;�ZfąZ83�q\09�&#x2;J&#x4;�Z&#x18;�$y�&#x8;�&#x4;ʛ�����r�&#x10;ԁ8F&#x1C;c�&#x1;ف�&#x3;4&#x1E;2&#x18;�:к�
�{k�\0/������&#x15;B�&#x2;�K�&#x1C;Ҏ6�[�g��&#xE;�w&#x5;�ǫ�&#x1C;O!&#x5;ɝx\0��9��t&#x4;$�\��"&#x1D;��tY ,/��\0}�~�,yx��n�&#x1A;P&#x1;Iģ&#xF;B/zB&#x1;̾�&#x4;B�&#xE;�II���9��sLG6&gt;0&#x1B;ޏ���&#xC;���&#xB;7��2&#x1C;���V0A�&#x1E;��&#x4;&#x16;������&#x16;�z�&#xC;̱��EFs�����EL��!�ی�ݞ&#xC;��&#x8;!����{"�В�����}�����{�.&#x13;L7F&#x3;�)&#x14;�&#x8;3�_N#�&amp;_~&#xE;��Ϣ%&#x5;�K�/g�/{&#x5;���L��&#xC;@�X�W^4��&#x16;&#x5;2��m�q)k
�&#x7;F&#x16;�؍�&#x1A;0*T~���rB{)��{�L����ٶ
����F?ԅ\0'����אRd_��z���H"�s1xÅ��\0[a���iv4/���u��(�|�����x�&#xB;�K&amp;���H �V&#x1;L��Mr�7T�CU[&#x5;�&#x17;&#xB;a��/&#xC;K��&#x5;}�҈$�&amp;�����P`�ۏp�&#x1E;T&#xF;�&#x1C;�j���&#x1F;�?~��&#x1E;��}f�JBn$o�*�@�o��&#x1;���n{N�}&#xB;����&#xF;�$��e����j�[����{��a&#x1F;���$$�B&#x1C;&#x19;�&lt;�'�i�:�Ȋ��[6&#x10;vo�&#x1D;;��Ν�=�noc�&#x15;��wo�h&#x1B;W/�����*&#x1F;D맏����P&lt;���.�$`�&#x18;	�˛�ʙ���[$ ���&#x2;�����&#x4;�\0?�/�,���\08H��rX�]��&#x1;ڧ��ZMn0��6�Wϊ&#x8;�Ix�&#x3;&#xB;-�qP�i�`��&#x1B;�&#x1A;6�&#x16;s1&#x1C;�|z&#x14;�[@��J���C�$9&#x12;&#x10;&#x13;rS����NC�b��I6{�\0�i�&#x1F;p�g&#x1E;`&#xB;�W&#x1F;�W�`&gt;&lt;&#x1;���6�l(R�&#x2;�"��`6h�B�&#x1D;���&#xC;�|2n�灳�� onMO��-&#x1F;��&#xF;!��i�m&#x14;�棩M�$:XN�c&#x3;#��hI&#x1D;�&#xC;��H�^&#x18;�`_"\0���q��?o��&#x1F;����S�~&#x1A;_\0�&#x1;��&#x5;fBl&#x6;*��(��`~-0&#x3;:���&#x17;��.$�^@�
�ߦH&amp;0�&#x13;�	�&#x1F;/%g�ˉz�
�&amp;$א�&#xB;B���[�B�&#x3;3�_��F��&#xC;&#xF;��&#x15;tJ&#x7;f&#xF;�ʝə_-&#x1C;H���6a�o��?a��ƘL�"�v���)�&lt;�~M��&#x15;^X�&#x16;�&#x1F;�&#x1A;hG
¼"�&#x1D;��5z	��{^&#x10;�ߜ�e��&#xB;�����2]�s~&#x1B;g�2ٴ���&#xE;��_?����&#x13;�r�&#x1D;�?��������_��?�ok&amp;��_;d��9e���ڼ�:��k٬��N��©&#x1D;v�$�-����P&#x7;a~(a��M�l�&#x1D;�{&#x1F;��pw��v��n�&#x1;�f6c&#x8;�[6���&#x13;&#x16;OϜl}Y�&#x1D;&#x17;f�r�x�&#x18;�r&#x14;�&#x17;��&#x8;�"K����&#x1;����#!v�0�&#x17;�&#xE;��(&#x7;��&#x4;�!��&amp;��\0b�&#xB;Uo��Q#�������&#x5;d&#x1;�˗�3�&#xE;m&#xF;{�Q+�w��&#x15;&#x7;�ҙ�.J��4�&#x1B;N�I`�M�)��`&#x1E;��@��Z!�&lt;t&#x16;���&#x13;G��F�y�PUN�&#x12;�76��#�(r��)�&#x15;D&#x4;[qt�\0�ɽ�gwlf�́�2:��"Ʉ�d&#x1B;&#x4;�ӨZ�P&#x14;�̢�	��&#x19;&#xC;�s�\0�tmi�&lt;O��T4��3G&gt;&#x7;�`	�=��h&#x16;`^I�csB/ۙ�&#x13;
g����tap
̮&#x12;�M&#xB;��z|����;hJ/a:
��D*ը��&#x12;�	��aO��{`~���K
Y�d;�}�kH#_ၟ&#xB;�&#xB;�E&#x7;؋&#x5;���|����&#xE;�&#xB;��]�	��Q!'ܕ�{-/�&#xC;�K&lt;�+�:R���c&#x1F;� }UQ,^�&gt;5�&#x1F;�Z.@��9���&#x17;@�
/�&#x6;0�$��&#x10;P4E���Z�1�{Θ�&#xB;V��\0�&#x17;&#x6;'���Da&#x4;|s�G�X{=癌qboPI��P�*�'��x�&#x14;�&#x10;#x���������3�0c�gK��o1�G�7.��'�ؿz~����&#x7;ve�vl���S��&gt;��{��ֱ��9}��&lt;�b�}��l]e�a�Wi�&#x10;H�&#x18;�&#x1E;���&lt;�jv�D c&#x1A;e�����x��\�&#xC;�҅�"��h�M�=ݦΚ����ဏ���&#x1A;7b��,)�\4�&#x13;�`G�&#xB;H&#x1;'�Jky�!w,ob��q"������p�&#x15;V���&#x2;��y�0&#x1;���i,&#x10;�y��&#x2;x�2��#���ʾ`�xؘ�+�&#x8;��ݳ�7�U�E&#x13;�\0���}��&#x7;Q�&#xF;&#x3;ĺЅaʍKP����&#x1E;��&#x11;j,&#x2;o6Sf�F�U�����&#x4;�2&#x3;&#x10;�8��+�"��b�h[7}���M����&amp;S&#x10;[?c�-���@�*�s&#xB;�v\&#x10;�&#x1F;���F�'V�&#x1D;j��&#xC;�&#x10;v�!����ĉY��۳�&#x15;��*&amp;4�&#xB;����?�p��8�F��=���&lt;�_��	��x��sJo;M&#x15;���,�Z#�_&#x1D;�l�7߿���:\�vw2�5�7S&#xB;1��|y�&#x3;��T�_�-_c_&#x1;*�&#x1B;B_�ν����\0�&#xB;��/��/&#x5;R�	��&#xE;���\0�&#x6;���$�
7&#x5;'\0���	&lt;���(�1�����E�_��m��&#xB;�&#x10;GP�Ka�x��&#x8;��&#x1D;/�ˆ���&gt;��]�!H���&#x5;�8��_A��=b��)���o��A��&#xE;��&#x13;�I7B�&lt;���g�z�8Ͼb���&#x5;�)��k#2�hn&#x10;�y�=��&#x15;&#x17;��!�&lt;�3���w����bƻ&gt;�F&#xF;��^��g7�&#xF;�oۙ���s�����C���O�o�~��&#x2;=3����B��{�&#x6;Q�&#xC;DL�#W�V��-*�5�l}&#xF;&#xC;A?�;��^�j&#x3;ZYH&#xC;�'P���^(!_RF�%�'[|j�E&amp;�Z0!c�&#x1;E6��(̅N&#x1A;oI����&#x5;��c$0X&#x11;×���Q].o���hrX&#x1D;���&lt;�=�,`&#xB;��-�0]�&#x1D;�&#x5;�B0{�����G&#x1D;��V\0�h�����_݇&#x1E;q0���4ʑ'&#xF;(���Z�V�,&#xF;="'�F�[*&#x17;G}&#xE;���ԊJ��6��.�ι�r&#x12;Hg�'�23&#x1E;hń�Qx�X��|Y�.�1�����#��h&#x16;��&#xF;�b%�"'vjB���&#x15;&#x7;Ү�&#x2;�ա�MN&#x8;�iI�6&#x11;	�&#x12;�#&#x13;�z/@"h-`�F�}\0 &#x1F;A&amp;�&#x1;Iv����i�&#x3;���������S��{&#x10;H�f �&#x1B;�y��&#xB;�&#x12;\0&gt;��&gt;2�&#x4;�_ao\0��j���ν����W\0H��&#x17;���&lt;&lt;-&#x5;��*�Q�z���#zƛ�"l� .&amp;�}���p:!7a�&#x13;q�U!'��ȅ�&#x1;���&#x5;��&#x6;����\T&lt;0{�O������{��%&amp;&#xF;��������)�v&#x19;��g������k&#x4;������2z��َ1c�](I�&#x3;��&lt;i�&#x1B;�,@�R�&#x17;������&#xC;6桬�v&#x11;������p���]�7sD�&#x1D;ߺ&#x18;R�&#xE;t���o�\�O�����wٷ����ܶo�^��lk���aZP(l�?f)�Ѱ�B�+Ő&#x16;�&#x12;&#x7;�2���y&#xC;\�V]�ZTr�%�&#xC;:!+�b��Gse&#x1F;2v��^�x���VL��F���Z�&#x12;���6	���D&#x1E;��T)���&#x12;�&#x17;��{��x
S�-�0T��&#x11;ǘ��_��1?&#x3;�彵&#xB;�U ��N�����cwi8ħ5��0;�0=�&#x16;\��N�x����&#x14;�&#x14;R�\0p&#x1D;�+�3+�&#x16;��&#x17;�X:�H�|f�|.��·�%�&#x2;$����h�ߴ�N6�b�&#x2;fvG�/�!��F�&#x1D;վ�B�i%����C�+���5*)��M&#x1E;n+&#x11;�&#x18;�����l��3&#x17;��ge��&gt;x&#x2;[G&#xC;�I�y&#x18;}�Ix��&#x12;��+���PJ&#x1F;;�&#x1E;l��'�udl������}���w/�_�?j�P��&#x2;0���k�&#x1;�o�B�&#x14;�&#x1;����p�+��z&#x3;&#x8;�&#x16;�5�&#xF;�_�t&#x14;�_BI&#x16;3L ~E�[&amp;p?"'}���&#x8;&#x11;dI�=BYD=���&#x19;�\0��a�	��\0�E�^2߼.�(&#x2;0?b&amp;�	��&#x19;��&#x5; ~	�u[�|&#x16;\0��c��^&#x3; �4�IK��b�`p��31��2��&#x8;$s�� 8�-����)&#x4;�&#xF;&#x2;�CS�M��EFϛǼ����������H&#xE;&#x1D;cL�5��7�G�N�i��
����m��&#x17;�ٷxߣ[��}��������}u�-e8��/.�&#x3;�C��)�	�'�ϤQ&#x1C;r&gt;�V̳�T*�����"�c&#x10;�`p��&gt;$&#x1B;/�H����b�y��;����Dx&#x17;-rа&#x12;t�&#x6;ؠ��&#x17;�����&#x11;�W�'W�&#x1A;�?7���S~�0�" �%��1�ʀ,���E*&#x2;��!"�Q&#x16;�E�ؾ�6mh&#x1B;��ו'&#x16;w=&#x11;����&lt;�R�-&#x1A;7��y(}� �r�&#x11;���Lw�,&#x19;`+'!��?��6�&#x16;&gt;��V&#x1B;��&#x2;�l!�&#x1B;�KS%o^�Fd��2D*&#x4;��&#x14;%c�	&#x1B;J�
��e�&#x7;���7����rɛ�&#x14;gځ�cl;�&#x19;N�}&#x18;\0�ҧ�-e��޶71Ў�&#x6;��P����@���;W��M��_�zb�;��&#x3;�#���Ʀۯ��ط\0Z\0&#x16;��O� �|��&#x5;�@���k�g\0�&#x5;�&#x12;aëz&#x3;,�\0�#
Q�&lt;0S9�&#x6;��\��&#x5;��&#x1;�&#x17;��&#x1E;�&#x19;θ�*���&#x1E;0_�g�&#x18;�&#x4;@?�#�ח��s.4��&#xB;�~�Kr�\&lt;����ŵ���&#x2;�	z�ǘu�9��&#xB;b�_1p�
���&#x10;�w\0�5�&#x1F;7Gfڹ~�v�0����o	����`�=��]���i^�w�&#x16;&#x12;��d&#x1A;�G7�&#x6;r`��;����m&#x1B;�&#x15;�GU��GW��~`Ϯ��U3Gٍ�&#x7;P�&#x1F;KH&#x1D;Ķ��V�����o&#x13;�Ɏ��g�����O��Csm��"@�a#�&#x1B;&#x1A;&#x4;Ǻ�0��cG���íx�`&#x1B;0r&#x18;�b��ߐ&#x12;�K,77�
��&#x18;`�˂P^�f�)p�P�����&#x3;s���p�#D	u�1D#�w���&#x1A;f���&#x1B;$MH)_~&#xB;d�&#x10;�{@�=��ޚ�_bx&#x11;y$2�\�&#x10;c&#x3;R�(���0H�'�\0&#xC;I$F$&#x11;E4�K$��!7�&#x1B;&#xF;��Juf�@K��ӊ��l&#x8;�L&#x1A;d�D@&#x1F;M�I��l\0=&#x1C;RI_�B�@&#x1A;&#x19;H�i0-�Q��^x�\9&#x11;/��&#x5;#��}0&#x1B;$�'�Z��F�#j,��Qt!f�GB.&#x19;C�PD�0&#x16;�iA&#x1D;l&#x5;�&#x1D;���u ����P;���&lt;ޞ=����&amp;����&#x17;r�7�D��&lt;�S��W����|�٢�J&#x1E;�B����&lt;�-h�&lt;���s�t�%\0&#x15;H�B&#x19;��칪�p���	7g��΢d�J(*��GL6=��=���&#x8;b�&#x13;Z[�aZ=X5��&#x17;���)��&#x1D;��X&lt;%�~�y��&#x1;�&#x5;�W�ڢ���z�frQx�������	��˾=&gt;�+j�a&#x4;�&gt;���&amp;��
&#x10;����-Ÿ�ȥ_p�ƈ4D&#xE;ɧ&#x1;�&#x17;&#x14;�~�����y��T���(�|�(@͠��ѩvUB�g�ٝO������X�e��Oۋ[g�7O��-*�KY�q&#x16;]���&#xB;%%��'�&#x13;y�&#x1E;&#x16;&#x18;&#xE;S&#x8;�����l,aQ瀦&#x16;&#x12;��&#x6; )4��l��96��W����������&lt;��n�F���A�l�a�&#xF;�!%&#x3;-1�&#x10;��*�]�|8���aR�
vy�&#x7;�q�~:/���~�\��&#x14;ϐ�рF&#x14; �&#x2;��m�[&#x4;���J����B�F�`��OJ�&#xE;&#xB;��&amp;��G&#x1F;���]Q&#x11;LJ&#x1E;������Ց�'Y���D&amp;���C��(^^$�JO�aY)V�&#x12;o�2SlTv�M!��֯�%j�l&lt;$�4�V�e�� Җ��&#x6;�J�S�O&#x18;k&#x1B;'��գ�ۄ�T�A�%��N�@&#x5;��@.ҫha�&#x1F;����I�{�T�4�}K���m�r�ՄT&#x1E;�4^lb��&#x18;&lt;&#x10;]��v���)���)��&#x4;�(�&#x1E;�&#x1;�&#x10;���P8�&#x11;����fۘ�;�g&gt;�&#x12;�׉��F���l�&#x1F;�&#x1C;����/�=�h�6̰&#x1B;&#xC;&#x19;H��9��+\0�p�&#x15;3��P���"�k\0�&#x15;���}���&#x1A;�*����ٯ`O��(����&#x1B;@�&#x2;\0~	&#x8;�JK�&#xB;�&#xE;�|{z	�3&#x1E;��&gt;��Cu��{6�b��&#x17;&amp;e�bu&#xC;"��^e��&#xC;@�E�&#x19;9�S&lt;�&#x13;(�&#x1E;qE&#x5;7\0������T�!�����&#x15;,�7&#x10;;T�&#x16;�&#x5;�oax�&amp;g�6�&#x16;&#x13;��(&#x1E;�&#x1E;�r����z#�&#x2;r�oȇ�"��|d�}Z&#x14;f��Նs�-ų�y�oԟ�B�B�߃CK��&#x19;&#x8;�G��~D͎��c
�֛���&#x19;=����&#x1;&lt;�&#x1D;6&#x1F;��&amp;�&#x6;&#x14;���[׀@reº�d��Z���6��#����:�
b��$*�3�϶�[6�ȍ��3�Yր�6q�
��h&#x1B;&lt;r�&#x1B;5ڊ��Y^f�%GD���IQ&#x7;�&#x1;�8&lt;�t�~	�
r.&#xC;�9V�V�FC&#x1A;&#xE;�&#x2;���|�, ;0�����U�?�m���\P*&#x2;sE��r�E�T��&#x1B;�Pt  �}!�WZ�WU�V&#x1C;@��!\0y��b���gy6���t�&#xE;�8��ʹ�)	�L_�]�R\0^Ax�����&#x10;BF&amp;�[&#x1;�s
&#x17;�T.�&#x1A;oL��&#xF;�LT&#xF;�&#x2;� &#x14;S&#x6;G�E34&#x8;�vC��-�Q]9&#x2;|.\:�%9 �?&#x5;��FEF�&#x1A;&amp;���D� �!��w&#x14;2=՗��`O&amp;�Jvp&#x7;[&#x13;�նS\0&#x13;�?�&#x8;c~9�΍!���w7�������;ǽ-�7\0�}��_�O}I�����5�֯&#x8;��F��+�b��,&#x10;��m%��^�|��%@+��^&#x3;hU�&#x1F;pN;��&#x10;fo/L��Ӡl���K����{&#xC;v���� &#x1A;[+s!j&#x10;�	�&#x1F;&#x3;`�����+��&#x3;Sh���&#x15;`�5J#�f?�E�&#x10;[�&#x1B;��_-"�F�_&#x11;��,]��A�;�s�&#x1D;&#x18;e�
&#x8;�!���&#x1A;�=���e@�&#x1B;�p��^?'g�ȴ��ӷ�A����&#x1D;d&#x17;1�^�i����1�����3�`v}j��̗?�k_?fE�e�֟�`�y��X1��&#x1D;�l�$��&#x17;�&#xB;}�&#xE;�w�l�&#x1B;��cDX[ی:�8�N{�j��&#x8;_����Ь&#x8;ٸ�R�&#xB;m��&#x1D;��Sd��m�A��0]��fϝg���)��&#x16;&#x17;&#x12;B?���׎�(&#x14;���Xx��&#x16;O&#x1B;*�/���\0�w�&lt;ԏ��9���P)p��]F�&#xC;&#x12;�1&#x1;9�&#x3;sŞ�W`���mC	�A�`&#x6;�QH�Dc�̑\0Y#�&#x11;����Ʊx�&#x18;h����3
&#x1A;�{�`&#x6;ۛ���&#x8;C�@$&#x10;U�#Q6	G�(��&amp;`�܏#5J�9ix�D�%�&#x1C;O1&#x4;&#x13;��ᛧ���qAM�}h�9�&#xB;�F&#x1F;e����&#xC;����6&#x17;BM&#xE;��&#xC;^;����&#x14;Z&#x11;@&#x1E;\0�&#x7;���lg����*&#x16;�o&#x15;�	�Oe�S�M��&#x13;�p�)~����&#x2;�d��&#x11;���H&#x4;�&#x5;�`|&#x1A;�D\0&#xF;��&#x1A;�&#xB;�o�&#x1;f_ ��&#x2;�
{�s^�p2My�*�ʉ&#x11;
\0����0ߪ\0�&#xF;��|nb:�$Fي&#x1C;t�~&#x6;�_A&#x1D;&#x15;�����%��&#x4;����&amp;�w�,5�&#x8;&#x8;�������X|MZ�&gt;�&#x17;�6�@7�&#x17;�w�;�]�a&#x10;�k&#x1E;'�&gt;��B\0�X�O�W�pz�߯?�&#x3;�k�=�����K�7ʑ�_�'w.��&#x7;�ۋ{&#x17;���S���I{p�&#x1D;��&lt;g�hvQEY7��&#x4;�&#x1B;��H`&#x1D;ۊ��,v�&#x4;���o`�&#x7;f�H^�~y�P;x��&#x15;�ڭ�l�1�a�&amp;�=g6����&#x1D;&#x15;i&#x11;={Y&#x18;&#x4;�p.&#x12;�WE���\&#xC;���5�ۊ�'��4D�c&#x13;�	_}��H����l�W�Z&#x3;&#x17;!�&#xC;�T�VOY̯^�&#x14;R�[f����'sa��e�ٛE���e&#x1E;Z
*\0U�a"��&#x8;1"��D��&#x12;�&#x1;����)�9jf"�,}n��&#x13;\0\�\0����Dġť����$��x=�&gt;��x&amp;��PO�%@!��3&#xB;�&#x2;�&#x3;u&#x2;B	��2���P���=�&#x8;�^.�mE��%LZ�f%�&#xC;昗&#x3;���͇���$-���'�琑�gh�&#x2;����2���&#x8;&#x8;�&#x1D;���ɑ&#x1;�+t�_����*�W�4E�\�g�Bkyq&#x1;���&#xB;��&#xC;y�g�	&gt;#T�=�1O���&#x1;�#*ěș�R�&#x18;�9�ْ�&#x1C;�]�&#x1A;˳{�E�u��3&#x5;&#x17;�&#xB;Bv��U\0{��Dt�#�/0�(P~G[�׌/:�+o�ۚɾ0$�&#xE;�R�F�O��{q��ڒ�G�dV�]&#x1F;���ާ�Ř�	F�Π;�&#x1B;��&#x15;&#xC;�ϛ:�6��o[�/ar��Ƣ�5�J�M�ߐCu���"�ƕ�)�4�)���!�&#x19;��2^9��u5%�&#x1B;�}�A&#x5;6&#x14;�B&#x6;&#x15;��)�Wd�n��"[�f�e��ڊU˭� �
r�-*8�B	��	�©4G@�&#x14;�2&#x1E;O&#x1D;ŗ��I92�/��K��]&#x16;N.[�$h�&#x8;#�-&amp;�W�ݠ�zȚ&#x15;V(,S~+\0zZbR+� O�=WQ��V!D&#x17;��v�d&#x2;&#x11;
����&#x14;�� ".���&#x3;H_�9�x�0L��2}&#xE;�l�m��ĨUG��&#x8;��9��}&#x13;x~,G)��|&#x1C;^9�s�$&#x1D;���GO�@&#x17;&#x6;���)|��|&amp;��&#x1D;�xoy�&#xC;�|6&#x17;�\"�|
r�&#x10;U��Þ�&#x5;~	S[&#x1B;ic&#x1D;`Aܧl&#x1A;=�7ޮ�n����?�3��s��;$��K��^�M&#x1;��)Y�&#x19;S�L��+
O_�8Q.g�&#x5;��I��&#x1C;/��B�&#x13;��O&#x1;�s�=&#x3;�Oȷ�IO�=R&#x2;�&#x16;��k9��3+̖���|v|*��X[Ä�&#x5;&lt;��&#x1;��l��^RH&#x13;��/?��wq��_�v�i�[�&#x1;�+�&#x11;{&#xC;�V� &#x19;۔W~H$�&#x19;���6����&#x19;&#x4;&#x12;ya�=�(x	Q�s,o&gt;���lq��\0xpO�� �T!&#x10;H�3�F1ʜ���~H5���[��glٜ1��ְ&#x19;\Y�o_��&#x19;�~\0����֕&#x1D;By}�\0�X(�%6v�(����&#x19;�g� D��,[b�&#x7;�U+�Z^v�%&#x11;�� �&#x13;ڳ���&#x15;��t�&#x19;�&#x15;&#x11;74�Xޜ&#x7;�SǊ^�&#x14;�?x�޸-&#x1A;b&#x1A;Gl�[3P���&#x1;غc&#x1;&lt;^
�����-$&#x15;�@,]/gn�Y�/'��V&#x1D;D���)*�鼣��rZ���o	#����&#x4;�t�}�%$&#x17;���&#x6;�&#x1D;��(o	\0��F�����'J&#x4;P��Łh"&#x1D;Ϝ%�(i�p\0=�����n�16&#x10;�W�&#x1D;C��La&#xC;&#x1E;r��v�\��&#x3;k�o��`\q,
&#x1B;�|�_RM~�N�&#x1B;&#x14;9߰��+U�UԪ�������&#x2;{
�&#x5;�'\0�)��c��&#x1E;�ῘZLK���,���lҸ�.)&#x11;A���&gt;��&#x5;�&#xF;gQ�f8�"&#x17;&#x13;){�3���?d��&#x11;�\��ZM��\Y�1�`�)�&#x16;%T&#x5;0MM	Ȫf+?&#x16;&#x3;La���[���M�\Ya���f&#x1D;�&#x1F;��&#x15;�eʛ5�},?&#x14;&#xB;&#x3;ԙ�W�w��|�
���Y4�N�Zh�PA�&#x1;&#x1B;,�p�7&#x16;\0a�U�z&#x16;��@.�ͩ&#x3;��q����o&#x17;�ogD1�]O�m̰&#xC;�H��\0���&#x8;�����&#x7;u��C�za� z�#X&#x17;;f�&#x8;B�i�����G���5�&#x16;[&amp;&#x5;�X4�= #�֛&#x10;�O{&#x14;5ەZ�g?V��}�'�7�A��1T&#x13;H�,D���F�ݧs�m&#x10;&#x1F;h��&#x1;��&#xE;��s&gt;\0���΄�]�����yG����&#x17;ީpz&#x1B;'&lt;&#x5;�&#x1F;��&#x2;%�'��
$��@�&#x13;+&#x8;��&#x15;}6p�}"
�&#xE;��n&#x5;��&#x14;�-�Ǖ�x&gt;��&#x16;KJPj�/�&lt;�&#x1;t&#x2;S"�{
�~:�9G*#\0z
��&#x2;6tn��e{Pz=&#x2;a�3��&#xF;�U������̷߬�&#x5;?�m��O��JIdR���B�^�k��\0��O8���W�Bl@�&lt;�c��c��&#x4;&#x1E;�#6-&gt;$���&#x14;���ŀ9�֥G�ݿ\0��3�&#x10;�J�&#x1E;e�)&#x15;�&#x14;V���B�~耉&#x11;v���DQ�&#x1D;�g}��(y������&#x15;~�� ��&#x3;�lGR���Bm&#x1;Z&#x4;&#x14;�=��@�&#x12;��G&#xE;Ͷp�֡��&#x5;3w�&#x5;@7lX��8�&#x16;0����w쯞ݵ��.X~f���ie��6p��N[:g���4�rX�&#x1C;�N�B�&#x8;&#x3;��&#x1D;��c�g��6&#xB;��T�
��/O��:�کP&#x11;��z[&#x1F;�&gt;�_=���j+\0�:{�&gt;����&#x2;|Laiy+��w��&#x6;���&#x5;&#x2;&#x2;��^��'`&#xE;\0��d&#x2;2։�ӑ��QrD���&#x3;Z�X@~+��}�2��g��h���*A����i����'�����gS�}�1��&#x16;�E�ע�(�Z4�cx\y����k��Wޙ.&#x8;:&#x17;�yp\0�ߩ�y&#x6;ź�\0z"�y&#xE;�Zk&#x10;z܁��&#x1;ַ�F��&#x1;kR����&#x3;��X���A�/	��*�EV��ɩ�&#x6;{=��&#x19;/�&#x2;@?� �&#x12;�
��M&#x1E;��ʀ��&lt;1�Y�d\0�1��&#xF;�g ��:&#x1B;r�k&#x8;&#x1E;�(���&#xC;&#xB;�%��F��xk1�D�&lt;7(�G5���R+L~A����*��+kx�t&#x16;&#x2;P\0Su[&#x1E;��L�~�D2H��T8&#x13;�U&#x4;;����&#x11;|6��&#x7;Q&gt;��&lt;�Jz}&#xB;�c���2�&#x1A;&#x4;����\K�D0���R6B~}�&#x1A;,�&#x1B;���e��@j6�Kؑ1A�`&#x3;zI��ͱ^x�&#x10;(|&#x5;�1�28?���a������m&lt;L��3'�t���!�/c�E&lt;��(�1zQ&#x4;���"u'��ٺ&#x13;&#x6;�9�r!���2�)��r�&#x1B;��i�k&#x8;0�d�=���Fn&#xC;�{�"��=tEg�&#xB;�&lt;��܁���
�"�'���S����&amp;&#xF;�x����^(��e����������o�鼎���zsQq��������-I��Y8�SޢԢ����X�_��~i���Ơ޼.&#x4;^؎�V^��Z_R&#x1A;&#x19;K�n&#x6;d�&#x15;8��P:����DV��&#x1A;�a_3d��|�&#x17;���_�&#x8;�h巯'g�7S�ʓh�LJ&#x1;��x�g&#x10;I&#x14;B;��&#x1E;&#x5;b&#xF;Ȁ��&lt;��,{(&#x3;ȏ&#x8;c�&#x1C;���l�;����"�#&#x5;�&amp;5��i����a�&lt;��p�@�����d��yF&#x11;��8�0���0��@&#x17;H&#x1E;X�X�u�(�ݻS��&#x1;6X&lt;�O�;�4~�J���^&#x11;L�&#x17;�]&#x11;���%������*�(X[i(EtA&#x10;�V���#�&#x1B;���0d�h�8������w�!�&#x16;&#x11;�

ik�\0��&#x1B;'l�L�b�-��-�Y0`.f�'9=&#xE;@gX&lt;��&#x17;�_zr�/)���&#x19;6jp�M&#x1B;?� �E!&#xB;ԝ�L3�ݔ�&#xB;��&#x1;�VhW&#x3; &#x7;\�&#x5;�&#x8;�&#x15;}�zN &#x11;X�������]
v�G����&#x12;0�,&#x5;s&#x17;����w���&#x1;V{�ZT&#x4;fye&#x1;�Y&#x17;�&#x7;�&#x12;�V�H&#x1;�L~�&lt;�&#x3;\0_7&#x1F;��\0.t�n+��&#x1C;�&#x1C;��ٔ��{s�	�}��`^��By��&#x1D;Q�ԋ�5u\0�&#x1;piM���&#x10;A�&#x12;K�&#x10;+���{U%&#x7;�E�&#x1F;I�|*&lt;�%p�7B&#x1C;ٓ&#x4;��m&#x12;���&#x3;6�*�;f��Kv@=&amp;�}&#x6; �&#x5;��&#x13;����d@��&#x1E;X:Ŭ&#xC;B�R�Vd�	��&#x2;�'��&gt;`~X&#x6;�/&lt;0�#Q[h��blU
[#�v�&#x3;3�l錽͙)V�͙{���k$�&#x4;d�&#x13;���1�k,�&#x17;���量�ch�&#x2;�oȍ���&#x1;��J��&#xE;pߡx'O}���&#x1B;hٿ�گ"��������&#x4;���c;�Ԏul�&#x1F;&#x2;!$�B!
h��Ǖ?&#x6;�!�&#x16;&#x16;��I�a����������ݿv��8�����&#x16;��&#x16;�&#x1A;i;7��6�;	�_��.�"�)�Yh|�&#x5;3�&#x13;�E"�u�)��M2xQ&#x4;�)
I O�Z@��4_�n\0Ƴ���n#�&#x7;�&#x2;�L��.,�х��)&#x15;�:y��ަ��&#x10;�=F�&#x5;���T.��&lt;)�&#x1E;&#x3;�#&#x6;�&#x2;�ɱK�&#x16;�Q�VȎ�L�rǖlOl��'&#x1B;!&lt;	_�{&gt;&#x12;���5+U۔i�&#x11;�Ց�;�l=Vϑj����w�ߪ�&#x1B;x�N������	�{Q@�ߡ��ZE����&#x5;�@Lm0�n���}�}I��7�u&#x7;���&#x5;��zXY� ��&#x1F;�{W�Mű&#xC;&#x4;&#x10;�vma�z��9��Eu��I=�&#x18;�&#x4;�h���|wR!B&#x4;�DƐ�zl/ZQ���J�&#xB;P����7N�g�*ܬoy�w�%TK�&#xB;&#x19;��O&#x1;��qT�&#x1;�1p�	�&#x15;j��#\0�0�&#x1E;��MH'g�]�
�m&#x5;���jy�h2��c�����Ŵ4�Y�0-�&#x5;t�T�{x��&#x7;��T\0+&#x1D;�(%��&#x16;�T�}�F&#x4;�RPk�4s�T�&#x5;l_&#x1C;��&#x11;`��~b��w&#x1B;&#x10;�#ܖZ�3&#x1E;��s�q�1�ZUG� �&#x14;�y&#x17;\0�S�&#x1A;Q|o��qH���&gt;a�y�M�
8���%&amp;�Y&#x10;��p��&#x1;e(:\�}3l%��o��l_}q���%녘[Hpk[���ϯ촵˦�&#x6;&amp;�&#x1A;�9&#x1D;&#x11;&#x1D;�J�"&#x8;")���pEQ��&#x16;�[Jv�� �&#x1B;I�,/=�r�&#x1A;F@=�(�恻&#x2;�&#x1F;���V`&#xE;\04�s��`e��H��I��&#xB;^�V�����@u�&amp;&lt;���&#x2;���&#x13;�v�	��YC&#x3;0�i%D�-&#x16;Z&amp;�&#x1D;Ɲ&#x1;��ؙ��t[���o��g�n�n�g&#x1D;ظ��=�����r�-&#x18;zoz�&#xE;�oA�G.L�&#x15;v}Nj�i�G(Sc�,s�6|�&#x15;��䑢������&#x1;�&#x1;�Ae�V&#x7;hm�P&#x1E;�&#x1C;:��@
C �ݚ��^�lz��0�:29��_J&#xF;;M��
�W�\0܍��lox&#xE;P_P}&#x16;��&#x6;8/�S��&#x1B;{`�K?&#x1F;�&#x17;�&#xC;̯|��m&#xF;̄�&#x2;�}&#xF;�&#x14;�|���&#xC;��羁�?������˨�\c��9E�W���t~�&#x1C;�b��&#x10;�/&#x5;�&#x19;&#x14;N���y&#x11;0�)0��]J㤏��4T�&#x5;|�Y�&#x18;b�����}�}�����\0u@��T&#x15;&#x1E; �:�t�u[�~�&lt;�r�kP�U�&#x16;��c�-�b�ߵ����U6�ɦ�&#x14;�bc¬'���&#x10;�� �� �6``�m[3�.&#x1D;�n��&#x3;;�ZO�S��&#x15;�i�&#xC;;s�&#x13;[L�=w�xv7f�E�&#x15;#k&#x13;�&#x16;g1L��f%XLZ���%Y0&#x15;�06T�g�.��!��M���\0h�&#x12;
vmI��3&#x1;\������Ҟv��y(&#x7;��&#x17;&#x1;�/&#xF;&#x8;&#x7;&#x1A;_�&#x8;�z�&#x1E;\`��*2�\0
���v�t�F��-���&#x7;w&#x2;�&#x2;�L�mӀEl&lt;�&#x17;�z~ǦM���P��M`w@&#xF;P&#x11;��%��&#xB;�~��Ѹu6�ţ�u�2�r����g&#x4;h�&#x1C;�"&#x18;ݮ����爨z���&#x2;�̎&#xB;a0�Gq�#�x���K�&#x11;���Р�&#x11;�kc+B:ض�ζ��&#x16;�3&#x10;���z�q���&#x13;�.��ǣ	��f&#x2;Zz�&#x14;����X��) ~:&gt;��%�K~�&#x12;0��G�&#x1C;{�=��&#x1F;��P&#x6;�c)~�G�{�|�����������&#x8;6�E�R��.�_}�V�sT@�dj�6��&gt;=�[�~�D[�&#xC;E�%i�&#x8;��8Y�gv�)&#x1;׵�䭵�F�V�J&#x1E;\�&#x5;b&#x1;ݫt/.A+��z�(&#x4;&#x1A;&#x8;�G�n&#x6;P&#x1F;�-vnX�'&#x1C;�W�� ŋg�&#x17;��[y��{�4B�Z=�[\��������&#x15;6g&#xC;J��&#xB;-)��rw�����#��z�icy�&#x3;7�g&lt;y&#x4;��Q~La�C3r�Ԭ`��Uc6J&#xE;�&#x10;+�4n���&#x3;���&#x1C;	&#x10;�&#x11;N�&amp;�[&#x4;��cS�ܡ_&#x1D;��[
�&#x5;�P}LD��;��n�e_�΀�s&#xB;6&#x15;z��C�&#x15;U�+
��&#x1A;o�&amp;a�B��_t�&#x17;&#x18;˛&#x3;��&#xB;0&#x1D;Z�&#x1;h�B_�Θ��&#x1;p�1&#x1D;�L�l��ڰ��&#xB;�H��m�F�����&#x1B;xGOL�ߩ�5�-o���&#x12;�O�fF?��܊&#x1B;&#x1D;=���w	�2���։�ꛗ����&#x1;\��&#x17;�&#x2;��-����;�&#x15;&#x1;�W�\"��$t��\X&#x10;&#x17;&amp;I&#x1A;�%&amp;bJ&#x16;޹?r��\0��v�	&#x1C;�]ѝ�HR/;�w�H�|�8�n���0�C&lt;��1�^N�t\�=&#x19;���${4&amp;&#x11;�'�3��g�(�&#x2;�'�.\0��&lt;�KT,&#x15;b�3?`�˗��޹T�?6��S�]���)�_�&#x1B;a��Blmv���"��v�-�?w�кK��&amp;9�E�|��uarg;���&#x8;̾�l&#x17;r&#xB;Ď��\0!���C=�K���	�_��-�.)z�&#xB;KmSʛ����[�ϥP�&#x1F;�0�pZ&lt;'v���&#x2;��&amp;2&#x11;KT���l�&lt;�|�*;�m1���6c�0���e-�֡��l�[T�&#x12;6��C}s��B뛛j=Q�h�ҟ�w�e&#x14;�&#xB;��g%�2,���&#x7;�v��&#x11;v���&#x1A;����=�3����.��&#x1C;�BI�M�&#x2;Z�����&gt;��|��5eKՔ�v$G-5rR��*\0`E^ʝ�&#x17;^_~y���pE��Be"&#x4;_0wTH�P�,�&#x16;&#x18;=@j�&#x14;�Ho�2�&#x3;N�$��|����߯��m�ƞ��b����̆�&#x8;� ������kI���}뽹�F&#x4;��^��%�:�"�&#xB;莊&#x14;ʙ����BV&#x16;ʻ�F�BE�KE�\=��X��T��j&#x15;�&#x18;(�&#x7;�&#x11;\�R�l&#x17;�&#x8;&#x1B;�wbV�v��&#x2;ꎨ�P;&#x1;3&#x2;&#x1;�h&#x11;]\0�W�&#x10;�&#x1B;�h_�^��I!U�&#x1F;�&#x11;����hxȣ&#x12;���D{�Ϟ&#x2;�'��1�&#x8;��&#x5;�?&#x5;曨d�&#x7;�&gt;&#x16;[�&#x3;&#x1B;ڮ&#x11;�����&#x17;�aL�&amp;E��\0�&#x14;a���Nv�&#x10;�"0;��K&#x1E;Q8��,�&#xB;��
z�I�&#x1A;+R?9&#x16;-1D&#x14;\0�&lt;�@���*I�
���:w&#x1E;�&#x12;Ob�_���&#x16;��wv`�
e
�wҸ�&#x14;��O�/bQ�&#x14;������t�d�d
��Vm�[&#x1;�V��u�l3[&#x1D;�&#x15;岐�1�&#x4;��]&#x18;����q��SbX�]ߚ&#x1;��-�Z�f��&#x3;$�v&#x1;\0&#x5;K���g�b;�e�mY5�&#x12;	�&#x1D;Su\0\0�EIDAT;&#x3;�N0��&#x15;�x�v&#x14;�ڷ`�0ց6J&#x7;��\0�-&#x1E;���iIy9��lG�+oنp_��}�A�u�&lt;*V���&#x10;��9!��b��}3�/�JU�uO�&#x1B;&#x12;��Z�;��g�M���z��]'Biɼwk@&#x18;�Xg ���x�V�&#x6;s��&#xC;�c	�&#x11;�&#x1B;&#x19;�&gt;=��F��o�s��5B�&#x1;�a�zx�S&#x17;&#x7;],t��5��&#xE;�0����&#x6;��b���L��W�&#x17;W��m&#x15;�t����2&#x17;��^@t�ԺR���FQ&#x12;�&#x17;!�6#yz0&#x16;&#x3;��&#x18;�)a~z&#x12;��&#x15;�]&#x19;�&#xC;�D
��Ӿ���4�&lt;W
(�1�{�&#x1;�&#x7;��&#x2;�#r�G�S�R@?f�ғ&#x11;�5F�Z`v�Y�-&#xF;f&#x15;�&#x1E;&#x12;N{&#x1E;&#x1B;&#x10;�����&#x16;�&#xF;��u,@�g�&#xB;�q.�&#x3;&#x10;Y80(ӮSY������
C&#x1F;�(�-d��IB�/�b�2��&#x13;�&#x16;�J����&#x12;i&#x4;6&#x18;᷊`�����&#x2;��\0&#x14;8��s�&#x5;��.O�&#x16;�\0���&#xE;�7���B��P&#xE;�R�ei�9&#x1A;�&lt;��y��&#xF;Nn�;�&#x10;�ߴ�&amp;�)�\0f�;t�oň~�#�&#x19;ϸ��+����Ƿ����&#x4;m�\0�e+�2��O�{��'��m�9aU&#x13;H�u��&#x5;ȭ�M��֩Kc����&#x5;c��^3ö��k�&#xC;�w��߁�m�[S4&#x2;&#x10;m\0N&#x1B;\0-kK&#x5;�m󖀦�&#x7;&#x1C;_k���&amp;&#x10;���&#xB;&#x10;����m\0�r�v�]��]��^G��m&#x1A;5,͏&#x1;f&#x7;��&lt;0&#x7;��&#xE;�^�!�ך�.0�⼼u��u-�w&#xF;&#xF;���Դ&#x1E;x�^�6"8КQX��u;�y`�&lt;&#x2;`kɺ�}&#x7;&amp;��h=&amp;$���qa!o�뢍&#x1F;��,Zp@�х�&#x2;�W�#������,&#x1D;���6������R&#x13;�����t&#x3;0w�ۑ�Q&#x7;g�k&#x7;�ۓ�w�Cw�&#x16;K�~hyi&gt;=�I��H&#x8;͏�f���&#x15;y�	��91�9��
��kH��&#x1E;�D��b_2���[^�!&#x15;߇�j&#x1F;q|&lt;�&#x14;̏&#x15;��;&#x13;b�/�&#x15;fN�l/C�&#x1B;�}�⺾n�}ͨ�E�N/&#x1C;O&#xF;���M#�&#x6;З���D&#x18;`A*�&#x3;��&#x1;�����}���&#x5;b�W�\��&#x1B;�?f����3�c�(�Bʓ�Qd&#x13;������Lʟ�\k���/4������1&#xC;f�]�����N{���/�&#x1C;�)�f�݃�&#xF;��S�&#x6;&#x16;&#x16;�&#x1E;�&#x17;��'���}v��n�p★��b��E�\0�k{��[�����5!�kB�����&#xB;�S7mUߺukb�9&#x11;�*��kgغE��&#x17;&#x14;?M^u`Gr��@i�s�q����WV�G&#x5;'y]&#x1F;s�Zߣ��&#x18; 5���&#x4;nw&#x11;&#x10;�e�&#x8;�&#x10;��&#x1D;ە&#x1;E@���	l&#x1D;�&#x13;�&#x1B;kY�&#x16;�5m�к&#x2;�\0&lt;OW��~�����T�����&#x5;� TB��&gt;x���&#x3;˻wdl06�&#x8;&#x5;\0�&#x1E;&#x1B;��&#x16;�&#x15;���
a&#x15;�W�&lt;��V�.sy��m	�+�x)��y�^�w�\y���9}&#xE;�&#xF;�Y}.�(&#x4;6"ji�&#x12;�&amp;͸�5�&#x16;��ZpQn�E�&#x5;&#x17;��DX��CX�%��
J&#x11;Za��:���&#x16;�d
8��v.3�.�"˓&#x1F;m��D�րd�ǖ�&#x7;��u�Х��%ٗ�&#x13;�ѰR@?&#x2;Џ\0���+��&#x15;�̪f_����a�m8��q=l92���F9-�&#x1D;j"����b�)&#x3;hn_B��8&#x1C;�l�&lt;Ae�&#x1E;-3	&#x14;8�G��j;���&#xE;��0�궫h{&#x1E;&#x1B;=�oq��V?@8A&#x5;��D�ʕ/�H��l�%�+���e��ndR4P�s&#x1B;��7W��ߠ(���&lt;�es'[�D�$V��}�Ƿ���l��s�n&#x1D;�e��yb���T�-�&#x10;i&amp;!�&#x2;F��&#x1E;�l&#x11;��5d&#x11;y#����M�5���&#x1E;�&#x16;���ݛ���x�{n��?��&#xE;C0�&#x3;��J�mؾ�&#x1C;@4��6�&#xB;ӤQckԠ�g�7��&#x2;i#�&#x1F;Y&#x3;�&#xC;Wd��ִ�,&#x14;w��5!�5m��Qӆ��|&#xB;P&#x7;�w&#x1C;�%n�&#x5;�\0�)m���Ys.&lt;]P�hނ�&#xB;QG8��&#x11;���k�{&#x17;*��L��ղڵ�Y�&#x16;xKR��l�&#x8;�3������&gt;�=�&#x1B;tG=W���m�1�0ݓ�%&#x7;&#x17;p&#x14;�W&#x8;�2�:\0���	w[�8�&#x8;�&#x1B;�[�r֘&#xB;��.E2������s&#x15;Y�z�Mְn-k@�Q�j�_��5�Uך��k���J~c.&#x1E;��&#x10;6&amp;&#x1A;h��nB�մ���S&#x10;�x J��Xk4;���O(��:�&#x1E;n&#x17;���&#x12;$�ϋ�$&#x2;�w���&#x5;Un�ϥ���0�o�!s�&#x2;�C&#x1;��ڥ�.&#x1F;f�6�&#x7;&#x14;�&#x1E;��u&#x8;���"\&#x15;��0���(`&#x16;�r&gt;�&#x1A;9=��M����J&#x1F;&#xC;��'��&#x1E;\0�c��&#x8;:\�S��A��n&#x19;����-@�+�X&#x1E;�&#xE;�&#x2;��Y���v~p&#x14;��&lt;O�@��_s������`&#x2;���׹�b}򾜞^e�*)�3���i���&lt;Y-)yj��*���_?��&#x15;�}������=[2k�e�D[2R�&#x3;�eڀ���??Ύo�g�?;j�ܸ��[&gt;툖6���(��A1۵
A?
6��&#x1;&#x1E;�Z3��-�X�&#xB;��&#x1D;�&#x2;�Ƭ�a%��M���.�t�j&#x6;:(�!&#xE;ה����ka&#x2;h=�[��֮cujնZ5j&#x2;��&#x1E;(|�" &#xB;&lt;&#x2;q�ڥ��Q������=�7��1[��~&#x1F;k�r8&#x1;@_ry|�F�j&#x1F;[=�o�ڼ�z|��׶f�&#x1A;y�C&amp;`6&#x2;�z�."���C&#x1B;B�?��;���~�=�&#x19;&#x17;&#x18;=F\0��&#x6;��.8kհ��\0&#x1B;�&#x2;��&#x17;"�������y3��ָ&#xC;�&#xE;�:*%&#x10;pu��(@��y�7_&#x10;ׯ�yok�y��s��&#xF;�yߘ?�����B\�a#t�&#x1A;�Yhn�&#x1A;4C��~=&#xB;�b���?)�&#x1D;{�&#x3;lw&#x12;E!����]v17�P;��9���!iv&#xF;��=ZV���96`p&#x14;��&#x14;�ɟ��*&#x2;����?&#x8;ſ&#x18;�k&#x11;��%��Qa�&#x6;���f�Ⴒ=�&#x15;�]m]Z&#x17;��&#xC;�/hg=���&#x10;0�&#x1F;�cT��\0�G ��&#x1;��y�	�&#xE;�&#xE;�&#x2;�@��H4�|yx����B;	Q��&#x8;&#x15;�3߇����
�&#x1F;";$ &#xB;�ʟuTAL{�T�ޗ��c���l7��&#x2;�\0-&#xF;-p��A��&#x1E;]��i���[�x�L&#xB;#�Fµ}&#x7;B�vx���l�D����Υ�6&#x18;�u�&#xE;�m
�����hg���KfR&#x8;ie��W&#x1B;�&#x1A;�C�!@�N��V&#x1D;�XpH{棳�ґO�ܞU��XW�!m&#x10;|kذ�ըQ��켞\0)\0�&#x5;�͗�&#x16;V�^u�^��U�U&#x5;���@�&#x18;06�S��&#x1;{�Zx�:\0�/�&#x1E;��ׯ&#xB;�kW�F��_��w��Y��5(&#x3;Y�&#x6;u���u��xC�&#x1A;�Ԛ����&#x10;�&#x1A;4��۰��&#x5;��\0�!k]����������k֬bu�\0&#x6;~�&#x1E;ߨ�ޗ�&amp;\0�s&#x1A;\0��uj&#x13;�6��5�[#�n&#x13;�k}.b:6!Bh�7kK͠&#x15;`h��ٜ&#xB;d��*�&#x11;	&#x10;��nD��&#x1D;�%p�&#x15;�i&#x5;xZ�&#x19;u�=�-���Z&#x12;�4������E�.&#x17;�:&amp;@6�&#x1A;V�j�V��&#x1F;�Y�ꕭ^�&#x15;�]�2��ڥ�E-&gt;�&#x6;�h�y6�S��Ke"��ֆ�&amp;��?���]u&#x1E;W��_�s-����&#x6;ϯQ�&#xB;2&#x17;&gt;�V�����;&#x16;�\H�=&#xE;��%l��
�&#xF;f��Y�u&#x19;M��)���K�y \0&#x1C;&#x4;&#xB;k&#x10;&#x1A;]�&#x1D;�*wX�z&#x17;�O��&gt; W^}&#x1F;��&#x5;��}&lt;��1���)���|&#xF;o-@���oS����E~�!����V��9�O&#x11;�&#x17;�Ѷs�&#x5;&#x13;M��&#x11;~J������9��CD&#x6;sYC{�^�E&lt;�}��7&amp;�������&#x1;��/&#x11;&#x1F;�����͇�R�\��%��m&#x1D;o0&#x1F;}uT�&#x1D;��n&#x7;s��q�"W��D��&#x15;�$&#x1E;�)�i��S��+�&amp;�&#x16;?�&#x6;��&#x1;�v�	�K�&#x1B;���O	ŵZ����%�ۧ�����v��5�&#x8;&#x7;[��� �tE��&#x1D;b�!��!�̰�7&gt;�+�����Tk۾��F\���vp�&#x2;[�b.��d���6�+�k��&#x1A;P�N�O��h*&#x7;�21u&#x2;�qo����#�&#x3;�])��j���7�m5���&#x3;�z�5�F��\0&#x6;`p�&#x16; ����V�Au��_��&#x1B;����U&gt;��/9&#x1E;�
alm�(u�&#x3;�&#x1A;V�Ze�V�#\0�!@�\0�e]�]�#��U�:_�f��&#x4;N@ظ	�;&amp;���}ߣ��z�zOzz�&#x15;�&#x1E;�&#x1E;��&#xB;�?6�\&#x17;/&#x8;��&#x19;��F��aÆ�ݟ�X=�&#x1A;�bȹ&#x16;��E�F֬��&#xC;�&#x1B;\0چ&#x2;�M��8=FG��ڐǶmB?��4�P]&#x17;9��f����-��U��M�X����+�m&#x2;���&#x7;�Y|P&#x1F;r`.,\0�F���@W�ƍ�Y�65i�5����l@V&#x10;&#x13;v&#x14;+;�:-��*V��f�Z\\0��j�?��k׮i��p1mX�&#xB;T=ZV�&#x19;�hm��4���;&#x1F;��5����B�̤]C&#x17;�*�&#xF;7�&amp;P&#x4;&#x3;����C3�n��&#x1B;&#x6;�s&#x18;�&#xF;&#xF;�&#x18;`�K&gt;}&#x1B;0ߡ&#x8;v&#x7;0�&#x1;̷&#x1;�]B�?&#x2;3ϣ�|p~��6�g�.�c&#xB;�z�A��SC�ر!���_#J�b&#x2;&#x2;&#x6;&lt;�&#x6;�у���O�l��&#x10;&#x1C;&#x1C;DN���U�FI1&#x1F;I�Ss�0�&lt;0#&#x2;�%kg�B�t��*ߺ���S��&#x1F;"���Z&amp;���=Gu~&#x1F;-�=���X��Z���҄���&#x18;$tM&#x15;�ԓ�&#x12;!��x�Ӄ��&#x10;��\0v��&#x1E;�&#xF;o^n�X�6&#x1;��$t��&#x10;�&#xB;B�1�0�-!r&#x18;&#x2;&#x5;[&#x19;Q�}���F� �=R&#x1D;)�͝&gt;�n~�Վң^�x&#x6;@ieu���$�lD8Ռ��iE&#x19;ֺKs&#xB;G3y�D�]S({�Z�&#x3;s&#xB;��&#xE;ĺ- ծC�̕^`�[��U�&#x1B;�jX��ԯ
���1&gt;b�9�W}�&#x18;b�B&#x8;E�Lx�&#x1D;�e*�nҠ�5��B�P�&#x12;��)���&#x4;-�&#x1;����&gt;G&#x1;�&#x1;M\0�&#x8;�&#xE;���y޷&#xC;�&#x2;��������¡��s?6y�&#x1A;?&#x2;��,&#x10;ש����֭���K&#x13;�
�M�H�&#x1C;�&#x5;X_&#x13;���t&#x14;p&#x1D;�&#x5;j&#x1;Z�o�7�^��5jQ�&#xB;t&#x3;kۺ����&#x11;ٻ��&#xB;Cjy�&#x1D;��4&lt;��%��"��x\0��y�_YH�Ɩ���&#x6;��O�2�q��E b&#x1;�K]kÅ�Q�����_&#x17;%d�=��:xf�o\&#xC;Z��O_�&#x5;	�9&#x1B;0&#xF;G�w&amp;&#x17;��1&#xC;_���g�F~7�9�(�&lt; ��&#xF;"�&#x1D;�κ״R#��I�}�&#x4;ͮA���o&#x3;�ېLn�o�7�&#x2;���7iE�&#x6;�w8w����~F&#xE;}�}���&#x1B;�&#x6;���4?�9k���	]&#x18;�`�&#x3;����/�y�&#x2;��9���&#x12;r��n��㢨�v��&#x16;�&#x1F;�a�&#x1;�Ч䬏1�&#x18;6��s�ZW\0Y�e_-)e{}Ś�笭y�Ϋ���y�d՗&#x14;��&#xF;�/Bj9\0����𨝪t?�;+/��}���#�\0�~���C�&#x2;o1�}fx��]?��6/���C&#x1C;�P�-&#x1C;VV8*�I�Ixf��h#�1�rp�"�|f��&#x1C;��&#x2;��Buz!��&#x7;�̶��B/_8�Z�~�#*#�&#x1A;��e�����H�N\&#x10;"&#x3;&lt;0�`��+\0�r�T�3�K8/׺@lZ�4d&#x5;4&#x2;E}���&#x10;�&#x8;�&#x1B;4���&#x17;,�O{+)J�y��oY9��Xw�&#x12;N[�U��(�uh���{����8[&gt;k�]������҄�x&#xF;_o���&lt;�@�k��އL�ə;�&#x2;�.B�[Z�^(ڨ�(��
�g�&#x17;]�K��~��/��,��ƀ�&#x1;XGY�:&#x14;�ʙ��s�ks&#x1;��&lt;�\0�&lt;��)M�^�&#x3;kЬ&#x12;&#x17;�ZֱcuKM�hC&#x7;���aQv��j�ph���E�Os�
E&#x8;1�����o��&#x1;�&#x8;��&#x3;s��х�dT�e$2�&#x16;�&#x15;�t*�x]���n]�2��S˛��״����ҹ-�=&#x6;/�hI&#xE;d/�$$x&#x17;�v�M,Gۇ���� &#x6;��`J�׉u-W	���-e&#x2;�m&#xF;��e�N�[��&#x2;�Mr�&#x1B;T�o�;� ?��&#x7;�&#x1;�oq[^[&amp;��$ܾE��&lt;�y&#x1D;�&#x13;˱��ʛ e&#x1C;*�a�9-'�_z�&#x13;f��\0�KLWm��6��X&#x1B;!�,�le硓^�W�\0	����&#x15;�Y�X�Zkn&#x1E;ϥ2&#xE;=��5#���������|��&#x1C;�&#x3;@�\0��g&#x3;�&#x3;�}�&#x1E;��x�#}C� �&gt;IX}&#x15;6����q�g��&#xF;��&#x8;у���1�D��������&#x1B;&#x16;�64��&#x18;~��"�f��%kN:��Oav(��w,�OX�ً�&#x4;�:4���[za���&gt;�v5�YSG�&#x5;n灹-&#xC;1��-X&#x7;�	�9�&#xF;��=g�&#x8;���{s�&#x2;�C��3� &#x1;@`&#x10;P�6k�I�L\0ӹz�����A�|lM&#x11;J��E-�H[�d,�������6��@a&#x1A;�
�X������y�ʙ3~�]?�&#x1B;Q�&#xB;6c�`�J��&#x6;!w#�p�����z�� u^V&#x17;&#x15;_&#xF;�&#xB;lw[�������_&#x1C;&#x1A;&#x10;�����&#x1E;&#x12;Ekz�&#x2;�����
QK�T@N�*�������cS%Y��::/.o�Br]&#x8;&#x1A;��֨�&#x11;��&#x1A;�H&lt;��&#x16;&#x1D;��&#x6;&#x16;�\nZ��[���D�x�v�A�&#x6;&#x1E;��&#xE;�`�M�9*&#x10;�Az&#x17;[01�6�&#x5;�&gt;0�&amp;&#x15;�&#x7;��Y丑�z5hX� �&#x5;D&#x19;���+����ԇh�Fc�&#x1C;\0�M����ț�&#x15;��Ԝ��-lJP+[&#x1A;��6f���&#x5;�v��͈&#x10;:Γ�^AMC+_��o�&#x5;�C!~p�&amp;&#x15;蛀K��A1���D�F��&#x1A;��GP�&#x2;�7��
�7��:&#x1E;�:��Y��&#x1A;�����8��&#x1D;�av�a����&#x2;�E�&#x11;`�E��3z��zOH�e�FfS$�n�3u��|&#xF;0W&#x14;f�8�"�r��H&#x1F;�&#x1B;&#x1E;co֎����Z{�v������{��y��&#x1E;�&#x18;j_2e�&#x5;^���y�z~�&#x10;��h��&#x1D;F&#x1;z@��5vt&#x8;�W�Nn��.�(9��-`��&#x18;�o�&amp;����lI�C��&#xF;avkF&#x1F;Gi��&#x1;6��%�&#x16;����X[�W�&#x18;\0��WK[���&#x4;��4���vL�(g&#x16;��	��tdg�&#x7;f_��&#xB;&amp;�W&#xF;��s&#x4;�g�%�&#x13;=Gyb&#x7;(&#x7;&#xC;�G�Е�q�ڕ̿��֨n%�R�-&gt;�#^��-$�&#x19;
ŭ ���f�&amp;���ݻ@�lV��w&#xB;K�bC��mlI&#x16;&lt;�&#x1E;(|4���(�p������&#xF;��&gt;��{�{9@�oH�&#x1E;���v��&#x1F;�CV*g�VMrL��6��&#x4;�ʕ+{�&#x16;�&#x5;�5kzV�zMkP�V�&#xF;Xu�]�@.�,�
�.����t&#x8;�Q\0lB&#xB;�ޱn��(l�g%o/+a�.&#x1F;ϛ&#x10;��(��&#x8;+6��J&#x1E;޸�U��G_�&#x6;}�&#x6;�&#x18;��2��&#x1A;�рɫ:&#x16;�w�&#x17;T��]Zy��A1ҿ&#x1E;�&#x16;V&#x1A;i�&#x16;&#x7;�ԭj��Q(#?o��;�US��&#x1B;�M�4(������慵��q�lY&#x2;TOr�ML(�F��0;���&#x13;��K�b�
}�0Į�������&#x10;�&#x19;�P����9�&#x16;��&#x2;�k��:@���3_�Hv���&#x1C;&#x15;����ET��2Mu���&#x15;��/�Vߢ&#x15;�\0P�@+�4�$+�l�c&#x15;�F����Zxa�5@,��/�${(�oI&#x3;&#x3;�/X&#x6;Oc���ʑ�&#x10;RI��h1E���~�&lt;�&#x1E;�Fms�t���9�r�&#x4;��gW۷;��5��x����@�&#x1;��1�&#x19;��&#x17;P*=12���&#xB;��&#x12;l�&#x7;!��E�&#xB;�L��V�&#x1A;e&#x1B;&#x16;L�"z˽�E��I���&gt;;&#x13;b�]4�&gt;a���c�S^7�J
&#x13;,&#x2;&#xF;۩;�&#x1D;�:��9݊�z \�&#xC;��!\0��5��ӊ�i}��z\�3�fz9s&#x2;&#x3;��WͶ���Ѻ��#&#x7;xa���@!OV��oCZ��&#x3;�&#x7;f�m�^-&#x15;�~e&#x1D;�Ԣ�^�&#x2;	&#x3;�z�s����^ϫ��lN_�&#x1C;�kkF8Y`ׇ�a��{�&#x3;ɿ&#xE;yl��&#xB;EE޵�9�ہ؅�.�&#x17;`�s��J�&#xF;+\0ny �~e��\�\0��^:֠h��ew���&#x2;�o��Bnw��&#x16;��&#x17;��&#x5;f�S7&#x2;`ի���7�b҂�Y�����5�9��Gk(6��N�h�C���ܠ&#x19;�I
[����}@
&#x8;y���H�&#xC;���(ә�&#x14;&#x1E;ے�хɿ&#x1E;�y&#x3;�n��}u�&#x6;jSٯFq��&#x14;����Q�&#x8;�&#x1C;�&#xC;���9c&#x11;��I��,���K	@\/\0a�^���h&#x7; u�&#x1C;&#x10;K;&amp;�N&#x2;�s&#xC;b\d&#x5;��&#x2;&#x8;&amp;p�/A3�X&#x14;��F�]�&#x1F;m&#x17;`t]*�&#x12;J�Ja����P7�C&#x7;���׾B8~���&#xC;ϼ=?ض���&#x15;�|���:=$���&#x16;�&#xF;d�{.�h�]��u��&#x13;sR&#x3;�7�V&#xE;�LB�&#x2;�&#xC;o��z�,m&#x13;�&#x1F;`jA)�&#x16;��O&#x17;�9?��n2V��]S�o&#xE;ζ8��~}p�=ۆx��!vw&#x15;��=3���"�)��W&#x7;��?�Zi�&gt;&#x19;g/֍�[���/�W�t��Z²v&#x16;�_DR���&#x4;�U�۶�����e~�/&#x1C;�m+f[$!j&#x7;�u+&#x14;�����&#x4;�F��'���M��3��l�/�&#x1F;H&#xE;&#xC;50�-d��֏�,+�&#xB;��\0�*-|��0�j�q��&#xE;�= ���	㒽m�j��W&#x10;ֿxԦ�۷&#x7;K��c�pW�L������\0�&#x1E;��xԦ���%��@��};&#x18;f��?��A��7㱍��6 �nײ&gt;ޅ&#x1;�&#x3;h�u�&#x3;^�ר&#x2;�j����&#x14;�&#x5;z�S���&#xE;�.z��&#xB;W&#xC;f&#x15;��W�nU�����XiX-�-�5���G��BfW�&#x16;@�9&#xF;�b��}&#x1F;�&#x4;�V�Z��M(&#x4;6���	�ie5&#x6;t-�E7&#x15;&#x19;�6TC.P�(���2�AA�2m��M��2��&#x19;�@|�v�*&lt;N���Ԣ.�x͚����ף�ɅC�&#x1D;�%���Z�R�*�{�����Ꙃ
k_&#x8;4�(�ͦ[����'&#x14;����p&#x17;&#x1E;y&#x1F;@;
H��uϐ?�.��&#x16;�}V&#x14;m�rB�&#x1A;^�s��/&#x3;�&#xB;��v�\0%&#xE;�sRF�~���&#x4;��&#x10;ro��$�W&#x1A;z�A�H�&#xB;�Ο��ϡɵg(@� ��0�h��&#x1D;��|z(&#x1B;&#x1F;5.I[�&#xC;��R&amp;&#x4;�&amp;t��c�&#x1;&#x11;E4&#x6;0��zڌqO�bP*�1&#x4;!0��3���]F'&#x1F;&#x2;�/�\0f�K~�k����ŀ����%6��-��x{�������p���L��J�{x��&#x1B;��&#x13;B������w�&#x17;�&#x1F;&#xE;�C��]&#x17;�&#x17;��Z�����o��o���"����&#x15;WY�&#x1A;�&#x17;�	@j��&#x6;\0"#?�S&#x19;�A�8.���&gt;�֮]8`wX�&#x1A;C&gt;&#x1A;&#x1E;��ְ?v3�%��ͤ�=&#x6; Q���&#x2;fSM�t&#x8;�T\0k־�%�����7Z&gt;w~�F�&gt;&#x16;0&#x13;	�3&#xB;�&#xE; &#xE;�.�U��&#xF;�A-&#xE;y�&#xF;?�Ъѓ�G��&gt;޼._�J���9~D&#x8;[K�k5�C�Su&#x15;�V�����j�`U	7kS��S@�-v�v����E��&#xB;�:�K�4��&#x18;��xo&#x2;��j����&#x1;о&#x5;0yd�i]��yiwt`v&#x1E;�y��&#x17;;�&#xE;y��&#x3;W��{�J�M�&gt;�kU!b�}5S&#x1E;O8^G�7QQ嚕�JM�$�y�&#x1;���ք�SK
t��O�w��j&#x15;҃&#x1A;��&#x1B;`��T�F��4&#x5;0��Bڔ&#xB;D'��At=RI�&#x6;0M6���&gt;�l&#x5;�k6�&#x7;؎��7��sV&#x1F;o��(�&#x2;�3}c&#x10;͏�3x�c�p�]�&#xC;�o&#xC;"�f&#x1;�
\��h&#x1D;��&#x1F;�0&lt;D&#xB;��&#x3;\0�&#x8;��"\��G�	�OI&#xC;���&#x4;�&lt;@��$&#x3;&#x19;&#x7;�]��V���;&#x1F;&#x6;dZG�."� ��R���&#x1D;m�@^&#x1B;�_Ct�
��D�&#x1E;&#x12;��S+&#xC;@߇&#x1D;&amp;0�&#x7;�&#x2;�#*��&#x1;�ud{&#x1F;&#x12;Z��&#xB;�Ӈf�o�,�3���&#x1F;�l�ߟ^j�&#x10;n?�:�������	�ݾY&#x1E;��\0�_o�b�@&#x18;�&#x5;y��}�Ҿ;0�&#x1E;m&#x18;�N�1�9m����}H4�w��^[;w���&#x5;�&#x1D;&#x12;G;z�-�&amp;f�gX&#x1B;B�z�Y&#x1A;R�&#x17;�of�&#x2;mlB���H�$ٵ���&#x17;W�ؓ&#x1B;�l����٥`nJ��.��
`Iy)&#x10;H�Z
r�&#x1B;��ڱz�mZ8��O&#x1D;m&#x11;��^x��&#xB;���S��媄iU�&#x2;U�&#x1;ph�ԠRZ�q&#x13;�����׳�&#x14;[&gt;�����G��⁪�AFU�:_�f�1k׭����;�������&#x17;ЮU�&#x8;���&#x3;f}�K��5(&#x1A;���&#x1;Z��BTU�}[R��.ߚr@v-*�7���b�ե&#x10;U��{��&#x1F;��Տ�Ъ�&#x1D;����P�t�G�U �Բf��&#x1B;��6�&#x17;ݐ&#x2;d=���\0�Ĝ�\|&#x1A;}��5&#x15;{�~t&#x3;.&#x14;u�pQ�o�y��5�zż�6]&#x1D;H6�84��х�HHSt�&#x11;m&#x1C;Ȣ�Ilט˖��a]lk&#xC;�b|7&#x16;����&#x14;�&gt;�a�+@&gt;�W&#x16;���\ǣ\0�*^���x�5�&#x2;��\0�*�`�7��]&#x1A;Rj&#x17;F$x#���4�&amp;�3�L&#x1F;��&#x1F;&amp;��M����&#x1F;�w��&#x1B;{y͓T�O�K%��b��{�H\�&#xB;�	���{u�&#x10;�&#x16;E�k\&#xC;���v�Yc�w(v�AD�6��w	���dB
-�#��쳙��_&#x1E;��O/���x����&#x1B;��\]o���O싍��o?[a/wN�{n����\�&#xB;���=��Mg��T*�[��;2���&#x18;ޚ��_Q&#x19;�~�=�X���G�ہM�,&#x1A;M�.��%|�&#x1E;�X&#x16;�&#x1A;�v&#x14;����&#x1;���!5aT�&#x1C;���nnQ�&#xC;Z�V��&#xB;�ؖ��m��T�ɟ��jKk�&#x15;}��H&#x4;e&#x14;f�ծ��_�mݲ����&#x1C;�j'&#xE;�ԌD���\0�&#x16;aX��TC��b�^-�&#x4;�jx�*��j�cV�]T]�^�t�	��R�4�M&#x5;�+&#x3;�j"�p�^&#x3;�^�
_ުx󏬚�L|��mP
n^�}�&gt;_�R�)�.�SC1����vcR�&#x6;bwAƨN�P&#x1D;&#x6;��ⷷu����V���{9z&#xC;7n닯裞�RD&#x11;��&#x18;5&#x3;�b��u�&#x12;��&#xC;�7圯��3��{�y�;�&#x12;&#x10;��,Ҁn@��&#x1F;��W����(&#x6;6&#x11;Y��(�*����D&amp;i&#x4;Q�a�J���kz֞ԩ-&#x17;��DK]�з�=�&#x1C;&#xE;v#&#x18;f����&#x1;�
`�&#xF;ꉝ�kz�&#x1F;O}��&#x1A;���&#x4;�&#xC;��\0sHF�&amp;�ӫ���c����}�]�&#x13;���J�9;�.����L�ݗpy`"�&#x16;&#x1D;,��T�o�[�&#xE;2�jK]�;_�@r�
�纯�6a�A�ˀ�"&#x1E;�2�K���ʘ\�8:��T�&#x1D;�&#x13;�Ǽ�߷&#x16;-���s��d���0�&#x18;&#x1C;�c&#x14;���:�*�c�&lt;OBN���-�K^�h%;��R��ì�m�Co&#x2;⛨�j��&#x1D;&#x15;��&#x15;y�C����n���1vq&#x19;T�&#x3;����y�Ց9�&gt;?n8��~s|�=�&lt;&#x1;�.�׻gح&#x15;���a�����O,�{����H�~2&#x16;O=ʞ�W_ &gt;�N.�{�z|�&#x1C;�Zwۺ�&#xB;���Z�L����I����0۲|�͚&lt;�&amp;�}&#xB;h]鋑A!d1�|$K��E[_x�iK5c&amp;�5��VL&#x13;&#x5;�&#x4;&lt;��r�h	����u�Z[�~��\1ǖ.��`A/�I&#x8;֐��uimԆ R&#x3;�P&#x1D;&#x10;;�}�u�&#x7;�Jn�ж��c��&#x6;_���c�ˊI�|�&#x15;�������&#x18;���k,�&#x11; �Ɯ{_S~�\�	&#x1A;Z ���A-~�˃�������hC��&#x1F;��&amp;G2QĠ&#x14;�&#x1;@h��6���1�����cul��j����y�&#x1B;ul&#x5;w�!�q]}ލԖ�^ZV�/�fS���kە�ֽn&#x3;�H�6��*XBU�'����E�&#x11;��x��\�p�l�ϗs�{�B�&#x2;]�F�=4na=�x�"&#xB;��@W{:zrK��&#x12;���$t�Ì&#x1A;&#x1E;M�f��&#x3;&#x19;�d�����0�. �q��&#x1D;�%v�&#x11;��&#x10;G��&#x4;��"^��%�ӥ?�&lt;��o�K&lt;��&#x8;ZRC��&#x2;c���}�&#xB;�E��&#xE;&#x11;�/��d��Ϗ�&#x6;����O&#xB;��&#x14;��q&#x1;�̰��ᙶgx6�̰c\&#x14;�ӫ��$�%�䥯!`pM@F�D$��p�o`�)�]�\0�&#x19;m�'x��(�|����=��&#x1;�[&#x1B;��E�#�&#x1;��c�����p�&#xC;��:��&#x1E;_&#x1;�W��O-���#;|`&amp; F�s�,��&#x1;}����ˍ�&#x1A;Rls^or�k'����9o١��m��~(g\0D���4[&gt;{,�!&#xF;�&#x1C;&#x14;H&amp;�&#x1A;h�٩֊���X��6�|�&#x2;$@s�&#x13;���&#x19;n&#x17;�[�{w&#xB;�fi�)֊ޯ��&#x15;�ل�Y��W�f��g&#x16;�&#x1B;P`iֺ	�&#x19;�^��&#x1;XyV�m�&#x5;w�*&#x7;n&#x1;����r���1�TI�P�&#x11;1&#x1C;�k&#x13;R�9��@す/�����s�4��K��5`nB&#x14;$�&#x1D;�Xo�&#xE;�{�������&#xE;�^a��h&#x1D;�&#xE;ߋ��Y&#x10;a���{&#x17;H�{��&#x1C;&#x7;'!&#x17;&#x5;ϡ\� '�&#x8;�Ϻж�;��&#x1D;B&#x4;@`&gt;�z�U��/&#x1;�u�d�!�\)Ie�?�6%&#x4;�aZ���a�&#x1B;��,y�)B�Àvgq�m���&#x12;���������b.&#x1C;+��od��&#xE;z�{&#x18;�&lt;��m&#x4;&#xB;��/R\0��gVO�&#x6;`&#x16;�&#x5;�k�ۗ%Ӌ�V���]3���Y�W'V����Α�~{|�=�6�n�&#x1A;n�!~\���&#xF;1�]D&#x5;w׍�P���͕����m�o��wp&#x1; _j&#xF;�L$4�bO�O����.��۵i�ME�~)}�AC�,�(��v��&#x12;J�%��3w�݄��&#x2;:���,&#x1F;%�V�&gt;��Ԟ&#x8;�b�"цΆl&#x12;˾fz�&lt;�C�6&#x8;&#x14;4���&gt;&#x8;�&#x7;��BG&#x19;/�r�Rָδ��h&#x1B;;�u�\8��iʼsc&#xF;�&#x2;�?���@a `U�]�/�z��JU(|&#x11;�y�8 qUa�c����&#xC;u&#x1;}=���i�O&#x1E;��5�R�k�	�&#x15;b�d:�)&#x3;&#x1B;�&lt;�zu"
��X��;+&#x14;/�0��"��V��K��\#�&#x14;�t�&#x19;C&#x1F;:�ރޗ�z�ޗ{o���5#��)W�&lt;w��/�U+PMCT[&#x11;|�tSѲ&#x5;� ͡�=4 ����љ~�&gt;+Y&#x13;�g�x�&#x1D;���J�&#x1F;�pH&#x2;)Y&#x1E;j$�&#x18;&#x1F;&#x1D;߽��&#xC;jgKC�ێ�nx� ώ���|�O��7�^_�q�&#x5;dW��@�L�\0��T�&#xC;��
`�&#xC;c�2&#x4;��C&#x13;&#x8;�	�!�\&#x2;��&#x8;�w�.[����Ŵ��l�8�&#x1E;��&#x14;�&#xE;&#xE;���\0�2&#x15;aq�O@�&lt;MO�(y�Q�*�Q�:&#xC;��&#x12;ҟ�&#x12;z�&lt;�&#x1C;s͗\0�&#x15;��.����&#x1A;3��&#x19;��]cT�
�&gt;�0�&#x15;&#x4;&#x2;Ok���&#x11;�7x�m����O�������o�,���&#x1F;o�Dμ��Qܺ�n�]Y:�����+&#x17;���}�&#x10;�=�=�����.�7�y��7ڗ�&amp;�&#x15;���i]�M �`P&lt;	}�&#x8;���`_&#x17;��{��b7��&amp;O.�&#xB;�w�DDʇ�̷D6&#x11;�l^��s�lδAV̄���&#x3;ɱc�[ne��7�!���7�ぺ-m��0&#x4;�n�!:���1��_4����Z�{&#x2;��l�ֺ]�&#x1A;��D�\0��-�U�b^Z��&#x2;�
,��X+�-o���Ñ��&lt;8`�5��&#x1;�&#x1F;&#x19;_�&#x6;���	d�Ƽ&#x17;"�g^��g&#x6;s]\0�P&#x17;.~������;u�}�~��m�w�)&#x17;@���s��+���:'P�B�n��*P;&#xF;ݒ&#x16;U&#x17;��&#x19;�um.N�&#x1D;�\�B���&gt;����*�6�N�&#xB;Nk&amp;޺1�&#x1C;��K&#x2;�Мn�l@�v6�v�\�&gt;�Xƾ�&#x19;�ͨfq
��c��&#x14;��i&lt;�a
cg� �&#x19;&#x14;���Wa�"��+��*=�+&#x14;��&#xC;&amp;&lt;&#x1F;&#x14;C/:&#x6;�'C	x�ST��&#xE;K�5&#x10;_v!@�0�,��T�k
`�&#x1;�	*�GK�=�J��&#x14;���&#x8;�_&#x1C;�E��i��}&#x1A;&#xF;,�&#x1E;�&#x19;r��L2}&#x6;��&lt;v����K�ݗ	��AB�&#xC;&#xF;}���e����&#x1B;[��&#x13;�����b���&#x1E;&#xF;�wi�=�=�~{r�=�5��������gH�&gt;�4��&#x3;�c��:J!�ʊ&#x12;��&#x11;��Cs�'��3��]��&#x6;�&#x1;E�'$A&#x8;&#x8;��E���&#x16;p���&#x17;u�e�3P&#x1E;�&#x2;%2*���@���q��U�P���s
&#x12;C-�&#x16;ʶ��0kʬ�&#x13;��\0R�typM�2ݯJ�E޷
�&#xE;�&#x17;��Q��m�����#.o��2��:5���Bk&#x5;&#x1D;0�Q���Cs�J�J^e�O&#x1B;�*-��&#x14;���`m�e�5�x�&#x2;&#x1A;_Z����&#x12;0+�/o�}�&#x1D;*��ߥ��{[�E�����x&#x1D;��5T�L��ǽo&#x5;��Ɏ&#x14;�&#x6;J\��~��9,&#x14;)����x}����z��ޗ�S��&#x1F;��&gt;b�$��%�K&#x4;A�&lt;ߗ&#xE;����&#x5;ɧ���2a�&#x17;�����6*
&gt;?&#x1B;#W&#x15;'3�a����6��F&#x4;&#xC;�\0�c��$�&lt;�l�g�#�&#x3;ȪX_&#x4;ȗ\0�e��W�5&#x17;�i'�&amp;�|p:��ѧ�&#x11;�'�&gt;�w�K�Pʳ�&#x1E;�a&#x7;��ہ����o��%O?�`���)\8&#x12;��&#x10;&#x14;&gt;)�]&#x1F;�E���)
Z'�a�`���XZ[&#x1C;U&#x1;?&#x3;&#x1D;��&#x5;掯��&gt;�w?&#x7;Ut#t̥&#x19;�m��x�=&#xE;-3�"�=�ʞ�w�/&#x14;�~��&#x1A;{&#x5;a��]��^�`�vΰ�+�&#x1;�3ǋ&#x12;t|�e�=��)ZR��&#x12;Yp��\&#x1C;l�!��e�&#x1;
&amp;��&#x3;�'
����QQ}�8&#x11;og&#xF;o����&#x17;�&gt;gd�&gt;B��&#x13;�mު�&#x15;&#x16;&amp;�&#x8;�w&#x3;&#x8;��&#xC;g��M&#x18;M&#x11;��G��P�.&#x15;J��&#x15;�+��*��@[]&#x13;E&#x14;�&#x1C;��Q��͓]��c-&#x1E;W[�[��D&#x12;�_&#x13;B�0. �Z4��k|�c�r�q�{柂�&#xB;&#x7;��5����U��&#x5;&#x2;�_����C��z�/&#x1;s��[��;&#x1D;8u�EC�n&#xB;,&#x2;���U��9�&#x5;}&#x19;�ε&#x1;���1ݔ�;&#x10;&#xB;Ԯ&#x1D;��*��CCz����&#x3;p�J������ާ��*���&gt;����&#x1A;T�&#xF;�}��м*&#x15;��XmBo��&#xC;ȴ�U�&#x19;�O0l��ެ��&#x1B;�ۆfD���&#x4;��&#x1D;g�r&#x12;l"E��T��`&#x1B;Ш�&#x2;�w&#x10;���u\0;J��&#x4;��S&#x14;�.�/!�q&#x12;������RФF�f{&#x1A;}l�iw&#x11;��&#x14;�J	�ɑ�671̖нY�&#x11;��P&#x2;&#x1C;q��DJ&#x10;8\0���&#x2;�&#x2;�i��'���&#x14; �Ag�,$��|�,��gH�Lr��z&#xF;&#x1C;�m�W��Z�����&gt;��$�6�����z�&#x8;;����9�����m&#x10;I���u,X�&gt;&#x13;�&#x17;���f��O&amp;�띳�:��&#x7;�&amp;� &#x1B;G՝�x�&#x8;��ʏ�x�zQH��&amp;ĉE7�&#xB;�qb&#x14;���Wۦ�����O�&#x13;�XLj&#x14;����\A��O�~l��F(=���mѿj�8A]�g&#x1A;�ohe���'�@�%�*s^V�[\0v^�2��&#x5;���jW�xm&#x1D;���e��!�&#xC;��&#x7;&#x10;C�kנR]&gt;�.�ǖ�N}�&#x1F;�V&#xF;��|&#x1;e����)V�&#x5;/���T|&#x1;^U��&#x5;avE`��P/�cP�r/��&#x19;Q�x�e`�聣�����4���p�\0e��&#x15;
�Z�&#x1C;����+*�~�\0�H=��ݍ|vc�cG�0��T�g]�u&#x1A;�j��z��vX�z~��&gt;��&#x11;8��t�&#x12;\��h1V�rZ�Ys��#h��4e��&#x13;&#x14;�n��&#x6;F�f�Y���@!�1ּ�&#x18;+�ޒA&#x4;ٟHr&#x10;6&#x1C;�Ό&#x2;��6�����$[V�b��&#xC;̰m�D�&#x1A;�b[��&#x12;�_���v$��s{/&lt;�S��ێ�)��H�*&#x1F;Xg���+[&#x14;��΍l&#x19;�g�R,�&#xC;Y��%�@n|�*�&#x19;r�s���&#x8;�?C P!�E�W�&lt;�6���T�OQ ;&#xB;��&#x4;ǓT���&#x1;?�&#x16;�&#x11;B��(��@:x&#x5;\�9�]mqAO[�X�'&#x3;�J�f&#xC;!9�T��~�k�}�&#x12;&gt;7��g�m~�{�}ME�o?[O&#xB;k�]A��
��~�&#x14;&#x14;RiB����&#x17;�&#x18;&#x4;���e��u�����&#x2;�iD�&#x11;���g�TG&#x4;ڻ6�&#x11;�a.�M��ņ?v/�Cy�&#x1;��&#x6;�Bu(v�1���6yRy�%&#x11;��j���yj�\ax-���P&#xB;)ou�ֳޑ}&lt;����&#x1A;��؊�,O-@;&#xF;]�~�&#x4;&#xC;�\0����&#x1F;&#x11;��	㵪B�(ߊ��B��&#x2;XE`�)0��&#x1A;JI�j�)M᨟�V���&#x16;�����EO�ڢbz���Ǹn�&#x1B;
qa�ow��̅����g&#x1E;\0��=LA��ޗ{oz�Ō�ţ�&#x7;t&#x16;��޿�҉�T�kB2�&#x1;��F}x&#x2;�ZZc��4�&#x11;֐�k&#x1E;��!ݏ.1A֛���, L���&#x6;&#x1;)�&#x8;1&#x12;Fb*]���4ˤ����g�0,�Ȭ@&#x2;��64+�F��&gt;&#x1E;	���H&#xF;O�i&#x13;	�&#xB;�Z�t�&#xF;�1�5&#x1B;��&#x18;�c��dZ&#x4;��:|����o\�	��~�&#xE;&#x1B;���6����'șOR&#x4;;���)�i�:��_}�&#x5;�&#x17;	�/ӿ��^إ���9x�&lt;&lt;y�&#x1D;�CJ�Yv&#x2;`&#x1F;&#x13;�)�흘a���&#x8;�w�@�&#x3;��&#x6;F2��nZ�ƊMt�6BQ�M��&#x6;��+̔��;��y"��m��&amp;�YTH�V��u��&#x12;�B�1hH&#xE;"{�0e�Waf�m\:�v-�f{�T����d&#x18;�SGI�ֵA���gDY&#x4;d��P3ۢ��&#x8; ׇ&#x11;T&#x7;ͩ�L�Ԇ� ��T���55_��O��+�֔�\&#x13; W���\0➬��o�&#x10;&#x1E;8���Eh;�1Bw�_&#x1D;�&#xE;�&#xE;�"�&#x8;�?&#x2;�R&#x1C;&#x1;�l�K�si��TD�-ۮ,&#xC;���&#x1;�~G7�%�2.�����ծI�T���V�&#x15;�,�z���@�S�!��F�a�a&#x18;	m�"iC&lt;}�\0k&#x3;�&#x13;�D{�&#x11;%&#x4;�&#x1C;��bqy�&#x16;��&lt;q|�E�fc��˳ļ\&#x14;mr,)��fY����&#x2;y6��&amp;w6rD)l�̣�&#x16;&#x19;��r�Ԓ��*`�d&#x10;9u��x&#xB;���j�&#x12;Ve��*��&#x1A;@��&#x5;(6���&amp;\_&#x6;�7�%T&#x6;������8U���&#x1D;��)&#x12;Z�F�A&amp;)�\0F��u7�ҋ�&#x14;&#x5;���u&lt;1��O`�:G�`�&#x1D;&#x7;�'��&#x1E;g��&#x18;����?B�Z�&#xF;��wS��&#x6;=u&#x3;c��&#x19;�\&#x3;��d���T�W���L�K��E+����v�(�\�v؊�S�7���û��AT�&#xE;m�Ow���&#x17;�������{�m&#x16;21S�&amp;˵i0�f#&#x1E;�e�"����@��&#x1C;H��A&#xB;H v��`�G��갑�4��U��`�SXO��&#x12;�8�&#x1E;*&#x16;?&#x7;̕&#x8;&#x7;��&gt;�q����ܞY�M���L&#x5;�ҺC)�FED���E4��&#x7;]&#x14;���X&#x1;�]��;��s��&#x19;�������&amp;���V�&#xF;�v�Z�a���Ԇ���;�ԫ�6Y=��R&#x3;iJ'�&#x19;��6�ۣ"�9������I8&#x1D;O�&amp;��7��I`r�E3�&#x17;��a�y�&#x16;��a	��R&#x19;�ME�&amp;� &#x15;Ë&#x17;�e�bY$"��q�,��ibr�eR&#x17;JI��$�L�\&#x2;��&#x5;��Jt4�#KU�I-Ҁ&#xF;���Y`��6&#x18;��h(�3������E�	��-c���y�&#x1D;�����2��OFh~&#x4;�����&#x14;�&#x12;Ϙ�&gt;���	�Lt�$L�S2F,�:���Ʌx�";L&#xF;� �&#xF;ﾇ&#x10;]��I�݈"le&#x2;l=&#x14;չ�&#x5;-&#x1D;D����\MM-�6����}b�&#x1A;[����1=-�6�&#x8;��&#x19;|�&#x13;{W؝&#xB;{���=v��I8ՃY�RŦ&#xE;�d&#xB;�R�S,��(s��&#x1D;��&#x5;�&#x1E;&#x10;WW(%&#x16;V�Ն��##����w��2�&#xB;���&#x10;�zc
cXeB�j���Cۊ&lt;ser��&#x3;�\0������s�Y�R�&#x1C;�˃�=�u&#xB;�~vei�&gt;c�C���w�ӗ&#x10;����0[&#x5;̎&#x1;��P��@���G]\|�&#x1A;9�&lt;]&#x15;@-Q���kB��	ɤ&#x6;�fc��V��)�����	�
�G�&#x13;�&#x5;2r&#x1B;FE;&gt;?��h3� )�&#x7;�e&lt;ŰD�AQ&#x10;Kʋ�,��:��9&#x1E;}�xB�&#x4;t�� 3&#x5;���kt�%&#x10;�g\0���&#x1C;��L�$��%���P�i�&lt;Be&#x6;Gj�C�P�,� O�&#x1A;�lh�9�}��C�@&#x1B;��ʱE�H'�����6���&lt;��&#x5;�&#x17;&#xF;˰%��V��ډD�~�Ӈ�9&#x1F;�'}&#x4;�~���(�c�O�1v
&#x15;�3�r�&#x1D;W`g�Ou&#x1;\0�&#x7;�c&#x1F;�a��1̝&#x14;�v��ڧ�&#xC;w&#x1C;@�h&#x7;��M��6P��@&#xF;{-s�~��ʝ&gt;�؆��&#xF;e��I��&#x14;�&#x18;:gf9��^9��'|x}	E�&#xB;&#x12;,2��G�&#x1A;6�&#x10;�6��&amp;�g0�ؖ�B[�&#x19;�C&#x1E;P�]M�(��о!�[&#xF;M&#x1E;]Q&#x1B;J_&#x10;}�\&#x1E;]�&#x19;d&#x17;f�z�F��; &#x8;W�V�G&#x14;U&gt;`h�
&#x13;I�[ut��a&#x6;�&#x1C;R���~eB�JT\K&#x1;�������{_�-0�%~K�T�,^�#��&#x15;ݼ�jc�\0�r���d&#x12;n�WY��Ǫ\0&#x10;���XM�}&lt;s&#x15;����u��p�.�:�۪;�ب�Xa�Bn&#x1D;�[ק��/*�
�&#x2;�����K&amp;I&#x17;&#x1;Y&#x19;�ӫj�Pv�6_�&#xE;��u&#x11;��g�y沼Y&#x17;��V�&#x2;X�_Q������ޟ:&#x19;����V&#x3;}�ztH���;&#x4;��&#xB;��n&#x14;�z0~&#x1B;�拠���ב&#x16;�&#x17;aQ��wbwd�"YD&#x18;ei�󦲫J����¬PK�&#xE;���PKf�9�Jxhv���	e#i&#x12;�W����H���$K�Ha�p�ufl�&#x16;��ʕ? ϧ����&#x1;
�}&#x18;��b�a&amp;�AaV��&#x12;�硙V\03���SD&#x1E;^&#x4;�\6���0���&#x17;�&#x2;����^W|&#x3;��&amp;���J�f����m'��&#x1E;�����~&#x1;��|��R/~��ʽ&#x14;��&#x13;j�#��F&#x1F;{&#x7;Ŷ�T�w���&#x7;Sl&#x1B;�Y{&#x19;�&#x6;�l'&#xC;���N�Ű&#x4;�\0&#x5;͑�&#x7;Y6kV��Ajθ&#x7;��ٓG�A&#x6;#��&#x1E;m�g��~C��Gh7kȆ�y�g[&#x14;!K D&#x13;&#x15;'ꓻ���}�����&#x14;&#x2;鏌/��M&#x15;YM��y����4�DK�:��*��LNS	M����:&#x5;v%4�b&#x1F;Q�U�Y\0��c�2�mg��P��&#x2;�~0���&#x1C;����w�&#x7;&#x4;jca5��jL{�&gt;���\��T�&#xB;��B&#xC;/=�&#x16;&#x17;�҂&#x1C;`��!9���@i!�2&#x12;&lt;��Ye.&#x2;��5y&gt;s�5&#x18;f�&#xE;��&#xB;^9s@�AĢ��&#x7;h�?N�X�&gt;u\0�So�ׄ�&#x6;��c�&lt;��kI&#x1D;��j������2�&#xC; ��G�X"&#x4;��Q�
@೭	0�%Pq�&#x3;�&#x14;V�R&#x1;�"g^�&#x16;�&gt;*��[���Ls;Fh�1�בp�&#x1B;k��ģ&#x4;�H~$�f�M&#xF;��DP��FY&amp;.5�&#x12;	���c-��q�O��K���\0أ9��U�����$z{³�*g&#x10;�'�}���#)��&#xC;�j]���H��C\0�H�"�w��%�Zd�)�/5&#x1B;`���Yaّ��8�t��L"�BXi�F�@�J�����h�c0d$��q�'J��3l&#x16;m���J��5h|�c2k&#x3;�w&#x13;�w���&#x12;�&#x1F;�֗"Y_&#xF;�;�?��*�vF+w17�����"����*�K��\U�&amp;��IS'�z��ը&#x17;d���s�J���]�zv�]�@�e�:f�ì&#x5;&#x1A;[C���&#x1C;h]�W����F�:-�j\�˃�m�W�&#x10;�`�ؼ�&#x1A;_6yg&#xF;�mX��zhe��^�[&#x6;f&#x7;�?v��.&#x1F;���]�pDE&#x3;&#x13;���&#x11;�k&#x16;��/�6]4�%��&#x1A;��*��&#x11;��&#x1;_ܷ�^1�4�(�7T&#x6;�����&#x15;�(��c`&#x16;0&#x4;f�&#x1D;&#x4;j�[�&#x15;�eu$_�yyt]&#x14;\&#xB;���&#xB;bw�
����ݽ����&#x1A;&gt;`���Y&#x6;�e^�B0�ʮ�&#xF;.&#x8;��7�xԚ� � �&#x16;��9��u��a}X:&#x18;�&#x1A;b����&#x12;��BX�&#x10;FU;&#x1C;�E$&#x4;[d"ytr���/�9`'���ج�ӳ��x��ʟ�(�%&#x13;�g�[�1���z�~�s��uν^2`N%�Oc1DzA�e��΂�-�@�ǝ�\0��^g�kgc��*&#x14;�&amp;��K�!pÇ�&#xE;&#x1B;&#x5;Ae,m��&#x14;�&amp;&#xE;�AX�*;B�3&#x11;S�&#x3;�e1���Lgm���	��"�:�����@kl#K����&#x3;������;�#H�&#x17;ϵIhfw��&#x18;�vFB&#x1C;&lt;�ٮ^&lt;dgOl��N�D)d�E�&#x1;֞�U1ņ��]�9L���D*��&#x1A;Sͮ!�F9��K�,ʦ��dw&#x1B;ִ*�X��P����S����9`�&#x1;&#x18;���)�&#x15;6&#xB;�&#x12;Sp`&#x16;�%��s&#x2;����\`v���C&#xB;�2&#x1;WG&#x7;b&#x7;d=Vϫ&#x8;�&#x15;�S�ӑTG$�:ʃ�9�g�S`.?&#x19;'Ґ�	�&#x1E;ڒ�&#x1E;-:�B��-��ٺ"�ܛ�sHj�[0G#u$�:��k
�2�v�&#x5;BYWi�1̡�&#x5;�խ&#xB;@&lt;c���&#x2;�L��9Y"���	���������,%7�&#x3;�&#x3;�n&#xB;�2�&lt;��["��dvg�AI͂����q�d&#x1B;@&#x1F;���vp�4f&#x1B;R�&#x1F;L���#�?b}%��&#x19;&#xC;?|&#x18;&#xC;�у&#x11;&#x11;d�z&#x1A;&#x12;Gӱ���&#xB;ȥ&#x17;AFYJAl&#x5;��~�Z�&#x13;�p�Q}s�\0!�u�&#x17;B&#x2;ɷ&#xE;T&#x13;ů&#xE;��i�w�alq��&#x3;;�F{QJ���&#x8;&#x11;����1%V\�K��+aM&#x1A;��&#x16;&#x14;��pu/�X��۞�o�����&gt;a��)d5�c��&#x15;�&#x1B;��nO&#x18;VU=V��^���ެ"&#xF;��\0s�k�Y��W���&lt;�1I�@��XM̨&amp;Ϭ��7��וG�5ym�w9���=��cy�&#x8;�����c��][H&#x4;�&#xB;fU�U&#x1F;)&#xF;斝&#x19;��\0́ll&#xC;@� �Y&#x2;&#x7;^&#x1;�yg�ՁY&#x1E;X�&#x5;fy�N��Z��@��:��&#xB;����S�&#x13;&#xB;�&#x2;�~��Ε�&#xF;���`&#x16;p�	�ـU��%� K����&#x17;��&#xB;�&#xE;L����ַ&#x16;��'�&#x1F;�&#x1C;F1���9X&gt;�F&#x5;&#xC;�&#x14;AM��&#x1C;v�&#x14;&#x6;&#x12;�&#xF;��:��p&#x18;n�&#x10;d&#x18;G�&gt;�Q̩���`�k&#xE;3�~3���&#x12;f�'�&#x1C;H�&#x1D;�5UDH&#x4;E&#x4;�&#x12;�u'�&#x5;/&lt;���w�ga�k�&#x4;a����F��у�#�&#xC;����5D&#x2;�1yTQ���&lt;�=sfO�&#xB;0��)0Wm°&#x1;�Y�x�Ք��&#x19;~�g�K��5��u�&#xF;�W�X\0Vh݈!&#x11;i�}��&#x13;�0۷ &amp;��b���&#xB;^��&#x1D;�.�ې�U"��&gt;v�	f�Rs&lt;~yf&#x17;f���jY�݉"T�X�d*�
��R��@���&#x3;&#xB;��&#x1B;���&#x2;����	��,D�Cخ��Ӻ�9����e\0v�Y@v�]��P[��&#x1;[@&#x16;��=�C'��d&lt;p*����g�K��A9�_�m&#x5;&#x3;��&#x10;P&#x17;&#xC;ȴ,�e��cf&#x3;�&#x1C;TS�&#x18;�ȥ&#x5;�G�]����:`H��,&#x3;K&#x5;���H&#xF;&#xF;&#x6;��y�h
m~%&#x19;q6�0��&#xF;g�+Wَh�u&#xC;�,2j����#��D�)&#x1D;@���^5s���ʹa�,&#x1B;�s�"�&#x16;&#x15;�`��iT�ѶZ��\EڵH\��wV��G&#x8;)�\�t�����LE&#x18;&#xF;��&#x14;��+̮�&#x12;w��m��&#x16;�S`�&#x8;�ZSR$�Ȕg�rN	&#x14;8�&#x1E;_��/ə�&#x2;�&lt;���iT�&#xC;���&#x2;��&#x12;����&#x1D;&#x15;�-�2�+P�c&#x4;�P&#xF;A&#x8;�
���Y!#&#x10;:/�[�v@v!tE�2��x�+��^!���U��Y�j��TнTG�U�y���(Щ\0�&#x1B;f�&#x1D;%�7_柪�&#x19;��^o���tm�k����^ǠN�=�&#x16;Uz&#x18;�6�c�&#x17;�.O&#x16;�&#x1C;8}&#x1;-&#x10;��W��&lt;���&#x2;����&#x2;riXM!��?��&#x11;&#x1E;�e.w~&#xB;`&#x7;d�)X2yt&#x2;&#x1D;�th�)x�T�봢&#x14;�A�9&#x17;&#xF;]\0�&#xB;&#x7;&#xB;�i�N�"��a�~�2�&#x1F;^�/\�b�g��i6�a�b�&#x17;P&lt;�&#x15;�b&#x1E;�&#x17;P�g&#x18;d\0|t�l
	Ñ�&#x1D;3��uGB�&#x1B;��@r��^�,&lt;�����|�(۲l�M�I�PhHf{Ā�d�6e&#x4;�&#x16;x�hZZ0�&#x1A;��
�p�f]�ñ�~B&#x6;Q�Z}�2�6��ؾ�"�/�U\0�ь�C��V&#x14;I&lt;�6�W��.\0|T�/^eZOe`�w�s�Y&#x5;0��&#x15;���.&#x17;&#x18;)�&#x8;�:���&#x12;0�b����&#xE;��&#x19;�w5}�5)\0*��	�&#x2;P@��}}���&#x1;���
b&#x2;�����R&#x1D;��k&#x11;�T&#x3;�u&#x5;�ʴ���W����KU�U\0fW��QmJ&#x15;��37��ݚ�&#x17;�q.&#xE;0�pۅ�/&#x10;&#xB;�&#x2;���&#x3;�/��mw��c&#x13;2ȃ�&#x13;̩L&#x16;��3�n�&#x12;rgq̠��^D譂&#x19;���.�ؗs��ں����؏&#xB;�n&#xF;"&#x1C;�n@�!��wh&#xE;�m*��x�"&lt;��/5���&#x1A;�oC��ùF¶;��&#x5;&#x16;&#x1C;���3PZX8�N&#x1D;]c�Om�&#x15;�G��1�VL	^/&gt;`@�u��&#x1F;�=N�8&#x1A;0-�&#x6;'~"�����j;y���^���P+&#x2;��_Z�Z��5U�6F���׶m�����r���.0&#xB;ȿB&#x7;�c�O&#x1E;3M�	����\�فٍ2:�*�&#x16;��uY&#x11;���޽\0�)2&#x7;f�p��v�z��¶�;rf��t���&#x17;޶&#x12;&#x17;��=:x���K����?&#x3;̎�&amp;0k�N`n�&#x1E;k&#x7;f&#x15;�~�g&#x16; &#x5;T&#x7;`����&#x2;��켮@+o�&lt;�&#x3;��&#x18;���`N�E���xY6B��&#x14;�
���;,�;��&lt;��9�{��ŋ&#x8;ы��E0��&#x12;��Ǔ�%L/.&#x2;���O��O�6޼&#x8;BW1޽/c��x�"��E8Z�&#x4;�Jp��&#x3;ҭ3��.&#x14;	:�"�&gt;^?J�VO�[&#x17;�8��|�D&#x1B;3��F�* !φ�&#x1A;o}B:Y&#x1C;�KM��2�gT��?Ǒ?�&#x15;������2&#x2;�/�E�P1���&#x5;Ԗ��mF�&#xB;�̯F�\����\0�jv&#x15;��^?�&#x1D;!���&#x2;��l&#x11;�L&#x1B;F���i��\0��\0�kM�o�m��U�@�B��\��u�&#x4;��V���\0�&#x2;��cJ&#x7;d(8�&#x2;J&#x1;��̚��&lt;�VԼG���l.o.&#x15;�@��E�ʛU\0S��&#x1;A�_
f��|�-��&#x6;z&#x1E;څӮ�-��ze��x"�����i&#xC;sdњ�e&#xB;G.b�&#x19;��&#x6;:�}��0��P&#x1;�D�;�&#x11;�&#x1C;�&amp;y�_�&#xF;eUV�W�1�*x&gt;�ԅ�������8KŸȋ(L&#x17;��V�&#x8;��&#x18;8��&#x10;�&#x1F;2"�z���3̯�=Z�&#x1E;�&#x1F;z�T;b#�����c[m�1���	&#x2;�
f�&#x19;���{V�5m!kiw1�&amp;�Q&#x19;ID�v"}��%p{^Y�I&#x15;��E����&#x15;�&#x1A;�k&#x10;��&#x4;̕y��A5�������p�c��1��U&#x8;s�V\0����xc�'�m���6�.%n�zgyMG
y&#xF;Z�i�[&#x4;f
@Ui�x�uޓ��L�S����z�,&#x11;�&#x1F;�*�
��תʹ�&#x1C;�����&gt;�R�&#x7;�s��&#x5;�?b`��y+��*ob���R�N)a�Y-�յ&#x19;���=���^ߟ&#x1D;��ũ��ϔ\�J��?�/Sq��I��?�^�4g�^fo��&#xB;8ﯶ�kF�y#���=ZSm&#x11;�k��B��G�s��`/�&#x1D;sQ���(���~lZi�,0Fz��&#xF;MKK�i�cՆ&#x2;��y&#x7;�o�@D��*N#HQ���уyjyo�F&#x1C;�%���`N�5�&#x3;�\0 �Sw�B&#x3;|&#x8;�U��&#xF;��&#x12;	�&#x1;x!4Q&#x4;���Ag&#x3;�&#x1C;8�9H$堈���p&amp;�&gt;u&amp;��&#x6;�����P\&amp;�&#x15;0$RD�Z`.�P�7�Jڒ�����\�v,(�&#x1B;޶��g�"��&#x5;G;�&#x6;����&#x15;!&#x16;b��Q�-&#x6;Ց~�ҩ��Z&lt;c��iq���\0�&#x8;�&#x6;%4y�:&#x12;�am�&#x7;���alq�&#x3;=�*2��&#x11;֯&#xB;���֗�J�2���&#x7;��E����wc�]&#xB;&#xE;�����Zm����&lt;O,��&#x14;_&#x4;Ҋ�P&#x2;�O��`%�iū�C�[&#x14;��Vl.&#x1;��,���&#xF;\0���7b	�Eٔx��A���&#x2;3�}^�]&#x1C;&lt;�&#x2;&#x1F;��+��$�Tzq &#x12;�b�(��#�n\R��&#x1A;&#x1A;�&#x4;�U�����RZ,ь�x.О&#xE;6&#x17;B&gt;��|��폜�d��)z�o_��TCL�:-�&#x1;���}�n&lt;�L�P�[�Q�7Mqi&#x10;��G&#x1C;A�SZr��iO!�C/zͽ�Y/8��\0�O|��&amp;ӊ�@&#x12;�Rj&#x11;�=�|8�p$�t?
.u&#xC;�β�2��8�&#x1C;��A$���)&#x16;NdY&#x3;�އ��� &#x14;���Q-�.��R"�.&#x6;������MavZ��K(�G(�e&#x12;"��\0%`,@\0!&#x17;&#x11;&#x5;�·��&#x1F;y�L��/2��չ\0X��|Q��\05&amp;&#xF;�k&#x5;���&#x1;�����#6X0\00����9#-51&#x18;�lt����&#x8;Z7��ѱ����I[ {&#x4;w�&gt;&#x17;�kϰ��׃Kr�&#x1A;�U�jxɠ~(m&#x6;B�a&#x1D;&#x19;�&#xB;��i�º[&#x17;�q��EC���������l&#x1;&#x10;�C&#x10;&#x16;&#x8;dA]Xl44� 4º�q�9��Fh��&#xF;V���|�Z��&#xB;;&#x1D;+���,��]�A]�ٱ����p��=�����
�Z&#x6;'0�s&#x1E;&#x1F;����&#x1;���&#x8;N�Skp�[EJ��b&#x3;Nd@�h&#x18;���O��R޴�ַ��d�ݪ&#x1D;&#x1D;�A&#x17;���SER�&gt;=0K�&#x17;�Z��&#x18;�&#x19;۰�]�J��;3�+0�2-&#x15;Ț�P�&#x1A;��E8���&#x16;F�J&amp;0G&#x2;&gt;&#x7;��G&#x1;ٝ&#xB;��&#x5;�����ja�&#x12;َ��^��R�L��&#xB;C&#x1C;B&#x5;�&#xC;r���&#x2;�&#x1C;�3XNX&#x11;�3&#x11;��&#x6;�:��&#x4;R�p
��:�g:�ǰ�&#x7;^�,s���1��qq�&lt;�q�Y�d�(۱e&#x11;���T���!r5�B&#x1D;Ч��k*&#x19;e����ۘI����0Trm���F�Z_B�&#x2;&#x4;
��&#x18;`�����&#x1C;�&#x16;O&#x18;A�&#xE;��&#x6;�&#xB;`��&#x14;�s�&#x1C;%��E�q�ě�d%�ة?.�r
r-*.&#x6;b{&#x13;�\
�����(�]+j?U&#x4;fy�&#x1F;��K��t&#xE;̪8�&#x12;0�&#xB;-I_}y&#x5;��?&amp;�E��}�=�5`~��&#x1F;&#x7;�&#x3;�&#x1F;�q��9a��J��_����&#x2;�&gt;�\0ܑ-&amp;��1�&#x18;�t7���­�Q��K��5��&#x7;�&#x10;B��l&#x13;�&#x14;U&#x18;�v�uG&#x1;��Y^9��9��Mu/�cy!&#x17;����~U�&#x3;�\�&#xB;�c��`}�&#x1;�
�&#x15;��d9 W&#x4;�,��Y��K���`F6�,�&#x8;��	��ȥ��S��|�[��&#x16;�&#x5;hyjy�,O^���y��A�a�|&#x12;�t��ي�,�&#xB;���&#xF;�d#d76A��M;�Z6�dCY&#x1;;c�`�?{�-�?�Ǝ(��s'٤)��&#x7;&amp;��&#x19;�m&#x1A;&#xB;�'��y&amp;�`&#x17;,�fs���h&#x1B;���	��O&#x1E;j#�&#xC;@$0�$?��?���&#x4;6e�+&#x3;�\0�&#x10;�4�.&#x5;��A鼱&lt;���&#x15;�������Ҵ����&#x2;�&#x3;̒�&#x15;x&#x5;�J��	�&lt;R�&#x2;u���îH,�"}m��m�t+q*&#x2;���&#x1A;kt
�ޞ�_\0�&lt;�&lt;�&#x16;�w�L�&#x19;@k�[&gt;����9&lt;s\0�t&#x2;sp&#x2;&#x11;&#x1E;#�&#x2;s(ao(l0_{_0�Q�W&#x16;��{@��.�&#x2;&#x17;�*�#&#x1F;s���ڇ��u(���&#x1D;�ש�3S��r��&#x3;q&#x16;&#x15;��9����&#x15;8&#x5;�xdr�Bv\b�j4t̡P3G��&#x1E;�捾&#x14;\0��k&#x1;���t!�������y኎~[�Ϸ#�6�dv?&#x5;&#x10;^k�[Dr"*&#x1E;b��R&#x10;�h&#x13;����3F�d�٨�&#x5;T���5�m�҉6mb��b��ySm��)6&#xB;\0/]6�&#x16;-f�&#x14;��W��^�d��&#x3;��)�M�1�f&#x1;��&#x8;&#x5;&#x16;&#x14;$و�,l/ɷ,��4�bWu��&#x1E;�&#x15;rs�,&#x3;��Q�u&#x3;&#x7;�]S&#x11;���K�&#x11;&#x5;f�X�#G�x�&#xB;V��g��&#x2;�&#xB;)&#x5;fy,��&#x17;]�N&#x5;b��s��	���U&#x4;f�&#xB;�&#x1D;^��BlE&#x1E;�&#x4;���ʛ�B���g���� K����&#x1B;fwg&#x1E;@`&#xE;"_�B�/&#x4;s&#x2;j%&#x2;�\0-�܇&#x1A;P�&#x6;�&gt;��v&#x4;��&#x16;�5�F�4'ʹV:�&#x8;�4
[&#x2;�/��&#x5;�Bf��XK[P&#x10;B{)��&#x1E;���P��~9&#x1C;��!�&#x13;�3�����&#x18;�,Bk�b��&#xC;I��
P&#x18;}&#x1B;f�:��&#xE;�"�q�r&amp;�&#x18;=�����t&#xB;�&#x11;o5�B"�&#x8;�&#xB;�u&#xE;�J&#x13;�"g�M@6e�6&#x7;��q#sm��6y�H�:Cm����IJ�y'��	�igM�)�&#x6;��ʳI&#x13;�q��.�&#x5;&#x14;݆�b�K3}&#x8;&#x14;�8�`
P�Pa�&#x16;W�ڬ���ǐ0&#x10;5&#x10; �|�S.ѹ�c�e�D�31����T]&#x5;VG��&amp;~$�WN������ڧ[��/�G&#x1F;)/-��ذ!B��Y��}�u��.�O'��9h&#x1F;1A&#x17;�:��t�t_��ʈ�}\����&#x12;�P}�6ͼ�d���&#x8;��3�o���⻶x���z��R4m��~kD��7�6��-&#x12;V�B:[&#x10;�&amp;ye��љp�+&#x8;���V�-/��ف�&#x1;W��\0&amp;@��Y�ݖ��e�&#x16;Tљ����ڰS�wx����^��&#x19;��̾G&#x1;:���@.K#,�c�lVn&#x10;��Z�&#x14;�yb�&#x10;6b�;�8&#x8;&#x1A;f&amp;��Y��ʝ�U$s`�&#xB;uS�&#x7;&#xC;��	aK֏&#x15;9&#x2;����م�~&#x7;Q&#xB;9�s�mݼ̺!TߜU2]zu��&#x18;&#x8;�&#x8;�&#x5;R���X̓�&#x18;�&#x1E;76ۦ3��xN��B�d"�G[&gt;�k&#xB;&#x8;��͟l�f&#xC;����&#xC;��t�&#x18;ۺa��Y&gt;ٖ@8Y8o�͛1�fN&#x1E;H�&gt;�&amp;��k��&#x1;�|�D&#x1B;
�m��&#x14;A�r�ϯK�T�&#x1F;+ɫ�����Z�.�[e"�h9����&#x12;�zʗ&#x1D;�R&#x1E;�B��

`�&#x2;�#�8�@,����Z�c�&#x12;0{[1�U�l���l.�T�Wo&#x17;��%�&#xE;�^��_&#x18;�}S&#x6;�&#x3;�&#x19;�T&#x1;L`V&#x1;�c���PD&#xF;d�&#x1C;��gV5�m&#x15;���]&#x1E;�&#x2;����&#x16;J�ם��V���T��~��[�ӂ�&lt;t&#x12;&#x15;�T*֎�)0�k����{&#x14;�}-&#x17;��&#x1E;�7g"���ϴ�rԖ���O5[G��*&#xB;�U�Rx- ���&#x2;��&#x10;��L ���o=�ͳ��"�@{�-�Hr&#x7;U�;��'&#x5;&#x11;�&#xC;zp�T&#x12;��leq	&#x1;&#x16;&#x1A;�*��n6t`�͝�w��Ϧ!q�j�&#x4;��a�&#x2;&#xE;��x��,�&#x1E;�|�X�&amp;�f&#xC;�y�&#x1;���6{�\0[0k&#x8;^}�&#x1D;۷�n^�e&#xF;o&#x1F;�o^~n��ﷳg�[6��-�3V�?Y[�&#xF;�&#xB;F P&amp;�&#x12;&#x15;�&#x1C;�]&#x1E;-&#x10;���&#xF;�&#x1B;̕�&#x1A;:꥛7��`v+Y��J�u�l�&#x16;��G�P�O&#x3;�b�����|��t΅�NuS�Z^Y�+���_*��~�Y�	"����b��?[Q��#�&#x1;@+���&#x2;�@����a���&#x13;zc�~d!�T���h�C&#x12;��.3�8�6T&#x4;�&amp;y�pz�.o���&#x16;�&#x5;��j�3�A&#xC;�kS��
7TQ&#x1E;���&#x2;�&#xB;�U��&#x16;}&#x13;�G&amp;�l:��&#x2;ZY�Cd���sN��L��U�&#x1D;�]�J�3X��s3yn&#x16;"�ټ���mZ4�V�&#x1A;d��C���2V&#x4;�zԈ"�˄&#x2;pI��&#x7;�0�ߟY˒h&#x1B;������QE&#x18;ň�8B�!�ʆ�]��H&#x19;GX0���&#x10;r��($LE&#x1E;e&#x12;R)c�&#x7;d��L�?��V��n霁�f�&#x18;��:�ycm��!��I{�ϵ놌k\0J�&#x1D;��c�X4&amp;&gt;r��ͬ!�Du�y��}=sU����Z��K���+0��Ӯ��r�?�U7&#x15;�پ v���u����H�vB���*p�K&#x4;��89&#x1;A�ٍ�2p&#x1;�&#x1B;�&#x6;�q+��a�-[.Z�Jl׻�uB��&#x1B;�&#x1;="�b�L}, ��ɺG��]�gTWS�I9�&lt;�@-@�( �(0+���&#x1C;&#xC;�C\0r(�&#x12;h�l�&#x10;�}M��&#x2;����;&#xF;����&#x1A;�LA}$&#x19;o�&#x8;�+�|[��)�h$�m&#x18;^��	0}��ۦ�y&#x7;v�X�́
��Z&#x1E;�Ga�&#x1A;��f�L��h&#x10;���=&#x11;���Q�6�&lt;w2ҡ��&#xC;�9�&#x6;Λ;���/�y3�&#x8;�����E�z�@F!�&#x8;��l&#x6;`�3s���O)��:{"���&#x1;6��/��ϻ?&#xB;ń9�&#x13;Nc��&#x1C;&#x14;&#x13;&amp;�28���84�'��&#x1E;9��� &#xE;��D�`zARpE,��
�55䦠|&#xB;\�&#xB;�j&#x14;�\?�&#x1B;&#x4;��}�|�&#x14;�?m�+�v u�)�ֵ&lt;�)�}�dW\0�R�3�gʕ%�P&#x1A;����ϩXt�}��_�?�3&#xB;��R&#x1;o��&#xB;���?�PvI�k¶�f&#x8;Q�d&#x1E;�&#x5;��p��"s�&#x1A;�w��ށ�zX�2kֹ�5��ȳ&#x16;]&#x1B;[�nM�e&#x17;&#x6;r��&#x7;wG��gk&#x18;e&#xC;p��&#x12;���p�&#xB;m�nT�;�im]Q��&#x16;��&#x2;��&#x6;B&#x8;�Yd�&#xB;&#x1D;�@.&#xC;}��YpTwς"	��Y&#x1F;���!�80� :�&#xC;C+&#x1A;`���C�y���%&#x14;Au&lt;&#x12;	�&#x8;.&#x16;&#x11;�D&#x7;�����	��@#�,9��-;�R�8�FN]jTթ�����1yjg~�X�1��wӆ�ڸ�a6�8&#x8;9�&#x10;�62�&#x16;MM���Q&#x1D;��`��%��Y�6wb������C�ʑ��zV.���&#x16;�&#x14;8&#x1B;e��C�?&#x19;��ɨ8�T%�&#x14;Vo��ׇ�&#xC;��&#x3;�m,�8&amp;&#xC;��I�Cm��&#x10;�T&#x12;h&#x13;&#x7;��D�7a�4�#�}&#x1B;����D���:4/�n��Z�&#x15;�+�\W �羄�"�e�Q/˄�j�
��sOlO����&#x11;r�v��=���?\\0*��+�hQ�9�􋮋M�ֵ/���U��
���%�&#x3;��E���&#xC;`(��t� |h��G��?���&#xB;&#x1F;O$$Vݏ�&#x13;&lt;���Z�P@a�5A;�&#x19;����;S��&#x1E;��z�9&#x17;B�+&#x18;&#xB;���F�7^9(&#x6;`a:�);�d8�'^�'��'\0������\0���&#x11;xr�$�`�U&#x10;#�ᴷ"��&#xE;�B&#x1E;&#x14;G&#x1F;&#x1B;�� 6^�q�H�Ik����tEt�;����V�$���&lt;2^�#x&#x15;����úX{�C�S��&#x10;D&#x16;�5��1�8$&#x1E;�#^K�&#x1D;�@5&gt;�^y2���"&#x13;��&#x18;o�Lwx�&#x1;��.�_w�7�	+=&#x6;G��F&#xB;k�
���L��ús�q�u�[0&gt;&#x19;�&#x2;4�F���&#x11;&#x11;�����%=P&#x17;dU��H�?!&#x4;%��6ol�-�&#x14;j&#xB;'�&#x2;�D�0�U�[���	�\&#xC;"ljI�M�&#x4;�IC\0�&#x10;��&#x5;a�&#x18;6
�&#x4;3&#x3;��F&#x14;��&#x18;hS�G��Q�6�$��&#x15;u���{�x�KK"�(&#xE;��^��&amp;�+�Gѱ����$�0�, ����jcU������nG���&#xB;��*&amp;�TT�u@v!tE�)&#x5;3�8&#x17;"E+u�)�b�Y���I%�V֪&#x6;?�*�v�����������D}j�WYӦ�ҌѶF��=�&#x1;�&#x5;�\0&#xB;F�&amp;8����{&#x1D;&#x5;�biK�Q�R^[ޔ�����.�U��+&amp;���p!{�t�e�(&#x7;�c&#x12;I�4;&lt;p&#x18;�c$�&#xB;&#x8;mE�(��Q,:�f��8g���1�ؗ�2&#x5;m�&#x10;�&#x1D;�&#x12;I"�Bq���ͥE+Wy�m�Ʈ�Uz&#x1F;�&amp;E�&#x2;�e�P&#x2;/;W�&#x18;&#x1C;�龨�Y�}se��?ʙg��n&#x6;�T6uX��&#x1B;�&#xB;Q�`\0�&#x1B;�&#x1C;m�&amp;Dڔa=m��&#x10;$J�l��h[9'���{7��%�2\0h&#x1F;4��&#x10;ƻO&#x1F;	��N7yh4��K�i4�(�	&#x5;�}l$6�$�f������l��P&#x1B;�/��&#x1;��H�&#xC;���&#x3;M&#x1A;Vb�&lt;'E&#x1C;��&#x2;�&lt;��5W(@�&#x10;�&#x1D;�C�&#x16;h}&#x5;�}�]��&#x15;����G��u&#x5;U����Y&#x17;Kǐ{[0$��\0�Fd�!Րʶr��&#x1B;Z{��v���z�t�&#xB;B9�&#x3;��@yb�� ����繹&#x1D;&#x12;�&#x7;�`&#x16;ͅ�&#x15;�t;�ձ2ݎ#�M"&#x17;���W�ʎ��H&#x8;��X&gt;aprz CEp�ɥ���\0�����*?.+~�~,�9]t���1,�Sn+\0&amp;!&#x1;��&#x14;�BdW�ұ4l&#xE;'d&#xE;�&amp;�2U݆!���L�]&#x1;L�' �|Y�e~&#xB;X*=kL�M',�4$�F��E��&#x6;���&#x13;bm�x�c�l�x&#x1B;Q��&amp;�i��Ȣǜa;�u3��z({qf��r,�E�a��f����96&#x7;�Pi&#x14;+b@��Vc�:�D_m&#x12;ң3F��2����y#��Q;	'�ΰ�&#x10;SF0^&#x19;���5?2o]k�*�&#x3;�;�D�&#x17;&#x2;s�p�]`�,�&amp;u&#x5;�&#x1E;�on۾&#x1D;���/�3&#xB;�.&#x1A;r�y�	���=و&#x1;������m��MK&#xF;�=��h�����%�7&#x1;�&#x1;Y\0&#xE;���HDѓ�	�2�s@�yϣCٌ&#x3;�q�u.��V"N%I|l���-5�5�I�}\0s)�&#x1D;�U�&#x16;��y�~�@� \0&#xB;x)9l�@�G9�\0�ʺ&#x1C;�XG��͍E&#x1E;Q�K��,&#x1D;N�����&#x1F;.&#x6;?�f/&#x4;P���j��c&#x12;&#x1;#�&#x18;/;����f���)��|^��Eh{��&#x14;�9-��h6&#x1D;&#x1;�M�lɂ!P;&#x7;���Cl6&#x1A;���&#x15;ڜ��m��~&#x14;�(��S�κ�Y��ټ�&#x3;m��A�h�`[�~�Us&#x6;ْ&#x19;&#x3;(������&amp;!�?aT?&#x1B;9���`�5a�O3F��o���[��&#x15;�O��ia�/;�U�}sf&#x7;�J*�1�$07��ߎ��7��/&#x1C;��Ƣ�:N���Z���Y��q��\0��עjG&#x11;�S���&#xB;��&lt;s�P�xf_�,�\�&#x4;x&#x1;]������P�=&#x17;&#x8;�xm�9��d��&#x14;��FQ*��9�\7	�,ϝȦ�&#x4;rh&#x1D;�(f���&#x10;���8��
ĉ�!oA���L�&#x5;vg�@�m&#x7;x=V��&#x17;�|�n��Cbl,Ҟ&#x13;�&lt;7���C���\0���&#x1B;B�&#x1A;l��a3�_�&#x15;S��aS@6U�T*o&#x19;�,5�&#x1C;!�3B&#x6;(t��Ǒ��&#x7;�&#x1D;ƒ�&#x14;r�xT&lt;#�&#x1A;F0'&#x1D;D�0)��e�&#x1D; A&#x3;���=�X�N����۔&#x11;(�@{T&amp;Z2��&#x19;($WU�&#x14;��Sv�v�?��ڿD=�|���\&#x18;|�a�uKs����bG9.�@,Jf�ti!�&#x1;[��&#x17;���^?�&#x1C;Y���vU�f��������,}����u�y�R07i�\0-��hh7���&#x1C;"&#x13;Ş2Ϭ0�yaߣ�jydY&#x18;
:2_&#xF;�&#x1C;Z^Y�&#x13;�&#x5;��\&#x1C;&#x1A;Q&#x1D;��&#x8;�&#xB;�g&#x1A;��kV��[[&#xF;����0;5�&#xF;�V��P;[����\0{"�c2����~&amp;K����W�]�-��+�~*&#x17;��&lt;*��Ӽ�,��
���'e�B&#x11;��&#x2;�ZT�tߙ_����^��5m�5`�Hm&#x8;�M�?�f�?��X#���SU�ء&#xE;�&#x10;��&#x2;��Y�.��K7��uo���ּ2=ӹ&#xE;�E(h���U��&#x16;�&lt;jWhy��ֲNhm&#xF;-A�{�\۸f�}�n�͝5�=&gt;�&#x16;χ?���Q#�"��&#x12;�&#x4;�&#x10;$3AR�m={1�R&#x6;d'.�T6ʃ����_��������7�&#x1F;�&#x2;m)�j5Ǐ&gt;����'��3;0k&#xB;���E&#x1A;�W�&#xB;��k�UD/�e���p`v=��(|*̖ ~S�ڭ:4e�ws�b[���&#x1D;ɗ���3�����&#xB;�&#x5;f��7_�9]\0&#x14;Z&#xB;�-��Vb&#xF;�G&#x14;\k4��w�&amp;�� ���\0ˁ9	&#x7;�̚�$yg@�&gt;漯�Q�s�&#x1D;�UГwO�]����������@O�������&#xB;^ݖ�v&#x1E;�/.���G�ƴ����&#x4;6���V�&#x1C;����3&#x15;&#x17;�ɂz��&#xB;��l�x��?&#x17;�y(eC�g�	��F���W�N(���Ø[�d�9&#x1B;��T6`&#xC;&#x1A;���-]&lt;ݶ�%��M�{�Z;r&#x14;�����s�j���5�&#x16;�zCl��a6lx?&#x4;�s�;�r��gX\k]`I��q�����ws�����*Ӿ�ŵ&#x16;p���T=)��%%*�/QDK�j�3�Kꡜ�u�6��|�B0�3׃�Ҡ�?:`����&#x8;�[0�N�&#x10;�7m�&gt;���3�1&#x10;+�&#x16;h&#x5;b&#x7;Z��&#x2;����&amp;�&#x1B;�&#x18;�%���oA͡&#x6;�7��#���hP��P&#xF;���-��?���u&#x14;���&#x14;fWd&#xE;Х��Bs&lt;&lt;��D�p:���ݏAtA�R�{;ຣo��7sF_� �&#x15;b�2+���a�sp�&#x5;T��(��QrOЂkX3i&#x2;5W�\�:�	&#x11;&#x6;P��׏� ��%&amp;v�T�2=i��&#x13;N�&#x11;6xH&#x1E;SS�l붕�e�
ۼe�m۾ʖ��y��ٶ}/��]�l��9�F&#xE;��&#x1D;g��&#x16;x6tx�%�D�����4�-ܴ��,`�T;&lt;J�#��tP�&lt;��U�&#x12;�K�&#x15;�E&#x8;&#x11;�]�ۣij`�a}��^�Ϩe�V&#x1E;��Z0�&#x1F;װ��e&#x6;-&#x18;zh/�ɞ��/&#x11;3�U��kV&#x4;f��&#x17;��#&#xB;�&#x2;���)&#x4;W��-�&#x1D;Zr���D+���:��y1�&#x18;�J�[!�&#x5;��� /���X� R�K�zwBt\0�@�n&#xB;�jo�:.2�n'q&#x1;�&#x5;��\��ߙ3&#x1B;m�
�#�!v��&amp;�؉4�Sh���aMC*(9&#x11;W&#x1F;��&#x12;��%��T�%���S�&#x2;,=�&#x7;��&#x6;�\a&#x16;1��c�j[�j�-drj��%���F۹&#x7;&#xF;���ڍ&#xB;l߉Ol���6y�&#x8;&#x1B;΂�"t�&#x13;y�YL�&#x14;��c¤!L�&#x14;[Dt�GٔGv�쟊&#xE;HA��&#x2;����l��;n�G&#x1F;}X�4Ի&lt;����b&#xB;̍&#x1A;kA&#x1B;^Wj���Q&#x5;�z�	&#x15;&#x1;s-&#x14;2Z@w�Ǝ�9�&#xC;�K�l����.:�K&#x1D;���n���&#x1D;L-&amp;Tyq4l��֓����&#x2;���֮��[�&#x16;�u_TMUū�&#x6;�\�W(����p���Ɂ?&#x1;sbj/f��J�^&#x16;��~l.����d&#x8;'I�W0&#x15;&#x6;�T}�P�1��OC��(�Ϣ��&#xE;&#x17;�%&#x6;�&#x1E;&#x1F;&#x13;��Koj
��&amp;�Tr���" �r�双e�@&#xC;�&#x18;
Yq�8�?0Q�&lt;�@U��RzY2��������q&#x1D;,!�+�:�V��k˖ʹ�&#xB;&#x1;�ƥܟ�&#x5;c��]&#xB;cl�l[�R�嫦��]Km��y6��w&#x1A;��p~G&#x1;
�%x�!�
&#x8;�&#x7;�Ԁ�Xj&lt;��Zy�W�k�&#x1E;�8mA��}�6��T��/Q�z�b���� �nW�4Ɣ#3�&#x5;��C�+&gt;D���f���&#x18;�Rv��s�_�'�NA	�&#x2;�f�ut2;�̕`z�e�&amp;�j2�Ң%c�u$�/2&#x15;�X&#x19;#v[&#x19;�t��?��=���b&#x15;�u��&#x12;��}0�^��g-vU�A��[ �B#�M�&#x10;[m�\0��
�C%�&#x1F;+0w%&#xC;�&#xE;;�[��%&#xF;W��}T΢�%&#x12;�&amp;�G&#x13;-�k&#x8;&#x3;fW&#x14;U�`�&#x1B;�\&#x14;�&amp;R��$'mѱ�5��&#x18;�OQW�SLP��&#x11;&#xF;��y~��t
&#x1E;��&#x14;&#x17;
��u&#xC;&#x3;'&#x11;�&#xE;�7Q&lt;u�	&#xC;'&#x15;`8�&#x7;B�&#x1;�&#x1D;)�!��&amp;}ǀ��h��m��4��&#x7;&#x15;���z��~�*�Z���C'�%�N2&#x15;��j�tC2J&#x1D;����ߙh�&#xB;&#x17;�\0��݉Z�&#x7;u0�t�Li�oY&amp;�޹��F&#xB;��7�w(��l&#x1F;� ~�P��tbWO�ƼQ�&#x12;�F&#x7;5GԠ�w��&#xF;��W/�϶�&#x1C;&#x1B;&gt;��&#x16;/�j3�2�&lt;s�-]4�֭�e�揱�&#x13;��&#x14;�T�'�&#x12;D�&#x7;&#xE;βACh�-�d3f��1�&#x6;3t1��&#x15;3�&#x12;.���p�Q��&#x10;��/�G&lt;P��:&#x2;s�Q#���&gt;��s?�&#x3;��;��u���di+&#x3;`��	��oy{�|��\0�&#x1B;Fp�l��&#x15;r&#xB;�:�g��
!�&#x5;�\�]���$��'��%�х����-JpK�K�M����]Z��Kۣ5�(��x�(\0&#x19;ɤT(&#x11;aX�&lt;T'�3��=�y&#x1;,&#x2;��YhLo��E &#xC;Ѕ&#x8;�䦩&#x1A;t�&#x18;"*g&#x17;��nT����&#x4;�&lt;�H&#x17;YєJ[4&#x6;��0���&gt;&#x13;U�G�V��F
�٤�&#x5;�;	w��&#x8;��u�&#x16;,�Wz����DP�\0Wj���Uq&lt;*ھ&#x1D;��Ȯ3.�R���*�oD&#xF;��&#x1A;�&#x13;&#xB;�;�ѣ#kmu[�Gօ�&#x3;]�|&#x1A;Ч&#x1B;iGw�&#x15;����aL���6�$B�&#x4;����q&#x13;ɉS�*�pU�yݏ��&#x1A;-�)W�d�P�\�2��e�S�R���S:&#x17;(7l\h۷����&#x16;��&#x15;�m��e�_e;����k�ٲ%Sm���6yR��f٘�E&#xC;h�&#x2;y�ؾ6&#xE;Ւ�T��Y������f*�0&#x3;uED�إۅ�������k5&lt;�&lt;q�&#x1A;&#x8;�դ
Z���&#x10; {��;�,�xoۆ&#x4;���������/�S�v&amp;P�&#x4;N�Յ�&#x2;��	��&#x12;%�c��R8�Ǻ��_&#x2;��s�&#x5;f-g�&#x17;XG�o�q&#xB;�%�4��9=����0�����&lt;s0&#x11;dx|7��{���=&lt;�+���wV򻤆�&#x8;^xK�U��@O�?&#x6;���&#x1B;��
񁪄�5&#x1A;Ve�dS�l��)�v��&#x3;��^�P&#x1B;9纍ЌCB�&#x1A;9u��D9(����i���4��I��N�X�&#x1D;����I��'顔Ni��;�&#x14;C&#x17;�w��&#x17;��݁��&#x1D;1&#x6;D��1{�@�!��V|��w�@6�S��E F&#x10;ȕ�;�\��� 2Ґ\0e1uN&#x16;�\0-#�Ə�����mk�¹#v��!;zh��߿�N�&gt;�q�m߱Ǝ���U�W�?�d&#x19;�&#x2;�&#xB;�L+a&#x1F;�@t�F��E&#x13;m�&#x2;��f��&#x1;�~�h7.�K`.(��&#x1F;�úyʞ�6�`чXC�̄�Nεn�z����	�������&#x7;�z�ۉ(\0*�&#x1;�&amp;&#xB;�&#x1A;qT!�&#x1;�y_�L���H{R&#x12;&#x15;�*WA�^&#x17;��`&#x16;��ut� &#x5;�f�&#x15;b����&#xB;M�&#x1;���&#xB;m#&#x8;���;{�c(&#x1B;!&#x5;p&#x1;]�	��K�&#x1E;�Ɨ�&#x13;�&#x1A;�:�DA����R;�&gt;���wt�\0���[&#x4;\0��2&#x11;�GDw&#x1F;ҧ�&lt;'3� �=���&#x11;&#x1D;�&#x8;^�[&#x6;P�Ϲ]��j&#x1D;��GǺ���&#x3;W�['����#��[QI+8&#x16;����&#x15;y��=�!րZ)&#x1B;g&#x14;bw��&#x1E;L&#x10;b��&#x8;\0�~i�I��G8�D&#x10;��}�
vG޴+�&#x17;{m&#x5;�&#x10;��bB�v��&#xE;�g�fM�s�&#xF;��c&#x7;mז�v��&gt;���);~x��9sԶo_g�iE�������rr�%K�b��,�h�&#x16;&#x12;j�F2&#x19;q����&#xC;&#x19;�g�Y�UPĶ&lt;�i
�	�:�&#x19;�\y�x�\pBzP&#x18;i�]Ւ���&amp;&#x15;�T�A8�&#xB;蜿����&#xE;�:*�.����}霮&#x15;���`m۵�
�}���7nѲ�g�Ύ���:�����&lt;�"�켱[���	.&lt;m��Oت驶�[z&#x1E;Z�sg�3tF(�S&#xF;�� &#x1A;u&#xB;lEz��*�e��]Q%Qx���J-j&#xE;\&#x8;?�VQ&#x1D;�kei�&#x13;�V�h��+�u&amp;ʪ���ϫ��Y&#x15;E�����UU�+&#x5;vi�\��&#x6;ǂ��.�U4.�&#x15;=��&#x2;m�&#x1E;�˼+���(̋�h��zc��'&#x1A;��7�&#x1C;&#x1;Y^�&#x1D;+��&#x5;�ND)��&#x1;�vZWZu"��0؃4�k���׍]Q��5��ބ���-)� `�O��&#x11;�M�׶6��&#x12;#�lޔ�v��&#x1;;s� ǃvx�&#xE;;��wG���Yؾq&#x13;��5&#xB;&#x1;�L[�~�-]&gt;���&amp;&#xE;�&#x11;���ʃl�����l�c
e&#x10;9�Vm�c[���fkWn&#x6;r.����B�'�uמ&#x1D;&lt;-��m�z���&#x14;Nj�â��*n�:x�!Z�K�[���&#x2;�\0�B1�g��点|�Ya���V��8B�\0]��ņ�J��
e�&gt;�����Ҏ5V&#x1A;��x���������vy0&#xB;�n�B ��3)�lД�q�c7��S��
@����˟;t���]e]z�,&#x3;�
L*.5���&#x1B;T��[�ViZ���(�Ԭ\0&#x1;xu�Y�p����p�&#x1;�u��*Z�@$S�ݪ�&#x18;�#�L��&#x4;%���C�MǶxl�&#x19;o&#x11;&#x1E;�{�?��#�w7��G�&amp;�&#x1;��F����/�ϫ&#x3;f��ѤX�^]ކغＳ˝;�o&#x17;��J�&#x1E;&#x2;����\0ݹwkk&#x17;���:uiIh��q���&#x2;���i.ٖ6��VB&#x11;k����}�&#x6;�ǝ�sǎ۱�{�}\0��}���&#x1D;ݳ�N��&#xF;�{�&#x1B;:�f̞H�z�͜;&#x1E;!�aH��PVڌ&#x18;Sl3掴y��&#x10;R&#xF;��&lt;&#x1C;p�[8��#�0{&#x4;��&#x2;��f�Ɛ&#x1E;Ke=�&#x8;�B\0RF�Q&#xF;m�&#x15;[��F�$����!I�V�f���ʼ�#l�9A���z&#x17;�&#x15;A��~�g.&#xF;2yg��*t�D�K�t�qꜝ�M�&#x17;w9�c����K��.&#x10;���6�����	S]~�^ʑ5&#x1D;�v��v�V�6n��8f�[�c&#x1C;&#x12;O���m'��ު�ք΄���ʼt&#xF;B̮������j��R�,[գ�d5\0\�:���լ&#x5;P�_�&#xE;:s�X��n�u&#x1A;�G��&#x19;E�&amp;֨Ys�.&#xF;]	'҂��֋&#x1E;�&#x5;d?Xy
��sqmӱ�w&#x1;�. �B���'�&#xB;{�n̞����&#x2;�re&#x1;W�����+�&#x11;fw%R�&#x19;�l6&#x16;@��+ip{�&#x16;	&#x1F;��j�؊��	�&#x17;؂�3m�A��
ߓ���M���k��ر�v��	�A&#x1E;�C{vډ#&#x7;���v��~۷s��ܲ�;._8�&amp;O&#x1E;k#�&#xC;��&#x16;ٰQ}m��~T��ޱ��c&#x18;�&#x18;���X�٣�&#x16;�X&#x14;;��G!�?f\���&#xB;YL���ܼ4&#x1B;2�/��%6q�&#x18;+�O&#x8;Ξ[&#x14;D��ni&#x1F;��!E&#x12;�g�ٗu���g��&#x4;�˥��uRB�0漮
f�&#xF;�&#x17;��n�&#x7;qJ�&#x2;�ף&amp;���&#x2;�ˏ�}S�M�&lt;��2���\�i+&#x1C;	��-۵A&amp;����EW�ٞ�yG�A	���&#x2;pw�Ey��Ѕ?��&#x6;�jZ&lt;�EJ����x�&#x7;W&#x7;�ս����5�5�'=&#x3;�x����n�F\0P&#x1A;s葵@��c{�[&#x3;&#xF;�z�-�:��K��&#x2;�:&#x14;.�
&#xC;��|��&#xE;�r�w-j�FR��rFMh%
�����P&#x19;�ߪ������(0&#x7;&#x4;v��MYW�cv�&amp;К4D֮&#x1B;�&#x4;3fN&#x2;�k���v�|w���h^Û��.��e���5��&gt;�ݻ���};lǎO��^lkV/�m[?�w���x&#xE;���6w�tOnwЈ~&#x10;@r��β��6�*uq	[߇�Z	R��8&#x1A;����a�6\0�,�fj�%�&#x17;Lg�fq�&#xC;�_}�~�\0�p&#x6;&#x17;۴i�(�-�9s���Ѵ���0&#x12;n�͛�'�&#x10;�P�*�*��QD'�����\`&#x16;@�:��^;��{tꝮ&#x1D;%��C&#x7; ��&#x2;�#�����`�(���^�&#x1;���&#x16;�}�r�Vʓ&#x1;P�&#xE;&#x18;&#x1B;2:u&#x4;��T&#x1D;�z)/�&#x4;������C7`&#x6;�
�&#x3;�&#x19;�--TA&#x1C;B:�&#x3;�a&#x15;��&#xE;��)�8&#x15;&#x19;�&#x12;�˴�v��{�&#x14;-9)�~�:Z]&#x4;J=�^�#�,,��))#�m:�9zEXu
ĝ�&lt;s�Vld�~K&gt;k��&#x15;�Y�m~&#x1F;���]Ҵk�E&#x1E;�&#x16;&#x17;�&#x15;`�&#x5;f��.V.��Z�&#xE;m(�&#x11;&#x1;�i�-ث�&#x8;�K-^D��&#xE;�H����ھ�;�Zn�l��E&#x14;�VP�"L�5&#x5;���&#x8;�O�ej5m]k����Y�&amp;Q}�f�6,��5�&amp;�G�1g&#x2;Ŭ16&#xE;���hh&#xF;�����\0�4����&#x19;�EӹZ4��G2�FY�ȌB&#x12;��t&#x8;
&#x10;)��&#x12;��%��/��|9��)��=``�&#x15;�gX&gt;&#x1E;�� �򱌬TK�H�&#x10;&#x10;�&#x16;��&#x1E;�+�4��,��������ZS�0��&#x1D;����}��#��s�&#x7;����&#xB;���@�(�&#x17;�k�&#x1;Ya��&#x10;* ��ri;��&#x17;Z���ɳv��&#x2;w�ė�#���&#xF;U�&#xE;x�&#x16;�&#x1A;�&amp;��Kx�,"�V��S���JIE&#x1A;�)���1I��6i&#x12;���jh&#xF;�h�&#xC;p*������&#x2;��&#x6;�3�7�l �k�����&#x1A;0�ة&#x6;���&#x15;n� �&#xB;�@,/-�9�^RA��t�[[┭�+7n��&amp;��sP�\&#x1E;Z��۠����&#x1A;bMU�I����t�W��jѝ�̪Ԏ�V�Y&#x17;.�G�j&#xE;4�&#x15;�s��ݰ�V�Yj[wl�u����x�%����x�M�1�f/�j&#xB;����&#x18;�U�l��&#x1;6���F�g�{!�7���dx��&#x1E;�&amp;�&#x15;�yȲ&#x14;�S&#x1E;0"��!�2��}�`���&#x1C;sx|q�l�u&gt;&#x5;�lH,ɐYȝ�_����x&amp;���\0�&#x5;e�h6&#x2;F�Z@H��k��j6�O&#x1;�*�9l�ԆH��Z�����_N7Z&#x17;�R҈�&#xC;2�V����ޯ�@Q�0V&#x11;�J�S����&#x18;	������T#*�
�}s�_&#x2;���'�u_`&#x16;����._�z&#x2;2^ϣn���WV-�&#x15;#���&#xE;�m;v�&lt;t�n�h�C�*��WmvsH��c���&#x3;�&#xF;��WC&#xB;�#��*is%@�&#x10;�l�&#x1F;5T��Dk��&#xE;��R�7ry&lt;�6�t�����&#x7;�5��մu#�2ސ"p���Yd�&#x14;� �8���-�&#x17;hU��&#x15;�E�s��&#x3;җR��j������p��M����&#x13;��ר&gt;m�ԩ���&#x3;R��&#x1E;]�&#xB;&#x17;�:�/�_�y[?��-����&#xC;x&#x15;i�+�&#x4;ؕ�_���+&#x16;0�&#x1B;���&#x4;@&#xE;�~��Znq.�4�0�&#x10;+B먀s9xV&lt;dI��&#x1B;B&#xE;&lt;�&#x1C;w� �0=6�#9qa&#x16;�L�@˓�B��U(-�bf3	�!���u&#x6;�ڃ
y�|�V$|�ɞ�&#xC;$Zҙ
I�X��Jf&#x12;������D�ȓ!��BŋA�%&#x1;5&#x8;T&#xF;Q��1�q�H�7'4��~e%�K�&#x1A;k3&#x6;&#x1F;�Ǆ[�&#x11;�&#xF;ʫ��&#xF;�VA&#xB;�]��&#x15;y��PF��B���Ƞn��'L�}~�&#xF;@��8�ù_&#x2;���V�&#x3;q�2�*�%+Ն&#xC;±*��Z*t���n@�Zm�&amp;��&#x19;&#x5;����m(h�#�lO��C�.eFN�&#x5;�Kݹ�����b��V^��w���&#x18;&#x12;�JY��V!�[��w�&lt;�&#x16;��Z��{�d&#x14;J�(�Vk�B&#x16;������&amp;&#xF; &#xF;�TVY��6&#x15;yُ&#x1;&amp;�x�ly�h4�%ԧ�s�v�N�z�*x���L��IK�&#x4;��y|e)��YDUo��*�U�ٲeKk֔��:\��zu�=���&#x1D;�v&#x1D;E�RMH�!���&#x10;g�1�?+�&#x1B;6cA=EC��T��$��b�l}&#xC;�bT,���qȂb�Iф�l�\0�&#x19;���Y�Lx\0(��������G=G?�c{���&#x10;&#x1;�.^BgqL��%�ג	�i�i�9&#x1D;s�p�2��cfA�%s�H�I��+�&#x5;�1lڈH���O&#xC;�y\0�&#x1E;�[U���+hq&#x1F;��Ӟh]&#x1D;?��إ���Nc�A?,X/U��c���@^~.X�nE&#x5;R��0��&lt;��b��*�&#x5;�ʀ��U&#x12;�1���&amp;E������ߣ&lt;�4M&#x7;�&#x18;#r��&#x8;B&#x12;Y DΈ$r�9�&#x1C;M6ɀ�M6`L2�8�s�mO��ٙݙ�p�_s����Kk&#x18;���zw��&#x1F;����TU������&lt;&#x7;\0�}&#x17;�99`TD��&#x1A;�Kr)"�T�Vz&#x6;���^�b&#x1B;S��N�h�[P�&#x4;�8i��BLMU�?���M��L�!&#x3;�(����Kěu&#x1B;P�&#x2;\X�r��&gt;&#x3;ze&#x1E;�&#x16;S��:xx^CMZ5�9��Pv�8M�&#x11;\�&#xE;Y�	e@���A&#x2;�&#x1E;V�ܧ�d�ƛ+�	p�Zs_[�"�&#x14;x�����&#x4;C���&#x12;KS��&#x1C;&#xE;��3��#��),b&#x12;��Z�Mk�(V�(����&#xE;&#x1F;�Gv,"�. �ֳ_�ly&gt;=֭O��9�&#x17;�n&#x4;&#x2;��@�z�b(-f�%&gt;׿�����Go)3��;��:]�&#x1D;���&#x1C;W&#xF;8��&#x7;�����)pˇ��\0\1r`�&#x4;��^&#x3;ˢA�FXh��(ٗVc����ݪM&#x12;B5���&#x6;���2���@���;������&#x8;�&#x1F;�\033][�\c��&#x10;+��Ǘ�`��&#x4;&#x1B;�[R{&#x16;�Z�`ΘO���t�=�"&#xB;\0��1��M ��O�H�by�C�&#x12;��PS�$�&#x1C;`~&#x1E;j�ㅇ�&#x19;��Y��'����&#x8;&#xB;�n-t�_�z��ct$y��9.0&#x16;Y�:�E�3]��)A�&#x6;�x���Y�&#x1C;���Lq&#x6;?{�M�j�ל�Ә�V���E|݆�W�\g�&#x1F;m��p0J�&#x4;\-���V�V`kMs��&#x19;�UR&#x1;�y���K�+�&#x4;k1�G	�����;�N�~{&#x2;�B�eR�8�&#x6;��&#x5;��^��p�Ѻ��*k���#p�G�&#x8;�k�yok�=�&#x7;�M�7��\�&#xB;�/�&gt;I-s�-U�&#x1F;*&#xF;&amp;�&#xF;&#xF;�לK�kZ��h�9�G~l�`�:�\�m_&#x2;�u&#x4;�.64����"�F�@�0	�U�l&amp;��&#x13;&#x17;�5�.&#x19;�фP.)��l0&#x1;�{���&#x2;�qMi&amp;&#x13;i�Z/�&#x19;	�uqK�&#x12;�_�&#x1C;�"a&#x18;`~&#x1;�&#xE;�\0&#x1;�&#x1C;�:���"�nF�$dh�
&amp;&#x18;ɶ&#x1E;�5Fb��723_��&#x8;�e�&#x1;;g�S����ل�ˌ������|'&#xC;��&#x17;�M�6X`:�&#x18;:آ&#x5;b���:�٧L&amp;�Kz �\0�r�&#x1D;m���?5jog`&#x16;�Zf]f��Һ����O&#x10;v0]�&#x12;�Z�t�3/&amp;�&#x5;���o���&#x16;�����Z�a�~n ���vՌ�,�ֵֽN��U��3&#x17;ώ�&#xB;��)QM&amp;&amp;&#x1F;G�-x�L%�fi�&#x5;��t&#x17;jq�\0t}�
�%�)d?Iu���i�{�]ܝ��z����?�g��&#x4;˜2͉��#�m�I@�\^���1&#x13;�㷰֭{-���&#x2;8Y�b�k٬�;\0���[�g�Z���5�&#x12;7nA�&#xC;w�&#x1;-�5&#x7;�y�&#x17;&#x16;&#x16;f��V3�&#x18;D&#x1D;&lt;�	�Ͽ�R��Ib�&#xC;��w`oB%-�&#x1B;P�hܼ)&#x2;�&#x3;��\0fZ1ɢ&#x1D;�3&#x14;��&#x11;��c�?���&lt;%0��~&#x1F;�:z�ݥWa��X_bI�v^�u'{&#xF;@&#x5;sA�|�`���*�&#x2;#pߣkv�D�G��2&#x12;t�d�[f�g�{{��&#x6;X�J��ZZC���&#x14;�ZLWr�&#x5;���&#x1C;]p&#x1;�YL�T�`&#x14;�5Ah|-&#x10;M��\03y&amp;P&#x17;�`,,��p[:/;�Y&lt;��&#x19;@�9�����%s����x��@[I������&#x6;E��&#x8;(�@&#x1B;&#xF;�e&#x14;��V|�s�q˭5fʕو�:��VG�汫��;�2^\0���G�sI����N��&#x13;��Z&#x2;��){V�;	��fH��t��&#x13;`5k�5�w��M�􏍅(���z�`�K�&#x1E;&#x17;s���uC.jI+Z�d�;�*&#x12;/�JIn	��N�1&#x1A;�aw�&#x17;� ������U�2�N�U��bF�{]��R&#x8;&#x14;%%ѱcǧs��]s&#x1E;&#x14;K&lt;k&#x2;��y&#x13;b�:/R摶�&#x2;&#x16;&#x1C;&#x16;�O����VƗ��&#x5;��5j3�e&#x15;h~U����R�N�&#x4;lu̲��n4&#x2;�.+��f��$r]W�2��%p&#x5;�&#x16;T0{?��{Y�&#xC;�&#x2;�O���U�3#�xN&#x16;����J�O�C�GSW\&#x5;S�q&#x15;C�d��̂Tp
6�g6��u&#x2;�\0�|.�=#{&lt;&#x1;�$��g�X&gt;/%�&lt;/�}�sf��&#x4;&lt;'h}\&#xB;���&#x14;k�M��&#x5;�`�&#x12;��&#x16;�&#x13;����&#x2;Z&#x17;���Id�GL&#x1C;�&lt;̀�K�ˏ�&lt;VY&#x17;�xى���/@�s��I0�&#x2;{.��)P�(&#x12;�k�غt^LY�&#x3;�����yі&amp;R&#x1F;�s�6L6���W����\S��Ǻ��Z0?[�N5n]j��,{��Wu�Wr�&#x5;��u����R���ӱ�9�����!&#x16;P�(k�o߱Mva��[�&amp;�m�&#x2;�!�h�"z�&#x16;ܫW&#x6;jcM�����T&#x1F;K�W�����������k���TQ�r�JV�y�1!�&#x8;B���Q��:K&#x4;�7&#x18;�,F�
f9�Z0؎��D&#xF;��օ�Q��x:��E��MK���L��%�S�z�&#x13;t�&#x6;&#xC;�k�Gف&#x10;��K~�/���&#x1D;]m����G=�/���xS�&#x18;z�&#x4;&#x1A;;ļ_K\0&amp; 
"�&amp;�2 aq}\\0���@�j�:k���&#x2;Q&#x17;��&#x4;��\0�э�祸&lt;�ߺ�����z&#x4;)&#x11;�%�h�6��5��&#x1A;'�f{{
%0��93ۖ��&#x3;�A$�|&#x1F;w�&#x6;Y�ˉ�a�q�^����d�R�!�;��&#x2;��Z�&#x4;E��k&#xE;Xϒ-�Ω&#x6;��M󤓾������&#x1F;&#x3;�&#x12;�5i��7ͤJ\0�?�P����!f�_&#x2;��k�l���k�ז���&amp;�&lt;��&#x2;�s��*|&#x1;x�9K%x�$:�����&#x1D;���a&#x3;�vt6�]����F/�Y�&#x1E;�ו�z&#x1;d#,m&#x3;�ay���y^�2�%�]���&#xB;�툢�k?�}�y6Q���Z��ӬU��Un�&#x1E;Yy60�&#x18;��&#x18;
Gܰ&#x13;&#x17;W�
j��N�v��+�KrI�&#x10;����׌uu���&#x16;�i�5�$�
�aޫ&#x5;�헨&#x2;���*�7�&#x17;�����2n&#x19;�[�B&#x7;&#x3;4}���&#x11;N�&#x4;&#x1A;i��&#x4;jM�
��&amp;&#xB;Z�&#xB;b��&#x5;�&#x19;�z[@��X�d&#xB;$3��%7���]&amp;�\������[��&#x18;����ŕxQ���&#x5;~���"�aW�2&#xF;���&#x19;�/&#x3;n~�C�I&#x4;���㍐�i�|�Fm؝y-_S��3&#x19;���UL��+&#x4;������eeeٱwod`&#x6;�&#x1F;�.[1�Ξ=�޳�u��ԕ�ҥK�x��d�a(�&amp;�h�֚�E�&#x1A;�m{�b�&#x1C;��N�o��P�ow�k�E&amp;0�Ɔ&#x4;�&#xF;`�!�,�SF[��&gt;lo�p�����	���!&#x1D;��,�_:QB��&#x12;��G&#x13;ڵ��&gt;k_���9$���&#x13;Щ�����6�]&#x1B;&#x12;H��?Ɂ�dW�&#x17;\0���5�JSy��i�T&#x11;�p@����]H©��%&#x1F;��mHTu@��#��:15��M�R��q�d&#x16;�\�/�&#x10;��&#x1A;)��u�uR���&#xC;��Z`-s&#x13;��Z�&#x13;ގf��4?�!�hN�S��M�s&#x1D;���&#x12;���&#xB;&#x1A;g-��6�S��2E�t���&#x2;U�\h&#x13;RZi��T?N&#x19;l-�+%��V&#xB;��&#x6;|�&#x6;X�zpE�p��Iy�˄��.&#x1A;O�L�۽\0P�\0zNI&#x19;v�ڦ�M&#x1A;�&#xE;&#x12;��=&lt;&gt;Gf�&#x19;� �;��VK].�u�nP�\��&#x2;\�l&#x12;l&#xC;V�?�w7�aH�&#xC;&#x19;�70���P���&#x1E;&lt;d`��s䘑ѻo&#x19;]cݑI��&gt;|h&#xC;D&lt;�b\05�&#x1;�Q&#x6;�V�ۯ�_�-G?���&amp;&lt;g���1r&#x14;tU��JB��T&#x2;�1�s&#x10;���&#x15;X�~0�&#x6;�&#x1B;�9t��*�Gm�Yf��jR=�_�\N?̉��t�j��x���&#x8;�[��&#x2;َ&#x6;��|�&gt;?�G�����}ΐ�&gt;e&#x1D;��v&#x3;ϱ&#x1A;&#x10;�4&amp;Oє��1�a+
�$dN�4���&#x1B;Ok�+�&#x15;G�R9pT1��e&#x19;���- &#x19;�^���1h8�
�&#x1E;~�3���Q{)��u����6`�|���&gt;N#C�&#x1D;&#x16;���&#x1;��f$�2�]�1�듈èt*�N	Htw�lhh_mi��)&#x3;�&#x15;תv�2:U�}�&amp;��&#xC;�#��&#x11;�\
h��%�p�I^�&#x8;#�&#x12;�u��b&#xC;U&#x1;V7&#x1F;׺&#x11;�YS2�ͱȅx!m��i�L����n�&#x10;C&#x3;Z7�1����_��&#x5;m��S-�=�&#x12;����&#xB;&#x14;�!UD"�M�'�&#x4;=X&#x5;�[�`��jY&#xB;6�l��,e{\���ZO-\C2��L�����&#x19;I���et	ȗ���&#x13;�Г�G�6��&lt;�t6�"�c��KB�&#x1;l�&#x6;����I&#x1A;�ڍ�Q\�_&#x17;��n&#xC;��̐�f��&#x1B;���;&#x18;��/�r(]]C,Mq�sc&#x7;(YY�r醏��K�u�M/B3��&#x1C;-'��Z�&gt;�I����&#x1B;Il�&#xE;�ϏЍ���Z� ߧ��C!��&#x1A;�&#x1;El&#x1E;]�,���2^�?&#x19;z�&#x5;�&#x10;?O?j�}�T0�&#x4;k��iV��&#x19;K�&#x1D;m�&gt;�BYl�w#�T&#x17;0c,�F#I�(�6l$a@�z��6��k�&#x10;&lt;r�&#x1D;��
�*�~+�ͣ��&#xC;"Ac(�6&#x10;�r&#x1;Ɠ�nrt�����3���C��礌�N��^�n&#x8;[�!2N�Ft ��X�`4�o�5$��&#x7;�X�L�Ʉ&#x13;�'G�*3;&#x14;�y�BT"�8&#x10;&#x1D;:뺣&#x10;�P�.��%u���������&#xE;`��s�&#x19;�&#xE;��wnI&#x1B;e[�&lt;&#x1D;��]��dT�.���xh�&#x1E;���0&#x10;���L&#x1C;)M�`��&#x8;��G޷\0&#xB;؅�`�y�#&#x1B;TD,߽&#x1C;�&#xC;a�&#x1E;}���_�&#xF;�7�)��&#x19;���&#x1A;��/��m\0:�Т1�x&#x12;&#x17;w�Z+&#x5;�m�&#x4;:ЅU\0Ɯ��ߥ5�&#xF;A?�a&#x7;�7��&#x14;�4�Jڙ�g�cG�z�u�r��
��c�����cm�CE&#x15;�-�д����-ts��&#x16;q�&#x1;�o��G&#x1F;&#x13;��&#x17;��i]kƇ�"�����UȗIwG&#xB;��-�ڶǭ�سkt�Ս��ԥ&#x7;�GW2����#&#x2;W+o]��[p�&#x1;$&#x17;�s����&#x4;� ғ0.��[J�&#x16;]1��g�&#xB;TJ�&#x1;n�!hy&#xF;&#x2;��/C�k��Q&#xC;�}�ǂ��p��3�&#x1B;�&#x15;�&gt;ǣ��I���&#xC;կ&#x13;�.fc(EL�{&#x5;&#x1B;�;�����&#x2;.���_-��&#x1A;��K^��T�4?�&#x2;$\0l�{F&#xE;8&#x3;�_���&lt;��z�-��d�瓋�s�4���&#x1C;&#x1B;�3��&#xB;\;Ϭ&#x17;�Mk��6m�GՅ�����&#x1D;9�&#x4;4Hb�&#x16;X E󆢀i��ѭ#T�D��;s��U�7�"ߧ%&#x19;cN=����-&#x1;��&#xB;���5�&#x18;�Tі��m�m�&amp;&#x15;&#x16;0����&#x14;Lr&#x1A;c
��Bk�J���Z���Rzȣ	�L�D\g�'��&#x15;n�u�&#x4;o�&#x11;ta�m�p�[��&#x16;X_��my���&#x8;
�2+.�Ӊ�=B}�X&#x1D;�*&#xB;9߼&#x19;S^�^:��a/v��hiD#&#x1C;��&#xE;���d�&#xB;�&#x6;Zw��c�&#x7; �;rL?2���&#x5;&#x1;tQ&#xC;@&#x17;�;&#x3;䋺��s,�Z&#x19;&#x8;&#x1;sSv&#xE;�)P�-@]�|�B�Oȩ�&#x14;�&#x5;՚�&#x19;x������8�&#x4;�&#x12;��s&#x10;.�&#x8;�OV�p�Tc�iӋ&lt;bb.Q��*�:j�.@M�%�gz^��&#x1A;&#x2;x��&#x18;&#x6;�&#x1A;cI���&#x1E;F\ݏL��-&#x5;p&#x3; &#x2;&#xC;�&#x1C; �
6&#x11;���}2�k�&#x7;���ǹb�&#xB;�&#x1;��.du\0���-D��&#xB;�&#x12;6�N2��&#x1F;۱۶$�Q��9�]}��z\ u!���{�O��ՠeC&amp;%0&lt;��&#x10;�����&#x16;0�L��̨�̪&#xB;ZK1	䉟��&#x3;̵���?��:&#xB;&#x1A;&#xE;t�U���&#x3;'� �L&#x15;�&#x19;�Y#���&#x6;~��&#x17;�&#xE;�&#x2;�ʦ&#x13;&#x1E;��fvӄ��:�R@9Q�v�5���&#x11;�&#x14;��t�&#x2;�&#x1;Gc��v��&#x3;����m�q1�Y0&#x1B;����Cݸ�bx\0�'&#x16;�&#x1E;�~�\0�&#x17;�x]�&#xC;w�2�#�ъx�9h�i}l�&#x1B;\��p̬&#x2;&#x8;�h�FK��Vʪ&#x3;I1��&#x1D;\0�ǎ��P���1��޲M&#x3;���Ñ&#x10;����	&#xF;�+򻊃(�Լm=�&#x1;�t�ҩ�0�&#x1;&#x18;
�t&#x5;ńSE�3�~&#x10;&#x12;�c&#x11;�&#x1F;����&#x11;���&#x1D;��l��q]�9�&#xB;�&#x11;{%��R&#x12;A���&#x15;�6&#x1;��X7�ǭG�t�&#x13;�Sw��z&#x4;�&#x1;Cƍ&amp;�&#xC;X�V�m�&#xE;�cVL�5�QG����b��&#x17;���[.&#x13;m��"��j�B'�w͌��5��1cb]�D&#x1B;�J�iWb�&#x12;,g&#x17;-(�;�:&#x17;��&#x16;㞻t�;!?�n�&lt;����RE�_��BJ��ko&#x18;nx&#x15;&#x1D;���a�oi�3;��{����Xޙ�~&amp;�JC��&#x1E;դ&#x1A;�*Z���6+7��������Tʚ&#x19;�ԣ�,u��֜k�cE&#x19;~h&amp;�&#xF;m&#xE;yd��]��1�y5���&lt;�H�'��&#x19;]M�ɩ�@�ԋ���g�gx|��Y��Ѓ�&amp;]Nn�&#x10;&#x3;q�|r&amp;){�&#x12;7T��H]5i��%�
pC]EXP��&#x19;�ߤw���#K�U��&#x2;̾�%�|�͟���h��u&#x17;���n��Дn��$���5�kH�α�$T&#x7;&gt;O&#x3;&#x1E;kIr�Q��XQh��&#x1A;�"�m&#x4;��5#醒g��&#x18;�6$�HP&#x15;c�;ce�&#x1;h!�7&#x2;��R��K����
&#x6;:~&#x16;!��H�v�By��W��&#x3;�n��!&#xB;l��EccÆ�fB&#x1E;+�ǺuSb��9q���8nG�J���5%�&#x12;�R�W����Y�&#x8;В%&#x15;P�a"cvM&#x1A;��&#xF;&#x12;O��S'Ƅ&#x19;��a&#x6;�ܞ8�&#xE;��3�j�T���&amp;�������n���T�NY��	�3&#x1A;S��\&#x12;�Tw7q��w�w&#xE;09�&#x1A;
K�&#x1A;���&#x10;&#x17;��e/]f�[�dW&gt;u�6��&amp;�ژ����Mk&#xF;CG��u��6hR�TޞP�i+&#x12;&#x15;Y���Pn�P�L��$��������J0��U��L��g�&#x2;/��~�e~�@��&#x1F;z=c�&lt;&#x5;����hեn���v
)��0#^(H��&#x12;0�B�{��&#x1B;����&#xE;��n&#x7; :`�
�nY���O��S&#x8;8:�rv(�Q&#x5;�&#x1D;_Ӽ]=�&lt;�00�@�&#xC;&#x14;���SJ��&#xB;.�����e����L}t�{˶������u&#x7;���$���&#x12;]&lt;ο�@`Obh�N��!k(����m�"&#x1E;&#x1C;4L�R�Z���1p�R�l�m�r6&#x14;����w�钎�),i�I&#x6;&#x17;tn��fG����;&#x2;��Q�����$�I&#xC;�+#	8tXט5k$C&#x15;&#x7;Ƽ��b��&#x1;�e���X���D_�lLl�8%�2��C&#x5;p��Z&lt;cU�'77Պ&#x5;Y�1���R�i!��Zp�p��&#x1B;P2م&#x12;�l/�N&#x12;ʢ��&#x18;G�4cy�&#x11;�.,�觜l6��&#x1A;�z��z���搴���d����|~��l&#x13;�J�&#x1A;V����Ђ�!$��G�&#x19;:��^ְq#��&#x1C;&#xB;ӈ�	�"��ڒK�&#x2;{NY&#x1A;��/�,����9&#x3;���&lt;�c@�ϧJ�ƴ&gt;��?��4&#x1;2�mM�j6߹:�O&#x1E;@�Z��'?��R��qϛxkL��eﭛ��Y�o�q5"��&#xC;w�&#x5;�nrNi&#x13;/��eT
�&#x1A;��� 3�m��-�u�U&#x15;��lˡ5[]�|6P�{����i6���P9��4mS7&#x3;tn�3�&#xC;�n�\�	�n~�\�&#x15;�&#x11;�wg&amp;�&#xE;a�a�&#x1;�Vb&amp;�&#x1C;&amp;�Ξ;�	.}Ij�&gt;$���mU&#x17;&#x10;��z&#x1;Ϫ&#x1D;�+Ao&lt;k2������&#x1F;�"&#x17;�PbmÄ�.-��b@&#x4;��l\02�H&#x2;��h&#x15;�&#x13;�c���1�9�C��.&#x1F;�&#x1B;,1�ySk�i~��޸w�||��[�:��n@Z�&#x1C;�ɱ`&gt;&#x18;����&#x19;&#x14;�׌C��9C�#�ћyp=&#x19;&#x19;U&#x18;&#x13;�Q�J�IA���Ɵf��-@S#Fb�%�,�u-��&#x4;�&#xE;�
&#x2;�B@]&#x5;x�"v��5&#x1F;&#x10;O#Ƶwھ��\0��7�:��&#x2;S�&#xB;r?��1A�b���
*#��\&gt;Oк	�DZ7hqR�J	&#x1;:���&#xC;�,�s�H�+ȺM���xL|���7K.�&#x1;	��*:�1}A�E:ZdlՆh�&#x2;	��Y�� z��"��&#x17;�&#x6;���v�jBv���&#x15;�z������ԍ�&#x17;`��&#x1;X��I��~J���&amp;&#x14;j��\0��$&#x12;{�I�Jߴ&#x4;cB�&#x1D;V��&#x19;]��.�Ñ*&#x12;&#x1B;t�U�t��K�,{J���&#x1F;&#xB;��;��L&#x1E;�����ڞ}{f�væ��(Ӝ���ta�V�;�I&#x14;�a$q3\�B\0�Њ��5]�ܖ&#x4;��f�^(w�O�I)&#x16;i��s'0�pi�޽1�N�$i�&#x6;��Ӆ�G\0�ՊC��vG7&#x19;���x�&#xE;�O�|�;[E&#x17;JFŸ�� �tG��si��&#x18;ԉ�'&#x14;բ��@���&#x19;��&lt;c�{��&#xC;Z�&#x6;ޔ��Ɓ�����ɻ&#x17;��&#x7;����̉�q��8rpE&#x1C;;�&amp;��X&#x10;���^/&#x1F;&#x1B;��M���&#x18;�dD�X�[�&#x16;��X�Z&amp;�&#x4;�.�,@�5�r�xԲ��V7�ǌg&#x5;��Q�&lt;Y6&#x1;�&#x1B;\&#x1;ȇ�a&#x5;�c&#xC;u�*&#x19;e�&#xE;����z���l&#x18;&#x2;��&#x17;�&#x2;w��%�|��X�`B��~.7&#x12;7&#x11;=&#x7;c���4�۞��qh$�ZI�sW6��&#x18;� �G7�9%o�a�ۧ{�&#x13;S�B\0��lr�W�&#x4;WZ4��!�&amp;�&#x5;�sdr&#x5;�C���\0s&#x2;��GA���5���&#x5;v&#x2;s�Ή&#x2;���R�&#x15;��\0�Pa&#x1;&#x12;@���I&gt;y��P��&#x18;��P[g+&#x15;R&#x1F;o_&#x1F;����x��e��2k�3�J�خ���@��&#x14;B�L+7�^}{W�{A�&#x1A;"ON	��&#x1C;����sʜu&#x1A;���B�ܴuC6&#x6;�&#xB;���B&#x12;H�&#x1;cf��6E4g�S���&#xC;d�&#x3;!��'㇧1�l �t��(n�]�P\��&#x3;7�JY�f�ݤ&#x15;.u)�v&#x5;��n\0�'zݮθ��\0�w68��&#x19;�=��1N�{R&#x6;�X7&#x6;T����&#x2;&#x6;/&#x16;ǜYC&#x18;s&lt;+&#xE;�_&#x1E;���&#x1A;��-��;�ǁ]&#xB;cê��ǈ�&#x1D;�f��{&#x16;ř�$��oȎ&#x17;No�&#x1B;��ŕ�wǅS���uqh��X4wp�2޴��K-�&#x5;�@��%\0	Tcٔx�z&#x1B;;&#xB;^&#x13;V&#x2;?	&#xE;̄�=s&#xE;�&#x2;S&#x19;&#x13;����E3c�r\�s�֝���6F�w�G�]v�Hq��&#x12;mR&lt;S���S�NW��e5�&gt;&#x16;�my|&#x11;�j5~���5&#xF;Ҋ�5���n`:�ض�1�&#x7;-%��zF�G�&#x2;=e���&#xE;���I��&amp;�]&#x7;J!I���u����?\0����Q�q��Գ�$��Iי&#x1C;E���V�����#��b7�u�N����i��&amp;S&#x10;�v�N#}W.�n�3Kj��ҏ��&#xF;���Eի&#x1F;}�p\0LT%�Z�&#x14;-&#x10;�{��֨Ys��&#x5;l�X&#x8;3&#x5;$&#x1F;%v�y���O�Zk��&#x15;�s��T�ڇ`6^W9D����y[8���`�D�b�U���[��n�4z0�b�&#x14;���&#x15;�&#x16;�eʘ&#x3;��F9���A&#x14;��*$KݛhH�n1��8�������b�}�h\��7^?�=&#xE;�\&#x14;�6ώM�'ǚ��9N�&#x1D;&#x1B;g��u�c�5?^9�"&#x1E;�&gt;&#x16;&#x1F;2���ŝ����q�������}�g��5&#x13;c�&#x14;^&#x1F;�/���c6�5K�Ş-sy�
�R,4&#x1;&#x6;9&#x2;�;�d�n��&#x13;&#x1E;&#x17; mkG���@&#x1A;&#x17;�A&#x5;��T�t�}&lt;uMe�RĮ��3_&#x19;�N�7=��Ӡa�U��Ѝ,r&#x7;v���[u�&#x5;�q��.�&#x16;ߤ[��}3��&#x15;?�$���	�Fྐ�=9ڧ.qƫU�Ef&#x15;#E�fR������&#x17;?w&#x12;#r0&gt;ϩ�Y��:]&lt;���`f���JiV8�yt��cՇ�_&#xF;^o]za�r�Ǽ]&#xF;FQ#���p����&#x10;��yZ&#x3;�]O��đܹ&#x1C;{�٥B�䐚�s���=�w龽��"��Cۺ5./&#x12;6v 	Vi�%�T.X��㒸�&#x1;E��&#x2;�&#x1F;�&#x19;�&#x19;[&#x3;�VX��\0YǶ�u
pQ;*���"J/]z�&#xE;3v�K&#xF;��3*&#x1F;�*�g&#x7;�S!r��2uJ˞X��XU]k��m&#xB;
h�P&#x7;��&#x13;4q��h	���[iu��i&amp;�۪=`DBG�:&#xF;	f'�
f��&#x2;^07��Z�6&#x1B;n�ͥKݥ#�Na��J��՝DYyo�ZQJ�ط&#x17;�L�a&#x3;Ѯ&#x1E;&#xC;yc�䑱&#xE;�ٗw��+�&#xE;ǻ7_�O޽&#x11;��������o��&#x13;�����է7�W��&#x1E;&#x1F;�5�\~���``��x�����x|�D\��#�\�&#x16;G���q���]&#x18;�v͋�+�ł&#x19;&#x15;�`z�Wrni�C�z
�X�M&#x5;س�&#x3;�&#x11;&lt;6���Ӕ�&#x19;&#x19;&#x13;��&#x1;Č�APo��y�|-I*fI�G�v�&#x2;�&#x13;��5�M�&#x2;`�=&#x14;�&#xF;Ĳ�CUFE�H��Ώ"�ŀ1��l��&#x3;�r=͹l�\0��&#x10;2��X�]���&#x4;vbn.�歑.U_��=z�&#x18;�9J&#x1B;�&#x1;�:�H�a)��([��М�j��k
�U3�dFUkEe\0p�h�?��r�۶��	f\0[&#x1F;�&#x19;W=&#x1;L�\��ާ&#xB;V���&#x18;�#vd��&#x5;�c��\��G̝��6	(��3���X&#x17;&#x6;�K*Fz��6&#x1B;M�	U��&#x18;
Ԗ[�s�*��0���#K�b���&#x1C;���e��}ܬ�ȹzl�͠��CS�D�I�R�� �ta&#x15;w��&#x6;O�3�	�&#xB;�D�zmpS&#xB;�p��6P&#x11;�b�:!U��3�v'&#x15;
Ɯ5���#npҘ."f6AeR�&#xC;t&#x1;n�]&gt;.�r�ݶ.�&#x1D;��&#x7;1��!&#x12;�����|�����&#x1;�P��������&#x1C;�S&#x11;��	�m&#xE;�Mtu�s7fӷ��������\0ڙ�S�K�&#x16;&#xE;v	�g&gt;�&#xC;�����I�A	�&#x7;e���&#x1F;�T���a���+J�&#x1E;�y�&gt;&#x8;&#x1;̘0&lt;�au?��Z���&#x7;�ǯ&#x1E;���ӗ�w߽&#x17;�̓������g7��_\�_�{.ΟX&#x1B;��Ί�[�3&#x11;fz��;$��&#x19;&#x1C;&#x7;����͌=����K;��Wƹ�kc�jz!Ft�q#��T��s�&#xE;�yӈ�&#x11;�ܷu^�ؿ$v��&#x1C;�V����މ��㵓��:ּ�X�`�+�S���q�&#x13;!�o{&#x1C;�&#x1C;�&#x1;�&#x1C;�ُz&#x1D;�?���&#xE;��v���%�\9l�&#x1;��-�@&#x15;����n!$r�Q�&#xE;&#x14;�;�Y��g��E�&#x15;S���9Z�� 6)��P&#x12;�y\&#x15;	뫉ٔ�2���U��d�&#x13;��ٌo&#x1E;�2	����"���ْ�Xc�&#x11;[�&#x8;�S��4nW§z%����p��?�\5��7�&#x18;PU!�B��~*�(*�J?�RLnb�Ya��g�4h&amp;�&#xB;���&amp;&#x1;�ɨ�Rk_.&#x11;���~-&#x18;y4%��鱄��&#x1B;�-�M��z.��%�eǏ��&#x19;n�-|y����&#x1F; e&lt;_��w�(n�����VI���*�T�D�T+���&#x19;J��65&lt;�B�wg���2&#x15;�&#x10;�&#xF;��^}8b�|�ݸ��]B	�Շ�s\0d�!�w�ɸ�m�\0@�-�{,'^�3c&#x2;c�g��Ջ�(I�wn]�_~� ~���&#x13; ��w��'��&#xF;_�&#x1D;_&gt;�&#x18;���F|��L||�D����8wl5�tn&#x1C;�=/^9�$N&#x1C;X&#x1C;环�W���3GV��7w��K��Ա�&gt;�&#x13;{w̌훦��&#x18;�&#x16;b�Q��Ũ��3�&#x1;�i�&#x15;^�x8@&#x1E;&#x13;��N�=��v�&#x10;;�5�tvc�2&#x19;a&#x6;�Q&#xB;$R���5~.s;�ѕ3��#ѱ�Hr`&#x1C;��&#x4;�1�(&#x1A;�ܐ�)��I/A���ZY�i봵����f�:��&amp;�fl����P�&#x14;I�z�dLJ&#x18;��&#x1A;��D&#x1A;��G�p=�&#xE;ا*�&#x13;�jf]k&amp;p~&#xC;���#@&#x5;�?]y��&#x18;�ɂ��K��&#x7;&#x13;���S5�&#x7;������4&amp;4��ծ&#x1E;�b#�K&#x1;���&#x1;���;�'��'���&#x3;&#x1;k��f&#x17;y�n &#x1;����7��۞O�M3�&#x12;`=
p7�lF��3&#x19;&#x3;���\Axk�l�Px��L6��o�+�U&#x6;�궥Q@ k��/
f��n�R9�&#x6;����ԃ�u��,�Y�o��N��&#x19;�&#x1;�A��+��k���7�mH�&#x4;�-t&#x4;�E,�:&#x18;�Q7y&#x2;&#x1C;�A&#x18;����؛\03p&#x1;=��&#x19;�8�qH��Lwo_&#x1D;�&#x1C;�&#x1D;�/��&gt;�&#x1E;&#xF;޹&#x1C;&#x1F;��v|��������o�/�+������?����&#x1;���&#x1F;�z;�����郳q��8�u:�����&#x6;�&#x7;w��
O�&#x1D;�'���c&#x17;@�r~+.�����S���1@�&#xC;s����z��鱎�N�f��9h�/�c޲rj&#x1C;�&gt;+� �&#x1C;N&#x1D;Z&#x16;'_^&#x1A;o�~��eG�sl=�bL�h�z�p�+ѻ�����C�&#x16;RPO�/&#x13;f�c�k���OK&#xB;|��&#x2;jc�I)�&#x1C;o��RC��ftQ����L�&#x18;{鞙���wP�=�Zfi�I&#xE;&amp;I�&#x8;�d�&#x13;&#x8;��&#x4;f�[5�KX�:X�g�&#x19;�g׳�(�'��,s��i&#x2;��&#x15;�&amp;tҸS��e��&#x1A;��!y&#x14;��6i�I�m�}�����s��&amp;\0��}����_����\0;g����[�&#x1B;vO5ߪ�'�պ�Vr��܄&#x7;�(\&#x12;=Z&#x1;0�r&#x1B;��&amp;�\�H8y_`&#xB;hk˝(I&#x15;�Ki
5���Xt���ɢ��"[\0�]�Z޿&#x7;n?&#x1B;&#x13;-���{2�u[n&#x13;�:d��	�RF-{8\�&gt;��c��O"ԛ
�ɜI��&#x1B;���K�ٓ{�铛��������{&#xF;^���l��&#x16;�f&#x12;�R�]�&lt;�5�&#x19;��h|�]8&gt;v3f�$�L�zmoܿv$�������}�c�&#x6;�Y��&#x13;Kω�Oo���d�=�QlZ96�A�X�`(.{wb��X8�_��:�d�L�d�I�M��˧��e�b&#x1;z��q����&#x11;G�,�����k���U�&#x13;k&#x16;��Z��yS�F��3'Ĉ��r&#xE;�&#xB;�&#x1C;:$e����2;)�'�&#x7;N��^\�"��Ă$vw|�����t���&amp;�&#x5;k�IF��J��E��fv�&#x1D;]&#x17;;��&lt;�u&#x13;��L�1�dN�����2?&#xB;漗�\0���~f�&#x1;ԿĀJ�eJ�hL\͆JG��f����܄&#x7;�Ź9C�ENG���Lj&#x17;Y���UN��m���r���ܢ4]0��&#x2;9�N�is�5�X&#x4;����is�֝On��u�k���אn�n�@6V&#x16;�&#x12;C���-&#x1B;&#xE;P���[J�ݔn��$��.��&#x15;0��q;,wW(�e���!&#x15;��m�&#xC;�$&#x1A;4�7����?!�&#x1F;��g7�&#x1D;�\0�J,�-���&#x7;���w�O&#x1E;����g�͇��7���8�+��'����^�������b�Dx�&#x15;�c���X4g(��YX@�t�	/;&#x16;�
&#x12;O+�&#xE;��&#xB;F�&#x1C;��n��ضjbl_]&#x5;ا&#x2;�1��Ե&#x16;�ZS-��v&#x19;Gk����&#x10;��Ώ#�&#x16;��&#x5;�p���&#xC;^o֤�1w�&#x10;&#x12;]�b���1��o,�7$&#x3;��#ԡy�&#x6;&#x12;ds��ǔqݢV�&#x1D;?ĳ�q%���&#x15;�ɿY��j�����()�J�Y���h&#x12;g�&#x15;���&#x10;0�hM�45�HWK{��ڙ�p�PGdV�&#x1B;&#x19;A&#x5;E9����d)�	��Z�&#x6;��Zf��)f���n�����d|�`�� 5�[fI`�o�&#x6;�n�T&#x14;I�^IY$kh&#x10;�
�cy���g߬�2&#x1A;Q�iÔ@[&#x11;&#x1B;��jEֵ%��fL*h�&#x18;vXC&#x8;&#x18;�&#x1B;&#x13;?�͒^j��1w2"�I�,�T=AP&#xE;�J��&#x7;5q�\0�,hMO(Y�&#x14;��ݻ&#x4;���v&#x1A;&lt;�ߺ��Q�	h�&#x5;k&#x2;p�&lt;����wSp����`	���{�y����`(f'ݲ-ɤ6X�&#x6;(ft!�ԛ�3��羔L�pc�̀W��:4+�Z�~w�v�&#x1;&#x1C;w����}�P9˨&#x3;��&#x19;������鮣&#x15;�&#x14;��\0��w��[J��&#x2;�����&#x17;h�&#x18;&gt;�wL�D?;��TF#�Z6+�l`��]����Ķ��׿x&#x18;���&#x1;�&gt;�^|��v���w������G�f���q��޸AL{���$�����&#xE;�{�O��3��8/&amp;�5&#x13;�Y&#x11;�&#x16;������&#x1A;2�&#x7;�ϋ��gaM��Fέ&#x2;�+�SO&amp;��&#xE;��Լ��&#x1F;��&#x1D;&#x1F;�:�&#x4;�}q�5q���8M&#x1C;}��ؾ-���'Ģ&#x19;�b&#x19;&#x1B;Ǝ�3���%��E��|�V&#xB;�,5�.&#x1F;�s&#x1D;�&#x4;�r�:�&amp;j���&#x7;&#x12;�^&#x1C;�/�\0뎟��\0����=��dS&#x4;n3\0lֱ&#x11;5?���ɀvV�&#x17;&#x10;&#x17;`};R&#x1B;���&#x13;��(�]@�v�j�&#xF;�R07���eVk˕�&#xF;�-@k�C&#x13;�=&amp;�?�\�&#x6;q��&#x13;�&#x13;hk�����}�&#x19;0�(�&#x18;�mn&#x4;&#x7;�9#8�Q&#x16;�v�|7�A&lt;W&#x1F;�+k�M�D��8��(����lT��w h�,2�&#x15;�.�%I&#x19;C&#x1B;�&#x5;�V/�lY�0��$/&amp;�?V&#xF;&#x18;�9
4�5%�&#x4;�&#x16;U�I���I��8ſ&#x2;��A&#xF;+)lje]&#x2;:%��&lt;���n��&lt;r�\��9&#x8;&#x19;IdnȨ&#x1;�~V/�&#x5;Kа�P�ڭd[� &#x16;؞��PB�&#x1;�z�=Q&#x1E;&#x2;�&#x15;&#x3; ��&#x18;s�؄�a\0�#&#x16;�&#x3;�C&#x8;H�����&#x10;Z��l�&#x1F;�&#xF;m�7ο�e}+���~���G��o��?����_&#x12;���a|��r&lt;�r*&#x1E;\~%�y&lt;�y�h&lt;�q��Օ����◟]�o��&#x12;��w�&#xF;߿&#x1D;_|t1���%6���b&#xE;�-k�S&#x1B;��C{&#x16;��K�&#x15;3j	@Ϝ�'�o�&#x6;�&#x16;ś��O�'�]��&#x1F;��K�n�\�H�	�딠&#x1E;�&lt;&#x1C;O���߽~0n��'޹�?�];&#x18;�&gt;:&#x17;�~|9޻}2^;�&#x1E;�}Y�qrs&lt;�u2��8�Fs2.�&#x1E;G&#xE;,'&#xB;~0޺�2����W-/�܄9[�r3q��qyQ�s	�i�d&#x1A;?���xދ�&gt;O�0m*�(7�5Y�0�T�P%�&#x17;��$���IJ���h�Wv�)yM��1���4nv�D�G�'�p&#x19;I&#x12;&#x1C;��&#x16;P�L
��;��	�	�	��|\���?�&#x1C;�T�`i&#x1B;��Ӏ�e&#x2;�����n���Cǚ\0�V\0ЙI&#x1D;&#x5;&#x19;�(Q�ؤ&#x11;nrZ��I9d�_������vC�hJP��&#xB;�.s&#x2;a&#x1A;ĝ&#x18;T&#x2;���[&#x8;v�,@�(UA�E��t��&#x1C;҆��	x�V�
j�m�&gt;������&#x15;Q��r:�1qnJb	m�=�&#x18;X���e{�J{&#x1C;^90s�=o�R� &#x6; \0l�&#x1E;�7&#x3;l�&#x1E;Ki^�G"�&#xB;�X&#x1B;�Ϭ�b놷e�&#x18;�&#x6;�kʘ�Կw&gt;�&#x1A;&#x16;{�R�9���;ν�3�\?&#x5;&#x1;�R|���q+~�5&#x16;��w�s���7��͋/ǝKG�&#x17;&#xF;ވO�&#x11;_}p	��F|�\0�\&#x17;t۰��I`M��Kpq'v'��&#x6;Qc$Y�
�Z\�-d�-&#x11;m���ώ��AvЖx��8ux-��&#x17;��5&#x13;2�|��JJH�27ۤ��l�h��&#x7;w&#x1;6`&gt;��p|M&lt;�q(������~a&#x7;��&#x2;ꥐK&#x16;����@PbY�pT�g�صm.ɺ��H0g5]j�)#iV�v1�.��蝆^״���i0�?p�kC�W�Vy�$q+�^ &#xB;jU2�b�Z�Q�~'/7E\0�&#x14;�&#x1B;6#�fB��&#x1F;g��m\0�_�&#x16;&#x16;�+	�	bA��@��b��OBoI�Qk,X&#x5;��:�|��=�k��ռ91�꛸Ϲ��ˌ�`s��;Ʉ�U��U��&#x1B;&lt;&#x16;&#x13;��H�Q&#x15;S(�&#x7;��N,{��[��W�7&#x1;:u&#x5;i��ʣ߯߭�JntM�8&#x1B;�]]v�YrJ����\0�l%0&#x5;��L&#x16;8e�}��K��&#x2;��)&gt;���g���&#x1A;&#xB;`�tl�/�1��f����&#x1B;m�Ě��3ѥ&#x5;&#x16;�&#x1E;�&#xF;-�&#x4;\0&lt;V&#x10;�
�^�F7^���&#x7;�-&#x10;��
���à]&#x16;�^��L��޻&#x11;���&#x16;E��Fq&#x1;}��y&#x10;+�&#x3;��\0
bӨ^1���U�&amp;���Sc;��k�q�2�L��&#x19;���&#x4;�&#x5;�b&#x2;q�زjJ��?"�&lt;���&#x1E;'&#x16;5�t��ָ��}��]Y�x��1�+|���ؽmZ�[	�y��X&#x7;���&#x1C;&#x14;�!q��}&#x17;̄3��&amp;��\0&#x1A;&amp;&#x17;&#x19;j3ۖ�,K&#x19;G{ۘ�&#x4;�����&#x1B;{��Mq��ʸ{i_ܻ�?�@�|��?xEܿz\0f؞x���X�&#x2;9���b�4�X�&#x17;�x�����F�&#x1C;X&#x15;�v�s&#xE;ؖ&#x18;r�4s&#x13;�����E�&#x12; 	�����N�Q�ȩ[ȹN/��R&#x11;3&#x1F;�Վ�8�k&#xE;`󹠥���	f�:�;m�|q�e[�F�Z�&#x1E;�8&#x1F;`���UHO��V�LT�s	���&#x16;؞O���%�&#x5;���~���苾��&#x4;/�	9���&#x13;��i!����ˋ�fuQN�ՙČ��V{\[K&#x17;�&#x11;Ն$Ls&#x12;9MH�4��N˫%N^�G�!&#x1;����#Ε~�v&#x4;��Ҳ
�1�V7ži8���\0��&#x10;�ɽ�n-��8�LlNV67R�s&gt;ף&#x1B;D�=���&#x1B;��m�&#x4;Z���d&#x5;�T�N�&#x4;�&#xE;ho�C�=Z�T9D�ky�3�@�&#x14;ȩz��&#x13;�&#x4;�1�-����.��6���b@I�ō�5wl�&#x19;[&#x11;g^=&#x10;����8�sY&#xC;��&amp;&#x6;�n&#x17;�*������ҙ]q��&#x6;H&#x15;�c;�_���&#x1D;7���x�И2�g�&#x1E;�)��&#x18;��\&#x15;'&#xE;���\0�&#x18;`ځ��G��(q�A��^��&#x7;�̉�&#x7;WƉ��)&#x17;�?�.&#x3;���Wš&#x3;�c�*,��H�W��m����{o�&#x17;�w-ɀo�ˌ���]bJeI̞�+V�&#x14;�xV��&#x11;���Ž$�&#x1E;]?&#x1C;������o�&#x1F;��&#x15;&#x1F;�}�&#x12;؅���9j�g��^���&#x1E;������o����b&#x18;"&#x5;&#x3;�S~��&#x10;�&amp;��Z9�k,煔��+�=�u�w׋-eMu����4�ދ ��)3dm&#x10;�e�L=2�
��sn�D&#x3;��\0�*�f	7j���&#x17;Z�5�'�VL�&#x15;Bu&amp;��q;���&amp;��"vz&#xF;��&#x7;�*`y�����&#x6;T&#x2;+�u;.&#x12;�чܞrW;V&#x11;��K�`c6�����P�J���"�o��`�F���f��&#x16;I��X?gSS�z���D��֔HZ�*jC&#x12;�&#x5;�^o�$�lJ&#x8;�&#x12;V�ɡ�p~����%;Jk^�5&#x16;&#x10;�dC�y���vy��R
h��H&#x13;&#x1;'�r퀹$V&#x1A;�]�n&#x15;�&#x7;&#x1B;&#xE;Tې��&#x1D;�*�&#x1A;�w&#x1;�]�V&gt;��v&#xC;��Z&#x11;i⇏�*�&#x13;&#x10;�����^��3�&#xC;��ImR�F�d3\0"F��&#x18;�&#x1;���&#x12;^ǌs�&#xB;L��)�w&#xB;\�&#xE;$�:iq�km���%��&#x1F;��R��l�&#x1F;@�N&#x1C;&#x18;s&#x18;�;����	�3k&#xC;�}�1�mؐ�&#x18;:&#x18;��&#x11;�1{��8L&#x17;����aLm�&#x1E;�&#x4;��8qxS&lt;�s1��:&#x1F;��F&lt;��f|����r�'&#x1F;\�O&gt;�&#x12;&#xF;sg��&amp;��e�XC&#x16;x�ڪX���#:�VS�ٲrb�#�ux'	�ëqo׳Al�+Ĩ7_�&#x1B;Oޱ�u,�&lt;:&#x13;�N���&#x1B;'��4&gt;&#x16;�&#x1B;F&#x19;�:0�^��|yϲ8�&#x5;&#x19;���&#x6;�;$���&lt;��_C&#x1C;�6&#x1E;^?&#x14;��&#x1C;���F��B&#x1C;\0������.��w^!��C�nm�yrc\$�u��u$&#x1E;�s&gt;Ξ�&#x17;o�y,�o_��l7VWVI��{&#x4;�9�n��dX~����.�����&#x5;K;|&#x1A;�텖F�HnH�&#x1B;� ^&#xC;^&#x14;)&#x3;�%��\��ѣ&#x17;g��f�5�{X�B�P�ś�5�~�&#x1C;�Zy᧋ۿK���\-L�j��`b#��&amp;��&#x4;֏��R�
&#x4;m&#x2;�����&#x10;�\0&#x16;��xE�}&#x1D;I&#xB;��ZEcДO���t�����&#x19;HlP���w�~��s���=d���&#x1E;�^�&#x1F;�Fs�aX�K��$��&#xC;�Z&#x13;KZ&gt;���zMj?-&#x5;&#x19;ۦ��9`�&#xC;�p�+0��dԍ�/�&#x2;9��jJ=��7d�!c�f=���C&#x1C;&#x19;�s{���[�9���&#xB;���J6�tA
gȰR2�&lt;�&#x7;�&#x1B;�4��t�e��x��M,����{��G7�G7�О�9a/@�&#x17;��|�l�f��&#x16;�m�EW^ߑen�/A2
&#x17;} &#x16;} ��gϨ�%&#xB;��¹U�h&gt;�xᔨ"�&#x1E;���t9�K*i�&#x13;;�og�u&#x1E;N&#xF;��&#x15;(v���qf,&#x7;��x��Փbɬ�1jE,�&gt; v��!���[��mb�k�7��I����&#x1D;��&#x7;o�&#x17;&#x1F;_�+&#x17;w��n��b&#x5;@^J��D&gt;&#xB;���&gt;�G�&#x7;J�Ƀ�b&#x17;� {�&#x14;&#xE;�&#x11;u��x�&amp;��{����'��&#xF;.@&#x5;�&#x1A;_��&#x1A;��������r�&#x1B;gr�&#x1A;��&#x13;d2Cx}�a_�&#x2;7�ew�&#x13;,��4��I&#x3;��mL�%�]��
��莜��\0�(XR&#x12;%&#x17;�&gt;���]K�&#x15;/�D74fK�&#x16;/PW&#x1A;��뤸���ڧZ�&#x17;��&#xB;&#x12;_���F��$&#x5;&#xB;/t�#e~S�H��[Z���q�]i&#x6;�&#x4;&amp;/�dm&#x13;X&#x5;�&#x17;��&#x13;&#x6;��c&#x2;Z��|A��&#x17;^����3	�T�&#x4;f7��a�9&#x12;�&#x5;���w�߻I�"������{r��º��S"��bAmBI�&#xB;䔀��1i%��*O������h�ʿ��w�&#x1; 7�O���݌��Xٍ��﭂晾|��z&#x1D;|&#x1F;&#x1D;��z_��0��6���n�����&#x19;�#&amp;�5&gt;�wU�{�\\&lt;�/�}��q���s&#x1F;�w�&#x4;&#x14;	*��w.R���ky-&gt;r9&gt;}��xr�t\��|&#x12;&#x10;�ݶ���&#xC;x̴��1~T�&#x18;�蘉&#x8;&#x1;N�&#x4;�&#x19;*�&#x14;D�p�gN!��: �&#x1;���j��}�7��&#x5;��&#x7;�΋˯o�W_Y&#x1B;7��&#x17;��!�pߤ-���%�36�[\0��!&gt;+����[���};�š��3&#x17;]��&amp;&#x1;������v=&#x5;�Ƶ�؄�d�9{b=�΅�u�8�}n�ص &#xE;�Q�ZY&#x15;��z�Ěxt����&#x17;W�O��&#x17;��^|�������x��Θ9�t���&amp;&#x16;��&#x4;����&#x8;:x�;j����N�K��&#x2;[w��Zik���&#x1F;G+�2�)&amp;�Rh=S��ś&#x18;B�ԕ�(^�h����mA����&#x4;���&#x17;�&#x17;����Qy�9�&#x15;��&#x1C;p'�%O!	�������.?��#�T���9��խae����	�	��&#x13;�5�e&#x1;o��Q+�V"�$2�����߁��u�7&#xF;7&#x13;7��Y�4���Y��~ߩ&#x1C;�6P7D��F��&#x1A;{w&#x1B;6��&#xF;&#x18;!B�((��&#x1A;�z&#x14;�ƭ�F@��Dd&#x6;y��&gt;&#x19;ȵ�&amp;��@��4a*&#x13;A�&#xF;��0��&#x19;z���&#x16;ذ��Y_\0��t&#x10;�+P�&#x19;O�S��;��Ҡ�P'y&#x1D;�J/&#x1F;�&#x16;���Q|��#h����&#xF;ߊ/X�&#xF;��&#x1;��c��&#x18;�圌&#x1A;��s��-q����\0��1��w/��&#x1B;'���&#x7;`[-��c�&#x11;&#x1F;w��Ue�&#x18;fւ��b�Ȟ�&#x5;&#xE;�TAL&lt;�&#xF;	�A�x����&#x17;�&#x14;�U�8�ؾ1&#x6;�`&#x2;���Q]y^w�s�6I��(&#x11;ݿu�$&#x15;\0�2�8{rVC�f�U~��ڸA���V-�u&#x17;��L�;���T�g�	�C�;ati�&#x1C;�!��+�&#x17;����cݪ	�&#x7;O@�&#xB;�s�l�� ��I��o���&#x1F;_��r-���r��߿��A��&#x1F;?�/����3�&#x5;&#x16;G刮�h�茉V�:���5��&#x5;�d&#x4;�D&#x1A;&#x1;-�&amp;�3�r��qR޷de���\G&#xC;��\0D:�G���!�FP
Թ&#x8;�D``2��&#x17;�9V&#x18;�V�m�s&amp;��S7�&#xB;T���-�6���H�N:�@&#x1D;�؟�g&#x1D;i���j�a�dP�4 �&#x13;&#x11;��@�&#x8;&#x1C;��1&#x17;����&#x12;]����&#x15;&#x16;�&#x2;7���	�&#x1E;�����}dBy����+cO)��{fS&#xC;�����&#x2;���&amp;)}֍��N�(7�N����d&#x1B;+�S&#xE;V���G����t�&#x5;���VZ��ac�l&#x8;x�D�&lt;ϧ�E&#x2;]%&#x10;�z&#x17;&#x12;z��7.]kʈ���;��/�*&amp;^nں.j�M	O��ԙ�c�|\��Sc��&#x15;q���[���}�$���^|��R�GI赣���&#xE;bJH&#x10;k�Vf����q�Rї���jފ�?�&#x13;��cx�����]�&#x1D;p�W�&#x1A;&#x1E;�I0�~m|�����p�~bs� [�����5S��k�x�t��&#x18;��_ߍ?|}/��&#x17;w⣻�&#x11;w��pq?��x���]&#x8;&#x17;�p�/A&#x2;��ڎ�&#x1B;I&#x17;{&#x1E;=ó(��bK�8{d]O�望&gt;�'�L=�\0؄F��9��=&#x1B;�&#x1C;j�&#x2;[@O&#x1E;�#{l:&#x1B;Μ&#x19;��XO�D&#x6;�o�&#x1E;GH�=��
��U&gt;����o��&#x7;&#x3;�V������߼C+�&#x1E;�_膣D2�ФE�� n�&amp;fL&#x19;
��Ǹ	����yn\&#x16;3fM�,�A&#x8;`&#xE;/�Z&#x2;��j�\&#x1A;;Kd���t:o���.���&#x11;&lt;&#x2;ɋ�&#xB;��ή�T�\0+�(��[��۶K
¾�P�&#x19;��zN��&lt;o����&lt;&#x6;&#x1;&#x3;Ϲ�;_�ǒ�Me&#x1A;7��ĕ�ƁT�M����@\0J�&#x8;,���5��2�&#x2;M�zL��u��c�~&#x16;scm&#x5;�&#x16;31��(&#xC;Q&lt;W3�wnq&#x1E;z�Z�&#x4;��h[��ԣ&#x1;�&#x11;&#x1C;d�����]��)��&gt;��j�&#x16;V0�%ֺ
@9�&#x2;�j��i�=�e�J&#x1B;K{����,&#x11;�xf�a_)&#xC;_��{&#x5;��&#x2;�&#x1C;7$֮[&#x1C;۶��42/&#x6;&#xF;�	��̅d�ۿ��&#x4;yb��T58Ο�G\y&#xE;�&#x3;���W��������&#x6;d��NǷ�]�/������;����I��&#xE;$��&#x6;n����Ь�;�`�w��&#x11;&#x13;I��"3�郋�&#x1E;��?}�0�#N���7��^�&#xF;��W��&#x1B;X�&#x7;�{&#x1C;�����',�&#x17;Ԛ?|�&lt;I�ì��&#xC;�q�t|�����On&#x1F;�����ػ(��&#x2;x9������c([Ue�&#x17;SzZ����&#x5;��P&#x4;ѭ^&#xB;�kќ!&#x19;p��&#x4;3k������&#x19;d�&#x17;���s�ث(&#x1F;�ٺ �&#x1C;&amp;P&gt;[2{&#xC;�=&#x14;���A��&#x1F;?�?��}�|�h��gQЦ6&#xC;�f�Cj&#x11;&#x13;&amp;&#xE;��&#x13;&#x7;&#x13;���,�ָ/D��Ɍkb����@�H�~�ʳ�X��&amp;ID&#x10;�gB��-Zl/"/ &#x1;�&#x5;&amp;\0SBƋM�&#x15;&#x14;d�P\0�x*ci��u&#x17;�&gt;�~h�:V�l��&#x7;�Z�y&#x1F;O�?5&#x1;�l&#x4;H5X�/���&#xB;(�۞&gt;wj*�H.ՙh]]A�&#x2;��&#x1E;��&#x15;�&#x2;���N.���&#x1C;e�+�&#x5;���eO&#x1C;f�&#x3;Zd�?�&#x13;&#xC;&#x17;�\��?���&#xC;�n&#x1E;&#x2;��n*���Z��&#xB;�P�;�k7(%�|}]kc�TQ�$�&#x18;&#xB;��t!0=�4�J&#xC;+���N��
&#x1F;�u&#x5;��5����򐖺&#x5;�V�1*��4���T�Ql&#xE;�q�o^;&#x1F;�.��%�&amp;Gw�B��ڲ&#x11;t�i3��f�$&#x3;]&#x18;������&#x1E;߿6�ð�����������\0�J|%���?��&#x8;���ѥ�vr{�Z5-�/&#x1E;&#x17;�g&#xC;���Q�6t���&#x18;?�4fM@	&#x7;wz�ԡql���P!����j��K���&#x17;����d�o��3ޢ��-&#x8;&#x17;&#x7;6΋m˧�R\���&#x6;Ŧ%��Ծ��p7c���&#x5;�&#x14;�&#x1D;Z&#x1E;&#x17;��I�&#x15;&#x18;V�v��q�ҁ�w�H�nߔBI&#x19;����YY˘�&#x18;Z�+��Y/&amp;n6Iv���&#x15;)����&#x1;��4&#x7;��lt�&amp;�مdt%-�d�&#x17;�&#x1B;��9&#x6;W|m�?&#x18;Jv:�}&#x1E;�3��\@2��/&#x18;p�z��ª&#x18;�#s�[��ӽ&#x1E;6�&#x1F;Ě�tM1�)5�'7;�&#x17;�ڞ�r��3�
�ja&#x5;[J4%�P�e�&#x1E;Y/H�'8mU�Ҹt���ɍL퓉M�\�du�v�WJ|����%�#jv&#x5;	��&#x1A;)1��wݐR�,0&#x5;�c3�8�,��y�ލ~W�XR������se�-V4s��$R^᧴*&amp;J��Kqn�&#x7;`D�u&#x13;y�A����ӟ����&#x15;��va3LI�D���J�x&#x1F;3&amp;���V[�&#x15;��Q�4&#x1E;��-&#x11;3&#x4;�%�Dܐ��Z&#x12;u��/�&#x5;y��I.�N�x��Bw�iy�)ZVE1����U�7&#x19;՞x&#x3;]K����9Ə�&#x14;�X�h\,e�EQr�I�q�j�򩉞ڻ,޾��2��l}z�\��&#x17;�U��_&#x11;;&gt;�z$c9�\&lt;26����b,��)�cFU&#x5;�����cł��w�&#x1E;�ǰ�&gt;�w&amp;���&#x12;t�W�;��Ox&#x15;u��wm7��aiU�߲&#x10;��&lt;�Ϥ&lt;�1Kj�~j#L��&#x19;�c��&#x19;p��fq�&#x6;x�Z䩕�c��&lt;�kf�M��r_\0�&#x2;����fuj]�YS�3WZ����t�ڡ��������Oŝ&#x1B;��P�Z�:�����j&#xE;��;Wǌ镌�A�&#x13;}��&#x3;:��=�-����8D\0�2q�b��&gt;����&#x6;&#x13;��U&#xE;��k�QL�i��&#x1;�5�
�&gt;�&#x15;ʑ�?Uΰ�N�&amp;���3k2�?�8&#x11;y\cb�VA��-8��Z[]g&#x1F;&#x13;��&#x13;�n\0��@�\0��zRG�V(e�M�&#x8;�T�9&#xF;�f;_MЦRV�"���g�*bb���WP���j{_&#x10;���ZO]_&#x1;hr�fL�c)�V�45D����&#x12;��&#x1F;���gȄ&#x1;�����2ק�Op�޾�K�gnx�E��)�C랾&#xB;�o�&#x6;~�v���v-6��e��B�M��
d]�~�&#x19;����&#x12;a��6=x���x����e.�&#x19;qG�N�]����2&lt;6�&#x1E;&#x16;P3^H�g��&#x15;�3��&#x17;�&#x13;�߾&#x14;��_&amp;&#xE;��h�(&lt;��mb&#x4;��1#Kb&#xC;��&#xF;e���� ���^-c��n�&#x7;&amp;��WwbIߠk�Q�ͯ&#x1E;&#x10;�bY&#x1F;�N=�Pl�8)V�&amp;��Π��ng�ގ"~�����d�&#x17;@&#x1E;Y�՟;&#x1D;=�&gt;m�Q{�&#x16;�=;�&#xF;�f��&#x4;�c&#x1;Y�=&#x10;?&#xE;�k^:4��(&#x18;ZC�~#b&#x1B;I��&#x7;��a`)&#x4;p��v��&#x1B;2��&#x1B;��a/&#x1F;�%�*�ܳ��d�&#x13;Z���1��ܿe����4����꥕&#x19;!�%�Ǐ*�UK��Vz�O�Q���&#x16;JUK��{��ͺ���%яyQ-&#x10;���&amp;\��g7����&#xC;�)S�3��k̙W�*J���*&#x5;���7&#x6;����ɦah�]���aiʌv�9L��:�&#x1A;���P.&#x12;ƴ�&#x18;���N�s.��x&#x2;�\0U�@� ��m�0�Q\0&#xB;�d�S&#x1C;�,s,&#x11;Pj�ȩ&#xC;��K?�{�,tr�kZ�Di�Ɋ򜟥湬ѾZ�H��m�0tƌ&#x8;V����s*I%�,��%�yf�&#x5;]&#x2;�n�\0N��V��;kH`&#x3;�&#x16;�e�w�4ʥ���������)fvC0�`���Jnw*�����&#x12;��"ky�ҩ�,��L�I-�;r��,&#x1;&amp;�k3]S`��{&#x10;�c���h�^�!.)+��/���2N&#x1F;���6⽕(Z&#x10;{^:&#x1B;��] #�n���꣫q�l�lj��&#x17;��e\�K�&gt;Ι7&#x14;&#xB;3���p����4T�;�j�� �[�N�ݏ�����O&#x1C;��mD\0.đ&#x13;+H�2�hX&#x1;���ɒ�#�&#xB;7��ذ&lt;Ǝ�`&#x2;g�&#x18;��θ1ݣ��ԐA&#x1D;�*��8 &amp;��	&#x1B;�O,ƺ�E&lt;o��&#x11;l&#x4;L�$�=�d�&#x4;&#x12;TS&amp;���&#x10;EfL�&#x1B;�f���&#x8;Es	�&#x1D;S�d׹c�	���ސ���!��L��a�чp��/_�Du���+�ɬ+�R����&lt;��w�C&#x16;�u4&#x13;�&#x1B;9&#x18;�&#xB;��9��_1���&#x7;!�&#x1D;?&lt;&#x16;.�B�&gt;�ؘa�#�ENh�&amp;�q�&#x1;&#x17;&#x11;&#xE;��֟qJJ&#x1D;�Z�&#x1A;��&#x1E;���&#x1;�VQ&#x1;]k��y&#x19;�GT2{&#x19;@�&#x1C;;&#x2;��*����iX�I1��JfCiuF�̩�ll��d�;�sM&#x1B;�&#x19;�)�N=�i���iu�:Fz^��&amp;�h*�d�%bI��&#x1B;`�+�$����t�`IRF^��&#x2;�5{�}�&#x16;67ds��~�&#x15;Q�&#x4;gl	,-t�&#x16;���,�&#x5;��-g
� 4�����yjL��1�&#x1D;L*�͠:v���O&#xB;`&#xF;&#x14;.� E#�bBըX�ai&lt;|r7�a�&#x6;����&#x19;�R�-���{L&#x1B;����Jr��Q
r4K9ZU&#x15;���$��m&lt;�ȝ&#x1C;h�&#x1B;��ʝ&#x5;)Z���Ȕ��v&#x15;A���&#x4;�&#x18;���&#xF;�J��&#xB;�&#x3;���&#x8;�;��yH&#x5;�O�4�ȯ&#x1B;�eH�&#xC;�&#x12;�)�̙3&amp;��\��+%�)��-f�&#x10;�c&#x13;	��&#x8;�]%#|�F�=��њ�:��L&#x1C;�&#xF;�u�&#x4;�l%ɢ�q&#x11;6�C\��&#x17;v�Tp�X�:�����Ǘ��&#x7;$�&gt;�&#x14;��Zܼ�?^��%V����[��&#xC;&#x12;H�Gu��AA&#x1A;wX���u&#x1E;5�g&#xC;��4&#x7;�N��&lt;��Tjɳ`�-��x&#x1E;Vx.��3h#���&lt;�1�\0y4&#x19;��J����&#x19;3!�("?�3upt��w���1���&#x1;&#xB;lIf����&#x1B;�z&#x15;%�ո��2q\0��O�8q`�\&#x1A;;6��ٌ~K&amp;���ލ��E�g@�&#x19;�)z�6���gD/��ض5m����`�N	�P_�&#x1E;�!�&#x1C;e/\0/���۰!O�;&#x1E;CR�%��n�-�ۦ&#xC;UL]y&#x18;�^c �&#xC;&amp;������&#x1E;��Ѯ�ˬ�l"J�*ܧ¦G�iiMv�̶qt��I\�&#x1C;\0�w���&#x4;`�TI� ŷiHu�$'�&#x2;�6�`����&#x11;��޷l��ҭ5&#x19;���&#x1E;uY{0OJkח�P��&#x14;&#xF;4��yo��U*A&#x19;��/]�1q�|n8�uhu|&#x1E;q?�n9�[��L�����j���&#xE;��m��$�f&#x13;�yK)۔�Qå�b��q�s��B�q��}�J&#x8;&#x12;���������q�օ��Λ�z�&#x2;&#x18;=�w�M�&#x6;��&#x1;~��[;1���)&#x11;D�u� �Lr&#x1;���&#x5;��X��d7�ae�&#x1;t&#xF;����Fvd,J74����j݊�&#x1B;&#x17;y0n]W�0��6π:9���Ё&#x1D;`G���J&amp;#T�q����{^��#�TFS� ��1�a&lt;k
#V�S�&#x1D;E\7~$���Tڼtt\&gt;&#x1;�_?&gt;���%��/�i�@Ƙ&#x1E;[t�&#xE;o�&#x16;��&#x17;W�o��\�?}~'���;�w��&#x13;&#x1F;C��qz]&#x1C;�:%.&#x1F;_&#x1E;'�ȇ��c{f�zZO�y&#xE;ݭ&#x13;q��������ʾh�W�&#x18;2�UdͧL&#x1A;&#x12;3�ۿ���&#x11;t5M&#x1F;B6�&lt;��'A&#xC;Y���&lt;�9d�WA�9����&#x1E;�S&#x7;�H�x��rbԱ1��g&#xE;	�&#x13;��f���;����z=�&#x6;��ΦG����H���ܼ�5��9&#x1A;��:&#x14;�?:O"�V�=�����d�&#x1F;SV{��ʷ���ų&#x10;.�7&gt;��94kf�=�Q@j�H'��]&#x10;�7��&#x15;#�ZC�!(f�&#x1F;��������&#x5;X�b��L�(&#x1B;@�&#x1C;&amp;X	�&#xC;&#x7;�5��6&#x1F;��H�UL�P�K��8L�lb*�n&#x13;�?&#x1;X��:��Rn�6:j��&#x1D;@)k��5^ty�Y��&#x4;�\S�][�G�&#x6;}��_����&#x8;�Sm6e�=�&#x4;� v	`�Քi��Q#&#x1D;�^�,�$�ztC����M���l]�5�?&#x4;��z�)�g�g�&#x1D;��&#x1;h���&#x13;���]xn&#x1;�N	I�nX�Q�3��!&#xE;;��2�&#x1C;�@]�a�	�&#x18;s��0y�Ȭ�o&#x1C;��Ly0��&#x7;�k]b�&#x5;�m&#x1;�8Ŷƽf����[�޴s���ۣ?q*塞m&#x15;&#x1A;m%H�t�|	Vx&#xC;=�Ӫ�&#x12;#�C�ce,&amp;��ʁ-&#x10;7ަ&#x1;�ͬ/�&amp;��'��&#x1E;ط:&#x16;.���&#x1A;�0zD��J�to���uƗ�Q�Z�i	r9�7/ ���:��8&#x4;E���=��ĻW��z�&gt;&#x12;��s4�xx2&gt;�E+&#x1F;���O�&#x15;�2���`ߌo߿�1�ο�8&#xE;���9=.&#x1E;Y&#x12;�.A�|x
�Z���o�8&#x12;�3��e�&#x1D;�س*f�&#x1F;��ko�8��&#x11;��d2ߔn&#x4;�&#x4;F�L�R&#x1;P�ܡ��%�������&#xE;��&lt;.�&#x19;8�'`d9�m2�&#xF;�3�j&#x10;L�Q�
�2&#x6;�|�����׆ŵa�h�hS��&#x5;��'i��??N&#x1D;\&#xC;g{s���ۯ�x+&gt;�&#xC;���&gt;�����Y���W��a&#x1C;�KWO�嫧�����n=�&#x17;�;��Ͷ&#x1C;�Lo��&#x19;%�k�-&lt;���y_0&#xF;���QС&#x19;	.�c0&#x12;��r�`v���+�&#x15;��[��,��5�ԅ��K$��&#x1A;Qf��ص��=�V�� K�}�����I���&#xC;s.ae�.g��Ơe��K�;E��T�Vp&amp;
fM��&#x16;�,�	*����d��&#x8;�&#x10;LXi��!ݫ��u�N���L�\x�*S��&#x1A;&#x11;H��\��ޅߍ�&#x1;�&#xC;������n����$'
�I˰��摔ٹ&#xE;.rGT i4�C]��&#x15;vס��$���&#xE;/�G��KͶ&#x7;���X�n&#x19;��k殷b&#x7;w2aW2��xN&#x19;�X&#x11;&#x16;ZwZ�++G�wc3&#x19;��U_޷'&#x17;�ꥴ�&#x11;��r��&#x7;�&#x18;Y�W��U�e�����w&#x1F;ф7��:EKݦ8�&#x5;ٷo-ud�&#x1;��&#x19;��2��l��&#xC;E��3���R4��S#=�o&#x15;&#x2;x���&gt;"��&#x1E;&#xB;'������8J��Z���?����&#x1F;x��%�Z�ވ����u8Ʒ��&#x6;���c2ѷ�o�_}p1��Ww�&#x1F;s/����&#x3;��񷿾���n�AUE�k1�sdA1	q&#x2;�&#x1D;:�O�&#x10;��q�!S̜1��rt�^�p&#x1E;-�{�,�-�{��c���I�09F\���qn9Iq&#x2;@�9�&#x6;��F��lhsf�&amp;&#x16;�߀�=qL&#xF;�i2�&#x6;&#x12;K� 	v,�^�GS&#x6;V&#x1D;��&#xC;��e��;�$#&gt;�|�.&#x4;	^�9'��E�V&#xF;�i�&#x3;&#x7;w�y��G2�p���&#x1;jo:�&amp;0&#x1C;n0&#xC;�B�!~�&gt;�8zQQh�-�#y�.���\C%�1&#x14;u'�E��9[���)t�&#x17;z&#x1;��&#x1A;o�)k&amp;�&#x12;��&#x18;.W&#x12;�5�k��k,\0�&#x10;_R�&#x10;�Z��&#x8;��&amp;����m&#x14;J������J%������TR�)XS��ۉ�%PS�ó�N�}�D��co7n&#xE;�&#x1C;&#x1;&#x4;&#x5;�[Ж��ON�άon&#xE;��U�=&#x1B;b�e�e�x�f�M&#x12;��&#x11;-&#x5;쨮"�mG��&#xB;i̘A\Dc�?@눥- ��K�iɲ&#x19;����x�'N&#x18;�&#x1B;;&#x1C;��rT(�a�}xl�k9Z�Xh*R�&#x12;&#x4;������EBy&#xF;���C�b&#x4;��ʅ(@n^E҆�*��&#x13;&#x14;%�ţ�&#x3;b���a�&#x1E;Y����'�w��+��).#���#t�90�&amp;ay�[Fڂ$1�&gt;�돞@���N&#x6;��᳢��&#x10;�&#x15;��/�K̼r
��q�M�¡�q���g�\0�d�&#x11;&#x1;���H�����G�&#x16;m�/��~߄�q/����\0���������&#x1D;��O�&#x3;��ݻ�-V�]&#x12;Fo�fx�d�r4�&#x16;�c��Ċ&#x18;=�wT2�yde?F�&#xC;"��%�&#xC;���'�&#x14;[�4�b�b�&#xE;!H�P���&#x1F;�B�}��X�r&#x12;��X�&#x14;��gw�+'61
u&#x1E;�&#x17;�|&#x11;gO�Ĥ�y|�$�&amp;W�JF��&#x19;NV�Y�fȏ���&#x10;Ր�s'���z&amp;&#x1F;�2��3��@	=D�.&#x1D;R&#x1B; ɜB&#x1C;�F�~f/r�0&#x3;&#x6;�N�|��WF���|��1cэg2d�2&#x1A;b��&#x15;]&#x18;@&#x17;��J�?Pa[2��l��MW	U�^��&amp;�&#x1C;����l8�-���&#x13;e���E��PZ��X��8��$?#�K��&#x2;8��5{qk���&lt;k�&gt;�)���� S&#x4;�rV_P&#x19;/���*U*vW&#x1B;&#x19;Z�S�o��&#x19;I&#x3;P��C�pj�&#x10;��6%��\0R쬫-�s&#x2;&#xC;&#x5;Y)��&#x18;1w셥둑&amp;&#x1A;�0#\;�3�f&#x1D;�fd�т^�'�-�WUF��&#xB;�"���ޣ*�6&#x1E;&#x14;K*�}U��@SĘq&#x3;b�깱z���&#x7;-�5��`��X��e|&#x16;]�J��=8?��{՚�Xl:ڈ��1,~�đĽ�_�Q�Z0#�͟�N�&#x19;�S�������O\0�{&#x19;��}r+�!�s���X5�a}���Hr&#xC;݈��&#xC;�&#x19;�&#x18;&#x1F;*&#x8;6�˻p��X�v
�HFp&#x1B;R&#x3;�c).��uXj&amp;&amp;�߻�D&#x18;��� �Ƣ_�&#x1D;�=H!�����o`�XWO��&#x17;&#xE;aqo&#x1;�'��&#x1B;zp��mh�7��'��&#x1B;����V|J-���W2��Yj�ۡ&gt;Ξ�/&#x16;�&#x1C;B)ip�&#x1E;ZL��`&amp;&#x1C;�Ǩ��Hz�a&#x3;C���=�V�*@=�f�IU&#x10;[���+/��&#x1;�&#x3;��I����W���w`��^�����G���(pn��س{Y��c�&#x2;�&#x11;b���A&#xC;��1�B�,g&#x12;ǲ&#x5;��&#x1C;�ܮ]��&#x8;�&#x13;��Ӭ��&#x19;,���&#x1C;vm]&#x8;�W��u&lt;�G���7b���4B���C��Mw&#xB;���m�q&#x4;&#xE;ޖ�G&#x13;&#x1D;�J&#x7;Y�R4�{��7�&#x1F;��TF�W߯?�&#x1B;�&#x6;-��$W&#x7;�&#x1E;���&amp;^:�ҡymq���:P&#x2;&#x6;Xߧ�M����?�f&#x8;;�+բ�;\�&#x18;[^�n&#x4;)�&#x14;&amp;S&#x3;��&#x16;�n&#x2;Zz-�`V�R&#x10;����!&amp;��&#x1;��T&#xB;6V&#x16;��SZ�(��҂T���uaA�s�T9ޕ"{u,��uǕ�����y�A�M��v&amp;;ܹ��6&#x8;�&#x11;��?��vF:a��N7�L#�Ճ��𑃱���&#x1F;qw&#xF;Xt��R+!d�w&gt;�銫4���!=y.l7��&#xF;կ�&#x7;�&#xC;�҈��~̂&#xB;f9���e&#xF;��&#x16;wo_FA�1��w���?"��!�����o&gt;�������/?`=���&#xE;�޵�b&#x15;��Ũ:Ι@�01�l�SW&#x11;"T"9;�&#x1;i��L &#xE;�&#x18;+��ݰaf�9�-v�h�&lt;&#x1D;O�&#xE;�	�&#x6;e��D&amp;�x�&#x12;�&#xC;\0��&#x18;t3���kfŒ�#c&#x1E;ɨ�$y�-���t2�Y&#xF;y���8���g&#x7;7f�&#x1;�&#x1C;�3 |�\e�R{)&#x1;-��n5u�єm�2ne&#x6;ɫ�&#x13;�B{���m^4��'h�3P��&#x6;�k&#x1A;uX&#x1;&lt;�R�TD�\��C&#x6;�&#x16;�z�E�v�&#x1A;I&#x17;4Y��&#xE;DUs�𮀽?����@��c��8��9~ls\|�\0��&#x1F;ǎn�=�y�f&#x14;7W��5�c�$&#x1A;4��&amp;�/�	czA�,�i����z�*�y.�&#xB;�d�\0�0z�s�m4��J\���v���f�ˈ2��6���qS���&#x3;�)&#x2;�+-�&#x3;&#x18;�:l&#x14;1?�&#x8;��&#x11;lZ�bC&#x18;&gt;ш�U-s&#x1B;�.&#x7;��̧�&#x15;&#x1;��lhe�L,;�$����&#x2;����o� L\0\0\0\0IEND�B`�</StdOut>
      </Output>
    </UnitTestResult>
    <UnitTestResult executionId="1efc0245-b1f3-4256-9a31-fd99a99dc065" testId="bccb58cc-1cce-162f-54b4-53ddafd79ee2" testName="ConvertToListTest" computerName="LUKESPC" duration="00:00:00.0005411" startTime="2011-10-30T23:39:29.6090064+01:00" endTime="2011-10-30T23:39:29.6140067+01:00" testType="13cdc9d9-ddb5-4fa4-a97d-d965ccfc6d4b" outcome="Passed" testListId="8c84fa94-04c1-424b-9868-57a2d4851a1d" relativeResultsDirectory="1efc0245-b1f3-4256-9a31-fd99a99dc065">
    </UnitTestResult>
    <UnitTestResult executionId="e834313d-d9b4-46ca-adf0-28b8ff63b1dd" testId="ebb56ab5-42d5-71fc-9442-26dde5656280" testName="OpenNewWindowTest1" computerName="LUKESPC" duration="00:00:00.0115805" startTime="2011-10-30T23:39:29.6150068+01:00" endTime="2011-10-30T23:39:29.6300076+01:00" testType="13cdc9d9-ddb5-4fa4-a97d-d965ccfc6d4b" outcome="Inconclusive" testListId="8c84fa94-04c1-424b-9868-57a2d4851a1d" relativeResultsDirectory="e834313d-d9b4-46ca-adf0-28b8ff63b1dd">
      <Output>
        <ErrorInfo>
          <Message>Assert.Inconclusive failed. TODO: Fix this: new DetailWindow(vm); throws an exception; is it possible to create no new DetailWindow in this method?</Message>
          <StackTrace>   at ProjectFlip.UserInterface.Surface.Test.ProjectNoteViewModelTest.OpenNewWindowTest1() in J:\dev\flip_svn.elmermx.ch\code\trunk\ProjectFlip\ProjectFlip.UserInterface.Surface.Test\ProjectNoteViewModelTest.cs:line 80
</StackTrace>
        </ErrorInfo>
      </Output>
    </UnitTestResult>
    <UnitTestResult executionId="292b2cb2-9c90-46bf-a0dc-07fbf96ee78e" testId="ed30b4e0-dba3-8e7f-0ab5-fcc96c1c7e5e" testName="DocumentTest" computerName="LUKESPC" duration="00:00:00.2455369" startTime="2011-10-30T23:39:29.6310077+01:00" endTime="2011-10-30T23:39:29.8800219+01:00" testType="13cdc9d9-ddb5-4fa4-a97d-d965ccfc6d4b" outcome="Passed" testListId="8c84fa94-04c1-424b-9868-57a2d4851a1d" relativeResultsDirectory="292b2cb2-9c90-46bf-a0dc-07fbf96ee78e">
    </UnitTestResult>
  </Results>
</TestRun>