<?xml version="1.0" encoding="UTF-8"?>
<TestRun id="f6ad14cf-7077-4657-87c9-e9939ce9c529" name="lelmer@PIN1262035 2011-10-31 14:23:39" runUser="HSR\lelmer" xmlns="http://microsoft.com/schemas/VisualStudio/TeamTest/2010">
  <TestSettings name="Local" id="ecb0bfb1-6f24-4efe-acbf-86949a26cdb9">
    <Description>These are default test settings for a local test run.</Description>
    <Deployment enabled="false" runDeploymentRoot="lelmer_PIN1262035 2011-10-31 14_23_39">
      <DeploymentItem filename="D:\flip_svn.elmermx.ch\code\trunk\ProjectFlip\ProjectFlip.PdfConverter.Interfaces\bin\Debug\ProjectFlip.Converter.Interfaces.dll" />
      <DeploymentItem filename="D:\flip_svn.elmermx.ch\code\trunk\ProjectFlip\ProjectFlip.Services.Interfaces\bin\Debug\ProjectFlip.Services.Interfaces.dll" />
      <DeploymentItem filename="D:\flip_svn.elmermx.ch\code\trunk\ProjectFlip\PDFConverter\bin\Debug\ProjectFlip.Converter.Pdf.exe" />
      <DeploymentItem filename="D:\flip_svn.elmermx.ch\code\trunk\ProjectFlip\ProjectFlip.Services.Test\bin\Debug\ProjectFlip.Services_Accessor.dll" />
    </Deployment>
    <Execution>
      <TestTypeSpecific />
      <AgentRule name="Execution Agents">
      </AgentRule>
    </Execution>
  </TestSettings>
  <Times creation="2011-10-31T14:23:39.1669479+01:00" queuing="2011-10-31T14:23:39.2629479+01:00" start="2011-10-31T14:23:39.2679479+01:00" finish="2011-10-31T14:23:39.4949479+01:00" />
  <ResultSummary outcome="Failed">
    <Counters total="1" executed="1" error="0" failed="1" timeout="0" aborted="0" inconclusive="0" passedButRunAborted="0" notRunnable="0" notExecuted="0" disconnected="0" warning="0" passed="0" completed="0" inProgress="0" pending="0" />
    <RunInfos>
      <RunInfo computerName="PIN1262035" outcome="Warning" timestamp="2011-10-31T14:23:39.2629479+01:00">
        <Text>Deployment is currently disabled. The deployment item 'ProjectFlip.Converter.Pdf.exe' on test 'ProjectFlip.Converter.Test.PdfConverterTest.TestRequirementsNotOkTestInvalidToPath' was not deployed.</Text>
      </RunInfo>
    </RunInfos>
  </ResultSummary>
  <TestDefinitions>
    <UnitTest name="TestRequirementsNotOkTestInvalidToPath" storage="d:\flip_svn.elmermx.ch\code\trunk\projectflip\projectflip.converter.test\bin\debug\projectflip.converter.test.dll" id="954ed5ba-afba-a3e7-b72f-46f96822c0d6">
      <DeploymentItems>
        <DeploymentItem filename="ProjectFlip.Converter.Pdf.exe" />
      </DeploymentItems>
      <Execution id="536c701a-abea-4a13-83bb-e5a023259ccd" />
      <TestMethod codeBase="D:/flip_svn.elmermx.ch/code/trunk/ProjectFlip/ProjectFlip.Converter.Test/bin/Debug/ProjectFlip.Converter.Test.DLL" adapterTypeName="Microsoft.VisualStudio.TestTools.TestTypes.Unit.UnitTestAdapter, Microsoft.VisualStudio.QualityTools.Tips.UnitTest.Adapter, Version=10.0.0.0, Culture=neutral, PublicKeyToken=b03f5f7f11d50a3a" className="ProjectFlip.Converter.Test.PdfConverterTest, ProjectFlip.Converter.Test, Version=1.0.0.0, Culture=neutral, PublicKeyToken=null" name="TestRequirementsNotOkTestInvalidToPath" />
    </UnitTest>
  </TestDefinitions>
  <TestLists>
    <TestList name="Results Not in a List" id="8c84fa94-04c1-424b-9868-57a2d4851a1d" />
    <TestList name="All Loaded Results" id="19431567-8539-422a-85d7-44ee4e166bda" />
  </TestLists>
  <TestEntries>
    <TestEntry testId="954ed5ba-afba-a3e7-b72f-46f96822c0d6" executionId="536c701a-abea-4a13-83bb-e5a023259ccd" testListId="8c84fa94-04c1-424b-9868-57a2d4851a1d" />
  </TestEntries>
  <Results>
    <UnitTestResult executionId="536c701a-abea-4a13-83bb-e5a023259ccd" testId="954ed5ba-afba-a3e7-b72f-46f96822c0d6" testName="TestRequirementsNotOkTestInvalidToPath" computerName="PIN1262035" duration="00:00:00.0263882" startTime="2011-10-31T14:23:39.2729479+01:00" endTime="2011-10-31T14:23:39.4819479+01:00" testType="13cdc9d9-ddb5-4fa4-a97d-d965ccfc6d4b" outcome="Failed" testListId="8c84fa94-04c1-424b-9868-57a2d4851a1d" relativeResultsDirectory="536c701a-abea-4a13-83bb-e5a023259ccd">
      <Output>
        <ErrorInfo>
          <Message>Assert.IsTrue failed. </Message>
          <StackTrace>   at ProjectFlip.Converter.Test.PdfConverterTest.&lt;MyTestInitialize&gt;b__0(String path) in D:\flip_svn.elmermx.ch\code\trunk\ProjectFlip\ProjectFlip.Converter.Test\PdfConverterTest.cs:line 41
   at System.Array.ForEach[T](T[] array, Action`1 action)
   at ProjectFlip.Converter.Test.PdfConverterTest.MyTestInitialize() in D:\flip_svn.elmermx.ch\code\trunk\ProjectFlip\ProjectFlip.Converter.Test\PdfConverterTest.cs:line 40
</StackTrace>
        </ErrorInfo>
      </Output>
    </UnitTestResult>
  </Results>
</TestRun>