<?xml version="1.0" encoding="UTF-8"?>
<TestRun id="7e2c9957-4aed-40d4-9f85-29283d005f9e" name="lelmer@PIN1262035 2011-10-31 14:25:02" runUser="HSR\lelmer" xmlns="http://microsoft.com/schemas/VisualStudio/TeamTest/2010">
  <TestSettings name="Local" id="ecb0bfb1-6f24-4efe-acbf-86949a26cdb9">
    <Description>These are default test settings for a local test run.</Description>
    <Deployment userDeploymentRoot="D:\flip_svn.elmermx.ch\code\trunk\ProjectFlip\TestResults" useDefaultDeploymentRoot="false" enabled="false" runDeploymentRoot="lelmer_PIN1262035 2011-10-31 14_25_02">
      <DeploymentItem filename="D:\flip_svn.elmermx.ch\code\trunk\ProjectFlip\ProjectFlip.PdfConverter.Interfaces\bin\Debug\ProjectFlip.Converter.Interfaces.dll" />
      <DeploymentItem filename="D:\flip_svn.elmermx.ch\code\trunk\ProjectFlip\ProjectFlip.Services.Interfaces\bin\Debug\ProjectFlip.Services.Interfaces.dll" />
      <DeploymentItem filename="D:\flip_svn.elmermx.ch\code\trunk\ProjectFlip\PDFConverter\bin\Debug\ProjectFlip.Converter.Pdf.exe" />
      <DeploymentItem filename="D:\flip_svn.elmermx.ch\code\trunk\ProjectFlip\ProjectFlip.Services.Test\bin\Debug\ProjectFlip.Services_Accessor.dll" />
    </Deployment>
    <Execution>
      <TestTypeSpecific />
      <AgentRule name="Execution Agents">
      </AgentRule>
    </Execution>
  </TestSettings>
  <Times creation="2011-10-31T14:25:02.7413479+01:00" queuing="2011-10-31T14:25:03.6501479+01:00" start="2011-10-31T14:25:03.7091479+01:00" finish="2011-10-31T14:25:21.9951479+01:00" />
  <ResultSummary outcome="Error">
    <Counters total="4" executed="1" error="0" failed="0" timeout="0" aborted="1" inconclusive="0" passedButRunAborted="0" notRunnable="0" notExecuted="3" disconnected="0" warning="0" passed="0" completed="0" inProgress="0" pending="0" />
    <RunInfos>
      <RunInfo computerName="PIN1262035" outcome="Warning" timestamp="2011-10-31T14:25:02.7713479+01:00">
        <Text>Deployment is currently disabled. The deployment item 'ProjectFlip.Converter.Pdf.exe' on test 'ProjectFlip.Converter.Test.PdfConverterTest.TestRequirementsNotOkTestMissingAdobeReader' was not deployed.</Text>
      </RunInfo>
      <RunInfo computerName="PIN1262035" outcome="Error" timestamp="2011-10-31T14:25:21.9921479+01:00">
        <Text>Test host process exited unexpectedly.</Text>
      </RunInfo>
    </RunInfos>
  </ResultSummary>
  <TestDefinitions>
    <UnitTest name="TestRequirementsNotOkTestMissingAdobeReader" storage="d:\flip_svn.elmermx.ch\code\trunk\projectflip\projectflip.converter.test\bin\debug\projectflip.converter.test.dll" id="2e6f33b3-86bf-0f99-bf5a-d8b601872b37">
      <DeploymentItems>
        <DeploymentItem filename="ProjectFlip.Converter.Pdf.exe" />
      </DeploymentItems>
      <Execution id="155df8a0-b46c-4b2e-b937-a7f2c6383360" />
      <TestMethod codeBase="D:/flip_svn.elmermx.ch/code/trunk/ProjectFlip/ProjectFlip.Converter.Test/bin/Debug/ProjectFlip.Converter.Test.DLL" adapterTypeName="Microsoft.VisualStudio.TestTools.TestTypes.Unit.UnitTestAdapter, Microsoft.VisualStudio.QualityTools.Tips.UnitTest.Adapter, Version=10.0.0.0, Culture=neutral, PublicKeyToken=b03f5f7f11d50a3a" className="ProjectFlip.Converter.Test.PdfConverterTest, ProjectFlip.Converter.Test, Version=1.0.0.0, Culture=neutral, PublicKeyToken=null" name="TestRequirementsNotOkTestMissingAdobeReader" />
    </UnitTest>
    <UnitTest name="TestRequirementsNotOkTestInvalidFromPath" storage="d:\flip_svn.elmermx.ch\code\trunk\projectflip\projectflip.converter.test\bin\debug\projectflip.converter.test.dll" id="5484f47c-5cb6-3432-23b4-9fe66b5390c1">
      <DeploymentItems>
        <DeploymentItem filename="ProjectFlip.Converter.Pdf.exe" />
      </DeploymentItems>
      <Execution id="7868554d-bc68-476a-ba1d-d0ca8258aa20" />
      <TestMethod codeBase="D:/flip_svn.elmermx.ch/code/trunk/ProjectFlip/ProjectFlip.Converter.Test/bin/Debug/ProjectFlip.Converter.Test.DLL" adapterTypeName="Microsoft.VisualStudio.TestTools.TestTypes.Unit.UnitTestAdapter, Microsoft.VisualStudio.QualityTools.Tips.UnitTest.Adapter, Version=10.0.0.0, Culture=neutral, PublicKeyToken=b03f5f7f11d50a3a" className="ProjectFlip.Converter.Test.PdfConverterTest, ProjectFlip.Converter.Test, Version=1.0.0.0, Culture=neutral, PublicKeyToken=null" name="TestRequirementsNotOkTestInvalidFromPath" />
    </UnitTest>
    <UnitTest name="TestRequirementsNotOkTestInvalidToPath" storage="d:\flip_svn.elmermx.ch\code\trunk\projectflip\projectflip.converter.test\bin\debug\projectflip.converter.test.dll" id="954ed5ba-afba-a3e7-b72f-46f96822c0d6">
      <DeploymentItems>
        <DeploymentItem filename="ProjectFlip.Converter.Pdf.exe" />
      </DeploymentItems>
      <Execution id="ea245c50-efdf-4168-8c6f-42e9204cff75" />
      <TestMethod codeBase="D:/flip_svn.elmermx.ch/code/trunk/ProjectFlip/ProjectFlip.Converter.Test/bin/Debug/ProjectFlip.Converter.Test.DLL" adapterTypeName="Microsoft.VisualStudio.TestTools.TestTypes.Unit.UnitTestAdapter, Microsoft.VisualStudio.QualityTools.Tips.UnitTest.Adapter, Version=10.0.0.0, Culture=neutral, PublicKeyToken=b03f5f7f11d50a3a" className="ProjectFlip.Converter.Test.PdfConverterTest, ProjectFlip.Converter.Test, Version=1.0.0.0, Culture=neutral, PublicKeyToken=null" name="TestRequirementsNotOkTestInvalidToPath" />
    </UnitTest>
    <UnitTest name="TestRequirementsOk" storage="d:\flip_svn.elmermx.ch\code\trunk\projectflip\projectflip.converter.test\bin\debug\projectflip.converter.test.dll" id="bb5e44a5-ced0-bd0b-9376-d7595ad99cae">
      <DeploymentItems>
        <DeploymentItem filename="ProjectFlip.Converter.Pdf.exe" />
      </DeploymentItems>
      <Execution id="e354aee1-b6f4-4d8a-8c44-b5ef4a8feadd" />
      <TestMethod codeBase="D:/flip_svn.elmermx.ch/code/trunk/ProjectFlip/ProjectFlip.Converter.Test/bin/Debug/ProjectFlip.Converter.Test.DLL" adapterTypeName="Microsoft.VisualStudio.TestTools.TestTypes.Unit.UnitTestAdapter, Microsoft.VisualStudio.QualityTools.Tips.UnitTest.Adapter, Version=10.0.0.0, Culture=neutral, PublicKeyToken=b03f5f7f11d50a3a" className="ProjectFlip.Converter.Test.PdfConverterTest, ProjectFlip.Converter.Test, Version=1.0.0.0, Culture=neutral, PublicKeyToken=null" name="TestRequirementsOk" />
    </UnitTest>
  </TestDefinitions>
  <TestLists>
    <TestList name="Results Not in a List" id="8c84fa94-04c1-424b-9868-57a2d4851a1d" />
    <TestList name="All Loaded Results" id="19431567-8539-422a-85d7-44ee4e166bda" />
  </TestLists>
  <TestEntries>
    <TestEntry testId="5484f47c-5cb6-3432-23b4-9fe66b5390c1" executionId="7868554d-bc68-476a-ba1d-d0ca8258aa20" testListId="8c84fa94-04c1-424b-9868-57a2d4851a1d" />
    <TestEntry testId="954ed5ba-afba-a3e7-b72f-46f96822c0d6" executionId="ea245c50-efdf-4168-8c6f-42e9204cff75" testListId="8c84fa94-04c1-424b-9868-57a2d4851a1d" />
    <TestEntry testId="bb5e44a5-ced0-bd0b-9376-d7595ad99cae" executionId="e354aee1-b6f4-4d8a-8c44-b5ef4a8feadd" testListId="8c84fa94-04c1-424b-9868-57a2d4851a1d" />
    <TestEntry testId="2e6f33b3-86bf-0f99-bf5a-d8b601872b37" executionId="155df8a0-b46c-4b2e-b937-a7f2c6383360" testListId="8c84fa94-04c1-424b-9868-57a2d4851a1d" />
  </TestEntries>
  <Results>
    <UnitTestResult executionId="7868554d-bc68-476a-ba1d-d0ca8258aa20" testId="5484f47c-5cb6-3432-23b4-9fe66b5390c1" testName="TestRequirementsNotOkTestInvalidFromPath" computerName="PIN1262035" duration="00:00:18.2490000" startTime="2011-10-31T14:25:03.7431479+01:00" endTime="2011-10-31T14:25:21.9921479+01:00" testType="13cdc9d9-ddb5-4fa4-a97d-d965ccfc6d4b" outcome="Aborted" testListId="8c84fa94-04c1-424b-9868-57a2d4851a1d" relativeResultsDirectory="7868554d-bc68-476a-ba1d-d0ca8258aa20">
    </UnitTestResult>
    <UnitTestResult executionId="ea245c50-efdf-4168-8c6f-42e9204cff75" testId="954ed5ba-afba-a3e7-b72f-46f96822c0d6" testName="TestRequirementsNotOkTestInvalidToPath" computerName="PIN1262035" testType="13cdc9d9-ddb5-4fa4-a97d-d965ccfc6d4b" outcome="NotExecuted" testListId="8c84fa94-04c1-424b-9868-57a2d4851a1d" relativeResultsDirectory="ea245c50-efdf-4168-8c6f-42e9204cff75">
    </UnitTestResult>
    <UnitTestResult executionId="e354aee1-b6f4-4d8a-8c44-b5ef4a8feadd" testId="bb5e44a5-ced0-bd0b-9376-d7595ad99cae" testName="TestRequirementsOk" computerName="PIN1262035" testType="13cdc9d9-ddb5-4fa4-a97d-d965ccfc6d4b" outcome="NotExecuted" testListId="8c84fa94-04c1-424b-9868-57a2d4851a1d" relativeResultsDirectory="e354aee1-b6f4-4d8a-8c44-b5ef4a8feadd">
    </UnitTestResult>
    <UnitTestResult executionId="155df8a0-b46c-4b2e-b937-a7f2c6383360" testId="2e6f33b3-86bf-0f99-bf5a-d8b601872b37" testName="TestRequirementsNotOkTestMissingAdobeReader" computerName="PIN1262035" testType="13cdc9d9-ddb5-4fa4-a97d-d965ccfc6d4b" outcome="NotExecuted" testListId="8c84fa94-04c1-424b-9868-57a2d4851a1d" relativeResultsDirectory="155df8a0-b46c-4b2e-b937-a7f2c6383360">
    </UnitTestResult>
  </Results>
</TestRun>