<?xml version="1.0" encoding="UTF-8"?>
<TestRun id="39db112d-0c73-447b-8501-db3fe82906dd" name="lelmer@PIN1262035 2011-10-31 14:34:11" runUser="HSR\lelmer" xmlns="http://microsoft.com/schemas/VisualStudio/TeamTest/2010">
  <TestSettings name="Local" id="ecb0bfb1-6f24-4efe-acbf-86949a26cdb9">
    <Description>These are default test settings for a local test run.</Description>
    <Deployment enabled="false" runDeploymentRoot="lelmer_PIN1262035 2011-10-31 14_34_11">
      <DeploymentItem filename="D:\flip_svn.elmermx.ch\code\trunk\ProjectFlip\ProjectFlip.PdfConverter.Interfaces\bin\Debug\ProjectFlip.Converter.Interfaces.dll" />
      <DeploymentItem filename="D:\flip_svn.elmermx.ch\code\trunk\ProjectFlip\ProjectFlip.Services.Interfaces\bin\Debug\ProjectFlip.Services.Interfaces.dll" />
      <DeploymentItem filename="D:\flip_svn.elmermx.ch\code\trunk\ProjectFlip\PDFConverter\bin\Debug\ProjectFlip.Converter.Pdf.exe" />
      <DeploymentItem filename="D:\flip_svn.elmermx.ch\code\trunk\ProjectFlip\ProjectFlip.Services.Test\bin\Debug\ProjectFlip.Services_Accessor.dll" />
    </Deployment>
    <Execution>
      <TestTypeSpecific />
      <AgentRule name="Execution Agents">
      </AgentRule>
    </Execution>
  </TestSettings>
  <Times creation="2011-10-31T14:34:11.8677479+01:00" queuing="2011-10-31T14:34:11.8937479+01:00" start="2011-10-31T14:34:11.8987479+01:00" finish="2011-10-31T14:34:12.1157479+01:00" />
  <ResultSummary outcome="Warning">
    <Counters total="1" executed="1" passed="1" error="0" failed="0" timeout="0" aborted="0" inconclusive="0" passedButRunAborted="0" notRunnable="0" notExecuted="0" disconnected="0" warning="0" completed="0" inProgress="0" pending="0" />
    <RunInfos>
      <RunInfo computerName="PIN1262035" outcome="Warning" timestamp="2011-10-31T14:34:11.8937479+01:00">
        <Text>Deployment is currently disabled. The deployment item 'ProjectFlip.Converter.Pdf.exe' on test 'ProjectFlip.Converter.Test.PdfConverterTest.TestRequirementsOk' was not deployed.</Text>
      </RunInfo>
    </RunInfos>
  </ResultSummary>
  <TestDefinitions>
    <UnitTest name="TestRequirementsOk" storage="d:\flip_svn.elmermx.ch\code\trunk\projectflip\projectflip.converter.test\bin\debug\projectflip.converter.test.dll" id="bb5e44a5-ced0-bd0b-9376-d7595ad99cae">
      <DeploymentItems>
        <DeploymentItem filename="ProjectFlip.Converter.Pdf.exe" />
      </DeploymentItems>
      <Execution id="84257f8d-4b9d-4e8a-bb1e-3519ba8d1bea" />
      <TestMethod codeBase="D:/flip_svn.elmermx.ch/code/trunk/ProjectFlip/ProjectFlip.Converter.Test/bin/Debug/ProjectFlip.Converter.Test.DLL" adapterTypeName="Microsoft.VisualStudio.TestTools.TestTypes.Unit.UnitTestAdapter, Microsoft.VisualStudio.QualityTools.Tips.UnitTest.Adapter, Version=10.0.0.0, Culture=neutral, PublicKeyToken=b03f5f7f11d50a3a" className="ProjectFlip.Converter.Test.PdfConverterTest, ProjectFlip.Converter.Test, Version=1.0.0.0, Culture=neutral, PublicKeyToken=null" name="TestRequirementsOk" />
    </UnitTest>
  </TestDefinitions>
  <TestLists>
    <TestList name="Results Not in a List" id="8c84fa94-04c1-424b-9868-57a2d4851a1d" />
    <TestList name="All Loaded Results" id="19431567-8539-422a-85d7-44ee4e166bda" />
  </TestLists>
  <TestEntries>
    <TestEntry testId="bb5e44a5-ced0-bd0b-9376-d7595ad99cae" executionId="84257f8d-4b9d-4e8a-bb1e-3519ba8d1bea" testListId="8c84fa94-04c1-424b-9868-57a2d4851a1d" />
  </TestEntries>
  <Results>
    <UnitTestResult executionId="84257f8d-4b9d-4e8a-bb1e-3519ba8d1bea" testId="bb5e44a5-ced0-bd0b-9376-d7595ad99cae" testName="TestRequirementsOk" computerName="PIN1262035" duration="00:00:00.0176122" startTime="2011-10-31T14:34:11.9027479+01:00" endTime="2011-10-31T14:34:12.1037479+01:00" testType="13cdc9d9-ddb5-4fa4-a97d-d965ccfc6d4b" outcome="Passed" testListId="8c84fa94-04c1-424b-9868-57a2d4851a1d" relativeResultsDirectory="84257f8d-4b9d-4e8a-bb1e-3519ba8d1bea">
    </UnitTestResult>
  </Results>
</TestRun>