<?xml version="1.0" encoding="UTF-8"?>
<TestRun id="3874c2cf-64e2-4173-829b-e6c9325292ca" name="lelmer@PIN1262035 2011-10-24 17:09:16" runUser="HSR\lelmer" xmlns="http://microsoft.com/schemas/VisualStudio/TeamTest/2010">
  <TestSettings name="Local" id="ecb0bfb1-6f24-4efe-acbf-86949a26cdb9">
    <Description>These are default test settings for a local test run.</Description>
    <Deployment enabled="false" runDeploymentRoot="lelmer_PIN1262035 2011-10-24 17_09_16">
      <DeploymentItem filename="D:\flip_svn.elmermx.ch\code\trunk\ProjectFlip\ProjectFlip.Services\bin\Debug\ProjectFlip.Services.dll" />
      <DeploymentItem filename="D:\flip_svn.elmermx.ch\code\trunk\ProjectFlip\ProjectFlip.Importer\bin\Debug\ProjectFlip.Services.Loader.exe" />
      <DeploymentItem filename="D:\flip_svn.elmermx.ch\code\trunk\ProjectFlip\ProjectFlip.UserInterface\bin\Debug\ProjectFlip.UserInterface.dll" />
      <DeploymentItem filename="D:\flip_svn.elmermx.ch\code\trunk\ProjectFlip\ProjectFlip.Services.Interfaces\bin\Debug\ProjectFlip.Services.Interfaces.dll" />
      <DeploymentItem filename="D:\flip_svn.elmermx.ch\code\trunk\ProjectFlip\ProjectFlip.UserInterface.Surface\bin\Debug\ProjectFlip.UserInterface.Surface.dll" />
      <DeploymentItem filename="D:\flip_svn.elmermx.ch\code\trunk\ProjectFlip\ProjectFlip.Services.Loader.Interfaces\bin\Debug\ProjectFlip.Services.Loader.Interfaces.dll" />
    </Deployment>
    <Execution>
      <TestTypeSpecific />
      <AgentRule name="Execution Agents">
      </AgentRule>
    </Execution>
  </TestSettings>
  <Times creation="2011-10-24T17:09:16.8490061+02:00" queuing="2011-10-24T17:09:16.8530065+02:00" start="2011-10-24T17:09:16.8580070+02:00" finish="2011-10-24T17:09:17.3030515+02:00" />
  <ResultSummary outcome="Warning">
    <Counters total="3" executed="3" passed="3" error="0" failed="0" timeout="0" aborted="0" inconclusive="0" passedButRunAborted="0" notRunnable="0" notExecuted="0" disconnected="0" warning="0" completed="0" inProgress="0" pending="0" />
    <RunInfos>
      <RunInfo computerName="PIN1262035" outcome="Warning" timestamp="2011-10-24T17:09:16.8530065+02:00">
        <Text>Deployment is currently disabled. The deployment item 'ProjectFlip.UserInterface.Surface.dll' on test 'ProjectFlip.UserInterface.Surface.Test.OverviewWindowViewModelTest.NotifyTest' was not deployed.</Text>
      </RunInfo>
    </RunInfos>
  </ResultSummary>
  <TestDefinitions>
    <UnitTest name="ImportTest" storage="d:\flip_svn.elmermx.ch\code\trunk\projectflip\projectflip.services.loader.test\bin\debug\projectflip.services.loader.test.dll" id="66d8e483-98ef-7f5c-f82e-282eb285173f">
      <Execution id="a511ce8d-d657-4579-bc90-2d3c9ba8bb7b" />
      <TestMethod codeBase="D:/flip_svn.elmermx.ch/code/trunk/ProjectFlip/ProjectFlip.Services.Loader.Test/bin/Debug/ProjectFlip.Services.Loader.Test.DLL" adapterTypeName="Microsoft.VisualStudio.TestTools.TestTypes.Unit.UnitTestAdapter, Microsoft.VisualStudio.QualityTools.Tips.UnitTest.Adapter, Version=10.0.0.0, Culture=neutral, PublicKeyToken=b03f5f7f11d50a3a" className="ProjectFlip.Services.Loader.Test.ProjectNotesLoaderTest, ProjectFlip.Services.Loader.Test, Version=1.0.0.0, Culture=neutral, PublicKeyToken=null" name="ImportTest" />
    </UnitTest>
    <UnitTest name="NotifyTest" storage="d:\flip_svn.elmermx.ch\code\trunk\projectflip\projectflip.userinterface.surface.test\bin\debug\projectflip.userinterface.surface.test.dll" id="c4fb644e-b375-c3f4-687c-da6592d0c862">
      <DeploymentItems>
        <DeploymentItem filename="ProjectFlip.UserInterface.Surface.dll" />
      </DeploymentItems>
      <Execution id="681fbc43-1135-4858-bafd-93d1abf6272c" />
      <TestMethod codeBase="D:/flip_svn.elmermx.ch/code/trunk/ProjectFlip/ProjectFlip.UserInterface.Surface.Test/bin/Debug/ProjectFlip.UserInterface.Surface.Test.DLL" adapterTypeName="Microsoft.VisualStudio.TestTools.TestTypes.Unit.UnitTestAdapter, Microsoft.VisualStudio.QualityTools.Tips.UnitTest.Adapter, Version=10.0.0.0, Culture=neutral, PublicKeyToken=b03f5f7f11d50a3a" className="ProjectFlip.UserInterface.Surface.Test.OverviewWindowViewModelTest, ProjectFlip.UserInterface.Surface.Test, Version=1.0.0.0, Culture=neutral, PublicKeyToken=null" name="NotifyTest" />
    </UnitTest>
    <UnitTest name="OverviewWindowViewModelProjectNotesTest" storage="d:\flip_svn.elmermx.ch\code\trunk\projectflip\projectflip.userinterface.surface.test\bin\debug\projectflip.userinterface.surface.test.dll" id="96c1f950-7ba2-0f26-3c1e-e3d2807e5697">
      <Execution id="a377d254-6d0a-466a-8ed0-d3361b41c152" />
      <TestMethod codeBase="D:/flip_svn.elmermx.ch/code/trunk/ProjectFlip/ProjectFlip.UserInterface.Surface.Test/bin/Debug/ProjectFlip.UserInterface.Surface.Test.DLL" adapterTypeName="Microsoft.VisualStudio.TestTools.TestTypes.Unit.UnitTestAdapter, Microsoft.VisualStudio.QualityTools.Tips.UnitTest.Adapter, Version=10.0.0.0, Culture=neutral, PublicKeyToken=b03f5f7f11d50a3a" className="ProjectFlip.UserInterface.Surface.Test.OverviewWindowViewModelTest, ProjectFlip.UserInterface.Surface.Test, Version=1.0.0.0, Culture=neutral, PublicKeyToken=null" name="OverviewWindowViewModelProjectNotesTest" />
    </UnitTest>
  </TestDefinitions>
  <TestLists>
    <TestList name="Results Not in a List" id="8c84fa94-04c1-424b-9868-57a2d4851a1d" />
    <TestList name="All Loaded Results" id="19431567-8539-422a-85d7-44ee4e166bda" />
  </TestLists>
  <TestEntries>
    <TestEntry testId="66d8e483-98ef-7f5c-f82e-282eb285173f" executionId="a511ce8d-d657-4579-bc90-2d3c9ba8bb7b" testListId="8c84fa94-04c1-424b-9868-57a2d4851a1d" />
    <TestEntry testId="96c1f950-7ba2-0f26-3c1e-e3d2807e5697" executionId="a377d254-6d0a-466a-8ed0-d3361b41c152" testListId="8c84fa94-04c1-424b-9868-57a2d4851a1d" />
    <TestEntry testId="c4fb644e-b375-c3f4-687c-da6592d0c862" executionId="681fbc43-1135-4858-bafd-93d1abf6272c" testListId="8c84fa94-04c1-424b-9868-57a2d4851a1d" />
  </TestEntries>
  <Results>
    <UnitTestResult executionId="a511ce8d-d657-4579-bc90-2d3c9ba8bb7b" testId="66d8e483-98ef-7f5c-f82e-282eb285173f" testName="ImportTest" computerName="PIN1262035" duration="00:00:00.0175021" startTime="2011-10-24T17:09:16.8620074+02:00" endTime="2011-10-24T17:09:17.0610273+02:00" testType="13cdc9d9-ddb5-4fa4-a97d-d965ccfc6d4b" outcome="Passed" testListId="8c84fa94-04c1-424b-9868-57a2d4851a1d" relativeResultsDirectory="a511ce8d-d657-4579-bc90-2d3c9ba8bb7b">
    </UnitTestResult>
    <UnitTestResult executionId="a377d254-6d0a-466a-8ed0-d3361b41c152" testId="96c1f950-7ba2-0f26-3c1e-e3d2807e5697" testName="OverviewWindowViewModelProjectNotesTest" computerName="PIN1262035" duration="00:00:00.0188949" startTime="2011-10-24T17:09:17.0640276+02:00" endTime="2011-10-24T17:09:17.2730485+02:00" testType="13cdc9d9-ddb5-4fa4-a97d-d965ccfc6d4b" outcome="Passed" testListId="8c84fa94-04c1-424b-9868-57a2d4851a1d" relativeResultsDirectory="a377d254-6d0a-466a-8ed0-d3361b41c152">
    </UnitTestResult>
    <UnitTestResult executionId="681fbc43-1135-4858-bafd-93d1abf6272c" testId="c4fb644e-b375-c3f4-687c-da6592d0c862" testName="NotifyTest" computerName="PIN1262035" duration="00:00:00.0041598" startTime="2011-10-24T17:09:17.2760488+02:00" endTime="2011-10-24T17:09:17.2840496+02:00" testType="13cdc9d9-ddb5-4fa4-a97d-d965ccfc6d4b" outcome="Passed" testListId="8c84fa94-04c1-424b-9868-57a2d4851a1d" relativeResultsDirectory="681fbc43-1135-4858-bafd-93d1abf6272c">
    </UnitTestResult>
  </Results>
</TestRun>