<?xml version="1.0" encoding="UTF-8"?>
<TestRun id="fa5af817-6a26-452b-b1e8-d2dde727075e" name="Lukas Elmer@LUKESPC 2011-10-30 23:02:58" runUser="lukespc\Lukas Elmer" xmlns="http://microsoft.com/schemas/VisualStudio/TeamTest/2010">
  <TestSettings name="Local" id="ecb0bfb1-6f24-4efe-acbf-86949a26cdb9">
    <Description>These are default test settings for a local test run.</Description>
    <Deployment enabled="false" runDeploymentRoot="Lukas Elmer_LUKESPC 2011-10-30 23_02_58">
      <DeploymentItem filename="J:\dev\flip_svn.elmermx.ch\code\trunk\ProjectFlip\ProjectFlip.Services\bin\Debug\ProjectFlip.Services.dll" />
      <DeploymentItem filename="J:\dev\flip_svn.elmermx.ch\code\trunk\ProjectFlip\ProjectFlip.UserInterface\bin\Debug\ProjectFlip.UserInterface.dll" />
      <DeploymentItem filename="J:\dev\flip_svn.elmermx.ch\code\trunk\ProjectFlip\Libraries\Unity\Microsoft.Practices.Unity.dll" />
      <DeploymentItem filename="J:\dev\flip_svn.elmermx.ch\code\trunk\ProjectFlip\ProjectFlip.Importer\bin\Debug\ProjectFlip.Services.Loader.exe" />
      <DeploymentItem filename="J:\dev\flip_svn.elmermx.ch\code\trunk\ProjectFlip\ProjectFlip.UserInterface.Surface\bin\Debug\ProjectFlip.UserInterface.Surface.dll" />
      <DeploymentItem filename="J:\dev\flip_svn.elmermx.ch\code\trunk\ProjectFlip\ProjectFlip.Services.Loader.Interfaces\bin\Debug\ProjectFlip.Services.Loader.Interfaces.dll" />
      <DeploymentItem filename="J:\dev\flip_svn.elmermx.ch\code\trunk\ProjectFlip\ProjectFlip.Services.Interfaces\bin\Debug\ProjectFlip.Services.Interfaces.dll" />
    </Deployment>
    <Execution>
      <TestTypeSpecific />
      <AgentRule name="Execution Agents">
      </AgentRule>
    </Execution>
  </TestSettings>
  <Times creation="2011-10-30T23:02:58.0606570+01:00" queuing="2011-10-30T23:02:58.0706576+01:00" start="2011-10-30T23:02:58.0776580+01:00" finish="2011-10-30T23:02:59.3137287+01:00" />
  <ResultSummary outcome="Inconclusive">
    <Counters total="8" executed="8" passed="7" error="0" failed="0" timeout="0" aborted="0" inconclusive="1" passedButRunAborted="0" notRunnable="0" notExecuted="0" disconnected="0" warning="0" completed="0" inProgress="0" pending="0" />
    <RunInfos>
      <RunInfo computerName="LUKESPC" outcome="Warning" timestamp="2011-10-30T23:02:58.0706576+01:00">
        <Text>Deployment is currently disabled. The deployment item 'ProjectFlip.UserInterface.Surface.dll' on test 'ProjectFlip.UserInterface.Surface.Test.ProjectNoteViewModelTest.OpenNewWindowTest1' was not deployed.</Text>
      </RunInfo>
    </RunInfos>
  </ResultSummary>
  <TestDefinitions>
    <UnitTest name="OpenNewWindowTest1" storage="j:\dev\flip_svn.elmermx.ch\code\trunk\projectflip\projectflip.userinterface.surface.test\bin\debug\projectflip.userinterface.surface.test.dll" id="ebb56ab5-42d5-71fc-9442-26dde5656280">
      <DeploymentItems>
        <DeploymentItem filename="ProjectFlip.UserInterface.Surface.dll" />
      </DeploymentItems>
      <Execution id="a5caaec4-612d-4e94-93d3-45a7b539af30" />
      <TestMethod codeBase="J:/dev/flip_svn.elmermx.ch/code/trunk/ProjectFlip/ProjectFlip.UserInterface.Surface.Test/bin/Debug/ProjectFlip.UserInterface.Surface.Test.DLL" adapterTypeName="Microsoft.VisualStudio.TestTools.TestTypes.Unit.UnitTestAdapter, Microsoft.VisualStudio.QualityTools.Tips.UnitTest.Adapter, Version=10.0.0.0, Culture=neutral, PublicKeyToken=b03f5f7f11d50a3a" className="ProjectFlip.UserInterface.Surface.Test.ProjectNoteViewModelTest, ProjectFlip.UserInterface.Surface.Test, Version=1.0.0.0, Culture=neutral, PublicKeyToken=null" name="OpenNewWindowTest1" />
    </UnitTest>
    <UnitTest name="DocumentTest" storage="j:\dev\flip_svn.elmermx.ch\code\trunk\projectflip\projectflip.services.test\bin\debug\projectflip.services.test.dll" id="ed30b4e0-dba3-8e7f-0ab5-fcc96c1c7e5e">
      <Execution id="f8693233-8708-4e05-babb-11bd4ae84c6d" />
      <TestMethod codeBase="J:/dev/flip_svn.elmermx.ch/code/trunk/ProjectFlip/ProjectFlip.Services.Test/bin/Debug/ProjectFlip.Services.Test.DLL" adapterTypeName="Microsoft.VisualStudio.TestTools.TestTypes.Unit.UnitTestAdapter, Microsoft.VisualStudio.QualityTools.Tips.UnitTest.Adapter, Version=10.0.0.0, Culture=neutral, PublicKeyToken=b03f5f7f11d50a3a" className="ProjectFlip.Services.Test.ProjectNoteTest, ProjectFlip.Services.Test, Version=1.0.0.0, Culture=neutral, PublicKeyToken=null" name="DocumentTest" />
    </UnitTest>
    <UnitTest name="ConvertToListTest" storage="j:\dev\flip_svn.elmermx.ch\code\trunk\projectflip\projectflip.services.test\bin\debug\projectflip.services.test.dll" id="bccb58cc-1cce-162f-54b4-53ddafd79ee2">
      <DeploymentItems>
        <DeploymentItem filename="ProjectFlip.Services.dll" />
      </DeploymentItems>
      <Execution id="8e3c0e6e-b022-44ac-9f3f-ca250b11fdc0" />
      <TestMethod codeBase="J:/dev/flip_svn.elmermx.ch/code/trunk/ProjectFlip/ProjectFlip.Services.Test/bin/Debug/ProjectFlip.Services.Test.DLL" adapterTypeName="Microsoft.VisualStudio.TestTools.TestTypes.Unit.UnitTestAdapter, Microsoft.VisualStudio.QualityTools.Tips.UnitTest.Adapter, Version=10.0.0.0, Culture=neutral, PublicKeyToken=b03f5f7f11d50a3a" className="ProjectFlip.Services.Test.ProjectNoteTest, ProjectFlip.Services.Test, Version=1.0.0.0, Culture=neutral, PublicKeyToken=null" name="ConvertToListTest" />
    </UnitTest>
    <UnitTest name="ImportTest" storage="j:\dev\flip_svn.elmermx.ch\code\trunk\projectflip\projectflip.services.loader.test\bin\debug\projectflip.services.loader.test.dll" id="66d8e483-98ef-7f5c-f82e-282eb285173f">
      <Execution id="8ad29f65-49e9-45a3-874d-8a6f145532eb" />
      <TestMethod codeBase="J:/dev/flip_svn.elmermx.ch/code/trunk/ProjectFlip/ProjectFlip.Services.Loader.Test/bin/Debug/ProjectFlip.Services.Loader.Test.DLL" adapterTypeName="Microsoft.VisualStudio.TestTools.TestTypes.Unit.UnitTestAdapter, Microsoft.VisualStudio.QualityTools.Tips.UnitTest.Adapter, Version=10.0.0.0, Culture=neutral, PublicKeyToken=b03f5f7f11d50a3a" className="ProjectFlip.Services.Loader.Test.ProjectNotesLoaderTest, ProjectFlip.Services.Loader.Test, Version=1.0.0.0, Culture=neutral, PublicKeyToken=null" name="ImportTest" />
    </UnitTest>
    <UnitTest name="NotifyTest" storage="j:\dev\flip_svn.elmermx.ch\code\trunk\projectflip\projectflip.userinterface.surface.test\bin\debug\projectflip.userinterface.surface.test.dll" id="44822a49-3d3a-3cd9-6a83-bfb87b866eb6">
      <DeploymentItems>
        <DeploymentItem filename="ProjectFlip.UserInterface.Surface.dll" />
      </DeploymentItems>
      <Execution id="86e01bd2-4059-4ead-94b9-3aa16e0e0354" />
      <TestMethod codeBase="J:/dev/flip_svn.elmermx.ch/code/trunk/ProjectFlip/ProjectFlip.UserInterface.Surface.Test/bin/Debug/ProjectFlip.UserInterface.Surface.Test.DLL" adapterTypeName="Microsoft.VisualStudio.TestTools.TestTypes.Unit.UnitTestAdapter, Microsoft.VisualStudio.QualityTools.Tips.UnitTest.Adapter, Version=10.0.0.0, Culture=neutral, PublicKeyToken=b03f5f7f11d50a3a" className="ProjectFlip.UserInterface.Surface.Test.ViewModelBaseTest, ProjectFlip.UserInterface.Surface.Test, Version=1.0.0.0, Culture=neutral, PublicKeyToken=null" name="NotifyTest" />
    </UnitTest>
    <UnitTest name="LineTest" storage="j:\dev\flip_svn.elmermx.ch\code\trunk\projectflip\projectflip.services.test\bin\debug\projectflip.services.test.dll" id="16a754d1-abe1-b7cb-6692-10287c0de9e8">
      <Execution id="14f02356-3a16-421d-9cdb-1b2c20ebfd4d" />
      <TestMethod codeBase="J:/dev/flip_svn.elmermx.ch/code/trunk/ProjectFlip/ProjectFlip.Services.Test/bin/Debug/ProjectFlip.Services.Test.DLL" adapterTypeName="Microsoft.VisualStudio.TestTools.TestTypes.Unit.UnitTestAdapter, Microsoft.VisualStudio.QualityTools.Tips.UnitTest.Adapter, Version=10.0.0.0, Culture=neutral, PublicKeyToken=b03f5f7f11d50a3a" className="ProjectFlip.Services.Test.ProjectNoteTest, ProjectFlip.Services.Test, Version=1.0.0.0, Culture=neutral, PublicKeyToken=null" name="LineTest" />
    </UnitTest>
    <UnitTest name="OverviewWindowViewModelProjectNotesTest" storage="j:\dev\flip_svn.elmermx.ch\code\trunk\projectflip\projectflip.userinterface.surface.test\bin\debug\projectflip.userinterface.surface.test.dll" id="96c1f950-7ba2-0f26-3c1e-e3d2807e5697">
      <Execution id="957841e5-5f42-4f1b-8bf6-b69197af7c73" />
      <TestMethod codeBase="J:/dev/flip_svn.elmermx.ch/code/trunk/ProjectFlip/ProjectFlip.UserInterface.Surface.Test/bin/Debug/ProjectFlip.UserInterface.Surface.Test.DLL" adapterTypeName="Microsoft.VisualStudio.TestTools.TestTypes.Unit.UnitTestAdapter, Microsoft.VisualStudio.QualityTools.Tips.UnitTest.Adapter, Version=10.0.0.0, Culture=neutral, PublicKeyToken=b03f5f7f11d50a3a" className="ProjectFlip.UserInterface.Surface.Test.OverviewWindowViewModelTest, ProjectFlip.UserInterface.Surface.Test, Version=1.0.0.0, Culture=neutral, PublicKeyToken=null" name="OverviewWindowViewModelProjectNotesTest" />
    </UnitTest>
    <UnitTest name="ImageTest" storage="j:\dev\flip_svn.elmermx.ch\code\trunk\projectflip\projectflip.services.test\bin\debug\projectflip.services.test.dll" id="9f8b89bf-40a2-8d94-74ce-30418e6a0f3b">
      <Execution id="27736d6e-8842-449b-a248-b5b2360a6426" />
      <TestMethod codeBase="J:/dev/flip_svn.elmermx.ch/code/trunk/ProjectFlip/ProjectFlip.Services.Test/bin/Debug/ProjectFlip.Services.Test.DLL" adapterTypeName="Microsoft.VisualStudio.TestTools.TestTypes.Unit.UnitTestAdapter, Microsoft.VisualStudio.QualityTools.Tips.UnitTest.Adapter, Version=10.0.0.0, Culture=neutral, PublicKeyToken=b03f5f7f11d50a3a" className="ProjectFlip.Services.Test.ProjectNoteTest, ProjectFlip.Services.Test, Version=1.0.0.0, Culture=neutral, PublicKeyToken=null" name="ImageTest" />
    </UnitTest>
  </TestDefinitions>
  <TestLists>
    <TestList name="Results Not in a List" id="8c84fa94-04c1-424b-9868-57a2d4851a1d" />
    <TestList name="All Loaded Results" id="19431567-8539-422a-85d7-44ee4e166bda" />
  </TestLists>
  <TestEntries>
    <TestEntry testId="16a754d1-abe1-b7cb-6692-10287c0de9e8" executionId="14f02356-3a16-421d-9cdb-1b2c20ebfd4d" testListId="8c84fa94-04c1-424b-9868-57a2d4851a1d" />
    <TestEntry testId="44822a49-3d3a-3cd9-6a83-bfb87b866eb6" executionId="86e01bd2-4059-4ead-94b9-3aa16e0e0354" testListId="8c84fa94-04c1-424b-9868-57a2d4851a1d" />
    <TestEntry testId="66d8e483-98ef-7f5c-f82e-282eb285173f" executionId="8ad29f65-49e9-45a3-874d-8a6f145532eb" testListId="8c84fa94-04c1-424b-9868-57a2d4851a1d" />
    <TestEntry testId="96c1f950-7ba2-0f26-3c1e-e3d2807e5697" executionId="957841e5-5f42-4f1b-8bf6-b69197af7c73" testListId="8c84fa94-04c1-424b-9868-57a2d4851a1d" />
    <TestEntry testId="9f8b89bf-40a2-8d94-74ce-30418e6a0f3b" executionId="27736d6e-8842-449b-a248-b5b2360a6426" testListId="8c84fa94-04c1-424b-9868-57a2d4851a1d" />
    <TestEntry testId="bccb58cc-1cce-162f-54b4-53ddafd79ee2" executionId="8e3c0e6e-b022-44ac-9f3f-ca250b11fdc0" testListId="8c84fa94-04c1-424b-9868-57a2d4851a1d" />
    <TestEntry testId="ebb56ab5-42d5-71fc-9442-26dde5656280" executionId="a5caaec4-612d-4e94-93d3-45a7b539af30" testListId="8c84fa94-04c1-424b-9868-57a2d4851a1d" />
    <TestEntry testId="ed30b4e0-dba3-8e7f-0ab5-fcc96c1c7e5e" executionId="f8693233-8708-4e05-babb-11bd4ae84c6d" testListId="8c84fa94-04c1-424b-9868-57a2d4851a1d" />
  </TestEntries>
  <Results>
    <UnitTestResult executionId="14f02356-3a16-421d-9cdb-1b2c20ebfd4d" testId="16a754d1-abe1-b7cb-6692-10287c0de9e8" testName="LineTest" computerName="LUKESPC" duration="00:00:00.0202646" startTime="2011-10-30T23:02:58.0796581+01:00" endTime="2011-10-30T23:02:58.2646687+01:00" testType="13cdc9d9-ddb5-4fa4-a97d-d965ccfc6d4b" outcome="Passed" testListId="8c84fa94-04c1-424b-9868-57a2d4851a1d" relativeResultsDirectory="14f02356-3a16-421d-9cdb-1b2c20ebfd4d">
    </UnitTestResult>
    <UnitTestResult executionId="86e01bd2-4059-4ead-94b9-3aa16e0e0354" testId="44822a49-3d3a-3cd9-6a83-bfb87b866eb6" testName="NotifyTest" computerName="LUKESPC" duration="00:00:00.0157339" startTime="2011-10-30T23:02:58.2666688+01:00" endTime="2011-10-30T23:02:58.4596798+01:00" testType="13cdc9d9-ddb5-4fa4-a97d-d965ccfc6d4b" outcome="Passed" testListId="8c84fa94-04c1-424b-9868-57a2d4851a1d" relativeResultsDirectory="86e01bd2-4059-4ead-94b9-3aa16e0e0354">
    </UnitTestResult>
    <UnitTestResult executionId="8ad29f65-49e9-45a3-874d-8a6f145532eb" testId="66d8e483-98ef-7f5c-f82e-282eb285173f" testName="ImportTest" computerName="LUKESPC" duration="00:00:00.0148881" startTime="2011-10-30T23:02:58.4606799+01:00" endTime="2011-10-30T23:02:58.6406902+01:00" testType="13cdc9d9-ddb5-4fa4-a97d-d965ccfc6d4b" outcome="Passed" testListId="8c84fa94-04c1-424b-9868-57a2d4851a1d" relativeResultsDirectory="8ad29f65-49e9-45a3-874d-8a6f145532eb">
    </UnitTestResult>
    <UnitTestResult executionId="957841e5-5f42-4f1b-8bf6-b69197af7c73" testId="96c1f950-7ba2-0f26-3c1e-e3d2807e5697" testName="OverviewWindowViewModelProjectNotesTest" computerName="LUKESPC" duration="00:00:00.0003181" startTime="2011-10-30T23:02:58.6416902+01:00" endTime="2011-10-30T23:02:58.6456905+01:00" testType="13cdc9d9-ddb5-4fa4-a97d-d965ccfc6d4b" outcome="Passed" testListId="8c84fa94-04c1-424b-9868-57a2d4851a1d" relativeResultsDirectory="957841e5-5f42-4f1b-8bf6-b69197af7c73">
    </UnitTestResult>
    <UnitTestResult executionId="27736d6e-8842-449b-a248-b5b2360a6426" testId="9f8b89bf-40a2-8d94-74ce-30418e6a0f3b" testName="ImageTest" computerName="LUKESPC" duration="00:00:00.0043183" startTime="2011-10-30T23:02:58.6466905+01:00" endTime="2011-10-30T23:02:58.6536909+01:00" testType="13cdc9d9-ddb5-4fa4-a97d-d965ccfc6d4b" outcome="Passed" testListId="8c84fa94-04c1-424b-9868-57a2d4851a1d" relativeResultsDirectory="27736d6e-8842-449b-a248-b5b2360a6426">
    </UnitTestResult>
    <UnitTestResult executionId="8e3c0e6e-b022-44ac-9f3f-ca250b11fdc0" testId="bccb58cc-1cce-162f-54b4-53ddafd79ee2" testName="ConvertToListTest" computerName="LUKESPC" duration="00:00:00.0005349" startTime="2011-10-30T23:02:58.6546910+01:00" endTime="2011-10-30T23:02:58.6586912+01:00" testType="13cdc9d9-ddb5-4fa4-a97d-d965ccfc6d4b" outcome="Passed" testListId="8c84fa94-04c1-424b-9868-57a2d4851a1d" relativeResultsDirectory="8e3c0e6e-b022-44ac-9f3f-ca250b11fdc0">
    </UnitTestResult>
    <UnitTestResult executionId="a5caaec4-612d-4e94-93d3-45a7b539af30" testId="ebb56ab5-42d5-71fc-9442-26dde5656280" testName="OpenNewWindowTest1" computerName="LUKESPC" duration="00:00:00.0102556" startTime="2011-10-30T23:02:58.6596913+01:00" endTime="2011-10-30T23:02:58.6736921+01:00" testType="13cdc9d9-ddb5-4fa4-a97d-d965ccfc6d4b" outcome="Inconclusive" testListId="8c84fa94-04c1-424b-9868-57a2d4851a1d" relativeResultsDirectory="a5caaec4-612d-4e94-93d3-45a7b539af30">
      <Output>
        <ErrorInfo>
          <Message>Assert.Inconclusive failed. TODO: Fix this: new DetailWindow(vm); throws an exception; is it possible to create no new DetailWindow in this method?</Message>
          <StackTrace>   at ProjectFlip.UserInterface.Surface.Test.ProjectNoteViewModelTest.OpenNewWindowTest1() in J:\dev\flip_svn.elmermx.ch\code\trunk\ProjectFlip\ProjectFlip.UserInterface.Surface.Test\ProjectNoteViewModelTest.cs:line 80
</StackTrace>
        </ErrorInfo>
      </Output>
    </UnitTestResult>
    <UnitTestResult executionId="f8693233-8708-4e05-babb-11bd4ae84c6d" testId="ed30b4e0-dba3-8e7f-0ab5-fcc96c1c7e5e" testName="DocumentTest" computerName="LUKESPC" duration="00:00:00.2541915" startTime="2011-10-30T23:02:58.6746921+01:00" endTime="2011-10-30T23:02:58.9327069+01:00" testType="13cdc9d9-ddb5-4fa4-a97d-d965ccfc6d4b" outcome="Passed" testListId="8c84fa94-04c1-424b-9868-57a2d4851a1d" relativeResultsDirectory="f8693233-8708-4e05-babb-11bd4ae84c6d">
    </UnitTestResult>
  </Results>
</TestRun>