<?xml version="1.0" encoding="UTF-8"?>
<TestRun id="4b7380d7-89af-4541-b328-1fd573e20a94" name="Lukas Elmer@LUKESPC 2011-10-30 23:37:50" runUser="lukespc\Lukas Elmer" xmlns="http://microsoft.com/schemas/VisualStudio/TeamTest/2010">
  <TestSettings name="Local" id="ecb0bfb1-6f24-4efe-acbf-86949a26cdb9">
    <Description>These are default test settings for a local test run.</Description>
    <Deployment enabled="false" runDeploymentRoot="Lukas Elmer_LUKESPC 2011-10-30 23_37_50">
      <DeploymentItem filename="J:\dev\flip_svn.elmermx.ch\code\trunk\ProjectFlip\ProjectFlip.Services.Interfaces\bin\Debug\ProjectFlip.Services.Interfaces.dll" />
      <DeploymentItem filename="J:\dev\flip_svn.elmermx.ch\code\trunk\ProjectFlip\Libraries\Unity\Microsoft.Practices.Unity.dll" />
      <DeploymentItem filename="J:\dev\flip_svn.elmermx.ch\code\trunk\ProjectFlip\ProjectFlip.UserInterface.Surface\bin\Debug\ProjectFlip.UserInterface.Surface.dll" />
      <DeploymentItem filename="J:\dev\flip_svn.elmermx.ch\code\trunk\ProjectFlip\ProjectFlip.Services\bin\Debug\ProjectFlip.Services.dll" />
      <DeploymentItem filename="J:\dev\flip_svn.elmermx.ch\code\trunk\ProjectFlip\ProjectFlip.Services.Loader.Interfaces\bin\Debug\ProjectFlip.Services.Loader.Interfaces.dll" />
      <DeploymentItem filename="J:\dev\flip_svn.elmermx.ch\code\trunk\ProjectFlip\PDFConverter\bin\Debug\ProjectFlip.Converter.Pdf.exe" />
      <DeploymentItem filename="J:\dev\flip_svn.elmermx.ch\code\trunk\ProjectFlip\ProjectFlip.UserInterface\bin\Debug\ProjectFlip.UserInterface.dll" />
      <DeploymentItem filename="J:\dev\flip_svn.elmermx.ch\code\trunk\ProjectFlip\ProjectFlip.PdfConverter.Interfaces\bin\Debug\ProjectFlip.Converter.Interfaces.dll" />
      <DeploymentItem filename="J:\dev\flip_svn.elmermx.ch\code\trunk\ProjectFlip\ProjectFlip.Importer\bin\Debug\ProjectFlip.Services.Loader.exe" />
      <DeploymentItem filename="J:\dev\flip_svn.elmermx.ch\code\trunk\ProjectFlip\ProjectFlip.Preparer\bin\Debug\ProjectFlip.Preparer.exe" />
    </Deployment>
    <Execution>
      <TestTypeSpecific />
      <AgentRule name="Execution Agents">
      </AgentRule>
    </Execution>
  </TestSettings>
  <Times creation="2011-10-30T23:37:50.7643528+01:00" queuing="2011-10-30T23:37:50.7753534+01:00" start="2011-10-30T23:37:50.7833539+01:00" finish="2011-10-30T23:37:52.4744506+01:00" />
  <ResultSummary outcome="Failed">
    <Counters total="9" executed="9" passed="7" error="0" failed="1" timeout="0" aborted="0" inconclusive="1" passedButRunAborted="0" notRunnable="0" notExecuted="0" disconnected="0" warning="0" completed="0" inProgress="0" pending="0" />
    <RunInfos>
      <RunInfo computerName="LUKESPC" outcome="Warning" timestamp="2011-10-30T23:37:50.7753534+01:00">
        <Text>Deployment is currently disabled. The deployment item 'ProjectFlip.UserInterface.Surface.dll' on test 'ProjectFlip.UserInterface.Surface.Test.ProjectNoteViewModelTest.OpenNewWindowTest1' was not deployed.</Text>
      </RunInfo>
      <RunInfo computerName="LUKESPC" outcome="Warning" timestamp="2011-10-30T23:37:50.7753534+01:00">
        <Text>Deployment is currently disabled. The deployment item 'ProjectFlip.Preparer.exe' on test 'ProjectFlip.Preparer.Test.ImageExtractorProcessorTest.ExtractImageTest' was not deployed.</Text>
      </RunInfo>
    </RunInfos>
  </ResultSummary>
  <TestDefinitions>
    <UnitTest name="OpenNewWindowTest1" storage="j:\dev\flip_svn.elmermx.ch\code\trunk\projectflip\projectflip.userinterface.surface.test\bin\debug\projectflip.userinterface.surface.test.dll" id="ebb56ab5-42d5-71fc-9442-26dde5656280">
      <DeploymentItems>
        <DeploymentItem filename="ProjectFlip.UserInterface.Surface.dll" />
      </DeploymentItems>
      <Execution id="eb286cf1-54ba-4e16-990e-fd478232787b" />
      <TestMethod codeBase="J:/dev/flip_svn.elmermx.ch/code/trunk/ProjectFlip/ProjectFlip.UserInterface.Surface.Test/bin/Debug/ProjectFlip.UserInterface.Surface.Test.DLL" adapterTypeName="Microsoft.VisualStudio.TestTools.TestTypes.Unit.UnitTestAdapter, Microsoft.VisualStudio.QualityTools.Tips.UnitTest.Adapter, Version=10.0.0.0, Culture=neutral, PublicKeyToken=b03f5f7f11d50a3a" className="ProjectFlip.UserInterface.Surface.Test.ProjectNoteViewModelTest, ProjectFlip.UserInterface.Surface.Test, Version=1.0.0.0, Culture=neutral, PublicKeyToken=null" name="OpenNewWindowTest1" />
    </UnitTest>
    <UnitTest name="DocumentTest" storage="j:\dev\flip_svn.elmermx.ch\code\trunk\projectflip\projectflip.services.test\bin\debug\projectflip.services.test.dll" id="ed30b4e0-dba3-8e7f-0ab5-fcc96c1c7e5e">
      <Execution id="0d392fe8-2acd-43c9-9b71-d5e87c4fdc93" />
      <TestMethod codeBase="J:/dev/flip_svn.elmermx.ch/code/trunk/ProjectFlip/ProjectFlip.Services.Test/bin/Debug/ProjectFlip.Services.Test.DLL" adapterTypeName="Microsoft.VisualStudio.TestTools.TestTypes.Unit.UnitTestAdapter, Microsoft.VisualStudio.QualityTools.Tips.UnitTest.Adapter, Version=10.0.0.0, Culture=neutral, PublicKeyToken=b03f5f7f11d50a3a" className="ProjectFlip.Services.Test.ProjectNoteTest, ProjectFlip.Services.Test, Version=1.0.0.0, Culture=neutral, PublicKeyToken=null" name="DocumentTest" />
    </UnitTest>
    <UnitTest name="ConvertToListTest" storage="j:\dev\flip_svn.elmermx.ch\code\trunk\projectflip\projectflip.services.test\bin\debug\projectflip.services.test.dll" id="bccb58cc-1cce-162f-54b4-53ddafd79ee2">
      <DeploymentItems>
        <DeploymentItem filename="ProjectFlip.Services.dll" />
      </DeploymentItems>
      <Execution id="58b12bcc-7bf6-4528-980d-bff2c8f39b95" />
      <TestMethod codeBase="J:/dev/flip_svn.elmermx.ch/code/trunk/ProjectFlip/ProjectFlip.Services.Test/bin/Debug/ProjectFlip.Services.Test.DLL" adapterTypeName="Microsoft.VisualStudio.TestTools.TestTypes.Unit.UnitTestAdapter, Microsoft.VisualStudio.QualityTools.Tips.UnitTest.Adapter, Version=10.0.0.0, Culture=neutral, PublicKeyToken=b03f5f7f11d50a3a" className="ProjectFlip.Services.Test.ProjectNoteTest, ProjectFlip.Services.Test, Version=1.0.0.0, Culture=neutral, PublicKeyToken=null" name="ConvertToListTest" />
    </UnitTest>
    <UnitTest name="ImportTest" storage="j:\dev\flip_svn.elmermx.ch\code\trunk\projectflip\projectflip.services.loader.test\bin\debug\projectflip.services.loader.test.dll" id="66d8e483-98ef-7f5c-f82e-282eb285173f">
      <Execution id="9c385524-30ad-45a0-a601-c0f3ca3582aa" />
      <TestMethod codeBase="J:/dev/flip_svn.elmermx.ch/code/trunk/ProjectFlip/ProjectFlip.Services.Loader.Test/bin/Debug/ProjectFlip.Services.Loader.Test.DLL" adapterTypeName="Microsoft.VisualStudio.TestTools.TestTypes.Unit.UnitTestAdapter, Microsoft.VisualStudio.QualityTools.Tips.UnitTest.Adapter, Version=10.0.0.0, Culture=neutral, PublicKeyToken=b03f5f7f11d50a3a" className="ProjectFlip.Services.Loader.Test.ProjectNotesLoaderTest, ProjectFlip.Services.Loader.Test, Version=1.0.0.0, Culture=neutral, PublicKeyToken=null" name="ImportTest" />
    </UnitTest>
    <UnitTest name="NotifyTest" storage="j:\dev\flip_svn.elmermx.ch\code\trunk\projectflip\projectflip.userinterface.surface.test\bin\debug\projectflip.userinterface.surface.test.dll" id="44822a49-3d3a-3cd9-6a83-bfb87b866eb6">
      <DeploymentItems>
        <DeploymentItem filename="ProjectFlip.UserInterface.Surface.dll" />
      </DeploymentItems>
      <Execution id="1d4e7e8a-c703-45cc-9fd8-5255b01c5b82" />
      <TestMethod codeBase="J:/dev/flip_svn.elmermx.ch/code/trunk/ProjectFlip/ProjectFlip.UserInterface.Surface.Test/bin/Debug/ProjectFlip.UserInterface.Surface.Test.DLL" adapterTypeName="Microsoft.VisualStudio.TestTools.TestTypes.Unit.UnitTestAdapter, Microsoft.VisualStudio.QualityTools.Tips.UnitTest.Adapter, Version=10.0.0.0, Culture=neutral, PublicKeyToken=b03f5f7f11d50a3a" className="ProjectFlip.UserInterface.Surface.Test.ViewModelBaseTest, ProjectFlip.UserInterface.Surface.Test, Version=1.0.0.0, Culture=neutral, PublicKeyToken=null" name="NotifyTest" />
    </UnitTest>
    <UnitTest name="LineTest" storage="j:\dev\flip_svn.elmermx.ch\code\trunk\projectflip\projectflip.services.test\bin\debug\projectflip.services.test.dll" id="16a754d1-abe1-b7cb-6692-10287c0de9e8">
      <Execution id="606401e1-8551-4b26-ac02-bb14fe9f358b" />
      <TestMethod codeBase="J:/dev/flip_svn.elmermx.ch/code/trunk/ProjectFlip/ProjectFlip.Services.Test/bin/Debug/ProjectFlip.Services.Test.DLL" adapterTypeName="Microsoft.VisualStudio.TestTools.TestTypes.Unit.UnitTestAdapter, Microsoft.VisualStudio.QualityTools.Tips.UnitTest.Adapter, Version=10.0.0.0, Culture=neutral, PublicKeyToken=b03f5f7f11d50a3a" className="ProjectFlip.Services.Test.ProjectNoteTest, ProjectFlip.Services.Test, Version=1.0.0.0, Culture=neutral, PublicKeyToken=null" name="LineTest" />
    </UnitTest>
    <UnitTest name="OverviewWindowViewModelProjectNotesTest" storage="j:\dev\flip_svn.elmermx.ch\code\trunk\projectflip\projectflip.userinterface.surface.test\bin\debug\projectflip.userinterface.surface.test.dll" id="96c1f950-7ba2-0f26-3c1e-e3d2807e5697">
      <Execution id="b939a4ac-0ff1-4224-ab2c-c82608ba872c" />
      <TestMethod codeBase="J:/dev/flip_svn.elmermx.ch/code/trunk/ProjectFlip/ProjectFlip.UserInterface.Surface.Test/bin/Debug/ProjectFlip.UserInterface.Surface.Test.DLL" adapterTypeName="Microsoft.VisualStudio.TestTools.TestTypes.Unit.UnitTestAdapter, Microsoft.VisualStudio.QualityTools.Tips.UnitTest.Adapter, Version=10.0.0.0, Culture=neutral, PublicKeyToken=b03f5f7f11d50a3a" className="ProjectFlip.UserInterface.Surface.Test.OverviewWindowViewModelTest, ProjectFlip.UserInterface.Surface.Test, Version=1.0.0.0, Culture=neutral, PublicKeyToken=null" name="OverviewWindowViewModelProjectNotesTest" />
    </UnitTest>
    <UnitTest name="ExtractImageTest" storage="j:\dev\flip_svn.elmermx.ch\code\trunk\projectflip\projectflip.preparer.test\bin\debug\projectflip.preparer.test.dll" id="a04b1365-3a46-4a28-167b-1bc7531188c1">
      <DeploymentItems>
        <DeploymentItem filename="ProjectFlip.Preparer.exe" />
      </DeploymentItems>
      <Execution id="c258b075-6cca-4937-85e7-363452ff8a6c" />
      <TestMethod codeBase="J:/dev/flip_svn.elmermx.ch/code/trunk/ProjectFlip/ProjectFlip.Preparer.Test/bin/Debug/ProjectFlip.Preparer.Test.DLL" adapterTypeName="Microsoft.VisualStudio.TestTools.TestTypes.Unit.UnitTestAdapter, Microsoft.VisualStudio.QualityTools.Tips.UnitTest.Adapter, Version=10.0.0.0, Culture=neutral, PublicKeyToken=b03f5f7f11d50a3a" className="ProjectFlip.Preparer.Test.ImageExtractorProcessorTest, ProjectFlip.Preparer.Test, Version=1.0.0.0, Culture=neutral, PublicKeyToken=null" name="ExtractImageTest" />
    </UnitTest>
    <UnitTest name="ImageTest" storage="j:\dev\flip_svn.elmermx.ch\code\trunk\projectflip\projectflip.services.test\bin\debug\projectflip.services.test.dll" id="9f8b89bf-40a2-8d94-74ce-30418e6a0f3b">
      <Execution id="511e0628-008c-46ed-80e7-36425ae80d70" />
      <TestMethod codeBase="J:/dev/flip_svn.elmermx.ch/code/trunk/ProjectFlip/ProjectFlip.Services.Test/bin/Debug/ProjectFlip.Services.Test.DLL" adapterTypeName="Microsoft.VisualStudio.TestTools.TestTypes.Unit.UnitTestAdapter, Microsoft.VisualStudio.QualityTools.Tips.UnitTest.Adapter, Version=10.0.0.0, Culture=neutral, PublicKeyToken=b03f5f7f11d50a3a" className="ProjectFlip.Services.Test.ProjectNoteTest, ProjectFlip.Services.Test, Version=1.0.0.0, Culture=neutral, PublicKeyToken=null" name="ImageTest" />
    </UnitTest>
  </TestDefinitions>
  <TestLists>
    <TestList name="Results Not in a List" id="8c84fa94-04c1-424b-9868-57a2d4851a1d" />
    <TestList name="All Loaded Results" id="19431567-8539-422a-85d7-44ee4e166bda" />
  </TestLists>
  <TestEntries>
    <TestEntry testId="16a754d1-abe1-b7cb-6692-10287c0de9e8" executionId="606401e1-8551-4b26-ac02-bb14fe9f358b" testListId="8c84fa94-04c1-424b-9868-57a2d4851a1d" />
    <TestEntry testId="44822a49-3d3a-3cd9-6a83-bfb87b866eb6" executionId="1d4e7e8a-c703-45cc-9fd8-5255b01c5b82" testListId="8c84fa94-04c1-424b-9868-57a2d4851a1d" />
    <TestEntry testId="66d8e483-98ef-7f5c-f82e-282eb285173f" executionId="9c385524-30ad-45a0-a601-c0f3ca3582aa" testListId="8c84fa94-04c1-424b-9868-57a2d4851a1d" />
    <TestEntry testId="96c1f950-7ba2-0f26-3c1e-e3d2807e5697" executionId="b939a4ac-0ff1-4224-ab2c-c82608ba872c" testListId="8c84fa94-04c1-424b-9868-57a2d4851a1d" />
    <TestEntry testId="9f8b89bf-40a2-8d94-74ce-30418e6a0f3b" executionId="511e0628-008c-46ed-80e7-36425ae80d70" testListId="8c84fa94-04c1-424b-9868-57a2d4851a1d" />
    <TestEntry testId="a04b1365-3a46-4a28-167b-1bc7531188c1" executionId="c258b075-6cca-4937-85e7-363452ff8a6c" testListId="8c84fa94-04c1-424b-9868-57a2d4851a1d" />
    <TestEntry testId="bccb58cc-1cce-162f-54b4-53ddafd79ee2" executionId="58b12bcc-7bf6-4528-980d-bff2c8f39b95" testListId="8c84fa94-04c1-424b-9868-57a2d4851a1d" />
    <TestEntry testId="ebb56ab5-42d5-71fc-9442-26dde5656280" executionId="eb286cf1-54ba-4e16-990e-fd478232787b" testListId="8c84fa94-04c1-424b-9868-57a2d4851a1d" />
    <TestEntry testId="ed30b4e0-dba3-8e7f-0ab5-fcc96c1c7e5e" executionId="0d392fe8-2acd-43c9-9b71-d5e87c4fdc93" testListId="8c84fa94-04c1-424b-9868-57a2d4851a1d" />
  </TestEntries>
  <Results>
    <UnitTestResult executionId="606401e1-8551-4b26-ac02-bb14fe9f358b" testId="16a754d1-abe1-b7cb-6692-10287c0de9e8" testName="LineTest" computerName="LUKESPC" duration="00:00:00.0201661" startTime="2011-10-30T23:37:50.7853540+01:00" endTime="2011-10-30T23:37:50.9713647+01:00" testType="13cdc9d9-ddb5-4fa4-a97d-d965ccfc6d4b" outcome="Passed" testListId="8c84fa94-04c1-424b-9868-57a2d4851a1d" relativeResultsDirectory="606401e1-8551-4b26-ac02-bb14fe9f358b">
    </UnitTestResult>
    <UnitTestResult executionId="1d4e7e8a-c703-45cc-9fd8-5255b01c5b82" testId="44822a49-3d3a-3cd9-6a83-bfb87b866eb6" testName="NotifyTest" computerName="LUKESPC" duration="00:00:00.0157562" startTime="2011-10-30T23:37:50.9733648+01:00" endTime="2011-10-30T23:37:51.1583754+01:00" testType="13cdc9d9-ddb5-4fa4-a97d-d965ccfc6d4b" outcome="Passed" testListId="8c84fa94-04c1-424b-9868-57a2d4851a1d" relativeResultsDirectory="1d4e7e8a-c703-45cc-9fd8-5255b01c5b82">
    </UnitTestResult>
    <UnitTestResult executionId="9c385524-30ad-45a0-a601-c0f3ca3582aa" testId="66d8e483-98ef-7f5c-f82e-282eb285173f" testName="ImportTest" computerName="LUKESPC" duration="00:00:00.0148710" startTime="2011-10-30T23:37:51.1593754+01:00" endTime="2011-10-30T23:37:51.3383856+01:00" testType="13cdc9d9-ddb5-4fa4-a97d-d965ccfc6d4b" outcome="Passed" testListId="8c84fa94-04c1-424b-9868-57a2d4851a1d" relativeResultsDirectory="9c385524-30ad-45a0-a601-c0f3ca3582aa">
    </UnitTestResult>
    <UnitTestResult executionId="b939a4ac-0ff1-4224-ab2c-c82608ba872c" testId="96c1f950-7ba2-0f26-3c1e-e3d2807e5697" testName="OverviewWindowViewModelProjectNotesTest" computerName="LUKESPC" duration="00:00:00.0003159" startTime="2011-10-30T23:37:51.3403858+01:00" endTime="2011-10-30T23:37:51.3433859+01:00" testType="13cdc9d9-ddb5-4fa4-a97d-d965ccfc6d4b" outcome="Passed" testListId="8c84fa94-04c1-424b-9868-57a2d4851a1d" relativeResultsDirectory="b939a4ac-0ff1-4224-ab2c-c82608ba872c">
    </UnitTestResult>
    <UnitTestResult executionId="511e0628-008c-46ed-80e7-36425ae80d70" testId="9f8b89bf-40a2-8d94-74ce-30418e6a0f3b" testName="ImageTest" computerName="LUKESPC" duration="00:00:00.0042873" startTime="2011-10-30T23:37:51.3453861+01:00" endTime="2011-10-30T23:37:51.3523865+01:00" testType="13cdc9d9-ddb5-4fa4-a97d-d965ccfc6d4b" outcome="Passed" testListId="8c84fa94-04c1-424b-9868-57a2d4851a1d" relativeResultsDirectory="511e0628-008c-46ed-80e7-36425ae80d70">
    </UnitTestResult>
    <UnitTestResult executionId="c258b075-6cca-4937-85e7-363452ff8a6c" testId="a04b1365-3a46-4a28-167b-1bc7531188c1" testName="ExtractImageTest" computerName="LUKESPC" duration="00:00:00.5800686" startTime="2011-10-30T23:37:51.3533865+01:00" endTime="2011-10-30T23:37:52.0954290+01:00" testType="13cdc9d9-ddb5-4fa4-a97d-d965ccfc6d4b" outcome="Failed" testListId="8c84fa94-04c1-424b-9868-57a2d4851a1d" relativeResultsDirectory="c258b075-6cca-4937-85e7-363452ff8a6c">
      <Output>
        <ErrorInfo>
          <Message>Assert.AreEqual failed. Expected:&lt;System.Byte[]&gt;. Actual:&lt;System.Byte[]&gt;. </Message>
          <StackTrace>   at ProjectFlip.Preparer.Test.ImageExtractorProcessorTest.ExtractImageTest() in J:\dev\flip_svn.elmermx.ch\code\trunk\ProjectFlip\ProjectFlip.Preparer.Test\ImageExtractorProcessorTest.cs:line 84
</StackTrace>
        </ErrorInfo>
      </Output>
    </UnitTestResult>
    <UnitTestResult executionId="58b12bcc-7bf6-4528-980d-bff2c8f39b95" testId="bccb58cc-1cce-162f-54b4-53ddafd79ee2" testName="ConvertToListTest" computerName="LUKESPC" duration="00:00:00.0005626" startTime="2011-10-30T23:37:52.0964290+01:00" endTime="2011-10-30T23:37:52.1004292+01:00" testType="13cdc9d9-ddb5-4fa4-a97d-d965ccfc6d4b" outcome="Passed" testListId="8c84fa94-04c1-424b-9868-57a2d4851a1d" relativeResultsDirectory="58b12bcc-7bf6-4528-980d-bff2c8f39b95">
    </UnitTestResult>
    <UnitTestResult executionId="eb286cf1-54ba-4e16-990e-fd478232787b" testId="ebb56ab5-42d5-71fc-9442-26dde5656280" testName="OpenNewWindowTest1" computerName="LUKESPC" duration="00:00:00.0102673" startTime="2011-10-30T23:37:52.1024294+01:00" endTime="2011-10-30T23:37:52.1164302+01:00" testType="13cdc9d9-ddb5-4fa4-a97d-d965ccfc6d4b" outcome="Inconclusive" testListId="8c84fa94-04c1-424b-9868-57a2d4851a1d" relativeResultsDirectory="eb286cf1-54ba-4e16-990e-fd478232787b">
      <Output>
        <ErrorInfo>
          <Message>Assert.Inconclusive failed. TODO: Fix this: new DetailWindow(vm); throws an exception; is it possible to create no new DetailWindow in this method?</Message>
          <StackTrace>   at ProjectFlip.UserInterface.Surface.Test.ProjectNoteViewModelTest.OpenNewWindowTest1() in J:\dev\flip_svn.elmermx.ch\code\trunk\ProjectFlip\ProjectFlip.UserInterface.Surface.Test\ProjectNoteViewModelTest.cs:line 80
</StackTrace>
        </ErrorInfo>
      </Output>
    </UnitTestResult>
    <UnitTestResult executionId="0d392fe8-2acd-43c9-9b71-d5e87c4fdc93" testId="ed30b4e0-dba3-8e7f-0ab5-fcc96c1c7e5e" testName="DocumentTest" computerName="LUKESPC" duration="00:00:00.2456705" startTime="2011-10-30T23:37:52.1174302+01:00" endTime="2011-10-30T23:37:52.3664445+01:00" testType="13cdc9d9-ddb5-4fa4-a97d-d965ccfc6d4b" outcome="Passed" testListId="8c84fa94-04c1-424b-9868-57a2d4851a1d" relativeResultsDirectory="0d392fe8-2acd-43c9-9b71-d5e87c4fdc93">
    </UnitTestResult>
  </Results>
</TestRun>